<INFO 77380d89a2c0> STARTUP
<INFO 77380d89a2c0> CORE::GRAPH soc-LiveJournal1-sym
<INFO 77380d89a2c0> CORE::ALGORITHM cc
<INFO 77380d89a2c0> SG-DRIVER-ORIGINAL
<WARNING 77380d89a2c0> Disk count not specified, assuming it to be 1
<INFO 77380d89a2c0> CORE::CONFIG::PROCESSORS 16
<INFO 77380d89a2c0> CORE::CONFIG::PHYSICAL_MEMORY 8589934592
<INFO 77380d89a2c0> CORE::CONFIG::VERTICES 4847571
<INFO 77380d89a2c0> CORE::CONFIG::VERTEX_SIZE 13
<INFO 77380d89a2c0> CORE::CONFIG::VERTEX_BUFFER 63021056
<INFO 77380d89a2c0> CORE::CONFIG::EDGES 137469164
<INFO 77380d89a2c0> CORE::CONFIG::PARTITIONS 128
<INFO 77380d89a2c0> CORE::CONFIG::FANOUT 128
<INFO 77380d89a2c0> CORE::CONFIG::SUPER_PARTITIONS 1
<INFO 77380d89a2c0> CORE::CONFIG::STREAM_UNIT 16777216
<INFO 77380d89a2c0> CORE::CONFIG::BUFFER_SIZE 1702020812
<INFO 77380d89a2c0> CORE::CONFIG::IO_NUMIOQS 1
<INFO 77380d89a2c0> CORE::CONFIG::MAX_BUFFERS 4
<INFO 77380d89a2c0> CORE::CONFIG::MAX_STREAMS 5
<WARNING 77380d89a2c0> No mount point specified for disk0, falling back to current directory
my size is 1649629968
<INFO 77380d89a2c0> ALGORITHM::CC::CC_COUNT 1876
<INFO 77380d89a2c0> CORE::PARTITIONS_PROCESSED 76
<INFO 77380d89a2c0> CORE::BYTES::EDGES_STREAMED 1118504652
<INFO 77380d89a2c0> CORE::BYTES::UPDATES_OUT 318222760
<INFO 77380d89a2c0> CORE::BYTES::UPDATES_IN 316184040
<INFO 7736081fa6c0> CORE::PARTITIONS_PROCESSED 91
<INFO 77360a1fe6c0> CORE::PARTITIONS_PROCESSED 65
<INFO 77360a1fe6c0> CORE::BYTES::EDGES_STREAMED 1121761932
<INFO 77360ca036c0> CORE::PARTITIONS_PROCESSED 67
<INFO 7736089fb6c0> CORE::PARTITIONS_PROCESSED 47
<INFO 77360b2006c0> CORE::PARTITIONS_PROCESSED 78
<INFO 7736091fc6c0> CORE::PARTITIONS_PROCESSED 82
<INFO 7736091fc6c0> CORE::BYTES::EDGES_STREAMED 1118479932
<INFO 7736091fc6c0> CORE::BYTES::UPDATES_OUT 318434280
<INFO 77360a1fe6c0> CORE::BYTES::UPDATES_OUT 319040528
<INFO 77360ca036c0> CORE::BYTES::EDGES_STREAMED 1107860352
<INFO 7736089fb6c0> CORE::BYTES::EDGES_STREAMED 1127804244
<INFO 77360ba016c0> CORE::PARTITIONS_PROCESSED 82
<INFO 7736089fb6c0> CORE::BYTES::UPDATES_OUT 320530768
<INFO 77360ca036c0> CORE::BYTES::UPDATES_OUT 318701464
<INFO 7736081fa6c0> CORE::BYTES::EDGES_STREAMED 1134645384
<INFO 77360ca036c0> CORE::BYTES::UPDATES_IN 317853784
<INFO 7736061f66c0> CORE::PARTITIONS_PROCESSED 105
<INFO 7736091fc6c0> CORE::BYTES::UPDATES_IN 316264856
<INFO 77360a1fe6c0> CORE::BYTES::UPDATES_IN 318278152
<INFO 7736089fb6c0> CORE::BYTES::UPDATES_IN 319048608
<INFO 77360ba016c0> CORE::BYTES::EDGES_STREAMED 1123885236
<INFO 7736061f66c0> CORE::BYTES::EDGES_STREAMED 1116675972
<INFO 7736061f66c0> CORE::BYTES::UPDATES_OUT 317779480
<INFO 7736081fa6c0> CORE::BYTES::UPDATES_OUT 319142224
<INFO 7736081fa6c0> CORE::BYTES::UPDATES_IN 317909496
<INFO 7736061f66c0> CORE::BYTES::UPDATES_IN 318469512
<INFO 77360a9ff6c0> CORE::PARTITIONS_PROCESSED 95
<INFO 77360a9ff6c0> CORE::BYTES::EDGES_STREAMED 1111436328
<INFO 77360a9ff6c0> CORE::BYTES::UPDATES_OUT 319755272
<INFO 77360a9ff6c0> CORE::BYTES::UPDATES_IN 312560648
<INFO 77360ba016c0> CORE::BYTES::UPDATES_OUT 319751944
<INFO 77360b2006c0> CORE::BYTES::EDGES_STREAMED 1124697672
<INFO 77360b2006c0> CORE::BYTES::UPDATES_OUT 319941896
<INFO 77360ba016c0> CORE::BYTES::UPDATES_IN 317603352
<INFO 7736099fd6c0> CORE::PARTITIONS_PROCESSED 125
<INFO 77360b2006c0> CORE::BYTES::UPDATES_IN 318664864
<INFO 7736099fd6c0> CORE::BYTES::EDGES_STREAMED 1124993940
<INFO 7736099fd6c0> CORE::BYTES::UPDATES_OUT 320025272
<INFO 7736099fd6c0> CORE::BYTES::UPDATES_IN 330354752
<INFO 7736059f56c0> CORE::PARTITIONS_PROCESSED 93
<INFO 7736059f56c0> CORE::BYTES::EDGES_STREAMED 1119696744
<INFO 7736059f56c0> CORE::BYTES::UPDATES_OUT 318659144
<INFO 7736059f56c0> CORE::BYTES::UPDATES_IN 320577696
<INFO 7736071f86c0> CORE::PARTITIONS_PROCESSED 92
<INFO 7736071f86c0> CORE::BYTES::EDGES_STREAMED 1113415668
<INFO 7736079f96c0> CORE::PARTITIONS_PROCESSED 84
<INFO 7736069f76c0> CORE::PARTITIONS_PROCESSED 109
<INFO 7736071f86c0> CORE::BYTES::UPDATES_OUT 317033728
<INFO 77360c2026c0> CORE::PARTITIONS_PROCESSED 92
<INFO 7736079f96c0> CORE::BYTES::EDGES_STREAMED 1120033548
<INFO 7736079f96c0> CORE::BYTES::UPDATES_OUT 318653136
<INFO 7736079f96c0> CORE::BYTES::UPDATES_IN 319923048
<INFO 7736071f86c0> CORE::BYTES::UPDATES_IN 318903248
<INFO 7736069f76c0> CORE::BYTES::EDGES_STREAMED 1123826988
<INFO 77360c2026c0> CORE::BYTES::EDGES_STREAMED 1119618384
<INFO 7736069f76c0> CORE::BYTES::UPDATES_OUT 319757864
<INFO 77360c2026c0> CORE::BYTES::UPDATES_OUT 318512776
<INFO 77360c2026c0> CORE::BYTES::UPDATES_IN 320615096
<INFO 7736069f76c0> CORE::BYTES::UPDATES_IN 320731384
<INFO 77380d89a2c0> CORE::RUSAGE::MAX_RSS_KB 8394324
<INFO 77380d89a2c0> CORE::RUSAGE::MINFLT 2097533
<INFO 77380d89a2c0> CORE::RUSAGE::MAJFLT 8
<INFO 77380d89a2c0> CORE::RUSAGE::MAJFLT 8
<INFO 77380d89a2c0> CORE::RUSAGE::INBLK 3222128
<INFO 77380d89a2c0> CORE::RUSAGE::OUBLK 123104
<INFO 77380d89a2c0> CORE::UTILS::BYTES_READ 1649631232
<INFO 77380d89a2c0> CORE::UTILS::BYTES_WRITTEN 63021056
<INFO 77380d89a2c0> CORE::TIME::IO_WAIT 5.44548 seconds
<INFO 77380d89a2c0> CORE::PHASES 13
<INFO 77380d89a2c0> CORE::TIME::SETUP 3.47021 seconds
<INFO 77380d89a2c0> CORE::TIME::STATE_ITER 0.017992 seconds
<INFO 77380d89a2c0> CORE::TIME::GATHER 1.56239 seconds
<INFO 77380d89a2c0> CORE::TIME::SCATTER 7.41301 seconds
<INFO 77380d89a2c0> TIME_IN_PC_FN 1.48493 seconds
<INFO 77380d89a2c0> CORE::TIME::WALL 12.8518 seconds
<INFO 77380d89a2c0> SHUTDOWN
