<INFO 7d14474c62c0> STARTUP
<INFO 7d14474c62c0> CORE::GRAPH soc-LiveJournal1-sym
<INFO 7d14474c62c0> CORE::ALGORITHM cc
<INFO 7d14474c62c0> SG-DRIVER-ORIGINAL
<WARNING 7d14474c62c0> Disk count not specified, assuming it to be 1
<INFO 7d14474c62c0> CORE::CONFIG::PROCESSORS 8
<INFO 7d14474c62c0> CORE::CONFIG::PHYSICAL_MEMORY 8589934592
<INFO 7d14474c62c0> CORE::CONFIG::VERTICES 4847571
<INFO 7d14474c62c0> CORE::CONFIG::VERTEX_SIZE 13
<INFO 7d14474c62c0> CORE::CONFIG::VERTEX_BUFFER 63021056
<INFO 7d14474c62c0> CORE::CONFIG::EDGES 137469164
<INFO 7d14474c62c0> CORE::CONFIG::PARTITIONS 128
<INFO 7d14474c62c0> CORE::CONFIG::FANOUT 128
<INFO 7d14474c62c0> CORE::CONFIG::SUPER_PARTITIONS 1
<INFO 7d14474c62c0> CORE::CONFIG::STREAM_UNIT 16777216
<INFO 7d14474c62c0> CORE::CONFIG::BUFFER_SIZE 1702020928
<INFO 7d14474c62c0> CORE::CONFIG::IO_NUMIOQS 1
<INFO 7d14474c62c0> CORE::CONFIG::MAX_BUFFERS 4
<INFO 7d14474c62c0> CORE::CONFIG::MAX_STREAMS 5
<WARNING 7d14474c62c0> No mount point specified for disk0, falling back to current directory
my size is 1649629968
<INFO 7d14474c62c0> ALGORITHM::CC::CC_COUNT 1876
<INFO 7d14474c62c0> CORE::PARTITIONS_PROCESSED 166
<INFO 7d14474c62c0> CORE::BYTES::EDGES_STREAMED 2249718936
<INFO 7d14474c62c0> CORE::BYTES::UPDATES_OUT 636657072
<INFO 7d14474c62c0> CORE::BYTES::UPDATES_IN 636545488
<INFO 7d12456016c0> CORE::PARTITIONS_PROCESSED 175
<INFO 7d1243dfe6c0> CORE::PARTITIONS_PROCESSED 173
<INFO 7d12435fd6c0> CORE::PARTITIONS_PROCESSED 173
<INFO 7d1243dfe6c0> CORE::BYTES::EDGES_STREAMED 2237907468
<INFO 7d1245e026c0> CORE::PARTITIONS_PROCESSED 174
<INFO 7d12466036c0> CORE::PARTITIONS_PROCESSED 175
<INFO 7d1245e026c0> CORE::BYTES::EDGES_STREAMED 2228490876
<INFO 7d12445ff6c0> CORE::PARTITIONS_PROCESSED 173
<INFO 7d1244e006c0> CORE::PARTITIONS_PROCESSED 174
<INFO 7d1243dfe6c0> CORE::BYTES::UPDATES_OUT 636820152
<INFO 7d1243dfe6c0> CORE::BYTES::UPDATES_IN 636770128
<INFO 7d12456016c0> CORE::BYTES::EDGES_STREAMED 2256717012
<INFO 7d12466036c0> CORE::BYTES::EDGES_STREAMED 2235800004
<INFO 7d1245e026c0> CORE::BYTES::UPDATES_OUT 637567360
<INFO 7d12445ff6c0> CORE::BYTES::EDGES_STREAMED 2235060936
<INFO 7d12456016c0> CORE::BYTES::UPDATES_OUT 638404912
<INFO 7d12456016c0> CORE::BYTES::UPDATES_IN 638295896
<INFO 7d12466036c0> CORE::BYTES::UPDATES_OUT 639232224
<INFO 7d1244e006c0> CORE::BYTES::EDGES_STREAMED 2238155784
<INFO 7d12435fd6c0> CORE::BYTES::EDGES_STREAMED 2245485960
<INFO 7d12445ff6c0> CORE::BYTES::UPDATES_OUT 639600664
<INFO 7d12435fd6c0> CORE::BYTES::UPDATES_OUT 638684544
<INFO 7d12466036c0> CORE::BYTES::UPDATES_IN 639703624
<INFO 7d12435fd6c0> CORE::BYTES::UPDATES_IN 638707040
<INFO 7d1244e006c0> CORE::BYTES::UPDATES_OUT 636975608
<INFO 7d1244e006c0> CORE::BYTES::UPDATES_IN 636778968
<INFO 7d1245e026c0> CORE::BYTES::UPDATES_IN 637766976
<INFO 7d12445ff6c0> CORE::BYTES::UPDATES_IN 639374416
<INFO 7d14474c62c0> CORE::RUSAGE::MAX_RSS_KB 8394172
<INFO 7d14474c62c0> CORE::RUSAGE::MINFLT 2097468
<INFO 7d14474c62c0> CORE::RUSAGE::MAJFLT 0
<INFO 7d14474c62c0> CORE::RUSAGE::MAJFLT 0
<INFO 7d14474c62c0> CORE::RUSAGE::INBLK 3221936
<INFO 7d14474c62c0> CORE::RUSAGE::OUBLK 123096
<INFO 7d14474c62c0> CORE::UTILS::BYTES_READ 1649631232
<INFO 7d14474c62c0> CORE::UTILS::BYTES_WRITTEN 63021056
<INFO 7d14474c62c0> CORE::TIME::IO_WAIT 4.72511 seconds
<INFO 7d14474c62c0> CORE::PHASES 13
<INFO 7d14474c62c0> CORE::TIME::SETUP 3.43484 seconds
<INFO 7d14474c62c0> CORE::TIME::STATE_ITER 0.00816 seconds
<INFO 7d14474c62c0> CORE::TIME::GATHER 1.35047 seconds
<INFO 7d14474c62c0> CORE::TIME::SCATTER 6.1034 seconds
<INFO 7d14474c62c0> TIME_IN_PC_FN 1.39827 seconds
<INFO 7d14474c62c0> CORE::TIME::WALL 11.0204 seconds
<INFO 7d14474c62c0> SHUTDOWN
