<INFO 7c81b5b242c0> STARTUP
<INFO 7c81b5b242c0> CORE::GRAPH soc-LiveJournal1-sym
<INFO 7c81b5b242c0> CORE::ALGORITHM cc
<INFO 7c81b5b242c0> SG-DRIVER-ORIGINAL
<WARNING 7c81b5b242c0> Disk count not specified, assuming it to be 1
<INFO 7c81b5b242c0> CORE::CONFIG::PROCESSORS 2
<INFO 7c81b5b242c0> CORE::CONFIG::PHYSICAL_MEMORY 8589934592
<INFO 7c81b5b242c0> CORE::CONFIG::VERTICES 4847571
<INFO 7c81b5b242c0> CORE::CONFIG::VERTEX_SIZE 13
<INFO 7c81b5b242c0> CORE::CONFIG::VERTEX_BUFFER 63021056
<INFO 7c81b5b242c0> CORE::CONFIG::EDGES 137469164
<INFO 7c81b5b242c0> CORE::CONFIG::PARTITIONS 128
<INFO 7c81b5b242c0> CORE::CONFIG::FANOUT 128
<INFO 7c81b5b242c0> CORE::CONFIG::SUPER_PARTITIONS 1
<INFO 7c81b5b242c0> CORE::CONFIG::STREAM_UNIT 16777216
<INFO 7c81b5b242c0> CORE::CONFIG::BUFFER_SIZE 1702021014
<INFO 7c81b5b242c0> CORE::CONFIG::IO_NUMIOQS 1
<INFO 7c81b5b242c0> CORE::CONFIG::MAX_BUFFERS 4
<INFO 7c81b5b242c0> CORE::CONFIG::MAX_STREAMS 5
<WARNING 7c81b5b242c0> No mount point specified for disk0, falling back to current directory
my size is 1649629968
<INFO 7c81b5b242c0> ALGORITHM::CC::CC_COUNT 1876
<INFO 7c81b5b242c0> CORE::PARTITIONS_PROCESSED 675
<INFO 7c81b5b242c0> CORE::BYTES::EDGES_STREAMED 8941232016
<INFO 7c81b5b242c0> CORE::BYTES::UPDATES_OUT 2548020288
<INFO 7c81b5b242c0> CORE::BYTES::UPDATES_IN 2547857328
<INFO 7c7fb4c036c0> CORE::PARTITIONS_PROCESSED 708
<INFO 7c7fb4c036c0> CORE::BYTES::EDGES_STREAMED 8986104960
<INFO 7c7fb4c036c0> CORE::BYTES::UPDATES_OUT 2555922248
<INFO 7c7fb4c036c0> CORE::BYTES::UPDATES_IN 2556085208
<INFO 7c81b5b242c0> CORE::RUSAGE::MAX_RSS_KB 8393960
<INFO 7c81b5b242c0> CORE::RUSAGE::MINFLT 2097404
<INFO 7c81b5b242c0> CORE::RUSAGE::MAJFLT 0
<INFO 7c81b5b242c0> CORE::RUSAGE::MAJFLT 0
<INFO 7c81b5b242c0> CORE::RUSAGE::INBLK 3221936
<INFO 7c81b5b242c0> CORE::RUSAGE::OUBLK 123096
<INFO 7c81b5b242c0> CORE::UTILS::BYTES_READ 1649631232
<INFO 7c81b5b242c0> CORE::UTILS::BYTES_WRITTEN 63021056
<INFO 7c81b5b242c0> CORE::TIME::IO_WAIT 5.14367 seconds
<INFO 7c81b5b242c0> CORE::PHASES 13
<INFO 7c81b5b242c0> CORE::TIME::SETUP 3.4295 seconds
<INFO 7c81b5b242c0> CORE::TIME::STATE_ITER 0.02405 seconds
<INFO 7c81b5b242c0> CORE::TIME::GATHER 2.30003 seconds
<INFO 7c81b5b242c0> CORE::TIME::SCATTER 7.50756 seconds
<INFO 7c81b5b242c0> TIME_IN_PC_FN 2.53314 seconds
<INFO 7c81b5b242c0> CORE::TIME::WALL 13.3788 seconds
<INFO 7c81b5b242c0> SHUTDOWN
