<INFO 7001426c22c0> STARTUP
<INFO 7001426c22c0> CORE::GRAPH soc-LiveJournal1-sym
<INFO 7001426c22c0> CORE::ALGORITHM cc
<INFO 7001426c22c0> SG-DRIVER-ORIGINAL
<WARNING 7001426c22c0> Disk count not specified, assuming it to be 1
<INFO 7001426c22c0> CORE::CONFIG::PROCESSORS 4
<INFO 7001426c22c0> CORE::CONFIG::PHYSICAL_MEMORY 8589934592
<INFO 7001426c22c0> CORE::CONFIG::VERTICES 4847571
<INFO 7001426c22c0> CORE::CONFIG::VERTEX_SIZE 13
<INFO 7001426c22c0> CORE::CONFIG::VERTEX_BUFFER 63021056
<INFO 7001426c22c0> CORE::CONFIG::EDGES 137469164
<INFO 7001426c22c0> CORE::CONFIG::PARTITIONS 128
<INFO 7001426c22c0> CORE::CONFIG::FANOUT 128
<INFO 7001426c22c0> CORE::CONFIG::SUPER_PARTITIONS 1
<INFO 7001426c22c0> CORE::CONFIG::STREAM_UNIT 16777216
<INFO 7001426c22c0> CORE::CONFIG::BUFFER_SIZE 1702020985
<INFO 7001426c22c0> CORE::CONFIG::IO_NUMIOQS 1
<INFO 7001426c22c0> CORE::CONFIG::MAX_BUFFERS 4
<INFO 7001426c22c0> CORE::CONFIG::MAX_STREAMS 5
<WARNING 7001426c22c0> No mount point specified for disk0, falling back to current directory
my size is 1649629968
<INFO 7001426c22c0> ALGORITHM::CC::CC_COUNT 1876
<INFO 7001426c22c0> CORE::PARTITIONS_PROCESSED 328
<INFO 7001426c22c0> CORE::BYTES::EDGES_STREAMED 4475436876
<INFO 7001426c22c0> CORE::BYTES::UPDATES_OUT 1273632408
<INFO 7001426c22c0> CORE::BYTES::UPDATES_IN 1273312632
<INFO 6fff408016c0> CORE::PARTITIONS_PROCESSED 352
<INFO 6fff408016c0> CORE::BYTES::EDGES_STREAMED 4475731860
<INFO 6fff408016c0> CORE::BYTES::UPDATES_OUT 1277089208
<INFO 6fff418036c0> CORE::PARTITIONS_PROCESSED 352
<INFO 6fff418036c0> CORE::BYTES::EDGES_STREAMED 4509197820
<INFO 6fff418036c0> CORE::BYTES::UPDATES_OUT 1278833168
<INFO 6fff418036c0> CORE::BYTES::UPDATES_IN 1279080024
<INFO 6fff410026c0> CORE::PARTITIONS_PROCESSED 351
<INFO 6fff410026c0> CORE::BYTES::EDGES_STREAMED 4466970420
<INFO 6fff410026c0> CORE::BYTES::UPDATES_OUT 1274387752
<INFO 6fff410026c0> CORE::BYTES::UPDATES_IN 1274537808
<INFO 6fff408016c0> CORE::BYTES::UPDATES_IN 1277012072
<INFO 7001426c22c0> CORE::RUSAGE::MAX_RSS_KB 8393964
<INFO 7001426c22c0> CORE::RUSAGE::MINFLT 2097427
<INFO 7001426c22c0> CORE::RUSAGE::MAJFLT 0
<INFO 7001426c22c0> CORE::RUSAGE::MAJFLT 0
<INFO 7001426c22c0> CORE::RUSAGE::INBLK 3221936
<INFO 7001426c22c0> CORE::RUSAGE::OUBLK 123096
<INFO 7001426c22c0> CORE::UTILS::BYTES_READ 1649631232
<INFO 7001426c22c0> CORE::UTILS::BYTES_WRITTEN 63021056
<INFO 7001426c22c0> CORE::TIME::IO_WAIT 4.46703 seconds
<INFO 7001426c22c0> CORE::PHASES 13
<INFO 7001426c22c0> CORE::TIME::SETUP 3.42956 seconds
<INFO 7001426c22c0> CORE::TIME::STATE_ITER 0.012643 seconds
<INFO 7001426c22c0> CORE::TIME::GATHER 1.55899 seconds
<INFO 7001426c22c0> CORE::TIME::SCATTER 5.94393 seconds
<INFO 7001426c22c0> TIME_IN_PC_FN 1.48519 seconds
<INFO 7001426c22c0> CORE::TIME::WALL 11.0683 seconds
<INFO 7001426c22c0> SHUTDOWN
