<INFO 723461d1a2c0> STARTUP
<INFO 723461d1a2c0> CORE::GRAPH soc-LiveJournal1-dir
<INFO 723461d1a2c0> CORE::ALGORITHM pagerank
<INFO 723461d1a2c0> SG-DRIVER-ORIGINAL
<WARNING 723461d1a2c0> Disk count not specified, assuming it to be 1
<INFO 723461d1a2c0> CORE::CONFIG::PROCESSORS 1
<INFO 723461d1a2c0> CORE::CONFIG::PHYSICAL_MEMORY 1073741824
<INFO 723461d1a2c0> CORE::CONFIG::VERTICES 4847571
<INFO 723461d1a2c0> CORE::CONFIG::VERTEX_SIZE 12
<INFO 723461d1a2c0> CORE::CONFIG::VERTEX_BUFFER 58171392
<INFO 723461d1a2c0> CORE::CONFIG::EDGES 68993773
<INFO 723461d1a2c0> CORE::CONFIG::PARTITIONS 128
<INFO 723461d1a2c0> CORE::CONFIG::FANOUT 128
<INFO 723461d1a2c0> CORE::CONFIG::SUPER_PARTITIONS 1
<INFO 723461d1a2c0> CORE::CONFIG::STREAM_UNIT 16777216
<INFO 723461d1a2c0> CORE::CONFIG::BUFFER_SIZE 199752408
<INFO 723461d1a2c0> CORE::CONFIG::IO_NUMIOQS 1
<INFO 723461d1a2c0> CORE::CONFIG::MAX_BUFFERS 4
<INFO 723461d1a2c0> CORE::CONFIG::MAX_STREAMS 5
<WARNING 723461d1a2c0> No mount point specified for disk0, falling back to current directory
my size is 827925276
<INFO 723461d1a2c0> CORE::PARTITIONS_PROCESSED 7680
<INFO 723461d1a2c0> CORE::BYTES::EDGES_STREAMED 18214356072
<INFO 723461d1a2c0> CORE::BYTES::UPDATES_OUT 11590953864
<INFO 723461d1a2c0> CORE::BYTES::UPDATES_IN 11039003680
<INFO 723461d1a2c0> CORE::RUSAGE::MAX_RSS_KB 1053852
<INFO 723461d1a2c0> CORE::RUSAGE::MINFLT 262382
<INFO 723461d1a2c0> CORE::RUSAGE::MAJFLT 0
<INFO 723461d1a2c0> CORE::RUSAGE::MAJFLT 0
<INFO 723461d1a2c0> CORE::RUSAGE::INBLK 57135736
<INFO 723461d1a2c0> CORE::RUSAGE::OUBLK 22752304
<INFO 723461d1a2c0> CORE::UTILS::BYTES_READ 29253476352
<INFO 723461d1a2c0> CORE::UTILS::BYTES_WRITTEN 11649171456
<INFO 723461d1a2c0> CORE::TIME::IO_WAIT 103.76 seconds
<INFO 723461d1a2c0> CORE::PHASES 22
<INFO 723461d1a2c0> CORE::TIME::SETUP 0.433399 seconds
<INFO 723461d1a2c0> CORE::TIME::STATE_ITER 0.772642 seconds
<INFO 723461d1a2c0> CORE::TIME::GATHER 31.3552 seconds
<INFO 723461d1a2c0> CORE::TIME::SCATTER 92.2407 seconds
<INFO 723461d1a2c0> TIME_IN_PC_FN 6.74134 seconds
<INFO 723461d1a2c0> CORE::TIME::WALL 125.947 seconds
<INFO 723461d1a2c0> SHUTDOWN
