<INFO 7fc6fd2f52c0> STARTUP
<INFO 7fc6fd2f52c0> CORE::GRAPH soc-LiveJournal1-dir
<INFO 7fc6fd2f52c0> CORE::ALGORITHM spmv
<INFO 7fc6fd2f52c0> SG-DRIVER-ORIGINAL
<WARNING 7fc6fd2f52c0> Disk count not specified, assuming it to be 1
<INFO 7fc6fd2f52c0> CORE::CONFIG::PROCESSORS 16
<INFO 7fc6fd2f52c0> CORE::CONFIG::PHYSICAL_MEMORY 8589934592
<INFO 7fc6fd2f52c0> CORE::CONFIG::VERTICES 4847571
<INFO 7fc6fd2f52c0> CORE::CONFIG::VERTEX_SIZE 8
<INFO 7fc6fd2f52c0> CORE::CONFIG::VERTEX_BUFFER 38780928
<INFO 7fc6fd2f52c0> CORE::CONFIG::EDGES 68993773
<INFO 7fc6fd2f52c0> CORE::CONFIG::PARTITIONS 128
<INFO 7fc6fd2f52c0> CORE::CONFIG::FANOUT 128
<INFO 7fc6fd2f52c0> CORE::CONFIG::SUPER_PARTITIONS 1
<INFO 7fc6fd2f52c0> CORE::CONFIG::STREAM_UNIT 16777216
<INFO 7fc6fd2f52c0> CORE::CONFIG::BUFFER_SIZE 1706868838
<INFO 7fc6fd2f52c0> CORE::CONFIG::IO_NUMIOQS 1
<INFO 7fc6fd2f52c0> CORE::CONFIG::MAX_BUFFERS 4
<INFO 7fc6fd2f52c0> CORE::CONFIG::MAX_STREAMS 5
<WARNING 7fc6fd2f52c0> No mount point specified for disk0, falling back to current directory
my size is 827925276
<INFO 7fc6fd2f52c0> CORE::PARTITIONS_PROCESSED 8
<INFO 7fc6fd2f52c0> CORE::BYTES::EDGES_STREAMED 45052440
<INFO 7fc6fd2f52c0> CORE::BYTES::UPDATES_OUT 30034960
<INFO 7fc6fd2f52c0> CORE::BYTES::UPDATES_IN 34458576
<INFO 7fc4f63f56c0> CORE::PARTITIONS_PROCESSED 8
<INFO 7fc4f63f56c0> CORE::BYTES::EDGES_STREAMED 45549948
<INFO 7fc4f63f56c0> CORE::BYTES::UPDATES_OUT 30366632
<INFO 7fc4f63f56c0> CORE::BYTES::UPDATES_IN 34566496
<INFO 7fc4f93fb6c0> CORE::PARTITIONS_PROCESSED 14
<INFO 7fc4f53f36c0> CORE::PARTITIONS_PROCESSED 5
<INFO 7fc4f7bf86c0> CORE::PARTITIONS_PROCESSED 8
<INFO 7fc4f93fb6c0> CORE::BYTES::EDGES_STREAMED 51886404
<INFO 7fc4f7bf86c0> CORE::BYTES::EDGES_STREAMED 51916404
<INFO 7fc4f93fb6c0> CORE::BYTES::UPDATES_OUT 34590936
<INFO 7fc4f7bf86c0> CORE::BYTES::UPDATES_OUT 34610936
<INFO 7fc4f93fb6c0> CORE::BYTES::UPDATES_IN 60290128
<INFO 7fc4f7bf86c0> CORE::BYTES::UPDATES_IN 34440008
<INFO 7fc4f53f36c0> CORE::BYTES::EDGES_STREAMED 32383428
<INFO 7fc4f53f36c0> CORE::BYTES::UPDATES_OUT 21588952
<INFO 7fc4f53f36c0> CORE::BYTES::UPDATES_IN 21617144
<INFO 7fc4f9bfc6c0> CORE::PARTITIONS_PROCESSED 8
<INFO 7fc4f9bfc6c0> CORE::BYTES::EDGES_STREAMED 51544488
<INFO 7fc4f9bfc6c0> CORE::BYTES::UPDATES_OUT 34362992
<INFO 7fc4f9bfc6c0> CORE::BYTES::UPDATES_IN 34528376
<INFO 7fc4fabfe6c0> CORE::PARTITIONS_PROCESSED 7
<INFO 7fc4fabfe6c0> CORE::BYTES::EDGES_STREAMED 38919960
<INFO 7fc4fabfe6c0> CORE::BYTES::UPDATES_OUT 25946640
<INFO 7fc4fabfe6c0> CORE::BYTES::UPDATES_IN 30437472
<INFO 7fc4fb3ff6c0> CORE::PARTITIONS_PROCESSED 7
<INFO 7fc4fb3ff6c0> CORE::BYTES::EDGES_STREAMED 84081072
<INFO 7fc4fb3ff6c0> CORE::BYTES::UPDATES_OUT 56054048
<INFO 7fc4fb3ff6c0> CORE::BYTES::UPDATES_IN 30424328
<INFO 7fc4f6bf66c0> CORE::PARTITIONS_PROCESSED 8
<INFO 7fc4f6bf66c0> CORE::BYTES::EDGES_STREAMED 38677284
<INFO 7fc4f6bf66c0> CORE::BYTES::UPDATES_OUT 25784856
<INFO 7fc4f6bf66c0> CORE::BYTES::UPDATES_IN 34205016
<INFO 7fc4fbc006c0> CORE::PARTITIONS_PROCESSED 9
<INFO 7fc4fbc006c0> CORE::BYTES::EDGES_STREAMED 45265548
<INFO 7fc4fbc006c0> CORE::BYTES::UPDATES_OUT 30177032
<INFO 7fc4fbc006c0> CORE::BYTES::UPDATES_IN 38702952
<INFO 7fc4fa3fd6c0> CORE::PARTITIONS_PROCESSED 8
<INFO 7fc4fa3fd6c0> CORE::BYTES::EDGES_STREAMED 51895980
<INFO 7fc4fa3fd6c0> CORE::BYTES::UPDATES_OUT 34597320
<INFO 7fc4fa3fd6c0> CORE::BYTES::UPDATES_IN 34557984
<INFO 7fc4f5bf46c0> CORE::PARTITIONS_PROCESSED 6
<INFO 7fc4f5bf46c0> CORE::BYTES::EDGES_STREAMED 44996604
<INFO 7fc4f83f96c0> CORE::PARTITIONS_PROCESSED 5
<INFO 7fc4f83f96c0> CORE::BYTES::EDGES_STREAMED 45377448
<INFO 7fc4f83f96c0> CORE::BYTES::UPDATES_OUT 30251632
<INFO 7fc4f83f96c0> CORE::BYTES::UPDATES_IN 21752008
<INFO 7fc4f8bfa6c0> CORE::PARTITIONS_PROCESSED 9
<INFO 7fc4f5bf46c0> CORE::BYTES::UPDATES_OUT 29997736
<INFO 7fc4f8bfa6c0> CORE::BYTES::EDGES_STREAMED 51634164
<INFO 7fc4f5bf46c0> CORE::BYTES::UPDATES_IN 25775096
<INFO 7fc4fc4016c0> CORE::PARTITIONS_PROCESSED 8
<INFO 7fc4fc4016c0> CORE::BYTES::EDGES_STREAMED 97149828
<INFO 7fc4fc4016c0> CORE::BYTES::UPDATES_OUT 64766552
<INFO 7fc4fc4016c0> CORE::BYTES::UPDATES_IN 34449536
<INFO 7fc4f73f76c0> CORE::PARTITIONS_PROCESSED 10
<INFO 7fc4f8bfa6c0> CORE::BYTES::UPDATES_OUT 34422776
<INFO 7fc4f73f76c0> CORE::BYTES::EDGES_STREAMED 51594276
<INFO 7fc4f73f76c0> CORE::BYTES::UPDATES_OUT 34396184
<INFO 7fc4f73f76c0> CORE::BYTES::UPDATES_IN 43120280
<INFO 7fc4f8bfa6c0> CORE::BYTES::UPDATES_IN 38624784
<INFO 7fc6fd2f52c0> CORE::RUSAGE::MAX_RSS_KB 8394040
<INFO 7fc6fd2f52c0> CORE::RUSAGE::MINFLT 2097532
<INFO 7fc6fd2f52c0> CORE::RUSAGE::MAJFLT 1
<INFO 7fc6fd2f52c0> CORE::RUSAGE::MAJFLT 1
<INFO 7fc6fd2f52c0> CORE::RUSAGE::INBLK 1617056
<INFO 7fc6fd2f52c0> CORE::RUSAGE::OUBLK 75760
<INFO 7fc6fd2f52c0> CORE::UTILS::BYTES_READ 827928576
<INFO 7fc6fd2f52c0> CORE::UTILS::BYTES_WRITTEN 38780928
<INFO 7fc6fd2f52c0> CORE::TIME::IO_WAIT 4.67362 seconds
<INFO 7fc6fd2f52c0> CORE::PHASES 2
<INFO 7fc6fd2f52c0> CORE::TIME::SETUP 3.44286 seconds
<INFO 7fc6fd2f52c0> CORE::TIME::STATE_ITER 0.019915 seconds
<INFO 7fc6fd2f52c0> CORE::TIME::GATHER 0.180002 seconds
<INFO 7fc6fd2f52c0> CORE::TIME::SCATTER 4.946 seconds
<INFO 7fc6fd2f52c0> TIME_IN_PC_FN 0.096012 seconds
<INFO 7fc6fd2f52c0> CORE::TIME::WALL 8.74424 seconds
<INFO 7fc6fd2f52c0> SHUTDOWN
