<INFO 7c2bb908c2c0> STARTUP
<INFO 7c2bb908c2c0> CORE::GRAPH soc-LiveJournal1-dir
<INFO 7c2bb908c2c0> CORE::ALGORITHM spmv
<INFO 7c2bb908c2c0> SG-DRIVER-ORIGINAL
<WARNING 7c2bb908c2c0> Disk count not specified, assuming it to be 1
<INFO 7c2bb908c2c0> CORE::CONFIG::PROCESSORS 1
<INFO 7c2bb908c2c0> CORE::CONFIG::PHYSICAL_MEMORY 8589934592
<INFO 7c2bb908c2c0> CORE::CONFIG::VERTICES 4847571
<INFO 7c2bb908c2c0> CORE::CONFIG::VERTEX_SIZE 8
<INFO 7c2bb908c2c0> CORE::CONFIG::VERTEX_BUFFER 38780928
<INFO 7c2bb908c2c0> CORE::CONFIG::EDGES 68993773
<INFO 7c2bb908c2c0> CORE::CONFIG::PARTITIONS 128
<INFO 7c2bb908c2c0> CORE::CONFIG::FANOUT 128
<INFO 7c2bb908c2c0> CORE::CONFIG::SUPER_PARTITIONS 1
<INFO 7c2bb908c2c0> CORE::CONFIG::STREAM_UNIT 16777216
<INFO 7c2bb908c2c0> CORE::CONFIG::BUFFER_SIZE 1706869054
<INFO 7c2bb908c2c0> CORE::CONFIG::IO_NUMIOQS 1
<INFO 7c2bb908c2c0> CORE::CONFIG::MAX_BUFFERS 4
<INFO 7c2bb908c2c0> CORE::CONFIG::MAX_STREAMS 5
<WARNING 7c2bb908c2c0> No mount point specified for disk0, falling back to current directory
my size is 827925276
<INFO 7c2bb908c2c0> CORE::PARTITIONS_PROCESSED 128
<INFO 7c2bb908c2c0> CORE::BYTES::EDGES_STREAMED 827925276
<INFO 7c2bb908c2c0> CORE::BYTES::UPDATES_OUT 551950184
<INFO 7c2bb908c2c0> CORE::BYTES::UPDATES_IN 551950184
<INFO 7c2bb908c2c0> CORE::RUSAGE::MAX_RSS_KB 8393812
<INFO 7c2bb908c2c0> CORE::RUSAGE::MINFLT 2097391
<INFO 7c2bb908c2c0> CORE::RUSAGE::MAJFLT 0
<INFO 7c2bb908c2c0> CORE::RUSAGE::MAJFLT 0
<INFO 7c2bb908c2c0> CORE::RUSAGE::INBLK 1617048
<INFO 7c2bb908c2c0> CORE::RUSAGE::OUBLK 75752
<INFO 7c2bb908c2c0> CORE::UTILS::BYTES_READ 827928576
<INFO 7c2bb908c2c0> CORE::UTILS::BYTES_WRITTEN 38780928
<INFO 7c2bb908c2c0> CORE::TIME::IO_WAIT 1.95272 seconds
<INFO 7c2bb908c2c0> CORE::PHASES 2
<INFO 7c2bb908c2c0> CORE::TIME::SETUP 3.42914 seconds
<INFO 7c2bb908c2c0> CORE::TIME::STATE_ITER 0.04276 seconds
<INFO 7c2bb908c2c0> CORE::TIME::GATHER 0.369035 seconds
<INFO 7c2bb908c2c0> CORE::TIME::SCATTER 2.41677 seconds
<INFO 7c2bb908c2c0> TIME_IN_PC_FN 0.217364 seconds
<INFO 7c2bb908c2c0> CORE::TIME::WALL 6.33038 seconds
<INFO 7c2bb908c2c0> SHUTDOWN
