<INFO 77c233f0d2c0> STARTUP
<INFO 77c233f0d2c0> CORE::GRAPH amazon0601-sym
<INFO 77c233f0d2c0> CORE::ALGORITHM conductance
<INFO 77c233f0d2c0> SG-DRIVER-ORIGINAL
<WARNING 77c233f0d2c0> Disk count not specified, assuming it to be 1
<INFO 77c233f0d2c0> CORE::CONFIG::PROCESSORS 16
<INFO 77c233f0d2c0> CORE::CONFIG::PHYSICAL_MEMORY 8589934592
<INFO 77c233f0d2c0> CORE::CONFIG::VERTICES 403394
<INFO 77c233f0d2c0> CORE::CONFIG::VERTEX_SIZE 0
<INFO 77c233f0d2c0> CORE::CONFIG::VERTEX_BUFFER 0
<INFO 77c233f0d2c0> CORE::CONFIG::EDGES 6774776
<INFO 77c233f0d2c0> CORE::CONFIG::PARTITIONS 16
<INFO 77c233f0d2c0> CORE::CONFIG::FANOUT 16
<INFO 77c233f0d2c0> CORE::CONFIG::SUPER_PARTITIONS 1
<INFO 77c233f0d2c0> CORE::CONFIG::STREAM_UNIT 16777216
<INFO 77c233f0d2c0> CORE::CONFIG::BUFFER_SIZE 1714626636
<INFO 77c233f0d2c0> CORE::CONFIG::IO_NUMIOQS 1
<INFO 77c233f0d2c0> CORE::CONFIG::MAX_BUFFERS 4
<INFO 77c233f0d2c0> CORE::CONFIG::MAX_STREAMS 5
<WARNING 77c233f0d2c0> No mount point specified for disk0, falling back to current directory
my size is 81297312
<INFO 77c233f0d2c0> ALGORITHM::CONDUCTANCE::VALUE 1.03812
<INFO 77c233f0d2c0> CORE::PARTITIONS_PROCESSED 0
<INFO 77c233f0d2c0> CORE::BYTES::EDGES_STREAMED 5077608
<INFO 77c233f0d2c0> CORE::BYTES::UPDATES_OUT 0
<INFO 77c233f0d2c0> CORE::BYTES::UPDATES_IN 0
<INFO 77c02d7f46c0> CORE::PARTITIONS_PROCESSED 0
<INFO 77c0317fc6c0> CORE::PARTITIONS_PROCESSED 0
<INFO 77c02d7f46c0> CORE::BYTES::EDGES_STREAMED 10160772
<INFO 77c031ffd6c0> CORE::PARTITIONS_PROCESSED 0
<INFO 77c02cff36c0> CORE::PARTITIONS_PROCESSED 0
<INFO 77c02eff76c0> CORE::PARTITIONS_PROCESSED 0
<INFO 77c02eff76c0> CORE::BYTES::EDGES_STREAMED 5097336
<INFO 77c02eff76c0> CORE::BYTES::UPDATES_OUT 0
<INFO 77c02d7f46c0> CORE::BYTES::UPDATES_OUT 0
<INFO 77c031ffd6c0> CORE::BYTES::EDGES_STREAMED 5057064
<INFO 77c02eff76c0> CORE::BYTES::UPDATES_IN 0
<INFO 77c02d7f46c0> CORE::BYTES::UPDATES_IN 0
<INFO 77c031ffd6c0> CORE::BYTES::UPDATES_OUT 0
<INFO 77c0317fc6c0> CORE::BYTES::EDGES_STREAMED 5057712
<INFO 77c030ffb6c0> CORE::PARTITIONS_PROCESSED 0
<INFO 77c02cff36c0> CORE::BYTES::EDGES_STREAMED 5072592
<INFO 77c0317fc6c0> CORE::BYTES::UPDATES_OUT 0
<INFO 77c02cff36c0> CORE::BYTES::UPDATES_OUT 0
<INFO 77c031ffd6c0> CORE::BYTES::UPDATES_IN 0
<INFO 77c030ffb6c0> CORE::BYTES::EDGES_STREAMED 5074524
<INFO 77c030ffb6c0> CORE::BYTES::UPDATES_OUT 0
<INFO 77c030ffb6c0> CORE::BYTES::UPDATES_IN 0
<INFO 77c02cff36c0> CORE::BYTES::UPDATES_IN 0
<INFO 77c0317fc6c0> CORE::BYTES::UPDATES_IN 0
<INFO 77c02c7f26c0> CORE::PARTITIONS_PROCESSED 0
<INFO 77c02c7f26c0> CORE::BYTES::EDGES_STREAMED 5063808
<INFO 77c02c7f26c0> CORE::BYTES::UPDATES_OUT 0
<INFO 77c02c7f26c0> CORE::BYTES::UPDATES_IN 0
<INFO 77c0327fe6c0> CORE::PARTITIONS_PROCESSED 0
<INFO 77c02dff56c0> CORE::PARTITIONS_PROCESSED 0
<INFO 77c02e7f66c0> CORE::PARTITIONS_PROCESSED 0
<INFO 77c02dff56c0> CORE::BYTES::EDGES_STREAMED 5065872
<INFO 77c02fff96c0> CORE::PARTITIONS_PROCESSED 0
<INFO 77c02e7f66c0> CORE::BYTES::EDGES_STREAMED 5051988
<INFO 77c02fff96c0> CORE::BYTES::EDGES_STREAMED 5076708
<INFO 77c02fff96c0> CORE::BYTES::UPDATES_OUT 0
<INFO 77c02fff96c0> CORE::BYTES::UPDATES_IN 0
<INFO 77c02e7f66c0> CORE::BYTES::UPDATES_OUT 0
<INFO 77c02e7f66c0> CORE::BYTES::UPDATES_IN 0
<INFO 77c0327fe6c0> CORE::BYTES::EDGES_STREAMED 5134680
<INFO 77c0327fe6c0> CORE::BYTES::UPDATES_OUT 0
<INFO 77c0327fe6c0> CORE::BYTES::UPDATES_IN 0
<INFO 77c02dff56c0> CORE::BYTES::UPDATES_OUT 0
<INFO 77c02bff16c0> CORE::PARTITIONS_PROCESSED 0
<INFO 77c032fff6c0> CORE::PARTITIONS_PROCESSED 0
<INFO 77c0307fa6c0> CORE::PARTITIONS_PROCESSED 0
<INFO 77c02dff56c0> CORE::BYTES::UPDATES_IN 0
<INFO 77c02bff16c0> CORE::BYTES::EDGES_STREAMED 10157220
<INFO 77c02f7f86c0> CORE::PARTITIONS_PROCESSED 0
<INFO 77c0307fa6c0> CORE::BYTES::EDGES_STREAMED 0
<INFO 77c0307fa6c0> CORE::BYTES::UPDATES_OUT 0
<INFO 77c0307fa6c0> CORE::BYTES::UPDATES_IN 0
<INFO 77c02f7f86c0> CORE::BYTES::EDGES_STREAMED 0
<INFO 77c02f7f86c0> CORE::BYTES::UPDATES_OUT 0
<INFO 77c02f7f86c0> CORE::BYTES::UPDATES_IN 0
<INFO 77c02bff16c0> CORE::BYTES::UPDATES_OUT 0
<INFO 77c02bff16c0> CORE::BYTES::UPDATES_IN 0
<INFO 77c032fff6c0> CORE::BYTES::EDGES_STREAMED 5149428
<INFO 77c032fff6c0> CORE::BYTES::UPDATES_OUT 0
<INFO 77c032fff6c0> CORE::BYTES::UPDATES_IN 0
<INFO 77c233f0d2c0> CORE::RUSAGE::MAX_RSS_KB 8393764
<INFO 77c233f0d2c0> CORE::RUSAGE::MINFLT 2097507
<INFO 77c233f0d2c0> CORE::RUSAGE::MAJFLT 0
<INFO 77c233f0d2c0> CORE::RUSAGE::MAJFLT 0
<INFO 77c233f0d2c0> CORE::RUSAGE::INBLK 158784
<INFO 77c233f0d2c0> CORE::RUSAGE::OUBLK 16
<INFO 77c233f0d2c0> CORE::UTILS::BYTES_READ 81297408
<INFO 77c233f0d2c0> CORE::UTILS::BYTES_WRITTEN 0
<INFO 77c233f0d2c0> CORE::TIME::IO_WAIT 0.187017 seconds
<INFO 77c233f0d2c0> CORE::PHASES 2
<INFO 77c233f0d2c0> CORE::TIME::SETUP 3.42892 seconds
<INFO 77c233f0d2c0> CORE::TIME::STATE_ITER 0.014027 seconds
<INFO 77c233f0d2c0> CORE::TIME::GATHER 0 seconds
<INFO 77c233f0d2c0> CORE::TIME::SCATTER 0.254001 seconds
<INFO 77c233f0d2c0> TIME_IN_PC_FN 0.002204 seconds
<INFO 77c233f0d2c0> CORE::TIME::WALL 3.75545 seconds
<INFO 77c233f0d2c0> SHUTDOWN
