<INFO 766ae26cb2c0> STARTUP
<INFO 766ae26cb2c0> CORE::GRAPH amazon0601-sym
<INFO 766ae26cb2c0> CORE::ALGORITHM conductance
<INFO 766ae26cb2c0> SG-DRIVER-ORIGINAL
<WARNING 766ae26cb2c0> Disk count not specified, assuming it to be 1
<INFO 766ae26cb2c0> CORE::CONFIG::PROCESSORS 16
<INFO 766ae26cb2c0> CORE::CONFIG::PHYSICAL_MEMORY 8589934592
<INFO 766ae26cb2c0> CORE::CONFIG::VERTICES 403394
<INFO 766ae26cb2c0> CORE::CONFIG::VERTEX_SIZE 0
<INFO 766ae26cb2c0> CORE::CONFIG::VERTEX_BUFFER 0
<INFO 766ae26cb2c0> CORE::CONFIG::EDGES 6774776
<INFO 766ae26cb2c0> CORE::CONFIG::PARTITIONS 16
<INFO 766ae26cb2c0> CORE::CONFIG::FANOUT 16
<INFO 766ae26cb2c0> CORE::CONFIG::SUPER_PARTITIONS 1
<INFO 766ae26cb2c0> CORE::CONFIG::STREAM_UNIT 16777216
<INFO 766ae26cb2c0> CORE::CONFIG::BUFFER_SIZE 1714626636
<INFO 766ae26cb2c0> CORE::CONFIG::IO_NUMIOQS 1
<INFO 766ae26cb2c0> CORE::CONFIG::MAX_BUFFERS 4
<INFO 766ae26cb2c0> CORE::CONFIG::MAX_STREAMS 5
<WARNING 766ae26cb2c0> No mount point specified for disk0, falling back to current directory
my size is 81297312
<INFO 766ae26cb2c0> ALGORITHM::CONDUCTANCE::VALUE 1.03812
<INFO 766ae26cb2c0> CORE::PARTITIONS_PROCESSED 0
<INFO 766ae26cb2c0> CORE::BYTES::EDGES_STREAMED 5077608
<INFO 766ae26cb2c0> CORE::BYTES::UPDATES_OUT 0
<INFO 766ae26cb2c0> CORE::BYTES::UPDATES_IN 0
<INFO 7668ddff86c0> CORE::PARTITIONS_PROCESSED 0
<INFO 7668df7fb6c0> CORE::PARTITIONS_PROCESSED 0
<INFO 7668df7fb6c0> CORE::BYTES::EDGES_STREAMED 10153944
<INFO 7668dbff46c0> CORE::PARTITIONS_PROCESSED 0
<INFO 7668e0ffe6c0> CORE::PARTITIONS_PROCESSED 0
<INFO 7668e0ffe6c0> CORE::BYTES::EDGES_STREAMED 0
<INFO 7668e0ffe6c0> CORE::BYTES::UPDATES_OUT 0
<INFO 7668ddff86c0> CORE::BYTES::EDGES_STREAMED 10149876
<INFO 7668e17ff6c0> CORE::PARTITIONS_PROCESSED 0
<INFO 7668da7f16c0> CORE::PARTITIONS_PROCESSED 0
<INFO 7668dbff46c0> CORE::BYTES::EDGES_STREAMED 10153944
<INFO 7668da7f16c0> CORE::BYTES::EDGES_STREAMED 10181388
<INFO 7668da7f16c0> CORE::BYTES::UPDATES_OUT 0
<INFO 7668da7f16c0> CORE::BYTES::UPDATES_IN 0
<INFO 7668ddff86c0> CORE::BYTES::UPDATES_OUT 0
<INFO 7668df7fb6c0> CORE::BYTES::UPDATES_OUT 0
<INFO 7668e17ff6c0> CORE::BYTES::EDGES_STREAMED 5149428
<INFO 7668daff26c0> CORE::PARTITIONS_PROCESSED 0
<INFO 7668daff26c0> CORE::BYTES::EDGES_STREAMED 10198488
<INFO 7668ddff86c0> CORE::BYTES::UPDATES_IN 0
<INFO 7668daff26c0> CORE::BYTES::UPDATES_OUT 0
<INFO 7668e0ffe6c0> CORE::BYTES::UPDATES_IN 0
<INFO 7668deffa6c0> CORE::PARTITIONS_PROCESSED 0
<INFO 7668df7fb6c0> CORE::BYTES::UPDATES_IN 0
<INFO 7668deffa6c0> CORE::BYTES::EDGES_STREAMED 0
<INFO 7668deffa6c0> CORE::BYTES::UPDATES_OUT 0
<INFO 7668e17ff6c0> CORE::BYTES::UPDATES_OUT 0
<INFO 7668e17ff6c0> CORE::BYTES::UPDATES_IN 0
<INFO 7668dfffc6c0> CORE::PARTITIONS_PROCESSED 0
<INFO 7668daff26c0> CORE::BYTES::UPDATES_IN 0
<INFO 7668deffa6c0> CORE::BYTES::UPDATES_IN 0
<INFO 7668e07fd6c0> CORE::PARTITIONS_PROCESSED 0
<INFO 7668e07fd6c0> CORE::BYTES::EDGES_STREAMED 0
<INFO 7668e07fd6c0> CORE::BYTES::UPDATES_OUT 0
<INFO 7668db7f36c0> CORE::PARTITIONS_PROCESSED 0
<INFO 7668db7f36c0> CORE::BYTES::EDGES_STREAMED 0
<INFO 7668e07fd6c0> CORE::BYTES::UPDATES_IN 0
<INFO 7668db7f36c0> CORE::BYTES::UPDATES_OUT 0
<INFO 7668db7f36c0> CORE::BYTES::UPDATES_IN 0
<INFO 7668dbff46c0> CORE::BYTES::UPDATES_OUT 0
<INFO 7668dbff46c0> CORE::BYTES::UPDATES_IN 0
<INFO 7668dc7f56c0> CORE::PARTITIONS_PROCESSED 0
<INFO 7668dc7f56c0> CORE::BYTES::EDGES_STREAMED 10122936
<INFO 7668dc7f56c0> CORE::BYTES::UPDATES_OUT 0
<INFO 7668dc7f56c0> CORE::BYTES::UPDATES_IN 0
<INFO 7668dcff66c0> CORE::PARTITIONS_PROCESSED 0
<INFO 7668dcff66c0> CORE::BYTES::EDGES_STREAMED 5051988
<INFO 7668dcff66c0> CORE::BYTES::UPDATES_OUT 0
<INFO 7668dcff66c0> CORE::BYTES::UPDATES_IN 0
<INFO 7668de7f96c0> CORE::PARTITIONS_PROCESSED 0
<INFO 7668de7f96c0> CORE::BYTES::EDGES_STREAMED 0
<INFO 7668de7f96c0> CORE::BYTES::UPDATES_OUT 0
<INFO 7668de7f96c0> CORE::BYTES::UPDATES_IN 0
<INFO 7668dfffc6c0> CORE::BYTES::EDGES_STREAMED 5057712
<INFO 7668dfffc6c0> CORE::BYTES::UPDATES_OUT 0
<INFO 7668dfffc6c0> CORE::BYTES::UPDATES_IN 0
<INFO 7668dd7f76c0> CORE::PARTITIONS_PROCESSED 0
<INFO 7668dd7f76c0> CORE::BYTES::EDGES_STREAMED 0
<INFO 7668dd7f76c0> CORE::BYTES::UPDATES_OUT 0
<INFO 7668dd7f76c0> CORE::BYTES::UPDATES_IN 0
<INFO 766ae26cb2c0> CORE::RUSAGE::MAX_RSS_KB 8394176
<INFO 766ae26cb2c0> CORE::RUSAGE::MINFLT 2097512
<INFO 766ae26cb2c0> CORE::RUSAGE::MAJFLT 0
<INFO 766ae26cb2c0> CORE::RUSAGE::MAJFLT 0
<INFO 766ae26cb2c0> CORE::RUSAGE::INBLK 158784
<INFO 766ae26cb2c0> CORE::RUSAGE::OUBLK 16
<INFO 766ae26cb2c0> CORE::UTILS::BYTES_READ 81297408
<INFO 766ae26cb2c0> CORE::UTILS::BYTES_WRITTEN 0
<INFO 766ae26cb2c0> CORE::TIME::IO_WAIT 0.19303 seconds
<INFO 766ae26cb2c0> CORE::PHASES 2
<INFO 766ae26cb2c0> CORE::TIME::SETUP 3.42708 seconds
<INFO 766ae26cb2c0> CORE::TIME::STATE_ITER 0.012001 seconds
<INFO 766ae26cb2c0> CORE::TIME::GATHER 1e-06 seconds
<INFO 766ae26cb2c0> CORE::TIME::SCATTER 0.283001 seconds
<INFO 766ae26cb2c0> TIME_IN_PC_FN 0.002227 seconds
<INFO 766ae26cb2c0> CORE::TIME::WALL 3.79172 seconds
<INFO 766ae26cb2c0> SHUTDOWN
