<INFO 7669b030a2c0> STARTUP
<INFO 7669b030a2c0> CORE::GRAPH amazon0601-sym
<INFO 7669b030a2c0> CORE::ALGORITHM cc
<INFO 7669b030a2c0> SG-DRIVER-ORIGINAL
<WARNING 7669b030a2c0> Disk count not specified, assuming it to be 1
<INFO 7669b030a2c0> CORE::CONFIG::PROCESSORS 16
<INFO 7669b030a2c0> CORE::CONFIG::PHYSICAL_MEMORY 8589934592
<INFO 7669b030a2c0> CORE::CONFIG::VERTICES 403394
<INFO 7669b030a2c0> CORE::CONFIG::VERTEX_SIZE 13
<INFO 7669b030a2c0> CORE::CONFIG::VERTEX_BUFFER 5246976
<INFO 7669b030a2c0> CORE::CONFIG::EDGES 6774776
<INFO 7669b030a2c0> CORE::CONFIG::PARTITIONS 16
<INFO 7669b030a2c0> CORE::CONFIG::FANOUT 16
<INFO 7669b030a2c0> CORE::CONFIG::SUPER_PARTITIONS 1
<INFO 7669b030a2c0> CORE::CONFIG::STREAM_UNIT 16777216
<INFO 7669b030a2c0> CORE::CONFIG::BUFFER_SIZE 1713577241
<INFO 7669b030a2c0> CORE::CONFIG::IO_NUMIOQS 1
<INFO 7669b030a2c0> CORE::CONFIG::MAX_BUFFERS 4
<INFO 7669b030a2c0> CORE::CONFIG::MAX_STREAMS 5
<WARNING 7669b030a2c0> No mount point specified for disk0, falling back to current directory
my size is 81297312
<INFO 7669b030a2c0> ALGORITHM::CC::CC_COUNT 7
<INFO 7669b030a2c0> CORE::PARTITIONS_PROCESSED 22
<INFO 7669b030a2c0> CORE::BYTES::EDGES_STREAMED 71137788
<INFO 7669b030a2c0> CORE::BYTES::UPDATES_OUT 22156160
<INFO 7669b030a2c0> CORE::BYTES::UPDATES_IN 26878704
<INFO 7667a8bf66c0> CORE::PARTITIONS_PROCESSED 18
<INFO 7667aabfa6c0> CORE::PARTITIONS_PROCESSED 17
<INFO 7667ad3ff6c0> CORE::PARTITIONS_PROCESSED 14
<INFO 7667a8bf66c0> CORE::BYTES::EDGES_STREAMED 91289340
<INFO 7667a93f76c0> CORE::PARTITIONS_PROCESSED 21
<INFO 7667ad3ff6c0> CORE::BYTES::EDGES_STREAMED 96527952
<INFO 7667ad3ff6c0> CORE::BYTES::UPDATES_OUT 22233336
<INFO 7667ad3ff6c0> CORE::BYTES::UPDATES_IN 7762056
<INFO 7667a93f76c0> CORE::BYTES::EDGES_STREAMED 91539624
<INFO 7667a93f76c0> CORE::BYTES::UPDATES_OUT 21443336
<INFO 7667a93f76c0> CORE::BYTES::UPDATES_IN 36048000
<INFO 7667a8bf66c0> CORE::BYTES::UPDATES_OUT 21884584
<INFO 7667a8bf66c0> CORE::BYTES::UPDATES_IN 26036992
<INFO 7667aabfa6c0> CORE::BYTES::EDGES_STREAMED 90963552
<INFO 7667aabfa6c0> CORE::BYTES::UPDATES_OUT 21804680
<INFO 7667aabfa6c0> CORE::BYTES::UPDATES_IN 13851352
<INFO 7667acbfe6c0> CORE::PARTITIONS_PROCESSED 16
<INFO 7667acbfe6c0> CORE::BYTES::EDGES_STREAMED 91424136
<INFO 7667acbfe6c0> CORE::BYTES::UPDATES_OUT 21915680
<INFO 7667acbfe6c0> CORE::BYTES::UPDATES_IN 13925288
<INFO 7667ae4016c0> CORE::PARTITIONS_PROCESSED 17
<INFO 7667ae4016c0> CORE::BYTES::EDGES_STREAMED 91082472
<INFO 7667ae4016c0> CORE::BYTES::UPDATES_OUT 21758232
<INFO 7667a9bf86c0> CORE::PARTITIONS_PROCESSED 20
<INFO 7667abbfc6c0> CORE::PARTITIONS_PROCESSED 13
<INFO 7667a9bf86c0> CORE::BYTES::EDGES_STREAMED 86346840
<INFO 7667abbfc6c0> CORE::BYTES::EDGES_STREAMED 106266156
<INFO 7667abbfc6c0> CORE::BYTES::UPDATES_OUT 21479336
<INFO 7667adc006c0> CORE::PARTITIONS_PROCESSED 15
<INFO 7667a9bf86c0> CORE::BYTES::UPDATES_OUT 21508512
<INFO 7667ae4016c0> CORE::BYTES::UPDATES_IN 17629576
<INFO 7667adc006c0> CORE::BYTES::EDGES_STREAMED 86027400
<INFO 7667abbfc6c0> CORE::BYTES::UPDATES_IN 16745144
<INFO 7667adc006c0> CORE::BYTES::UPDATES_OUT 22153528
<INFO 7667adc006c0> CORE::BYTES::UPDATES_IN 7629112
<INFO 7667aa3f96c0> CORE::PARTITIONS_PROCESSED 20
<INFO 7667aa3f96c0> CORE::BYTES::EDGES_STREAMED 86135196
<INFO 7667aa3f96c0> CORE::BYTES::UPDATES_OUT 21862632
<INFO 7667aa3f96c0> CORE::BYTES::UPDATES_IN 29805216
<INFO 7667a9bf86c0> CORE::BYTES::UPDATES_IN 32701376
<INFO 7667af4036c0> CORE::PARTITIONS_PROCESSED 21
<INFO 7667af4036c0> CORE::BYTES::EDGES_STREAMED 82204308
<INFO 7667af4036c0> CORE::BYTES::UPDATES_OUT 21759296
<INFO 7667af4036c0> CORE::BYTES::UPDATES_IN 36275008
<INFO 7667aec026c0> CORE::PARTITIONS_PROCESSED 26
<INFO 7667aec026c0> CORE::BYTES::EDGES_STREAMED 76746204
<INFO 7667a83f56c0> CORE::PARTITIONS_PROCESSED 16
<INFO 7667aec026c0> CORE::BYTES::UPDATES_OUT 22382312
<INFO 7667a83f56c0> CORE::BYTES::EDGES_STREAMED 96971448
<INFO 7667a83f56c0> CORE::BYTES::UPDATES_OUT 22309736
<INFO 7667a83f56c0> CORE::BYTES::UPDATES_IN 11059424
<INFO 7667aec026c0> CORE::BYTES::UPDATES_IN 30513048
<INFO 7667ac3fd6c0> CORE::PARTITIONS_PROCESSED 10
<INFO 7667ac3fd6c0> CORE::BYTES::EDGES_STREAMED 101613924
<INFO 7667ac3fd6c0> CORE::BYTES::UPDATES_OUT 21562768
<INFO 7667ac3fd6c0> CORE::BYTES::UPDATES_IN 13442160
<INFO 7667ab3fb6c0> CORE::PARTITIONS_PROCESSED 20
<INFO 7667ab3fb6c0> CORE::BYTES::EDGES_STREAMED 86609364
<INFO 7667ab3fb6c0> CORE::BYTES::UPDATES_OUT 21919904
<INFO 7667ab3fb6c0> CORE::BYTES::UPDATES_IN 29831576
<INFO 7669b030a2c0> CORE::RUSAGE::MAX_RSS_KB 8393908
<INFO 7669b030a2c0> CORE::RUSAGE::MINFLT 2097508
<INFO 7669b030a2c0> CORE::RUSAGE::MAJFLT 0
<INFO 7669b030a2c0> CORE::RUSAGE::MAJFLT 0
<INFO 7669b030a2c0> CORE::RUSAGE::INBLK 158784
<INFO 7669b030a2c0> CORE::RUSAGE::OUBLK 10264
<INFO 7669b030a2c0> CORE::UTILS::BYTES_READ 81297408
<INFO 7669b030a2c0> CORE::UTILS::BYTES_WRITTEN 5246976
<INFO 7669b030a2c0> CORE::TIME::IO_WAIT 0.217418 seconds
<INFO 7669b030a2c0> CORE::PHASES 19
<INFO 7669b030a2c0> CORE::TIME::SETUP 3.44155 seconds
<INFO 7669b030a2c0> CORE::TIME::STATE_ITER 0.01347 seconds
<INFO 7669b030a2c0> CORE::TIME::GATHER 0.458833 seconds
<INFO 7669b030a2c0> CORE::TIME::SCATTER 1.021 seconds
<INFO 7669b030a2c0> TIME_IN_PC_FN 0.086102 seconds
<INFO 7669b030a2c0> CORE::TIME::WALL 5.30511 seconds
<INFO 7669b030a2c0> SHUTDOWN
