<INFO 7af16a0ad2c0> STARTUP
<INFO 7af16a0ad2c0> CORE::GRAPH amazon0601-sym
<INFO 7af16a0ad2c0> CORE::ALGORITHM mcst
<WARNING 7af16a0ad2c0> Disk count not specified, assuming it to be 1
<INFO 7af16a0ad2c0> CORE::CONFIG::PROCESSORS 16
<INFO 7af16a0ad2c0> CORE::CONFIG::PHYSICAL_MEMORY 8589934592
<INFO 7af16a0ad2c0> CORE::CONFIG::VERTICES 403394
<INFO 7af16a0ad2c0> CORE::CONFIG::VERTEX_SIZE 16
<INFO 7af16a0ad2c0> CORE::CONFIG::VERTEX_BUFFER 6455296
<INFO 7af16a0ad2c0> CORE::CONFIG::EDGES 6774776
<INFO 7af16a0ad2c0> CORE::CONFIG::PARTITIONS 16
<INFO 7af16a0ad2c0> CORE::CONFIG::FANOUT 16
<INFO 7af16a0ad2c0> CORE::CONFIG::SUPER_PARTITIONS 1
<INFO 7af16a0ad2c0> CORE::CONFIG::STREAM_UNIT 16777216
<INFO 7af16a0ad2c0> CORE::CONFIG::BUFFER_SIZE 1427778834
<INFO 7af16a0ad2c0> CORE::CONFIG::IO_NUMIOQS 1
<INFO 7af16a0ad2c0> CORE::CONFIG::MAX_BUFFERS 5
<INFO 7af16a0ad2c0> CORE::CONFIG::MAX_STREAMS 6
<WARNING 7af16a0ad2c0> No mount point specified for disk0, falling back to current directory
my size is 81297312
<INFO 7aef68a036c0> ALGORITHM::PROPOSALS_SENT 63846
<INFO 7aef639f96c0> ALGORITHM::PROPOSALS_SENT 5813
<INFO 7aef682026c0> ALGORITHM::PROPOSALS_SENT 6013
<INFO 7aef639f96c0> ALGORITHM::PROPOSALS_RECEIVED 10794
<INFO 7af16a0ad2c0> ALGORITHM::PROPOSALS_SENT 5865
<INFO 7af16a0ad2c0> ALGORITHM::PROPOSALS_RECEIVED 4
<INFO 7aef629f76c0> ALGORITHM::PROPOSALS_SENT 63808
<INFO 7aef629f76c0> ALGORITHM::PROPOSALS_RECEIVED 4070
<INFO 7aef67a016c0> ALGORITHM::PROPOSALS_SENT 14984
<INFO 7aef631f86c0> ALGORITHM::PROPOSALS_SENT 17109
<INFO 7aef67a016c0> ALGORITHM::PROPOSALS_RECEIVED 52666
<INFO 7aef651fc6c0> ALGORITHM::PROPOSALS_SENT 54140
<INFO 7aef641fa6c0> ALGORITHM::PROPOSALS_SENT 3752
<INFO 7aef68a036c0> ALGORITHM::PROPOSALS_RECEIVED 55215
<INFO 7aef682026c0> ALGORITHM::PROPOSALS_RECEIVED 62713
<INFO 7aef641fa6c0> ALGORITHM::PROPOSALS_RECEIVED 10799
<INFO 7aef669ff6c0> ALGORITHM::PROPOSALS_SENT 61527
<INFO 7aef669ff6c0> ALGORITHM::PROPOSALS_RECEIVED 57698
<INFO 7aef692046c0> ALGORITHM::PROPOSALS_SENT 13262
<INFO 7aef692046c0> ALGORITHM::PROPOSALS_RECEIVED 5188
<INFO 7aef651fc6c0> ALGORITHM::PROPOSALS_RECEIVED 65879
<INFO 7aef631f86c0> ALGORITHM::PROPOSALS_RECEIVED 9258
<INFO 7aef659fd6c0> ALGORITHM::PROPOSALS_SENT 3846
<INFO 7aef659fd6c0> ALGORITHM::PROPOSALS_RECEIVED 2285
<INFO 7aef672006c0> ALGORITHM::PROPOSALS_SENT 52636
<INFO 7aef672006c0> ALGORITHM::PROPOSALS_RECEIVED 64931
<INFO 7aef621f66c0> ALGORITHM::PROPOSALS_SENT 50478
<INFO 7aef621f66c0> ALGORITHM::PROPOSALS_RECEIVED 67929
<INFO 7aef661fe6c0> ALGORITHM::PROPOSALS_SENT 61735
<INFO 7aef661fe6c0> ALGORITHM::PROPOSALS_RECEIVED 55919
<INFO 7aef649fb6c0> ALGORITHM::PROPOSALS_SENT 61649
<INFO 7aef649fb6c0> ALGORITHM::PROPOSALS_RECEIVED 15115
<INFO 7af16a0ad2c0> CORE::RUSAGE::MAX_RSS_KB 8393812
<INFO 7af16a0ad2c0> CORE::RUSAGE::MINFLT 2097516
<INFO 7af16a0ad2c0> CORE::RUSAGE::MAJFLT 0
<INFO 7af16a0ad2c0> CORE::RUSAGE::MAJFLT 0
<INFO 7af16a0ad2c0> CORE::RUSAGE::INBLK 158784
<INFO 7af16a0ad2c0> CORE::RUSAGE::OUBLK 20848
<INFO 7af16a0ad2c0> CORE::UTILS::BYTES_READ 81297408
<INFO 7af16a0ad2c0> CORE::UTILS::BYTES_WRITTEN 10670080
<INFO 7af16a0ad2c0> CORE::TIME::IO_WAIT 0.222935 seconds
<INFO 7af16a0ad2c0> ALGORITHM::TREE_EDGES 444433
<INFO 7af16a0ad2c0> ALGORITHM::CC_COUNT 7
<INFO 7af16a0ad2c0> CORE::PHASES 7
<INFO 7af16a0ad2c0> CORE::TIME::SETUP 3.44276 seconds
<INFO 7af16a0ad2c0> CORE::TIME::WALL 12.2467 seconds
<INFO 7af16a0ad2c0> SHUTDOWN
