<INFO 7f16ca4d72c0> STARTUP
<INFO 7f16ca4d72c0> CORE::GRAPH amazon0601-sym
<INFO 7f16ca4d72c0> CORE::ALGORITHM cc
<INFO 7f16ca4d72c0> SG-DRIVER-ORIGINAL
<WARNING 7f16ca4d72c0> Disk count not specified, assuming it to be 1
<INFO 7f16ca4d72c0> CORE::CONFIG::PROCESSORS 16
<INFO 7f16ca4d72c0> CORE::CONFIG::PHYSICAL_MEMORY 8589934592
<INFO 7f16ca4d72c0> CORE::CONFIG::VERTICES 403394
<INFO 7f16ca4d72c0> CORE::CONFIG::VERTEX_SIZE 13
<INFO 7f16ca4d72c0> CORE::CONFIG::VERTEX_BUFFER 5246976
<INFO 7f16ca4d72c0> CORE::CONFIG::EDGES 6774776
<INFO 7f16ca4d72c0> CORE::CONFIG::PARTITIONS 16
<INFO 7f16ca4d72c0> CORE::CONFIG::FANOUT 16
<INFO 7f16ca4d72c0> CORE::CONFIG::SUPER_PARTITIONS 1
<INFO 7f16ca4d72c0> CORE::CONFIG::STREAM_UNIT 16777216
<INFO 7f16ca4d72c0> CORE::CONFIG::BUFFER_SIZE 1713577241
<INFO 7f16ca4d72c0> CORE::CONFIG::IO_NUMIOQS 1
<INFO 7f16ca4d72c0> CORE::CONFIG::MAX_BUFFERS 4
<INFO 7f16ca4d72c0> CORE::CONFIG::MAX_STREAMS 5
<WARNING 7f16ca4d72c0> No mount point specified for disk0, falling back to current directory
my size is 81297312
<INFO 7f16ca4d72c0> ALGORITHM::CC::CC_COUNT 7
<INFO 7f16ca4d72c0> CORE::PARTITIONS_PROCESSED 11
<INFO 7f16ca4d72c0> CORE::BYTES::EDGES_STREAMED 86678436
<INFO 7f16ca4d72c0> CORE::BYTES::UPDATES_OUT 16782784
<INFO 7f16ca4d72c0> CORE::BYTES::UPDATES_IN 14389408
<INFO 7f14c7e006c0> CORE::PARTITIONS_PROCESSED 25
<INFO 7f14c5dfc6c0> CORE::PARTITIONS_PROCESSED 15
<INFO 7f14c5dfc6c0> CORE::BYTES::EDGES_STREAMED 80898216
<INFO 7f14c5dfc6c0> CORE::BYTES::UPDATES_OUT 22153728
<INFO 7f14c7e006c0> CORE::BYTES::EDGES_STREAMED 101300004
<INFO 7f14c8e026c0> CORE::PARTITIONS_PROCESSED 14
<INFO 7f14c7e006c0> CORE::BYTES::UPDATES_OUT 24711672
<INFO 7f14c7e006c0> CORE::BYTES::UPDATES_IN 33570400
<INFO 7f14c8e026c0> CORE::BYTES::EDGES_STREAMED 102416772
<INFO 7f14c8e026c0> CORE::BYTES::UPDATES_OUT 22127672
<INFO 7f14c8e026c0> CORE::BYTES::UPDATES_IN 20724840
<INFO 7f14c5dfc6c0> CORE::BYTES::UPDATES_IN 26690168
<INFO 7f14c3df86c0> CORE::PARTITIONS_PROCESSED 22
<INFO 7f14c3df86c0> CORE::BYTES::EDGES_STREAMED 66040032
<INFO 7f14c3df86c0> CORE::BYTES::UPDATES_OUT 21793112
<INFO 7f14c96036c0> CORE::PARTITIONS_PROCESSED 15
<INFO 7f14c96036c0> CORE::BYTES::EDGES_STREAMED 77049336
<INFO 7f14c55fb6c0> CORE::PARTITIONS_PROCESSED 16
<INFO 7f14c3df86c0> CORE::BYTES::UPDATES_IN 29503792
<INFO 7f14c55fb6c0> CORE::BYTES::EDGES_STREAMED 81525912
<INFO 7f14c55fb6c0> CORE::BYTES::UPDATES_OUT 21846168
<INFO 7f14c55fb6c0> CORE::BYTES::UPDATES_IN 23012488
<INFO 7f14c96036c0> CORE::BYTES::UPDATES_OUT 22155008
<INFO 7f14c96036c0> CORE::BYTES::UPDATES_IN 17563760
<INFO 7f14c45f96c0> CORE::PARTITIONS_PROCESSED 17
<INFO 7f14c45f96c0> CORE::BYTES::EDGES_STREAMED 96339672
<INFO 7f14c45f96c0> CORE::BYTES::UPDATES_OUT 21509392
<INFO 7f14c45f96c0> CORE::BYTES::UPDATES_IN 20073800
<INFO 7f14c2df66c0> CORE::PARTITIONS_PROCESSED 19
<INFO 7f14c2df66c0> CORE::BYTES::EDGES_STREAMED 65816016
<INFO 7f14c2df66c0> CORE::BYTES::UPDATES_OUT 22135824
<INFO 7f14c2df66c0> CORE::BYTES::UPDATES_IN 20138664
<INFO 7f14c86016c0> CORE::PARTITIONS_PROCESSED 17
<INFO 7f14c4dfa6c0> CORE::PARTITIONS_PROCESSED 19
<INFO 7f14c86016c0> CORE::BYTES::EDGES_STREAMED 91081560
<INFO 7f14c86016c0> CORE::BYTES::UPDATES_OUT 28234696
<INFO 7f14c4dfa6c0> CORE::BYTES::EDGES_STREAMED 85966164
<INFO 7f14c65fd6c0> CORE::PARTITIONS_PROCESSED 16
<INFO 7f14c4dfa6c0> CORE::BYTES::UPDATES_OUT 18206624
<INFO 7f14c65fd6c0> CORE::BYTES::EDGES_STREAMED 81251760
<INFO 7f14c65fd6c0> CORE::BYTES::UPDATES_OUT 15047224
<INFO 7f14c65fd6c0> CORE::BYTES::UPDATES_IN 19902184
<INFO 7f14c35f76c0> CORE::PARTITIONS_PROCESSED 20
<INFO 7f14c35f76c0> CORE::BYTES::EDGES_STREAMED 111619788
<INFO 7f14c6dfe6c0> CORE::PARTITIONS_PROCESSED 17
<INFO 7f14c86016c0> CORE::BYTES::UPDATES_IN 17709680
<INFO 7f14c35f76c0> CORE::BYTES::UPDATES_OUT 30071920
<INFO 7f14c6dfe6c0> CORE::BYTES::EDGES_STREAMED 106529016
<INFO 7f14c6dfe6c0> CORE::BYTES::UPDATES_OUT 22434248
<INFO 7f14c6dfe6c0> CORE::BYTES::UPDATES_IN 17294424
<INFO 7f14c35f76c0> CORE::BYTES::UPDATES_IN 29296544
<INFO 7f14c4dfa6c0> CORE::BYTES::UPDATES_IN 10060072
<INFO 7f14c75ff6c0> CORE::PARTITIONS_PROCESSED 22
<INFO 7f14c25f56c0> CORE::PARTITIONS_PROCESSED 21
<INFO 7f14c75ff6c0> CORE::BYTES::EDGES_STREAMED 116698332
<INFO 7f14c75ff6c0> CORE::BYTES::UPDATES_OUT 21835688
<INFO 7f14c75ff6c0> CORE::BYTES::UPDATES_IN 29886792
<INFO 7f14c25f56c0> CORE::BYTES::EDGES_STREAMED 81674688
<INFO 7f14c25f56c0> CORE::BYTES::UPDATES_OUT 19088272
<INFO 7f14c25f56c0> CORE::BYTES::UPDATES_IN 20317016
<INFO 7f16ca4d72c0> CORE::RUSAGE::MAX_RSS_KB 8394044
<INFO 7f16ca4d72c0> CORE::RUSAGE::MINFLT 2097517
<INFO 7f16ca4d72c0> CORE::RUSAGE::MAJFLT 0
<INFO 7f16ca4d72c0> CORE::RUSAGE::MAJFLT 0
<INFO 7f16ca4d72c0> CORE::RUSAGE::INBLK 158784
<INFO 7f16ca4d72c0> CORE::RUSAGE::OUBLK 10264
<INFO 7f16ca4d72c0> CORE::UTILS::BYTES_READ 81297408
<INFO 7f16ca4d72c0> CORE::UTILS::BYTES_WRITTEN 5246976
<INFO 7f16ca4d72c0> CORE::TIME::IO_WAIT 0.215004 seconds
<INFO 7f16ca4d72c0> CORE::PHASES 19
<INFO 7f16ca4d72c0> CORE::TIME::SETUP 3.43145 seconds
<INFO 7f16ca4d72c0> CORE::TIME::STATE_ITER 0.017996 seconds
<INFO 7f16ca4d72c0> CORE::TIME::GATHER 0.683528 seconds
<INFO 7f16ca4d72c0> CORE::TIME::SCATTER 1.53301 seconds
<INFO 7f16ca4d72c0> TIME_IN_PC_FN 0.079747 seconds
<INFO 7f16ca4d72c0> CORE::TIME::WALL 6.24956 seconds
<INFO 7f16ca4d72c0> SHUTDOWN
