<INFO 77ad760a12c0> STARTUP
<INFO 77ad760a12c0> CORE::GRAPH amazon0601-sym
<INFO 77ad760a12c0> CORE::ALGORITHM mcst
<WARNING 77ad760a12c0> Disk count not specified, assuming it to be 1
<INFO 77ad760a12c0> CORE::CONFIG::PROCESSORS 16
<INFO 77ad760a12c0> CORE::CONFIG::PHYSICAL_MEMORY 8589934592
<INFO 77ad760a12c0> CORE::CONFIG::VERTICES 403394
<INFO 77ad760a12c0> CORE::CONFIG::VERTEX_SIZE 16
<INFO 77ad760a12c0> CORE::CONFIG::VERTEX_BUFFER 6455296
<INFO 77ad760a12c0> CORE::CONFIG::EDGES 6774776
<INFO 77ad760a12c0> CORE::CONFIG::PARTITIONS 16
<INFO 77ad760a12c0> CORE::CONFIG::FANOUT 16
<INFO 77ad760a12c0> CORE::CONFIG::SUPER_PARTITIONS 1
<INFO 77ad760a12c0> CORE::CONFIG::STREAM_UNIT 16777216
<INFO 77ad760a12c0> CORE::CONFIG::BUFFER_SIZE 1427778834
<INFO 77ad760a12c0> CORE::CONFIG::IO_NUMIOQS 1
<INFO 77ad760a12c0> CORE::CONFIG::MAX_BUFFERS 5
<INFO 77ad760a12c0> CORE::CONFIG::MAX_STREAMS 6
<WARNING 77ad760a12c0> No mount point specified for disk0, falling back to current directory
my size is 81297312
<INFO 77ad760a12c0> ALGORITHM::PROPOSALS_SENT 12924
<INFO 77ad760a12c0> ALGORITHM::PROPOSALS_RECEIVED 64417
<INFO 77ab721fe6c0> ALGORITHM::PROPOSALS_SENT 65128
<INFO 77ab74a036c0> ALGORITHM::PROPOSALS_SENT 55488
<INFO 77ab742026c0> ALGORITHM::PROPOSALS_SENT 61540
<INFO 77ab721fe6c0> ALGORITHM::PROPOSALS_RECEIVED 12122
<INFO 77ab719fd6c0> ALGORITHM::PROPOSALS_SENT 3589
<INFO 77ab74a036c0> ALGORITHM::PROPOSALS_RECEIVED 0
<INFO 77ab742026c0> ALGORITHM::PROPOSALS_RECEIVED 4742
<INFO 77ab752046c0> ALGORITHM::PROPOSALS_SENT 55488
<INFO 77ab719fd6c0> ALGORITHM::PROPOSALS_RECEIVED 51964
<INFO 77ab6f1f86c0> ALGORITHM::PROPOSALS_SENT 5113
<INFO 77ab752046c0> ALGORITHM::PROPOSALS_RECEIVED 7
<INFO 77ab6f1f86c0> ALGORITHM::PROPOSALS_RECEIVED 51184
<INFO 77ab6e1f66c0> ALGORITHM::PROPOSALS_SENT 3311
<INFO 77ab6e1f66c0> ALGORITHM::PROPOSALS_RECEIVED 64138
<INFO 77ab701fa6c0> ALGORITHM::PROPOSALS_SENT 52006
<INFO 77ab6e9f76c0> ALGORITHM::PROPOSALS_SENT 11174
<INFO 77ab701fa6c0> ALGORITHM::PROPOSALS_RECEIVED 2833
<INFO 77ab6e9f76c0> ALGORITHM::PROPOSALS_RECEIVED 67097
<INFO 77ab729ff6c0> ALGORITHM::PROPOSALS_SENT 0
<INFO 77ab729ff6c0> ALGORITHM::PROPOSALS_RECEIVED 54371
<INFO 77ab73a016c0> ALGORITHM::PROPOSALS_SENT 1654
<INFO 77ab73a016c0> ALGORITHM::PROPOSALS_RECEIVED 53403
<INFO 77ab6f9f96c0> ALGORITHM::PROPOSALS_SENT 64961
<INFO 77ab6f9f96c0> ALGORITHM::PROPOSALS_RECEIVED 11811
<INFO 77ab709fb6c0> ALGORITHM::PROPOSALS_SENT 61626
<INFO 77ab709fb6c0> ALGORITHM::PROPOSALS_RECEIVED 16429
<INFO 77ab711fc6c0> ALGORITHM::PROPOSALS_SENT 63103
<INFO 77ab711fc6c0> ALGORITHM::PROPOSALS_RECEIVED 16961
<INFO 77ab732006c0> ALGORITHM::PROPOSALS_SENT 16381
<INFO 77ab732006c0> ALGORITHM::PROPOSALS_RECEIVED 62007
<INFO 77ad760a12c0> CORE::RUSAGE::MAX_RSS_KB 8393928
<INFO 77ad760a12c0> CORE::RUSAGE::MINFLT 2097503
<INFO 77ad760a12c0> CORE::RUSAGE::MAJFLT 1
<INFO 77ad760a12c0> CORE::RUSAGE::MAJFLT 1
<INFO 77ad760a12c0> CORE::RUSAGE::INBLK 159096
<INFO 77ad760a12c0> CORE::RUSAGE::OUBLK 20520
<INFO 77ad760a12c0> CORE::UTILS::BYTES_READ 81297408
<INFO 77ad760a12c0> CORE::UTILS::BYTES_WRITTEN 10502144
<INFO 77ad760a12c0> CORE::TIME::IO_WAIT 0.221184 seconds
<INFO 77ad760a12c0> ALGORITHM::TREE_EDGES 437527
<INFO 77ad760a12c0> ALGORITHM::CC_COUNT 7
<INFO 77ad760a12c0> CORE::PHASES 7
<INFO 77ad760a12c0> CORE::TIME::SETUP 3.43144 seconds
<INFO 77ad760a12c0> CORE::TIME::WALL 11.4653 seconds
<INFO 77ad760a12c0> SHUTDOWN
