<INFO 7a1a7bb262c0> STARTUP
<INFO 7a1a7bb262c0> CORE::GRAPH amazon0601-dir
<INFO 7a1a7bb262c0> CORE::ALGORITHM pagerank
<INFO 7a1a7bb262c0> SG-DRIVER-ORIGINAL
<WARNING 7a1a7bb262c0> Disk count not specified, assuming it to be 1
<INFO 7a1a7bb262c0> CORE::CONFIG::PROCESSORS 16
<INFO 7a1a7bb262c0> CORE::CONFIG::PHYSICAL_MEMORY 8589934592
<INFO 7a1a7bb262c0> CORE::CONFIG::VERTICES 403394
<INFO 7a1a7bb262c0> CORE::CONFIG::VERTEX_SIZE 12
<INFO 7a1a7bb262c0> CORE::CONFIG::VERTEX_BUFFER 4841472
<INFO 7a1a7bb262c0> CORE::CONFIG::EDGES 3387388
<INFO 7a1a7bb262c0> CORE::CONFIG::PARTITIONS 16
<INFO 7a1a7bb262c0> CORE::CONFIG::FANOUT 16
<INFO 7a1a7bb262c0> CORE::CONFIG::SUPER_PARTITIONS 1
<INFO 7a1a7bb262c0> CORE::CONFIG::STREAM_UNIT 16777216
<INFO 7a1a7bb262c0> CORE::CONFIG::BUFFER_SIZE 1713658342
<INFO 7a1a7bb262c0> CORE::CONFIG::IO_NUMIOQS 1
<INFO 7a1a7bb262c0> CORE::CONFIG::MAX_BUFFERS 4
<INFO 7a1a7bb262c0> CORE::CONFIG::MAX_STREAMS 5
<WARNING 7a1a7bb262c0> No mount point specified for disk0, falling back to current directory
my size is 40648656
<INFO 7a1a7bb262c0> CORE::PARTITIONS_PROCESSED 22
<INFO 7a1a7bb262c0> CORE::BYTES::EDGES_STREAMED 65991576
<INFO 7a1a7bb262c0> CORE::BYTES::UPDATES_OUT 40609400
<INFO 7a1a7bb262c0> CORE::BYTES::UPDATES_IN 37362944
<INFO 7a1879c006c0> CORE::PARTITIONS_PROCESSED 20
<INFO 7a18793ff6c0> CORE::PARTITIONS_PROCESSED 18
<INFO 7a187ac026c0> CORE::PARTITIONS_PROCESSED 22
<INFO 7a18773fb6c0> CORE::PARTITIONS_PROCESSED 20
<INFO 7a187ac026c0> CORE::BYTES::EDGES_STREAMED 58436268
<INFO 7a1879c006c0> CORE::BYTES::EDGES_STREAMED 48229188
<INFO 7a1879c006c0> CORE::BYTES::UPDATES_OUT 32152792
<INFO 7a18793ff6c0> CORE::BYTES::EDGES_STREAMED 60978540
<INFO 7a18773fb6c0> CORE::BYTES::EDGES_STREAMED 66084504
<INFO 7a18793ff6c0> CORE::BYTES::UPDATES_OUT 40652360
<INFO 7a1879c006c0> CORE::BYTES::UPDATES_IN 33647544
<INFO 7a187ac026c0> CORE::BYTES::UPDATES_OUT 35567296
<INFO 7a187ac026c0> CORE::BYTES::UPDATES_IN 37751056
<INFO 7a18743f56c0> CORE::PARTITIONS_PROCESSED 20
<INFO 7a18793ff6c0> CORE::BYTES::UPDATES_IN 30278608
<INFO 7a18773fb6c0> CORE::BYTES::UPDATES_OUT 44056336
<INFO 7a1876bfa6c0> CORE::PARTITIONS_PROCESSED 23
<INFO 7a18743f56c0> CORE::BYTES::EDGES_STREAMED 43217868
<INFO 7a18743f56c0> CORE::BYTES::UPDATES_OUT 28811912
<INFO 7a18743f56c0> CORE::BYTES::UPDATES_IN 33953320
<INFO 7a18773fb6c0> CORE::BYTES::UPDATES_IN 33660904
<INFO 7a187a4016c0> CORE::PARTITIONS_PROCESSED 19
<INFO 7a187a4016c0> CORE::BYTES::EDGES_STREAMED 58446492
<INFO 7a187a4016c0> CORE::BYTES::UPDATES_OUT 35578816
<INFO 7a187a4016c0> CORE::BYTES::UPDATES_IN 32520632
<INFO 7a1876bfa6c0> CORE::BYTES::EDGES_STREAMED 40694196
<INFO 7a1876bfa6c0> CORE::BYTES::UPDATES_OUT 27129464
<INFO 7a1876bfa6c0> CORE::BYTES::UPDATES_IN 38949160
<INFO 7a1877bfc6c0> CORE::PARTITIONS_PROCESSED 20
<INFO 7a1877bfc6c0> CORE::BYTES::EDGES_STREAMED 63449712
<INFO 7a1877bfc6c0> CORE::BYTES::UPDATES_OUT 38913136
<INFO 7a1877bfc6c0> CORE::BYTES::UPDATES_IN 33770664
<INFO 7a1874bf66c0> CORE::PARTITIONS_PROCESSED 20
<INFO 7a1874bf66c0> CORE::BYTES::EDGES_STREAMED 68755032
<INFO 7a1874bf66c0> CORE::BYTES::UPDATES_OUT 42439904
<INFO 7a1874bf66c0> CORE::BYTES::UPDATES_IN 33702984
<INFO 7a18763f96c0> CORE::PARTITIONS_PROCESSED 20
<INFO 7a18763f96c0> CORE::BYTES::EDGES_STREAMED 45678444
<INFO 7a18763f96c0> CORE::BYTES::UPDATES_OUT 27068768
<INFO 7a18763f96c0> CORE::BYTES::UPDATES_IN 33622840
<INFO 7a1875bf86c0> CORE::PARTITIONS_PROCESSED 16
<INFO 7a18753f76c0> CORE::PARTITIONS_PROCESSED 20
<INFO 7a18783fd6c0> CORE::PARTITIONS_PROCESSED 18
<INFO 7a18753f76c0> CORE::BYTES::EDGES_STREAMED 48252240
<INFO 7a18753f76c0> CORE::BYTES::UPDATES_OUT 32168160
<INFO 7a18753f76c0> CORE::BYTES::UPDATES_IN 33930040
<INFO 7a1873bf46c0> CORE::PARTITIONS_PROCESSED 18
<INFO 7a1873bf46c0> CORE::BYTES::EDGES_STREAMED 53217528
<INFO 7a1873bf46c0> CORE::BYTES::UPDATES_OUT 35478352
<INFO 7a1873bf46c0> CORE::BYTES::UPDATES_IN 30848912
<INFO 7a1878bfe6c0> CORE::PARTITIONS_PROCESSED 24
<INFO 7a1878bfe6c0> CORE::BYTES::EDGES_STREAMED 50880468
<INFO 7a1878bfe6c0> CORE::BYTES::UPDATES_OUT 33920312
<INFO 7a1878bfe6c0> CORE::BYTES::UPDATES_IN 40473544
<INFO 7a1875bf86c0> CORE::BYTES::EDGES_STREAMED 60917748
<INFO 7a1875bf86c0> CORE::BYTES::UPDATES_OUT 37232544
<INFO 7a1875bf86c0> CORE::BYTES::UPDATES_IN 27041608
<INFO 7a18783fd6c0> CORE::BYTES::EDGES_STREAMED 61040628
<INFO 7a18783fd6c0> CORE::BYTES::UPDATES_OUT 37301632
<INFO 7a18783fd6c0> CORE::BYTES::UPDATES_IN 30467320
<INFO 7a1a7bb262c0> CORE::RUSAGE::MAX_RSS_KB 8394144
<INFO 7a1a7bb262c0> CORE::RUSAGE::MINFLT 2097514
<INFO 7a1a7bb262c0> CORE::RUSAGE::MAJFLT 0
<INFO 7a1a7bb262c0> CORE::RUSAGE::MAJFLT 0
<INFO 7a1a7bb262c0> CORE::RUSAGE::INBLK 79392
<INFO 7a1a7bb262c0> CORE::RUSAGE::OUBLK 9472
<INFO 7a1a7bb262c0> CORE::UTILS::BYTES_READ 40648704
<INFO 7a1a7bb262c0> CORE::UTILS::BYTES_WRITTEN 4841472
<INFO 7a1a7bb262c0> CORE::TIME::IO_WAIT 0.120318 seconds
<INFO 7a1a7bb262c0> CORE::PHASES 22
<INFO 7a1a7bb262c0> CORE::TIME::SETUP 3.43218 seconds
<INFO 7a1a7bb262c0> CORE::TIME::STATE_ITER 0.200049 seconds
<INFO 7a1a7bb262c0> CORE::TIME::GATHER 0.552373 seconds
<INFO 7a1a7bb262c0> CORE::TIME::SCATTER 1.182 seconds
<INFO 7a1a7bb262c0> TIME_IN_PC_FN 0.111898 seconds
<INFO 7a1a7bb262c0> CORE::TIME::WALL 5.85202 seconds
<INFO 7a1a7bb262c0> SHUTDOWN
