<INFO 7ba9fcd0f2c0> STARTUP
<INFO 7ba9fcd0f2c0> CORE::GRAPH amazon0601-sym
<INFO 7ba9fcd0f2c0> CORE::ALGORITHM mis
<INFO 7ba9fcd0f2c0> SG-DRIVER-ORIGINAL
<WARNING 7ba9fcd0f2c0> Disk count not specified, assuming it to be 1
<INFO 7ba9fcd0f2c0> CORE::CONFIG::PROCESSORS 16
<INFO 7ba9fcd0f2c0> CORE::CONFIG::PHYSICAL_MEMORY 8589934592
<INFO 7ba9fcd0f2c0> CORE::CONFIG::VERTICES 403394
<INFO 7ba9fcd0f2c0> CORE::CONFIG::VERTEX_SIZE 1
<INFO 7ba9fcd0f2c0> CORE::CONFIG::VERTEX_BUFFER 405504
<INFO 7ba9fcd0f2c0> CORE::CONFIG::EDGES 6774776
<INFO 7ba9fcd0f2c0> CORE::CONFIG::PARTITIONS 16
<INFO 7ba9fcd0f2c0> CORE::CONFIG::FANOUT 16
<INFO 7ba9fcd0f2c0> CORE::CONFIG::SUPER_PARTITIONS 1
<INFO 7ba9fcd0f2c0> CORE::CONFIG::STREAM_UNIT 16777216
<INFO 7ba9fcd0f2c0> CORE::CONFIG::BUFFER_SIZE 1714545536
<INFO 7ba9fcd0f2c0> CORE::CONFIG::IO_NUMIOQS 1
<INFO 7ba9fcd0f2c0> CORE::CONFIG::MAX_BUFFERS 4
<INFO 7ba9fcd0f2c0> CORE::CONFIG::MAX_STREAMS 5
<WARNING 7ba9fcd0f2c0> No mount point specified for disk0, falling back to current directory
my size is 81297312
<INFO 7ba9fcd0f2c0> ALGORITHM::MIS::NOT_IN_MIS 317704
<INFO 7ba7fa6606c0> CORE::PARTITIONS_PROCESSED 54
<INFO 7ba9fcd0f2c0> CORE::PARTITIONS_PROCESSED 96
<INFO 7ba7fae616c0> CORE::PARTITIONS_PROCESSED 50
<INFO 7ba7f965e6c0> CORE::PARTITIONS_PROCESSED 62
<INFO 7ba7f4e556c0> CORE::PARTITIONS_PROCESSED 38
<INFO 7ba7f9e5f6c0> CORE::PARTITIONS_PROCESSED 74
<INFO 7ba7fa6606c0> CORE::BYTES::EDGES_STREAMED 354289080
<INFO 7ba7f9e5f6c0> CORE::BYTES::EDGES_STREAMED 329710464
<INFO 7ba7f865c6c0> CORE::PARTITIONS_PROCESSED 72
<INFO 7ba7fb6626c0> CORE::PARTITIONS_PROCESSED 70
<INFO 7ba7f865c6c0> CORE::BYTES::EDGES_STREAMED 318960732
<INFO 7ba7fae616c0> CORE::BYTES::EDGES_STREAMED 369453600
<INFO 7ba9fcd0f2c0> CORE::BYTES::EDGES_STREAMED 264201996
<INFO 7ba7fa6606c0> CORE::BYTES::UPDATES_OUT 20413880
<INFO 7ba7fa6606c0> CORE::BYTES::UPDATES_IN 18054996
<INFO 7ba9fcd0f2c0> CORE::BYTES::UPDATES_OUT 14500796
<INFO 7ba9fcd0f2c0> CORE::BYTES::UPDATES_IN 23679032
<INFO 7ba7f8e5d6c0> CORE::PARTITIONS_PROCESSED 64
<INFO 7ba7f4e556c0> CORE::BYTES::EDGES_STREAMED 428186232
<INFO 7ba7fb6626c0> CORE::BYTES::EDGES_STREAMED 282029196
<INFO 7ba7f9e5f6c0> CORE::BYTES::UPDATES_OUT 19718968
<INFO 7ba7f9e5f6c0> CORE::BYTES::UPDATES_IN 21292184
<INFO 7ba7f56566c0> CORE::PARTITIONS_PROCESSED 64
<INFO 7ba7f56566c0> CORE::BYTES::EDGES_STREAMED 405739980
<INFO 7ba7fae616c0> CORE::BYTES::UPDATES_OUT 17951620
<INFO 7ba7fae616c0> CORE::BYTES::UPDATES_IN 15608368
<INFO 7ba7f4e556c0> CORE::BYTES::UPDATES_OUT 22860084
<INFO 7ba7f66586c0> CORE::PARTITIONS_PROCESSED 72
<INFO 7ba7f965e6c0> CORE::BYTES::EDGES_STREAMED 365619588
<INFO 7ba7f765a6c0> CORE::PARTITIONS_PROCESSED 80
<INFO 7ba7f8e5d6c0> CORE::BYTES::EDGES_STREAMED 279158772
<INFO 7ba7f8e5d6c0> CORE::BYTES::UPDATES_OUT 16331376
<INFO 7ba7f56566c0> CORE::BYTES::UPDATES_OUT 22329260
<INFO 7ba7f56566c0> CORE::BYTES::UPDATES_IN 18051860
<INFO 7ba7fb6626c0> CORE::BYTES::UPDATES_OUT 15444052
<INFO 7ba7fb6626c0> CORE::BYTES::UPDATES_IN 19587808
<INFO 7ba7f4e556c0> CORE::BYTES::UPDATES_IN 13888036
<INFO 7ba7f765a6c0> CORE::BYTES::EDGES_STREAMED 344242068
<INFO 7ba7f865c6c0> CORE::BYTES::UPDATES_OUT 18328200
<INFO 7ba7f865c6c0> CORE::BYTES::UPDATES_IN 20554436
<INFO 7ba7f66586c0> CORE::BYTES::EDGES_STREAMED 406257432
<INFO 7ba7f66586c0> CORE::BYTES::UPDATES_OUT 20945900
<INFO 7ba7f66586c0> CORE::BYTES::UPDATES_IN 20157108
<INFO 7ba7f5e576c0> CORE::PARTITIONS_PROCESSED 82
<INFO 7ba7f5e576c0> CORE::BYTES::EDGES_STREAMED 319952136
<INFO 7ba7f5e576c0> CORE::BYTES::UPDATES_OUT 19725260
<INFO 7ba7f5e576c0> CORE::BYTES::UPDATES_IN 22031420
<INFO 7ba7f965e6c0> CORE::BYTES::UPDATES_OUT 18501272
<INFO 7ba7f965e6c0> CORE::BYTES::UPDATES_IN 16273924
<INFO 7ba7f765a6c0> CORE::BYTES::UPDATES_OUT 18086116
<INFO 7ba7f765a6c0> CORE::BYTES::UPDATES_IN 19601212
<INFO 7ba7f8e5d6c0> CORE::BYTES::UPDATES_IN 17425996
<INFO 7ba7f7e5b6c0> CORE::PARTITIONS_PROCESSED 62
<INFO 7ba7f7e5b6c0> CORE::BYTES::EDGES_STREAMED 371530320
<INFO 7ba7f7e5b6c0> CORE::BYTES::UPDATES_OUT 19263172
<INFO 7ba7f7e5b6c0> CORE::BYTES::UPDATES_IN 16969864
<INFO 7ba7fbe636c0> CORE::PARTITIONS_PROCESSED 60
<INFO 7ba7fbe636c0> CORE::BYTES::EDGES_STREAMED 374561232
<INFO 7ba7fbe636c0> CORE::BYTES::UPDATES_OUT 20271856
<INFO 7ba7fbe636c0> CORE::BYTES::UPDATES_IN 16303684
<INFO 7ba7f6e596c0> CORE::PARTITIONS_PROCESSED 72
<INFO 7ba7f6e596c0> CORE::BYTES::EDGES_STREAMED 314324388
<INFO 7ba7f6e596c0> CORE::BYTES::UPDATES_OUT 18673112
<INFO 7ba7f6e596c0> CORE::BYTES::UPDATES_IN 21301612
<INFO 7ba9fcd0f2c0> CORE::RUSAGE::MAX_RSS_KB 8394264
<INFO 7ba9fcd0f2c0> CORE::RUSAGE::MINFLT 2097515
<INFO 7ba9fcd0f2c0> CORE::RUSAGE::MAJFLT 0
<INFO 7ba9fcd0f2c0> CORE::RUSAGE::MAJFLT 0
<INFO 7ba9fcd0f2c0> CORE::RUSAGE::INBLK 158784
<INFO 7ba9fcd0f2c0> CORE::RUSAGE::OUBLK 808
<INFO 7ba9fcd0f2c0> CORE::UTILS::BYTES_READ 81297408
<INFO 7ba9fcd0f2c0> CORE::UTILS::BYTES_WRITTEN 405504
<INFO 7ba9fcd0f2c0> CORE::TIME::IO_WAIT 0.191902 seconds
<INFO 7ba9fcd0f2c0> CORE::PHASES 68
<INFO 7ba9fcd0f2c0> CORE::TIME::SETUP 3.43087 seconds
<INFO 7ba9fcd0f2c0> CORE::TIME::STATE_ITER 0.588783 seconds
<INFO 7ba9fcd0f2c0> CORE::TIME::GATHER 1.56185 seconds
<INFO 7ba9fcd0f2c0> CORE::TIME::SCATTER 3.23796 seconds
<INFO 7ba9fcd0f2c0> TIME_IN_PC_FN 0.190066 seconds
<INFO 7ba9fcd0f2c0> CORE::TIME::WALL 10.0988 seconds
<INFO 7ba9fcd0f2c0> SHUTDOWN
