<INFO 787b4c88c2c0> STARTUP
<INFO 787b4c88c2c0> CORE::GRAPH amazon0601-dir
<INFO 787b4c88c2c0> CORE::ALGORITHM pagerank
<INFO 787b4c88c2c0> SG-DRIVER-ORIGINAL
<WARNING 787b4c88c2c0> Disk count not specified, assuming it to be 1
<INFO 787b4c88c2c0> CORE::CONFIG::PROCESSORS 16
<INFO 787b4c88c2c0> CORE::CONFIG::PHYSICAL_MEMORY 8589934592
<INFO 787b4c88c2c0> CORE::CONFIG::VERTICES 403394
<INFO 787b4c88c2c0> CORE::CONFIG::VERTEX_SIZE 12
<INFO 787b4c88c2c0> CORE::CONFIG::VERTEX_BUFFER 4841472
<INFO 787b4c88c2c0> CORE::CONFIG::EDGES 3387388
<INFO 787b4c88c2c0> CORE::CONFIG::PARTITIONS 16
<INFO 787b4c88c2c0> CORE::CONFIG::FANOUT 16
<INFO 787b4c88c2c0> CORE::CONFIG::SUPER_PARTITIONS 1
<INFO 787b4c88c2c0> CORE::CONFIG::STREAM_UNIT 16777216
<INFO 787b4c88c2c0> CORE::CONFIG::BUFFER_SIZE 1713658342
<INFO 787b4c88c2c0> CORE::CONFIG::IO_NUMIOQS 1
<INFO 787b4c88c2c0> CORE::CONFIG::MAX_BUFFERS 4
<INFO 787b4c88c2c0> CORE::CONFIG::MAX_STREAMS 5
<WARNING 787b4c88c2c0> No mount point specified for disk0, falling back to current directory
my size is 40648656
<INFO 787b4c88c2c0> CORE::PARTITIONS_PROCESSED 8
<INFO 787b4c88c2c0> CORE::BYTES::EDGES_STREAMED 45667776
<INFO 787b4c88c2c0> CORE::BYTES::UPDATES_OUT 30445184
<INFO 787b4c88c2c0> CORE::BYTES::UPDATES_IN 13662320
<INFO 7879461f76c0> CORE::PARTITIONS_PROCESSED 10
<INFO 7879459f66c0> CORE::PARTITIONS_PROCESSED 16
<INFO 7879451f56c0> CORE::PARTITIONS_PROCESSED 20
<INFO 7879461f76c0> CORE::BYTES::EDGES_STREAMED 65983572
<INFO 7879459f66c0> CORE::BYTES::EDGES_STREAMED 58569960
<INFO 78794ba026c0> CORE::PARTITIONS_PROCESSED 22
<INFO 7879451f56c0> CORE::BYTES::EDGES_STREAMED 55947060
<INFO 78794ba026c0> CORE::BYTES::EDGES_STREAMED 76219308
<INFO 7879459f66c0> CORE::BYTES::UPDATES_OUT 35649856
<INFO 7879459f66c0> CORE::BYTES::UPDATES_IN 27009280
<INFO 7879461f76c0> CORE::BYTES::UPDATES_OUT 40604976
<INFO 7879461f76c0> CORE::BYTES::UPDATES_IN 16949640
<INFO 7879479fa6c0> CORE::PARTITIONS_PROCESSED 20
<INFO 7879451f56c0> CORE::BYTES::UPDATES_OUT 37298040
<INFO 7879451f56c0> CORE::BYTES::UPDATES_IN 33807952
<INFO 7879479fa6c0> CORE::BYTES::EDGES_STREAMED 43186224
<INFO 7879479fa6c0> CORE::BYTES::UPDATES_OUT 25405552
<INFO 7879479fa6c0> CORE::BYTES::UPDATES_IN 33984424
<INFO 78794a1ff6c0> CORE::PARTITIONS_PROCESSED 10
<INFO 78794ba026c0> CORE::BYTES::UPDATES_OUT 47424768
<INFO 78794ba026c0> CORE::BYTES::UPDATES_IN 37675328
<INFO 78794a1ff6c0> CORE::BYTES::EDGES_STREAMED 45762600
<INFO 78794a1ff6c0> CORE::BYTES::UPDATES_OUT 27115984
<INFO 78794a1ff6c0> CORE::BYTES::UPDATES_IN 16847200
<INFO 7879481fb6c0> CORE::PARTITIONS_PROCESSED 30
<INFO 7879481fb6c0> CORE::BYTES::EDGES_STREAMED 66124608
<INFO 7879481fb6c0> CORE::BYTES::UPDATES_OUT 44083072
<INFO 7879481fb6c0> CORE::BYTES::UPDATES_IN 50577888
<INFO 78794aa006c0> CORE::PARTITIONS_PROCESSED 24
<INFO 78794aa006c0> CORE::BYTES::EDGES_STREAMED 53313516
<INFO 78794aa006c0> CORE::BYTES::UPDATES_OUT 35542344
<INFO 78794aa006c0> CORE::BYTES::UPDATES_IN 40316456
<INFO 7879491fd6c0> CORE::PARTITIONS_PROCESSED 18
<INFO 7879491fd6c0> CORE::BYTES::EDGES_STREAMED 50880840
<INFO 7879491fd6c0> CORE::BYTES::UPDATES_OUT 33920560
<INFO 7879491fd6c0> CORE::BYTES::UPDATES_IN 30449512
<INFO 7879449f46c0> CORE::PARTITIONS_PROCESSED 28
<INFO 7879449f46c0> CORE::BYTES::EDGES_STREAMED 50646432
<INFO 7879449f46c0> CORE::BYTES::UPDATES_OUT 30386592
<INFO 7879449f46c0> CORE::BYTES::UPDATES_IN 47699864
<INFO 7879499fe6c0> CORE::PARTITIONS_PROCESSED 20
<INFO 7879499fe6c0> CORE::BYTES::EDGES_STREAMED 55955448
<INFO 7879499fe6c0> CORE::BYTES::UPDATES_OUT 33915536
<INFO 7879499fe6c0> CORE::BYTES::UPDATES_IN 33734432
<INFO 78794b2016c0> CORE::PARTITIONS_PROCESSED 24
<INFO 7879489fc6c0> CORE::PARTITIONS_PROCESSED 20
<INFO 78794b2016c0> CORE::BYTES::EDGES_STREAMED 55906092
<INFO 78794b2016c0> CORE::BYTES::UPDATES_OUT 37270728
<INFO 78794b2016c0> CORE::BYTES::UPDATES_IN 41008112
<INFO 7879489fc6c0> CORE::BYTES::EDGES_STREAMED 78687732
<INFO 7879489fc6c0> CORE::BYTES::UPDATES_OUT 49071816
<INFO 7879489fc6c0> CORE::BYTES::UPDATES_IN 33834168
<INFO 7879469f86c0> CORE::PARTITIONS_PROCESSED 18
<INFO 7879471f96c0> CORE::PARTITIONS_PROCESSED 32
<INFO 7879469f86c0> CORE::BYTES::EDGES_STREAMED 35546460
<INFO 7879469f86c0> CORE::BYTES::UPDATES_OUT 23697640
<INFO 7879469f86c0> CORE::BYTES::UPDATES_IN 30407888
<INFO 7879471f96c0> CORE::BYTES::EDGES_STREAMED 55872804
<INFO 7879471f96c0> CORE::BYTES::UPDATES_OUT 37248536
<INFO 7879471f96c0> CORE::BYTES::UPDATES_IN 54017616
<INFO 787b4c88c2c0> CORE::RUSAGE::MAX_RSS_KB 8393940
<INFO 787b4c88c2c0> CORE::RUSAGE::MINFLT 2097512
<INFO 787b4c88c2c0> CORE::RUSAGE::MAJFLT 0
<INFO 787b4c88c2c0> CORE::RUSAGE::MAJFLT 0
<INFO 787b4c88c2c0> CORE::RUSAGE::INBLK 79392
<INFO 787b4c88c2c0> CORE::RUSAGE::OUBLK 9472
<INFO 787b4c88c2c0> CORE::UTILS::BYTES_READ 40648704
<INFO 787b4c88c2c0> CORE::UTILS::BYTES_WRITTEN 4841472
<INFO 787b4c88c2c0> CORE::TIME::IO_WAIT 0.120998 seconds
<INFO 787b4c88c2c0> CORE::PHASES 22
<INFO 787b4c88c2c0> CORE::TIME::SETUP 3.42158 seconds
<INFO 787b4c88c2c0> CORE::TIME::STATE_ITER 0.198827 seconds
<INFO 787b4c88c2c0> CORE::TIME::GATHER 0.53476 seconds
<INFO 787b4c88c2c0> CORE::TIME::SCATTER 1.07599 seconds
<INFO 787b4c88c2c0> TIME_IN_PC_FN 0.065641 seconds
<INFO 787b4c88c2c0> CORE::TIME::WALL 5.68097 seconds
<INFO 787b4c88c2c0> SHUTDOWN
