<INFO 77f0de6ad2c0> STARTUP
<INFO 77f0de6ad2c0> CORE::GRAPH amazon0601-sym
<INFO 77f0de6ad2c0> CORE::ALGORITHM mis
<INFO 77f0de6ad2c0> SG-DRIVER-ORIGINAL
<WARNING 77f0de6ad2c0> Disk count not specified, assuming it to be 1
<INFO 77f0de6ad2c0> CORE::CONFIG::PROCESSORS 16
<INFO 77f0de6ad2c0> CORE::CONFIG::PHYSICAL_MEMORY 8589934592
<INFO 77f0de6ad2c0> CORE::CONFIG::VERTICES 403394
<INFO 77f0de6ad2c0> CORE::CONFIG::VERTEX_SIZE 1
<INFO 77f0de6ad2c0> CORE::CONFIG::VERTEX_BUFFER 405504
<INFO 77f0de6ad2c0> CORE::CONFIG::EDGES 6774776
<INFO 77f0de6ad2c0> CORE::CONFIG::PARTITIONS 16
<INFO 77f0de6ad2c0> CORE::CONFIG::FANOUT 16
<INFO 77f0de6ad2c0> CORE::CONFIG::SUPER_PARTITIONS 1
<INFO 77f0de6ad2c0> CORE::CONFIG::STREAM_UNIT 16777216
<INFO 77f0de6ad2c0> CORE::CONFIG::BUFFER_SIZE 1714545536
<INFO 77f0de6ad2c0> CORE::CONFIG::IO_NUMIOQS 1
<INFO 77f0de6ad2c0> CORE::CONFIG::MAX_BUFFERS 4
<INFO 77f0de6ad2c0> CORE::CONFIG::MAX_STREAMS 5
<WARNING 77f0de6ad2c0> No mount point specified for disk0, falling back to current directory
my size is 81297312
<INFO 77f0de6ad2c0> ALGORITHM::MIS::NOT_IN_MIS 317704
<INFO 77f0de6ad2c0> CORE::PARTITIONS_PROCESSED 54
<INFO 77eed80586c0> CORE::PARTITIONS_PROCESSED 72
<INFO 77eed80586c0> CORE::BYTES::EDGES_STREAMED 315028524
<INFO 77eedc8616c0> CORE::PARTITIONS_PROCESSED 50
<INFO 77eed78576c0> CORE::PARTITIONS_PROCESSED 86
<INFO 77eedc8616c0> CORE::BYTES::EDGES_STREAMED 384730440
<INFO 77f0de6ad2c0> CORE::BYTES::EDGES_STREAMED 345751548
<INFO 77eeda05c6c0> CORE::PARTITIONS_PROCESSED 52
<INFO 77eedc0606c0> CORE::PARTITIONS_PROCESSED 68
<INFO 77f0de6ad2c0> CORE::BYTES::UPDATES_OUT 16341540
<INFO 77eed78576c0> CORE::BYTES::EDGES_STREAMED 294497868
<INFO 77eed80586c0> CORE::BYTES::UPDATES_OUT 17775748
<INFO 77eedc8616c0> CORE::BYTES::UPDATES_OUT 20818388
<INFO 77eed80586c0> CORE::BYTES::UPDATES_IN 18446692
<INFO 77eedc8616c0> CORE::BYTES::UPDATES_IN 12151872
<INFO 77eeda05c6c0> CORE::BYTES::EDGES_STREAMED 343926600
<INFO 77eed905a6c0> CORE::PARTITIONS_PROCESSED 58
<INFO 77f0de6ad2c0> CORE::BYTES::UPDATES_IN 14775616
<INFO 77eed905a6c0> CORE::BYTES::EDGES_STREAMED 374540916
<INFO 77eed905a6c0> CORE::BYTES::UPDATES_OUT 20502184
<INFO 77eed78576c0> CORE::BYTES::UPDATES_OUT 14892608
<INFO 77eeda05c6c0> CORE::BYTES::UPDATES_OUT 21334640
<INFO 77eed68556c0> CORE::PARTITIONS_PROCESSED 56
<INFO 77eed905a6c0> CORE::BYTES::UPDATES_IN 19792180
<INFO 77eed78576c0> CORE::BYTES::UPDATES_IN 26706692
<INFO 77eedb05e6c0> CORE::PARTITIONS_PROCESSED 60
<INFO 77eeda05c6c0> CORE::BYTES::UPDATES_IN 14162892
<INFO 77eedb05e6c0> CORE::BYTES::EDGES_STREAMED 340300368
<INFO 77eedc0606c0> CORE::BYTES::EDGES_STREAMED 339133800
<INFO 77eedc0606c0> CORE::BYTES::UPDATES_OUT 16043640
<INFO 77eedc0606c0> CORE::BYTES::UPDATES_IN 18535324
<INFO 77eed70566c0> CORE::PARTITIONS_PROCESSED 76
<INFO 77eed70566c0> CORE::BYTES::EDGES_STREAMED 309098112
<INFO 77eed70566c0> CORE::BYTES::UPDATES_OUT 16666356
<INFO 77eed70566c0> CORE::BYTES::UPDATES_IN 20524332
<INFO 77eed985b6c0> CORE::PARTITIONS_PROCESSED 82
<INFO 77eed985b6c0> CORE::BYTES::EDGES_STREAMED 310698768
<INFO 77eed985b6c0> CORE::BYTES::UPDATES_OUT 19507440
<INFO 77eed985b6c0> CORE::BYTES::UPDATES_IN 22227768
<INFO 77eedd8636c0> CORE::PARTITIONS_PROCESSED 84
<INFO 77eedd8636c0> CORE::BYTES::EDGES_STREAMED 323324160
<INFO 77eedd8636c0> CORE::BYTES::UPDATES_OUT 20694172
<INFO 77eedd8636c0> CORE::BYTES::UPDATES_IN 22861348
<INFO 77eed88596c0> CORE::PARTITIONS_PROCESSED 73
<INFO 77eeda85d6c0> CORE::PARTITIONS_PROCESSED 68
<INFO 77eeda85d6c0> CORE::BYTES::EDGES_STREAMED 355402536
<INFO 77eed68556c0> CORE::BYTES::EDGES_STREAMED 367293168
<INFO 77eedb05e6c0> CORE::BYTES::UPDATES_OUT 18123032
<INFO 77eed68556c0> CORE::BYTES::UPDATES_OUT 18523364
<INFO 77eed88596c0> CORE::BYTES::EDGES_STREAMED 385374828
<INFO 77eed68556c0> CORE::BYTES::UPDATES_IN 16458712
<INFO 77eed88596c0> CORE::BYTES::UPDATES_OUT 18171356
<INFO 77eedd0626c0> CORE::PARTITIONS_PROCESSED 44
<INFO 77eed88596c0> CORE::BYTES::UPDATES_IN 19451940
<INFO 77eeda85d6c0> CORE::BYTES::UPDATES_OUT 20379836
<INFO 77eedd0626c0> CORE::BYTES::EDGES_STREAMED 363572964
<INFO 77eedd0626c0> CORE::BYTES::UPDATES_OUT 22337948
<INFO 77eedd0626c0> CORE::BYTES::UPDATES_IN 11869796
<INFO 77eedb05e6c0> CORE::BYTES::UPDATES_IN 20371856
<INFO 77eedb85f6c0> CORE::PARTITIONS_PROCESSED 89
<INFO 77eeda85d6c0> CORE::BYTES::UPDATES_IN 17064160
<INFO 77eedb85f6c0> CORE::BYTES::EDGES_STREAMED 375542616
<INFO 77eedb85f6c0> CORE::BYTES::UPDATES_OUT 21232672
<INFO 77eedb85f6c0> CORE::BYTES::UPDATES_IN 25380360
<INFO 77f0de6ad2c0> CORE::RUSAGE::MAX_RSS_KB 8394136
<INFO 77f0de6ad2c0> CORE::RUSAGE::MINFLT 2097518
<INFO 77f0de6ad2c0> CORE::RUSAGE::MAJFLT 0
<INFO 77f0de6ad2c0> CORE::RUSAGE::MAJFLT 0
<INFO 77f0de6ad2c0> CORE::RUSAGE::INBLK 158784
<INFO 77f0de6ad2c0> CORE::RUSAGE::OUBLK 808
<INFO 77f0de6ad2c0> CORE::UTILS::BYTES_READ 81297408
<INFO 77f0de6ad2c0> CORE::UTILS::BYTES_WRITTEN 405504
<INFO 77f0de6ad2c0> CORE::TIME::IO_WAIT 0.208904 seconds
<INFO 77f0de6ad2c0> CORE::PHASES 68
<INFO 77f0de6ad2c0> CORE::TIME::SETUP 3.43182 seconds
<INFO 77f0de6ad2c0> CORE::TIME::STATE_ITER 0.702887 seconds
<INFO 77f0de6ad2c0> CORE::TIME::GATHER 1.87934 seconds
<INFO 77f0de6ad2c0> CORE::TIME::SCATTER 4.091 seconds
<INFO 77f0de6ad2c0> TIME_IN_PC_FN 0.244881 seconds
<INFO 77f0de6ad2c0> CORE::TIME::WALL 11.7746 seconds
<INFO 77f0de6ad2c0> SHUTDOWN
