<INFO 7217f0a912c0> STARTUP
<INFO 7217f0a912c0> CORE::GRAPH amazon0601-sym
<INFO 7217f0a912c0> CORE::ALGORITHM mis
<INFO 7217f0a912c0> SG-DRIVER-ORIGINAL
<WARNING 7217f0a912c0> Disk count not specified, assuming it to be 1
<INFO 7217f0a912c0> CORE::CONFIG::PROCESSORS 16
<INFO 7217f0a912c0> CORE::CONFIG::PHYSICAL_MEMORY 8589934592
<INFO 7217f0a912c0> CORE::CONFIG::VERTICES 403394
<INFO 7217f0a912c0> CORE::CONFIG::VERTEX_SIZE 1
<INFO 7217f0a912c0> CORE::CONFIG::VERTEX_BUFFER 405504
<INFO 7217f0a912c0> CORE::CONFIG::EDGES 6774776
<INFO 7217f0a912c0> CORE::CONFIG::PARTITIONS 16
<INFO 7217f0a912c0> CORE::CONFIG::FANOUT 16
<INFO 7217f0a912c0> CORE::CONFIG::SUPER_PARTITIONS 1
<INFO 7217f0a912c0> CORE::CONFIG::STREAM_UNIT 16777216
<INFO 7217f0a912c0> CORE::CONFIG::BUFFER_SIZE 1714545536
<INFO 7217f0a912c0> CORE::CONFIG::IO_NUMIOQS 1
<INFO 7217f0a912c0> CORE::CONFIG::MAX_BUFFERS 4
<INFO 7217f0a912c0> CORE::CONFIG::MAX_STREAMS 5
<WARNING 7217f0a912c0> No mount point specified for disk0, falling back to current directory
my size is 81297312
<INFO 7217f0a912c0> ALGORITHM::MIS::NOT_IN_MIS 317704
<INFO 7217f0a912c0> CORE::PARTITIONS_PROCESSED 34
<INFO 7217f0a912c0> CORE::BYTES::EDGES_STREAMED 375606624
<INFO 7217f0a912c0> CORE::BYTES::UPDATES_OUT 19270664
<INFO 7217f0a912c0> CORE::BYTES::UPDATES_IN 13127084
<INFO 7215e9c576c0> CORE::PARTITIONS_PROCESSED 70
<INFO 7215ebc5b6c0> CORE::PARTITIONS_PROCESSED 42
<INFO 7215e9c576c0> CORE::BYTES::EDGES_STREAMED 360235032
<INFO 7215e9c576c0> CORE::BYTES::UPDATES_OUT 18186720
<INFO 7215ebc5b6c0> CORE::BYTES::EDGES_STREAMED 325759464
<INFO 7215ebc5b6c0> CORE::BYTES::UPDATES_OUT 20544160
<INFO 7215e9c576c0> CORE::BYTES::UPDATES_IN 16683680
<INFO 7215ef4626c0> CORE::PARTITIONS_PROCESSED 86
<INFO 7215ef4626c0> CORE::BYTES::EDGES_STREAMED 348373488
<INFO 7215ef4626c0> CORE::BYTES::UPDATES_OUT 17221492
<INFO 7215ef4626c0> CORE::BYTES::UPDATES_IN 21921320
<INFO 7215ea4586c0> CORE::PARTITIONS_PROCESSED 84
<INFO 7215ea4586c0> CORE::BYTES::EDGES_STREAMED 304852596
<INFO 7215ea4586c0> CORE::BYTES::UPDATES_OUT 16032364
<INFO 7215ea4586c0> CORE::BYTES::UPDATES_IN 23930884
<INFO 7215ee4606c0> CORE::PARTITIONS_PROCESSED 82
<INFO 7215ee4606c0> CORE::BYTES::EDGES_STREAMED 293612544
<INFO 7215ee4606c0> CORE::BYTES::UPDATES_OUT 17651472
<INFO 7215ee4606c0> CORE::BYTES::UPDATES_IN 19572496
<INFO 7215e94566c0> CORE::PARTITIONS_PROCESSED 94
<INFO 7215e94566c0> CORE::BYTES::EDGES_STREAMED 314650848
<INFO 7215e94566c0> CORE::BYTES::UPDATES_OUT 17668228
<INFO 7215e94566c0> CORE::BYTES::UPDATES_IN 27075004
<INFO 7215ed45e6c0> CORE::PARTITIONS_PROCESSED 60
<INFO 7215ed45e6c0> CORE::BYTES::EDGES_STREAMED 365610360
<INFO 7215ed45e6c0> CORE::BYTES::UPDATES_OUT 20132792
<INFO 7215ed45e6c0> CORE::BYTES::UPDATES_IN 16271112
<INFO 7215e8c556c0> CORE::PARTITIONS_PROCESSED 60
<INFO 7215e8c556c0> CORE::BYTES::EDGES_STREAMED 417829908
<INFO 7215e8c556c0> CORE::BYTES::UPDATES_OUT 19444900
<INFO 7215e8c556c0> CORE::BYTES::UPDATES_IN 17518128
<INFO 7215efc636c0> CORE::PARTITIONS_PROCESSED 52
<INFO 7215efc636c0> CORE::BYTES::EDGES_STREAMED 390250716
<INFO 7215efc636c0> CORE::BYTES::UPDATES_OUT 24886772
<INFO 7215efc636c0> CORE::BYTES::UPDATES_IN 11488736
<INFO 7215ec45c6c0> CORE::PARTITIONS_PROCESSED 84
<INFO 7215ec45c6c0> CORE::BYTES::EDGES_STREAMED 298463916
<INFO 7215ec45c6c0> CORE::BYTES::UPDATES_OUT 15480392
<INFO 7215ec45c6c0> CORE::BYTES::UPDATES_IN 19976252
<INFO 7215ebc5b6c0> CORE::BYTES::UPDATES_IN 9787024
<INFO 7215ecc5d6c0> CORE::PARTITIONS_PROCESSED 52
<INFO 7215ecc5d6c0> CORE::BYTES::EDGES_STREAMED 401014896
<INFO 7215ecc5d6c0> CORE::BYTES::UPDATES_OUT 21308936
<INFO 7215ecc5d6c0> CORE::BYTES::UPDATES_IN 19222848
<INFO 7215eac596c0> CORE::PARTITIONS_PROCESSED 50
<INFO 7215eac596c0> CORE::BYTES::EDGES_STREAMED 329372520
<INFO 7215eac596c0> CORE::BYTES::UPDATES_OUT 19174228
<INFO 7215eac596c0> CORE::BYTES::UPDATES_IN 22616092
<INFO 7215edc5f6c0> CORE::PARTITIONS_PROCESSED 84
<INFO 7215edc5f6c0> CORE::BYTES::EDGES_STREAMED 365361492
<INFO 7215edc5f6c0> CORE::BYTES::UPDATES_OUT 19880544
<INFO 7215edc5f6c0> CORE::BYTES::UPDATES_IN 16660624
<INFO 7215eb45a6c0> CORE::PARTITIONS_PROCESSED 58
<INFO 7215eec616c0> CORE::PARTITIONS_PROCESSED 80
<INFO 7215eb45a6c0> CORE::BYTES::EDGES_STREAMED 359014104
<INFO 7215eec616c0> CORE::BYTES::EDGES_STREAMED 278208708
<INFO 7215eb45a6c0> CORE::BYTES::UPDATES_OUT 20347700
<INFO 7215eec616c0> CORE::BYTES::UPDATES_OUT 16113560
<INFO 7215eec616c0> CORE::BYTES::UPDATES_IN 23217444
<INFO 7215eb45a6c0> CORE::BYTES::UPDATES_IN 21712812
<INFO 7217f0a912c0> CORE::RUSAGE::MAX_RSS_KB 8394004
<INFO 7217f0a912c0> CORE::RUSAGE::MINFLT 2097510
<INFO 7217f0a912c0> CORE::RUSAGE::MAJFLT 0
<INFO 7217f0a912c0> CORE::RUSAGE::MAJFLT 0
<INFO 7217f0a912c0> CORE::RUSAGE::INBLK 158784
<INFO 7217f0a912c0> CORE::RUSAGE::OUBLK 808
<INFO 7217f0a912c0> CORE::UTILS::BYTES_READ 81297408
<INFO 7217f0a912c0> CORE::UTILS::BYTES_WRITTEN 405504
<INFO 7217f0a912c0> CORE::TIME::IO_WAIT 0.210014 seconds
<INFO 7217f0a912c0> CORE::PHASES 68
<INFO 7217f0a912c0> CORE::TIME::SETUP 3.4302 seconds
<INFO 7217f0a912c0> CORE::TIME::STATE_ITER 0.781839 seconds
<INFO 7217f0a912c0> CORE::TIME::GATHER 2.24034 seconds
<INFO 7217f0a912c0> CORE::TIME::SCATTER 4.73204 seconds
<INFO 7217f0a912c0> TIME_IN_PC_FN 0.309083 seconds
<INFO 7217f0a912c0> CORE::TIME::WALL 13.1842 seconds
<INFO 7217f0a912c0> SHUTDOWN
