<INFO 7321fb33d2c0> STARTUP
<INFO 7321fb33d2c0> CORE::GRAPH amazon0601-dir
<INFO 7321fb33d2c0> CORE::ALGORITHM sssp
<INFO 7321fb33d2c0> SG-DRIVER-ORIGINAL
<WARNING 7321fb33d2c0> Disk count not specified, assuming it to be 1
<INFO 7321fb33d2c0> CORE::CONFIG::PROCESSORS 16
<INFO 7321fb33d2c0> CORE::CONFIG::PHYSICAL_MEMORY 8589934592
<INFO 7321fb33d2c0> CORE::CONFIG::VERTICES 403394
<INFO 7321fb33d2c0> CORE::CONFIG::VERTEX_SIZE 16
<INFO 7321fb33d2c0> CORE::CONFIG::VERTEX_BUFFER 6455296
<INFO 7321fb33d2c0> CORE::CONFIG::EDGES 3387388
<INFO 7321fb33d2c0> CORE::CONFIG::PARTITIONS 16
<INFO 7321fb33d2c0> CORE::CONFIG::FANOUT 16
<INFO 7321fb33d2c0> CORE::CONFIG::SUPER_PARTITIONS 1
<INFO 7321fb33d2c0> CORE::CONFIG::STREAM_UNIT 16777216
<INFO 7321fb33d2c0> CORE::CONFIG::BUFFER_SIZE 1713335577
<INFO 7321fb33d2c0> CORE::CONFIG::IO_NUMIOQS 1
<INFO 7321fb33d2c0> CORE::CONFIG::MAX_BUFFERS 4
<INFO 7321fb33d2c0> CORE::CONFIG::MAX_STREAMS 5
<WARNING 7321fb33d2c0> No mount point specified for disk0, falling back to current directory
my size is 40648656
<INFO 7321fb33d2c0> CORE::PARTITIONS_PROCESSED 58
<INFO 7321fb33d2c0> CORE::BYTES::EDGES_STREAMED 134518104
<INFO 7321fb33d2c0> CORE::BYTES::UPDATES_OUT 21673440
<INFO 7321fb33d2c0> CORE::BYTES::UPDATES_IN 27691692
<INFO 731ff53f96c0> CORE::PARTITIONS_PROCESSED 66
<INFO 731ff3bf66c0> CORE::PARTITIONS_PROCESSED 68
<INFO 731ff53f96c0> CORE::BYTES::EDGES_STREAMED 147280980
<INFO 731ff3bf66c0> CORE::BYTES::EDGES_STREAMED 149900964
<INFO 731ff53f96c0> CORE::BYTES::UPDATES_OUT 25824312
<INFO 731ff53f96c0> CORE::BYTES::UPDATES_IN 23394276
<INFO 731ffa4036c0> CORE::PARTITIONS_PROCESSED 63
<INFO 731ffa4036c0> CORE::BYTES::EDGES_STREAMED 132119952
<INFO 731ff3bf66c0> CORE::BYTES::UPDATES_OUT 23789460
<INFO 731ffa4036c0> CORE::BYTES::UPDATES_OUT 22162848
<INFO 731ff3bf66c0> CORE::BYTES::UPDATES_IN 28253748
<INFO 731ff43f76c0> CORE::PARTITIONS_PROCESSED 51
<INFO 731ffa4036c0> CORE::BYTES::UPDATES_IN 22773804
<INFO 731ff43f76c0> CORE::BYTES::EDGES_STREAMED 152766504
<INFO 731ff43f76c0> CORE::BYTES::UPDATES_OUT 21908508
<INFO 731ff4bf86c0> CORE::PARTITIONS_PROCESSED 57
<INFO 731ff4bf86c0> CORE::BYTES::EDGES_STREAMED 139727784
<INFO 731ff43f76c0> CORE::BYTES::UPDATES_IN 16015488
<INFO 731ff4bf86c0> CORE::BYTES::UPDATES_OUT 20007156
<INFO 731ff63fb6c0> CORE::PARTITIONS_PROCESSED 83
<INFO 731ff63fb6c0> CORE::BYTES::EDGES_STREAMED 139731396
<INFO 731ff63fb6c0> CORE::BYTES::UPDATES_OUT 23556768
<INFO 731ff4bf86c0> CORE::BYTES::UPDATES_IN 17014668
<INFO 731ff63fb6c0> CORE::BYTES::UPDATES_IN 24162108
<INFO 731ff8c006c0> CORE::PARTITIONS_PROCESSED 50
<INFO 731ff7bfe6c0> CORE::PARTITIONS_PROCESSED 58
<INFO 731ff73fd6c0> CORE::PARTITIONS_PROCESSED 65
<INFO 731ff7bfe6c0> CORE::BYTES::EDGES_STREAMED 127211088
<INFO 731ff8c006c0> CORE::BYTES::EDGES_STREAMED 160131132
<INFO 731ff94016c0> CORE::PARTITIONS_PROCESSED 58
<INFO 731ff94016c0> CORE::BYTES::EDGES_STREAMED 162522708
<INFO 731ff94016c0> CORE::BYTES::UPDATES_OUT 23864316
<INFO 731ff73fd6c0> CORE::BYTES::EDGES_STREAMED 134549064
<INFO 731ff73fd6c0> CORE::BYTES::UPDATES_OUT 19608804
<INFO 731ff73fd6c0> CORE::BYTES::UPDATES_IN 21617388
<INFO 731ff7bfe6c0> CORE::BYTES::UPDATES_OUT 19282392
<INFO 731ff7bfe6c0> CORE::BYTES::UPDATES_IN 20125872
<INFO 731ff6bfc6c0> CORE::PARTITIONS_PROCESSED 53
<INFO 731ff9c026c0> CORE::PARTITIONS_PROCESSED 55
<INFO 731ff5bfa6c0> CORE::PARTITIONS_PROCESSED 62
<INFO 731ff8c006c0> CORE::BYTES::UPDATES_OUT 19484172
<INFO 731ff5bfa6c0> CORE::BYTES::EDGES_STREAMED 144644760
<INFO 731ff5bfa6c0> CORE::BYTES::UPDATES_OUT 21206496
<INFO 731ff9c026c0> CORE::BYTES::EDGES_STREAMED 149901504
<INFO 731ff5bfa6c0> CORE::BYTES::UPDATES_IN 22080876
<INFO 731ff6bfc6c0> CORE::BYTES::EDGES_STREAMED 152491380
<INFO 731ff6bfc6c0> CORE::BYTES::UPDATES_OUT 22483212
<INFO 731ff6bfc6c0> CORE::BYTES::UPDATES_IN 24281940
<INFO 731ff83ff6c0> CORE::PARTITIONS_PROCESSED 73
<INFO 731ff33f56c0> CORE::PARTITIONS_PROCESSED 64
<INFO 731ff33f56c0> CORE::BYTES::EDGES_STREAMED 129296592
<INFO 731ff33f56c0> CORE::BYTES::UPDATES_OUT 22196148
<INFO 731ff33f56c0> CORE::BYTES::UPDATES_IN 21562164
<INFO 731ff8c006c0> CORE::BYTES::UPDATES_IN 19463448
<INFO 731ff9c026c0> CORE::BYTES::UPDATES_OUT 19533600
<INFO 731ff9c026c0> CORE::BYTES::UPDATES_IN 19207452
<INFO 731ff83ff6c0> CORE::BYTES::EDGES_STREAMED 162777504
<INFO 731ff83ff6c0> CORE::BYTES::UPDATES_OUT 21751836
<INFO 731ff83ff6c0> CORE::BYTES::UPDATES_IN 19069872
<INFO 731ff94016c0> CORE::BYTES::UPDATES_IN 21618672
<INFO 7321fb33d2c0> CORE::RUSAGE::MAX_RSS_KB 8393724
<INFO 7321fb33d2c0> CORE::RUSAGE::MINFLT 2097520
<INFO 7321fb33d2c0> CORE::RUSAGE::MAJFLT 0
<INFO 7321fb33d2c0> CORE::RUSAGE::MAJFLT 0
<INFO 7321fb33d2c0> CORE::RUSAGE::INBLK 79392
<INFO 7321fb33d2c0> CORE::RUSAGE::OUBLK 12624
<INFO 7321fb33d2c0> CORE::UTILS::BYTES_READ 40648704
<INFO 7321fb33d2c0> CORE::UTILS::BYTES_WRITTEN 6455296
<INFO 7321fb33d2c0> CORE::TIME::IO_WAIT 0.12602 seconds
<INFO 7321fb33d2c0> CORE::PHASES 64
<INFO 7321fb33d2c0> CORE::TIME::SETUP 3.43779 seconds
<INFO 7321fb33d2c0> CORE::TIME::STATE_ITER 0.012097 seconds
<INFO 7321fb33d2c0> CORE::TIME::GATHER 1.89618 seconds
<INFO 7321fb33d2c0> CORE::TIME::SCATTER 3.66501 seconds
<INFO 7321fb33d2c0> TIME_IN_PC_FN 0.104558 seconds
<INFO 7321fb33d2c0> CORE::TIME::WALL 10.6435 seconds
<INFO 7321fb33d2c0> SHUTDOWN
