<INFO 767209ae02c0> STARTUP
<INFO 767209ae02c0> CORE::GRAPH amazon0601-sym
<INFO 767209ae02c0> CORE::ALGORITHM mcst
<WARNING 767209ae02c0> Disk count not specified, assuming it to be 1
<INFO 767209ae02c0> CORE::CONFIG::PROCESSORS 16
<INFO 767209ae02c0> CORE::CONFIG::PHYSICAL_MEMORY 8589934592
<INFO 767209ae02c0> CORE::CONFIG::VERTICES 403394
<INFO 767209ae02c0> CORE::CONFIG::VERTEX_SIZE 16
<INFO 767209ae02c0> CORE::CONFIG::VERTEX_BUFFER 6455296
<INFO 767209ae02c0> CORE::CONFIG::EDGES 6774776
<INFO 767209ae02c0> CORE::CONFIG::PARTITIONS 16
<INFO 767209ae02c0> CORE::CONFIG::FANOUT 16
<INFO 767209ae02c0> CORE::CONFIG::SUPER_PARTITIONS 1
<INFO 767209ae02c0> CORE::CONFIG::STREAM_UNIT 16777216
<INFO 767209ae02c0> CORE::CONFIG::BUFFER_SIZE 1427778834
<INFO 767209ae02c0> CORE::CONFIG::IO_NUMIOQS 1
<INFO 767209ae02c0> CORE::CONFIG::MAX_BUFFERS 5
<INFO 767209ae02c0> CORE::CONFIG::MAX_STREAMS 6
<WARNING 767209ae02c0> No mount point specified for disk0, falling back to current directory
my size is 81297312
<INFO 767209ae02c0> ALGORITHM::PROPOSALS_SENT 4748
<INFO 767004bfc6c0> ALGORITHM::PROPOSALS_SENT 1503
<INFO 767209ae02c0> ALGORITHM::PROPOSALS_RECEIVED 61896
<INFO 767006c006c0> ALGORITHM::PROPOSALS_SENT 65042
<INFO 767005bfe6c0> ALGORITHM::PROPOSALS_SENT 66835
<INFO 767005bfe6c0> ALGORITHM::PROPOSALS_RECEIVED 0
<INFO 767006c006c0> ALGORITHM::PROPOSALS_RECEIVED 1092
<INFO 767004bfc6c0> ALGORITHM::PROPOSALS_RECEIVED 16959
<INFO 767007c026c0> ALGORITHM::PROPOSALS_SENT 4675
<INFO 767007c026c0> ALGORITHM::PROPOSALS_RECEIVED 59757
<INFO 767008c046c0> ALGORITHM::PROPOSALS_SENT 11228
<INFO 767008c046c0> ALGORITHM::PROPOSALS_RECEIVED 55110
<INFO 767001bf66c0> ALGORITHM::PROPOSALS_SENT 51979
<INFO 767001bf66c0> ALGORITHM::PROPOSALS_RECEIVED 15081
<INFO 7670023f76c0> ALGORITHM::PROPOSALS_SENT 12633
<INFO 7670084036c0> ALGORITHM::PROPOSALS_SENT 11062
<INFO 7670023f76c0> ALGORITHM::PROPOSALS_RECEIVED 52553
<INFO 7670053fd6c0> ALGORITHM::PROPOSALS_SENT 11107
<INFO 7670084036c0> ALGORITHM::PROPOSALS_RECEIVED 58028
<INFO 7670053fd6c0> ALGORITHM::PROPOSALS_RECEIVED 53699
<INFO 7670063ff6c0> ALGORITHM::PROPOSALS_SENT 53859
<INFO 7670063ff6c0> ALGORITHM::PROPOSALS_RECEIVED 13314
<INFO 7670033f96c0> ALGORITHM::PROPOSALS_SENT 53783
<INFO 7670033f96c0> ALGORITHM::PROPOSALS_RECEIVED 10921
<INFO 7670043fb6c0> ALGORITHM::PROPOSALS_SENT 64849
<INFO 7670043fb6c0> ALGORITHM::PROPOSALS_RECEIVED 1115
<INFO 767002bf86c0> ALGORITHM::PROPOSALS_SENT 3387
<INFO 767002bf86c0> ALGORITHM::PROPOSALS_RECEIVED 62165
<INFO 767003bfa6c0> ALGORITHM::PROPOSALS_SENT 51814
<INFO 7670074016c0> ALGORITHM::PROPOSALS_SENT 63008
<INFO 767003bfa6c0> ALGORITHM::PROPOSALS_RECEIVED 65797
<INFO 7670074016c0> ALGORITHM::PROPOSALS_RECEIVED 4025
<INFO 767209ae02c0> CORE::RUSAGE::MAX_RSS_KB 8394076
<INFO 767209ae02c0> CORE::RUSAGE::MINFLT 2097508
<INFO 767209ae02c0> CORE::RUSAGE::MAJFLT 0
<INFO 767209ae02c0> CORE::RUSAGE::MAJFLT 0
<INFO 767209ae02c0> CORE::RUSAGE::INBLK 158784
<INFO 767209ae02c0> CORE::RUSAGE::OUBLK 20440
<INFO 767209ae02c0> CORE::UTILS::BYTES_READ 81297408
<INFO 767209ae02c0> CORE::UTILS::BYTES_WRITTEN 10461184
<INFO 767209ae02c0> CORE::TIME::IO_WAIT 0.208548 seconds
<INFO 767209ae02c0> ALGORITHM::TREE_EDGES 435780
<INFO 767209ae02c0> ALGORITHM::CC_COUNT 7
<INFO 767209ae02c0> CORE::PHASES 6
<INFO 767209ae02c0> CORE::TIME::SETUP 3.43652 seconds
<INFO 767209ae02c0> CORE::TIME::WALL 14.0278 seconds
<INFO 767209ae02c0> SHUTDOWN
