<INFO 771fb94a62c0> STARTUP
<INFO 771fb94a62c0> CORE::GRAPH amazon0601-dir
<INFO 771fb94a62c0> CORE::ALGORITHM sssp
<INFO 771fb94a62c0> SG-DRIVER-ORIGINAL
<WARNING 771fb94a62c0> Disk count not specified, assuming it to be 1
<INFO 771fb94a62c0> CORE::CONFIG::PROCESSORS 16
<INFO 771fb94a62c0> CORE::CONFIG::PHYSICAL_MEMORY 8589934592
<INFO 771fb94a62c0> CORE::CONFIG::VERTICES 403394
<INFO 771fb94a62c0> CORE::CONFIG::VERTEX_SIZE 16
<INFO 771fb94a62c0> CORE::CONFIG::VERTEX_BUFFER 6455296
<INFO 771fb94a62c0> CORE::CONFIG::EDGES 3387388
<INFO 771fb94a62c0> CORE::CONFIG::PARTITIONS 16
<INFO 771fb94a62c0> CORE::CONFIG::FANOUT 16
<INFO 771fb94a62c0> CORE::CONFIG::SUPER_PARTITIONS 1
<INFO 771fb94a62c0> CORE::CONFIG::STREAM_UNIT 16777216
<INFO 771fb94a62c0> CORE::CONFIG::BUFFER_SIZE 1713335577
<INFO 771fb94a62c0> CORE::CONFIG::IO_NUMIOQS 1
<INFO 771fb94a62c0> CORE::CONFIG::MAX_BUFFERS 4
<INFO 771fb94a62c0> CORE::CONFIG::MAX_STREAMS 5
<WARNING 771fb94a62c0> No mount point specified for disk0, falling back to current directory
my size is 40648656
<INFO 771fb94a62c0> CORE::PARTITIONS_PROCESSED 59
<INFO 771fb94a62c0> CORE::BYTES::EDGES_STREAMED 139591632
<INFO 771fb94a62c0> CORE::BYTES::UPDATES_OUT 24691812
<INFO 771fb94a62c0> CORE::BYTES::UPDATES_IN 23287824
<INFO 771db1df66c0> CORE::PARTITIONS_PROCESSED 57
<INFO 771db76016c0> CORE::PARTITIONS_PROCESSED 81
<INFO 771db7e026c0> CORE::PARTITIONS_PROCESSED 70
<INFO 771db76016c0> CORE::BYTES::EDGES_STREAMED 126964236
<INFO 771db1df66c0> CORE::BYTES::EDGES_STREAMED 160139940
<INFO 771db7e026c0> CORE::BYTES::EDGES_STREAMED 116891064
<INFO 771db76016c0> CORE::BYTES::UPDATES_OUT 16737312
<INFO 771db1df66c0> CORE::BYTES::UPDATES_OUT 15330492
<INFO 771db7e026c0> CORE::BYTES::UPDATES_OUT 23064624
<INFO 771db76016c0> CORE::BYTES::UPDATES_IN 27196116
<INFO 771db1df66c0> CORE::BYTES::UPDATES_IN 25737324
<INFO 771db15f56c0> CORE::PARTITIONS_PROCESSED 65
<INFO 771db15f56c0> CORE::BYTES::EDGES_STREAMED 144418068
<INFO 771db65ff6c0> CORE::PARTITIONS_PROCESSED 62
<INFO 771db7e026c0> CORE::BYTES::UPDATES_IN 23126208
<INFO 771db65ff6c0> CORE::BYTES::EDGES_STREAMED 147480648
<INFO 771db65ff6c0> CORE::BYTES::UPDATES_OUT 18864888
<INFO 771db15f56c0> CORE::BYTES::UPDATES_OUT 20886540
<INFO 771db2df86c0> CORE::PARTITIONS_PROCESSED 47
<INFO 771db65ff6c0> CORE::BYTES::UPDATES_IN 20162724
<INFO 771db45fb6c0> CORE::PARTITIONS_PROCESSED 54
<INFO 771db45fb6c0> CORE::BYTES::EDGES_STREAMED 172706100
<INFO 771db45fb6c0> CORE::BYTES::UPDATES_OUT 23053788
<INFO 771db45fb6c0> CORE::BYTES::UPDATES_IN 18800880
<INFO 771db25f76c0> CORE::PARTITIONS_PROCESSED 53
<INFO 771db25f76c0> CORE::BYTES::EDGES_STREAMED 170619108
<INFO 771db25f76c0> CORE::BYTES::UPDATES_OUT 20576496
<INFO 771db25f76c0> CORE::BYTES::UPDATES_IN 20573748
<INFO 771db6e006c0> CORE::PARTITIONS_PROCESSED 52
<INFO 771db6e006c0> CORE::BYTES::EDGES_STREAMED 167795172
<INFO 771db6e006c0> CORE::BYTES::UPDATES_OUT 21403764
<INFO 771db6e006c0> CORE::BYTES::UPDATES_IN 9272436
<INFO 771db15f56c0> CORE::BYTES::UPDATES_IN 20951244
<INFO 771db86036c0> CORE::PARTITIONS_PROCESSED 62
<INFO 771db86036c0> CORE::BYTES::EDGES_STREAMED 121968732
<INFO 771db86036c0> CORE::BYTES::UPDATES_OUT 28204080
<INFO 771db86036c0> CORE::BYTES::UPDATES_IN 18085248
<INFO 771db2df86c0> CORE::BYTES::EDGES_STREAMED 167620224
<INFO 771db2df86c0> CORE::BYTES::UPDATES_OUT 26723892
<INFO 771db35f96c0> CORE::PARTITIONS_PROCESSED 71
<INFO 771db35f96c0> CORE::BYTES::EDGES_STREAMED 121916268
<INFO 771db35f96c0> CORE::BYTES::UPDATES_OUT 20483028
<INFO 771db35f96c0> CORE::BYTES::UPDATES_IN 24726840
<INFO 771db4dfc6c0> CORE::PARTITIONS_PROCESSED 62
<INFO 771db4dfc6c0> CORE::BYTES::EDGES_STREAMED 152510160
<INFO 771db4dfc6c0> CORE::BYTES::UPDATES_OUT 22620132
<INFO 771db4dfc6c0> CORE::BYTES::UPDATES_IN 22690980
<INFO 771db55fd6c0> CORE::PARTITIONS_PROCESSED 65
<INFO 771db55fd6c0> CORE::BYTES::EDGES_STREAMED 132035556
<INFO 771db55fd6c0> CORE::BYTES::UPDATES_OUT 11877300
<INFO 771db55fd6c0> CORE::BYTES::UPDATES_IN 20925960
<INFO 771db5dfe6c0> CORE::PARTITIONS_PROCESSED 55
<INFO 771db5dfe6c0> CORE::BYTES::EDGES_STREAMED 149992992
<INFO 771db5dfe6c0> CORE::BYTES::UPDATES_OUT 31639668
<INFO 771db5dfe6c0> CORE::BYTES::UPDATES_IN 22484472
<INFO 771db2df86c0> CORE::BYTES::UPDATES_IN 16189836
<INFO 771db3dfa6c0> CORE::PARTITIONS_PROCESSED 69
<INFO 771db3dfa6c0> CORE::BYTES::EDGES_STREAMED 126921516
<INFO 771db3dfa6c0> CORE::BYTES::UPDATES_OUT 22175652
<INFO 771db3dfa6c0> CORE::BYTES::UPDATES_IN 34121628
<INFO 771fb94a62c0> CORE::RUSAGE::MAX_RSS_KB 8394224
<INFO 771fb94a62c0> CORE::RUSAGE::MINFLT 2097505
<INFO 771fb94a62c0> CORE::RUSAGE::MAJFLT 0
<INFO 771fb94a62c0> CORE::RUSAGE::MAJFLT 0
<INFO 771fb94a62c0> CORE::RUSAGE::INBLK 79392
<INFO 771fb94a62c0> CORE::RUSAGE::OUBLK 12624
<INFO 771fb94a62c0> CORE::UTILS::BYTES_READ 40648704
<INFO 771fb94a62c0> CORE::UTILS::BYTES_WRITTEN 6455296
<INFO 771fb94a62c0> CORE::TIME::IO_WAIT 0.127101 seconds
<INFO 771fb94a62c0> CORE::PHASES 64
<INFO 771fb94a62c0> CORE::TIME::SETUP 3.4376 seconds
<INFO 771fb94a62c0> CORE::TIME::STATE_ITER 0.010993 seconds
<INFO 771fb94a62c0> CORE::TIME::GATHER 1.44553 seconds
<INFO 771fb94a62c0> CORE::TIME::SCATTER 2.87102 seconds
<INFO 771fb94a62c0> TIME_IN_PC_FN 0.115654 seconds
<INFO 771fb94a62c0> CORE::TIME::WALL 9.03419 seconds
<INFO 771fb94a62c0> SHUTDOWN
