<INFO 7813ae2f12c0> STARTUP
<INFO 7813ae2f12c0> CORE::GRAPH amazon0601-dir
<INFO 7813ae2f12c0> CORE::ALGORITHM spmv
<INFO 7813ae2f12c0> SG-DRIVER-ORIGINAL
<WARNING 7813ae2f12c0> Disk count not specified, assuming it to be 1
<INFO 7813ae2f12c0> CORE::CONFIG::PROCESSORS 16
<INFO 7813ae2f12c0> CORE::CONFIG::PHYSICAL_MEMORY 8589934592
<INFO 7813ae2f12c0> CORE::CONFIG::VERTICES 403394
<INFO 7813ae2f12c0> CORE::CONFIG::VERTEX_SIZE 8
<INFO 7813ae2f12c0> CORE::CONFIG::VERTEX_BUFFER 3227648
<INFO 7813ae2f12c0> CORE::CONFIG::EDGES 3387388
<INFO 7813ae2f12c0> CORE::CONFIG::PARTITIONS 16
<INFO 7813ae2f12c0> CORE::CONFIG::FANOUT 16
<INFO 7813ae2f12c0> CORE::CONFIG::SUPER_PARTITIONS 1
<INFO 7813ae2f12c0> CORE::CONFIG::STREAM_UNIT 16777216
<INFO 7813ae2f12c0> CORE::CONFIG::BUFFER_SIZE 1713981107
<INFO 7813ae2f12c0> CORE::CONFIG::IO_NUMIOQS 1
<INFO 7813ae2f12c0> CORE::CONFIG::MAX_BUFFERS 4
<INFO 7813ae2f12c0> CORE::CONFIG::MAX_STREAMS 5
<WARNING 7813ae2f12c0> No mount point specified for disk0, falling back to current directory
my size is 40648656
<INFO 7813ae2f12c0> CORE::PARTITIONS_PROCESSED 2
<INFO 7813ae2f12c0> CORE::BYTES::EDGES_STREAMED 2535648
<INFO 7813ae2f12c0> CORE::BYTES::UPDATES_OUT 1690432
<INFO 7813ae2f12c0> CORE::BYTES::UPDATES_IN 3433448
<INFO 7811a73f56c0> CORE::PARTITIONS_PROCESSED 2
<INFO 7811a9bfa6c0> CORE::PARTITIONS_PROCESSED 0
<INFO 7811ad4016c0> CORE::PARTITIONS_PROCESSED 0
<INFO 7811acc006c0> CORE::PARTITIONS_PROCESSED 2
<INFO 7811a9bfa6c0> CORE::BYTES::EDGES_STREAMED 2543064
<INFO 7811a9bfa6c0> CORE::BYTES::UPDATES_OUT 1695376
<INFO 7811acc006c0> CORE::BYTES::EDGES_STREAMED 0
<INFO 7811a83f76c0> CORE::PARTITIONS_PROCESSED 0
<INFO 7811ad4016c0> CORE::BYTES::EDGES_STREAMED 2541216
<INFO 7811ac3ff6c0> CORE::PARTITIONS_PROCESSED 2
<INFO 7811acc006c0> CORE::BYTES::UPDATES_OUT 0
<INFO 7811a83f76c0> CORE::BYTES::EDGES_STREAMED 2538036
<INFO 7811a73f56c0> CORE::BYTES::EDGES_STREAMED 2551248
<INFO 7811a83f76c0> CORE::BYTES::UPDATES_OUT 1692024
<INFO 7811acc006c0> CORE::BYTES::UPDATES_IN 3424208
<INFO 7811a93f96c0> CORE::PARTITIONS_PROCESSED 0
<INFO 7811a73f56c0> CORE::BYTES::UPDATES_OUT 1700832
<INFO 7811ad4016c0> CORE::BYTES::UPDATES_OUT 1694144
<INFO 7811ad4016c0> CORE::BYTES::UPDATES_IN 0
<INFO 7811a8bf86c0> CORE::PARTITIONS_PROCESSED 2
<INFO 7811ac3ff6c0> CORE::BYTES::EDGES_STREAMED 2537328
<INFO 7811a83f76c0> CORE::BYTES::UPDATES_IN 0
<INFO 7811a9bfa6c0> CORE::BYTES::UPDATES_IN 0
<INFO 7811ac3ff6c0> CORE::BYTES::UPDATES_OUT 1691552
<INFO 7811ac3ff6c0> CORE::BYTES::UPDATES_IN 3357080
<INFO 7811a73f56c0> CORE::BYTES::UPDATES_IN 3360816
<INFO 7811a8bf86c0> CORE::BYTES::EDGES_STREAMED 5083308
<INFO 7811a8bf86c0> CORE::BYTES::UPDATES_OUT 3388872
<INFO 7811a8bf86c0> CORE::BYTES::UPDATES_IN 3362208
<INFO 7811a63f36c0> CORE::PARTITIONS_PROCESSED 2
<INFO 7811a63f36c0> CORE::BYTES::EDGES_STREAMED 2530896
<INFO 7811a63f36c0> CORE::BYTES::UPDATES_OUT 1687264
<INFO 7811a63f36c0> CORE::BYTES::UPDATES_IN 3419824
<INFO 7811a93f96c0> CORE::BYTES::EDGES_STREAMED 2541384
<INFO 7811a93f96c0> CORE::BYTES::UPDATES_OUT 1694256
<INFO 7811a93f96c0> CORE::BYTES::UPDATES_IN 0
<INFO 7811aa3fb6c0> CORE::PARTITIONS_PROCESSED 0
<INFO 7811aa3fb6c0> CORE::BYTES::EDGES_STREAMED 5077884
<INFO 7811aa3fb6c0> CORE::BYTES::UPDATES_OUT 3385256
<INFO 7811aa3fb6c0> CORE::BYTES::UPDATES_IN 0
<INFO 7811abbfe6c0> CORE::PARTITIONS_PROCESSED 0
<INFO 7811a7bf66c0> CORE::PARTITIONS_PROCESSED 0
<INFO 7811a7bf66c0> CORE::BYTES::EDGES_STREAMED 2538780
<INFO 7811abbfe6c0> CORE::BYTES::EDGES_STREAMED 2541828
<INFO 7811abbfe6c0> CORE::BYTES::UPDATES_OUT 1694552
<INFO 7811abbfe6c0> CORE::BYTES::UPDATES_IN 0
<INFO 7811a7bf66c0> CORE::BYTES::UPDATES_OUT 1692520
<INFO 7811a7bf66c0> CORE::BYTES::UPDATES_IN 0
<INFO 7811aabfc6c0> CORE::PARTITIONS_PROCESSED 2
<INFO 7811aabfc6c0> CORE::BYTES::EDGES_STREAMED 0
<INFO 7811aabfc6c0> CORE::BYTES::UPDATES_OUT 0
<INFO 7811aabfc6c0> CORE::BYTES::UPDATES_IN 3361400
<INFO 7811a6bf46c0> CORE::PARTITIONS_PROCESSED 0
<INFO 7811a6bf46c0> CORE::BYTES::EDGES_STREAMED 2543928
<INFO 7811a6bf46c0> CORE::BYTES::UPDATES_OUT 1695952
<INFO 7811a6bf46c0> CORE::BYTES::UPDATES_IN 0
<INFO 7811ab3fd6c0> CORE::PARTITIONS_PROCESSED 2
<INFO 7811ab3fd6c0> CORE::BYTES::EDGES_STREAMED 2544108
<INFO 7811ab3fd6c0> CORE::BYTES::UPDATES_OUT 1696072
<INFO 7811ab3fd6c0> CORE::BYTES::UPDATES_IN 3380120
<INFO 7813ae2f12c0> CORE::RUSAGE::MAX_RSS_KB 8394096
<INFO 7813ae2f12c0> CORE::RUSAGE::MINFLT 2097521
<INFO 7813ae2f12c0> CORE::RUSAGE::MAJFLT 0
<INFO 7813ae2f12c0> CORE::RUSAGE::MAJFLT 0
<INFO 7813ae2f12c0> CORE::RUSAGE::INBLK 79392
<INFO 7813ae2f12c0> CORE::RUSAGE::OUBLK 6320
<INFO 7813ae2f12c0> CORE::UTILS::BYTES_READ 40648704
<INFO 7813ae2f12c0> CORE::UTILS::BYTES_WRITTEN 3227648
<INFO 7813ae2f12c0> CORE::TIME::IO_WAIT 0.117148 seconds
<INFO 7813ae2f12c0> CORE::PHASES 2
<INFO 7813ae2f12c0> CORE::TIME::SETUP 3.44241 seconds
<INFO 7813ae2f12c0> CORE::TIME::STATE_ITER 0.017996 seconds
<INFO 7813ae2f12c0> CORE::TIME::GATHER 0.026002 seconds
<INFO 7813ae2f12c0> CORE::TIME::SCATTER 0.225002 seconds
<INFO 7813ae2f12c0> TIME_IN_PC_FN 0.002229 seconds
<INFO 7813ae2f12c0> CORE::TIME::WALL 3.78535 seconds
<INFO 7813ae2f12c0> SHUTDOWN
