<INFO 7ab0f5cef2c0> STARTUP
<INFO 7ab0f5cef2c0> CORE::GRAPH amazon0601-dir
<INFO 7ab0f5cef2c0> CORE::ALGORITHM sssp
<INFO 7ab0f5cef2c0> SG-DRIVER-ORIGINAL
<WARNING 7ab0f5cef2c0> Disk count not specified, assuming it to be 1
<INFO 7ab0f5cef2c0> CORE::CONFIG::PROCESSORS 16
<INFO 7ab0f5cef2c0> CORE::CONFIG::PHYSICAL_MEMORY 8589934592
<INFO 7ab0f5cef2c0> CORE::CONFIG::VERTICES 403394
<INFO 7ab0f5cef2c0> CORE::CONFIG::VERTEX_SIZE 16
<INFO 7ab0f5cef2c0> CORE::CONFIG::VERTEX_BUFFER 6455296
<INFO 7ab0f5cef2c0> CORE::CONFIG::EDGES 3387388
<INFO 7ab0f5cef2c0> CORE::CONFIG::PARTITIONS 16
<INFO 7ab0f5cef2c0> CORE::CONFIG::FANOUT 16
<INFO 7ab0f5cef2c0> CORE::CONFIG::SUPER_PARTITIONS 1
<INFO 7ab0f5cef2c0> CORE::CONFIG::STREAM_UNIT 16777216
<INFO 7ab0f5cef2c0> CORE::CONFIG::BUFFER_SIZE 1713335577
<INFO 7ab0f5cef2c0> CORE::CONFIG::IO_NUMIOQS 1
<INFO 7ab0f5cef2c0> CORE::CONFIG::MAX_BUFFERS 4
<INFO 7ab0f5cef2c0> CORE::CONFIG::MAX_STREAMS 5
<WARNING 7ab0f5cef2c0> No mount point specified for disk0, falling back to current directory
my size is 40648656
<INFO 7ab0f5cef2c0> CORE::PARTITIONS_PROCESSED 63
<INFO 7ab0f5cef2c0> CORE::BYTES::EDGES_STREAMED 124369716
<INFO 7ab0f5cef2c0> CORE::BYTES::UPDATES_OUT 19117116
<INFO 7ab0f5cef2c0> CORE::BYTES::UPDATES_IN 20570616
<INFO 7aaef46026c0> CORE::PARTITIONS_PROCESSED 66
<INFO 7aaef15fc6c0> CORE::PARTITIONS_PROCESSED 67
<INFO 7aaef46026c0> CORE::BYTES::EDGES_STREAMED 149906592
<INFO 7aaef15fc6c0> CORE::BYTES::EDGES_STREAMED 157578900
<INFO 7aaef0dfb6c0> CORE::PARTITIONS_PROCESSED 66
<INFO 7aaef4e036c0> CORE::PARTITIONS_PROCESSED 68
<INFO 7aaef3e016c0> CORE::PARTITIONS_PROCESSED 59
<INFO 7aaef4e036c0> CORE::BYTES::EDGES_STREAMED 124491324
<INFO 7aaef2dff6c0> CORE::PARTITIONS_PROCESSED 62
<INFO 7aaef2dff6c0> CORE::BYTES::EDGES_STREAMED 170412672
<INFO 7aaef2dff6c0> CORE::BYTES::UPDATES_OUT 24425052
<INFO 7aaef2dff6c0> CORE::BYTES::UPDATES_IN 22967352
<INFO 7aaeeedf76c0> CORE::PARTITIONS_PROCESSED 65
<INFO 7aaeeedf76c0> CORE::BYTES::EDGES_STREAMED 196016352
<INFO 7aaeeedf76c0> CORE::BYTES::UPDATES_OUT 27391020
<INFO 7aaef1dfd6c0> CORE::PARTITIONS_PROCESSED 50
<INFO 7aaef1dfd6c0> CORE::BYTES::EDGES_STREAMED 159906696
<INFO 7aaef0dfb6c0> CORE::BYTES::EDGES_STREAMED 155007684
<INFO 7aaeee5f66c0> CORE::PARTITIONS_PROCESSED 58
<INFO 7aaef4e036c0> CORE::BYTES::UPDATES_OUT 21848808
<INFO 7aaef4e036c0> CORE::BYTES::UPDATES_IN 28294860
<INFO 7aaef05fa6c0> CORE::PARTITIONS_PROCESSED 59
<INFO 7aaef3e016c0> CORE::BYTES::EDGES_STREAMED 137107716
<INFO 7aaeef5f86c0> CORE::PARTITIONS_PROCESSED 49
<INFO 7aaeeedf76c0> CORE::BYTES::UPDATES_IN 21598452
<INFO 7aaef46026c0> CORE::BYTES::UPDATES_OUT 24372948
<INFO 7aaeef5f86c0> CORE::BYTES::EDGES_STREAMED 142275960
<INFO 7aaef15fc6c0> CORE::BYTES::UPDATES_OUT 24098400
<INFO 7aaef25fe6c0> CORE::PARTITIONS_PROCESSED 66
<INFO 7aaef15fc6c0> CORE::BYTES::UPDATES_IN 31898952
<INFO 7aaef36006c0> CORE::PARTITIONS_PROCESSED 58
<INFO 7aaef3e016c0> CORE::BYTES::UPDATES_OUT 21196332
<INFO 7aaeeddf56c0> CORE::PARTITIONS_PROCESSED 72
<INFO 7aaef36006c0> CORE::BYTES::EDGES_STREAMED 134731584
<INFO 7aaef46026c0> CORE::BYTES::UPDATES_IN 18446904
<INFO 7aaeee5f66c0> CORE::BYTES::EDGES_STREAMED 114275748
<INFO 7aaef0dfb6c0> CORE::BYTES::UPDATES_OUT 19443468
<INFO 7aaef0dfb6c0> CORE::BYTES::UPDATES_IN 22262532
<INFO 7aaef3e016c0> CORE::BYTES::UPDATES_IN 27768336
<INFO 7aaeefdf96c0> CORE::PARTITIONS_PROCESSED 56
<INFO 7aaeefdf96c0> CORE::BYTES::EDGES_STREAMED 132082176
<INFO 7aaeefdf96c0> CORE::BYTES::UPDATES_OUT 17610720
<INFO 7aaeefdf96c0> CORE::BYTES::UPDATES_IN 19530948
<INFO 7aaeee5f66c0> CORE::BYTES::UPDATES_OUT 22397844
<INFO 7aaeee5f66c0> CORE::BYTES::UPDATES_IN 32893632
<INFO 7aaef1dfd6c0> CORE::BYTES::UPDATES_OUT 21868296
<INFO 7aaeeddf56c0> CORE::BYTES::EDGES_STREAMED 136848660
<INFO 7aaeeddf56c0> CORE::BYTES::UPDATES_OUT 19543272
<INFO 7aaef05fa6c0> CORE::BYTES::EDGES_STREAMED 147201672
<INFO 7aaef05fa6c0> CORE::BYTES::UPDATES_OUT 25837068
<INFO 7aaeef5f86c0> CORE::BYTES::UPDATES_OUT 21884016
<INFO 7aaef05fa6c0> CORE::BYTES::UPDATES_IN 21212316
<INFO 7aaeeddf56c0> CORE::BYTES::UPDATES_IN 26602680
<INFO 7aaef25fe6c0> CORE::BYTES::EDGES_STREAMED 137357964
<INFO 7aaef25fe6c0> CORE::BYTES::UPDATES_OUT 21344640
<INFO 7aaef25fe6c0> CORE::BYTES::UPDATES_IN 14736504
<INFO 7aaef36006c0> CORE::BYTES::UPDATES_OUT 15954468
<INFO 7aaeef5f86c0> CORE::BYTES::UPDATES_IN 14565276
<INFO 7aaef36006c0> CORE::BYTES::UPDATES_IN 11392224
<INFO 7aaef1dfd6c0> CORE::BYTES::UPDATES_IN 13591884
<INFO 7ab0f5cef2c0> CORE::RUSAGE::MAX_RSS_KB 8394024
<INFO 7ab0f5cef2c0> CORE::RUSAGE::MINFLT 2097515
<INFO 7ab0f5cef2c0> CORE::RUSAGE::MAJFLT 0
<INFO 7ab0f5cef2c0> CORE::RUSAGE::MAJFLT 0
<INFO 7ab0f5cef2c0> CORE::RUSAGE::INBLK 79392
<INFO 7ab0f5cef2c0> CORE::RUSAGE::OUBLK 12624
<INFO 7ab0f5cef2c0> CORE::UTILS::BYTES_READ 40648704
<INFO 7ab0f5cef2c0> CORE::UTILS::BYTES_WRITTEN 6455296
<INFO 7ab0f5cef2c0> CORE::TIME::IO_WAIT 0.123131 seconds
<INFO 7ab0f5cef2c0> CORE::PHASES 64
<INFO 7ab0f5cef2c0> CORE::TIME::SETUP 3.45654 seconds
<INFO 7ab0f5cef2c0> CORE::TIME::STATE_ITER 0.012097 seconds
<INFO 7ab0f5cef2c0> CORE::TIME::GATHER 1.53431 seconds
<INFO 7ab0f5cef2c0> CORE::TIME::SCATTER 2.99717 seconds
<INFO 7ab0f5cef2c0> TIME_IN_PC_FN 0.090328 seconds
<INFO 7ab0f5cef2c0> CORE::TIME::WALL 9.33309 seconds
<INFO 7ab0f5cef2c0> SHUTDOWN
