<INFO 7ae0799162c0> STARTUP
<INFO 7ae0799162c0> CORE::GRAPH amazon0601-dir
<INFO 7ae0799162c0> CORE::ALGORITHM spmv
<INFO 7ae0799162c0> SG-DRIVER-ORIGINAL
<WARNING 7ae0799162c0> Disk count not specified, assuming it to be 1
<INFO 7ae0799162c0> CORE::CONFIG::PROCESSORS 16
<INFO 7ae0799162c0> CORE::CONFIG::PHYSICAL_MEMORY 8589934592
<INFO 7ae0799162c0> CORE::CONFIG::VERTICES 403394
<INFO 7ae0799162c0> CORE::CONFIG::VERTEX_SIZE 8
<INFO 7ae0799162c0> CORE::CONFIG::VERTEX_BUFFER 3227648
<INFO 7ae0799162c0> CORE::CONFIG::EDGES 3387388
<INFO 7ae0799162c0> CORE::CONFIG::PARTITIONS 16
<INFO 7ae0799162c0> CORE::CONFIG::FANOUT 16
<INFO 7ae0799162c0> CORE::CONFIG::SUPER_PARTITIONS 1
<INFO 7ae0799162c0> CORE::CONFIG::STREAM_UNIT 16777216
<INFO 7ae0799162c0> CORE::CONFIG::BUFFER_SIZE 1713981107
<INFO 7ae0799162c0> CORE::CONFIG::IO_NUMIOQS 1
<INFO 7ae0799162c0> CORE::CONFIG::MAX_BUFFERS 4
<INFO 7ae0799162c0> CORE::CONFIG::MAX_STREAMS 5
<WARNING 7ae0799162c0> No mount point specified for disk0, falling back to current directory
my size is 40648656
<INFO 7ae0799162c0> CORE::PARTITIONS_PROCESSED 0
<INFO 7ae0799162c0> CORE::BYTES::EDGES_STREAMED 2535648
<INFO 7ae0799162c0> CORE::BYTES::UPDATES_OUT 1690432
<INFO 7ae0799162c0> CORE::BYTES::UPDATES_IN 0
<INFO 7ade77dff6c0> CORE::PARTITIONS_PROCESSED 2
<INFO 7ade77dff6c0> CORE::BYTES::EDGES_STREAMED 5079156
<INFO 7ade77dff6c0> CORE::BYTES::UPDATES_OUT 3386104
<INFO 7ade77dff6c0> CORE::BYTES::UPDATES_IN 3357080
<INFO 7ade755fa6c0> CORE::PARTITIONS_PROCESSED 2
<INFO 7ade755fa6c0> CORE::BYTES::EDGES_STREAMED 2543064
<INFO 7ade755fa6c0> CORE::BYTES::UPDATES_OUT 1695376
<INFO 7ade755fa6c0> CORE::BYTES::UPDATES_IN 3411792
<INFO 7ade73df76c0> CORE::PARTITIONS_PROCESSED 2
<INFO 7ade73df76c0> CORE::BYTES::EDGES_STREAMED 5084832
<INFO 7ade73df76c0> CORE::BYTES::UPDATES_OUT 3389888
<INFO 7ade73df76c0> CORE::BYTES::UPDATES_IN 3379864
<INFO 7ade735f66c0> CORE::PARTITIONS_PROCESSED 2
<INFO 7ade735f66c0> CORE::BYTES::EDGES_STREAMED 5079720
<INFO 7ade735f66c0> CORE::BYTES::UPDATES_OUT 3386480
<INFO 7ade735f66c0> CORE::BYTES::UPDATES_IN 3375944
<INFO 7ade74df96c0> CORE::PARTITIONS_PROCESSED 0
<INFO 7ade74df96c0> CORE::BYTES::EDGES_STREAMED 2541384
<INFO 7ade74df96c0> CORE::BYTES::UPDATES_OUT 1694256
<INFO 7ade74df96c0> CORE::BYTES::UPDATES_IN 0
<INFO 7ade78e016c0> CORE::PARTITIONS_PROCESSED 0
<INFO 7ade78e016c0> CORE::BYTES::EDGES_STREAMED 0
<INFO 7ade78e016c0> CORE::BYTES::UPDATES_OUT 0
<INFO 7ade78e016c0> CORE::BYTES::UPDATES_IN 0
<INFO 7ade72df56c0> CORE::PARTITIONS_PROCESSED 0
<INFO 7ade765fc6c0> CORE::PARTITIONS_PROCESSED 0
<INFO 7ade765fc6c0> CORE::BYTES::EDGES_STREAMED 0
<INFO 7ade725f46c0> CORE::PARTITIONS_PROCESSED 0
<INFO 7ade75dfb6c0> CORE::PARTITIONS_PROCESSED 2
<INFO 7ade765fc6c0> CORE::BYTES::UPDATES_OUT 0
<INFO 7ade725f46c0> CORE::BYTES::EDGES_STREAMED 2543928
<INFO 7ade725f46c0> CORE::BYTES::UPDATES_OUT 1695952
<INFO 7ade75dfb6c0> CORE::BYTES::EDGES_STREAMED 5088192
<INFO 7ade75dfb6c0> CORE::BYTES::UPDATES_OUT 3392128
<INFO 7ade75dfb6c0> CORE::BYTES::UPDATES_IN 3397144
<INFO 7ade725f46c0> CORE::BYTES::UPDATES_IN 0
<INFO 7ade765fc6c0> CORE::BYTES::UPDATES_IN 0
<INFO 7ade745f86c0> CORE::PARTITIONS_PROCESSED 2
<INFO 7ade786006c0> CORE::PARTITIONS_PROCESSED 1
<INFO 7ade745f86c0> CORE::BYTES::EDGES_STREAMED 2536512
<INFO 7ade71df36c0> CORE::PARTITIONS_PROCESSED 1
<INFO 7ade745f86c0> CORE::BYTES::UPDATES_OUT 1691008
<INFO 7ade71df36c0> CORE::BYTES::EDGES_STREAMED 5072112
<INFO 7ade71df36c0> CORE::BYTES::UPDATES_OUT 3381408
<INFO 7ade786006c0> CORE::BYTES::EDGES_STREAMED 0
<INFO 7ade786006c0> CORE::BYTES::UPDATES_OUT 0
<INFO 7ade71df36c0> CORE::BYTES::UPDATES_IN 1715856
<INFO 7ade786006c0> CORE::BYTES::UPDATES_IN 1729160
<INFO 7ade745f86c0> CORE::BYTES::UPDATES_IN 3356904
<INFO 7ade72df56c0> CORE::BYTES::EDGES_STREAMED 0
<INFO 7ade72df56c0> CORE::BYTES::UPDATES_OUT 0
<INFO 7ade72df56c0> CORE::BYTES::UPDATES_IN 0
<INFO 7ade76dfd6c0> CORE::PARTITIONS_PROCESSED 2
<INFO 7ade76dfd6c0> CORE::BYTES::EDGES_STREAMED 2544108
<INFO 7ade76dfd6c0> CORE::BYTES::UPDATES_OUT 1696072
<INFO 7ade76dfd6c0> CORE::BYTES::UPDATES_IN 3375360
<INFO 7ade775fe6c0> CORE::PARTITIONS_PROCESSED 0
<INFO 7ade775fe6c0> CORE::BYTES::EDGES_STREAMED 0
<INFO 7ade775fe6c0> CORE::BYTES::UPDATES_OUT 0
<INFO 7ade775fe6c0> CORE::BYTES::UPDATES_IN 0
<INFO 7ae0799162c0> CORE::RUSAGE::MAX_RSS_KB 8394012
<INFO 7ae0799162c0> CORE::RUSAGE::MINFLT 2097505
<INFO 7ae0799162c0> CORE::RUSAGE::MAJFLT 0
<INFO 7ae0799162c0> CORE::RUSAGE::MAJFLT 0
<INFO 7ae0799162c0> CORE::RUSAGE::INBLK 79392
<INFO 7ae0799162c0> CORE::RUSAGE::OUBLK 6320
<INFO 7ae0799162c0> CORE::UTILS::BYTES_READ 40648704
<INFO 7ae0799162c0> CORE::UTILS::BYTES_WRITTEN 3227648
<INFO 7ae0799162c0> CORE::TIME::IO_WAIT 0.117121 seconds
<INFO 7ae0799162c0> CORE::PHASES 2
<INFO 7ae0799162c0> CORE::TIME::SETUP 3.43004 seconds
<INFO 7ae0799162c0> CORE::TIME::STATE_ITER 0.017997 seconds
<INFO 7ae0799162c0> CORE::TIME::GATHER 0.030001 seconds
<INFO 7ae0799162c0> CORE::TIME::SCATTER 0.189001 seconds
<INFO 7ae0799162c0> TIME_IN_PC_FN 0.001244 seconds
<INFO 7ae0799162c0> CORE::TIME::WALL 3.73347 seconds
<INFO 7ae0799162c0> SHUTDOWN
