<INFO 713608f282c0> STARTUP
<INFO 713608f282c0> CORE::GRAPH amazon0601-dir
<INFO 713608f282c0> CORE::ALGORITHM pagerank
<INFO 713608f282c0> SG-DRIVER-ORIGINAL
<WARNING 713608f282c0> Disk count not specified, assuming it to be 1
<INFO 713608f282c0> CORE::CONFIG::PROCESSORS 16
<INFO 713608f282c0> CORE::CONFIG::PHYSICAL_MEMORY 8589934592
<INFO 713608f282c0> CORE::CONFIG::VERTICES 403394
<INFO 713608f282c0> CORE::CONFIG::VERTEX_SIZE 12
<INFO 713608f282c0> CORE::CONFIG::VERTEX_BUFFER 4841472
<INFO 713608f282c0> CORE::CONFIG::EDGES 3387388
<INFO 713608f282c0> CORE::CONFIG::PARTITIONS 16
<INFO 713608f282c0> CORE::CONFIG::FANOUT 16
<INFO 713608f282c0> CORE::CONFIG::SUPER_PARTITIONS 1
<INFO 713608f282c0> CORE::CONFIG::STREAM_UNIT 16777216
<INFO 713608f282c0> CORE::CONFIG::BUFFER_SIZE 1713658342
<INFO 713608f282c0> CORE::CONFIG::IO_NUMIOQS 1
<INFO 713608f282c0> CORE::CONFIG::MAX_BUFFERS 4
<INFO 713608f282c0> CORE::CONFIG::MAX_STREAMS 5
<WARNING 713608f282c0> No mount point specified for disk0, falling back to current directory
my size is 40648656
<INFO 713608f282c0> CORE::PARTITIONS_PROCESSED 20
<INFO 713608f282c0> CORE::BYTES::EDGES_STREAMED 45687972
<INFO 713608f282c0> CORE::BYTES::UPDATES_OUT 27070352
<INFO 713608f282c0> CORE::BYTES::UPDATES_IN 34013016
<INFO 713401ff66c0> CORE::PARTITIONS_PROCESSED 30
<INFO 7134057fd6c0> CORE::PARTITIONS_PROCESSED 20
<INFO 7134057fd6c0> CORE::BYTES::EDGES_STREAMED 35643948
<INFO 7134057fd6c0> CORE::BYTES::UPDATES_OUT 23762632
<INFO 7134070006c0> CORE::PARTITIONS_PROCESSED 24
<INFO 7134047fb6c0> CORE::PARTITIONS_PROCESSED 22
<INFO 7134047fb6c0> CORE::BYTES::EDGES_STREAMED 55913484
<INFO 7134057fd6c0> CORE::BYTES::UPDATES_IN 33800656
<INFO 713405ffe6c0> CORE::PARTITIONS_PROCESSED 22
<INFO 7134070006c0> CORE::BYTES::EDGES_STREAMED 55843716
<INFO 713401ff66c0> CORE::BYTES::EDGES_STREAMED 63669144
<INFO 713401ff66c0> CORE::BYTES::UPDATES_OUT 39058000
<INFO 713405ffe6c0> CORE::BYTES::EDGES_STREAMED 83904468
<INFO 7134070006c0> CORE::BYTES::UPDATES_OUT 37229144
<INFO 713403ffa6c0> CORE::PARTITIONS_PROCESSED 16
<INFO 7134070006c0> CORE::BYTES::UPDATES_IN 40343064
<INFO 713405ffe6c0> CORE::BYTES::UPDATES_OUT 52545984
<INFO 713403ffa6c0> CORE::BYTES::EDGES_STREAMED 38095536
<INFO 7134047fb6c0> CORE::BYTES::UPDATES_OUT 37275656
<INFO 7134078016c0> CORE::PARTITIONS_PROCESSED 22
<INFO 713401ff66c0> CORE::BYTES::UPDATES_IN 50641968
<INFO 713405ffe6c0> CORE::BYTES::UPDATES_IN 37148384
<INFO 7134080026c0> CORE::PARTITIONS_PROCESSED 21
<INFO 7134037f96c0> CORE::PARTITIONS_PROCESSED 15
<INFO 7134080026c0> CORE::BYTES::EDGES_STREAMED 48276804
<INFO 7134047fb6c0> CORE::BYTES::UPDATES_IN 37077288
<INFO 713400ff46c0> CORE::PARTITIONS_PROCESSED 19
<INFO 7134078016c0> CORE::BYTES::EDGES_STREAMED 40658448
<INFO 7134037f96c0> CORE::BYTES::EDGES_STREAMED 40600560
<INFO 7134078016c0> CORE::BYTES::UPDATES_OUT 23717120
<INFO 7134037f96c0> CORE::BYTES::UPDATES_OUT 23684008
<INFO 7134078016c0> CORE::BYTES::UPDATES_IN 37613080
<INFO 713400ff46c0> CORE::BYTES::EDGES_STREAMED 58289964
<INFO 7134037f96c0> CORE::BYTES::UPDATES_IN 25324312
<INFO 713400ff46c0> CORE::BYTES::UPDATES_OUT 38859976
<INFO 713400ff46c0> CORE::BYTES::UPDATES_IN 32408488
<INFO 713404ffc6c0> CORE::PARTITIONS_PROCESSED 16
<INFO 713404ffc6c0> CORE::BYTES::EDGES_STREAMED 73607280
<INFO 713404ffc6c0> CORE::BYTES::UPDATES_OUT 45684848
<INFO 713404ffc6c0> CORE::BYTES::UPDATES_IN 27075336
<INFO 713402ff86c0> CORE::PARTITIONS_PROCESSED 14
<INFO 713402ff86c0> CORE::BYTES::EDGES_STREAMED 58392504
<INFO 713402ff86c0> CORE::BYTES::UPDATES_OUT 38928336
<INFO 713402ff86c0> CORE::BYTES::UPDATES_IN 23752480
<INFO 7134080026c0> CORE::BYTES::UPDATES_OUT 28798840
<INFO 713403ffa6c0> CORE::BYTES::UPDATES_OUT 25397024
<INFO 7134080026c0> CORE::BYTES::UPDATES_IN 35930824
<INFO 713403ffa6c0> CORE::BYTES::UPDATES_IN 27196064
<INFO 7134017f56c0> CORE::PARTITIONS_PROCESSED 20
<INFO 7134017f56c0> CORE::BYTES::EDGES_STREAMED 78767100
<INFO 7134017f56c0> CORE::BYTES::UPDATES_OUT 52511400
<INFO 7134017f56c0> CORE::BYTES::UPDATES_IN 33863520
<INFO 7134027f76c0> CORE::PARTITIONS_PROCESSED 21
<INFO 7134067ff6c0> CORE::PARTITIONS_PROCESSED 18
<INFO 7134027f76c0> CORE::BYTES::EDGES_STREAMED 45736968
<INFO 7134027f76c0> CORE::BYTES::UPDATES_OUT 27102840
<INFO 7134027f76c0> CORE::BYTES::UPDATES_IN 35533960
<INFO 7134067ff6c0> CORE::BYTES::EDGES_STREAMED 71182536
<INFO 7134067ff6c0> CORE::BYTES::UPDATES_OUT 47455024
<INFO 7134067ff6c0> CORE::BYTES::UPDATES_IN 30259640
<INFO 713608f282c0> CORE::RUSAGE::MAX_RSS_KB 8394120
<INFO 713608f282c0> CORE::RUSAGE::MINFLT 2097508
<INFO 713608f282c0> CORE::RUSAGE::MAJFLT 0
<INFO 713608f282c0> CORE::RUSAGE::MAJFLT 0
<INFO 713608f282c0> CORE::RUSAGE::INBLK 79392
<INFO 713608f282c0> CORE::RUSAGE::OUBLK 9472
<INFO 713608f282c0> CORE::UTILS::BYTES_READ 40648704
<INFO 713608f282c0> CORE::UTILS::BYTES_WRITTEN 4841472
<INFO 713608f282c0> CORE::TIME::IO_WAIT 0.126005 seconds
<INFO 713608f282c0> CORE::PHASES 22
<INFO 713608f282c0> CORE::TIME::SETUP 3.43071 seconds
<INFO 713608f282c0> CORE::TIME::STATE_ITER 0.217215 seconds
<INFO 713608f282c0> CORE::TIME::GATHER 0.728136 seconds
<INFO 713608f282c0> CORE::TIME::SCATTER 1.481 seconds
<INFO 713608f282c0> TIME_IN_PC_FN 0.069989 seconds
<INFO 713608f282c0> CORE::TIME::WALL 6.49784 seconds
<INFO 713608f282c0> SHUTDOWN
