<INFO 7894b90ae2c0> STARTUP
<INFO 7894b90ae2c0> CORE::GRAPH amazon0601-dir
<INFO 7894b90ae2c0> CORE::ALGORITHM scc
<WARNING 7894b90ae2c0> Disk count not specified, assuming it to be 1
<INFO 7894b90ae2c0> CORE::CONFIG::PROCESSORS 16
<INFO 7894b90ae2c0> CORE::CONFIG::PHYSICAL_MEMORY 8589934592
<INFO 7894b90ae2c0> CORE::CONFIG::VERTICES 403394
<INFO 7894b90ae2c0> CORE::CONFIG::VERTEX_SIZE 16
<INFO 7894b90ae2c0> CORE::CONFIG::VERTEX_BUFFER 6455296
<INFO 7894b90ae2c0> CORE::CONFIG::EDGES 3387388
<INFO 7894b90ae2c0> CORE::CONFIG::PARTITIONS 16
<INFO 7894b90ae2c0> CORE::CONFIG::FANOUT 16
<INFO 7894b90ae2c0> CORE::CONFIG::SUPER_PARTITIONS 1
<INFO 7894b90ae2c0> CORE::CONFIG::STREAM_UNIT 16777216
<INFO 7894b90ae2c0> CORE::CONFIG::BUFFER_SIZE 1713335577
<INFO 7894b90ae2c0> CORE::CONFIG::IO_NUMIOQS 1
<INFO 7894b90ae2c0> CORE::CONFIG::MAX_BUFFERS 4
<INFO 7894b90ae2c0> CORE::CONFIG::MAX_STREAMS 5
<WARNING 7894b90ae2c0> No mount point specified for disk0, falling back to current directory
my size is 40648656
<INFO 7894b90ae2c0> CORE::RUSAGE::MAX_RSS_KB 8394168
<INFO 7894b90ae2c0> CORE::RUSAGE::MINFLT 2097489
<INFO 7894b90ae2c0> CORE::RUSAGE::MAJFLT 0
<INFO 7894b90ae2c0> CORE::RUSAGE::MAJFLT 0
<INFO 7894b90ae2c0> CORE::RUSAGE::INBLK 79400
<INFO 7894b90ae2c0> CORE::RUSAGE::OUBLK 8
<INFO 7894b90ae2c0> CORE::UTILS::BYTES_READ 40648704
<INFO 7894b90ae2c0> CORE::UTILS::BYTES_WRITTEN 0
<INFO 7894b90ae2c0> CORE::TIME::IO_WAIT 0.108635 seconds
<INFO 7894b90ae2c0> ALGORITHM::SCC_COUNT 1588
<INFO 7894b90ae2c0> CORE::TIME::SETUP 3.43379 seconds
<INFO 7894b90ae2c0> CORE::TIME::WALL 13.0453 seconds
<INFO 7894b90ae2c0> SHUTDOWN
