<INFO 75cae1e9a2c0> STARTUP
<INFO 75cae1e9a2c0> CORE::GRAPH amazon0601-sym
<INFO 75cae1e9a2c0> CORE::ALGORITHM cc
<INFO 75cae1e9a2c0> SG-DRIVER-ORIGINAL
<WARNING 75cae1e9a2c0> Disk count not specified, assuming it to be 1
<INFO 75cae1e9a2c0> CORE::CONFIG::PROCESSORS 16
<INFO 75cae1e9a2c0> CORE::CONFIG::PHYSICAL_MEMORY 8589934592
<INFO 75cae1e9a2c0> CORE::CONFIG::VERTICES 403394
<INFO 75cae1e9a2c0> CORE::CONFIG::VERTEX_SIZE 13
<INFO 75cae1e9a2c0> CORE::CONFIG::VERTEX_BUFFER 5246976
<INFO 75cae1e9a2c0> CORE::CONFIG::EDGES 6774776
<INFO 75cae1e9a2c0> CORE::CONFIG::PARTITIONS 16
<INFO 75cae1e9a2c0> CORE::CONFIG::FANOUT 16
<INFO 75cae1e9a2c0> CORE::CONFIG::SUPER_PARTITIONS 1
<INFO 75cae1e9a2c0> CORE::CONFIG::STREAM_UNIT 16777216
<INFO 75cae1e9a2c0> CORE::CONFIG::BUFFER_SIZE 1713577241
<INFO 75cae1e9a2c0> CORE::CONFIG::IO_NUMIOQS 1
<INFO 75cae1e9a2c0> CORE::CONFIG::MAX_BUFFERS 4
<INFO 75cae1e9a2c0> CORE::CONFIG::MAX_STREAMS 5
<WARNING 75cae1e9a2c0> No mount point specified for disk0, falling back to current directory
my size is 81297312
<INFO 75cae1e9a2c0> ALGORITHM::CC::CC_COUNT 7
<INFO 75cae1e9a2c0> CORE::PARTITIONS_PROCESSED 21
<INFO 75cae1e9a2c0> CORE::BYTES::EDGES_STREAMED 91389180
<INFO 75cae1e9a2c0> CORE::BYTES::UPDATES_OUT 21832208
<INFO 75cae1e9a2c0> CORE::BYTES::UPDATES_IN 23420048
<INFO 75c8dbff96c0> CORE::PARTITIONS_PROCESSED 21
<INFO 75c8dcffb6c0> CORE::PARTITIONS_PROCESSED 13
<INFO 75c8df8006c0> CORE::PARTITIONS_PROCESSED 18
<INFO 75c8dcffb6c0> CORE::BYTES::EDGES_STREAMED 86638728
<INFO 75c8dcffb6c0> CORE::BYTES::UPDATES_OUT 21994456
<INFO 75c8dbff96c0> CORE::BYTES::EDGES_STREAMED 91314156
<INFO 75c8dc7fa6c0> CORE::PARTITIONS_PROCESSED 16
<INFO 75c8dbff96c0> CORE::BYTES::UPDATES_OUT 21927200
<INFO 75c8dc7fa6c0> CORE::BYTES::EDGES_STREAMED 85970292
<INFO 75c8df8006c0> CORE::BYTES::EDGES_STREAMED 91125000
<INFO 75c8e10036c0> CORE::PARTITIONS_PROCESSED 17
<INFO 75c8e10036c0> CORE::BYTES::EDGES_STREAMED 82298484
<INFO 75c8e10036c0> CORE::BYTES::UPDATES_OUT 18590224
<INFO 75c8e10036c0> CORE::BYTES::UPDATES_IN 29751992
<INFO 75c8dcffb6c0> CORE::BYTES::UPDATES_IN 22539256
<INFO 75c8dbff96c0> CORE::BYTES::UPDATES_IN 17779248
<INFO 75c8ddffd6c0> CORE::PARTITIONS_PROCESSED 21
<INFO 75c8dc7fa6c0> CORE::BYTES::UPDATES_OUT 21818072
<INFO 75c8ddffd6c0> CORE::BYTES::EDGES_STREAMED 86216580
<INFO 75c8df8006c0> CORE::BYTES::UPDATES_OUT 18512504
<INFO 75c8dd7fc6c0> CORE::PARTITIONS_PROCESSED 20
<INFO 75c8dd7fc6c0> CORE::BYTES::EDGES_STREAMED 90988860
<INFO 75c8dc7fa6c0> CORE::BYTES::UPDATES_IN 20243280
<INFO 75c8df8006c0> CORE::BYTES::UPDATES_IN 23923640
<INFO 75c8ddffd6c0> CORE::BYTES::UPDATES_OUT 22417600
<INFO 75c8db7f86c0> CORE::PARTITIONS_PROCESSED 13
<INFO 75c8dd7fc6c0> CORE::BYTES::UPDATES_OUT 21789672
<INFO 75c8db7f86c0> CORE::BYTES::EDGES_STREAMED 86366604
<INFO 75c8db7f86c0> CORE::BYTES::UPDATES_OUT 21790776
<INFO 75c8db7f86c0> CORE::BYTES::UPDATES_IN 16542176
<INFO 75c8ddffd6c0> CORE::BYTES::UPDATES_IN 20639944
<INFO 75c8dd7fc6c0> CORE::BYTES::UPDATES_IN 23345104
<INFO 75c8e08026c0> CORE::PARTITIONS_PROCESSED 17
<INFO 75c8e08026c0> CORE::BYTES::EDGES_STREAMED 92287116
<INFO 75c8e08026c0> CORE::BYTES::UPDATES_OUT 22110088
<INFO 75c8e08026c0> CORE::BYTES::UPDATES_IN 14258264
<INFO 75c8daff76c0> CORE::PARTITIONS_PROCESSED 12
<INFO 75c8daff76c0> CORE::BYTES::EDGES_STREAMED 76102632
<INFO 75c8daff76c0> CORE::BYTES::UPDATES_OUT 15194784
<INFO 75c8daff76c0> CORE::BYTES::UPDATES_IN 13400688
<INFO 75c8e00016c0> CORE::PARTITIONS_PROCESSED 17
<INFO 75c8e00016c0> CORE::BYTES::EDGES_STREAMED 91041720
<INFO 75c8e00016c0> CORE::BYTES::UPDATES_OUT 21805760
<INFO 75c8e00016c0> CORE::BYTES::UPDATES_IN 22916288
<INFO 75c8d9ff56c0> CORE::PARTITIONS_PROCESSED 17
<INFO 75c8d9ff56c0> CORE::BYTES::EDGES_STREAMED 91777764
<INFO 75c8d9ff56c0> CORE::BYTES::UPDATES_OUT 21879672
<INFO 75c8d9ff56c0> CORE::BYTES::UPDATES_IN 22689720
<INFO 75c8de7fe6c0> CORE::PARTITIONS_PROCESSED 21
<INFO 75c8de7fe6c0> CORE::BYTES::EDGES_STREAMED 101649060
<INFO 75c8de7fe6c0> CORE::BYTES::UPDATES_OUT 28896480
<INFO 75c8de7fe6c0> CORE::BYTES::UPDATES_IN 29527872
<INFO 75c8defff6c0> CORE::PARTITIONS_PROCESSED 20
<INFO 75c8da7f66c0> CORE::PARTITIONS_PROCESSED 22
<INFO 75c8defff6c0> CORE::BYTES::EDGES_STREAMED 91296912
<INFO 75c8defff6c0> CORE::BYTES::UPDATES_OUT 21406120
<INFO 75c8defff6c0> CORE::BYTES::UPDATES_IN 17876832
<INFO 75c8da7f66c0> CORE::BYTES::EDGES_STREAMED 96422616
<INFO 75c8da7f66c0> CORE::BYTES::UPDATES_OUT 28168416
<INFO 75c8da7f66c0> CORE::BYTES::UPDATES_IN 31279680
<INFO 75cae1e9a2c0> CORE::RUSAGE::MAX_RSS_KB 8394008
<INFO 75cae1e9a2c0> CORE::RUSAGE::MINFLT 2097509
<INFO 75cae1e9a2c0> CORE::RUSAGE::MAJFLT 9
<INFO 75cae1e9a2c0> CORE::RUSAGE::MAJFLT 9
<INFO 75cae1e9a2c0> CORE::RUSAGE::INBLK 159184
<INFO 75cae1e9a2c0> CORE::RUSAGE::OUBLK 10264
<INFO 75cae1e9a2c0> CORE::UTILS::BYTES_READ 81297408
<INFO 75cae1e9a2c0> CORE::UTILS::BYTES_WRITTEN 5246976
<INFO 75cae1e9a2c0> CORE::TIME::IO_WAIT 0.203726 seconds
<INFO 75cae1e9a2c0> CORE::PHASES 19
<INFO 75cae1e9a2c0> CORE::TIME::SETUP 3.43617 seconds
<INFO 75cae1e9a2c0> CORE::TIME::STATE_ITER 0.017991 seconds
<INFO 75cae1e9a2c0> CORE::TIME::GATHER 0.646716 seconds
<INFO 75cae1e9a2c0> CORE::TIME::SCATTER 1.35201 seconds
<INFO 75cae1e9a2c0> TIME_IN_PC_FN 0.096525 seconds
<INFO 75cae1e9a2c0> CORE::TIME::WALL 6.00316 seconds
<INFO 75cae1e9a2c0> SHUTDOWN
