<INFO 7d921c2e82c0> STARTUP
<INFO 7d921c2e82c0> CORE::GRAPH amazon0601-sym
<INFO 7d921c2e82c0> CORE::ALGORITHM conductance
<INFO 7d921c2e82c0> SG-DRIVER-ORIGINAL
<WARNING 7d921c2e82c0> Disk count not specified, assuming it to be 1
<INFO 7d921c2e82c0> CORE::CONFIG::PROCESSORS 16
<INFO 7d921c2e82c0> CORE::CONFIG::PHYSICAL_MEMORY 8589934592
<INFO 7d921c2e82c0> CORE::CONFIG::VERTICES 403394
<INFO 7d921c2e82c0> CORE::CONFIG::VERTEX_SIZE 0
<INFO 7d921c2e82c0> CORE::CONFIG::VERTEX_BUFFER 0
<INFO 7d921c2e82c0> CORE::CONFIG::EDGES 6774776
<INFO 7d921c2e82c0> CORE::CONFIG::PARTITIONS 16
<INFO 7d921c2e82c0> CORE::CONFIG::FANOUT 16
<INFO 7d921c2e82c0> CORE::CONFIG::SUPER_PARTITIONS 1
<INFO 7d921c2e82c0> CORE::CONFIG::STREAM_UNIT 16777216
<INFO 7d921c2e82c0> CORE::CONFIG::BUFFER_SIZE 1714626636
<INFO 7d921c2e82c0> CORE::CONFIG::IO_NUMIOQS 1
<INFO 7d921c2e82c0> CORE::CONFIG::MAX_BUFFERS 4
<INFO 7d921c2e82c0> CORE::CONFIG::MAX_STREAMS 5
<WARNING 7d921c2e82c0> No mount point specified for disk0, falling back to current directory
my size is 81297312
<INFO 7d921c2e82c0> ALGORITHM::CONDUCTANCE::VALUE 1.03812
<INFO 7d90183f96c0> CORE::PARTITIONS_PROCESSED 0
<INFO 7d901abfe6c0> CORE::PARTITIONS_PROCESSED 0
<INFO 7d90183f96c0> CORE::BYTES::EDGES_STREAMED 5076708
<INFO 7d90193fb6c0> CORE::PARTITIONS_PROCESSED 0
<INFO 7d90173f76c0> CORE::PARTITIONS_PROCESSED 0
<INFO 7d90173f76c0> CORE::BYTES::EDGES_STREAMED 0
<INFO 7d921c2e82c0> CORE::PARTITIONS_PROCESSED 0
<INFO 7d90173f76c0> CORE::BYTES::UPDATES_OUT 0
<INFO 7d9017bf86c0> CORE::PARTITIONS_PROCESSED 0
<INFO 7d901abfe6c0> CORE::BYTES::EDGES_STREAMED 5134680
<INFO 7d90163f56c0> CORE::PARTITIONS_PROCESSED 0
<INFO 7d90163f56c0> CORE::BYTES::EDGES_STREAMED 0
<INFO 7d90173f76c0> CORE::BYTES::UPDATES_IN 0
<INFO 7d9018bfa6c0> CORE::PARTITIONS_PROCESSED 0
<INFO 7d921c2e82c0> CORE::BYTES::EDGES_STREAMED 10130148
<INFO 7d921c2e82c0> CORE::BYTES::UPDATES_OUT 0
<INFO 7d90193fb6c0> CORE::BYTES::EDGES_STREAMED 10171860
<INFO 7d901abfe6c0> CORE::BYTES::UPDATES_OUT 0
<INFO 7d9017bf86c0> CORE::BYTES::EDGES_STREAMED 0
<INFO 7d9017bf86c0> CORE::BYTES::UPDATES_OUT 0
<INFO 7d9017bf86c0> CORE::BYTES::UPDATES_IN 0
<INFO 7d90193fb6c0> CORE::BYTES::UPDATES_OUT 0
<INFO 7d90183f96c0> CORE::BYTES::UPDATES_OUT 0
<INFO 7d901abfe6c0> CORE::BYTES::UPDATES_IN 0
<INFO 7d90163f56c0> CORE::BYTES::UPDATES_OUT 0
<INFO 7d901b3ff6c0> CORE::PARTITIONS_PROCESSED 0
<INFO 7d901a3fd6c0> CORE::PARTITIONS_PROCESSED 0
<INFO 7d90163f56c0> CORE::BYTES::UPDATES_IN 0
<INFO 7d9018bfa6c0> CORE::BYTES::EDGES_STREAMED 5079420
<INFO 7d901a3fd6c0> CORE::BYTES::EDGES_STREAMED 5057064
<INFO 7d901b3ff6c0> CORE::BYTES::EDGES_STREAMED 10213236
<INFO 7d901a3fd6c0> CORE::BYTES::UPDATES_OUT 0
<INFO 7d901a3fd6c0> CORE::BYTES::UPDATES_IN 0
<INFO 7d901b3ff6c0> CORE::BYTES::UPDATES_OUT 0
<INFO 7d901b3ff6c0> CORE::BYTES::UPDATES_IN 0
<INFO 7d90183f96c0> CORE::BYTES::UPDATES_IN 0
<INFO 7d9014bf26c0> CORE::PARTITIONS_PROCESSED 0
<INFO 7d9014bf26c0> CORE::BYTES::EDGES_STREAMED 0
<INFO 7d9014bf26c0> CORE::BYTES::UPDATES_OUT 0
<INFO 7d9014bf26c0> CORE::BYTES::UPDATES_IN 0
<INFO 7d9016bf66c0> CORE::PARTITIONS_PROCESSED 0
<INFO 7d9018bfa6c0> CORE::BYTES::UPDATES_OUT 0
<INFO 7d9018bfa6c0> CORE::BYTES::UPDATES_IN 0
<INFO 7d9016bf66c0> CORE::BYTES::EDGES_STREAMED 10117860
<INFO 7d9016bf66c0> CORE::BYTES::UPDATES_OUT 0
<INFO 7d9016bf66c0> CORE::BYTES::UPDATES_IN 0
<INFO 7d90193fb6c0> CORE::BYTES::UPDATES_IN 0
<INFO 7d921c2e82c0> CORE::BYTES::UPDATES_IN 0
<INFO 7d9019bfc6c0> CORE::PARTITIONS_PROCESSED 0
<INFO 7d9015bf46c0> CORE::PARTITIONS_PROCESSED 0
<INFO 7d9019bfc6c0> CORE::BYTES::EDGES_STREAMED 5057712
<INFO 7d9019bfc6c0> CORE::BYTES::UPDATES_OUT 0
<INFO 7d9019bfc6c0> CORE::BYTES::UPDATES_IN 0
<INFO 7d9015bf46c0> CORE::BYTES::EDGES_STREAMED 5081352
<INFO 7d9015bf46c0> CORE::BYTES::UPDATES_OUT 0
<INFO 7d9015bf46c0> CORE::BYTES::UPDATES_IN 0
<INFO 7d90143f16c0> CORE::PARTITIONS_PROCESSED 0
<INFO 7d90153f36c0> CORE::PARTITIONS_PROCESSED 0
<INFO 7d90143f16c0> CORE::BYTES::EDGES_STREAMED 5104680
<INFO 7d90143f16c0> CORE::BYTES::UPDATES_OUT 0
<INFO 7d90143f16c0> CORE::BYTES::UPDATES_IN 0
<INFO 7d90153f36c0> CORE::BYTES::EDGES_STREAMED 5072592
<INFO 7d90153f36c0> CORE::BYTES::UPDATES_OUT 0
<INFO 7d90153f36c0> CORE::BYTES::UPDATES_IN 0
<INFO 7d921c2e82c0> CORE::RUSAGE::MAX_RSS_KB 8394128
<INFO 7d921c2e82c0> CORE::RUSAGE::MINFLT 2097517
<INFO 7d921c2e82c0> CORE::RUSAGE::MAJFLT 0
<INFO 7d921c2e82c0> CORE::RUSAGE::MAJFLT 0
<INFO 7d921c2e82c0> CORE::RUSAGE::INBLK 158784
<INFO 7d921c2e82c0> CORE::RUSAGE::OUBLK 16
<INFO 7d921c2e82c0> CORE::UTILS::BYTES_READ 81297408
<INFO 7d921c2e82c0> CORE::UTILS::BYTES_WRITTEN 0
<INFO 7d921c2e82c0> CORE::TIME::IO_WAIT 0.19129 seconds
<INFO 7d921c2e82c0> CORE::PHASES 2
<INFO 7d921c2e82c0> CORE::TIME::SETUP 3.43698 seconds
<INFO 7d921c2e82c0> CORE::TIME::STATE_ITER 0.01199 seconds
<INFO 7d921c2e82c0> CORE::TIME::GATHER 1e-06 seconds
<INFO 7d921c2e82c0> CORE::TIME::SCATTER 0.286 seconds
<INFO 7d921c2e82c0> TIME_IN_PC_FN 0.007423 seconds
<INFO 7d921c2e82c0> CORE::TIME::WALL 3.80383 seconds
<INFO 7d921c2e82c0> SHUTDOWN
