<INFO 78a08f1582c0> STARTUP
<INFO 78a08f1582c0> CORE::GRAPH amazon0601-dir
<INFO 78a08f1582c0> CORE::ALGORITHM spmv
<INFO 78a08f1582c0> SG-DRIVER-ORIGINAL
<WARNING 78a08f1582c0> Disk count not specified, assuming it to be 1
<INFO 78a08f1582c0> CORE::CONFIG::PROCESSORS 16
<INFO 78a08f1582c0> CORE::CONFIG::PHYSICAL_MEMORY 8589934592
<INFO 78a08f1582c0> CORE::CONFIG::VERTICES 403394
<INFO 78a08f1582c0> CORE::CONFIG::VERTEX_SIZE 8
<INFO 78a08f1582c0> CORE::CONFIG::VERTEX_BUFFER 3227648
<INFO 78a08f1582c0> CORE::CONFIG::EDGES 3387388
<INFO 78a08f1582c0> CORE::CONFIG::PARTITIONS 16
<INFO 78a08f1582c0> CORE::CONFIG::FANOUT 16
<INFO 78a08f1582c0> CORE::CONFIG::SUPER_PARTITIONS 1
<INFO 78a08f1582c0> CORE::CONFIG::STREAM_UNIT 16777216
<INFO 78a08f1582c0> CORE::CONFIG::BUFFER_SIZE 1713981107
<INFO 78a08f1582c0> CORE::CONFIG::IO_NUMIOQS 1
<INFO 78a08f1582c0> CORE::CONFIG::MAX_BUFFERS 4
<INFO 78a08f1582c0> CORE::CONFIG::MAX_STREAMS 5
<WARNING 78a08f1582c0> No mount point specified for disk0, falling back to current directory
my size is 40648656
<INFO 78a08f1582c0> CORE::PARTITIONS_PROCESSED 2
<INFO 78a08f1582c0> CORE::BYTES::EDGES_STREAMED 2535648
<INFO 78a08f1582c0> CORE::BYTES::UPDATES_OUT 1690432
<INFO 78a08f1582c0> CORE::BYTES::UPDATES_IN 3423800
<INFO 789e8b9fc6c0> CORE::PARTITIONS_PROCESSED 2
<INFO 789e8d1ff6c0> CORE::PARTITIONS_PROCESSED 0
<INFO 789e8da006c0> CORE::PARTITIONS_PROCESSED 0
<INFO 789e8d1ff6c0> CORE::BYTES::EDGES_STREAMED 5084124
<INFO 789e8da006c0> CORE::BYTES::EDGES_STREAMED 5082768
<INFO 789e8d1ff6c0> CORE::BYTES::UPDATES_OUT 3389416
<INFO 789e8da006c0> CORE::BYTES::UPDATES_OUT 3388512
<INFO 789e8da006c0> CORE::BYTES::UPDATES_IN 0
<INFO 789e8d1ff6c0> CORE::BYTES::UPDATES_IN 0
<INFO 789e8a1f96c0> CORE::PARTITIONS_PROCESSED 2
<INFO 789e8e2016c0> CORE::PARTITIONS_PROCESSED 2
<INFO 789e8e2016c0> CORE::BYTES::EDGES_STREAMED 0
<INFO 789e8a1f96c0> CORE::BYTES::EDGES_STREAMED 2541384
<INFO 789e879f46c0> CORE::PARTITIONS_PROCESSED 2
<INFO 789e879f46c0> CORE::BYTES::EDGES_STREAMED 2543928
<INFO 789e879f46c0> CORE::BYTES::UPDATES_OUT 1695952
<INFO 789e879f46c0> CORE::BYTES::UPDATES_IN 3395776
<INFO 789e899f86c0> CORE::PARTITIONS_PROCESSED 0
<INFO 789e899f86c0> CORE::BYTES::EDGES_STREAMED 2536512
<INFO 789e899f86c0> CORE::BYTES::UPDATES_OUT 1691008
<INFO 789e8c1fd6c0> CORE::PARTITIONS_PROCESSED 0
<INFO 789e871f36c0> CORE::PARTITIONS_PROCESSED 0
<INFO 789e8c1fd6c0> CORE::BYTES::EDGES_STREAMED 2544108
<INFO 789e871f36c0> CORE::BYTES::EDGES_STREAMED 2530896
<INFO 789e871f36c0> CORE::BYTES::UPDATES_OUT 1687264
<INFO 789e891f76c0> CORE::PARTITIONS_PROCESSED 0
<INFO 789e881f56c0> CORE::PARTITIONS_PROCESSED 0
<INFO 789e8c9fe6c0> CORE::PARTITIONS_PROCESSED 2
<INFO 789e8c9fe6c0> CORE::BYTES::EDGES_STREAMED 0
<INFO 789e8c9fe6c0> CORE::BYTES::UPDATES_OUT 0
<INFO 789e891f76c0> CORE::BYTES::EDGES_STREAMED 5081100
<INFO 789e891f76c0> CORE::BYTES::UPDATES_OUT 3387400
<INFO 789e891f76c0> CORE::BYTES::UPDATES_IN 0
<INFO 789e8b1fb6c0> CORE::PARTITIONS_PROCESSED 2
<INFO 789e8a9fa6c0> CORE::PARTITIONS_PROCESSED 0
<INFO 789e8c9fe6c0> CORE::BYTES::UPDATES_IN 3364200
<INFO 789e899f86c0> CORE::BYTES::UPDATES_IN 0
<INFO 789e881f56c0> CORE::BYTES::EDGES_STREAMED 5092464
<INFO 789e871f36c0> CORE::BYTES::UPDATES_IN 0
<INFO 789e8b1fb6c0> CORE::BYTES::EDGES_STREAMED 2536944
<INFO 789e881f56c0> CORE::BYTES::UPDATES_OUT 3394976
<INFO 789e881f56c0> CORE::BYTES::UPDATES_IN 0
<INFO 789e8a1f96c0> CORE::BYTES::UPDATES_OUT 1694256
<INFO 789e8a1f96c0> CORE::BYTES::UPDATES_IN 3380952
<INFO 789e889f66c0> CORE::PARTITIONS_PROCESSED 2
<INFO 789e889f66c0> CORE::BYTES::EDGES_STREAMED 2538780
<INFO 789e889f66c0> CORE::BYTES::UPDATES_OUT 1692520
<INFO 789e889f66c0> CORE::BYTES::UPDATES_IN 3375944
<INFO 789e8c1fd6c0> CORE::BYTES::UPDATES_OUT 1696072
<INFO 789e8c1fd6c0> CORE::BYTES::UPDATES_IN 0
<INFO 789e8b9fc6c0> CORE::BYTES::EDGES_STREAMED 0
<INFO 789e8b9fc6c0> CORE::BYTES::UPDATES_OUT 0
<INFO 789e8b9fc6c0> CORE::BYTES::UPDATES_IN 3361400
<INFO 789e8b1fb6c0> CORE::BYTES::UPDATES_OUT 1691296
<INFO 789e8b1fb6c0> CORE::BYTES::UPDATES_IN 3378400
<INFO 789e8a9fa6c0> CORE::BYTES::EDGES_STREAMED 0
<INFO 789e8a9fa6c0> CORE::BYTES::UPDATES_OUT 0
<INFO 789e8a9fa6c0> CORE::BYTES::UPDATES_IN 0
<INFO 789e8e2016c0> CORE::BYTES::UPDATES_OUT 0
<INFO 789e8e2016c0> CORE::BYTES::UPDATES_IN 3418632
<INFO 78a08f1582c0> CORE::RUSAGE::MAX_RSS_KB 8394000
<INFO 78a08f1582c0> CORE::RUSAGE::MINFLT 2097513
<INFO 78a08f1582c0> CORE::RUSAGE::MAJFLT 0
<INFO 78a08f1582c0> CORE::RUSAGE::MAJFLT 0
<INFO 78a08f1582c0> CORE::RUSAGE::INBLK 79392
<INFO 78a08f1582c0> CORE::RUSAGE::OUBLK 6320
<INFO 78a08f1582c0> CORE::UTILS::BYTES_READ 40648704
<INFO 78a08f1582c0> CORE::UTILS::BYTES_WRITTEN 3227648
<INFO 78a08f1582c0> CORE::TIME::IO_WAIT 0.114098 seconds
<INFO 78a08f1582c0> CORE::PHASES 2
<INFO 78a08f1582c0> CORE::TIME::SETUP 3.46785 seconds
<INFO 78a08f1582c0> CORE::TIME::STATE_ITER 0.017995 seconds
<INFO 78a08f1582c0> CORE::TIME::GATHER 0.048 seconds
<INFO 78a08f1582c0> CORE::TIME::SCATTER 0.264002 seconds
<INFO 78a08f1582c0> TIME_IN_PC_FN 0.00848 seconds
<INFO 78a08f1582c0> CORE::TIME::WALL 3.86773 seconds
<INFO 78a08f1582c0> SHUTDOWN
