<INFO 7dd22510a2c0> STARTUP
<INFO 7dd22510a2c0> CORE::GRAPH cit-Patents-sym
<INFO 7dd22510a2c0> CORE::ALGORITHM cc
<INFO 7dd22510a2c0> SG-DRIVER-ORIGINAL
<WARNING 7dd22510a2c0> Disk count not specified, assuming it to be 1
<INFO 7dd22510a2c0> CORE::CONFIG::PROCESSORS 16
<INFO 7dd22510a2c0> CORE::CONFIG::PHYSICAL_MEMORY 8589934592
<INFO 7dd22510a2c0> CORE::CONFIG::VERTICES 3774768
<INFO 7dd22510a2c0> CORE::CONFIG::VERTEX_SIZE 13
<INFO 7dd22510a2c0> CORE::CONFIG::VERTEX_BUFFER 49074176
<INFO 7dd22510a2c0> CORE::CONFIG::EDGES 33037895
<INFO 7dd22510a2c0> CORE::CONFIG::PARTITIONS 64
<INFO 7dd22510a2c0> CORE::CONFIG::FANOUT 64
<INFO 7dd22510a2c0> CORE::CONFIG::SUPER_PARTITIONS 1
<INFO 7dd22510a2c0> CORE::CONFIG::STREAM_UNIT 16777216
<INFO 7dd22510a2c0> CORE::CONFIG::BUFFER_SIZE 1704811110
<INFO 7dd22510a2c0> CORE::CONFIG::IO_NUMIOQS 1
<INFO 7dd22510a2c0> CORE::CONFIG::MAX_BUFFERS 4
<INFO 7dd22510a2c0> CORE::CONFIG::MAX_STREAMS 5
<WARNING 7dd22510a2c0> No mount point specified for disk0, falling back to current directory
my size is 396454740
<INFO 7dd22510a2c0> ALGORITHM::CC::CC_COUNT 3627
<INFO 7dd22510a2c0> CORE::PARTITIONS_PROCESSED 68
<INFO 7dd22510a2c0> CORE::BYTES::EDGES_STREAMED 458293956
<INFO 7dd22510a2c0> CORE::BYTES::UPDATES_OUT 154565184
<INFO 7dd22510a2c0> CORE::BYTES::UPDATES_IN 156170312
<INFO 7dd01f9fa6c0> CORE::PARTITIONS_PROCESSED 67
<INFO 7dd01f9fa6c0> CORE::BYTES::EDGES_STREAMED 414049572
<INFO 7dd01f9fa6c0> CORE::BYTES::UPDATES_OUT 139992536
<INFO 7dd023a026c0> CORE::PARTITIONS_PROCESSED 87
<INFO 7dd022a006c0> CORE::PARTITIONS_PROCESSED 74
<INFO 7dd01f9fa6c0> CORE::BYTES::UPDATES_IN 143468776
<INFO 7dd01d1f56c0> CORE::PARTITIONS_PROCESSED 46
<INFO 7dd0242036c0> CORE::PARTITIONS_PROCESSED 62
<INFO 7dd01d1f56c0> CORE::BYTES::EDGES_STREAMED 402295608
<INFO 7dd0242036c0> CORE::BYTES::EDGES_STREAMED 415351416
<INFO 7dd0221ff6c0> CORE::PARTITIONS_PROCESSED 51
<INFO 7dd01e9f86c0> CORE::PARTITIONS_PROCESSED 49
<INFO 7dd01d9f66c0> CORE::PARTITIONS_PROCESSED 58
<INFO 7dd0209fc6c0> CORE::PARTITIONS_PROCESSED 89
<INFO 7dd01e9f86c0> CORE::BYTES::EDGES_STREAMED 398007780
<INFO 7dd01e9f86c0> CORE::BYTES::UPDATES_OUT 120576624
<INFO 7dd0211fd6c0> CORE::PARTITIONS_PROCESSED 86
<INFO 7dd023a026c0> CORE::BYTES::EDGES_STREAMED 403035708
<INFO 7dd022a006c0> CORE::BYTES::EDGES_STREAMED 501430908
<INFO 7dd0219fe6c0> CORE::PARTITIONS_PROCESSED 54
<INFO 7dd0201fb6c0> CORE::PARTITIONS_PROCESSED 48
<INFO 7dd01d1f56c0> CORE::BYTES::UPDATES_OUT 132006032
<INFO 7dd01d1f56c0> CORE::BYTES::UPDATES_IN 125002768
<INFO 7dd0221ff6c0> CORE::BYTES::EDGES_STREAMED 401930532
<INFO 7dd0201fb6c0> CORE::BYTES::EDGES_STREAMED 414625104
<INFO 7dd0242036c0> CORE::BYTES::UPDATES_OUT 132164200
<INFO 7dd01e1f76c0> CORE::PARTITIONS_PROCESSED 89
<INFO 7dd0221ff6c0> CORE::BYTES::UPDATES_OUT 125066992
<INFO 7dd0221ff6c0> CORE::BYTES::UPDATES_IN 129271576
<INFO 7dd0232016c0> CORE::PARTITIONS_PROCESSED 76
<INFO 7dd0219fe6c0> CORE::BYTES::EDGES_STREAMED 395968080
<INFO 7dd01f1f96c0> CORE::PARTITIONS_PROCESSED 76
<INFO 7dd0232016c0> CORE::BYTES::EDGES_STREAMED 409834188
<INFO 7dd0219fe6c0> CORE::BYTES::UPDATES_OUT 124973448
<INFO 7dd0219fe6c0> CORE::BYTES::UPDATES_IN 123586720
<INFO 7dd01e9f86c0> CORE::BYTES::UPDATES_IN 127581832
<INFO 7dd0242036c0> CORE::BYTES::UPDATES_IN 132747512
<INFO 7dd01f1f96c0> CORE::BYTES::EDGES_STREAMED 420593808
<INFO 7dd0232016c0> CORE::BYTES::UPDATES_OUT 135952200
<INFO 7dd0201fb6c0> CORE::BYTES::UPDATES_OUT 132656264
<INFO 7dd0201fb6c0> CORE::BYTES::UPDATES_IN 117223744
<INFO 7dd01d9f66c0> CORE::BYTES::EDGES_STREAMED 395622828
<INFO 7dd022a006c0> CORE::BYTES::UPDATES_OUT 155931000
<INFO 7dd01d9f66c0> CORE::BYTES::UPDATES_OUT 128492464
<INFO 7dd01d9f66c0> CORE::BYTES::UPDATES_IN 125764320
<INFO 7dd0211fd6c0> CORE::BYTES::EDGES_STREAMED 446864844
<INFO 7dd01f1f96c0> CORE::BYTES::UPDATES_OUT 117207592
<INFO 7dd0211fd6c0> CORE::BYTES::UPDATES_OUT 150940552
<INFO 7dd01f1f96c0> CORE::BYTES::UPDATES_IN 122232192
<INFO 7dd0232016c0> CORE::BYTES::UPDATES_IN 124008136
<INFO 7dd0211fd6c0> CORE::BYTES::UPDATES_IN 147917760
<INFO 7dd01e1f76c0> CORE::BYTES::EDGES_STREAMED 459302112
<INFO 7dd01e1f76c0> CORE::BYTES::UPDATES_OUT 162818008
<INFO 7dd01e1f76c0> CORE::BYTES::UPDATES_IN 199541336
<INFO 7dd022a006c0> CORE::BYTES::UPDATES_IN 141367432
<INFO 7dd0209fc6c0> CORE::BYTES::EDGES_STREAMED 414873000
<INFO 7dd0209fc6c0> CORE::BYTES::UPDATES_OUT 132160744
<INFO 7dd0209fc6c0> CORE::BYTES::UPDATES_IN 127644600
<INFO 7dd023a026c0> CORE::BYTES::UPDATES_OUT 127918016
<INFO 7dd023a026c0> CORE::BYTES::UPDATES_IN 129892840
<INFO 7dd22510a2c0> CORE::RUSAGE::MAX_RSS_KB 8393996
<INFO 7dd22510a2c0> CORE::RUSAGE::MINFLT 2097524
<INFO 7dd22510a2c0> CORE::RUSAGE::MAJFLT 0
<INFO 7dd22510a2c0> CORE::RUSAGE::MAJFLT 0
<INFO 7dd22510a2c0> CORE::RUSAGE::INBLK 774328
<INFO 7dd22510a2c0> CORE::RUSAGE::OUBLK 95864
<INFO 7dd22510a2c0> CORE::UTILS::BYTES_READ 396455936
<INFO 7dd22510a2c0> CORE::UTILS::BYTES_WRITTEN 49074176
<INFO 7dd22510a2c0> CORE::TIME::IO_WAIT 1.28795 seconds
<INFO 7dd22510a2c0> CORE::PHASES 21
<INFO 7dd22510a2c0> CORE::TIME::SETUP 3.43243 seconds
<INFO 7dd22510a2c0> CORE::TIME::STATE_ITER 0.041997 seconds
<INFO 7dd22510a2c0> CORE::TIME::GATHER 1.31323 seconds
<INFO 7dd22510a2c0> CORE::TIME::SCATTER 3.15201 seconds
<INFO 7dd22510a2c0> TIME_IN_PC_FN 0.73374 seconds
<INFO 7dd22510a2c0> CORE::TIME::WALL 8.61865 seconds
<INFO 7dd22510a2c0> SHUTDOWN
