<INFO 7ca962b392c0> STARTUP
<INFO 7ca962b392c0> CORE::GRAPH cit-Patents-sym
<INFO 7ca962b392c0> CORE::ALGORITHM conductance
<INFO 7ca962b392c0> SG-DRIVER-ORIGINAL
<WARNING 7ca962b392c0> Disk count not specified, assuming it to be 1
<INFO 7ca962b392c0> CORE::CONFIG::PROCESSORS 16
<INFO 7ca962b392c0> CORE::CONFIG::PHYSICAL_MEMORY 8589934592
<INFO 7ca962b392c0> CORE::CONFIG::VERTICES 3774768
<INFO 7ca962b392c0> CORE::CONFIG::VERTEX_SIZE 0
<INFO 7ca962b392c0> CORE::CONFIG::VERTEX_BUFFER 0
<INFO 7ca962b392c0> CORE::CONFIG::EDGES 33037895
<INFO 7ca962b392c0> CORE::CONFIG::PARTITIONS 32
<INFO 7ca962b392c0> CORE::CONFIG::FANOUT 32
<INFO 7ca962b392c0> CORE::CONFIG::SUPER_PARTITIONS 1
<INFO 7ca962b392c0> CORE::CONFIG::STREAM_UNIT 16777216
<INFO 7ca962b392c0> CORE::CONFIG::BUFFER_SIZE 1714626406
<INFO 7ca962b392c0> CORE::CONFIG::IO_NUMIOQS 1
<INFO 7ca962b392c0> CORE::CONFIG::MAX_BUFFERS 4
<INFO 7ca962b392c0> CORE::CONFIG::MAX_STREAMS 5
<WARNING 7ca962b392c0> No mount point specified for disk0, falling back to current directory
my size is 396454740
<INFO 7ca962b392c0> ALGORITHM::CONDUCTANCE::VALUE 0.999895
<INFO 7ca962b392c0> CORE::PARTITIONS_PROCESSED 0
<INFO 7ca962b392c0> CORE::BYTES::EDGES_STREAMED 24772380
<INFO 7ca962b392c0> CORE::BYTES::UPDATES_OUT 0
<INFO 7ca7604016c0> CORE::PARTITIONS_PROCESSED 0
<INFO 7ca75e3fd6c0> CORE::PARTITIONS_PROCESSED 0
<INFO 7ca75bbf86c0> CORE::PARTITIONS_PROCESSED 0
<INFO 7ca75bbf86c0> CORE::BYTES::EDGES_STREAMED 24818496
<INFO 7ca75bbf86c0> CORE::BYTES::UPDATES_OUT 0
<INFO 7ca75bbf86c0> CORE::BYTES::UPDATES_IN 0
<INFO 7ca7614036c0> CORE::PARTITIONS_PROCESSED 0
<INFO 7ca75b3f76c0> CORE::PARTITIONS_PROCESSED 0
<INFO 7ca7614036c0> CORE::BYTES::EDGES_STREAMED 24794256
<INFO 7ca962b392c0> CORE::BYTES::UPDATES_IN 0
<INFO 7ca7604016c0> CORE::BYTES::EDGES_STREAMED 24751680
<INFO 7ca7604016c0> CORE::BYTES::UPDATES_OUT 0
<INFO 7ca761c046c0> CORE::PARTITIONS_PROCESSED 0
<INFO 7ca761c046c0> CORE::BYTES::EDGES_STREAMED 24799944
<INFO 7ca761c046c0> CORE::BYTES::UPDATES_OUT 0
<INFO 7ca761c046c0> CORE::BYTES::UPDATES_IN 0
<INFO 7ca75c3f96c0> CORE::PARTITIONS_PROCESSED 0
<INFO 7ca75d3fb6c0> CORE::PARTITIONS_PROCESSED 0
<INFO 7ca760c026c0> CORE::PARTITIONS_PROCESSED 0
<INFO 7ca75abf66c0> CORE::PARTITIONS_PROCESSED 0
<INFO 7ca760c026c0> CORE::BYTES::EDGES_STREAMED 12450432
<INFO 7ca75e3fd6c0> CORE::BYTES::EDGES_STREAMED 37112268
<INFO 7ca75e3fd6c0> CORE::BYTES::UPDATES_OUT 0
<INFO 7ca75e3fd6c0> CORE::BYTES::UPDATES_IN 0
<INFO 7ca75f3ff6c0> CORE::PARTITIONS_PROCESSED 0
<INFO 7ca75f3ff6c0> CORE::BYTES::EDGES_STREAMED 24767748
<INFO 7ca760c026c0> CORE::BYTES::UPDATES_OUT 0
<INFO 7ca75abf66c0> CORE::BYTES::EDGES_STREAMED 24752376
<INFO 7ca760c026c0> CORE::BYTES::UPDATES_IN 0
<INFO 7ca75fc006c0> CORE::PARTITIONS_PROCESSED 0
<INFO 7ca75ebfe6c0> CORE::PARTITIONS_PROCESSED 0
<INFO 7ca7604016c0> CORE::BYTES::UPDATES_IN 0
<INFO 7ca75fc006c0> CORE::BYTES::EDGES_STREAMED 24712620
<INFO 7ca75abf66c0> CORE::BYTES::UPDATES_OUT 0
<INFO 7ca75abf66c0> CORE::BYTES::UPDATES_IN 0
<INFO 7ca75c3f96c0> CORE::BYTES::EDGES_STREAMED 24865212
<INFO 7ca75b3f76c0> CORE::BYTES::EDGES_STREAMED 24712272
<INFO 7ca7614036c0> CORE::BYTES::UPDATES_OUT 0
<INFO 7ca75cbfa6c0> CORE::PARTITIONS_PROCESSED 0
<INFO 7ca75f3ff6c0> CORE::BYTES::UPDATES_OUT 0
<INFO 7ca75fc006c0> CORE::BYTES::UPDATES_OUT 0
<INFO 7ca7614036c0> CORE::BYTES::UPDATES_IN 0
<INFO 7ca75fc006c0> CORE::BYTES::UPDATES_IN 0
<INFO 7ca75ebfe6c0> CORE::BYTES::EDGES_STREAMED 24833340
<INFO 7ca75ebfe6c0> CORE::BYTES::UPDATES_OUT 0
<INFO 7ca75ebfe6c0> CORE::BYTES::UPDATES_IN 0
<INFO 7ca75dbfc6c0> CORE::PARTITIONS_PROCESSED 0
<INFO 7ca75cbfa6c0> CORE::BYTES::EDGES_STREAMED 24734052
<INFO 7ca75cbfa6c0> CORE::BYTES::UPDATES_OUT 0
<INFO 7ca75cbfa6c0> CORE::BYTES::UPDATES_IN 0
<INFO 7ca75d3fb6c0> CORE::BYTES::EDGES_STREAMED 24729480
<INFO 7ca75d3fb6c0> CORE::BYTES::UPDATES_OUT 0
<INFO 7ca75d3fb6c0> CORE::BYTES::UPDATES_IN 0
<INFO 7ca75dbfc6c0> CORE::BYTES::EDGES_STREAMED 24848184
<INFO 7ca75dbfc6c0> CORE::BYTES::UPDATES_OUT 0
<INFO 7ca75dbfc6c0> CORE::BYTES::UPDATES_IN 0
<INFO 7ca75b3f76c0> CORE::BYTES::UPDATES_OUT 0
<INFO 7ca75b3f76c0> CORE::BYTES::UPDATES_IN 0
<INFO 7ca75c3f96c0> CORE::BYTES::UPDATES_OUT 0
<INFO 7ca75c3f96c0> CORE::BYTES::UPDATES_IN 0
<INFO 7ca75f3ff6c0> CORE::BYTES::UPDATES_IN 0
<INFO 7ca962b392c0> CORE::RUSAGE::MAX_RSS_KB 8393992
<INFO 7ca962b392c0> CORE::RUSAGE::MINFLT 2097506
<INFO 7ca962b392c0> CORE::RUSAGE::MAJFLT 0
<INFO 7ca962b392c0> CORE::RUSAGE::MAJFLT 0
<INFO 7ca962b392c0> CORE::RUSAGE::INBLK 774328
<INFO 7ca962b392c0> CORE::RUSAGE::OUBLK 16
<INFO 7ca962b392c0> CORE::UTILS::BYTES_READ 396455936
<INFO 7ca962b392c0> CORE::UTILS::BYTES_WRITTEN 0
<INFO 7ca962b392c0> CORE::TIME::IO_WAIT 0.90633 seconds
<INFO 7ca962b392c0> CORE::PHASES 2
<INFO 7ca962b392c0> CORE::TIME::SETUP 3.56743 seconds
<INFO 7ca962b392c0> CORE::TIME::STATE_ITER 0.047695 seconds
<INFO 7ca962b392c0> CORE::TIME::GATHER 0 seconds
<INFO 7ca962b392c0> CORE::TIME::SCATTER 1.10456 seconds
<INFO 7ca962b392c0> TIME_IN_PC_FN 0.020124 seconds
<INFO 7ca962b392c0> CORE::TIME::WALL 4.79067 seconds
<INFO 7ca962b392c0> SHUTDOWN
