<INFO 71bd0015e2c0> STARTUP
<INFO 71bd0015e2c0> CORE::GRAPH cit-Patents-sym
<INFO 71bd0015e2c0> CORE::ALGORITHM mcst
<WARNING 71bd0015e2c0> Disk count not specified, assuming it to be 1
<INFO 71bd0015e2c0> CORE::CONFIG::PROCESSORS 16
<INFO 71bd0015e2c0> CORE::CONFIG::PHYSICAL_MEMORY 8589934592
<INFO 71bd0015e2c0> CORE::CONFIG::VERTICES 3774768
<INFO 71bd0015e2c0> CORE::CONFIG::VERTEX_SIZE 16
<INFO 71bd0015e2c0> CORE::CONFIG::VERTEX_BUFFER 60399616
<INFO 71bd0015e2c0> CORE::CONFIG::EDGES 33037895
<INFO 71bd0015e2c0> CORE::CONFIG::PARTITIONS 128
<INFO 71bd0015e2c0> CORE::CONFIG::FANOUT 128
<INFO 71bd0015e2c0> CORE::CONFIG::SUPER_PARTITIONS 1
<INFO 71bd0015e2c0> CORE::CONFIG::STREAM_UNIT 16777216
<INFO 71bd0015e2c0> CORE::CONFIG::BUFFER_SIZE 1418786472
<INFO 71bd0015e2c0> CORE::CONFIG::IO_NUMIOQS 1
<INFO 71bd0015e2c0> CORE::CONFIG::MAX_BUFFERS 5
<INFO 71bd0015e2c0> CORE::CONFIG::MAX_STREAMS 6
<WARNING 71bd0015e2c0> No mount point specified for disk0, falling back to current directory
my size is 396454740
<INFO 71bd0015e2c0> ALGORITHM::PROPOSALS_SENT 305358
<INFO 71bafb9fd6c0> ALGORITHM::PROPOSALS_SENT 287443
<INFO 71bafda016c0> ALGORITHM::PROPOSALS_SENT 539583
<INFO 71bd0015e2c0> ALGORITHM::PROPOSALS_RECEIVED 289096
<INFO 71bafa9fb6c0> ALGORITHM::PROPOSALS_SENT 363182
<INFO 71baf91f86c0> ALGORITHM::PROPOSALS_SENT 400004
<INFO 71bafea036c0> ALGORITHM::PROPOSALS_SENT 303728
<INFO 71bafda016c0> ALGORITHM::PROPOSALS_RECEIVED 265144
<INFO 71baf89f76c0> ALGORITHM::PROPOSALS_SENT 383138
<INFO 71bafa9fb6c0> ALGORITHM::PROPOSALS_RECEIVED 528249
<INFO 71baf91f86c0> ALGORITHM::PROPOSALS_RECEIVED 265844
<INFO 71baf89f76c0> ALGORITHM::PROPOSALS_RECEIVED 285646
<INFO 71bafc9ff6c0> ALGORITHM::PROPOSALS_SENT 189034
<INFO 71bafc9ff6c0> ALGORITHM::PROPOSALS_RECEIVED 276667
<INFO 71bafb9fd6c0> ALGORITHM::PROPOSALS_RECEIVED 322137
<INFO 71bafea036c0> ALGORITHM::PROPOSALS_RECEIVED 183338
<INFO 71baf81f66c0> ALGORITHM::PROPOSALS_SENT 313929
<INFO 71baf81f66c0> ALGORITHM::PROPOSALS_RECEIVED 272895
<INFO 71baf99f96c0> ALGORITHM::PROPOSALS_SENT 300070
<INFO 71baf99f96c0> ALGORITHM::PROPOSALS_RECEIVED 279506
<INFO 71bafa1fa6c0> ALGORITHM::PROPOSALS_SENT 82148
<INFO 71bafa1fa6c0> ALGORITHM::PROPOSALS_RECEIVED 218815
<INFO 71bafc1fe6c0> ALGORITHM::PROPOSALS_SENT 307903
<INFO 71bafc1fe6c0> ALGORITHM::PROPOSALS_RECEIVED 271231
<INFO 71bafd2006c0> ALGORITHM::PROPOSALS_SENT 254948
<INFO 71bafd2006c0> ALGORITHM::PROPOSALS_RECEIVED 406059
<INFO 71bafb1fc6c0> ALGORITHM::PROPOSALS_SENT 196780
<INFO 71bafb1fc6c0> ALGORITHM::PROPOSALS_RECEIVED 313433
<INFO 71bafe2026c0> ALGORITHM::PROPOSALS_SENT 248087
<INFO 71bafe2026c0> ALGORITHM::PROPOSALS_RECEIVED 212125
<INFO 71baff2046c0> ALGORITHM::PROPOSALS_SENT 243221
<INFO 71baff2046c0> ALGORITHM::PROPOSALS_RECEIVED 328371
<INFO 71bd0015e2c0> CORE::RUSAGE::MAX_RSS_KB 8394252
<INFO 71bd0015e2c0> CORE::RUSAGE::MINFLT 2097535
<INFO 71bd0015e2c0> CORE::RUSAGE::MAJFLT 0
<INFO 71bd0015e2c0> CORE::RUSAGE::MAJFLT 0
<INFO 71bd0015e2c0> CORE::RUSAGE::INBLK 774328
<INFO 71bd0015e2c0> CORE::RUSAGE::OUBLK 187864
<INFO 71bd0015e2c0> CORE::UTILS::BYTES_READ 396455936
<INFO 71bd0015e2c0> CORE::UTILS::BYTES_WRITTEN 96182272
<INFO 71bd0015e2c0> CORE::TIME::IO_WAIT 0.932529 seconds
<INFO 71bd0015e2c0> ALGORITHM::TREE_EDGES 4007590
<INFO 71bd0015e2c0> ALGORITHM::CC_COUNT 3627
<INFO 71bd0015e2c0> CORE::PHASES 6
<INFO 71bd0015e2c0> CORE::TIME::SETUP 3.42058 seconds
<INFO 71bd0015e2c0> CORE::TIME::WALL 19.1419 seconds
<INFO 71bd0015e2c0> SHUTDOWN
