<INFO 74d74f6ae2c0> STARTUP
<INFO 74d74f6ae2c0> CORE::GRAPH cit-Patents-sym
<INFO 74d74f6ae2c0> CORE::ALGORITHM mis
<INFO 74d74f6ae2c0> SG-DRIVER-ORIGINAL
<WARNING 74d74f6ae2c0> Disk count not specified, assuming it to be 1
<INFO 74d74f6ae2c0> CORE::CONFIG::PROCESSORS 16
<INFO 74d74f6ae2c0> CORE::CONFIG::PHYSICAL_MEMORY 8589934592
<INFO 74d74f6ae2c0> CORE::CONFIG::VERTICES 3774768
<INFO 74d74f6ae2c0> CORE::CONFIG::VERTEX_SIZE 1
<INFO 74d74f6ae2c0> CORE::CONFIG::VERTEX_BUFFER 3776512
<INFO 74d74f6ae2c0> CORE::CONFIG::EDGES 33037895
<INFO 74d74f6ae2c0> CORE::CONFIG::PARTITIONS 32
<INFO 74d74f6ae2c0> CORE::CONFIG::FANOUT 32
<INFO 74d74f6ae2c0> CORE::CONFIG::SUPER_PARTITIONS 1
<INFO 74d74f6ae2c0> CORE::CONFIG::STREAM_UNIT 16777216
<INFO 74d74f6ae2c0> CORE::CONFIG::BUFFER_SIZE 1713871104
<INFO 74d74f6ae2c0> CORE::CONFIG::IO_NUMIOQS 1
<INFO 74d74f6ae2c0> CORE::CONFIG::MAX_BUFFERS 4
<INFO 74d74f6ae2c0> CORE::CONFIG::MAX_STREAMS 5
<WARNING 74d74f6ae2c0> No mount point specified for disk0, falling back to current directory
my size is 396454740
<INFO 74d74f6ae2c0> ALGORITHM::MIS::NOT_IN_MIS 1810026
<INFO 74d74f6ae2c0> CORE::PARTITIONS_PROCESSED 34
<INFO 74d74f6ae2c0> CORE::BYTES::EDGES_STREAMED 433501296
<INFO 74d74f6ae2c0> CORE::BYTES::UPDATES_OUT 34288036
<INFO 74d74f6ae2c0> CORE::BYTES::UPDATES_IN 35347460
<INFO 74d5497f86c0> CORE::PARTITIONS_PROCESSED 29
<INFO 74d5477f46c0> CORE::PARTITIONS_PROCESSED 26
<INFO 74d5487f66c0> CORE::PARTITIONS_PROCESSED 29
<INFO 74d548ff76c0> CORE::PARTITIONS_PROCESSED 21
<INFO 74d5477f46c0> CORE::BYTES::EDGES_STREAMED 346625832
<INFO 74d5497f86c0> CORE::BYTES::EDGES_STREAMED 396148476
<INFO 74d5477f46c0> CORE::BYTES::UPDATES_OUT 28224496
<INFO 74d5497f86c0> CORE::BYTES::UPDATES_OUT 33089720
<INFO 74d548ff76c0> CORE::BYTES::EDGES_STREAMED 335325312
<INFO 74d54d8006c0> CORE::PARTITIONS_PROCESSED 24
<INFO 74d5497f86c0> CORE::BYTES::UPDATES_IN 27766004
<INFO 74d5477f46c0> CORE::BYTES::UPDATES_IN 26723964
<INFO 74d548ff76c0> CORE::BYTES::UPDATES_OUT 27266820
<INFO 74d5487f66c0> CORE::BYTES::EDGES_STREAMED 347932116
<INFO 74d5487f66c0> CORE::BYTES::UPDATES_OUT 27127736
<INFO 74d5487f66c0> CORE::BYTES::UPDATES_IN 28652192
<INFO 74d54e0016c0> CORE::PARTITIONS_PROCESSED 20
<INFO 74d54e8026c0> CORE::PARTITIONS_PROCESSED 19
<INFO 74d54e0016c0> CORE::BYTES::EDGES_STREAMED 334706160
<INFO 74d54e8026c0> CORE::BYTES::EDGES_STREAMED 322387488
<INFO 74d549ff96c0> CORE::PARTITIONS_PROCESSED 33
<INFO 74d549ff96c0> CORE::BYTES::EDGES_STREAMED 408241836
<INFO 74d549ff96c0> CORE::BYTES::UPDATES_OUT 32935416
<INFO 74d549ff96c0> CORE::BYTES::UPDATES_IN 31220916
<INFO 74d54bffd6c0> CORE::PARTITIONS_PROCESSED 23
<INFO 74d54d8006c0> CORE::BYTES::EDGES_STREAMED 335338884
<INFO 74d54d8006c0> CORE::BYTES::UPDATES_OUT 27247092
<INFO 74d54d8006c0> CORE::BYTES::UPDATES_IN 22774760
<INFO 74d54e8026c0> CORE::BYTES::UPDATES_OUT 26248560
<INFO 74d54e8026c0> CORE::BYTES::UPDATES_IN 19656564
<INFO 74d54b7fc6c0> CORE::PARTITIONS_PROCESSED 46
<INFO 74d54b7fc6c0> CORE::BYTES::EDGES_STREAMED 459042972
<INFO 74d54b7fc6c0> CORE::BYTES::UPDATES_OUT 36563376
<INFO 74d54bffd6c0> CORE::BYTES::EDGES_STREAMED 371537700
<INFO 74d54bffd6c0> CORE::BYTES::UPDATES_OUT 29935028
<INFO 74d54bffd6c0> CORE::BYTES::UPDATES_IN 23223740
<INFO 74d548ff76c0> CORE::BYTES::UPDATES_IN 22267524
<INFO 74d54b7fc6c0> CORE::BYTES::UPDATES_IN 45831896
<INFO 74d54e0016c0> CORE::BYTES::UPDATES_OUT 27073556
<INFO 74d54e0016c0> CORE::BYTES::UPDATES_IN 19122852
<INFO 74d54affb6c0> CORE::PARTITIONS_PROCESSED 32
<INFO 74d54affb6c0> CORE::BYTES::EDGES_STREAMED 347000412
<INFO 74d54affb6c0> CORE::BYTES::UPDATES_OUT 28325808
<INFO 74d54affb6c0> CORE::BYTES::UPDATES_IN 30874888
<INFO 74d547ff56c0> CORE::PARTITIONS_PROCESSED 37
<INFO 74d547ff56c0> CORE::BYTES::EDGES_STREAMED 432728748
<INFO 74d547ff56c0> CORE::BYTES::UPDATES_OUT 34261000
<INFO 74d547ff56c0> CORE::BYTES::UPDATES_IN 38795324
<INFO 74d54cfff6c0> CORE::PARTITIONS_PROCESSED 22
<INFO 74d54cfff6c0> CORE::BYTES::EDGES_STREAMED 346523520
<INFO 74d54cfff6c0> CORE::BYTES::UPDATES_OUT 28092484
<INFO 74d54cfff6c0> CORE::BYTES::UPDATES_IN 24016580
<INFO 74d54c7fe6c0> CORE::PARTITIONS_PROCESSED 33
<INFO 74d54c7fe6c0> CORE::BYTES::EDGES_STREAMED 383121924
<INFO 74d54c7fe6c0> CORE::BYTES::UPDATES_OUT 30718004
<INFO 74d54c7fe6c0> CORE::BYTES::UPDATES_IN 34737424
<INFO 74d54a7fa6c0> CORE::PARTITIONS_PROCESSED 20
<INFO 74d54a7fa6c0> CORE::BYTES::EDGES_STREAMED 346658424
<INFO 74d54a7fa6c0> CORE::BYTES::UPDATES_OUT 28529532
<INFO 74d54a7fa6c0> CORE::BYTES::UPDATES_IN 19394580
<INFO 74d74f6ae2c0> CORE::RUSAGE::MAX_RSS_KB 8394084
<INFO 74d74f6ae2c0> CORE::RUSAGE::MINFLT 2097522
<INFO 74d74f6ae2c0> CORE::RUSAGE::MAJFLT 0
<INFO 74d74f6ae2c0> CORE::RUSAGE::MAJFLT 0
<INFO 74d74f6ae2c0> CORE::RUSAGE::INBLK 774328
<INFO 74d74f6ae2c0> CORE::RUSAGE::OUBLK 7392
<INFO 74d74f6ae2c0> CORE::UTILS::BYTES_READ 396455936
<INFO 74d74f6ae2c0> CORE::UTILS::BYTES_WRITTEN 3776512
<INFO 74d74f6ae2c0> CORE::TIME::IO_WAIT 1.19841 seconds
<INFO 74d74f6ae2c0> CORE::PHASES 15
<INFO 74d74f6ae2c0> CORE::TIME::SETUP 3.44257 seconds
<INFO 74d74f6ae2c0> CORE::TIME::STATE_ITER 0.583458 seconds
<INFO 74d74f6ae2c0> CORE::TIME::GATHER 0.728519 seconds
<INFO 74d74f6ae2c0> CORE::TIME::SCATTER 2.80399 seconds
<INFO 74d74f6ae2c0> TIME_IN_PC_FN 0.430084 seconds
<INFO 74d74f6ae2c0> CORE::TIME::WALL 8.09703 seconds
<INFO 74d74f6ae2c0> SHUTDOWN
