<INFO 79889f8d12c0> STARTUP
<INFO 79889f8d12c0> CORE::GRAPH cit-Patents-sym
<INFO 79889f8d12c0> CORE::ALGORITHM mcst
<WARNING 79889f8d12c0> Disk count not specified, assuming it to be 1
<INFO 79889f8d12c0> CORE::CONFIG::PROCESSORS 16
<INFO 79889f8d12c0> CORE::CONFIG::PHYSICAL_MEMORY 8589934592
<INFO 79889f8d12c0> CORE::CONFIG::VERTICES 3774768
<INFO 79889f8d12c0> CORE::CONFIG::VERTEX_SIZE 16
<INFO 79889f8d12c0> CORE::CONFIG::VERTEX_BUFFER 60399616
<INFO 79889f8d12c0> CORE::CONFIG::EDGES 33037895
<INFO 79889f8d12c0> CORE::CONFIG::PARTITIONS 128
<INFO 79889f8d12c0> CORE::CONFIG::FANOUT 128
<INFO 79889f8d12c0> CORE::CONFIG::SUPER_PARTITIONS 1
<INFO 79889f8d12c0> CORE::CONFIG::STREAM_UNIT 16777216
<INFO 79889f8d12c0> CORE::CONFIG::BUFFER_SIZE 1418786472
<INFO 79889f8d12c0> CORE::CONFIG::IO_NUMIOQS 1
<INFO 79889f8d12c0> CORE::CONFIG::MAX_BUFFERS 5
<INFO 79889f8d12c0> CORE::CONFIG::MAX_STREAMS 6
<WARNING 79889f8d12c0> No mount point specified for disk0, falling back to current directory
my size is 396454740
<INFO 79889f8d12c0> ALGORITHM::PROPOSALS_SENT 229494
<INFO 79889f8d12c0> ALGORITHM::PROPOSALS_RECEIVED 264600
<INFO 79869ea046c0> ALGORITHM::PROPOSALS_SENT 278656
<INFO 79869a1fb6c0> ALGORITHM::PROPOSALS_SENT 275543
<INFO 79869da026c0> ALGORITHM::PROPOSALS_SENT 17286
<INFO 79869a1fb6c0> ALGORITHM::PROPOSALS_RECEIVED 113966
<INFO 7986991f96c0> ALGORITHM::PROPOSALS_SENT 245477
<INFO 79869da026c0> ALGORITHM::PROPOSALS_RECEIVED 206765
<INFO 79869ea046c0> ALGORITHM::PROPOSALS_RECEIVED 310243
<INFO 7986991f96c0> ALGORITHM::PROPOSALS_RECEIVED 208389
<INFO 7986999fa6c0> ALGORITHM::PROPOSALS_SENT 271096
<INFO 7986999fa6c0> ALGORITHM::PROPOSALS_RECEIVED 309288
<INFO 79869b9fe6c0> ALGORITHM::PROPOSALS_SENT 206782
<INFO 79869b9fe6c0> ALGORITHM::PROPOSALS_RECEIVED 371002
<INFO 79869c1ff6c0> ALGORITHM::PROPOSALS_SENT 352292
<INFO 79869c1ff6c0> ALGORITHM::PROPOSALS_RECEIVED 291618
<INFO 7986981f76c0> ALGORITHM::PROPOSALS_SENT 367641
<INFO 79869e2036c0> ALGORITHM::PROPOSALS_SENT 320351
<INFO 79869d2016c0> ALGORITHM::PROPOSALS_SENT 304491
<INFO 79869a9fc6c0> ALGORITHM::PROPOSALS_SENT 552782
<INFO 79869e2036c0> ALGORITHM::PROPOSALS_RECEIVED 246006
<INFO 79869ca006c0> ALGORITHM::PROPOSALS_SENT 296780
<INFO 7986989f86c0> ALGORITHM::PROPOSALS_SENT 300222
<INFO 7986979f66c0> ALGORITHM::PROPOSALS_SENT 330135
<INFO 7986989f86c0> ALGORITHM::PROPOSALS_RECEIVED 315127
<INFO 79869ca006c0> ALGORITHM::PROPOSALS_RECEIVED 206534
<INFO 7986979f66c0> ALGORITHM::PROPOSALS_RECEIVED 366685
<INFO 79869d2016c0> ALGORITHM::PROPOSALS_RECEIVED 265249
<INFO 79869a9fc6c0> ALGORITHM::PROPOSALS_RECEIVED 575316
<INFO 7986981f76c0> ALGORITHM::PROPOSALS_RECEIVED 223622
<INFO 79869b1fd6c0> ALGORITHM::PROPOSALS_SENT 255261
<INFO 79869b1fd6c0> ALGORITHM::PROPOSALS_RECEIVED 329879
<INFO 79889f8d12c0> CORE::RUSAGE::MAX_RSS_KB 8394000
<INFO 79889f8d12c0> CORE::RUSAGE::MINFLT 2097529
<INFO 79889f8d12c0> CORE::RUSAGE::MAJFLT 0
<INFO 79889f8d12c0> CORE::RUSAGE::MAJFLT 0
<INFO 79889f8d12c0> CORE::RUSAGE::INBLK 774328
<INFO 79889f8d12c0> CORE::RUSAGE::OUBLK 182528
<INFO 79889f8d12c0> CORE::UTILS::BYTES_READ 396455936
<INFO 79889f8d12c0> CORE::UTILS::BYTES_WRITTEN 93450240
<INFO 79889f8d12c0> CORE::TIME::IO_WAIT 1.36315 seconds
<INFO 79889f8d12c0> ALGORITHM::TREE_EDGES 3893703
<INFO 79889f8d12c0> ALGORITHM::CC_COUNT 3627
<INFO 79889f8d12c0> CORE::PHASES 6
<INFO 79889f8d12c0> CORE::TIME::SETUP 3.42259 seconds
<INFO 79889f8d12c0> CORE::TIME::WALL 19.5338 seconds
<INFO 79889f8d12c0> SHUTDOWN
