<INFO 75ff10ef72c0> STARTUP
<INFO 75ff10ef72c0> CORE::GRAPH cit-Patents-dir
<INFO 75ff10ef72c0> CORE::ALGORITHM pagerank
<INFO 75ff10ef72c0> SG-DRIVER-ORIGINAL
<WARNING 75ff10ef72c0> Disk count not specified, assuming it to be 1
<INFO 75ff10ef72c0> CORE::CONFIG::PROCESSORS 16
<INFO 75ff10ef72c0> CORE::CONFIG::PHYSICAL_MEMORY 8589934592
<INFO 75ff10ef72c0> CORE::CONFIG::VERTICES 3774768
<INFO 75ff10ef72c0> CORE::CONFIG::VERTEX_SIZE 12
<INFO 75ff10ef72c0> CORE::CONFIG::VERTEX_BUFFER 45297664
<INFO 75ff10ef72c0> CORE::CONFIG::EDGES 16518948
<INFO 75ff10ef72c0> CORE::CONFIG::PARTITIONS 64
<INFO 75ff10ef72c0> CORE::CONFIG::FANOUT 64
<INFO 75ff10ef72c0> CORE::CONFIG::SUPER_PARTITIONS 1
<INFO 75ff10ef72c0> CORE::CONFIG::STREAM_UNIT 16777216
<INFO 75ff10ef72c0> CORE::CONFIG::BUFFER_SIZE 1705566412
<INFO 75ff10ef72c0> CORE::CONFIG::IO_NUMIOQS 1
<INFO 75ff10ef72c0> CORE::CONFIG::MAX_BUFFERS 4
<INFO 75ff10ef72c0> CORE::CONFIG::MAX_STREAMS 5
<WARNING 75ff10ef72c0> No mount point specified for disk0, falling back to current directory
my size is 198227376
<INFO 75ff10ef72c0> CORE::PARTITIONS_PROCESSED 90
<INFO 75ff10ef72c0> CORE::BYTES::EDGES_STREAMED 285332340
<INFO 75ff10ef72c0> CORE::BYTES::UPDATES_OUT 184008448
<INFO 75ff10ef72c0> CORE::BYTES::UPDATES_IN 185656632
<INFO 75fd097f36c0> CORE::PARTITIONS_PROCESSED 79
<INFO 75fd08ff26c0> CORE::PARTITIONS_PROCESSED 86
<INFO 75fd0f7ff6c0> CORE::PARTITIONS_PROCESSED 76
<INFO 75fd097f36c0> CORE::BYTES::EDGES_STREAMED 296746752
<INFO 75fd0c7f96c0> CORE::PARTITIONS_PROCESSED 75
<INFO 75fd08ff26c0> CORE::BYTES::EDGES_STREAMED 303690048
<INFO 75fd08ff26c0> CORE::BYTES::UPDATES_OUT 192157696
<INFO 75fd0b7f76c0> CORE::PARTITIONS_PROCESSED 86
<INFO 75fd0b7f76c0> CORE::BYTES::EDGES_STREAMED 315135540
<INFO 75fd0b7f76c0> CORE::BYTES::UPDATES_OUT 199797248
<INFO 75fd0a7f56c0> CORE::PARTITIONS_PROCESSED 75
<INFO 75fd0f7ff6c0> CORE::BYTES::EDGES_STREAMED 250888056
<INFO 75fd0c7f96c0> CORE::BYTES::EDGES_STREAMED 257243112
<INFO 75fd0c7f96c0> CORE::BYTES::UPDATES_OUT 161154376
<INFO 75fd0c7f96c0> CORE::BYTES::UPDATES_IN 154690296
<INFO 75fd0a7f56c0> CORE::BYTES::EDGES_STREAMED 253928640
<INFO 75fd0a7f56c0> CORE::BYTES::UPDATES_OUT 163094336
<INFO 75fd0effe6c0> CORE::PARTITIONS_PROCESSED 84
<INFO 75fd0effe6c0> CORE::BYTES::EDGES_STREAMED 276083244
<INFO 75fd0effe6c0> CORE::BYTES::UPDATES_OUT 177853936
<INFO 75fd0effe6c0> CORE::BYTES::UPDATES_IN 173961024
<INFO 75fd0bff86c0> CORE::PARTITIONS_PROCESSED 89
<INFO 75fd08ff26c0> CORE::BYTES::UPDATES_IN 177064232
<INFO 75fd097f36c0> CORE::BYTES::UPDATES_OUT 183366120
<INFO 75fd0b7f76c0> CORE::BYTES::UPDATES_IN 177418184
<INFO 75fd09ff46c0> CORE::PARTITIONS_PROCESSED 74
<INFO 75fd0f7ff6c0> CORE::BYTES::UPDATES_OUT 161070600
<INFO 75fd0a7f56c0> CORE::BYTES::UPDATES_IN 155933536
<INFO 75fd0bff86c0> CORE::BYTES::EDGES_STREAMED 274743876
<INFO 75fd0bff86c0> CORE::BYTES::UPDATES_OUT 172862960
<INFO 75fd0bff86c0> CORE::BYTES::UPDATES_IN 184245216
<INFO 75fd097f36c0> CORE::BYTES::UPDATES_IN 162677392
<INFO 75fd0f7ff6c0> CORE::BYTES::UPDATES_IN 157139360
<INFO 75fd09ff46c0> CORE::BYTES::EDGES_STREAMED 251631660
<INFO 75fd09ff46c0> CORE::BYTES::UPDATES_OUT 161539552
<INFO 75fd09ff46c0> CORE::BYTES::UPDATES_IN 153232912
<INFO 75fd0dffc6c0> CORE::PARTITIONS_PROCESSED 78
<INFO 75fd0dffc6c0> CORE::BYTES::EDGES_STREAMED 257111124
<INFO 75fd0dffc6c0> CORE::BYTES::UPDATES_OUT 163145784
<INFO 75fd0dffc6c0> CORE::BYTES::UPDATES_IN 160201120
<INFO 75fd0aff66c0> CORE::PARTITIONS_PROCESSED 72
<INFO 75fd0aff66c0> CORE::BYTES::EDGES_STREAMED 262795260
<INFO 75fd0aff66c0> CORE::BYTES::UPDATES_OUT 166954824
<INFO 75fd0aff66c0> CORE::BYTES::UPDATES_IN 148450312
<INFO 75fd100006c0> CORE::PARTITIONS_PROCESSED 73
<INFO 75fd100006c0> CORE::BYTES::EDGES_STREAMED 253969944
<INFO 75fd100006c0> CORE::BYTES::UPDATES_OUT 161055336
<INFO 75fd100006c0> CORE::BYTES::UPDATES_IN 150952584
<INFO 75fd0e7fd6c0> CORE::PARTITIONS_PROCESSED 90
<INFO 75fd0e7fd6c0> CORE::BYTES::EDGES_STREAMED 275521116
<INFO 75fd0e7fd6c0> CORE::BYTES::UPDATES_OUT 177486744
<INFO 75fd0e7fd6c0> CORE::BYTES::UPDATES_IN 185493712
<INFO 75fd0d7fb6c0> CORE::PARTITIONS_PROCESSED 78
<INFO 75fd0cffa6c0> CORE::PARTITIONS_PROCESSED 75
<INFO 75fd0d7fb6c0> CORE::BYTES::EDGES_STREAMED 276378564
<INFO 75fd0d7fb6c0> CORE::BYTES::UPDATES_OUT 175970344
<INFO 75fd0d7fb6c0> CORE::BYTES::UPDATES_IN 160633344
<INFO 75fd0cffa6c0> CORE::BYTES::EDGES_STREAMED 269802996
<INFO 75fd0cffa6c0> CORE::BYTES::UPDATES_OUT 173664960
<INFO 75fd0cffa6c0> CORE::BYTES::UPDATES_IN 155281824
<INFO 75ff10ef72c0> CORE::RUSAGE::MAX_RSS_KB 8393860
<INFO 75ff10ef72c0> CORE::RUSAGE::MINFLT 2097520
<INFO 75ff10ef72c0> CORE::RUSAGE::MAJFLT 0
<INFO 75ff10ef72c0> CORE::RUSAGE::MAJFLT 0
<INFO 75ff10ef72c0> CORE::RUSAGE::INBLK 387168
<INFO 75ff10ef72c0> CORE::RUSAGE::OUBLK 88488
<INFO 75ff10ef72c0> CORE::UTILS::BYTES_READ 198230016
<INFO 75ff10ef72c0> CORE::UTILS::BYTES_WRITTEN 45297664
<INFO 75ff10ef72c0> CORE::TIME::IO_WAIT 0.498626 seconds
<INFO 75ff10ef72c0> CORE::PHASES 22
<INFO 75ff10ef72c0> CORE::TIME::SETUP 3.4411 seconds
<INFO 75ff10ef72c0> CORE::TIME::STATE_ITER 0.519401 seconds
<INFO 75ff10ef72c0> CORE::TIME::GATHER 1.37857 seconds
<INFO 75ff10ef72c0> CORE::TIME::SCATTER 2.22399 seconds
<INFO 75ff10ef72c0> TIME_IN_PC_FN 0.607586 seconds
<INFO 75ff10ef72c0> CORE::TIME::WALL 8.30948 seconds
<INFO 75ff10ef72c0> SHUTDOWN
