<INFO 7df42bcbb2c0> STARTUP
<INFO 7df42bcbb2c0> CORE::GRAPH cit-Patents-sym
<INFO 7df42bcbb2c0> CORE::ALGORITHM cc
<INFO 7df42bcbb2c0> SG-DRIVER-ORIGINAL
<WARNING 7df42bcbb2c0> Disk count not specified, assuming it to be 1
<INFO 7df42bcbb2c0> CORE::CONFIG::PROCESSORS 16
<INFO 7df42bcbb2c0> CORE::CONFIG::PHYSICAL_MEMORY 8589934592
<INFO 7df42bcbb2c0> CORE::CONFIG::VERTICES 3774768
<INFO 7df42bcbb2c0> CORE::CONFIG::VERTEX_SIZE 13
<INFO 7df42bcbb2c0> CORE::CONFIG::VERTEX_BUFFER 49074176
<INFO 7df42bcbb2c0> CORE::CONFIG::EDGES 33037895
<INFO 7df42bcbb2c0> CORE::CONFIG::PARTITIONS 64
<INFO 7df42bcbb2c0> CORE::CONFIG::FANOUT 64
<INFO 7df42bcbb2c0> CORE::CONFIG::SUPER_PARTITIONS 1
<INFO 7df42bcbb2c0> CORE::CONFIG::STREAM_UNIT 16777216
<INFO 7df42bcbb2c0> CORE::CONFIG::BUFFER_SIZE 1704811110
<INFO 7df42bcbb2c0> CORE::CONFIG::IO_NUMIOQS 1
<INFO 7df42bcbb2c0> CORE::CONFIG::MAX_BUFFERS 4
<INFO 7df42bcbb2c0> CORE::CONFIG::MAX_STREAMS 5
<WARNING 7df42bcbb2c0> No mount point specified for disk0, falling back to current directory
my size is 396454740
<INFO 7df42bcbb2c0> ALGORITHM::CC::CC_COUNT 3627
<INFO 7df42bcbb2c0> CORE::PARTITIONS_PROCESSED 72
<INFO 7df42bcbb2c0> CORE::BYTES::EDGES_STREAMED 414974172
<INFO 7df42bcbb2c0> CORE::BYTES::UPDATES_OUT 124415928
<INFO 7df42bcbb2c0> CORE::BYTES::UPDATES_IN 134363736
<INFO 7df226dfb6c0> CORE::PARTITIONS_PROCESSED 56
<INFO 7df226dfb6c0> CORE::BYTES::EDGES_STREAMED 420822924
<INFO 7df226dfb6c0> CORE::BYTES::UPDATES_OUT 136820016
<INFO 7df226dfb6c0> CORE::BYTES::UPDATES_IN 138392424
<INFO 7df223df56c0> CORE::PARTITIONS_PROCESSED 52
<INFO 7df223df56c0> CORE::BYTES::EDGES_STREAMED 383779620
<INFO 7df223df56c0> CORE::BYTES::UPDATES_OUT 120979776
<INFO 7df223df56c0> CORE::BYTES::UPDATES_IN 122151480
<INFO 7df22ae036c0> CORE::PARTITIONS_PROCESSED 60
<INFO 7df22ae036c0> CORE::BYTES::EDGES_STREAMED 421606656
<INFO 7df22ae036c0> CORE::BYTES::UPDATES_OUT 135882400
<INFO 7df22ae036c0> CORE::BYTES::UPDATES_IN 109829160
<INFO 7df228dff6c0> CORE::PARTITIONS_PROCESSED 69
<INFO 7df228dff6c0> CORE::BYTES::EDGES_STREAMED 469851804
<INFO 7df228dff6c0> CORE::BYTES::UPDATES_OUT 161413224
<INFO 7df228dff6c0> CORE::BYTES::UPDATES_IN 137068904
<INFO 7df22a6026c0> CORE::PARTITIONS_PROCESSED 80
<INFO 7df22a6026c0> CORE::BYTES::EDGES_STREAMED 402919116
<INFO 7df22a6026c0> CORE::BYTES::UPDATES_OUT 124721280
<INFO 7df22a6026c0> CORE::BYTES::UPDATES_IN 136815936
<INFO 7df2275fc6c0> CORE::PARTITIONS_PROCESSED 73
<INFO 7df2275fc6c0> CORE::BYTES::EDGES_STREAMED 396261180
<INFO 7df2275fc6c0> CORE::BYTES::UPDATES_OUT 120452744
<INFO 7df225df96c0> CORE::PARTITIONS_PROCESSED 89
<INFO 7df224df76c0> CORE::PARTITIONS_PROCESSED 78
<INFO 7df2275fc6c0> CORE::BYTES::UPDATES_IN 133886608
<INFO 7df225df96c0> CORE::BYTES::EDGES_STREAMED 476179200
<INFO 7df224df76c0> CORE::BYTES::EDGES_STREAMED 416140128
<INFO 7df224df76c0> CORE::BYTES::UPDATES_OUT 132497952
<INFO 7df2285fe6c0> CORE::PARTITIONS_PROCESSED 69
<INFO 7df225df96c0> CORE::BYTES::UPDATES_OUT 169654376
<INFO 7df2285fe6c0> CORE::BYTES::EDGES_STREAMED 452245128
<INFO 7df2285fe6c0> CORE::BYTES::UPDATES_OUT 150312952
<INFO 7df225df96c0> CORE::BYTES::UPDATES_IN 214002688
<INFO 7df229e016c0> CORE::PARTITIONS_PROCESSED 54
<INFO 7df229e016c0> CORE::BYTES::EDGES_STREAMED 409847976
<INFO 7df229e016c0> CORE::BYTES::UPDATES_OUT 128485536
<INFO 7df229e016c0> CORE::BYTES::UPDATES_IN 128418720
<INFO 7df2255f86c0> CORE::PARTITIONS_PROCESSED 64
<INFO 7df2255f86c0> CORE::BYTES::EDGES_STREAMED 397897956
<INFO 7df2255f86c0> CORE::BYTES::UPDATES_OUT 121351704
<INFO 7df2255f86c0> CORE::BYTES::UPDATES_IN 118154832
<INFO 7df2285fe6c0> CORE::BYTES::UPDATES_IN 135639920
<INFO 7df227dfd6c0> CORE::PARTITIONS_PROCESSED 66
<INFO 7df227dfd6c0> CORE::BYTES::EDGES_STREAMED 428224104
<INFO 7df227dfd6c0> CORE::BYTES::UPDATES_OUT 140697024
<INFO 7df227dfd6c0> CORE::BYTES::UPDATES_IN 126857328
<INFO 7df2265fa6c0> CORE::PARTITIONS_PROCESSED 63
<INFO 7df2265fa6c0> CORE::BYTES::EDGES_STREAMED 414225084
<INFO 7df2265fa6c0> CORE::BYTES::UPDATES_OUT 131439480
<INFO 7df2265fa6c0> CORE::BYTES::UPDATES_IN 128167800
<INFO 7df2245f66c0> CORE::PARTITIONS_PROCESSED 69
<INFO 7df2245f66c0> CORE::BYTES::EDGES_STREAMED 432585072
<INFO 7df2245f66c0> CORE::BYTES::UPDATES_OUT 142305528
<INFO 7df2245f66c0> CORE::BYTES::UPDATES_IN 144917696
<INFO 7df224df76c0> CORE::BYTES::UPDATES_IN 136641424
<INFO 7df2296006c0> CORE::PARTITIONS_PROCESSED 66
<INFO 7df2296006c0> CORE::BYTES::EDGES_STREAMED 414519324
<INFO 7df2296006c0> CORE::BYTES::UPDATES_OUT 131991936
<INFO 7df2296006c0> CORE::BYTES::UPDATES_IN 128113200
<INFO 7df42bcbb2c0> CORE::RUSAGE::MAX_RSS_KB 8394060
<INFO 7df42bcbb2c0> CORE::RUSAGE::MINFLT 2097523
<INFO 7df42bcbb2c0> CORE::RUSAGE::MAJFLT 0
<INFO 7df42bcbb2c0> CORE::RUSAGE::MAJFLT 0
<INFO 7df42bcbb2c0> CORE::RUSAGE::INBLK 774328
<INFO 7df42bcbb2c0> CORE::RUSAGE::OUBLK 95864
<INFO 7df42bcbb2c0> CORE::UTILS::BYTES_READ 396455936
<INFO 7df42bcbb2c0> CORE::UTILS::BYTES_WRITTEN 49074176
<INFO 7df42bcbb2c0> CORE::TIME::IO_WAIT 0.88294 seconds
<INFO 7df42bcbb2c0> CORE::PHASES 21
<INFO 7df42bcbb2c0> CORE::TIME::SETUP 3.42781 seconds
<INFO 7df42bcbb2c0> CORE::TIME::STATE_ITER 0.038275 seconds
<INFO 7df42bcbb2c0> CORE::TIME::GATHER 1.1538 seconds
<INFO 7df42bcbb2c0> CORE::TIME::SCATTER 2.459 seconds
<INFO 7df42bcbb2c0> TIME_IN_PC_FN 0.792134 seconds
<INFO 7df42bcbb2c0> CORE::TIME::WALL 7.66075 seconds
<INFO 7df42bcbb2c0> SHUTDOWN
