<INFO 78400b3042c0> STARTUP
<INFO 78400b3042c0> CORE::GRAPH cit-Patents-dir
<INFO 78400b3042c0> CORE::ALGORITHM pagerank
<INFO 78400b3042c0> SG-DRIVER-ORIGINAL
<WARNING 78400b3042c0> Disk count not specified, assuming it to be 1
<INFO 78400b3042c0> CORE::CONFIG::PROCESSORS 16
<INFO 78400b3042c0> CORE::CONFIG::PHYSICAL_MEMORY 8589934592
<INFO 78400b3042c0> CORE::CONFIG::VERTICES 3774768
<INFO 78400b3042c0> CORE::CONFIG::VERTEX_SIZE 12
<INFO 78400b3042c0> CORE::CONFIG::VERTEX_BUFFER 45297664
<INFO 78400b3042c0> CORE::CONFIG::EDGES 16518948
<INFO 78400b3042c0> CORE::CONFIG::PARTITIONS 64
<INFO 78400b3042c0> CORE::CONFIG::FANOUT 64
<INFO 78400b3042c0> CORE::CONFIG::SUPER_PARTITIONS 1
<INFO 78400b3042c0> CORE::CONFIG::STREAM_UNIT 16777216
<INFO 78400b3042c0> CORE::CONFIG::BUFFER_SIZE 1705566412
<INFO 78400b3042c0> CORE::CONFIG::IO_NUMIOQS 1
<INFO 78400b3042c0> CORE::CONFIG::MAX_BUFFERS 4
<INFO 78400b3042c0> CORE::CONFIG::MAX_STREAMS 5
<WARNING 78400b3042c0> No mount point specified for disk0, falling back to current directory
my size is 198227376
<INFO 78400b3042c0> CORE::PARTITIONS_PROCESSED 80
<INFO 78400b3042c0> CORE::BYTES::EDGES_STREAMED 275975652
<INFO 78400b3042c0> CORE::BYTES::UPDATES_OUT 175714648
<INFO 78400b3042c0> CORE::BYTES::UPDATES_IN 164913608
<INFO 783e06bf96c0> CORE::PARTITIONS_PROCESSED 73
<INFO 783e06bf96c0> CORE::BYTES::EDGES_STREAMED 260121972
<INFO 783e043f46c0> CORE::PARTITIONS_PROCESSED 93
<INFO 783e093fe6c0> CORE::PARTITIONS_PROCESSED 114
<INFO 783e0a4006c0> CORE::PARTITIONS_PROCESSED 81
<INFO 783e053f66c0> CORE::PARTITIONS_PROCESSED 80
<INFO 783e073fa6c0> CORE::PARTITIONS_PROCESSED 73
<INFO 783e06bf96c0> CORE::BYTES::UPDATES_OUT 163095064
<INFO 783e033f26c0> CORE::PARTITIONS_PROCESSED 77
<INFO 783e073fa6c0> CORE::BYTES::EDGES_STREAMED 260563776
<INFO 783e053f66c0> CORE::BYTES::EDGES_STREAMED 278194308
<INFO 783e073fa6c0> CORE::BYTES::UPDATES_OUT 167511456
<INFO 783e093fe6c0> CORE::BYTES::EDGES_STREAMED 316417476
<INFO 783e093fe6c0> CORE::BYTES::UPDATES_OUT 204744016
<INFO 783e06bf96c0> CORE::BYTES::UPDATES_IN 150587024
<INFO 783e0a4006c0> CORE::BYTES::EDGES_STREAMED 281829876
<INFO 783e07bfb6c0> CORE::PARTITIONS_PROCESSED 76
<INFO 783e093fe6c0> CORE::BYTES::UPDATES_IN 235855064
<INFO 783e07bfb6c0> CORE::BYTES::EDGES_STREAMED 257556504
<INFO 783e073fa6c0> CORE::BYTES::UPDATES_IN 151085016
<INFO 783e07bfb6c0> CORE::BYTES::UPDATES_OUT 165519864
<INFO 783e053f66c0> CORE::BYTES::UPDATES_OUT 168945312
<INFO 783e053f66c0> CORE::BYTES::UPDATES_IN 164984152
<INFO 783e05bf76c0> CORE::PARTITIONS_PROCESSED 73
<INFO 783e0a4006c0> CORE::BYTES::UPDATES_OUT 181681936
<INFO 783e0a4006c0> CORE::BYTES::UPDATES_IN 167575568
<INFO 783e063f86c0> CORE::PARTITIONS_PROCESSED 77
<INFO 783e063f86c0> CORE::BYTES::EDGES_STREAMED 262278312
<INFO 783e063f86c0> CORE::BYTES::UPDATES_OUT 168679216
<INFO 783e063f86c0> CORE::BYTES::UPDATES_IN 159342080
<INFO 783e07bfb6c0> CORE::BYTES::UPDATES_IN 156576432
<INFO 783e083fc6c0> CORE::PARTITIONS_PROCESSED 78
<INFO 783e05bf76c0> CORE::BYTES::EDGES_STREAMED 253215108
<INFO 783e05bf76c0> CORE::BYTES::UPDATES_OUT 160575976
<INFO 783e05bf76c0> CORE::BYTES::UPDATES_IN 150604424
<INFO 783e033f26c0> CORE::BYTES::EDGES_STREAMED 285174372
<INFO 783e033f26c0> CORE::BYTES::UPDATES_OUT 179801440
<INFO 783e033f26c0> CORE::BYTES::UPDATES_IN 158478688
<INFO 783e043f46c0> CORE::BYTES::EDGES_STREAMED 310606788
<INFO 783e043f46c0> CORE::BYTES::UPDATES_OUT 200856304
<INFO 783e043f46c0> CORE::BYTES::UPDATES_IN 192489536
<INFO 783e09bff6c0> CORE::PARTITIONS_PROCESSED 68
<INFO 783e04bf56c0> CORE::PARTITIONS_PROCESSED 77
<INFO 783e09bff6c0> CORE::BYTES::EDGES_STREAMED 238574184
<INFO 783e04bf56c0> CORE::BYTES::EDGES_STREAMED 263257932
<INFO 783e04bf56c0> CORE::BYTES::UPDATES_OUT 165186040
<INFO 783e04bf56c0> CORE::BYTES::UPDATES_IN 160115392
<INFO 783e09bff6c0> CORE::BYTES::UPDATES_OUT 154907536
<INFO 783e09bff6c0> CORE::BYTES::UPDATES_IN 140636528
<INFO 783e083fc6c0> CORE::BYTES::EDGES_STREAMED 275896164
<INFO 783e083fc6c0> CORE::BYTES::UPDATES_OUT 177739760
<INFO 783e083fc6c0> CORE::BYTES::UPDATES_IN 160162584
<INFO 783e03bf36c0> CORE::PARTITIONS_PROCESSED 73
<INFO 783e03bf36c0> CORE::BYTES::EDGES_STREAMED 253202268
<INFO 783e03bf36c0> CORE::BYTES::UPDATES_OUT 162632024
<INFO 783e03bf36c0> CORE::BYTES::UPDATES_IN 150239576
<INFO 783e08bfd6c0> CORE::PARTITIONS_PROCESSED 87
<INFO 783e08bfd6c0> CORE::BYTES::EDGES_STREAMED 288137580
<INFO 783e08bfd6c0> CORE::BYTES::UPDATES_OUT 177592672
<INFO 783e08bfd6c0> CORE::BYTES::UPDATES_IN 179386008
<INFO 78400b3042c0> CORE::RUSAGE::MAX_RSS_KB 8394008
<INFO 78400b3042c0> CORE::RUSAGE::MINFLT 2097530
<INFO 78400b3042c0> CORE::RUSAGE::MAJFLT 0
<INFO 78400b3042c0> CORE::RUSAGE::MAJFLT 0
<INFO 78400b3042c0> CORE::RUSAGE::INBLK 387168
<INFO 78400b3042c0> CORE::RUSAGE::OUBLK 88488
<INFO 78400b3042c0> CORE::UTILS::BYTES_READ 198230016
<INFO 78400b3042c0> CORE::UTILS::BYTES_WRITTEN 45297664
<INFO 78400b3042c0> CORE::TIME::IO_WAIT 0.5341 seconds
<INFO 78400b3042c0> CORE::PHASES 22
<INFO 78400b3042c0> CORE::TIME::SETUP 3.44507 seconds
<INFO 78400b3042c0> CORE::TIME::STATE_ITER 0.519687 seconds
<INFO 78400b3042c0> CORE::TIME::GATHER 1.40762 seconds
<INFO 78400b3042c0> CORE::TIME::SCATTER 2.17901 seconds
<INFO 78400b3042c0> TIME_IN_PC_FN 0.627388 seconds
<INFO 78400b3042c0> CORE::TIME::WALL 8.27983 seconds
<INFO 78400b3042c0> SHUTDOWN
