<INFO 714dfbb442c0> STARTUP
<INFO 714dfbb442c0> CORE::GRAPH cit-Patents-sym
<INFO 714dfbb442c0> CORE::ALGORITHM mis
<INFO 714dfbb442c0> SG-DRIVER-ORIGINAL
<WARNING 714dfbb442c0> Disk count not specified, assuming it to be 1
<INFO 714dfbb442c0> CORE::CONFIG::PROCESSORS 16
<INFO 714dfbb442c0> CORE::CONFIG::PHYSICAL_MEMORY 8589934592
<INFO 714dfbb442c0> CORE::CONFIG::VERTICES 3774768
<INFO 714dfbb442c0> CORE::CONFIG::VERTEX_SIZE 1
<INFO 714dfbb442c0> CORE::CONFIG::VERTEX_BUFFER 3776512
<INFO 714dfbb442c0> CORE::CONFIG::EDGES 33037895
<INFO 714dfbb442c0> CORE::CONFIG::PARTITIONS 32
<INFO 714dfbb442c0> CORE::CONFIG::FANOUT 32
<INFO 714dfbb442c0> CORE::CONFIG::SUPER_PARTITIONS 1
<INFO 714dfbb442c0> CORE::CONFIG::STREAM_UNIT 16777216
<INFO 714dfbb442c0> CORE::CONFIG::BUFFER_SIZE 1713871104
<INFO 714dfbb442c0> CORE::CONFIG::IO_NUMIOQS 1
<INFO 714dfbb442c0> CORE::CONFIG::MAX_BUFFERS 4
<INFO 714dfbb442c0> CORE::CONFIG::MAX_STREAMS 5
<WARNING 714dfbb442c0> No mount point specified for disk0, falling back to current directory
my size is 396454740
<INFO 714dfbb442c0> ALGORITHM::MIS::NOT_IN_MIS 1810026
<INFO 714dfbb442c0> CORE::PARTITIONS_PROCESSED 26
<INFO 714dfbb442c0> CORE::BYTES::EDGES_STREAMED 383970888
<INFO 714dfbb442c0> CORE::BYTES::UPDATES_OUT 30877724
<INFO 714dfbb442c0> CORE::BYTES::UPDATES_IN 27201148
<INFO 714bf93ff6c0> CORE::PARTITIONS_PROCESSED 19
<INFO 714bf83fd6c0> CORE::PARTITIONS_PROCESSED 28
<INFO 714bf63f96c0> CORE::PARTITIONS_PROCESSED 28
<INFO 714bf6bfa6c0> CORE::PARTITIONS_PROCESSED 30
<INFO 714bf6bfa6c0> CORE::BYTES::EDGES_STREAMED 309516660
<INFO 714bf6bfa6c0> CORE::BYTES::UPDATES_OUT 24326636
<INFO 714bf6bfa6c0> CORE::BYTES::UPDATES_IN 28837956
<INFO 714bf83fd6c0> CORE::BYTES::EDGES_STREAMED 445915992
<INFO 714bf93ff6c0> CORE::BYTES::EDGES_STREAMED 371275200
<INFO 714bf53f76c0> CORE::PARTITIONS_PROCESSED 26
<INFO 714bf63f96c0> CORE::BYTES::EDGES_STREAMED 432891072
<INFO 714bf53f76c0> CORE::BYTES::EDGES_STREAMED 372939504
<INFO 714bf63f96c0> CORE::BYTES::UPDATES_OUT 35359660
<INFO 714bf63f96c0> CORE::BYTES::UPDATES_IN 30439064
<INFO 714bf83fd6c0> CORE::BYTES::UPDATES_OUT 35588208
<INFO 714bf83fd6c0> CORE::BYTES::UPDATES_IN 28455040
<INFO 714bf4bf66c0> CORE::PARTITIONS_PROCESSED 26
<INFO 714bf4bf66c0> CORE::BYTES::EDGES_STREAMED 422213688
<INFO 714bf4bf66c0> CORE::BYTES::UPDATES_OUT 33636720
<INFO 714bf43f56c0> CORE::PARTITIONS_PROCESSED 29
<INFO 714bf43f56c0> CORE::BYTES::EDGES_STREAMED 358393212
<INFO 714bf3bf46c0> CORE::PARTITIONS_PROCESSED 42
<INFO 714bf7bfc6c0> CORE::PARTITIONS_PROCESSED 35
<INFO 714bf9c006c0> CORE::PARTITIONS_PROCESSED 33
<INFO 714bf43f56c0> CORE::BYTES::UPDATES_OUT 30072440
<INFO 714bf43f56c0> CORE::BYTES::UPDATES_IN 28934172
<INFO 714bfac026c0> CORE::PARTITIONS_PROCESSED 28
<INFO 714bf3bf46c0> CORE::BYTES::EDGES_STREAMED 371419068
<INFO 714bf3bf46c0> CORE::BYTES::UPDATES_OUT 29922648
<INFO 714bfac026c0> CORE::BYTES::EDGES_STREAMED 347207280
<INFO 714bf9c006c0> CORE::BYTES::EDGES_STREAMED 335432328
<INFO 714bf9c006c0> CORE::BYTES::UPDATES_OUT 27306436
<INFO 714bf73fb6c0> CORE::PARTITIONS_PROCESSED 26
<INFO 714bf9c006c0> CORE::BYTES::UPDATES_IN 32379584
<INFO 714bf53f76c0> CORE::BYTES::UPDATES_OUT 30228272
<INFO 714bf3bf46c0> CORE::BYTES::UPDATES_IN 41492160
<INFO 714bf7bfc6c0> CORE::BYTES::EDGES_STREAMED 360046668
<INFO 714bf7bfc6c0> CORE::BYTES::UPDATES_OUT 29176140
<INFO 714bf7bfc6c0> CORE::BYTES::UPDATES_IN 34121768
<INFO 714bf53f76c0> CORE::BYTES::UPDATES_IN 27656688
<INFO 714bf4bf66c0> CORE::BYTES::UPDATES_IN 24159228
<INFO 714bf73fb6c0> CORE::BYTES::EDGES_STREAMED 334310628
<INFO 714bf93ff6c0> CORE::BYTES::UPDATES_OUT 29934164
<INFO 714bf93ff6c0> CORE::BYTES::UPDATES_IN 21430396
<INFO 714bfa4016c0> CORE::PARTITIONS_PROCESSED 21
<INFO 714bfa4016c0> CORE::BYTES::EDGES_STREAMED 359535936
<INFO 714bfa4016c0> CORE::BYTES::UPDATES_OUT 29221612
<INFO 714bfa4016c0> CORE::BYTES::UPDATES_IN 19906400
<INFO 714bf8bfe6c0> CORE::PARTITIONS_PROCESSED 20
<INFO 714bf8bfe6c0> CORE::BYTES::EDGES_STREAMED 370718412
<INFO 714bf8bfe6c0> CORE::BYTES::UPDATES_OUT 29862632
<INFO 714bf8bfe6c0> CORE::BYTES::UPDATES_IN 19196720
<INFO 714bf73fb6c0> CORE::BYTES::UPDATES_OUT 27328720
<INFO 714bf73fb6c0> CORE::BYTES::UPDATES_IN 27828068
<INFO 714bfac026c0> CORE::BYTES::UPDATES_OUT 27268572
<INFO 714bfac026c0> CORE::BYTES::UPDATES_IN 28276724
<INFO 714bf5bf86c0> CORE::PARTITIONS_PROCESSED 31
<INFO 714bf5bf86c0> CORE::BYTES::EDGES_STREAMED 371034564
<INFO 714bf5bf86c0> CORE::BYTES::UPDATES_OUT 29816080
<INFO 714bf5bf86c0> CORE::BYTES::UPDATES_IN 30091552
<INFO 714dfbb442c0> CORE::RUSAGE::MAX_RSS_KB 8394064
<INFO 714dfbb442c0> CORE::RUSAGE::MINFLT 2097520
<INFO 714dfbb442c0> CORE::RUSAGE::MAJFLT 0
<INFO 714dfbb442c0> CORE::RUSAGE::MAJFLT 0
<INFO 714dfbb442c0> CORE::RUSAGE::INBLK 774328
<INFO 714dfbb442c0> CORE::RUSAGE::OUBLK 7392
<INFO 714dfbb442c0> CORE::UTILS::BYTES_READ 396455936
<INFO 714dfbb442c0> CORE::UTILS::BYTES_WRITTEN 3776512
<INFO 714dfbb442c0> CORE::TIME::IO_WAIT 0.898307 seconds
<INFO 714dfbb442c0> CORE::PHASES 15
<INFO 714dfbb442c0> CORE::TIME::SETUP 3.44139 seconds
<INFO 714dfbb442c0> CORE::TIME::STATE_ITER 0.640387 seconds
<INFO 714dfbb442c0> CORE::TIME::GATHER 0.702003 seconds
<INFO 714dfbb442c0> CORE::TIME::SCATTER 2.425 seconds
<INFO 714dfbb442c0> TIME_IN_PC_FN 0.465343 seconds
<INFO 714dfbb442c0> CORE::TIME::WALL 7.70249 seconds
<INFO 714dfbb442c0> SHUTDOWN
