<INFO 792a281192c0> STARTUP
<INFO 792a281192c0> CORE::GRAPH cit-Patents-dir
<INFO 792a281192c0> CORE::ALGORITHM spmv
<INFO 792a281192c0> SG-DRIVER-ORIGINAL
<WARNING 792a281192c0> Disk count not specified, assuming it to be 1
<INFO 792a281192c0> CORE::CONFIG::PROCESSORS 16
<INFO 792a281192c0> CORE::CONFIG::PHYSICAL_MEMORY 8589934592
<INFO 792a281192c0> CORE::CONFIG::VERTICES 3774768
<INFO 792a281192c0> CORE::CONFIG::VERTEX_SIZE 8
<INFO 792a281192c0> CORE::CONFIG::VERTEX_BUFFER 30199808
<INFO 792a281192c0> CORE::CONFIG::EDGES 16518948
<INFO 792a281192c0> CORE::CONFIG::PARTITIONS 64
<INFO 792a281192c0> CORE::CONFIG::FANOUT 64
<INFO 792a281192c0> CORE::CONFIG::SUPER_PARTITIONS 1
<INFO 792a281192c0> CORE::CONFIG::STREAM_UNIT 16777216
<INFO 792a281192c0> CORE::CONFIG::BUFFER_SIZE 1708585984
<INFO 792a281192c0> CORE::CONFIG::IO_NUMIOQS 1
<INFO 792a281192c0> CORE::CONFIG::MAX_BUFFERS 4
<INFO 792a281192c0> CORE::CONFIG::MAX_STREAMS 5
<WARNING 792a281192c0> No mount point specified for disk0, falling back to current directory
my size is 198227376
<INFO 792a281192c0> CORE::PARTITIONS_PROCESSED 3
<INFO 792a281192c0> CORE::BYTES::EDGES_STREAMED 12437172
<INFO 792a281192c0> CORE::BYTES::UPDATES_OUT 8291448
<INFO 792a281192c0> CORE::BYTES::UPDATES_IN 6180928
<INFO 7928239fa6c0> CORE::PARTITIONS_PROCESSED 3
<INFO 7928272016c0> CORE::PARTITIONS_PROCESSED 3
<INFO 7928239fa6c0> CORE::BYTES::EDGES_STREAMED 12381180
<INFO 7928239fa6c0> CORE::BYTES::UPDATES_OUT 8254120
<INFO 7928239fa6c0> CORE::BYTES::UPDATES_IN 6183376
<INFO 7928272016c0> CORE::BYTES::EDGES_STREAMED 12386940
<INFO 7928272016c0> CORE::BYTES::UPDATES_OUT 8257960
<INFO 7928272016c0> CORE::BYTES::UPDATES_IN 6207248
<INFO 7928251fd6c0> CORE::PARTITIONS_PROCESSED 5
<INFO 7928219f66c0> CORE::PARTITIONS_PROCESSED 5
<INFO 7928219f66c0> CORE::BYTES::EDGES_STREAMED 12387528
<INFO 7928219f66c0> CORE::BYTES::UPDATES_OUT 8258352
<INFO 7928251fd6c0> CORE::BYTES::EDGES_STREAMED 12392448
<INFO 7928251fd6c0> CORE::BYTES::UPDATES_OUT 8261632
<INFO 7928251fd6c0> CORE::BYTES::UPDATES_IN 10268000
<INFO 7928219f66c0> CORE::BYTES::UPDATES_IN 10386544
<INFO 7928229f86c0> CORE::PARTITIONS_PROCESSED 5
<INFO 7928229f86c0> CORE::BYTES::EDGES_STREAMED 12351144
<INFO 7928229f86c0> CORE::BYTES::UPDATES_OUT 8234096
<INFO 7928229f86c0> CORE::BYTES::UPDATES_IN 10289584
<INFO 7928209f46c0> CORE::PARTITIONS_PROCESSED 5
<INFO 7928209f46c0> CORE::BYTES::EDGES_STREAMED 12362892
<INFO 7928209f46c0> CORE::BYTES::UPDATES_OUT 8241928
<INFO 7928209f46c0> CORE::BYTES::UPDATES_IN 10302656
<INFO 7928241fb6c0> CORE::PARTITIONS_PROCESSED 5
<INFO 7928241fb6c0> CORE::BYTES::EDGES_STREAMED 24757980
<INFO 7928241fb6c0> CORE::BYTES::UPDATES_OUT 16505320
<INFO 7928261ff6c0> CORE::PARTITIONS_PROCESSED 3
<INFO 7928261ff6c0> CORE::BYTES::EDGES_STREAMED 12412680
<INFO 7928261ff6c0> CORE::BYTES::UPDATES_OUT 8275120
<INFO 7928261ff6c0> CORE::BYTES::UPDATES_IN 6226728
<INFO 7928241fb6c0> CORE::BYTES::UPDATES_IN 10349568
<INFO 792826a006c0> CORE::PARTITIONS_PROCESSED 3
<INFO 792826a006c0> CORE::BYTES::EDGES_STREAMED 9282156
<INFO 792826a006c0> CORE::BYTES::UPDATES_OUT 6188104
<INFO 792826a006c0> CORE::BYTES::UPDATES_IN 6205192
<INFO 7928221f76c0> CORE::PARTITIONS_PROCESSED 3
<INFO 7928221f76c0> CORE::BYTES::EDGES_STREAMED 12448416
<INFO 7928221f76c0> CORE::BYTES::UPDATES_OUT 8298944
<INFO 7928221f76c0> CORE::BYTES::UPDATES_IN 6186544
<INFO 7928249fc6c0> CORE::PARTITIONS_PROCESSED 2
<INFO 7928249fc6c0> CORE::BYTES::EDGES_STREAMED 6207732
<INFO 7928249fc6c0> CORE::BYTES::UPDATES_OUT 4138488
<INFO 7928249fc6c0> CORE::BYTES::UPDATES_IN 4124808
<INFO 7928211f56c0> CORE::PARTITIONS_PROCESSED 3
<INFO 7928201f36c0> CORE::PARTITIONS_PROCESSED 4
<INFO 7928201f36c0> CORE::BYTES::EDGES_STREAMED 9253656
<INFO 7928201f36c0> CORE::BYTES::UPDATES_OUT 6169104
<INFO 7928231f96c0> CORE::PARTITIONS_PROCESSED 8
<INFO 7928211f56c0> CORE::BYTES::EDGES_STREAMED 12427428
<INFO 7928259fe6c0> CORE::PARTITIONS_PROCESSED 4
<INFO 7928231f96c0> CORE::BYTES::EDGES_STREAMED 12355836
<INFO 7928211f56c0> CORE::BYTES::UPDATES_OUT 8284952
<INFO 7928231f96c0> CORE::BYTES::UPDATES_OUT 8237224
<INFO 7928231f96c0> CORE::BYTES::UPDATES_IN 16549376
<INFO 7928211f56c0> CORE::BYTES::UPDATES_IN 6211744
<INFO 7928201f36c0> CORE::BYTES::UPDATES_IN 8232960
<INFO 7928259fe6c0> CORE::BYTES::EDGES_STREAMED 12382188
<INFO 7928259fe6c0> CORE::BYTES::UPDATES_OUT 8254792
<INFO 7928259fe6c0> CORE::BYTES::UPDATES_IN 8246328
<INFO 792a281192c0> CORE::RUSAGE::MAX_RSS_KB 8394068
<INFO 792a281192c0> CORE::RUSAGE::MINFLT 2097519
<INFO 792a281192c0> CORE::RUSAGE::MAJFLT 0
<INFO 792a281192c0> CORE::RUSAGE::MAJFLT 0
<INFO 792a281192c0> CORE::RUSAGE::INBLK 387168
<INFO 792a281192c0> CORE::RUSAGE::OUBLK 59000
<INFO 792a281192c0> CORE::UTILS::BYTES_READ 198230016
<INFO 792a281192c0> CORE::UTILS::BYTES_WRITTEN 30199808
<INFO 792a281192c0> CORE::TIME::IO_WAIT 0.476102 seconds
<INFO 792a281192c0> CORE::PHASES 2
<INFO 792a281192c0> CORE::TIME::SETUP 3.42183 seconds
<INFO 792a281192c0> CORE::TIME::STATE_ITER 0.042171 seconds
<INFO 792a281192c0> CORE::TIME::GATHER 0.076001 seconds
<INFO 792a281192c0> CORE::TIME::SCATTER 0.593002 seconds
<INFO 792a281192c0> TIME_IN_PC_FN 0.023057 seconds
<INFO 792a281192c0> CORE::TIME::WALL 4.27804 seconds
<INFO 792a281192c0> SHUTDOWN
