<INFO 7a737e54a2c0> STARTUP
<INFO 7a737e54a2c0> CORE::GRAPH cit-Patents-sym
<INFO 7a737e54a2c0> CORE::ALGORITHM mis
<INFO 7a737e54a2c0> SG-DRIVER-ORIGINAL
<WARNING 7a737e54a2c0> Disk count not specified, assuming it to be 1
<INFO 7a737e54a2c0> CORE::CONFIG::PROCESSORS 16
<INFO 7a737e54a2c0> CORE::CONFIG::PHYSICAL_MEMORY 8589934592
<INFO 7a737e54a2c0> CORE::CONFIG::VERTICES 3774768
<INFO 7a737e54a2c0> CORE::CONFIG::VERTEX_SIZE 1
<INFO 7a737e54a2c0> CORE::CONFIG::VERTEX_BUFFER 3776512
<INFO 7a737e54a2c0> CORE::CONFIG::EDGES 33037895
<INFO 7a737e54a2c0> CORE::CONFIG::PARTITIONS 32
<INFO 7a737e54a2c0> CORE::CONFIG::FANOUT 32
<INFO 7a737e54a2c0> CORE::CONFIG::SUPER_PARTITIONS 1
<INFO 7a737e54a2c0> CORE::CONFIG::STREAM_UNIT 16777216
<INFO 7a737e54a2c0> CORE::CONFIG::BUFFER_SIZE 1713871104
<INFO 7a737e54a2c0> CORE::CONFIG::IO_NUMIOQS 1
<INFO 7a737e54a2c0> CORE::CONFIG::MAX_BUFFERS 4
<INFO 7a737e54a2c0> CORE::CONFIG::MAX_STREAMS 5
<WARNING 7a737e54a2c0> No mount point specified for disk0, falling back to current directory
my size is 396454740
<INFO 7a737e54a2c0> ALGORITHM::MIS::NOT_IN_MIS 1810026
<INFO 7a737e54a2c0> CORE::PARTITIONS_PROCESSED 38
<INFO 7a737e54a2c0> CORE::BYTES::EDGES_STREAMED 371585700
<INFO 7a737e54a2c0> CORE::BYTES::UPDATES_OUT 29943488
<INFO 7a737e54a2c0> CORE::BYTES::UPDATES_IN 38672948
<INFO 7a71795fa6c0> CORE::PARTITIONS_PROCESSED 27
<INFO 7a7179dfb6c0> CORE::PARTITIONS_PROCESSED 28
<INFO 7a71795fa6c0> CORE::BYTES::EDGES_STREAMED 371419740
<INFO 7a71795fa6c0> CORE::BYTES::UPDATES_OUT 30216880
<INFO 7a7179dfb6c0> CORE::BYTES::EDGES_STREAMED 371569680
<INFO 7a7179dfb6c0> CORE::BYTES::UPDATES_OUT 29981808
<INFO 7a71795fa6c0> CORE::BYTES::UPDATES_IN 25688776
<INFO 7a7179dfb6c0> CORE::BYTES::UPDATES_IN 26701392
<INFO 7a71775f66c0> CORE::PARTITIONS_PROCESSED 16
<INFO 7a71775f66c0> CORE::BYTES::EDGES_STREAMED 372780540
<INFO 7a71775f66c0> CORE::BYTES::UPDATES_OUT 29964872
<INFO 7a71775f66c0> CORE::BYTES::UPDATES_IN 16779356
<INFO 7a717a5fc6c0> CORE::PARTITIONS_PROCESSED 18
<INFO 7a717a5fc6c0> CORE::BYTES::EDGES_STREAMED 372500100
<INFO 7a717a5fc6c0> CORE::BYTES::UPDATES_OUT 30084652
<INFO 7a717a5fc6c0> CORE::BYTES::UPDATES_IN 17717220
<INFO 7a71785f86c0> CORE::PARTITIONS_PROCESSED 17
<INFO 7a7177df76c0> CORE::PARTITIONS_PROCESSED 32
<INFO 7a71785f86c0> CORE::BYTES::EDGES_STREAMED 371010780
<INFO 7a71785f86c0> CORE::BYTES::UPDATES_OUT 29811516
<INFO 7a717b5fe6c0> CORE::PARTITIONS_PROCESSED 36
<INFO 7a717adfd6c0> CORE::PARTITIONS_PROCESSED 24
<INFO 7a717ce016c0> CORE::PARTITIONS_PROCESSED 20
<INFO 7a7176df56c0> CORE::PARTITIONS_PROCESSED 39
<INFO 7a717ce016c0> CORE::BYTES::EDGES_STREAMED 371913840
<INFO 7a7176df56c0> CORE::BYTES::EDGES_STREAMED 370684080
<INFO 7a71785f86c0> CORE::BYTES::UPDATES_IN 18122988
<INFO 7a717adfd6c0> CORE::BYTES::EDGES_STREAMED 371516220
<INFO 7a717adfd6c0> CORE::BYTES::UPDATES_OUT 29935420
<INFO 7a717adfd6c0> CORE::BYTES::UPDATES_IN 25804444
<INFO 7a71765f46c0> CORE::PARTITIONS_PROCESSED 24
<INFO 7a71765f46c0> CORE::BYTES::EDGES_STREAMED 371285640
<INFO 7a71765f46c0> CORE::BYTES::UPDATES_OUT 29887056
<INFO 7a71765f46c0> CORE::BYTES::UPDATES_IN 24297128
<INFO 7a7178df96c0> CORE::PARTITIONS_PROCESSED 29
<INFO 7a7178df96c0> CORE::BYTES::EDGES_STREAMED 370942200
<INFO 7a7178df96c0> CORE::BYTES::UPDATES_OUT 29989688
<INFO 7a7178df96c0> CORE::BYTES::UPDATES_IN 30440120
<INFO 7a717b5fe6c0> CORE::BYTES::EDGES_STREAMED 370689300
<INFO 7a7177df76c0> CORE::BYTES::EDGES_STREAMED 372978180
<INFO 7a7177df76c0> CORE::BYTES::UPDATES_OUT 30263332
<INFO 7a717b5fe6c0> CORE::BYTES::UPDATES_OUT 29855980
<INFO 7a717d6026c0> CORE::PARTITIONS_PROCESSED 40
<INFO 7a717ce016c0> CORE::BYTES::UPDATES_OUT 30093476
<INFO 7a7176df56c0> CORE::BYTES::UPDATES_OUT 29858936
<INFO 7a7177df76c0> CORE::BYTES::UPDATES_IN 30486716
<INFO 7a717c6006c0> CORE::PARTITIONS_PROCESSED 32
<INFO 7a717bdff6c0> CORE::PARTITIONS_PROCESSED 28
<INFO 7a717c6006c0> CORE::BYTES::EDGES_STREAMED 372670740
<INFO 7a717bdff6c0> CORE::BYTES::EDGES_STREAMED 371275200
<INFO 7a717bdff6c0> CORE::BYTES::UPDATES_OUT 29934164
<INFO 7a717bdff6c0> CORE::BYTES::UPDATES_IN 29621776
<INFO 7a717b5fe6c0> CORE::BYTES::UPDATES_IN 34105708
<INFO 7a717ce016c0> CORE::BYTES::UPDATES_IN 22232448
<INFO 7a717d6026c0> CORE::BYTES::EDGES_STREAMED 371999160
<INFO 7a717c6006c0> CORE::BYTES::UPDATES_OUT 30017840
<INFO 7a7176df56c0> CORE::BYTES::UPDATES_IN 38108476
<INFO 7a717d6026c0> CORE::BYTES::UPDATES_OUT 30087556
<INFO 7a717c6006c0> CORE::BYTES::UPDATES_IN 32053400
<INFO 7a717d6026c0> CORE::BYTES::UPDATES_IN 39573772
<INFO 7a737e54a2c0> CORE::RUSAGE::MAX_RSS_KB 8394008
<INFO 7a737e54a2c0> CORE::RUSAGE::MINFLT 2097514
<INFO 7a737e54a2c0> CORE::RUSAGE::MAJFLT 0
<INFO 7a737e54a2c0> CORE::RUSAGE::MAJFLT 0
<INFO 7a737e54a2c0> CORE::RUSAGE::INBLK 774328
<INFO 7a737e54a2c0> CORE::RUSAGE::OUBLK 7392
<INFO 7a737e54a2c0> CORE::UTILS::BYTES_READ 396455936
<INFO 7a737e54a2c0> CORE::UTILS::BYTES_WRITTEN 3776512
<INFO 7a737e54a2c0> CORE::TIME::IO_WAIT 0.783164 seconds
<INFO 7a737e54a2c0> CORE::PHASES 15
<INFO 7a737e54a2c0> CORE::TIME::SETUP 3.43557 seconds
<INFO 7a737e54a2c0> CORE::TIME::STATE_ITER 0.518708 seconds
<INFO 7a737e54a2c0> CORE::TIME::GATHER 0.439644 seconds
<INFO 7a737e54a2c0> CORE::TIME::SCATTER 1.833 seconds
<INFO 7a737e54a2c0> TIME_IN_PC_FN 0.440012 seconds
<INFO 7a737e54a2c0> CORE::TIME::WALL 6.52146 seconds
<INFO 7a737e54a2c0> SHUTDOWN
