<INFO 76acc090f2c0> STARTUP
<INFO 76acc090f2c0> CORE::GRAPH cit-Patents-sym
<INFO 76acc090f2c0> CORE::ALGORITHM mcst
<WARNING 76acc090f2c0> Disk count not specified, assuming it to be 1
<INFO 76acc090f2c0> CORE::CONFIG::PROCESSORS 16
<INFO 76acc090f2c0> CORE::CONFIG::PHYSICAL_MEMORY 8589934592
<INFO 76acc090f2c0> CORE::CONFIG::VERTICES 3774768
<INFO 76acc090f2c0> CORE::CONFIG::VERTEX_SIZE 16
<INFO 76acc090f2c0> CORE::CONFIG::VERTEX_BUFFER 60399616
<INFO 76acc090f2c0> CORE::CONFIG::EDGES 33037895
<INFO 76acc090f2c0> CORE::CONFIG::PARTITIONS 128
<INFO 76acc090f2c0> CORE::CONFIG::FANOUT 128
<INFO 76acc090f2c0> CORE::CONFIG::SUPER_PARTITIONS 1
<INFO 76acc090f2c0> CORE::CONFIG::STREAM_UNIT 16777216
<INFO 76acc090f2c0> CORE::CONFIG::BUFFER_SIZE 1418786472
<INFO 76acc090f2c0> CORE::CONFIG::IO_NUMIOQS 1
<INFO 76acc090f2c0> CORE::CONFIG::MAX_BUFFERS 5
<INFO 76acc090f2c0> CORE::CONFIG::MAX_STREAMS 6
<WARNING 76acc090f2c0> No mount point specified for disk0, falling back to current directory
my size is 396454740
<INFO 76acc090f2c0> ALGORITHM::PROPOSALS_SENT 519477
<INFO 76acc090f2c0> ALGORITHM::PROPOSALS_RECEIVED 223868
<INFO 76aab91f76c0> ALGORITHM::PROPOSALS_SENT 173275
<INFO 76aabea026c0> ALGORITHM::PROPOSALS_SENT 234870
<INFO 76aabea026c0> ALGORITHM::PROPOSALS_RECEIVED 308083
<INFO 76aab91f76c0> ALGORITHM::PROPOSALS_RECEIVED 314075
<INFO 76aaba1f96c0> ALGORITHM::PROPOSALS_SENT 442367
<INFO 76aabc1fd6c0> ALGORITHM::PROPOSALS_SENT 281664
<INFO 76aabc1fd6c0> ALGORITHM::PROPOSALS_RECEIVED 316336
<INFO 76aabb1fb6c0> ALGORITHM::PROPOSALS_SENT 284407
<INFO 76aaba1f96c0> ALGORITHM::PROPOSALS_RECEIVED 334673
<INFO 76aabb1fb6c0> ALGORITHM::PROPOSALS_RECEIVED 289514
<INFO 76aabf2036c0> ALGORITHM::PROPOSALS_SENT 282302
<INFO 76aabf2036c0> ALGORITHM::PROPOSALS_RECEIVED 275293
<INFO 76aabb9fc6c0> ALGORITHM::PROPOSALS_SENT 316228
<INFO 76aabb9fc6c0> ALGORITHM::PROPOSALS_RECEIVED 350672
<INFO 76aabe2016c0> ALGORITHM::PROPOSALS_SENT 269590
<INFO 76aabe2016c0> ALGORITHM::PROPOSALS_RECEIVED 524922
<INFO 76aabd1ff6c0> ALGORITHM::PROPOSALS_SENT 120880
<INFO 76aabd1ff6c0> ALGORITHM::PROPOSALS_RECEIVED 207989
<INFO 76aaba9fa6c0> ALGORITHM::PROPOSALS_SENT 263758
<INFO 76aab99f86c0> ALGORITHM::PROPOSALS_SENT 271821
<INFO 76aaba9fa6c0> ALGORITHM::PROPOSALS_RECEIVED 228403
<INFO 76aab89f66c0> ALGORITHM::PROPOSALS_SENT 264045
<INFO 76aab99f86c0> ALGORITHM::PROPOSALS_RECEIVED 260160
<INFO 76aabc9fe6c0> ALGORITHM::PROPOSALS_SENT 230557
<INFO 76aab89f66c0> ALGORITHM::PROPOSALS_RECEIVED 142793
<INFO 76aabda006c0> ALGORITHM::PROPOSALS_SENT 420673
<INFO 76aabfa046c0> ALGORITHM::PROPOSALS_SENT 288669
<INFO 76aabda006c0> ALGORITHM::PROPOSALS_RECEIVED 350315
<INFO 76aabc9fe6c0> ALGORITHM::PROPOSALS_RECEIVED 272028
<INFO 76aabfa046c0> ALGORITHM::PROPOSALS_RECEIVED 265459
<INFO 76acc090f2c0> CORE::RUSAGE::MAX_RSS_KB 8394180
<INFO 76acc090f2c0> CORE::RUSAGE::MINFLT 2097534
<INFO 76acc090f2c0> CORE::RUSAGE::MAJFLT 0
<INFO 76acc090f2c0> CORE::RUSAGE::MAJFLT 0
<INFO 76acc090f2c0> CORE::RUSAGE::INBLK 774328
<INFO 76acc090f2c0> CORE::RUSAGE::OUBLK 185360
<INFO 76acc090f2c0> CORE::UTILS::BYTES_READ 396455936
<INFO 76acc090f2c0> CORE::UTILS::BYTES_WRITTEN 94900224
<INFO 76acc090f2c0> CORE::TIME::IO_WAIT 0.912028 seconds
<INFO 76acc090f2c0> ALGORITHM::TREE_EDGES 3954084
<INFO 76acc090f2c0> ALGORITHM::CC_COUNT 3627
<INFO 76acc090f2c0> CORE::PHASES 6
<INFO 76acc090f2c0> CORE::TIME::SETUP 3.42839 seconds
<INFO 76acc090f2c0> CORE::TIME::WALL 18.3119 seconds
<INFO 76acc090f2c0> SHUTDOWN
