<INFO 771c0cb512c0> STARTUP
<INFO 771c0cb512c0> CORE::GRAPH cit-Patents-sym
<INFO 771c0cb512c0> CORE::ALGORITHM conductance
<INFO 771c0cb512c0> SG-DRIVER-ORIGINAL
<WARNING 771c0cb512c0> Disk count not specified, assuming it to be 1
<INFO 771c0cb512c0> CORE::CONFIG::PROCESSORS 16
<INFO 771c0cb512c0> CORE::CONFIG::PHYSICAL_MEMORY 8589934592
<INFO 771c0cb512c0> CORE::CONFIG::VERTICES 3774768
<INFO 771c0cb512c0> CORE::CONFIG::VERTEX_SIZE 0
<INFO 771c0cb512c0> CORE::CONFIG::VERTEX_BUFFER 0
<INFO 771c0cb512c0> CORE::CONFIG::EDGES 33037895
<INFO 771c0cb512c0> CORE::CONFIG::PARTITIONS 32
<INFO 771c0cb512c0> CORE::CONFIG::FANOUT 32
<INFO 771c0cb512c0> CORE::CONFIG::SUPER_PARTITIONS 1
<INFO 771c0cb512c0> CORE::CONFIG::STREAM_UNIT 16777216
<INFO 771c0cb512c0> CORE::CONFIG::BUFFER_SIZE 1714626406
<INFO 771c0cb512c0> CORE::CONFIG::IO_NUMIOQS 1
<INFO 771c0cb512c0> CORE::CONFIG::MAX_BUFFERS 4
<INFO 771c0cb512c0> CORE::CONFIG::MAX_STREAMS 5
<WARNING 771c0cb512c0> No mount point specified for disk0, falling back to current directory
my size is 396454740
<INFO 771c0cb512c0> ALGORITHM::CONDUCTANCE::VALUE 0.999895
<INFO 771a083fd6c0> CORE::PARTITIONS_PROCESSED 0
<INFO 771a0a4016c0> CORE::PARTITIONS_PROCESSED 0
<INFO 771a083fd6c0> CORE::BYTES::EDGES_STREAMED 24771312
<INFO 771a083fd6c0> CORE::BYTES::UPDATES_OUT 0
<INFO 771a0bc046c0> CORE::PARTITIONS_PROCESSED 0
<INFO 771a04bf66c0> CORE::PARTITIONS_PROCESSED 0
<INFO 771c0cb512c0> CORE::PARTITIONS_PROCESSED 0
<INFO 771a04bf66c0> CORE::BYTES::EDGES_STREAMED 24752376
<INFO 771a0bc046c0> CORE::BYTES::EDGES_STREAMED 24799944
<INFO 771a06bfa6c0> CORE::PARTITIONS_PROCESSED 0
<INFO 771a0bc046c0> CORE::BYTES::UPDATES_OUT 0
<INFO 771a083fd6c0> CORE::BYTES::UPDATES_IN 0
<INFO 771a093ff6c0> CORE::PARTITIONS_PROCESSED 0
<INFO 771a073fb6c0> CORE::PARTITIONS_PROCESSED 0
<INFO 771a05bf86c0> CORE::PARTITIONS_PROCESSED 0
<INFO 771a04bf66c0> CORE::BYTES::UPDATES_OUT 0
<INFO 771a0a4016c0> CORE::BYTES::EDGES_STREAMED 24751680
<INFO 771a0bc046c0> CORE::BYTES::UPDATES_IN 0
<INFO 771a06bfa6c0> CORE::BYTES::EDGES_STREAMED 24734052
<INFO 771a05bf86c0> CORE::BYTES::EDGES_STREAMED 24852036
<INFO 771a093ff6c0> CORE::BYTES::EDGES_STREAMED 24767748
<INFO 771a04bf66c0> CORE::BYTES::UPDATES_IN 0
<INFO 771a093ff6c0> CORE::BYTES::UPDATES_OUT 0
<INFO 771a093ff6c0> CORE::BYTES::UPDATES_IN 0
<INFO 771c0cb512c0> CORE::BYTES::EDGES_STREAMED 24772380
<INFO 771a073fb6c0> CORE::BYTES::EDGES_STREAMED 24729480
<INFO 771a05bf86c0> CORE::BYTES::UPDATES_OUT 0
<INFO 771a05bf86c0> CORE::BYTES::UPDATES_IN 0
<INFO 771a09c006c0> CORE::PARTITIONS_PROCESSED 0
<INFO 771a09c006c0> CORE::BYTES::EDGES_STREAMED 24712620
<INFO 771a09c006c0> CORE::BYTES::UPDATES_OUT 0
<INFO 771a06bfa6c0> CORE::BYTES::UPDATES_OUT 0
<INFO 771a09c006c0> CORE::BYTES::UPDATES_IN 0
<INFO 771c0cb512c0> CORE::BYTES::UPDATES_OUT 0
<INFO 771a073fb6c0> CORE::BYTES::UPDATES_OUT 0
<INFO 771a073fb6c0> CORE::BYTES::UPDATES_IN 0
<INFO 771a063f96c0> CORE::PARTITIONS_PROCESSED 0
<INFO 771a063f96c0> CORE::BYTES::EDGES_STREAMED 24865212
<INFO 771a063f96c0> CORE::BYTES::UPDATES_OUT 0
<INFO 771a07bfc6c0> CORE::PARTITIONS_PROCESSED 0
<INFO 771a07bfc6c0> CORE::BYTES::EDGES_STREAMED 24761316
<INFO 771a06bfa6c0> CORE::BYTES::UPDATES_IN 0
<INFO 771a0a4016c0> CORE::BYTES::UPDATES_OUT 0
<INFO 771a0a4016c0> CORE::BYTES::UPDATES_IN 0
<INFO 771a07bfc6c0> CORE::BYTES::UPDATES_OUT 0
<INFO 771a08bfe6c0> CORE::PARTITIONS_PROCESSED 0
<INFO 771a063f96c0> CORE::BYTES::UPDATES_IN 0
<INFO 771a08bfe6c0> CORE::BYTES::EDGES_STREAMED 24833340
<INFO 771a07bfc6c0> CORE::BYTES::UPDATES_IN 0
<INFO 771a08bfe6c0> CORE::BYTES::UPDATES_OUT 0
<INFO 771a0b4036c0> CORE::PARTITIONS_PROCESSED 0
<INFO 771a08bfe6c0> CORE::BYTES::UPDATES_IN 0
<INFO 771a0b4036c0> CORE::BYTES::EDGES_STREAMED 24794256
<INFO 771a0b4036c0> CORE::BYTES::UPDATES_OUT 0
<INFO 771a0b4036c0> CORE::BYTES::UPDATES_IN 0
<INFO 771a053f76c0> CORE::PARTITIONS_PROCESSED 0
<INFO 771a053f76c0> CORE::BYTES::EDGES_STREAMED 24712272
<INFO 771a053f76c0> CORE::BYTES::UPDATES_OUT 0
<INFO 771a053f76c0> CORE::BYTES::UPDATES_IN 0
<INFO 771c0cb512c0> CORE::BYTES::UPDATES_IN 0
<INFO 771a0ac026c0> CORE::PARTITIONS_PROCESSED 0
<INFO 771a0ac026c0> CORE::BYTES::EDGES_STREAMED 24844716
<INFO 771a0ac026c0> CORE::BYTES::UPDATES_OUT 0
<INFO 771a0ac026c0> CORE::BYTES::UPDATES_IN 0
<INFO 771c0cb512c0> CORE::RUSAGE::MAX_RSS_KB 8394008
<INFO 771c0cb512c0> CORE::RUSAGE::MINFLT 2097516
<INFO 771c0cb512c0> CORE::RUSAGE::MAJFLT 0
<INFO 771c0cb512c0> CORE::RUSAGE::MAJFLT 0
<INFO 771c0cb512c0> CORE::RUSAGE::INBLK 774328
<INFO 771c0cb512c0> CORE::RUSAGE::OUBLK 16
<INFO 771c0cb512c0> CORE::UTILS::BYTES_READ 396455936
<INFO 771c0cb512c0> CORE::UTILS::BYTES_WRITTEN 0
<INFO 771c0cb512c0> CORE::TIME::IO_WAIT 0.774836 seconds
<INFO 771c0cb512c0> CORE::PHASES 2
<INFO 771c0cb512c0> CORE::TIME::SETUP 3.44868 seconds
<INFO 771c0cb512c0> CORE::TIME::STATE_ITER 0.049615 seconds
<INFO 771c0cb512c0> CORE::TIME::GATHER 1e-06 seconds
<INFO 771c0cb512c0> CORE::TIME::SCATTER 0.914 seconds
<INFO 771c0cb512c0> TIME_IN_PC_FN 0.020065 seconds
<INFO 771c0cb512c0> CORE::TIME::WALL 4.46873 seconds
<INFO 771c0cb512c0> SHUTDOWN
