<INFO 7d2e7eed12c0> STARTUP
<INFO 7d2e7eed12c0> CORE::GRAPH cit-Patents-dir
<INFO 7d2e7eed12c0> CORE::ALGORITHM sssp
<INFO 7d2e7eed12c0> SG-DRIVER-ORIGINAL
<WARNING 7d2e7eed12c0> Disk count not specified, assuming it to be 1
<INFO 7d2e7eed12c0> CORE::CONFIG::PROCESSORS 16
<INFO 7d2e7eed12c0> CORE::CONFIG::PHYSICAL_MEMORY 8589934592
<INFO 7d2e7eed12c0> CORE::CONFIG::VERTICES 3774768
<INFO 7d2e7eed12c0> CORE::CONFIG::VERTEX_SIZE 16
<INFO 7d2e7eed12c0> CORE::CONFIG::VERTEX_BUFFER 60399616
<INFO 7d2e7eed12c0> CORE::CONFIG::EDGES 16518948
<INFO 7d2e7eed12c0> CORE::CONFIG::PARTITIONS 128
<INFO 7d2e7eed12c0> CORE::CONFIG::FANOUT 128
<INFO 7d2e7eed12c0> CORE::CONFIG::SUPER_PARTITIONS 1
<INFO 7d2e7eed12c0> CORE::CONFIG::STREAM_UNIT 16777216
<INFO 7d2e7eed12c0> CORE::CONFIG::BUFFER_SIZE 1702545100
<INFO 7d2e7eed12c0> CORE::CONFIG::IO_NUMIOQS 1
<INFO 7d2e7eed12c0> CORE::CONFIG::MAX_BUFFERS 4
<INFO 7d2e7eed12c0> CORE::CONFIG::MAX_STREAMS 5
<WARNING 7d2e7eed12c0> No mount point specified for disk0, falling back to current directory
my size is 198227376
<INFO 7d2e7eed12c0> CORE::PARTITIONS_PROCESSED 0
<INFO 7d2e7eed12c0> CORE::BYTES::EDGES_STREAMED 0
<INFO 7d2e7eed12c0> CORE::BYTES::UPDATES_OUT 0
<INFO 7d2e7eed12c0> CORE::BYTES::UPDATES_IN 0
<INFO 7d2c7d8026c0> CORE::PARTITIONS_PROCESSED 0
<INFO 7d2c7affd6c0> CORE::PARTITIONS_PROCESSED 0
<INFO 7d2c7a7fc6c0> CORE::PARTITIONS_PROCESSED 0
<INFO 7d2c7d8026c0> CORE::BYTES::EDGES_STREAMED 0
<INFO 7d2c7affd6c0> CORE::BYTES::EDGES_STREAMED 0
<INFO 7d2c7a7fc6c0> CORE::BYTES::EDGES_STREAMED 0
<INFO 7d2c7a7fc6c0> CORE::BYTES::UPDATES_OUT 0
<INFO 7d2c7affd6c0> CORE::BYTES::UPDATES_OUT 0
<INFO 7d2c76ff56c0> CORE::PARTITIONS_PROCESSED 0
<INFO 7d2c7d8026c0> CORE::BYTES::UPDATES_OUT 0
<INFO 7d2c76ff56c0> CORE::BYTES::EDGES_STREAMED 0
<INFO 7d2c7affd6c0> CORE::BYTES::UPDATES_IN 0
<INFO 7d2c76ff56c0> CORE::BYTES::UPDATES_OUT 0
<INFO 7d2c7a7fc6c0> CORE::BYTES::UPDATES_IN 0
<INFO 7d2c7d8026c0> CORE::BYTES::UPDATES_IN 0
<INFO 7d2c7d0016c0> CORE::PARTITIONS_PROCESSED 0
<INFO 7d2c7d0016c0> CORE::BYTES::EDGES_STREAMED 0
<INFO 7d2c7d0016c0> CORE::BYTES::UPDATES_OUT 0
<INFO 7d2c7d0016c0> CORE::BYTES::UPDATES_IN 0
<INFO 7d2c7bfff6c0> CORE::PARTITIONS_PROCESSED 0
<INFO 7d2c7bfff6c0> CORE::BYTES::EDGES_STREAMED 0
<INFO 7d2c7bfff6c0> CORE::BYTES::UPDATES_OUT 0
<INFO 7d2c7bfff6c0> CORE::BYTES::UPDATES_IN 0
<INFO 7d2c77ff76c0> CORE::PARTITIONS_PROCESSED 0
<INFO 7d2c77ff76c0> CORE::BYTES::EDGES_STREAMED 0
<INFO 7d2c797fa6c0> CORE::PARTITIONS_PROCESSED 0
<INFO 7d2c797fa6c0> CORE::BYTES::EDGES_STREAMED 0
<INFO 7d2c7b7fe6c0> CORE::PARTITIONS_PROCESSED 0
<INFO 7d2c777f66c0> CORE::PARTITIONS_PROCESSED 0
<INFO 7d2c777f66c0> CORE::BYTES::EDGES_STREAMED 0
<INFO 7d2c777f66c0> CORE::BYTES::UPDATES_OUT 0
<INFO 7d2c777f66c0> CORE::BYTES::UPDATES_IN 0
<INFO 7d2c7e0036c0> CORE::PARTITIONS_PROCESSED 0
<INFO 7d2c7b7fe6c0> CORE::BYTES::EDGES_STREAMED 0
<INFO 7d2c797fa6c0> CORE::BYTES::UPDATES_OUT 0
<INFO 7d2c797fa6c0> CORE::BYTES::UPDATES_IN 0
<INFO 7d2c7b7fe6c0> CORE::BYTES::UPDATES_OUT 0
<INFO 7d2c7b7fe6c0> CORE::BYTES::UPDATES_IN 0
<INFO 7d2c76ff56c0> CORE::BYTES::UPDATES_IN 0
<INFO 7d2c78ff96c0> CORE::PARTITIONS_PROCESSED 0
<INFO 7d2c78ff96c0> CORE::BYTES::EDGES_STREAMED 0
<INFO 7d2c78ff96c0> CORE::BYTES::UPDATES_OUT 0
<INFO 7d2c78ff96c0> CORE::BYTES::UPDATES_IN 0
<INFO 7d2c7e0036c0> CORE::BYTES::EDGES_STREAMED 0
<INFO 7d2c7e0036c0> CORE::BYTES::UPDATES_OUT 0
<INFO 7d2c7e0036c0> CORE::BYTES::UPDATES_IN 0
<INFO 7d2c787f86c0> CORE::PARTITIONS_PROCESSED 0
<INFO 7d2c787f86c0> CORE::BYTES::EDGES_STREAMED 1574952
<INFO 7d2c787f86c0> CORE::BYTES::UPDATES_OUT 0
<INFO 7d2c787f86c0> CORE::BYTES::UPDATES_IN 0
<INFO 7d2c77ff76c0> CORE::BYTES::UPDATES_OUT 0
<INFO 7d2c77ff76c0> CORE::BYTES::UPDATES_IN 0
<INFO 7d2c79ffb6c0> CORE::PARTITIONS_PROCESSED 0
<INFO 7d2c79ffb6c0> CORE::BYTES::EDGES_STREAMED 0
<INFO 7d2c7c8006c0> CORE::PARTITIONS_PROCESSED 0
<INFO 7d2c7c8006c0> CORE::BYTES::EDGES_STREAMED 0
<INFO 7d2c7c8006c0> CORE::BYTES::UPDATES_OUT 0
<INFO 7d2c7c8006c0> CORE::BYTES::UPDATES_IN 0
<INFO 7d2c79ffb6c0> CORE::BYTES::UPDATES_OUT 0
<INFO 7d2c79ffb6c0> CORE::BYTES::UPDATES_IN 0
<INFO 7d2e7eed12c0> CORE::RUSAGE::MAX_RSS_KB 8394168
<INFO 7d2e7eed12c0> CORE::RUSAGE::MINFLT 2097515
<INFO 7d2e7eed12c0> CORE::RUSAGE::MAJFLT 0
<INFO 7d2e7eed12c0> CORE::RUSAGE::MAJFLT 0
<INFO 7d2e7eed12c0> CORE::RUSAGE::INBLK 387168
<INFO 7d2e7eed12c0> CORE::RUSAGE::OUBLK 117984
<INFO 7d2e7eed12c0> CORE::UTILS::BYTES_READ 198230016
<INFO 7d2e7eed12c0> CORE::UTILS::BYTES_WRITTEN 60399616
<INFO 7d2e7eed12c0> CORE::TIME::IO_WAIT 0.540004 seconds
<INFO 7d2e7eed12c0> CORE::PHASES 2
<INFO 7d2e7eed12c0> CORE::TIME::SETUP 3.44126 seconds
<INFO 7d2e7eed12c0> CORE::TIME::STATE_ITER 0.013207 seconds
<INFO 7d2e7eed12c0> CORE::TIME::GATHER 0 seconds
<INFO 7d2e7eed12c0> CORE::TIME::SCATTER 0.506001 seconds
<INFO 7d2e7eed12c0> TIME_IN_PC_FN 0 seconds
<INFO 7d2e7eed12c0> CORE::TIME::WALL 4.13036 seconds
<INFO 7d2e7eed12c0> SHUTDOWN
