<INFO 7e6f92ac82c0> STARTUP
<INFO 7e6f92ac82c0> CORE::GRAPH cit-Patents-sym
<INFO 7e6f92ac82c0> CORE::ALGORITHM cc
<INFO 7e6f92ac82c0> SG-DRIVER-ORIGINAL
<WARNING 7e6f92ac82c0> Disk count not specified, assuming it to be 1
<INFO 7e6f92ac82c0> CORE::CONFIG::PROCESSORS 16
<INFO 7e6f92ac82c0> CORE::CONFIG::PHYSICAL_MEMORY 8589934592
<INFO 7e6f92ac82c0> CORE::CONFIG::VERTICES 3774768
<INFO 7e6f92ac82c0> CORE::CONFIG::VERTEX_SIZE 13
<INFO 7e6f92ac82c0> CORE::CONFIG::VERTEX_BUFFER 49074176
<INFO 7e6f92ac82c0> CORE::CONFIG::EDGES 33037895
<INFO 7e6f92ac82c0> CORE::CONFIG::PARTITIONS 64
<INFO 7e6f92ac82c0> CORE::CONFIG::FANOUT 64
<INFO 7e6f92ac82c0> CORE::CONFIG::SUPER_PARTITIONS 1
<INFO 7e6f92ac82c0> CORE::CONFIG::STREAM_UNIT 16777216
<INFO 7e6f92ac82c0> CORE::CONFIG::BUFFER_SIZE 1704811110
<INFO 7e6f92ac82c0> CORE::CONFIG::IO_NUMIOQS 1
<INFO 7e6f92ac82c0> CORE::CONFIG::MAX_BUFFERS 4
<INFO 7e6f92ac82c0> CORE::CONFIG::MAX_STREAMS 5
<WARNING 7e6f92ac82c0> No mount point specified for disk0, falling back to current directory
my size is 396454740
<INFO 7e6f92ac82c0> ALGORITHM::CC::CC_COUNT 3627
<INFO 7e6f92ac82c0> CORE::PARTITIONS_PROCESSED 59
<INFO 7e6f92ac82c0> CORE::BYTES::EDGES_STREAMED 414871236
<INFO 7e6f92ac82c0> CORE::BYTES::UPDATES_OUT 128770400
<INFO 7e6f92ac82c0> CORE::BYTES::UPDATES_IN 114351352
<INFO 7e6d8dbfb6c0> CORE::PARTITIONS_PROCESSED 68
<INFO 7e6d914026c0> CORE::PARTITIONS_PROCESSED 64
<INFO 7e6d90c016c0> CORE::PARTITIONS_PROCESSED 69
<INFO 7e6d90c016c0> CORE::BYTES::EDGES_STREAMED 471825300
<INFO 7e6d90c016c0> CORE::BYTES::UPDATES_OUT 169881232
<INFO 7e6d90c016c0> CORE::BYTES::UPDATES_IN 152619560
<INFO 7e6d8e3fc6c0> CORE::PARTITIONS_PROCESSED 78
<INFO 7e6d8dbfb6c0> CORE::BYTES::EDGES_STREAMED 420941892
<INFO 7e6d914026c0> CORE::BYTES::EDGES_STREAMED 415381068
<INFO 7e6d8bbf76c0> CORE::PARTITIONS_PROCESSED 72
<INFO 7e6d8e3fc6c0> CORE::BYTES::EDGES_STREAMED 421097556
<INFO 7e6d8e3fc6c0> CORE::BYTES::UPDATES_OUT 135669632
<INFO 7e6d8e3fc6c0> CORE::BYTES::UPDATES_IN 153008480
<INFO 7e6d8ebfd6c0> CORE::PARTITIONS_PROCESSED 63
<INFO 7e6d914026c0> CORE::BYTES::UPDATES_OUT 128867640
<INFO 7e6d914026c0> CORE::BYTES::UPDATES_IN 124324440
<INFO 7e6d8bbf76c0> CORE::BYTES::EDGES_STREAMED 422295912
<INFO 7e6d8ebfd6c0> CORE::BYTES::EDGES_STREAMED 415846944
<INFO 7e6d8c3f86c0> CORE::PARTITIONS_PROCESSED 63
<INFO 7e6d904006c0> CORE::PARTITIONS_PROCESSED 66
<INFO 7e6d8fbff6c0> CORE::PARTITIONS_PROCESSED 69
<INFO 7e6d904006c0> CORE::BYTES::EDGES_STREAMED 402202560
<INFO 7e6d904006c0> CORE::BYTES::UPDATES_OUT 132353120
<INFO 7e6d904006c0> CORE::BYTES::UPDATES_IN 124515688
<INFO 7e6d8dbfb6c0> CORE::BYTES::UPDATES_OUT 131993712
<INFO 7e6d8abf56c0> CORE::PARTITIONS_PROCESSED 68
<INFO 7e6d8cbf96c0> CORE::PARTITIONS_PROCESSED 63
<INFO 7e6d8ebfd6c0> CORE::BYTES::UPDATES_OUT 132382736
<INFO 7e6d8b3f66c0> CORE::PARTITIONS_PROCESSED 70
<INFO 7e6d91c036c0> CORE::PARTITIONS_PROCESSED 63
<INFO 7e6d8b3f66c0> CORE::BYTES::EDGES_STREAMED 407875548
<INFO 7e6d8ebfd6c0> CORE::BYTES::UPDATES_IN 131754680
<INFO 7e6d8fbff6c0> CORE::BYTES::EDGES_STREAMED 414202104
<INFO 7e6d8cbf96c0> CORE::BYTES::EDGES_STREAMED 414164340
<INFO 7e6d8abf56c0> CORE::BYTES::EDGES_STREAMED 420982104
<INFO 7e6d8c3f86c0> CORE::BYTES::EDGES_STREAMED 416548980
<INFO 7e6d8bbf76c0> CORE::BYTES::UPDATES_OUT 132485960
<INFO 7e6d91c036c0> CORE::BYTES::EDGES_STREAMED 415367952
<INFO 7e6d8fbff6c0> CORE::BYTES::UPDATES_OUT 135534776
<INFO 7e6d8c3f86c0> CORE::BYTES::UPDATES_OUT 128474496
<INFO 7e6d8abf56c0> CORE::BYTES::UPDATES_OUT 127979816
<INFO 7e6d91c036c0> CORE::BYTES::UPDATES_OUT 131767856
<INFO 7e6d8b3f66c0> CORE::BYTES::UPDATES_OUT 131852048
<INFO 7e6d91c036c0> CORE::BYTES::UPDATES_IN 129821728
<INFO 7e6d8fbff6c0> CORE::BYTES::UPDATES_IN 133103704
<INFO 7e6d8dbfb6c0> CORE::BYTES::UPDATES_IN 138112840
<INFO 7e6d8b3f66c0> CORE::BYTES::UPDATES_IN 134193784
<INFO 7e6d8f3fe6c0> CORE::PARTITIONS_PROCESSED 74
<INFO 7e6d8f3fe6c0> CORE::BYTES::EDGES_STREAMED 420921132
<INFO 7e6d8f3fe6c0> CORE::BYTES::UPDATES_OUT 131959672
<INFO 7e6d8f3fe6c0> CORE::BYTES::UPDATES_IN 135940848
<INFO 7e6d8d3fa6c0> CORE::PARTITIONS_PROCESSED 71
<INFO 7e6d8d3fa6c0> CORE::BYTES::EDGES_STREAMED 457554816
<INFO 7e6d8d3fa6c0> CORE::BYTES::UPDATES_OUT 161659816
<INFO 7e6d8d3fa6c0> CORE::BYTES::UPDATES_IN 161538320
<INFO 7e6d8cbf96c0> CORE::BYTES::UPDATES_OUT 131788944
<INFO 7e6d8cbf96c0> CORE::BYTES::UPDATES_IN 129499504
<INFO 7e6d8bbf76c0> CORE::BYTES::UPDATES_IN 138572800
<INFO 7e6d8c3f86c0> CORE::BYTES::UPDATES_IN 134359896
<INFO 7e6d8abf56c0> CORE::BYTES::UPDATES_IN 137704232
<INFO 7e6f92ac82c0> CORE::RUSAGE::MAX_RSS_KB 8394072
<INFO 7e6f92ac82c0> CORE::RUSAGE::MINFLT 2097514
<INFO 7e6f92ac82c0> CORE::RUSAGE::MAJFLT 0
<INFO 7e6f92ac82c0> CORE::RUSAGE::MAJFLT 0
<INFO 7e6f92ac82c0> CORE::RUSAGE::INBLK 774336
<INFO 7e6f92ac82c0> CORE::RUSAGE::OUBLK 95864
<INFO 7e6f92ac82c0> CORE::UTILS::BYTES_READ 396455936
<INFO 7e6f92ac82c0> CORE::UTILS::BYTES_WRITTEN 49074176
<INFO 7e6f92ac82c0> CORE::TIME::IO_WAIT 0.903003 seconds
<INFO 7e6f92ac82c0> CORE::PHASES 21
<INFO 7e6f92ac82c0> CORE::TIME::SETUP 3.43151 seconds
<INFO 7e6f92ac82c0> CORE::TIME::STATE_ITER 0.041995 seconds
<INFO 7e6f92ac82c0> CORE::TIME::GATHER 1.18399 seconds
<INFO 7e6f92ac82c0> CORE::TIME::SCATTER 2.461 seconds
<INFO 7e6f92ac82c0> TIME_IN_PC_FN 0.75058 seconds
<INFO 7e6f92ac82c0> CORE::TIME::WALL 7.72196 seconds
<INFO 7e6f92ac82c0> SHUTDOWN
