<INFO 763ac8ec42c0> STARTUP
<INFO 763ac8ec42c0> CORE::GRAPH cit-Patents-sym
<INFO 763ac8ec42c0> CORE::ALGORITHM conductance
<INFO 763ac8ec42c0> SG-DRIVER-ORIGINAL
<WARNING 763ac8ec42c0> Disk count not specified, assuming it to be 1
<INFO 763ac8ec42c0> CORE::CONFIG::PROCESSORS 16
<INFO 763ac8ec42c0> CORE::CONFIG::PHYSICAL_MEMORY 8589934592
<INFO 763ac8ec42c0> CORE::CONFIG::VERTICES 3774768
<INFO 763ac8ec42c0> CORE::CONFIG::VERTEX_SIZE 0
<INFO 763ac8ec42c0> CORE::CONFIG::VERTEX_BUFFER 0
<INFO 763ac8ec42c0> CORE::CONFIG::EDGES 33037895
<INFO 763ac8ec42c0> CORE::CONFIG::PARTITIONS 32
<INFO 763ac8ec42c0> CORE::CONFIG::FANOUT 32
<INFO 763ac8ec42c0> CORE::CONFIG::SUPER_PARTITIONS 1
<INFO 763ac8ec42c0> CORE::CONFIG::STREAM_UNIT 16777216
<INFO 763ac8ec42c0> CORE::CONFIG::BUFFER_SIZE 1714626406
<INFO 763ac8ec42c0> CORE::CONFIG::IO_NUMIOQS 1
<INFO 763ac8ec42c0> CORE::CONFIG::MAX_BUFFERS 4
<INFO 763ac8ec42c0> CORE::CONFIG::MAX_STREAMS 5
<WARNING 763ac8ec42c0> No mount point specified for disk0, falling back to current directory
my size is 396454740
<INFO 763ac8ec42c0> ALGORITHM::CONDUCTANCE::VALUE 0.999895
<INFO 763ac8ec42c0> CORE::PARTITIONS_PROCESSED 0
<INFO 763ac8ec42c0> CORE::BYTES::EDGES_STREAMED 24772380
<INFO 763ac8ec42c0> CORE::BYTES::UPDATES_OUT 0
<INFO 763ac8ec42c0> CORE::BYTES::UPDATES_IN 0
<INFO 7638c3ffc6c0> CORE::PARTITIONS_PROCESSED 0
<INFO 7638c57ff6c0> CORE::PARTITIONS_PROCESSED 0
<INFO 7638c57ff6c0> CORE::BYTES::EDGES_STREAMED 24767748
<INFO 7638c70026c0> CORE::PARTITIONS_PROCESSED 0
<INFO 7638c3ffc6c0> CORE::BYTES::EDGES_STREAMED 12420360
<INFO 7638c17f76c0> CORE::PARTITIONS_PROCESSED 0
<INFO 7638c37fb6c0> CORE::PARTITIONS_PROCESSED 0
<INFO 7638c2ffa6c0> CORE::PARTITIONS_PROCESSED 0
<INFO 7638c3ffc6c0> CORE::BYTES::UPDATES_OUT 0
<INFO 7638c17f76c0> CORE::BYTES::EDGES_STREAMED 24712272
<INFO 7638c78036c0> CORE::PARTITIONS_PROCESSED 0
<INFO 7638c37fb6c0> CORE::BYTES::EDGES_STREAMED 37183176
<INFO 7638c70026c0> CORE::BYTES::EDGES_STREAMED 37192596
<INFO 7638c37fb6c0> CORE::BYTES::UPDATES_OUT 0
<INFO 7638c70026c0> CORE::BYTES::UPDATES_OUT 0
<INFO 7638c70026c0> CORE::BYTES::UPDATES_IN 0
<INFO 7638c57ff6c0> CORE::BYTES::UPDATES_OUT 0
<INFO 7638c17f76c0> CORE::BYTES::UPDATES_OUT 0
<INFO 7638c27f96c0> CORE::PARTITIONS_PROCESSED 0
<INFO 7638c3ffc6c0> CORE::BYTES::UPDATES_IN 0
<INFO 7638c78036c0> CORE::BYTES::EDGES_STREAMED 12431928
<INFO 7638c37fb6c0> CORE::BYTES::UPDATES_IN 0
<INFO 7638c78036c0> CORE::BYTES::UPDATES_OUT 0
<INFO 7638c57ff6c0> CORE::BYTES::UPDATES_IN 0
<INFO 7638c17f76c0> CORE::BYTES::UPDATES_IN 0
<INFO 7638c60006c0> CORE::PARTITIONS_PROCESSED 0
<INFO 7638c60006c0> CORE::BYTES::EDGES_STREAMED 24712620
<INFO 7638c60006c0> CORE::BYTES::UPDATES_OUT 0
<INFO 7638c60006c0> CORE::BYTES::UPDATES_IN 0
<INFO 7638c2ffa6c0> CORE::BYTES::EDGES_STREAMED 24734052
<INFO 7638c0ff66c0> CORE::PARTITIONS_PROCESSED 0
<INFO 7638c0ff66c0> CORE::BYTES::EDGES_STREAMED 24752376
<INFO 7638c0ff66c0> CORE::BYTES::UPDATES_OUT 0
<INFO 7638c0ff66c0> CORE::BYTES::UPDATES_IN 0
<INFO 7638c4ffe6c0> CORE::PARTITIONS_PROCESSED 0
<INFO 7638c4ffe6c0> CORE::BYTES::EDGES_STREAMED 24833340
<INFO 7638c4ffe6c0> CORE::BYTES::UPDATES_OUT 0
<INFO 7638c4ffe6c0> CORE::BYTES::UPDATES_IN 0
<INFO 7638c78036c0> CORE::BYTES::UPDATES_IN 0
<INFO 7638c1ff86c0> CORE::PARTITIONS_PROCESSED 0
<INFO 7638c1ff86c0> CORE::BYTES::EDGES_STREAMED 24852036
<INFO 7638c1ff86c0> CORE::BYTES::UPDATES_OUT 0
<INFO 7638c1ff86c0> CORE::BYTES::UPDATES_IN 0
<INFO 7638c80046c0> CORE::PARTITIONS_PROCESSED 0
<INFO 7638c47fd6c0> CORE::PARTITIONS_PROCESSED 0
<INFO 7638c80046c0> CORE::BYTES::EDGES_STREAMED 24799944
<INFO 7638c47fd6c0> CORE::BYTES::EDGES_STREAMED 24771312
<INFO 7638c47fd6c0> CORE::BYTES::UPDATES_OUT 0
<INFO 7638c47fd6c0> CORE::BYTES::UPDATES_IN 0
<INFO 7638c80046c0> CORE::BYTES::UPDATES_OUT 0
<INFO 7638c80046c0> CORE::BYTES::UPDATES_IN 0
<INFO 7638c27f96c0> CORE::BYTES::EDGES_STREAMED 24773844
<INFO 7638c27f96c0> CORE::BYTES::UPDATES_OUT 0
<INFO 7638c27f96c0> CORE::BYTES::UPDATES_IN 0
<INFO 7638c2ffa6c0> CORE::BYTES::UPDATES_OUT 0
<INFO 7638c2ffa6c0> CORE::BYTES::UPDATES_IN 0
<INFO 7638c68016c0> CORE::PARTITIONS_PROCESSED 0
<INFO 7638c68016c0> CORE::BYTES::EDGES_STREAMED 24744756
<INFO 7638c68016c0> CORE::BYTES::UPDATES_OUT 0
<INFO 7638c68016c0> CORE::BYTES::UPDATES_IN 0
<INFO 763ac8ec42c0> CORE::RUSAGE::MAX_RSS_KB 8394156
<INFO 763ac8ec42c0> CORE::RUSAGE::MINFLT 2097512
<INFO 763ac8ec42c0> CORE::RUSAGE::MAJFLT 0
<INFO 763ac8ec42c0> CORE::RUSAGE::MAJFLT 0
<INFO 763ac8ec42c0> CORE::RUSAGE::INBLK 774328
<INFO 763ac8ec42c0> CORE::RUSAGE::OUBLK 16
<INFO 763ac8ec42c0> CORE::UTILS::BYTES_READ 396455936
<INFO 763ac8ec42c0> CORE::UTILS::BYTES_WRITTEN 0
<INFO 763ac8ec42c0> CORE::TIME::IO_WAIT 0.932033 seconds
<INFO 763ac8ec42c0> CORE::PHASES 2
<INFO 763ac8ec42c0> CORE::TIME::SETUP 3.44702 seconds
<INFO 763ac8ec42c0> CORE::TIME::STATE_ITER 0.037319 seconds
<INFO 763ac8ec42c0> CORE::TIME::GATHER 2e-06 seconds
<INFO 763ac8ec42c0> CORE::TIME::SCATTER 1.124 seconds
<INFO 763ac8ec42c0> TIME_IN_PC_FN 0.020096 seconds
<INFO 763ac8ec42c0> CORE::TIME::WALL 4.68663 seconds
<INFO 763ac8ec42c0> SHUTDOWN
