<INFO 73c15baee2c0> STARTUP
<INFO 73c15baee2c0> CORE::GRAPH cit-Patents-dir
<INFO 73c15baee2c0> CORE::ALGORITHM spmv
<INFO 73c15baee2c0> SG-DRIVER-ORIGINAL
<WARNING 73c15baee2c0> Disk count not specified, assuming it to be 1
<INFO 73c15baee2c0> CORE::CONFIG::PROCESSORS 16
<INFO 73c15baee2c0> CORE::CONFIG::PHYSICAL_MEMORY 8589934592
<INFO 73c15baee2c0> CORE::CONFIG::VERTICES 3774768
<INFO 73c15baee2c0> CORE::CONFIG::VERTEX_SIZE 8
<INFO 73c15baee2c0> CORE::CONFIG::VERTEX_BUFFER 30199808
<INFO 73c15baee2c0> CORE::CONFIG::EDGES 16518948
<INFO 73c15baee2c0> CORE::CONFIG::PARTITIONS 64
<INFO 73c15baee2c0> CORE::CONFIG::FANOUT 64
<INFO 73c15baee2c0> CORE::CONFIG::SUPER_PARTITIONS 1
<INFO 73c15baee2c0> CORE::CONFIG::STREAM_UNIT 16777216
<INFO 73c15baee2c0> CORE::CONFIG::BUFFER_SIZE 1708585984
<INFO 73c15baee2c0> CORE::CONFIG::IO_NUMIOQS 1
<INFO 73c15baee2c0> CORE::CONFIG::MAX_BUFFERS 4
<INFO 73c15baee2c0> CORE::CONFIG::MAX_STREAMS 5
<WARNING 73c15baee2c0> No mount point specified for disk0, falling back to current directory
my size is 198227376
<INFO 73c15baee2c0> CORE::PARTITIONS_PROCESSED 5
<INFO 73c15baee2c0> CORE::BYTES::EDGES_STREAMED 12403680
<INFO 73c15baee2c0> CORE::BYTES::UPDATES_OUT 8269120
<INFO 73c15baee2c0> CORE::BYTES::UPDATES_IN 10305896
<INFO 73bf54bf56c0> CORE::PARTITIONS_PROCESSED 5
<INFO 73bf573fa6c0> CORE::PARTITIONS_PROCESSED 3
<INFO 73bf553f66c0> CORE::PARTITIONS_PROCESSED 5
<INFO 73bf573fa6c0> CORE::BYTES::EDGES_STREAMED 12394524
<INFO 73bf553f66c0> CORE::BYTES::EDGES_STREAMED 12387528
<INFO 73bf573fa6c0> CORE::BYTES::UPDATES_OUT 8263016
<INFO 73bf573fa6c0> CORE::BYTES::UPDATES_IN 6183376
<INFO 73bf553f66c0> CORE::BYTES::UPDATES_OUT 8258352
<INFO 73bf553f66c0> CORE::BYTES::UPDATES_IN 10368904
<INFO 73bf54bf56c0> CORE::BYTES::EDGES_STREAMED 12427428
<INFO 73bf53bf36c0> CORE::PARTITIONS_PROCESSED 5
<INFO 73bf59bff6c0> CORE::PARTITIONS_PROCESSED 3
<INFO 73bf54bf56c0> CORE::BYTES::UPDATES_OUT 8284952
<INFO 73bf543f46c0> CORE::PARTITIONS_PROCESSED 4
<INFO 73bf54bf56c0> CORE::BYTES::UPDATES_IN 10350888
<INFO 73bf543f46c0> CORE::BYTES::EDGES_STREAMED 12353940
<INFO 73bf5ac016c0> CORE::PARTITIONS_PROCESSED 5
<INFO 73bf53bf36c0> CORE::BYTES::EDGES_STREAMED 12402936
<INFO 73bf543f46c0> CORE::BYTES::UPDATES_OUT 8235960
<INFO 73bf55bf76c0> CORE::PARTITIONS_PROCESSED 5
<INFO 73bf53bf36c0> CORE::BYTES::UPDATES_OUT 8268624
<INFO 73bf53bf36c0> CORE::BYTES::UPDATES_IN 10299312
<INFO 73bf5a4006c0> CORE::PARTITIONS_PROCESSED 4
<INFO 73bf55bf76c0> CORE::BYTES::EDGES_STREAMED 12363024
<INFO 73bf563f86c0> CORE::PARTITIONS_PROCESSED 4
<INFO 73bf5ac016c0> CORE::BYTES::EDGES_STREAMED 12386940
<INFO 73bf543f46c0> CORE::BYTES::UPDATES_IN 8238888
<INFO 73bf563f86c0> CORE::BYTES::EDGES_STREAMED 12351144
<INFO 73bf5a4006c0> CORE::BYTES::EDGES_STREAMED 12390816
<INFO 73bf56bf96c0> CORE::PARTITIONS_PROCESSED 4
<INFO 73bf59bff6c0> CORE::BYTES::EDGES_STREAMED 12412680
<INFO 73bf593fe6c0> CORE::PARTITIONS_PROCESSED 3
<INFO 73bf56bf96c0> CORE::BYTES::EDGES_STREAMED 12344340
<INFO 73bf593fe6c0> CORE::BYTES::EDGES_STREAMED 12382188
<INFO 73bf5ac016c0> CORE::BYTES::UPDATES_OUT 8257960
<INFO 73bf59bff6c0> CORE::BYTES::UPDATES_OUT 8275120
<INFO 73bf57bfb6c0> CORE::PARTITIONS_PROCESSED 3
<INFO 73bf5ac016c0> CORE::BYTES::UPDATES_IN 10336632
<INFO 73bf56bf96c0> CORE::BYTES::UPDATES_OUT 8229560
<INFO 73bf59bff6c0> CORE::BYTES::UPDATES_IN 6226728
<INFO 73bf56bf96c0> CORE::BYTES::UPDATES_IN 8277984
<INFO 73bf55bf76c0> CORE::BYTES::UPDATES_OUT 8242016
<INFO 73bf55bf76c0> CORE::BYTES::UPDATES_IN 10313944
<INFO 73bf583fc6c0> CORE::PARTITIONS_PROCESSED 3
<INFO 73bf5a4006c0> CORE::BYTES::UPDATES_OUT 8260544
<INFO 73bf58bfd6c0> CORE::PARTITIONS_PROCESSED 3
<INFO 73bf5a4006c0> CORE::BYTES::UPDATES_IN 8268960
<INFO 73bf58bfd6c0> CORE::BYTES::EDGES_STREAMED 12392448
<INFO 73bf58bfd6c0> CORE::BYTES::UPDATES_OUT 8261632
<INFO 73bf58bfd6c0> CORE::BYTES::UPDATES_IN 6153360
<INFO 73bf583fc6c0> CORE::BYTES::EDGES_STREAMED 12423048
<INFO 73bf593fe6c0> CORE::BYTES::UPDATES_OUT 8254792
<INFO 73bf593fe6c0> CORE::BYTES::UPDATES_IN 6179736
<INFO 73bf583fc6c0> CORE::BYTES::UPDATES_OUT 8282032
<INFO 73bf583fc6c0> CORE::BYTES::UPDATES_IN 6179352
<INFO 73bf563f86c0> CORE::BYTES::UPDATES_OUT 8234096
<INFO 73bf563f86c0> CORE::BYTES::UPDATES_IN 8252224
<INFO 73bf57bfb6c0> CORE::BYTES::EDGES_STREAMED 12410712
<INFO 73bf57bfb6c0> CORE::BYTES::UPDATES_OUT 8273808
<INFO 73bf57bfb6c0> CORE::BYTES::UPDATES_IN 6215400
<INFO 73c15baee2c0> CORE::RUSAGE::MAX_RSS_KB 8394140
<INFO 73c15baee2c0> CORE::RUSAGE::MINFLT 2097524
<INFO 73c15baee2c0> CORE::RUSAGE::MAJFLT 0
<INFO 73c15baee2c0> CORE::RUSAGE::MAJFLT 0
<INFO 73c15baee2c0> CORE::RUSAGE::INBLK 387168
<INFO 73c15baee2c0> CORE::RUSAGE::OUBLK 59000
<INFO 73c15baee2c0> CORE::UTILS::BYTES_READ 198230016
<INFO 73c15baee2c0> CORE::UTILS::BYTES_WRITTEN 30199808
<INFO 73c15baee2c0> CORE::TIME::IO_WAIT 0.465107 seconds
<INFO 73c15baee2c0> CORE::PHASES 2
<INFO 73c15baee2c0> CORE::TIME::SETUP 3.4349 seconds
<INFO 73c15baee2c0> CORE::TIME::STATE_ITER 0.042615 seconds
<INFO 73c15baee2c0> CORE::TIME::GATHER 0.060437 seconds
<INFO 73c15baee2c0> CORE::TIME::SCATTER 0.523001 seconds
<INFO 73c15baee2c0> TIME_IN_PC_FN 0.028181 seconds
<INFO 73c15baee2c0> CORE::TIME::WALL 4.16482 seconds
<INFO 73c15baee2c0> SHUTDOWN
