<INFO 71e150d2f2c0> STARTUP
<INFO 71e150d2f2c0> CORE::GRAPH cit-Patents-dir
<INFO 71e150d2f2c0> CORE::ALGORITHM pagerank
<INFO 71e150d2f2c0> SG-DRIVER-ORIGINAL
<WARNING 71e150d2f2c0> Disk count not specified, assuming it to be 1
<INFO 71e150d2f2c0> CORE::CONFIG::PROCESSORS 16
<INFO 71e150d2f2c0> CORE::CONFIG::PHYSICAL_MEMORY 8589934592
<INFO 71e150d2f2c0> CORE::CONFIG::VERTICES 3774768
<INFO 71e150d2f2c0> CORE::CONFIG::VERTEX_SIZE 12
<INFO 71e150d2f2c0> CORE::CONFIG::VERTEX_BUFFER 45297664
<INFO 71e150d2f2c0> CORE::CONFIG::EDGES 16518948
<INFO 71e150d2f2c0> CORE::CONFIG::PARTITIONS 64
<INFO 71e150d2f2c0> CORE::CONFIG::FANOUT 64
<INFO 71e150d2f2c0> CORE::CONFIG::SUPER_PARTITIONS 1
<INFO 71e150d2f2c0> CORE::CONFIG::STREAM_UNIT 16777216
<INFO 71e150d2f2c0> CORE::CONFIG::BUFFER_SIZE 1705566412
<INFO 71e150d2f2c0> CORE::CONFIG::IO_NUMIOQS 1
<INFO 71e150d2f2c0> CORE::CONFIG::MAX_BUFFERS 4
<INFO 71e150d2f2c0> CORE::CONFIG::MAX_STREAMS 5
<WARNING 71e150d2f2c0> No mount point specified for disk0, falling back to current directory
my size is 198227376
<INFO 71e150d2f2c0> CORE::PARTITIONS_PROCESSED 86
<INFO 71e150d2f2c0> CORE::BYTES::EDGES_STREAMED 334889904
<INFO 71e150d2f2c0> CORE::BYTES::UPDATES_OUT 206762352
<INFO 71e150d2f2c0> CORE::BYTES::UPDATES_IN 177380064
<INFO 71df4edfe6c0> CORE::PARTITIONS_PROCESSED 74
<INFO 71df4b5f76c0> CORE::PARTITIONS_PROCESSED 79
<INFO 71df49df46c0> CORE::PARTITIONS_PROCESSED 70
<INFO 71df4ddfc6c0> CORE::PARTITIONS_PROCESSED 83
<INFO 71df4adf66c0> CORE::PARTITIONS_PROCESSED 71
<INFO 71df4edfe6c0> CORE::BYTES::EDGES_STREAMED 254471160
<INFO 71df4f5ff6c0> CORE::PARTITIONS_PROCESSED 81
<INFO 71df49df46c0> CORE::BYTES::EDGES_STREAMED 236152248
<INFO 71df4ddfc6c0> CORE::BYTES::EDGES_STREAMED 281763084
<INFO 71df4ddfc6c0> CORE::BYTES::UPDATES_OUT 179580424
<INFO 71df4ddfc6c0> CORE::BYTES::UPDATES_IN 170474264
<INFO 71df4edfe6c0> CORE::BYTES::UPDATES_OUT 159316016
<INFO 71df4adf66c0> CORE::BYTES::EDGES_STREAMED 256893408
<INFO 71df4adf66c0> CORE::BYTES::UPDATES_OUT 165091488
<INFO 71df49df46c0> CORE::BYTES::UPDATES_OUT 151227696
<INFO 71df4f5ff6c0> CORE::BYTES::EDGES_STREAMED 272467332
<INFO 71df4cdfa6c0> CORE::PARTITIONS_PROCESSED 89
<INFO 71df4b5f76c0> CORE::BYTES::EDGES_STREAMED 277972740
<INFO 71df4b5f76c0> CORE::BYTES::UPDATES_OUT 175011328
<INFO 71df4adf66c0> CORE::BYTES::UPDATES_IN 146388400
<INFO 71df4f5ff6c0> CORE::BYTES::UPDATES_OUT 165124264
<INFO 71df4cdfa6c0> CORE::BYTES::EDGES_STREAMED 279183012
<INFO 71df4edfe6c0> CORE::BYTES::UPDATES_IN 153287056
<INFO 71df49df46c0> CORE::BYTES::UPDATES_IN 144808936
<INFO 71df4d5fb6c0> CORE::PARTITIONS_PROCESSED 76
<INFO 71df4a5f56c0> CORE::PARTITIONS_PROCESSED 98
<INFO 71df48df26c0> CORE::PARTITIONS_PROCESSED 80
<INFO 71df4cdfa6c0> CORE::BYTES::UPDATES_OUT 169571304
<INFO 71df4fe006c0> CORE::PARTITIONS_PROCESSED 69
<INFO 71df4d5fb6c0> CORE::BYTES::EDGES_STREAMED 269962716
<INFO 71df4f5ff6c0> CORE::BYTES::UPDATES_IN 167400600
<INFO 71df495f36c0> CORE::PARTITIONS_PROCESSED 74
<INFO 71df4b5f76c0> CORE::BYTES::UPDATES_IN 163005000
<INFO 71df48df26c0> CORE::BYTES::EDGES_STREAMED 263266740
<INFO 71df48df26c0> CORE::BYTES::UPDATES_OUT 169313512
<INFO 71df4e5fd6c0> CORE::PARTITIONS_PROCESSED 91
<INFO 71df4d5fb6c0> CORE::BYTES::UPDATES_OUT 173758320
<INFO 71df4e5fd6c0> CORE::BYTES::EDGES_STREAMED 269498244
<INFO 71df4a5f56c0> CORE::BYTES::EDGES_STREAMED 309904500
<INFO 71df4fe006c0> CORE::BYTES::EDGES_STREAMED 260183220
<INFO 71df4cdfa6c0> CORE::BYTES::UPDATES_IN 184203264
<INFO 71df4d5fb6c0> CORE::BYTES::UPDATES_IN 156536120
<INFO 71df4a5f56c0> CORE::BYTES::UPDATES_OUT 200403664
<INFO 71df4a5f56c0> CORE::BYTES::UPDATES_IN 203459608
<INFO 71df4bdf86c0> CORE::PARTITIONS_PROCESSED 84
<INFO 71df4bdf86c0> CORE::BYTES::EDGES_STREAMED 290203116
<INFO 71df4bdf86c0> CORE::BYTES::UPDATES_OUT 187287488
<INFO 71df4bdf86c0> CORE::BYTES::UPDATES_IN 173883120
<INFO 71df4fe006c0> CORE::BYTES::UPDATES_OUT 167250832
<INFO 71df4fe006c0> CORE::BYTES::UPDATES_IN 142693392
<INFO 71df495f36c0> CORE::BYTES::EDGES_STREAMED 243903564
<INFO 71df495f36c0> CORE::BYTES::UPDATES_OUT 156436152
<INFO 71df48df26c0> CORE::BYTES::UPDATES_IN 164869216
<INFO 71df495f36c0> CORE::BYTES::UPDATES_IN 152347784
<INFO 71df4e5fd6c0> CORE::BYTES::UPDATES_OUT 177594544
<INFO 71df4e5fd6c0> CORE::BYTES::UPDATES_IN 187593672
<INFO 71df4c5f96c0> CORE::PARTITIONS_PROCESSED 75
<INFO 71df4c5f96c0> CORE::BYTES::EDGES_STREAMED 260287284
<INFO 71df4c5f96c0> CORE::BYTES::UPDATES_OUT 171453880
<INFO 71df4c5f96c0> CORE::BYTES::UPDATES_IN 154701184
<INFO 71e150d2f2c0> CORE::RUSAGE::MAX_RSS_KB 8393964
<INFO 71e150d2f2c0> CORE::RUSAGE::MINFLT 2097519
<INFO 71e150d2f2c0> CORE::RUSAGE::MAJFLT 0
<INFO 71e150d2f2c0> CORE::RUSAGE::MAJFLT 0
<INFO 71e150d2f2c0> CORE::RUSAGE::INBLK 387168
<INFO 71e150d2f2c0> CORE::RUSAGE::OUBLK 88488
<INFO 71e150d2f2c0> CORE::UTILS::BYTES_READ 198230016
<INFO 71e150d2f2c0> CORE::UTILS::BYTES_WRITTEN 45297664
<INFO 71e150d2f2c0> CORE::TIME::IO_WAIT 0.536187 seconds
<INFO 71e150d2f2c0> CORE::PHASES 22
<INFO 71e150d2f2c0> CORE::TIME::SETUP 3.56343 seconds
<INFO 71e150d2f2c0> CORE::TIME::STATE_ITER 0.503101 seconds
<INFO 71e150d2f2c0> CORE::TIME::GATHER 1.51568 seconds
<INFO 71e150d2f2c0> CORE::TIME::SCATTER 2.6588 seconds
<INFO 71e150d2f2c0> TIME_IN_PC_FN 0.696475 seconds
<INFO 71e150d2f2c0> CORE::TIME::WALL 9.09921 seconds
<INFO 71e150d2f2c0> SHUTDOWN
