<INFO 7fe69675c2c0> STARTUP
<INFO 7fe69675c2c0> CORE::GRAPH cit-Patents-dir
<INFO 7fe69675c2c0> CORE::ALGORITHM scc
<WARNING 7fe69675c2c0> Disk count not specified, assuming it to be 1
<INFO 7fe69675c2c0> CORE::CONFIG::PROCESSORS 16
<INFO 7fe69675c2c0> CORE::CONFIG::PHYSICAL_MEMORY 8589934592
<INFO 7fe69675c2c0> CORE::CONFIG::VERTICES 3774768
<INFO 7fe69675c2c0> CORE::CONFIG::VERTEX_SIZE 16
<INFO 7fe69675c2c0> CORE::CONFIG::VERTEX_BUFFER 60399616
<INFO 7fe69675c2c0> CORE::CONFIG::EDGES 16518948
<INFO 7fe69675c2c0> CORE::CONFIG::PARTITIONS 128
<INFO 7fe69675c2c0> CORE::CONFIG::FANOUT 128
<INFO 7fe69675c2c0> CORE::CONFIG::SUPER_PARTITIONS 1
<INFO 7fe69675c2c0> CORE::CONFIG::STREAM_UNIT 16777216
<INFO 7fe69675c2c0> CORE::CONFIG::BUFFER_SIZE 1702545100
<INFO 7fe69675c2c0> CORE::CONFIG::IO_NUMIOQS 1
<INFO 7fe69675c2c0> CORE::CONFIG::MAX_BUFFERS 4
<INFO 7fe69675c2c0> CORE::CONFIG::MAX_STREAMS 5
<WARNING 7fe69675c2c0> No mount point specified for disk0, falling back to current directory
my size is 198227376
<INFO 7fe69675c2c0> CORE::RUSAGE::MAX_RSS_KB 8394148
<INFO 7fe69675c2c0> CORE::RUSAGE::MINFLT 2097496
<INFO 7fe69675c2c0> CORE::RUSAGE::MAJFLT 0
<INFO 7fe69675c2c0> CORE::RUSAGE::MAJFLT 0
<INFO 7fe69675c2c0> CORE::RUSAGE::INBLK 387176
<INFO 7fe69675c2c0> CORE::RUSAGE::OUBLK 8
<INFO 7fe69675c2c0> CORE::UTILS::BYTES_READ 198230016
<INFO 7fe69675c2c0> CORE::UTILS::BYTES_WRITTEN 0
<INFO 7fe69675c2c0> CORE::TIME::IO_WAIT 0.4094 seconds
<INFO 7fe69675c2c0> ALGORITHM::SCC_COUNT 3774767
<INFO 7fe69675c2c0> CORE::TIME::SETUP 3.43212 seconds
<INFO 7fe69675c2c0> CORE::TIME::WALL 6.95852 seconds
<INFO 7fe69675c2c0> SHUTDOWN
