<INFO 7e44afcad2c0> STARTUP
<INFO 7e44afcad2c0> CORE::GRAPH cit-Patents-dir
<INFO 7e44afcad2c0> CORE::ALGORITHM sssp
<INFO 7e44afcad2c0> SG-DRIVER-ORIGINAL
<WARNING 7e44afcad2c0> Disk count not specified, assuming it to be 1
<INFO 7e44afcad2c0> CORE::CONFIG::PROCESSORS 16
<INFO 7e44afcad2c0> CORE::CONFIG::PHYSICAL_MEMORY 8589934592
<INFO 7e44afcad2c0> CORE::CONFIG::VERTICES 3774768
<INFO 7e44afcad2c0> CORE::CONFIG::VERTEX_SIZE 16
<INFO 7e44afcad2c0> CORE::CONFIG::VERTEX_BUFFER 60399616
<INFO 7e44afcad2c0> CORE::CONFIG::EDGES 16518948
<INFO 7e44afcad2c0> CORE::CONFIG::PARTITIONS 128
<INFO 7e44afcad2c0> CORE::CONFIG::FANOUT 128
<INFO 7e44afcad2c0> CORE::CONFIG::SUPER_PARTITIONS 1
<INFO 7e44afcad2c0> CORE::CONFIG::STREAM_UNIT 16777216
<INFO 7e44afcad2c0> CORE::CONFIG::BUFFER_SIZE 1702545100
<INFO 7e44afcad2c0> CORE::CONFIG::IO_NUMIOQS 1
<INFO 7e44afcad2c0> CORE::CONFIG::MAX_BUFFERS 4
<INFO 7e44afcad2c0> CORE::CONFIG::MAX_STREAMS 5
<WARNING 7e44afcad2c0> No mount point specified for disk0, falling back to current directory
my size is 198227376
<INFO 7e44afcad2c0> CORE::PARTITIONS_PROCESSED 0
<INFO 7e44afcad2c0> CORE::BYTES::EDGES_STREAMED 1574952
<INFO 7e44afcad2c0> CORE::BYTES::UPDATES_OUT 0
<INFO 7e44afcad2c0> CORE::BYTES::UPDATES_IN 0
<INFO 7e42aa5fa6c0> CORE::PARTITIONS_PROCESSED 0
<INFO 7e42a9df96c0> CORE::PARTITIONS_PROCESSED 0
<INFO 7e42a9df96c0> CORE::BYTES::EDGES_STREAMED 0
<INFO 7e42a8df76c0> CORE::PARTITIONS_PROCESSED 0
<INFO 7e42a95f86c0> CORE::PARTITIONS_PROCESSED 0
<INFO 7e42aa5fa6c0> CORE::BYTES::EDGES_STREAMED 0
<INFO 7e42ae6026c0> CORE::PARTITIONS_PROCESSED 0
<INFO 7e42a85f66c0> CORE::PARTITIONS_PROCESSED 0
<INFO 7e42a8df76c0> CORE::BYTES::EDGES_STREAMED 0
<INFO 7e42a8df76c0> CORE::BYTES::UPDATES_OUT 0
<INFO 7e42a85f66c0> CORE::BYTES::EDGES_STREAMED 0
<INFO 7e42a8df76c0> CORE::BYTES::UPDATES_IN 0
<INFO 7e42a9df96c0> CORE::BYTES::UPDATES_OUT 0
<INFO 7e42abdfd6c0> CORE::PARTITIONS_PROCESSED 0
<INFO 7e42aa5fa6c0> CORE::BYTES::UPDATES_OUT 0
<INFO 7e42abdfd6c0> CORE::BYTES::EDGES_STREAMED 0
<INFO 7e42a7df56c0> CORE::PARTITIONS_PROCESSED 0
<INFO 7e42a95f86c0> CORE::BYTES::EDGES_STREAMED 0
<INFO 7e42aa5fa6c0> CORE::BYTES::UPDATES_IN 0
<INFO 7e42a95f86c0> CORE::BYTES::UPDATES_OUT 0
<INFO 7e42a9df96c0> CORE::BYTES::UPDATES_IN 0
<INFO 7e42ac5fe6c0> CORE::PARTITIONS_PROCESSED 0
<INFO 7e42abdfd6c0> CORE::BYTES::UPDATES_OUT 0
<INFO 7e42acdff6c0> CORE::PARTITIONS_PROCESSED 0
<INFO 7e42aadfb6c0> CORE::PARTITIONS_PROCESSED 0
<INFO 7e42aadfb6c0> CORE::BYTES::EDGES_STREAMED 0
<INFO 7e42abdfd6c0> CORE::BYTES::UPDATES_IN 0
<INFO 7e42ac5fe6c0> CORE::BYTES::EDGES_STREAMED 0
<INFO 7e42a95f86c0> CORE::BYTES::UPDATES_IN 0
<INFO 7e42ac5fe6c0> CORE::BYTES::UPDATES_OUT 0
<INFO 7e42aee036c0> CORE::PARTITIONS_PROCESSED 0
<INFO 7e42ac5fe6c0> CORE::BYTES::UPDATES_IN 0
<INFO 7e42aadfb6c0> CORE::BYTES::UPDATES_OUT 0
<INFO 7e42acdff6c0> CORE::BYTES::EDGES_STREAMED 0
<INFO 7e42acdff6c0> CORE::BYTES::UPDATES_OUT 0
<INFO 7e42acdff6c0> CORE::BYTES::UPDATES_IN 0
<INFO 7e42ab5fc6c0> CORE::PARTITIONS_PROCESSED 0
<INFO 7e42ab5fc6c0> CORE::BYTES::EDGES_STREAMED 0
<INFO 7e42ab5fc6c0> CORE::BYTES::UPDATES_OUT 0
<INFO 7e42ab5fc6c0> CORE::BYTES::UPDATES_IN 0
<INFO 7e42aadfb6c0> CORE::BYTES::UPDATES_IN 0
<INFO 7e42aee036c0> CORE::BYTES::EDGES_STREAMED 0
<INFO 7e42aee036c0> CORE::BYTES::UPDATES_OUT 0
<INFO 7e42aee036c0> CORE::BYTES::UPDATES_IN 0
<INFO 7e42a85f66c0> CORE::BYTES::UPDATES_OUT 0
<INFO 7e42ae6026c0> CORE::BYTES::EDGES_STREAMED 0
<INFO 7e42ade016c0> CORE::PARTITIONS_PROCESSED 0
<INFO 7e42ade016c0> CORE::BYTES::EDGES_STREAMED 0
<INFO 7e42ade016c0> CORE::BYTES::UPDATES_OUT 0
<INFO 7e42ade016c0> CORE::BYTES::UPDATES_IN 0
<INFO 7e42ad6006c0> CORE::PARTITIONS_PROCESSED 0
<INFO 7e42ad6006c0> CORE::BYTES::EDGES_STREAMED 0
<INFO 7e42ad6006c0> CORE::BYTES::UPDATES_OUT 0
<INFO 7e42ad6006c0> CORE::BYTES::UPDATES_IN 0
<INFO 7e42ae6026c0> CORE::BYTES::UPDATES_OUT 0
<INFO 7e42ae6026c0> CORE::BYTES::UPDATES_IN 0
<INFO 7e42a85f66c0> CORE::BYTES::UPDATES_IN 0
<INFO 7e42a7df56c0> CORE::BYTES::EDGES_STREAMED 0
<INFO 7e42a7df56c0> CORE::BYTES::UPDATES_OUT 0
<INFO 7e42a7df56c0> CORE::BYTES::UPDATES_IN 0
<INFO 7e44afcad2c0> CORE::RUSAGE::MAX_RSS_KB 8394244
<INFO 7e44afcad2c0> CORE::RUSAGE::MINFLT 2097522
<INFO 7e44afcad2c0> CORE::RUSAGE::MAJFLT 0
<INFO 7e44afcad2c0> CORE::RUSAGE::MAJFLT 0
<INFO 7e44afcad2c0> CORE::RUSAGE::INBLK 387168
<INFO 7e44afcad2c0> CORE::RUSAGE::OUBLK 117984
<INFO 7e44afcad2c0> CORE::UTILS::BYTES_READ 198230016
<INFO 7e44afcad2c0> CORE::UTILS::BYTES_WRITTEN 60399616
<INFO 7e44afcad2c0> CORE::TIME::IO_WAIT 0.567998 seconds
<INFO 7e44afcad2c0> CORE::PHASES 2
<INFO 7e44afcad2c0> CORE::TIME::SETUP 3.43997 seconds
<INFO 7e44afcad2c0> CORE::TIME::STATE_ITER 0.008086 seconds
<INFO 7e44afcad2c0> CORE::TIME::GATHER 1e-06 seconds
<INFO 7e44afcad2c0> CORE::TIME::SCATTER 0.560001 seconds
<INFO 7e44afcad2c0> TIME_IN_PC_FN 0.000305 seconds
<INFO 7e44afcad2c0> CORE::TIME::WALL 4.2382 seconds
<INFO 7e44afcad2c0> SHUTDOWN
