<INFO 799f2cd1f2c0> STARTUP
<INFO 799f2cd1f2c0> CORE::GRAPH cit-Patents-dir
<INFO 799f2cd1f2c0> CORE::ALGORITHM spmv
<INFO 799f2cd1f2c0> SG-DRIVER-ORIGINAL
<WARNING 799f2cd1f2c0> Disk count not specified, assuming it to be 1
<INFO 799f2cd1f2c0> CORE::CONFIG::PROCESSORS 16
<INFO 799f2cd1f2c0> CORE::CONFIG::PHYSICAL_MEMORY 8589934592
<INFO 799f2cd1f2c0> CORE::CONFIG::VERTICES 3774768
<INFO 799f2cd1f2c0> CORE::CONFIG::VERTEX_SIZE 8
<INFO 799f2cd1f2c0> CORE::CONFIG::VERTEX_BUFFER 30199808
<INFO 799f2cd1f2c0> CORE::CONFIG::EDGES 16518948
<INFO 799f2cd1f2c0> CORE::CONFIG::PARTITIONS 64
<INFO 799f2cd1f2c0> CORE::CONFIG::FANOUT 64
<INFO 799f2cd1f2c0> CORE::CONFIG::SUPER_PARTITIONS 1
<INFO 799f2cd1f2c0> CORE::CONFIG::STREAM_UNIT 16777216
<INFO 799f2cd1f2c0> CORE::CONFIG::BUFFER_SIZE 1708585984
<INFO 799f2cd1f2c0> CORE::CONFIG::IO_NUMIOQS 1
<INFO 799f2cd1f2c0> CORE::CONFIG::MAX_BUFFERS 4
<INFO 799f2cd1f2c0> CORE::CONFIG::MAX_STREAMS 5
<WARNING 799f2cd1f2c0> No mount point specified for disk0, falling back to current directory
my size is 198227376
<INFO 799f2cd1f2c0> CORE::PARTITIONS_PROCESSED 3
<INFO 799f2cd1f2c0> CORE::BYTES::EDGES_STREAMED 12403680
<INFO 799f2cd1f2c0> CORE::BYTES::UPDATES_OUT 8269120
<INFO 799f2cd1f2c0> CORE::BYTES::UPDATES_IN 6180928
<INFO 799d2be016c0> CORE::PARTITIONS_PROCESSED 5
<INFO 799d2adff6c0> CORE::PARTITIONS_PROCESSED 3
<INFO 799d2be016c0> CORE::BYTES::EDGES_STREAMED 12376020
<INFO 799d27df96c0> CORE::PARTITIONS_PROCESSED 4
<INFO 799d27df96c0> CORE::BYTES::EDGES_STREAMED 12344340
<INFO 799d295fc6c0> CORE::PARTITIONS_PROCESSED 4
<INFO 799d2be016c0> CORE::BYTES::UPDATES_OUT 8250680
<INFO 799d2be016c0> CORE::BYTES::UPDATES_IN 10340208
<INFO 799d295fc6c0> CORE::BYTES::EDGES_STREAMED 12430392
<INFO 799d2adff6c0> CORE::BYTES::EDGES_STREAMED 12412680
<INFO 799d26df76c0> CORE::PARTITIONS_PROCESSED 4
<INFO 799d2adff6c0> CORE::BYTES::UPDATES_OUT 8275120
<INFO 799d28dfb6c0> CORE::PARTITIONS_PROCESSED 4
<INFO 799d28dfb6c0> CORE::BYTES::EDGES_STREAMED 9305556
<INFO 799d295fc6c0> CORE::BYTES::UPDATES_OUT 8286928
<INFO 799d295fc6c0> CORE::BYTES::UPDATES_IN 8246048
<INFO 799d25df56c0> CORE::PARTITIONS_PROCESSED 4
<INFO 799d255f46c0> CORE::PARTITIONS_PROCESSED 3
<INFO 799d27df96c0> CORE::BYTES::UPDATES_OUT 8229560
<INFO 799d26df76c0> CORE::BYTES::EDGES_STREAMED 12363024
<INFO 799d25df56c0> CORE::BYTES::EDGES_STREAMED 9314340
<INFO 799d285fa6c0> CORE::PARTITIONS_PROCESSED 3
<INFO 799d255f46c0> CORE::BYTES::EDGES_STREAMED 12353940
<INFO 799d27df96c0> CORE::BYTES::UPDATES_IN 8277984
<INFO 799d255f46c0> CORE::BYTES::UPDATES_OUT 8235960
<INFO 799d255f46c0> CORE::BYTES::UPDATES_IN 6172192
<INFO 799d265f66c0> CORE::PARTITIONS_PROCESSED 4
<INFO 799d28dfb6c0> CORE::BYTES::UPDATES_OUT 6203704
<INFO 799d26df76c0> CORE::BYTES::UPDATES_OUT 8242016
<INFO 799d26df76c0> CORE::BYTES::UPDATES_IN 8247352
<INFO 799d285fa6c0> CORE::BYTES::EDGES_STREAMED 12394524
<INFO 799d285fa6c0> CORE::BYTES::UPDATES_OUT 8263016
<INFO 799d285fa6c0> CORE::BYTES::UPDATES_IN 6183376
<INFO 799d25df56c0> CORE::BYTES::UPDATES_OUT 6209560
<INFO 799d25df56c0> CORE::BYTES::UPDATES_IN 8283072
<INFO 799d2a5fe6c0> CORE::PARTITIONS_PROCESSED 3
<INFO 799d2a5fe6c0> CORE::BYTES::EDGES_STREAMED 12382188
<INFO 799d2a5fe6c0> CORE::BYTES::UPDATES_OUT 8254792
<INFO 799d2a5fe6c0> CORE::BYTES::UPDATES_IN 6179736
<INFO 799d28dfb6c0> CORE::BYTES::UPDATES_IN 8281752
<INFO 799d265f66c0> CORE::BYTES::EDGES_STREAMED 21758628
<INFO 799d265f66c0> CORE::BYTES::UPDATES_OUT 14505752
<INFO 799d2b6006c0> CORE::PARTITIONS_PROCESSED 8
<INFO 799d265f66c0> CORE::BYTES::UPDATES_IN 8318456
<INFO 799d2b6006c0> CORE::BYTES::EDGES_STREAMED 12390816
<INFO 799d2b6006c0> CORE::BYTES::UPDATES_OUT 8260544
<INFO 799d2b6006c0> CORE::BYTES::UPDATES_IN 16550232
<INFO 799d275f86c0> CORE::PARTITIONS_PROCESSED 4
<INFO 799d29dfd6c0> CORE::PARTITIONS_PROCESSED 4
<INFO 799d29dfd6c0> CORE::BYTES::EDGES_STREAMED 12392448
<INFO 799d29dfd6c0> CORE::BYTES::UPDATES_OUT 8261632
<INFO 799d29dfd6c0> CORE::BYTES::UPDATES_IN 8213456
<INFO 799d2adff6c0> CORE::BYTES::UPDATES_IN 6191608
<INFO 799d24df36c0> CORE::PARTITIONS_PROCESSED 4
<INFO 799d24df36c0> CORE::BYTES::EDGES_STREAMED 9253656
<INFO 799d24df36c0> CORE::BYTES::UPDATES_OUT 6169104
<INFO 799d24df36c0> CORE::BYTES::UPDATES_IN 8232960
<INFO 799d275f86c0> CORE::BYTES::EDGES_STREAMED 12351144
<INFO 799d275f86c0> CORE::BYTES::UPDATES_OUT 8234096
<INFO 799d275f86c0> CORE::BYTES::UPDATES_IN 8252224
<INFO 799f2cd1f2c0> CORE::RUSAGE::MAX_RSS_KB 8393984
<INFO 799f2cd1f2c0> CORE::RUSAGE::MINFLT 2097523
<INFO 799f2cd1f2c0> CORE::RUSAGE::MAJFLT 0
<INFO 799f2cd1f2c0> CORE::RUSAGE::MAJFLT 0
<INFO 799f2cd1f2c0> CORE::RUSAGE::INBLK 387168
<INFO 799f2cd1f2c0> CORE::RUSAGE::OUBLK 59000
<INFO 799f2cd1f2c0> CORE::UTILS::BYTES_READ 198230016
<INFO 799f2cd1f2c0> CORE::UTILS::BYTES_WRITTEN 30199808
<INFO 799f2cd1f2c0> CORE::TIME::IO_WAIT 0.465103 seconds
<INFO 799f2cd1f2c0> CORE::PHASES 2
<INFO 799f2cd1f2c0> CORE::TIME::SETUP 3.42995 seconds
<INFO 799f2cd1f2c0> CORE::TIME::STATE_ITER 0.041997 seconds
<INFO 799f2cd1f2c0> CORE::TIME::GATHER 0.071001 seconds
<INFO 799f2cd1f2c0> CORE::TIME::SCATTER 0.576001 seconds
<INFO 799f2cd1f2c0> TIME_IN_PC_FN 0.022811 seconds
<INFO 799f2cd1f2c0> CORE::TIME::WALL 4.26101 seconds
<INFO 799f2cd1f2c0> SHUTDOWN
