<INFO 726aac4ef2c0> STARTUP
<INFO 726aac4ef2c0> CORE::GRAPH cit-Patents-dir
<INFO 726aac4ef2c0> CORE::ALGORITHM sssp
<INFO 726aac4ef2c0> SG-DRIVER-ORIGINAL
<WARNING 726aac4ef2c0> Disk count not specified, assuming it to be 1
<INFO 726aac4ef2c0> CORE::CONFIG::PROCESSORS 16
<INFO 726aac4ef2c0> CORE::CONFIG::PHYSICAL_MEMORY 8589934592
<INFO 726aac4ef2c0> CORE::CONFIG::VERTICES 3774768
<INFO 726aac4ef2c0> CORE::CONFIG::VERTEX_SIZE 16
<INFO 726aac4ef2c0> CORE::CONFIG::VERTEX_BUFFER 60399616
<INFO 726aac4ef2c0> CORE::CONFIG::EDGES 16518948
<INFO 726aac4ef2c0> CORE::CONFIG::PARTITIONS 128
<INFO 726aac4ef2c0> CORE::CONFIG::FANOUT 128
<INFO 726aac4ef2c0> CORE::CONFIG::SUPER_PARTITIONS 1
<INFO 726aac4ef2c0> CORE::CONFIG::STREAM_UNIT 16777216
<INFO 726aac4ef2c0> CORE::CONFIG::BUFFER_SIZE 1702545100
<INFO 726aac4ef2c0> CORE::CONFIG::IO_NUMIOQS 1
<INFO 726aac4ef2c0> CORE::CONFIG::MAX_BUFFERS 4
<INFO 726aac4ef2c0> CORE::CONFIG::MAX_STREAMS 5
<WARNING 726aac4ef2c0> No mount point specified for disk0, falling back to current directory
my size is 198227376
<INFO 726aac4ef2c0> CORE::PARTITIONS_PROCESSED 0
<INFO 726aac4ef2c0> CORE::BYTES::EDGES_STREAMED 0
<INFO 726aac4ef2c0> CORE::BYTES::UPDATES_OUT 0
<INFO 726aac4ef2c0> CORE::BYTES::UPDATES_IN 0
<INFO 7268aae026c0> CORE::PARTITIONS_PROCESSED 0
<INFO 7268aae026c0> CORE::BYTES::EDGES_STREAMED 0
<INFO 7268a95ff6c0> CORE::PARTITIONS_PROCESSED 0
<INFO 7268a5df86c0> CORE::PARTITIONS_PROCESSED 0
<INFO 7268a5df86c0> CORE::BYTES::EDGES_STREAMED 0
<INFO 7268a95ff6c0> CORE::BYTES::EDGES_STREAMED 0
<INFO 7268aae026c0> CORE::BYTES::UPDATES_OUT 0
<INFO 7268aae026c0> CORE::BYTES::UPDATES_IN 0
<INFO 7268aa6016c0> CORE::PARTITIONS_PROCESSED 0
<INFO 7268aa6016c0> CORE::BYTES::EDGES_STREAMED 0
<INFO 7268aa6016c0> CORE::BYTES::UPDATES_OUT 0
<INFO 7268aa6016c0> CORE::BYTES::UPDATES_IN 0
<INFO 7268a5df86c0> CORE::BYTES::UPDATES_OUT 0
<INFO 7268a5df86c0> CORE::BYTES::UPDATES_IN 0
<INFO 7268a85fd6c0> CORE::PARTITIONS_PROCESSED 0
<INFO 7268a95ff6c0> CORE::BYTES::UPDATES_OUT 0
<INFO 7268a4df66c0> CORE::PARTITIONS_PROCESSED 0
<INFO 7268a6dfa6c0> CORE::PARTITIONS_PROCESSED 0
<INFO 7268a85fd6c0> CORE::BYTES::EDGES_STREAMED 0
<INFO 7268a75fb6c0> CORE::PARTITIONS_PROCESSED 0
<INFO 7268a7dfc6c0> CORE::PARTITIONS_PROCESSED 0
<INFO 7268a95ff6c0> CORE::BYTES::UPDATES_IN 0
<INFO 7268a8dfe6c0> CORE::PARTITIONS_PROCESSED 0
<INFO 7268a8dfe6c0> CORE::BYTES::EDGES_STREAMED 0
<INFO 7268a75fb6c0> CORE::BYTES::EDGES_STREAMED 0
<INFO 7268a75fb6c0> CORE::BYTES::UPDATES_OUT 0
<INFO 7268a75fb6c0> CORE::BYTES::UPDATES_IN 0
<INFO 7268a45f56c0> CORE::PARTITIONS_PROCESSED 0
<INFO 7268a7dfc6c0> CORE::BYTES::EDGES_STREAMED 0
<INFO 7268a45f56c0> CORE::BYTES::EDGES_STREAMED 1574952
<INFO 7268a55f76c0> CORE::PARTITIONS_PROCESSED 0
<INFO 7268a55f76c0> CORE::BYTES::EDGES_STREAMED 0
<INFO 7268a65f96c0> CORE::PARTITIONS_PROCESSED 0
<INFO 7268ab6036c0> CORE::PARTITIONS_PROCESSED 0
<INFO 7268a65f96c0> CORE::BYTES::EDGES_STREAMED 0
<INFO 7268a65f96c0> CORE::BYTES::UPDATES_OUT 0
<INFO 7268a65f96c0> CORE::BYTES::UPDATES_IN 0
<INFO 7268a6dfa6c0> CORE::BYTES::EDGES_STREAMED 0
<INFO 7268a6dfa6c0> CORE::BYTES::UPDATES_OUT 0
<INFO 7268a6dfa6c0> CORE::BYTES::UPDATES_IN 0
<INFO 7268a45f56c0> CORE::BYTES::UPDATES_OUT 0
<INFO 7268a4df66c0> CORE::BYTES::EDGES_STREAMED 0
<INFO 7268a45f56c0> CORE::BYTES::UPDATES_IN 0
<INFO 7268a4df66c0> CORE::BYTES::UPDATES_OUT 0
<INFO 7268a4df66c0> CORE::BYTES::UPDATES_IN 0
<INFO 7268ab6036c0> CORE::BYTES::EDGES_STREAMED 0
<INFO 7268ab6036c0> CORE::BYTES::UPDATES_OUT 0
<INFO 7268ab6036c0> CORE::BYTES::UPDATES_IN 0
<INFO 7268a55f76c0> CORE::BYTES::UPDATES_OUT 0
<INFO 7268a55f76c0> CORE::BYTES::UPDATES_IN 0
<INFO 7268a8dfe6c0> CORE::BYTES::UPDATES_OUT 0
<INFO 7268a8dfe6c0> CORE::BYTES::UPDATES_IN 0
<INFO 7268a9e006c0> CORE::PARTITIONS_PROCESSED 0
<INFO 7268a85fd6c0> CORE::BYTES::UPDATES_OUT 0
<INFO 7268a85fd6c0> CORE::BYTES::UPDATES_IN 0
<INFO 7268a9e006c0> CORE::BYTES::EDGES_STREAMED 0
<INFO 7268a9e006c0> CORE::BYTES::UPDATES_OUT 0
<INFO 7268a9e006c0> CORE::BYTES::UPDATES_IN 0
<INFO 7268a7dfc6c0> CORE::BYTES::UPDATES_OUT 0
<INFO 7268a7dfc6c0> CORE::BYTES::UPDATES_IN 0
<INFO 726aac4ef2c0> CORE::RUSAGE::MAX_RSS_KB 8393936
<INFO 726aac4ef2c0> CORE::RUSAGE::MINFLT 2097519
<INFO 726aac4ef2c0> CORE::RUSAGE::MAJFLT 0
<INFO 726aac4ef2c0> CORE::RUSAGE::MAJFLT 0
<INFO 726aac4ef2c0> CORE::RUSAGE::INBLK 387168
<INFO 726aac4ef2c0> CORE::RUSAGE::OUBLK 117984
<INFO 726aac4ef2c0> CORE::UTILS::BYTES_READ 198230016
<INFO 726aac4ef2c0> CORE::UTILS::BYTES_WRITTEN 60399616
<INFO 726aac4ef2c0> CORE::TIME::IO_WAIT 0.516097 seconds
<INFO 726aac4ef2c0> CORE::PHASES 2
<INFO 726aac4ef2c0> CORE::TIME::SETUP 3.43278 seconds
<INFO 726aac4ef2c0> CORE::TIME::STATE_ITER 0.011993 seconds
<INFO 726aac4ef2c0> CORE::TIME::GATHER 0 seconds
<INFO 726aac4ef2c0> CORE::TIME::SCATTER 0.530002 seconds
<INFO 726aac4ef2c0> TIME_IN_PC_FN 0 seconds
<INFO 726aac4ef2c0> CORE::TIME::WALL 4.17556 seconds
<INFO 726aac4ef2c0> SHUTDOWN
