<INFO 7933de0f12c0> STARTUP
<INFO 7933de0f12c0> CORE::GRAPH dimacs-usa-sym
<INFO 7933de0f12c0> CORE::ALGORITHM mis
<INFO 7933de0f12c0> SG-DRIVER-ORIGINAL
<WARNING 7933de0f12c0> Disk count not specified, assuming it to be 1
<INFO 7933de0f12c0> CORE::CONFIG::PROCESSORS 16
<INFO 7933de0f12c0> CORE::CONFIG::PHYSICAL_MEMORY 8589934592
<INFO 7933de0f12c0> CORE::CONFIG::VERTICES 23947347
<INFO 7933de0f12c0> CORE::CONFIG::VERTEX_SIZE 1
<INFO 7933de0f12c0> CORE::CONFIG::VERTEX_BUFFER 23949312
<INFO 7933de0f12c0> CORE::CONFIG::EDGES 116666688
<INFO 7933de0f12c0> CORE::CONFIG::PARTITIONS 256
<INFO 7933de0f12c0> CORE::CONFIG::FANOUT 256
<INFO 7933de0f12c0> CORE::CONFIG::SUPER_PARTITIONS 1
<INFO 7933de0f12c0> CORE::CONFIG::STREAM_UNIT 16777216
<INFO 7933de0f12c0> CORE::CONFIG::BUFFER_SIZE 1709833318
<INFO 7933de0f12c0> CORE::CONFIG::IO_NUMIOQS 1
<INFO 7933de0f12c0> CORE::CONFIG::MAX_BUFFERS 4
<INFO 7933de0f12c0> CORE::CONFIG::MAX_STREAMS 5
<WARNING 7933de0f12c0> No mount point specified for disk0, falling back to current directory
my size is 1400000256
<INFO 7933de0f12c0> ALGORITHM::MIS::NOT_IN_MIS 13320923
<INFO 7933de0f12c0> CORE::PARTITIONS_PROCESSED 472
<INFO 7933de0f12c0> CORE::BYTES::EDGES_STREAMED 2696877288
<INFO 7933de0f12c0> CORE::BYTES::UPDATES_OUT 289507600
<INFO 7933de0f12c0> CORE::BYTES::UPDATES_IN 277255920
<INFO 7931daa026c0> CORE::PARTITIONS_PROCESSED 482
<INFO 7931daa026c0> CORE::BYTES::EDGES_STREAMED 2712336048
<INFO 7931d81fd6c0> CORE::PARTITIONS_PROCESSED 543
<INFO 7931d69fa6c0> CORE::PARTITIONS_PROCESSED 465
<INFO 7931da2016c0> CORE::PARTITIONS_PROCESSED 472
<INFO 7931daa026c0> CORE::BYTES::UPDATES_OUT 291052984
<INFO 7931daa026c0> CORE::BYTES::UPDATES_IN 282943560
<INFO 7931da2016c0> CORE::BYTES::EDGES_STREAMED 2853722880
<INFO 7931da2016c0> CORE::BYTES::UPDATES_OUT 306144208
<INFO 7931d61f96c0> CORE::PARTITIONS_PROCESSED 512
<INFO 7931d81fd6c0> CORE::BYTES::EDGES_STREAMED 2788247088
<INFO 7931d81fd6c0> CORE::BYTES::UPDATES_OUT 298921568
<INFO 7931d81fd6c0> CORE::BYTES::UPDATES_IN 318299856
<INFO 7931d61f96c0> CORE::BYTES::EDGES_STREAMED 2877239088
<INFO 7931da2016c0> CORE::BYTES::UPDATES_IN 277225768
<INFO 7931d71fb6c0> CORE::PARTITIONS_PROCESSED 478
<INFO 7931d61f96c0> CORE::BYTES::UPDATES_OUT 308016920
<INFO 7931d71fb6c0> CORE::BYTES::EDGES_STREAMED 2772845352
<INFO 7931d71fb6c0> CORE::BYTES::UPDATES_OUT 297671024
<INFO 7931d61f96c0> CORE::BYTES::UPDATES_IN 300580592
<INFO 7931d71fb6c0> CORE::BYTES::UPDATES_IN 280796520
<INFO 7931d69fa6c0> CORE::BYTES::EDGES_STREAMED 2664613032
<INFO 7931d69fa6c0> CORE::BYTES::UPDATES_OUT 285652408
<INFO 7931d69fa6c0> CORE::BYTES::UPDATES_IN 273616104
<INFO 7931d79fc6c0> CORE::PARTITIONS_PROCESSED 484
<INFO 7931d79fc6c0> CORE::BYTES::EDGES_STREAMED 2678295696
<INFO 7931d79fc6c0> CORE::BYTES::UPDATES_OUT 287773488
<INFO 7931d79fc6c0> CORE::BYTES::UPDATES_IN 283688568
<INFO 7931dca066c0> CORE::PARTITIONS_PROCESSED 460
<INFO 7931dca066c0> CORE::BYTES::EDGES_STREAMED 2635673592
<INFO 7931dca066c0> CORE::BYTES::UPDATES_OUT 283244456
<INFO 7931dca066c0> CORE::BYTES::UPDATES_IN 270080968
<INFO 7931dd2076c0> CORE::PARTITIONS_PROCESSED 487
<INFO 7931dd2076c0> CORE::BYTES::EDGES_STREAMED 2674075584
<INFO 7931dd2076c0> CORE::BYTES::UPDATES_OUT 287080128
<INFO 7931dd2076c0> CORE::BYTES::UPDATES_IN 285508864
<INFO 7931dc2056c0> CORE::PARTITIONS_PROCESSED 463
<INFO 7931dc2056c0> CORE::BYTES::EDGES_STREAMED 2641720104
<INFO 7931dc2056c0> CORE::BYTES::UPDATES_OUT 283388720
<INFO 7931dc2056c0> CORE::BYTES::UPDATES_IN 271933872
<INFO 7931d91ff6c0> CORE::PARTITIONS_PROCESSED 466
<INFO 7931d91ff6c0> CORE::BYTES::EDGES_STREAMED 2679362760
<INFO 7931d91ff6c0> CORE::BYTES::UPDATES_OUT 287246600
<INFO 7931d91ff6c0> CORE::BYTES::UPDATES_IN 273832192
<INFO 7931d9a006c0> CORE::PARTITIONS_PROCESSED 475
<INFO 7931d9a006c0> CORE::BYTES::EDGES_STREAMED 2707847208
<INFO 7931d9a006c0> CORE::BYTES::UPDATES_OUT 290911224
<INFO 7931d9a006c0> CORE::BYTES::UPDATES_IN 279221512
<INFO 7931d89fe6c0> CORE::PARTITIONS_PROCESSED 462
<INFO 7931dba046c0> CORE::PARTITIONS_PROCESSED 484
<INFO 7931db2036c0> CORE::PARTITIONS_PROCESSED 475
<INFO 7931db2036c0> CORE::BYTES::EDGES_STREAMED 2668151352
<INFO 7931db2036c0> CORE::BYTES::UPDATES_OUT 286168136
<INFO 7931db2036c0> CORE::BYTES::UPDATES_IN 279005280
<INFO 7931dba046c0> CORE::BYTES::EDGES_STREAMED 2684881104
<INFO 7931dba046c0> CORE::BYTES::UPDATES_OUT 288738864
<INFO 7931dba046c0> CORE::BYTES::UPDATES_IN 283589048
<INFO 7931d89fe6c0> CORE::BYTES::EDGES_STREAMED 2664119760
<INFO 7931d89fe6c0> CORE::BYTES::UPDATES_OUT 285709216
<INFO 7931d89fe6c0> CORE::BYTES::UPDATES_IN 271514464
<INFO 7933de0f12c0> CORE::RUSAGE::MAX_RSS_KB 8394016
<INFO 7933de0f12c0> CORE::RUSAGE::MINFLT 2097554
<INFO 7933de0f12c0> CORE::RUSAGE::MAJFLT 0
<INFO 7933de0f12c0> CORE::RUSAGE::MAJFLT 0
<INFO 7933de0f12c0> CORE::RUSAGE::INBLK 2734376
<INFO 7933de0f12c0> CORE::RUSAGE::OUBLK 46792
<INFO 7933de0f12c0> CORE::UTILS::BYTES_READ 1400000512
<INFO 7933de0f12c0> CORE::UTILS::BYTES_WRITTEN 23949312
<INFO 7933de0f12c0> CORE::TIME::IO_WAIT 4.21949 seconds
<INFO 7933de0f12c0> CORE::PHASES 31
<INFO 7933de0f12c0> CORE::TIME::SETUP 3.43264 seconds
<INFO 7933de0f12c0> CORE::TIME::STATE_ITER 1.36382 seconds
<INFO 7933de0f12c0> CORE::TIME::GATHER 2.27266 seconds
<INFO 7933de0f12c0> CORE::TIME::SCATTER 8.411 seconds
<INFO 7933de0f12c0> TIME_IN_PC_FN 3.05222 seconds
<INFO 7933de0f12c0> CORE::TIME::WALL 16.1742 seconds
<INFO 7933de0f12c0> SHUTDOWN
