<INFO 7ea26a0e42c0> STARTUP
<INFO 7ea26a0e42c0> CORE::GRAPH dimacs-usa-sym
<INFO 7ea26a0e42c0> CORE::ALGORITHM mcst
<WARNING 7ea26a0e42c0> Disk count not specified, assuming it to be 1
<INFO 7ea26a0e42c0> CORE::CONFIG::PROCESSORS 16
<INFO 7ea26a0e42c0> CORE::CONFIG::PHYSICAL_MEMORY 8589934592
<INFO 7ea26a0e42c0> CORE::CONFIG::VERTICES 23947347
<INFO 7ea26a0e42c0> CORE::CONFIG::VERTEX_SIZE 16
<INFO 7ea26a0e42c0> CORE::CONFIG::VERTEX_BUFFER 383160320
<INFO 7ea26a0e42c0> CORE::CONFIG::EDGES 116666688
<INFO 7ea26a0e42c0> CORE::CONFIG::PARTITIONS 512
<INFO 7ea26a0e42c0> CORE::CONFIG::FANOUT 512
<INFO 7ea26a0e42c0> CORE::CONFIG::SUPER_PARTITIONS 1
<INFO 7ea26a0e42c0> CORE::CONFIG::STREAM_UNIT 16777216
<INFO 7ea26a0e42c0> CORE::CONFIG::BUFFER_SIZE 1364987389
<INFO 7ea26a0e42c0> CORE::CONFIG::IO_NUMIOQS 1
<INFO 7ea26a0e42c0> CORE::CONFIG::MAX_BUFFERS 5
<INFO 7ea26a0e42c0> CORE::CONFIG::MAX_STREAMS 6
<WARNING 7ea26a0e42c0> No mount point specified for disk0, falling back to current directory
my size is 1400000256
<INFO 7ea0662096c0> ALGORITHM::PROPOSALS_SENT 2071631
<INFO 7ea065a086c0> ALGORITHM::PROPOSALS_SENT 2125196
<INFO 7ea067a0c6c0> ALGORITHM::PROPOSALS_SENT 2002789
<INFO 7ea26a0e42c0> ALGORITHM::PROPOSALS_SENT 2040708
<INFO 7ea067a0c6c0> ALGORITHM::PROPOSALS_RECEIVED 2125511
<INFO 7ea0642056c0> ALGORITHM::PROPOSALS_SENT 2124070
<INFO 7ea0642056c0> ALGORITHM::PROPOSALS_RECEIVED 2118251
<INFO 7ea065a086c0> ALGORITHM::PROPOSALS_RECEIVED 2096521
<INFO 7ea06720b6c0> ALGORITHM::PROPOSALS_SENT 1970103
<INFO 7ea0662096c0> ALGORITHM::PROPOSALS_RECEIVED 2078776
<INFO 7ea06720b6c0> ALGORITHM::PROPOSALS_RECEIVED 2148021
<INFO 7ea0632036c0> ALGORITHM::PROPOSALS_SENT 2055461
<INFO 7ea0632036c0> ALGORITHM::PROPOSALS_RECEIVED 2071110
<INFO 7ea26a0e42c0> ALGORITHM::PROPOSALS_RECEIVED 2058479
<INFO 7ea063a046c0> ALGORITHM::PROPOSALS_SENT 2148958
<INFO 7ea063a046c0> ALGORITHM::PROPOSALS_RECEIVED 2135488
<INFO 7ea06820d6c0> ALGORITHM::PROPOSALS_SENT 2048447
<INFO 7ea06820d6c0> ALGORITHM::PROPOSALS_RECEIVED 2137439
<INFO 7ea0652076c0> ALGORITHM::PROPOSALS_SENT 2181128
<INFO 7ea0622016c0> ALGORITHM::PROPOSALS_SENT 2042703
<INFO 7ea066a0a6c0> ALGORITHM::PROPOSALS_SENT 2066823
<INFO 7ea0652076c0> ALGORITHM::PROPOSALS_RECEIVED 2062441
<INFO 7ea066a0a6c0> ALGORITHM::PROPOSALS_RECEIVED 2086897
<INFO 7ea0622016c0> ALGORITHM::PROPOSALS_RECEIVED 2020073
<INFO 7ea068a0e6c0> ALGORITHM::PROPOSALS_SENT 1875469
<INFO 7ea062a026c0> ALGORITHM::PROPOSALS_SENT 2002652
<INFO 7ea068a0e6c0> ALGORITHM::PROPOSALS_RECEIVED 2068476
<INFO 7ea062a026c0> ALGORITHM::PROPOSALS_RECEIVED 2019564
<INFO 7ea06920f6c0> ALGORITHM::PROPOSALS_SENT 2107501
<INFO 7ea06920f6c0> ALGORITHM::PROPOSALS_RECEIVED 2077543
<INFO 7ea064a066c0> ALGORITHM::PROPOSALS_SENT 2524112
<INFO 7ea064a066c0> ALGORITHM::PROPOSALS_RECEIVED 2083161
<INFO 7ea26a0e42c0> CORE::RUSAGE::MAX_RSS_KB 8394412
<INFO 7ea26a0e42c0> CORE::RUSAGE::MINFLT 2097606
<INFO 7ea26a0e42c0> CORE::RUSAGE::MAJFLT 0
<INFO 7ea26a0e42c0> CORE::RUSAGE::MAJFLT 0
<INFO 7ea26a0e42c0> CORE::RUSAGE::INBLK 10417344
<INFO 7ea26a0e42c0> CORE::RUSAGE::OUBLK 6104248
<INFO 7ea26a0e42c0> CORE::UTILS::BYTES_READ 5333680128
<INFO 7ea26a0e42c0> CORE::UTILS::BYTES_WRITTEN 3125366784
<INFO 7ea26a0e42c0> CORE::TIME::IO_WAIT 17.0653 seconds
<INFO 7ea26a0e42c0> ALGORITHM::TREE_EDGES 24653512
<INFO 7ea26a0e42c0> ALGORITHM::CC_COUNT 1
<INFO 7ea26a0e42c0> CORE::PHASES 9
<INFO 7ea26a0e42c0> CORE::TIME::SETUP 3.43288 seconds
<INFO 7ea26a0e42c0> CORE::TIME::WALL 36.8341 seconds
<INFO 7ea26a0e42c0> SHUTDOWN
