<INFO 7aa15cc9c2c0> STARTUP
<INFO 7aa15cc9c2c0> CORE::GRAPH dimacs-usa-dir
<INFO 7aa15cc9c2c0> CORE::ALGORITHM spmv
<INFO 7aa15cc9c2c0> SG-DRIVER-ORIGINAL
<WARNING 7aa15cc9c2c0> Disk count not specified, assuming it to be 1
<INFO 7aa15cc9c2c0> CORE::CONFIG::PROCESSORS 16
<INFO 7aa15cc9c2c0> CORE::CONFIG::PHYSICAL_MEMORY 8589934592
<INFO 7aa15cc9c2c0> CORE::CONFIG::VERTICES 23947347
<INFO 7aa15cc9c2c0> CORE::CONFIG::VERTEX_SIZE 8
<INFO 7aa15cc9c2c0> CORE::CONFIG::VERTEX_BUFFER 191582208
<INFO 7aa15cc9c2c0> CORE::CONFIG::EDGES 58333344
<INFO 7aa15cc9c2c0> CORE::CONFIG::PARTITIONS 512
<INFO 7aa15cc9c2c0> CORE::CONFIG::FANOUT 512
<INFO 7aa15cc9c2c0> CORE::CONFIG::SUPER_PARTITIONS 1
<INFO 7aa15cc9c2c0> CORE::CONFIG::STREAM_UNIT 16777216
<INFO 7aa15cc9c2c0> CORE::CONFIG::BUFFER_SIZE 1676303052
<INFO 7aa15cc9c2c0> CORE::CONFIG::IO_NUMIOQS 1
<INFO 7aa15cc9c2c0> CORE::CONFIG::MAX_BUFFERS 4
<INFO 7aa15cc9c2c0> CORE::CONFIG::MAX_STREAMS 5
<WARNING 7aa15cc9c2c0> No mount point specified for disk0, falling back to current directory
my size is 700000128
<INFO 7aa15cc9c2c0> CORE::PARTITIONS_PROCESSED 32
<INFO 7aa15cc9c2c0> CORE::BYTES::EDGES_STREAMED 43762284
<INFO 7aa15cc9c2c0> CORE::BYTES::UPDATES_OUT 29174856
<INFO 7aa15cc9c2c0> CORE::BYTES::UPDATES_IN 29174856
<INFO 7a9f58e056c0> CORE::PARTITIONS_PROCESSED 32
<INFO 7a9f5be0b6c0> CORE::PARTITIONS_PROCESSED 55
<INFO 7a9f5be0b6c0> CORE::BYTES::EDGES_STREAMED 39656844
<INFO 7a9f5be0b6c0> CORE::BYTES::UPDATES_OUT 26437896
<INFO 7a9f5be0b6c0> CORE::BYTES::UPDATES_IN 50121512
<INFO 7a9f5a6086c0> CORE::PARTITIONS_PROCESSED 23
<INFO 7a9f5a6086c0> CORE::BYTES::EDGES_STREAMED 43745364
<INFO 7a9f5a6086c0> CORE::BYTES::UPDATES_OUT 29163576
<INFO 7a9f5a6086c0> CORE::BYTES::UPDATES_IN 20962048
<INFO 7a9f5b60a6c0> CORE::PARTITIONS_PROCESSED 32
<INFO 7a9f5b60a6c0> CORE::BYTES::EDGES_STREAMED 43745220
<INFO 7a9f5b60a6c0> CORE::BYTES::UPDATES_OUT 29163480
<INFO 7a9f5b60a6c0> CORE::BYTES::UPDATES_IN 29162792
<INFO 7a9f56e016c0> CORE::PARTITIONS_PROCESSED 32
<INFO 7a9f56e016c0> CORE::BYTES::EDGES_STREAMED 43734228
<INFO 7a9f56e016c0> CORE::BYTES::UPDATES_OUT 29156152
<INFO 7a9f56e016c0> CORE::BYTES::UPDATES_IN 29158032
<INFO 7a9f586046c0> CORE::PARTITIONS_PROCESSED 22
<INFO 7a9f586046c0> CORE::BYTES::EDGES_STREAMED 43771992
<INFO 7a9f586046c0> CORE::BYTES::UPDATES_OUT 29181328
<INFO 7a9f586046c0> CORE::BYTES::UPDATES_IN 20060512
<INFO 7a9f57e036c0> CORE::PARTITIONS_PROCESSED 28
<INFO 7a9f57e036c0> CORE::BYTES::EDGES_STREAMED 43748076
<INFO 7a9f57e036c0> CORE::BYTES::UPDATES_OUT 29165384
<INFO 7a9f57e036c0> CORE::BYTES::UPDATES_IN 25516504
<INFO 7a9f566006c0> CORE::PARTITIONS_PROCESSED 32
<INFO 7a9f566006c0> CORE::BYTES::EDGES_STREAMED 43730640
<INFO 7a9f596066c0> CORE::PARTITIONS_PROCESSED 23
<INFO 7a9f55dff6c0> CORE::PARTITIONS_PROCESSED 32
<INFO 7a9f596066c0> CORE::BYTES::EDGES_STREAMED 43741152
<INFO 7a9f55dff6c0> CORE::BYTES::EDGES_STREAMED 43752864
<INFO 7a9f55dff6c0> CORE::BYTES::UPDATES_OUT 29168576
<INFO 7a9f55dff6c0> CORE::BYTES::UPDATES_IN 29168576
<INFO 7a9f58e056c0> CORE::BYTES::EDGES_STREAMED 43732692
<INFO 7a9f58e056c0> CORE::BYTES::UPDATES_OUT 29155128
<INFO 7a9f58e056c0> CORE::BYTES::UPDATES_IN 29161176
<INFO 7a9f566006c0> CORE::BYTES::UPDATES_OUT 29153760
<INFO 7a9f5ae096c0> CORE::PARTITIONS_PROCESSED 32
<INFO 7a9f566006c0> CORE::BYTES::UPDATES_IN 29151032
<INFO 7a9f5ae096c0> CORE::BYTES::EDGES_STREAMED 43755336
<INFO 7a9f5ae096c0> CORE::BYTES::UPDATES_OUT 29170224
<INFO 7a9f5ae096c0> CORE::BYTES::UPDATES_IN 29168792
<INFO 7a9f596066c0> CORE::BYTES::UPDATES_OUT 29160768
<INFO 7a9f596066c0> CORE::BYTES::UPDATES_IN 20962928
<INFO 7a9f576026c0> CORE::PARTITIONS_PROCESSED 32
<INFO 7a9f576026c0> CORE::BYTES::EDGES_STREAMED 43764696
<INFO 7a9f576026c0> CORE::BYTES::UPDATES_OUT 29176464
<INFO 7a9f576026c0> CORE::BYTES::UPDATES_IN 29175904
<INFO 7a9f59e076c0> CORE::PARTITIONS_PROCESSED 41
<INFO 7a9f59e076c0> CORE::BYTES::EDGES_STREAMED 50565564
<INFO 7a9f59e076c0> CORE::BYTES::UPDATES_OUT 33710376
<INFO 7a9f59e076c0> CORE::BYTES::UPDATES_IN 37366688
<INFO 7a9f54dfd6c0> CORE::PARTITIONS_PROCESSED 32
<INFO 7a9f555fe6c0> CORE::PARTITIONS_PROCESSED 32
<INFO 7a9f54dfd6c0> CORE::BYTES::EDGES_STREAMED 43760112
<INFO 7a9f54dfd6c0> CORE::BYTES::UPDATES_OUT 29173408
<INFO 7a9f54dfd6c0> CORE::BYTES::UPDATES_IN 29173408
<INFO 7a9f555fe6c0> CORE::BYTES::EDGES_STREAMED 41033064
<INFO 7a9f555fe6c0> CORE::BYTES::UPDATES_OUT 27355376
<INFO 7a9f555fe6c0> CORE::BYTES::UPDATES_IN 29181992
<INFO 7aa15cc9c2c0> CORE::RUSAGE::MAX_RSS_KB 8394356
<INFO 7aa15cc9c2c0> CORE::RUSAGE::MINFLT 2097604
<INFO 7aa15cc9c2c0> CORE::RUSAGE::MAJFLT 0
<INFO 7aa15cc9c2c0> CORE::RUSAGE::MAJFLT 0
<INFO 7aa15cc9c2c0> CORE::RUSAGE::INBLK 1367192
<INFO 7aa15cc9c2c0> CORE::RUSAGE::OUBLK 374200
<INFO 7aa15cc9c2c0> CORE::UTILS::BYTES_READ 700002304
<INFO 7aa15cc9c2c0> CORE::UTILS::BYTES_WRITTEN 191582208
<INFO 7aa15cc9c2c0> CORE::TIME::IO_WAIT 2.00217 seconds
<INFO 7aa15cc9c2c0> CORE::PHASES 2
<INFO 7aa15cc9c2c0> CORE::TIME::SETUP 3.42517 seconds
<INFO 7aa15cc9c2c0> CORE::TIME::STATE_ITER 0.055996 seconds
<INFO 7aa15cc9c2c0> CORE::TIME::GATHER 0.167001 seconds
<INFO 7aa15cc9c2c0> CORE::TIME::SCATTER 1.91901 seconds
<INFO 7aa15cc9c2c0> TIME_IN_PC_FN 0.102795 seconds
<INFO 7aa15cc9c2c0> CORE::TIME::WALL 6.05324 seconds
<INFO 7aa15cc9c2c0> SHUTDOWN
