<INFO 7c5ba96b32c0> STARTUP
<INFO 7c5ba96b32c0> CORE::GRAPH dimacs-usa-sym
<INFO 7c5ba96b32c0> CORE::ALGORITHM conductance
<INFO 7c5ba96b32c0> SG-DRIVER-ORIGINAL
<WARNING 7c5ba96b32c0> Disk count not specified, assuming it to be 1
<INFO 7c5ba96b32c0> CORE::CONFIG::PROCESSORS 16
<INFO 7c5ba96b32c0> CORE::CONFIG::PHYSICAL_MEMORY 8589934592
<INFO 7c5ba96b32c0> CORE::CONFIG::VERTICES 23947347
<INFO 7c5ba96b32c0> CORE::CONFIG::VERTEX_SIZE 0
<INFO 7c5ba96b32c0> CORE::CONFIG::VERTEX_BUFFER 0
<INFO 7c5ba96b32c0> CORE::CONFIG::EDGES 116666688
<INFO 7c5ba96b32c0> CORE::CONFIG::PARTITIONS 256
<INFO 7c5ba96b32c0> CORE::CONFIG::FANOUT 256
<INFO 7c5ba96b32c0> CORE::CONFIG::SUPER_PARTITIONS 1
<INFO 7c5ba96b32c0> CORE::CONFIG::STREAM_UNIT 16777216
<INFO 7c5ba96b32c0> CORE::CONFIG::BUFFER_SIZE 1714623180
<INFO 7c5ba96b32c0> CORE::CONFIG::IO_NUMIOQS 1
<INFO 7c5ba96b32c0> CORE::CONFIG::MAX_BUFFERS 4
<INFO 7c5ba96b32c0> CORE::CONFIG::MAX_STREAMS 5
<WARNING 7c5ba96b32c0> No mount point specified for disk0, falling back to current directory
my size is 1400000256
<INFO 7c5ba96b32c0> ALGORITHM::CONDUCTANCE::VALUE 1.12335
<INFO 7c5ba96b32c0> CORE::PARTITIONS_PROCESSED 0
<INFO 7c59a2ff96c0> CORE::PARTITIONS_PROCESSED 0
<INFO 7c59a88046c0> CORE::PARTITIONS_PROCESSED 0
<INFO 7c59a2ff96c0> CORE::BYTES::EDGES_STREAMED 92925720
<INFO 7c59a88046c0> CORE::BYTES::EDGES_STREAMED 87495360
<INFO 7c59a78026c0> CORE::PARTITIONS_PROCESSED 0
<INFO 7c59a70016c0> CORE::PARTITIONS_PROCESSED 0
<INFO 7c5ba96b32c0> CORE::BYTES::EDGES_STREAMED 87524568
<INFO 7c59a78026c0> CORE::BYTES::EDGES_STREAMED 87510672
<INFO 7c59a78026c0> CORE::BYTES::UPDATES_OUT 0
<INFO 7c5ba96b32c0> CORE::BYTES::UPDATES_OUT 0
<INFO 7c59a78026c0> CORE::BYTES::UPDATES_IN 0
<INFO 7c5ba96b32c0> CORE::BYTES::UPDATES_IN 0
<INFO 7c59a88046c0> CORE::BYTES::UPDATES_OUT 0
<INFO 7c59a88046c0> CORE::BYTES::UPDATES_IN 0
<INFO 7c59a2ff96c0> CORE::BYTES::UPDATES_OUT 0
<INFO 7c59a2ff96c0> CORE::BYTES::UPDATES_IN 0
<INFO 7c59a70016c0> CORE::BYTES::EDGES_STREAMED 92971584
<INFO 7c59a70016c0> CORE::BYTES::UPDATES_OUT 0
<INFO 7c59a70016c0> CORE::BYTES::UPDATES_IN 0
<INFO 7c59a17f66c0> CORE::PARTITIONS_PROCESSED 0
<INFO 7c59a17f66c0> CORE::BYTES::EDGES_STREAMED 87520224
<INFO 7c59a3ffb6c0> CORE::PARTITIONS_PROCESSED 0
<INFO 7c59a27f86c0> CORE::PARTITIONS_PROCESSED 0
<INFO 7c59a3ffb6c0> CORE::BYTES::EDGES_STREAMED 87527712
<INFO 7c59a27f86c0> CORE::BYTES::EDGES_STREAMED 82033104
<INFO 7c59a17f66c0> CORE::BYTES::UPDATES_OUT 0
<INFO 7c59a68006c0> CORE::PARTITIONS_PROCESSED 0
<INFO 7c59a27f86c0> CORE::BYTES::UPDATES_OUT 0
<INFO 7c59a27f86c0> CORE::BYTES::UPDATES_IN 0
<INFO 7c59a68006c0> CORE::BYTES::EDGES_STREAMED 81999744
<INFO 7c59a68006c0> CORE::BYTES::UPDATES_OUT 0
<INFO 7c59a17f66c0> CORE::BYTES::UPDATES_IN 0
<INFO 7c59a68006c0> CORE::BYTES::UPDATES_IN 0
<INFO 7c59a1ff76c0> CORE::PARTITIONS_PROCESSED 0
<INFO 7c59a1ff76c0> CORE::BYTES::EDGES_STREAMED 87545976
<INFO 7c59a1ff76c0> CORE::BYTES::UPDATES_OUT 0
<INFO 7c59a1ff76c0> CORE::BYTES::UPDATES_IN 0
<INFO 7c59a37fa6c0> CORE::PARTITIONS_PROCESSED 0
<INFO 7c59a37fa6c0> CORE::BYTES::EDGES_STREAMED 82004184
<INFO 7c59a37fa6c0> CORE::BYTES::UPDATES_OUT 0
<INFO 7c59a37fa6c0> CORE::BYTES::UPDATES_IN 0
<INFO 7c59a5fff6c0> CORE::PARTITIONS_PROCESSED 0
<INFO 7c59a5fff6c0> CORE::BYTES::EDGES_STREAMED 92969568
<INFO 7c59a5fff6c0> CORE::BYTES::UPDATES_OUT 0
<INFO 7c59a5fff6c0> CORE::BYTES::UPDATES_IN 0
<INFO 7c59a80036c0> CORE::PARTITIONS_PROCESSED 0
<INFO 7c59a80036c0> CORE::BYTES::EDGES_STREAMED 87490440
<INFO 7c59a80036c0> CORE::BYTES::UPDATES_OUT 0
<INFO 7c59a80036c0> CORE::BYTES::UPDATES_IN 0
<INFO 7c59a57fe6c0> CORE::PARTITIONS_PROCESSED 0
<INFO 7c59a57fe6c0> CORE::BYTES::EDGES_STREAMED 87466176
<INFO 7c59a57fe6c0> CORE::BYTES::UPDATES_OUT 0
<INFO 7c59a57fe6c0> CORE::BYTES::UPDATES_IN 0
<INFO 7c59a4ffd6c0> CORE::PARTITIONS_PROCESSED 0
<INFO 7c59a4ffd6c0> CORE::BYTES::EDGES_STREAMED 92996904
<INFO 7c59a4ffd6c0> CORE::BYTES::UPDATES_OUT 0
<INFO 7c59a4ffd6c0> CORE::BYTES::UPDATES_IN 0
<INFO 7c59a3ffb6c0> CORE::BYTES::UPDATES_OUT 0
<INFO 7c59a3ffb6c0> CORE::BYTES::UPDATES_IN 0
<INFO 7c59a47fc6c0> CORE::PARTITIONS_PROCESSED 0
<INFO 7c59a47fc6c0> CORE::BYTES::EDGES_STREAMED 82018320
<INFO 7c59a47fc6c0> CORE::BYTES::UPDATES_OUT 0
<INFO 7c59a47fc6c0> CORE::BYTES::UPDATES_IN 0
<INFO 7c5ba96b32c0> CORE::RUSAGE::MAX_RSS_KB 8394320
<INFO 7c5ba96b32c0> CORE::RUSAGE::MINFLT 2097559
<INFO 7c5ba96b32c0> CORE::RUSAGE::MAJFLT 0
<INFO 7c5ba96b32c0> CORE::RUSAGE::MAJFLT 0
<INFO 7c5ba96b32c0> CORE::RUSAGE::INBLK 2734376
<INFO 7c5ba96b32c0> CORE::RUSAGE::OUBLK 16
<INFO 7c5ba96b32c0> CORE::UTILS::BYTES_READ 1400000512
<INFO 7c5ba96b32c0> CORE::UTILS::BYTES_WRITTEN 0
<INFO 7c5ba96b32c0> CORE::TIME::IO_WAIT 3.28602 seconds
<INFO 7c5ba96b32c0> CORE::PHASES 2
<INFO 7c5ba96b32c0> CORE::TIME::SETUP 3.42854 seconds
<INFO 7c5ba96b32c0> CORE::TIME::STATE_ITER 0.05899 seconds
<INFO 7c5ba96b32c0> CORE::TIME::GATHER 0 seconds
<INFO 7c5ba96b32c0> CORE::TIME::SCATTER 3.635 seconds
<INFO 7c5ba96b32c0> TIME_IN_PC_FN 0.055081 seconds
<INFO 7c5ba96b32c0> CORE::TIME::WALL 7.18347 seconds
<INFO 7c5ba96b32c0> SHUTDOWN
