<INFO 71e7a77332c0> STARTUP
<INFO 71e7a77332c0> CORE::GRAPH dimacs-usa-dir
<INFO 71e7a77332c0> CORE::ALGORITHM spmv
<INFO 71e7a77332c0> SG-DRIVER-ORIGINAL
<WARNING 71e7a77332c0> Disk count not specified, assuming it to be 1
<INFO 71e7a77332c0> CORE::CONFIG::PROCESSORS 16
<INFO 71e7a77332c0> CORE::CONFIG::PHYSICAL_MEMORY 8589934592
<INFO 71e7a77332c0> CORE::CONFIG::VERTICES 23947347
<INFO 71e7a77332c0> CORE::CONFIG::VERTEX_SIZE 8
<INFO 71e7a77332c0> CORE::CONFIG::VERTEX_BUFFER 191582208
<INFO 71e7a77332c0> CORE::CONFIG::EDGES 58333344
<INFO 71e7a77332c0> CORE::CONFIG::PARTITIONS 512
<INFO 71e7a77332c0> CORE::CONFIG::FANOUT 512
<INFO 71e7a77332c0> CORE::CONFIG::SUPER_PARTITIONS 1
<INFO 71e7a77332c0> CORE::CONFIG::STREAM_UNIT 16777216
<INFO 71e7a77332c0> CORE::CONFIG::BUFFER_SIZE 1676303052
<INFO 71e7a77332c0> CORE::CONFIG::IO_NUMIOQS 1
<INFO 71e7a77332c0> CORE::CONFIG::MAX_BUFFERS 4
<INFO 71e7a77332c0> CORE::CONFIG::MAX_STREAMS 5
<WARNING 71e7a77332c0> No mount point specified for disk0, falling back to current directory
my size is 700000128
<INFO 71e7a77332c0> CORE::PARTITIONS_PROCESSED 31
<INFO 71e7a77332c0> CORE::BYTES::EDGES_STREAMED 43762284
<INFO 71e7a77332c0> CORE::BYTES::UPDATES_OUT 29174856
<INFO 71e7a77332c0> CORE::BYTES::UPDATES_IN 28262664
<INFO 71e5a48076c0> CORE::PARTITIONS_PROCESSED 31
<INFO 71e5a18016c0> CORE::PARTITIONS_PROCESSED 33
<INFO 71e5a48076c0> CORE::BYTES::EDGES_STREAMED 43736172
<INFO 71e5a48076c0> CORE::BYTES::UPDATES_OUT 29157448
<INFO 71e5a48076c0> CORE::BYTES::UPDATES_IN 28248352
<INFO 71e5a20026c0> CORE::PARTITIONS_PROCESSED 33
<INFO 71e5a30046c0> CORE::PARTITIONS_PROCESSED 31
<INFO 71e5a600a6c0> CORE::PARTITIONS_PROCESSED 35
<INFO 71e5a40066c0> CORE::PARTITIONS_PROCESSED 34
<INFO 71e5a20026c0> CORE::BYTES::EDGES_STREAMED 43757136
<INFO 71e5a18016c0> CORE::BYTES::EDGES_STREAMED 45113820
<INFO 71e5a20026c0> CORE::BYTES::UPDATES_OUT 29171424
<INFO 71e5a07ff6c0> CORE::PARTITIONS_PROCESSED 32
<INFO 71e5a20026c0> CORE::BYTES::UPDATES_IN 30088096
<INFO 71e5a07ff6c0> CORE::BYTES::EDGES_STREAMED 43752156
<INFO 71e5a07ff6c0> CORE::BYTES::UPDATES_OUT 29168104
<INFO 71e59f7fd6c0> CORE::PARTITIONS_PROCESSED 32
<INFO 71e5a600a6c0> CORE::BYTES::EDGES_STREAMED 86114436
<INFO 71e5a38056c0> CORE::PARTITIONS_PROCESSED 32
<INFO 71e5a600a6c0> CORE::BYTES::UPDATES_OUT 57409624
<INFO 71e5a40066c0> CORE::BYTES::EDGES_STREAMED 30078708
<INFO 71e5a40066c0> CORE::BYTES::UPDATES_OUT 20052472
<INFO 71e5a40066c0> CORE::BYTES::UPDATES_IN 30987008
<INFO 71e59f7fd6c0> CORE::BYTES::EDGES_STREAMED 30085044
<INFO 71e5a10006c0> CORE::PARTITIONS_PROCESSED 31
<INFO 71e5a18016c0> CORE::BYTES::UPDATES_OUT 30075880
<INFO 71e5a30046c0> CORE::BYTES::EDGES_STREAMED 43761852
<INFO 71e5a18016c0> CORE::BYTES::UPDATES_IN 30070208
<INFO 71e5a600a6c0> CORE::BYTES::UPDATES_IN 31894048
<INFO 71e5a38056c0> CORE::BYTES::EDGES_STREAMED 43746756
<INFO 71e5a30046c0> CORE::BYTES::UPDATES_OUT 29174568
<INFO 71e5a10006c0> CORE::BYTES::EDGES_STREAMED 28699680
<INFO 71e5a10006c0> CORE::BYTES::UPDATES_OUT 19133120
<INFO 71e5a10006c0> CORE::BYTES::UPDATES_IN 28238856
<INFO 71e59fffe6c0> CORE::PARTITIONS_PROCESSED 32
<INFO 71e59fffe6c0> CORE::BYTES::EDGES_STREAMED 43772748
<INFO 71e59fffe6c0> CORE::BYTES::UPDATES_OUT 29181832
<INFO 71e59fffe6c0> CORE::BYTES::UPDATES_IN 29181992
<INFO 71e5a38056c0> CORE::BYTES::UPDATES_OUT 29164504
<INFO 71e5a38056c0> CORE::BYTES::UPDATES_IN 29157416
<INFO 71e5a680b6c0> CORE::PARTITIONS_PROCESSED 31
<INFO 71e5a680b6c0> CORE::BYTES::EDGES_STREAMED 43747680
<INFO 71e5a680b6c0> CORE::BYTES::UPDATES_OUT 29165120
<INFO 71e5a680b6c0> CORE::BYTES::UPDATES_IN 28254080
<INFO 71e5a07ff6c0> CORE::BYTES::UPDATES_IN 29168576
<INFO 71e5a50086c0> CORE::PARTITIONS_PROCESSED 31
<INFO 71e5a28036c0> CORE::PARTITIONS_PROCESSED 31
<INFO 71e5a58096c0> CORE::PARTITIONS_PROCESSED 32
<INFO 71e5a28036c0> CORE::BYTES::EDGES_STREAMED 42374208
<INFO 71e59f7fd6c0> CORE::BYTES::UPDATES_OUT 20056696
<INFO 71e59f7fd6c0> CORE::BYTES::UPDATES_IN 29173408
<INFO 71e5a28036c0> CORE::BYTES::UPDATES_OUT 28249472
<INFO 71e5a28036c0> CORE::BYTES::UPDATES_IN 28252464
<INFO 71e5a58096c0> CORE::BYTES::EDGES_STREAMED 43747608
<INFO 71e5a58096c0> CORE::BYTES::UPDATES_OUT 29165072
<INFO 71e5a58096c0> CORE::BYTES::UPDATES_IN 29173896
<INFO 71e5a30046c0> CORE::BYTES::UPDATES_IN 28263464
<INFO 71e5a50086c0> CORE::BYTES::EDGES_STREAMED 43749840
<INFO 71e5a50086c0> CORE::BYTES::UPDATES_OUT 29166560
<INFO 71e5a50086c0> CORE::BYTES::UPDATES_IN 28252224
<INFO 71e7a77332c0> CORE::RUSAGE::MAX_RSS_KB 8394116
<INFO 71e7a77332c0> CORE::RUSAGE::MINFLT 2097600
<INFO 71e7a77332c0> CORE::RUSAGE::MAJFLT 0
<INFO 71e7a77332c0> CORE::RUSAGE::MAJFLT 0
<INFO 71e7a77332c0> CORE::RUSAGE::INBLK 1367192
<INFO 71e7a77332c0> CORE::RUSAGE::OUBLK 374200
<INFO 71e7a77332c0> CORE::UTILS::BYTES_READ 700002304
<INFO 71e7a77332c0> CORE::UTILS::BYTES_WRITTEN 191582208
<INFO 71e7a77332c0> CORE::TIME::IO_WAIT 2.006 seconds
<INFO 71e7a77332c0> CORE::PHASES 2
<INFO 71e7a77332c0> CORE::TIME::SETUP 3.43048 seconds
<INFO 71e7a77332c0> CORE::TIME::STATE_ITER 0.059995 seconds
<INFO 71e7a77332c0> CORE::TIME::GATHER 0.150257 seconds
<INFO 71e7a77332c0> CORE::TIME::SCATTER 1.901 seconds
<INFO 71e7a77332c0> TIME_IN_PC_FN 0.102895 seconds
<INFO 71e7a77332c0> CORE::TIME::WALL 5.98363 seconds
<INFO 71e7a77332c0> SHUTDOWN
