<INFO 73c25f11a2c0> STARTUP
<INFO 73c25f11a2c0> CORE::GRAPH dimacs-usa-dir
<INFO 73c25f11a2c0> CORE::ALGORITHM pagerank
<INFO 73c25f11a2c0> SG-DRIVER-ORIGINAL
<WARNING 73c25f11a2c0> Disk count not specified, assuming it to be 1
<INFO 73c25f11a2c0> CORE::CONFIG::PROCESSORS 16
<INFO 73c25f11a2c0> CORE::CONFIG::PHYSICAL_MEMORY 8589934592
<INFO 73c25f11a2c0> CORE::CONFIG::VERTICES 23947347
<INFO 73c25f11a2c0> CORE::CONFIG::VERTEX_SIZE 12
<INFO 73c25f11a2c0> CORE::CONFIG::VERTEX_BUFFER 287371264
<INFO 73c25f11a2c0> CORE::CONFIG::EDGES 58333344
<INFO 73c25f11a2c0> CORE::CONFIG::PARTITIONS 512
<INFO 73c25f11a2c0> CORE::CONFIG::FANOUT 512
<INFO 73c25f11a2c0> CORE::CONFIG::SUPER_PARTITIONS 1
<INFO 73c25f11a2c0> CORE::CONFIG::STREAM_UNIT 16777216
<INFO 73c25f11a2c0> CORE::CONFIG::BUFFER_SIZE 1657145241
<INFO 73c25f11a2c0> CORE::CONFIG::IO_NUMIOQS 1
<INFO 73c25f11a2c0> CORE::CONFIG::MAX_BUFFERS 4
<INFO 73c25f11a2c0> CORE::CONFIG::MAX_STREAMS 5
<WARNING 73c25f11a2c0> No mount point specified for disk0, falling back to current directory
my size is 700000128
<INFO 73c25f11a2c0> CORE::PARTITIONS_PROCESSED 750
<INFO 73c25f11a2c0> CORE::BYTES::EDGES_STREAMED 985945368
<INFO 73c25f11a2c0> CORE::BYTES::UPDATES_OUT 629029720
<INFO 73c25f11a2c0> CORE::BYTES::UPDATES_IN 683712120
<INFO 73c05d2086c0> CORE::PARTITIONS_PROCESSED 590
<INFO 73c0571fc6c0> CORE::PARTITIONS_PROCESSED 588
<INFO 73c05b2046c0> CORE::PARTITIONS_PROCESSED 587
<INFO 73c0581fe6c0> CORE::PARTITIONS_PROCESSED 677
<INFO 73c0592006c0> CORE::PARTITIONS_PROCESSED 705
<INFO 73c05a2026c0> CORE::PARTITIONS_PROCESSED 584
<INFO 73c05d2086c0> CORE::BYTES::EDGES_STREAMED 895658172
<INFO 73c05d2086c0> CORE::BYTES::UPDATES_OUT 568846816
<INFO 73c05d2086c0> CORE::BYTES::UPDATES_IN 537875488
<INFO 73c0592006c0> CORE::BYTES::EDGES_STREAMED 995056248
<INFO 73c05b2046c0> CORE::BYTES::EDGES_STREAMED 936282780
<INFO 73c0581fe6c0> CORE::BYTES::EDGES_STREAMED 1035037476
<INFO 73c0581fe6c0> CORE::BYTES::UPDATES_OUT 661767056
<INFO 73c05b2046c0> CORE::BYTES::UPDATES_OUT 595940568
<INFO 73c05a2026c0> CORE::BYTES::EDGES_STREAMED 932304456
<INFO 73c05a2026c0> CORE::BYTES::UPDATES_OUT 591461896
<INFO 73c05a2026c0> CORE::BYTES::UPDATES_IN 532233656
<INFO 73c0571fc6c0> CORE::BYTES::EDGES_STREAMED 892969776
<INFO 73c0571fc6c0> CORE::BYTES::UPDATES_OUT 565228184
<INFO 73c0592006c0> CORE::BYTES::UPDATES_OUT 633306112
<INFO 73c05b2046c0> CORE::BYTES::UPDATES_IN 534869992
<INFO 73c0592006c0> CORE::BYTES::UPDATES_IN 642391168
<INFO 73c05c2066c0> CORE::PARTITIONS_PROCESSED 592
<INFO 73c0579fd6c0> CORE::PARTITIONS_PROCESSED 733
<INFO 73c05c2066c0> CORE::BYTES::EDGES_STREAMED 965062656
<INFO 73c0579fd6c0> CORE::BYTES::EDGES_STREAMED 997039020
<INFO 73c0579fd6c0> CORE::BYTES::UPDATES_OUT 635514832
<INFO 73c0579fd6c0> CORE::BYTES::UPDATES_IN 668359184
<INFO 73c05c2066c0> CORE::BYTES::UPDATES_OUT 613304256
<INFO 73c0581fe6c0> CORE::BYTES::UPDATES_IN 617152464
<INFO 73c05c2066c0> CORE::BYTES::UPDATES_IN 539399904
<INFO 73c05ca076c0> CORE::PARTITIONS_PROCESSED 615
<INFO 73c05ca076c0> CORE::BYTES::EDGES_STREAMED 899497560
<INFO 73c05ca076c0> CORE::BYTES::UPDATES_OUT 569592560
<INFO 73c05ca076c0> CORE::BYTES::UPDATES_IN 560412504
<INFO 73c05aa036c0> CORE::PARTITIONS_PROCESSED 576
<INFO 73c05aa036c0> CORE::BYTES::EDGES_STREAMED 894421284
<INFO 73c05aa036c0> CORE::BYTES::UPDATES_OUT 566195800
<INFO 73c05aa036c0> CORE::BYTES::UPDATES_IN 525175056
<INFO 73c0571fc6c0> CORE::BYTES::UPDATES_IN 536061472
<INFO 73c05e20a6c0> CORE::PARTITIONS_PROCESSED 635
<INFO 73c05e20a6c0> CORE::BYTES::EDGES_STREAMED 954229440
<INFO 73c05e20a6c0> CORE::BYTES::UPDATES_OUT 606987840
<INFO 73c05e20a6c0> CORE::BYTES::UPDATES_IN 578746080
<INFO 73c05ba056c0> CORE::PARTITIONS_PROCESSED 680
<INFO 73c05ba056c0> CORE::BYTES::EDGES_STREAMED 989782140
<INFO 73c05ba056c0> CORE::BYTES::UPDATES_OUT 629777864
<INFO 73c05ba056c0> CORE::BYTES::UPDATES_IN 619762352
<INFO 73c059a016c0> CORE::PARTITIONS_PROCESSED 610
<INFO 73c059a016c0> CORE::BYTES::EDGES_STREAMED 984621096
<INFO 73c059a016c0> CORE::BYTES::UPDATES_OUT 628149408
<INFO 73c059a016c0> CORE::BYTES::UPDATES_IN 556152024
<INFO 73c05da096c0> CORE::PARTITIONS_PROCESSED 656
<INFO 73c05da096c0> CORE::BYTES::EDGES_STREAMED 921426672
<INFO 73c05da096c0> CORE::BYTES::UPDATES_OUT 586030776
<INFO 73c05da096c0> CORE::BYTES::UPDATES_IN 597855864
<INFO 73c0589ff6c0> CORE::PARTITIONS_PROCESSED 662
<INFO 73c0589ff6c0> CORE::BYTES::EDGES_STREAMED 1120668672
<INFO 73c0589ff6c0> CORE::BYTES::UPDATES_OUT 718868104
<INFO 73c0589ff6c0> CORE::BYTES::UPDATES_IN 603175712
<INFO 73c25f11a2c0> CORE::RUSAGE::MAX_RSS_KB 8394128
<INFO 73c25f11a2c0> CORE::RUSAGE::MINFLT 2097596
<INFO 73c25f11a2c0> CORE::RUSAGE::MAJFLT 0
<INFO 73c25f11a2c0> CORE::RUSAGE::MAJFLT 0
<INFO 73c25f11a2c0> CORE::RUSAGE::INBLK 1367192
<INFO 73c25f11a2c0> CORE::RUSAGE::OUBLK 561288
<INFO 73c25f11a2c0> CORE::UTILS::BYTES_READ 700002304
<INFO 73c25f11a2c0> CORE::UTILS::BYTES_WRITTEN 287371264
<INFO 73c25f11a2c0> CORE::TIME::IO_WAIT 2.18816 seconds
<INFO 73c25f11a2c0> CORE::PHASES 22
<INFO 73c25f11a2c0> CORE::TIME::SETUP 3.4403 seconds
<INFO 73c25f11a2c0> CORE::TIME::STATE_ITER 1.09414 seconds
<INFO 73c25f11a2c0> CORE::TIME::GATHER 3.83929 seconds
<INFO 73c25f11a2c0> CORE::TIME::SCATTER 4.86302 seconds
<INFO 73c25f11a2c0> TIME_IN_PC_FN 2.71424 seconds
<INFO 73c25f11a2c0> CORE::TIME::WALL 14.5109 seconds
<INFO 73c25f11a2c0> SHUTDOWN
