<INFO 78113dab22c0> STARTUP
<INFO 78113dab22c0> CORE::GRAPH dimacs-usa-sym
<INFO 78113dab22c0> CORE::ALGORITHM cc
<INFO 78113dab22c0> SG-DRIVER-ORIGINAL
<WARNING 78113dab22c0> Disk count not specified, assuming it to be 1
<INFO 78113dab22c0> CORE::CONFIG::PROCESSORS 16
<INFO 78113dab22c0> CORE::CONFIG::PHYSICAL_MEMORY 8589934592
<INFO 78113dab22c0> CORE::CONFIG::VERTICES 23947347
<INFO 78113dab22c0> CORE::CONFIG::VERTEX_SIZE 13
<INFO 78113dab22c0> CORE::CONFIG::VERTEX_BUFFER 311316480
<INFO 78113dab22c0> CORE::CONFIG::EDGES 116666688
<INFO 78113dab22c0> CORE::CONFIG::PARTITIONS 512
<INFO 78113dab22c0> CORE::CONFIG::FANOUT 512
<INFO 78113dab22c0> CORE::CONFIG::SUPER_PARTITIONS 1
<INFO 78113dab22c0> CORE::CONFIG::STREAM_UNIT 16777216
<INFO 78113dab22c0> CORE::CONFIG::BUFFER_SIZE 1652356198
<INFO 78113dab22c0> CORE::CONFIG::IO_NUMIOQS 1
<INFO 78113dab22c0> CORE::CONFIG::MAX_BUFFERS 4
<INFO 78113dab22c0> CORE::CONFIG::MAX_STREAMS 5
<WARNING 78113dab22c0> No mount point specified for disk0, falling back to current directory
my size is 1400000256
<INFO 78113dab22c0> ALGORITHM::CC::CC_COUNT 1
<INFO 78113dab22c0> CORE::PARTITIONS_PROCESSED 190686
<INFO 78113dab22c0> CORE::BYTES::EDGES_STREAMED 543528915984
<INFO 78113dab22c0> CORE::BYTES::UPDATES_OUT 8695625632
<INFO 78113dab22c0> CORE::BYTES::UPDATES_IN 8481196704
<INFO 780f37bff6c0> CORE::PARTITIONS_PROCESSED 198853
<INFO 780f3a4046c0> CORE::PARTITIONS_PROCESSED 199282
<INFO 780f37bff6c0> CORE::BYTES::EDGES_STREAMED 532916793384
<INFO 780f38c016c0> CORE::PARTITIONS_PROCESSED 197916
<INFO 780f373fe6c0> CORE::PARTITIONS_PROCESSED 198316
<INFO 780f3a4046c0> CORE::BYTES::EDGES_STREAMED 535603948584
<INFO 780f3b4066c0> CORE::PARTITIONS_PROCESSED 198594
<INFO 780f3b4066c0> CORE::BYTES::EDGES_STREAMED 534666098520
<INFO 780f3b4066c0> CORE::BYTES::UPDATES_OUT 8584469168
<INFO 780f394026c0> CORE::PARTITIONS_PROCESSED 192843
<INFO 780f394026c0> CORE::BYTES::EDGES_STREAMED 531579381936
<INFO 780f3bc076c0> CORE::PARTITIONS_PROCESSED 194405
<INFO 780f3b4066c0> CORE::BYTES::UPDATES_IN 8602235376
<INFO 780f37bff6c0> CORE::BYTES::UPDATES_OUT 8478579936
<INFO 780f37bff6c0> CORE::BYTES::UPDATES_IN 8546363760
<INFO 780f394026c0> CORE::BYTES::UPDATES_OUT 8434085040
<INFO 780f363fc6c0> CORE::PARTITIONS_PROCESSED 194310
<INFO 780f363fc6c0> CORE::BYTES::EDGES_STREAMED 531965871456
<INFO 780f363fc6c0> CORE::BYTES::UPDATES_OUT 8450916016
<INFO 780f373fe6c0> CORE::BYTES::EDGES_STREAMED 533669187432
<INFO 780f3bc076c0> CORE::BYTES::EDGES_STREAMED 534504773376
<INFO 780f3bc076c0> CORE::BYTES::UPDATES_OUT 8519299712
<INFO 780f3bc076c0> CORE::BYTES::UPDATES_IN 8474334464
<INFO 780f39c036c0> CORE::PARTITIONS_PROCESSED 200820
<INFO 780f363fc6c0> CORE::BYTES::UPDATES_IN 8449129920
<INFO 780f373fe6c0> CORE::BYTES::UPDATES_OUT 8532200384
<INFO 780f3a4046c0> CORE::BYTES::UPDATES_OUT 8588817984
<INFO 780f3a4046c0> CORE::BYTES::UPDATES_IN 8598444448
<INFO 780f3cc096c0> CORE::PARTITIONS_PROCESSED 196636
<INFO 780f3cc096c0> CORE::BYTES::EDGES_STREAMED 532936212696
<INFO 780f3cc096c0> CORE::BYTES::UPDATES_OUT 8508961584
<INFO 780f3cc096c0> CORE::BYTES::UPDATES_IN 8526877568
<INFO 780f39c036c0> CORE::BYTES::EDGES_STREAMED 535115595624
<INFO 780f39c036c0> CORE::BYTES::UPDATES_OUT 8573494496
<INFO 780f39c036c0> CORE::BYTES::UPDATES_IN 8661247776
<INFO 780f373fe6c0> CORE::BYTES::UPDATES_IN 8552052080
<INFO 780f3ac056c0> CORE::PARTITIONS_PROCESSED 195594
<INFO 780f384006c0> CORE::PARTITIONS_PROCESSED 195894
<INFO 780f394026c0> CORE::BYTES::UPDATES_IN 8378806912
<INFO 780f35bfb6c0> CORE::PARTITIONS_PROCESSED 195488
<INFO 780f38c016c0> CORE::BYTES::EDGES_STREAMED 531827993472
<INFO 780f3ac056c0> CORE::BYTES::EDGES_STREAMED 534344714616
<INFO 780f3c4086c0> CORE::PARTITIONS_PROCESSED 201077
<INFO 780f3c4086c0> CORE::BYTES::EDGES_STREAMED 534459721344
<INFO 780f35bfb6c0> CORE::BYTES::EDGES_STREAMED 534085865760
<INFO 780f3ac056c0> CORE::BYTES::UPDATES_OUT 8546081888
<INFO 780f3ac056c0> CORE::BYTES::UPDATES_IN 8531020896
<INFO 780f35bfb6c0> CORE::BYTES::UPDATES_OUT 8505875152
<INFO 780f3c4086c0> CORE::BYTES::UPDATES_OUT 8519218944
<INFO 780f3c4086c0> CORE::BYTES::UPDATES_IN 8584257392
<INFO 780f384006c0> CORE::BYTES::EDGES_STREAMED 534701335896
<INFO 780f35bfb6c0> CORE::BYTES::UPDATES_IN 8521984048
<INFO 780f38c016c0> CORE::BYTES::UPDATES_OUT 8458362544
<INFO 780f38c016c0> CORE::BYTES::UPDATES_IN 8493763792
<INFO 780f36bfd6c0> CORE::PARTITIONS_PROCESSED 195264
<INFO 780f36bfd6c0> CORE::BYTES::EDGES_STREAMED 533401510704
<INFO 780f36bfd6c0> CORE::BYTES::UPDATES_OUT 8527254192
<INFO 780f36bfd6c0> CORE::BYTES::UPDATES_IN 8565670960
<INFO 780f384006c0> CORE::BYTES::UPDATES_OUT 8537939616
<INFO 780f384006c0> CORE::BYTES::UPDATES_IN 8493796192
<INFO 78113dab22c0> CORE::RUSAGE::MAX_RSS_KB 8394268
<INFO 78113dab22c0> CORE::RUSAGE::MINFLT 2097610
<INFO 78113dab22c0> CORE::RUSAGE::MAJFLT 0
<INFO 78113dab22c0> CORE::RUSAGE::MAJFLT 0
<INFO 78113dab22c0> CORE::RUSAGE::INBLK 2734376
<INFO 78113dab22c0> CORE::RUSAGE::OUBLK 608064
<INFO 78113dab22c0> CORE::UTILS::BYTES_READ 1400000512
<INFO 78113dab22c0> CORE::UTILS::BYTES_WRITTEN 311316480
<INFO 78113dab22c0> CORE::TIME::IO_WAIT 3.84962 seconds
<INFO 78113dab22c0> CORE::PHASES 6263
<INFO 78113dab22c0> CORE::TIME::SETUP 3.42428 seconds
<INFO 78113dab22c0> CORE::TIME::STATE_ITER 0.059995 seconds
<INFO 78113dab22c0> CORE::TIME::GATHER 191.034 seconds
<INFO 78113dab22c0> CORE::TIME::SCATTER 668.748 seconds
<INFO 78113dab22c0> TIME_IN_PC_FN 438.68 seconds
<INFO 78113dab22c0> CORE::TIME::WALL 984.215 seconds
<INFO 78113dab22c0> SHUTDOWN
