<INFO 7cd3478ab2c0> STARTUP
<INFO 7cd3478ab2c0> CORE::GRAPH dimacs-usa-sym
<INFO 7cd3478ab2c0> CORE::ALGORITHM conductance
<INFO 7cd3478ab2c0> SG-DRIVER-ORIGINAL
<WARNING 7cd3478ab2c0> Disk count not specified, assuming it to be 1
<INFO 7cd3478ab2c0> CORE::CONFIG::PROCESSORS 16
<INFO 7cd3478ab2c0> CORE::CONFIG::PHYSICAL_MEMORY 8589934592
<INFO 7cd3478ab2c0> CORE::CONFIG::VERTICES 23947347
<INFO 7cd3478ab2c0> CORE::CONFIG::VERTEX_SIZE 0
<INFO 7cd3478ab2c0> CORE::CONFIG::VERTEX_BUFFER 0
<INFO 7cd3478ab2c0> CORE::CONFIG::EDGES 116666688
<INFO 7cd3478ab2c0> CORE::CONFIG::PARTITIONS 256
<INFO 7cd3478ab2c0> CORE::CONFIG::FANOUT 256
<INFO 7cd3478ab2c0> CORE::CONFIG::SUPER_PARTITIONS 1
<INFO 7cd3478ab2c0> CORE::CONFIG::STREAM_UNIT 16777216
<INFO 7cd3478ab2c0> CORE::CONFIG::BUFFER_SIZE 1714623180
<INFO 7cd3478ab2c0> CORE::CONFIG::IO_NUMIOQS 1
<INFO 7cd3478ab2c0> CORE::CONFIG::MAX_BUFFERS 4
<INFO 7cd3478ab2c0> CORE::CONFIG::MAX_STREAMS 5
<WARNING 7cd3478ab2c0> No mount point specified for disk0, falling back to current directory
my size is 1400000256
<INFO 7cd3478ab2c0> ALGORITHM::CONDUCTANCE::VALUE 1.12335
<INFO 7cd1429fc6c0> CORE::PARTITIONS_PROCESSED 0
<INFO 7cd1429fc6c0> CORE::BYTES::EDGES_STREAMED 87489480
<INFO 7cd1401f76c0> CORE::PARTITIONS_PROCESSED 0
<INFO 7cd145a026c0> CORE::PARTITIONS_PROCESSED 0
<INFO 7cd1421fb6c0> CORE::PARTITIONS_PROCESSED 0
<INFO 7cd1421fb6c0> CORE::BYTES::EDGES_STREAMED 92990952
<INFO 7cd1401f76c0> CORE::BYTES::EDGES_STREAMED 87545976
<INFO 7cd1421fb6c0> CORE::BYTES::UPDATES_OUT 0
<INFO 7cd3478ab2c0> CORE::PARTITIONS_PROCESSED 0
<INFO 7cd1429fc6c0> CORE::BYTES::UPDATES_OUT 0
<INFO 7cd1419fa6c0> CORE::PARTITIONS_PROCESSED 0
<INFO 7cd1421fb6c0> CORE::BYTES::UPDATES_IN 0
<INFO 7cd145a026c0> CORE::BYTES::EDGES_STREAMED 87510312
<INFO 7cd1419fa6c0> CORE::BYTES::EDGES_STREAMED 87474096
<INFO 7cd1401f76c0> CORE::BYTES::UPDATES_OUT 0
<INFO 7cd1401f76c0> CORE::BYTES::UPDATES_IN 0
<INFO 7cd1429fc6c0> CORE::BYTES::UPDATES_IN 0
<INFO 7cd1439fe6c0> CORE::PARTITIONS_PROCESSED 0
<INFO 7cd145a026c0> CORE::BYTES::UPDATES_OUT 0
<INFO 7cd13f9f66c0> CORE::PARTITIONS_PROCESSED 0
<INFO 7cd3478ab2c0> CORE::BYTES::EDGES_STREAMED 92999856
<INFO 7cd1439fe6c0> CORE::BYTES::EDGES_STREAMED 82005744
<INFO 7cd146a046c0> CORE::PARTITIONS_PROCESSED 0
<INFO 7cd1439fe6c0> CORE::BYTES::UPDATES_OUT 0
<INFO 7cd1419fa6c0> CORE::BYTES::UPDATES_OUT 0
<INFO 7cd1431fd6c0> CORE::PARTITIONS_PROCESSED 0
<INFO 7cd1419fa6c0> CORE::BYTES::UPDATES_IN 0
<INFO 7cd1431fd6c0> CORE::BYTES::EDGES_STREAMED 93006384
<INFO 7cd1431fd6c0> CORE::BYTES::UPDATES_OUT 0
<INFO 7cd1431fd6c0> CORE::BYTES::UPDATES_IN 0
<INFO 7cd1462036c0> CORE::PARTITIONS_PROCESSED 0
<INFO 7cd145a026c0> CORE::BYTES::UPDATES_IN 0
<INFO 7cd146a046c0> CORE::BYTES::EDGES_STREAMED 87495360
<INFO 7cd146a046c0> CORE::BYTES::UPDATES_OUT 0
<INFO 7cd146a046c0> CORE::BYTES::UPDATES_IN 0
<INFO 7cd1439fe6c0> CORE::BYTES::UPDATES_IN 0
<INFO 7cd1441ff6c0> CORE::PARTITIONS_PROCESSED 0
<INFO 7cd1441ff6c0> CORE::BYTES::EDGES_STREAMED 92960088
<INFO 7cd1441ff6c0> CORE::BYTES::UPDATES_OUT 0
<INFO 7cd1441ff6c0> CORE::BYTES::UPDATES_IN 0
<INFO 7cd13f9f66c0> CORE::BYTES::EDGES_STREAMED 82039584
<INFO 7cd3478ab2c0> CORE::BYTES::UPDATES_OUT 0
<INFO 7cd3478ab2c0> CORE::BYTES::UPDATES_IN 0
<INFO 7cd144a006c0> CORE::PARTITIONS_PROCESSED 0
<INFO 7cd144a006c0> CORE::BYTES::EDGES_STREAMED 82005672
<INFO 7cd144a006c0> CORE::BYTES::UPDATES_OUT 0
<INFO 7cd144a006c0> CORE::BYTES::UPDATES_IN 0
<INFO 7cd1452016c0> CORE::PARTITIONS_PROCESSED 0
<INFO 7cd1452016c0> CORE::BYTES::EDGES_STREAMED 87490728
<INFO 7cd1452016c0> CORE::BYTES::UPDATES_OUT 0
<INFO 7cd1452016c0> CORE::BYTES::UPDATES_IN 0
<INFO 7cd13f9f66c0> CORE::BYTES::UPDATES_OUT 0
<INFO 7cd1462036c0> CORE::BYTES::EDGES_STREAMED 87490440
<INFO 7cd1409f86c0> CORE::PARTITIONS_PROCESSED 0
<INFO 7cd13f9f66c0> CORE::BYTES::UPDATES_IN 0
<INFO 7cd1462036c0> CORE::BYTES::UPDATES_OUT 0
<INFO 7cd1411f96c0> CORE::PARTITIONS_PROCESSED 0
<INFO 7cd1409f86c0> CORE::BYTES::EDGES_STREAMED 82042488
<INFO 7cd1409f86c0> CORE::BYTES::UPDATES_OUT 0
<INFO 7cd1409f86c0> CORE::BYTES::UPDATES_IN 0
<INFO 7cd1411f96c0> CORE::BYTES::EDGES_STREAMED 87453096
<INFO 7cd1411f96c0> CORE::BYTES::UPDATES_OUT 0
<INFO 7cd1411f96c0> CORE::BYTES::UPDATES_IN 0
<INFO 7cd1462036c0> CORE::BYTES::UPDATES_IN 0
<INFO 7cd3478ab2c0> CORE::RUSAGE::MAX_RSS_KB 8394044
<INFO 7cd3478ab2c0> CORE::RUSAGE::MINFLT 2097558
<INFO 7cd3478ab2c0> CORE::RUSAGE::MAJFLT 0
<INFO 7cd3478ab2c0> CORE::RUSAGE::MAJFLT 0
<INFO 7cd3478ab2c0> CORE::RUSAGE::INBLK 2734376
<INFO 7cd3478ab2c0> CORE::RUSAGE::OUBLK 16
<INFO 7cd3478ab2c0> CORE::UTILS::BYTES_READ 1400000512
<INFO 7cd3478ab2c0> CORE::UTILS::BYTES_WRITTEN 0
<INFO 7cd3478ab2c0> CORE::TIME::IO_WAIT 3.76303 seconds
<INFO 7cd3478ab2c0> CORE::PHASES 2
<INFO 7cd3478ab2c0> CORE::TIME::SETUP 3.43662 seconds
<INFO 7cd3478ab2c0> CORE::TIME::STATE_ITER 0.05582 seconds
<INFO 7cd3478ab2c0> CORE::TIME::GATHER 0 seconds
<INFO 7cd3478ab2c0> CORE::TIME::SCATTER 4.176 seconds
<INFO 7cd3478ab2c0> TIME_IN_PC_FN 0.059994 seconds
<INFO 7cd3478ab2c0> CORE::TIME::WALL 7.74416 seconds
<INFO 7cd3478ab2c0> SHUTDOWN
