<INFO 76af884c72c0> STARTUP
<INFO 76af884c72c0> CORE::GRAPH dimacs-usa-sym
<INFO 76af884c72c0> CORE::ALGORITHM mcst
<WARNING 76af884c72c0> Disk count not specified, assuming it to be 1
<INFO 76af884c72c0> CORE::CONFIG::PROCESSORS 16
<INFO 76af884c72c0> CORE::CONFIG::PHYSICAL_MEMORY 8589934592
<INFO 76af884c72c0> CORE::CONFIG::VERTICES 23947347
<INFO 76af884c72c0> CORE::CONFIG::VERTEX_SIZE 16
<INFO 76af884c72c0> CORE::CONFIG::VERTEX_BUFFER 383160320
<INFO 76af884c72c0> CORE::CONFIG::EDGES 116666688
<INFO 76af884c72c0> CORE::CONFIG::PARTITIONS 512
<INFO 76af884c72c0> CORE::CONFIG::FANOUT 512
<INFO 76af884c72c0> CORE::CONFIG::SUPER_PARTITIONS 1
<INFO 76af884c72c0> CORE::CONFIG::STREAM_UNIT 16777216
<INFO 76af884c72c0> CORE::CONFIG::BUFFER_SIZE 1364987389
<INFO 76af884c72c0> CORE::CONFIG::IO_NUMIOQS 1
<INFO 76af884c72c0> CORE::CONFIG::MAX_BUFFERS 5
<INFO 76af884c72c0> CORE::CONFIG::MAX_STREAMS 6
<WARNING 76af884c72c0> No mount point specified for disk0, falling back to current directory
my size is 1400000256
<INFO 76ad83e086c0> ALGORITHM::PROPOSALS_SENT 2110841
<INFO 76ad84e0a6c0> ALGORITHM::PROPOSALS_SENT 2105458
<INFO 76ad8660d6c0> ALGORITHM::PROPOSALS_SENT 2103912
<INFO 76ad846096c0> ALGORITHM::PROPOSALS_SENT 2108881
<INFO 76ad816036c0> ALGORITHM::PROPOSALS_SENT 2104186
<INFO 76ad816036c0> ALGORITHM::PROPOSALS_RECEIVED 1988937
<INFO 76ad80e026c0> ALGORITHM::PROPOSALS_SENT 2097542
<INFO 76ad8660d6c0> ALGORITHM::PROPOSALS_RECEIVED 1976004
<INFO 76ad85e0c6c0> ALGORITHM::PROPOSALS_SENT 1984397
<INFO 76ad85e0c6c0> ALGORITHM::PROPOSALS_RECEIVED 2057259
<INFO 76ad84e0a6c0> ALGORITHM::PROPOSALS_RECEIVED 2033151
<INFO 76ad806016c0> ALGORITHM::PROPOSALS_SENT 2067937
<INFO 76ad806016c0> ALGORITHM::PROPOSALS_RECEIVED 2056445
<INFO 76ad8560b6c0> ALGORITHM::PROPOSALS_SENT 2055866
<INFO 76ad846096c0> ALGORITHM::PROPOSALS_RECEIVED 1972316
<INFO 76af884c72c0> ALGORITHM::PROPOSALS_SENT 2133316
<INFO 76ad83e086c0> ALGORITHM::PROPOSALS_RECEIVED 2069969
<INFO 76ad8760f6c0> ALGORITHM::PROPOSALS_SENT 2145795
<INFO 76ad8760f6c0> ALGORITHM::PROPOSALS_RECEIVED 2074138
<INFO 76ad8560b6c0> ALGORITHM::PROPOSALS_RECEIVED 2136447
<INFO 76af884c72c0> ALGORITHM::PROPOSALS_RECEIVED 2196132
<INFO 76ad80e026c0> ALGORITHM::PROPOSALS_RECEIVED 2139379
<INFO 76ad826056c0> ALGORITHM::PROPOSALS_SENT 2061060
<INFO 76ad826056c0> ALGORITHM::PROPOSALS_RECEIVED 2185835
<INFO 76ad81e046c0> ALGORITHM::PROPOSALS_SENT 2104623
<INFO 76ad81e046c0> ALGORITHM::PROPOSALS_RECEIVED 2220368
<INFO 76ad86e0e6c0> ALGORITHM::PROPOSALS_SENT 2082073
<INFO 76ad86e0e6c0> ALGORITHM::PROPOSALS_RECEIVED 2052913
<INFO 76ad82e066c0> ALGORITHM::PROPOSALS_SENT 2106514
<INFO 76ad82e066c0> ALGORITHM::PROPOSALS_RECEIVED 2098597
<INFO 76ad836076c0> ALGORITHM::PROPOSALS_SENT 2019655
<INFO 76ad836076c0> ALGORITHM::PROPOSALS_RECEIVED 2134166
<INFO 76af884c72c0> CORE::RUSAGE::MAX_RSS_KB 8394292
<INFO 76af884c72c0> CORE::RUSAGE::MINFLT 2097608
<INFO 76af884c72c0> CORE::RUSAGE::MAJFLT 0
<INFO 76af884c72c0> CORE::RUSAGE::MAJFLT 0
<INFO 76af884c72c0> CORE::RUSAGE::INBLK 10417344
<INFO 76af884c72c0> CORE::RUSAGE::OUBLK 6104368
<INFO 76af884c72c0> CORE::UTILS::BYTES_READ 5333680128
<INFO 76af884c72c0> CORE::UTILS::BYTES_WRITTEN 3125428224
<INFO 76af884c72c0> CORE::TIME::IO_WAIT 21.0895 seconds
<INFO 76af884c72c0> ALGORITHM::TREE_EDGES 24656137
<INFO 76af884c72c0> ALGORITHM::CC_COUNT 1
<INFO 76af884c72c0> CORE::PHASES 10
<INFO 76af884c72c0> CORE::TIME::SETUP 3.43642 seconds
<INFO 76af884c72c0> CORE::TIME::WALL 40.7273 seconds
<INFO 76af884c72c0> SHUTDOWN
