<INFO 7099014d32c0> STARTUP
<INFO 7099014d32c0> CORE::GRAPH dimacs-usa-sym
<INFO 7099014d32c0> CORE::ALGORITHM mis
<INFO 7099014d32c0> SG-DRIVER-ORIGINAL
<WARNING 7099014d32c0> Disk count not specified, assuming it to be 1
<INFO 7099014d32c0> CORE::CONFIG::PROCESSORS 16
<INFO 7099014d32c0> CORE::CONFIG::PHYSICAL_MEMORY 8589934592
<INFO 7099014d32c0> CORE::CONFIG::VERTICES 23947347
<INFO 7099014d32c0> CORE::CONFIG::VERTEX_SIZE 1
<INFO 7099014d32c0> CORE::CONFIG::VERTEX_BUFFER 23949312
<INFO 7099014d32c0> CORE::CONFIG::EDGES 116666688
<INFO 7099014d32c0> CORE::CONFIG::PARTITIONS 256
<INFO 7099014d32c0> CORE::CONFIG::FANOUT 256
<INFO 7099014d32c0> CORE::CONFIG::SUPER_PARTITIONS 1
<INFO 7099014d32c0> CORE::CONFIG::STREAM_UNIT 16777216
<INFO 7099014d32c0> CORE::CONFIG::BUFFER_SIZE 1709833318
<INFO 7099014d32c0> CORE::CONFIG::IO_NUMIOQS 1
<INFO 7099014d32c0> CORE::CONFIG::MAX_BUFFERS 4
<INFO 7099014d32c0> CORE::CONFIG::MAX_STREAMS 5
<WARNING 7099014d32c0> No mount point specified for disk0, falling back to current directory
my size is 1400000256
<INFO 7099014d32c0> ALGORITHM::MIS::NOT_IN_MIS 13320923
<INFO 7099014d32c0> CORE::PARTITIONS_PROCESSED 451
<INFO 7099014d32c0> CORE::BYTES::EDGES_STREAMED 2631197184
<INFO 7099014d32c0> CORE::BYTES::UPDATES_OUT 280447360
<INFO 7099014d32c0> CORE::BYTES::UPDATES_IN 265076528
<INFO 7096fc5ff6c0> CORE::PARTITIONS_PROCESSED 480
<INFO 7096f9dfa6c0> CORE::PARTITIONS_PROCESSED 479
<INFO 7096fc5ff6c0> CORE::BYTES::EDGES_STREAMED 2657507424
<INFO 7096fee046c0> CORE::PARTITIONS_PROCESSED 477
<INFO 7096fbdfe6c0> CORE::PARTITIONS_PROCESSED 488
<INFO 7096fee046c0> CORE::BYTES::EDGES_STREAMED 2575472352
<INFO 7096fc5ff6c0> CORE::BYTES::UPDATES_OUT 283565552
<INFO 7096fbdfe6c0> CORE::BYTES::EDGES_STREAMED 2910177720
<INFO 7096f9dfa6c0> CORE::BYTES::EDGES_STREAMED 2620868520
<INFO 7096f9dfa6c0> CORE::BYTES::UPDATES_OUT 279695448
<INFO 7096fc5ff6c0> CORE::BYTES::UPDATES_IN 281532784
<INFO 7096f9dfa6c0> CORE::BYTES::UPDATES_IN 281977376
<INFO 7096fbdfe6c0> CORE::BYTES::UPDATES_OUT 315729184
<INFO 7096fbdfe6c0> CORE::BYTES::UPDATES_IN 288168048
<INFO 7096ff6056c0> CORE::PARTITIONS_PROCESSED 449
<INFO 7096ff6056c0> CORE::BYTES::EDGES_STREAMED 2603448912
<INFO 7096ff6056c0> CORE::BYTES::UPDATES_OUT 277928560
<INFO 7096fee046c0> CORE::BYTES::UPDATES_OUT 275701960
<INFO 7096fee046c0> CORE::BYTES::UPDATES_IN 278054368
<INFO 7096fadfc6c0> CORE::PARTITIONS_PROCESSED 482
<INFO 7096fadfc6c0> CORE::BYTES::EDGES_STREAMED 2694695592
<INFO 7096fadfc6c0> CORE::BYTES::UPDATES_OUT 288826760
<INFO 7096fadfc6c0> CORE::BYTES::UPDATES_IN 282535768
<INFO 7096fb5fd6c0> CORE::PARTITIONS_PROCESSED 467
<INFO 7096fb5fd6c0> CORE::BYTES::EDGES_STREAMED 2596916016
<INFO 7096fb5fd6c0> CORE::BYTES::UPDATES_OUT 276970584
<INFO 7096fb5fd6c0> CORE::BYTES::UPDATES_IN 274485336
<INFO 7097006076c0> CORE::PARTITIONS_PROCESSED 497
<INFO 7097006076c0> CORE::BYTES::EDGES_STREAMED 2952970128
<INFO 7097006076c0> CORE::BYTES::UPDATES_OUT 322547200
<INFO 7097006076c0> CORE::BYTES::UPDATES_IN 289440064
<INFO 7096ff6056c0> CORE::BYTES::UPDATES_IN 262859456
<INFO 7096fce006c0> CORE::PARTITIONS_PROCESSED 437
<INFO 7096fce006c0> CORE::BYTES::EDGES_STREAMED 2669519016
<INFO 7096fa5fb6c0> CORE::PARTITIONS_PROCESSED 518
<INFO 7096fa5fb6c0> CORE::BYTES::EDGES_STREAMED 2794834992
<INFO 7096fa5fb6c0> CORE::BYTES::UPDATES_OUT 305202656
<INFO 7096fa5fb6c0> CORE::BYTES::UPDATES_IN 303734040
<INFO 7096fd6016c0> CORE::PARTITIONS_PROCESSED 487
<INFO 7096fd6016c0> CORE::BYTES::EDGES_STREAMED 2755406784
<INFO 7096fd6016c0> CORE::BYTES::UPDATES_OUT 295511008
<INFO 7096fd6016c0> CORE::BYTES::UPDATES_IN 285448272
<INFO 7096f95f96c0> CORE::PARTITIONS_PROCESSED 507
<INFO 7096ffe066c0> CORE::PARTITIONS_PROCESSED 532
<INFO 7096f95f96c0> CORE::BYTES::EDGES_STREAMED 2652879240
<INFO 7096f95f96c0> CORE::BYTES::UPDATES_OUT 282513224
<INFO 7096ffe066c0> CORE::BYTES::EDGES_STREAMED 2920071816
<INFO 7096ffe066c0> CORE::BYTES::UPDATES_OUT 313154536
<INFO 7096fde026c0> CORE::PARTITIONS_PROCESSED 464
<INFO 7096ffe066c0> CORE::BYTES::UPDATES_IN 315041064
<INFO 7096fde026c0> CORE::BYTES::EDGES_STREAMED 2635805136
<INFO 7096fde026c0> CORE::BYTES::UPDATES_OUT 281517728
<INFO 7096f95f96c0> CORE::BYTES::UPDATES_IN 298916992
<INFO 7096fde026c0> CORE::BYTES::UPDATES_IN 270409392
<INFO 7096fe6036c0> CORE::PARTITIONS_PROCESSED 465
<INFO 7096fe6036c0> CORE::BYTES::EDGES_STREAMED 2728237104
<INFO 7096fe6036c0> CORE::BYTES::UPDATES_OUT 291150072
<INFO 7096fe6036c0> CORE::BYTES::UPDATES_IN 273372632
<INFO 7096fce006c0> CORE::BYTES::UPDATES_OUT 286765712
<INFO 7096fce006c0> CORE::BYTES::UPDATES_IN 258040968
<INFO 7099014d32c0> CORE::RUSAGE::MAX_RSS_KB 8394132
<INFO 7099014d32c0> CORE::RUSAGE::MINFLT 2097553
<INFO 7099014d32c0> CORE::RUSAGE::MAJFLT 0
<INFO 7099014d32c0> CORE::RUSAGE::MAJFLT 0
<INFO 7099014d32c0> CORE::RUSAGE::INBLK 2734376
<INFO 7099014d32c0> CORE::RUSAGE::OUBLK 46792
<INFO 7099014d32c0> CORE::UTILS::BYTES_READ 1400000512
<INFO 7099014d32c0> CORE::UTILS::BYTES_WRITTEN 23949312
<INFO 7099014d32c0> CORE::TIME::IO_WAIT 3.33711 seconds
<INFO 7099014d32c0> CORE::PHASES 31
<INFO 7099014d32c0> CORE::TIME::SETUP 3.4285 seconds
<INFO 7099014d32c0> CORE::TIME::STATE_ITER 1.41342 seconds
<INFO 7099014d32c0> CORE::TIME::GATHER 2.29831 seconds
<INFO 7099014d32c0> CORE::TIME::SCATTER 7.73998 seconds
<INFO 7099014d32c0> TIME_IN_PC_FN 3.0207 seconds
<INFO 7099014d32c0> CORE::TIME::WALL 15.6428 seconds
<INFO 7099014d32c0> SHUTDOWN
