<INFO 71befaf052c0> STARTUP
<INFO 71befaf052c0> CORE::GRAPH dimacs-usa-dir
<INFO 71befaf052c0> CORE::ALGORITHM pagerank
<INFO 71befaf052c0> SG-DRIVER-ORIGINAL
<WARNING 71befaf052c0> Disk count not specified, assuming it to be 1
<INFO 71befaf052c0> CORE::CONFIG::PROCESSORS 16
<INFO 71befaf052c0> CORE::CONFIG::PHYSICAL_MEMORY 8589934592
<INFO 71befaf052c0> CORE::CONFIG::VERTICES 23947347
<INFO 71befaf052c0> CORE::CONFIG::VERTEX_SIZE 12
<INFO 71befaf052c0> CORE::CONFIG::VERTEX_BUFFER 287371264
<INFO 71befaf052c0> CORE::CONFIG::EDGES 58333344
<INFO 71befaf052c0> CORE::CONFIG::PARTITIONS 512
<INFO 71befaf052c0> CORE::CONFIG::FANOUT 512
<INFO 71befaf052c0> CORE::CONFIG::SUPER_PARTITIONS 1
<INFO 71befaf052c0> CORE::CONFIG::STREAM_UNIT 16777216
<INFO 71befaf052c0> CORE::CONFIG::BUFFER_SIZE 1657145241
<INFO 71befaf052c0> CORE::CONFIG::IO_NUMIOQS 1
<INFO 71befaf052c0> CORE::CONFIG::MAX_BUFFERS 4
<INFO 71befaf052c0> CORE::CONFIG::MAX_STREAMS 5
<WARNING 71befaf052c0> No mount point specified for disk0, falling back to current directory
my size is 700000128
<INFO 71befaf052c0> CORE::PARTITIONS_PROCESSED 667
<INFO 71befaf052c0> CORE::BYTES::EDGES_STREAMED 961362996
<INFO 71befaf052c0> CORE::BYTES::UPDATES_OUT 610821704
<INFO 71befaf052c0> CORE::BYTES::UPDATES_IN 608080312
<INFO 71bcf90086c0> CORE::PARTITIONS_PROCESSED 621
<INFO 71bcf37fd6c0> CORE::PARTITIONS_PROCESSED 663
<INFO 71bcf90086c0> CORE::BYTES::EDGES_STREAMED 927035940
<INFO 71bcf98096c0> CORE::PARTITIONS_PROCESSED 741
<INFO 71bcf2ffc6c0> CORE::PARTITIONS_PROCESSED 586
<INFO 71bcf98096c0> CORE::BYTES::EDGES_STREAMED 1077283512
<INFO 71bcf37fd6c0> CORE::BYTES::EDGES_STREAMED 987575124
<INFO 71bcf70046c0> CORE::PARTITIONS_PROCESSED 598
<INFO 71bcf60026c0> CORE::PARTITIONS_PROCESSED 621
<INFO 71bcf90086c0> CORE::BYTES::UPDATES_OUT 588853736
<INFO 71bcfa00a6c0> CORE::PARTITIONS_PROCESSED 616
<INFO 71bcf98096c0> CORE::BYTES::UPDATES_OUT 689021240
<INFO 71bcf98096c0> CORE::BYTES::UPDATES_IN 675312912
<INFO 71bcf90086c0> CORE::BYTES::UPDATES_IN 566104248
<INFO 71bcf2ffc6c0> CORE::BYTES::EDGES_STREAMED 873806568
<INFO 71bcf37fd6c0> CORE::BYTES::UPDATES_OUT 628286840
<INFO 71bcf60026c0> CORE::BYTES::EDGES_STREAMED 940522056
<INFO 71bcf2ffc6c0> CORE::BYTES::UPDATES_OUT 554278888
<INFO 71bcf2ffc6c0> CORE::BYTES::UPDATES_IN 534211440
<INFO 71bcfa00a6c0> CORE::BYTES::EDGES_STREAMED 921439092
<INFO 71bcfa00a6c0> CORE::BYTES::UPDATES_OUT 586039832
<INFO 71bcf58016c0> CORE::PARTITIONS_PROCESSED 689
<INFO 71bcf60026c0> CORE::BYTES::UPDATES_OUT 596942304
<INFO 71bcf70046c0> CORE::BYTES::EDGES_STREAMED 903423672
<INFO 71bcf70046c0> CORE::BYTES::UPDATES_OUT 574034832
<INFO 71bcf70046c0> CORE::BYTES::UPDATES_IN 544893944
<INFO 71bcfa00a6c0> CORE::BYTES::UPDATES_IN 561422120
<INFO 71bcf68036c0> CORE::PARTITIONS_PROCESSED 593
<INFO 71bcf68036c0> CORE::BYTES::EDGES_STREAMED 917674956
<INFO 71bcf68036c0> CORE::BYTES::UPDATES_OUT 582608056
<INFO 71bcf68036c0> CORE::BYTES::UPDATES_IN 540653320
<INFO 71bcf78056c0> CORE::PARTITIONS_PROCESSED 609
<INFO 71bcf78056c0> CORE::BYTES::EDGES_STREAMED 955577760
<INFO 71bcf78056c0> CORE::BYTES::UPDATES_OUT 606977512
<INFO 71bcf78056c0> CORE::BYTES::UPDATES_IN 555070672
<INFO 71bcf37fd6c0> CORE::BYTES::UPDATES_IN 604622616
<INFO 71bcf58016c0> CORE::BYTES::EDGES_STREAMED 1069458552
<INFO 71bcf58016c0> CORE::BYTES::UPDATES_OUT 682886040
<INFO 71bcf58016c0> CORE::BYTES::UPDATES_IN 628134160
<INFO 71bcf47ff6c0> CORE::PARTITIONS_PROCESSED 581
<INFO 71bcf47ff6c0> CORE::BYTES::EDGES_STREAMED 899145672
<INFO 71bcf47ff6c0> CORE::BYTES::UPDATES_OUT 570279416
<INFO 71bcf47ff6c0> CORE::BYTES::UPDATES_IN 529394416
<INFO 71bcf60026c0> CORE::BYTES::UPDATES_IN 565946560
<INFO 71bcf88076c0> CORE::PARTITIONS_PROCESSED 634
<INFO 71bcf88076c0> CORE::BYTES::EDGES_STREAMED 952787016
<INFO 71bcf88076c0> CORE::BYTES::UPDATES_OUT 606941296
<INFO 71bcf88076c0> CORE::BYTES::UPDATES_IN 577746056
<INFO 71bcf3ffe6c0> CORE::PARTITIONS_PROCESSED 603
<INFO 71bcf3ffe6c0> CORE::BYTES::EDGES_STREAMED 940672488
<INFO 71bcf3ffe6c0> CORE::BYTES::UPDATES_OUT 597034192
<INFO 71bcf3ffe6c0> CORE::BYTES::UPDATES_IN 549657728
<INFO 71bcf80066c0> CORE::PARTITIONS_PROCESSED 690
<INFO 71bcf80066c0> CORE::BYTES::EDGES_STREAMED 1082671140
<INFO 71bcf80066c0> CORE::BYTES::UPDATES_OUT 693532664
<INFO 71bcf80066c0> CORE::BYTES::UPDATES_IN 628728056
<INFO 71bcf50006c0> CORE::PARTITIONS_PROCESSED 728
<INFO 71bcf50006c0> CORE::BYTES::EDGES_STREAMED 989566272
<INFO 71bcf50006c0> CORE::BYTES::UPDATES_OUT 631463240
<INFO 71bcf50006c0> CORE::BYTES::UPDATES_IN 663356480
<INFO 71befaf052c0> CORE::RUSAGE::MAX_RSS_KB 8394384
<INFO 71befaf052c0> CORE::RUSAGE::MINFLT 2097601
<INFO 71befaf052c0> CORE::RUSAGE::MAJFLT 0
<INFO 71befaf052c0> CORE::RUSAGE::MAJFLT 0
<INFO 71befaf052c0> CORE::RUSAGE::INBLK 1367192
<INFO 71befaf052c0> CORE::RUSAGE::OUBLK 561288
<INFO 71befaf052c0> CORE::UTILS::BYTES_READ 700002304
<INFO 71befaf052c0> CORE::UTILS::BYTES_WRITTEN 287371264
<INFO 71befaf052c0> CORE::TIME::IO_WAIT 2.194 seconds
<INFO 71befaf052c0> CORE::PHASES 22
<INFO 71befaf052c0> CORE::TIME::SETUP 3.43694 seconds
<INFO 71befaf052c0> CORE::TIME::STATE_ITER 1.07823 seconds
<INFO 71befaf052c0> CORE::TIME::GATHER 3.72056 seconds
<INFO 71befaf052c0> CORE::TIME::SCATTER 4.72599 seconds
<INFO 71befaf052c0> TIME_IN_PC_FN 2.6546 seconds
<INFO 71befaf052c0> CORE::TIME::WALL 14.1885 seconds
<INFO 71befaf052c0> SHUTDOWN
