<INFO 7f5641f312c0> STARTUP
<INFO 7f5641f312c0> CORE::GRAPH dimacs-usa-sym
<INFO 7f5641f312c0> CORE::ALGORITHM cc
<INFO 7f5641f312c0> SG-DRIVER-ORIGINAL
<WARNING 7f5641f312c0> Disk count not specified, assuming it to be 1
<INFO 7f5641f312c0> CORE::CONFIG::PROCESSORS 16
<INFO 7f5641f312c0> CORE::CONFIG::PHYSICAL_MEMORY 8589934592
<INFO 7f5641f312c0> CORE::CONFIG::VERTICES 23947347
<INFO 7f5641f312c0> CORE::CONFIG::VERTEX_SIZE 13
<INFO 7f5641f312c0> CORE::CONFIG::VERTEX_BUFFER 311316480
<INFO 7f5641f312c0> CORE::CONFIG::EDGES 116666688
<INFO 7f5641f312c0> CORE::CONFIG::PARTITIONS 512
<INFO 7f5641f312c0> CORE::CONFIG::FANOUT 512
<INFO 7f5641f312c0> CORE::CONFIG::SUPER_PARTITIONS 1
<INFO 7f5641f312c0> CORE::CONFIG::STREAM_UNIT 16777216
<INFO 7f5641f312c0> CORE::CONFIG::BUFFER_SIZE 1652356198
<INFO 7f5641f312c0> CORE::CONFIG::IO_NUMIOQS 1
<INFO 7f5641f312c0> CORE::CONFIG::MAX_BUFFERS 4
<INFO 7f5641f312c0> CORE::CONFIG::MAX_STREAMS 5
<WARNING 7f5641f312c0> No mount point specified for disk0, falling back to current directory
my size is 1400000256
<INFO 7f5641f312c0> ALGORITHM::CC::CC_COUNT 1
<INFO 7f5641f312c0> CORE::PARTITIONS_PROCESSED 187792
<INFO 7f5641f312c0> CORE::BYTES::EDGES_STREAMED 540001642224
<INFO 7f5641f312c0> CORE::BYTES::UPDATES_OUT 8601809232
<INFO 7f5641f312c0> CORE::BYTES::UPDATES_IN 8464880880
<INFO 7f54408086c0> CORE::PARTITIONS_PROCESSED 195787
<INFO 7f543a7fc6c0> CORE::PARTITIONS_PROCESSED 196559
<INFO 7f543a7fc6c0> CORE::BYTES::EDGES_STREAMED 533186707032
<INFO 7f543a7fc6c0> CORE::BYTES::UPDATES_OUT 8488672352
<INFO 7f543a7fc6c0> CORE::BYTES::UPDATES_IN 8480531616
<INFO 7f543b7fe6c0> CORE::PARTITIONS_PROCESSED 200495
<INFO 7f543e0036c0> CORE::PARTITIONS_PROCESSED 196921
<INFO 7f543b7fe6c0> CORE::BYTES::EDGES_STREAMED 534679463880
<INFO 7f543e0036c0> CORE::BYTES::EDGES_STREAMED 533030216496
<INFO 7f543bfff6c0> CORE::PARTITIONS_PROCESSED 196974
<INFO 7f543b7fe6c0> CORE::BYTES::UPDATES_OUT 8539220624
<INFO 7f543e0036c0> CORE::BYTES::UPDATES_OUT 8508840800
<INFO 7f543b7fe6c0> CORE::BYTES::UPDATES_IN 8544364720
<INFO 7f54408086c0> CORE::BYTES::EDGES_STREAMED 534131045808
<INFO 7f54408086c0> CORE::BYTES::UPDATES_OUT 8520133584
<INFO 7f54408086c0> CORE::BYTES::UPDATES_IN 8541039472
<INFO 7f543e8046c0> CORE::PARTITIONS_PROCESSED 199493
<INFO 7f543e8046c0> CORE::BYTES::EDGES_STREAMED 534754114872
<INFO 7f543e8046c0> CORE::BYTES::UPDATES_OUT 8556468192
<INFO 7f543e8046c0> CORE::BYTES::UPDATES_IN 8553444736
<INFO 7f543f0056c0> CORE::PARTITIONS_PROCESSED 195004
<INFO 7f543f0056c0> CORE::BYTES::EDGES_STREAMED 534151379712
<INFO 7f543f0056c0> CORE::BYTES::UPDATES_OUT 8537407216
<INFO 7f543f0056c0> CORE::BYTES::UPDATES_IN 8511123840
<INFO 7f5439ffb6c0> CORE::PARTITIONS_PROCESSED 194894
<INFO 7f5439ffb6c0> CORE::BYTES::EDGES_STREAMED 533419233360
<INFO 7f5439ffb6c0> CORE::BYTES::UPDATES_OUT 8503377488
<INFO 7f5439ffb6c0> CORE::BYTES::UPDATES_IN 8537688336
<INFO 7f543e0036c0> CORE::BYTES::UPDATES_IN 8572292464
<INFO 7f543d8026c0> CORE::PARTITIONS_PROCESSED 201231
<INFO 7f543d0016c0> CORE::PARTITIONS_PROCESSED 197253
<INFO 7f543d0016c0> CORE::BYTES::EDGES_STREAMED 534031199472
<INFO 7f543d0016c0> CORE::BYTES::UPDATES_OUT 8516259808
<INFO 7f543d0016c0> CORE::BYTES::UPDATES_IN 8543096528
<INFO 7f543c8006c0> CORE::PARTITIONS_PROCESSED 195533
<INFO 7f543c8006c0> CORE::BYTES::EDGES_STREAMED 534102520800
<INFO 7f543c8006c0> CORE::BYTES::UPDATES_OUT 8511548992
<INFO 7f543c8006c0> CORE::BYTES::UPDATES_IN 8501743280
<INFO 7f543f8066c0> CORE::PARTITIONS_PROCESSED 197110
<INFO 7f543f8066c0> CORE::BYTES::EDGES_STREAMED 534370017960
<INFO 7f543f8066c0> CORE::BYTES::UPDATES_OUT 8509229776
<INFO 7f543f8066c0> CORE::BYTES::UPDATES_IN 8542787056
<INFO 7f543bfff6c0> CORE::BYTES::EDGES_STREAMED 532871411016
<INFO 7f543bfff6c0> CORE::BYTES::UPDATES_OUT 8569765392
<INFO 7f543bfff6c0> CORE::BYTES::UPDATES_IN 8527281504
<INFO 7f54410096c0> CORE::PARTITIONS_PROCESSED 195614
<INFO 7f54410096c0> CORE::BYTES::EDGES_STREAMED 534106134456
<INFO 7f54410096c0> CORE::BYTES::UPDATES_OUT 8524439232
<INFO 7f54410096c0> CORE::BYTES::UPDATES_IN 8491066768
<INFO 7f543affd6c0> CORE::PARTITIONS_PROCESSED 200047
<INFO 7f543affd6c0> CORE::BYTES::EDGES_STREAMED 534124880376
<INFO 7f543affd6c0> CORE::BYTES::UPDATES_OUT 8512467120
<INFO 7f543affd6c0> CORE::BYTES::UPDATES_IN 8535265440
<INFO 7f543d8026c0> CORE::BYTES::EDGES_STREAMED 534108371952
<INFO 7f543d8026c0> CORE::BYTES::UPDATES_OUT 8528726176
<INFO 7f543d8026c0> CORE::BYTES::UPDATES_IN 8560090672
<INFO 7f54400076c0> CORE::PARTITIONS_PROCESSED 195271
<INFO 7f54400076c0> CORE::BYTES::EDGES_STREAMED 534239581368
<INFO 7f54400076c0> CORE::BYTES::UPDATES_OUT 8532816304
<INFO 7f54400076c0> CORE::BYTES::UPDATES_IN 8554484976
<INFO 7f5641f312c0> CORE::RUSAGE::MAX_RSS_KB 8394480
<INFO 7f5641f312c0> CORE::RUSAGE::MINFLT 2097601
<INFO 7f5641f312c0> CORE::RUSAGE::MAJFLT 0
<INFO 7f5641f312c0> CORE::RUSAGE::MAJFLT 0
<INFO 7f5641f312c0> CORE::RUSAGE::INBLK 2734376
<INFO 7f5641f312c0> CORE::RUSAGE::OUBLK 608064
<INFO 7f5641f312c0> CORE::UTILS::BYTES_READ 1400000512
<INFO 7f5641f312c0> CORE::UTILS::BYTES_WRITTEN 311316480
<INFO 7f5641f312c0> CORE::TIME::IO_WAIT 6.80673 seconds
<INFO 7f5641f312c0> CORE::PHASES 6263
<INFO 7f5641f312c0> CORE::TIME::SETUP 3.43244 seconds
<INFO 7f5641f312c0> CORE::TIME::STATE_ITER 0.059385 seconds
<INFO 7f5641f312c0> CORE::TIME::GATHER 188.11 seconds
<INFO 7f5641f312c0> CORE::TIME::SCATTER 665.756 seconds
<INFO 7f5641f312c0> TIME_IN_PC_FN 438.88 seconds
<INFO 7f5641f312c0> CORE::TIME::WALL 975.7 seconds
<INFO 7f5641f312c0> SHUTDOWN
