<INFO 7625648982c0> STARTUP
<INFO 7625648982c0> CORE::GRAPH dimacs-usa-sym
<INFO 7625648982c0> CORE::ALGORITHM mis
<INFO 7625648982c0> SG-DRIVER-ORIGINAL
<WARNING 7625648982c0> Disk count not specified, assuming it to be 1
<INFO 7625648982c0> CORE::CONFIG::PROCESSORS 16
<INFO 7625648982c0> CORE::CONFIG::PHYSICAL_MEMORY 8589934592
<INFO 7625648982c0> CORE::CONFIG::VERTICES 23947347
<INFO 7625648982c0> CORE::CONFIG::VERTEX_SIZE 1
<INFO 7625648982c0> CORE::CONFIG::VERTEX_BUFFER 23949312
<INFO 7625648982c0> CORE::CONFIG::EDGES 116666688
<INFO 7625648982c0> CORE::CONFIG::PARTITIONS 256
<INFO 7625648982c0> CORE::CONFIG::FANOUT 256
<INFO 7625648982c0> CORE::CONFIG::SUPER_PARTITIONS 1
<INFO 7625648982c0> CORE::CONFIG::STREAM_UNIT 16777216
<INFO 7625648982c0> CORE::CONFIG::BUFFER_SIZE 1709833318
<INFO 7625648982c0> CORE::CONFIG::IO_NUMIOQS 1
<INFO 7625648982c0> CORE::CONFIG::MAX_BUFFERS 4
<INFO 7625648982c0> CORE::CONFIG::MAX_STREAMS 5
<WARNING 7625648982c0> No mount point specified for disk0, falling back to current directory
my size is 1400000256
<INFO 7625648982c0> ALGORITHM::MIS::NOT_IN_MIS 13320923
<INFO 7625648982c0> CORE::PARTITIONS_PROCESSED 497
<INFO 7625648982c0> CORE::BYTES::EDGES_STREAMED 2767888536
<INFO 7625648982c0> CORE::BYTES::UPDATES_OUT 296003136
<INFO 7625648982c0> CORE::BYTES::UPDATES_IN 296517128
<INFO 76235e9fd6c0> CORE::PARTITIONS_PROCESSED 463
<INFO 762361a036c0> CORE::PARTITIONS_PROCESSED 478
<INFO 76235f9ff6c0> CORE::PARTITIONS_PROCESSED 457
<INFO 762361a036c0> CORE::BYTES::EDGES_STREAMED 2722786008
<INFO 76235f9ff6c0> CORE::BYTES::EDGES_STREAMED 2744992704
<INFO 76235f9ff6c0> CORE::BYTES::UPDATES_OUT 294198480
<INFO 76235f9ff6c0> CORE::BYTES::UPDATES_IN 269105344
<INFO 762361a036c0> CORE::BYTES::UPDATES_OUT 291981888
<INFO 76235c9f96c0> CORE::PARTITIONS_PROCESSED 510
<INFO 76235e1fc6c0> CORE::PARTITIONS_PROCESSED 460
<INFO 76235c9f96c0> CORE::BYTES::EDGES_STREAMED 2855162400
<INFO 76235e1fc6c0> CORE::BYTES::EDGES_STREAMED 2612754336
<INFO 762361a036c0> CORE::BYTES::UPDATES_IN 281154000
<INFO 76235e9fd6c0> CORE::BYTES::EDGES_STREAMED 2668008960
<INFO 76235e9fd6c0> CORE::BYTES::UPDATES_OUT 285887624
<INFO 76235e1fc6c0> CORE::BYTES::UPDATES_OUT 280299512
<INFO 76235e9fd6c0> CORE::BYTES::UPDATES_IN 272044448
<INFO 76235e1fc6c0> CORE::BYTES::UPDATES_IN 269742056
<INFO 76235c9f96c0> CORE::BYTES::UPDATES_OUT 306399984
<INFO 762363a076c0> CORE::PARTITIONS_PROCESSED 485
<INFO 7623632066c0> CORE::PARTITIONS_PROCESSED 494
<INFO 7623612026c0> CORE::PARTITIONS_PROCESSED 485
<INFO 7623622046c0> CORE::PARTITIONS_PROCESSED 456
<INFO 76235d9fb6c0> CORE::PARTITIONS_PROCESSED 526
<INFO 7623622046c0> CORE::BYTES::EDGES_STREAMED 2684857224
<INFO 76235d9fb6c0> CORE::BYTES::EDGES_STREAMED 2860492440
<INFO 762363a076c0> CORE::BYTES::EDGES_STREAMED 2646709944
<INFO 762363a076c0> CORE::BYTES::UPDATES_OUT 284197616
<INFO 762363a076c0> CORE::BYTES::UPDATES_IN 284394080
<INFO 76235c9f96c0> CORE::BYTES::UPDATES_IN 297762832
<INFO 762362a056c0> CORE::PARTITIONS_PROCESSED 463
<INFO 76235f1fe6c0> CORE::PARTITIONS_PROCESSED 439
<INFO 7623622046c0> CORE::BYTES::UPDATES_OUT 287592224
<INFO 7623632066c0> CORE::BYTES::EDGES_STREAMED 2673916104
<INFO 76235d9fb6c0> CORE::BYTES::UPDATES_OUT 306798392
<INFO 7623632066c0> CORE::BYTES::UPDATES_OUT 292337760
<INFO 7623632066c0> CORE::BYTES::UPDATES_IN 288471168
<INFO 76235d9fb6c0> CORE::BYTES::UPDATES_IN 308503808
<INFO 762362a056c0> CORE::BYTES::EDGES_STREAMED 2587003896
<INFO 762362a056c0> CORE::BYTES::UPDATES_OUT 277526240
<INFO 762362a056c0> CORE::BYTES::UPDATES_IN 270125544
<INFO 7623612026c0> CORE::BYTES::EDGES_STREAMED 2810939928
<INFO 7623612026c0> CORE::BYTES::UPDATES_OUT 301039960
<INFO 7623612026c0> CORE::BYTES::UPDATES_IN 284678672
<INFO 76235d1fa6c0> CORE::PARTITIONS_PROCESSED 508
<INFO 76235d1fa6c0> CORE::BYTES::EDGES_STREAMED 2648264736
<INFO 76235d1fa6c0> CORE::BYTES::UPDATES_OUT 282873392
<INFO 76235d1fa6c0> CORE::BYTES::UPDATES_IN 298685920
<INFO 7623602006c0> CORE::PARTITIONS_PROCESSED 462
<INFO 7623602006c0> CORE::BYTES::EDGES_STREAMED 2516275584
<INFO 762360a016c0> CORE::PARTITIONS_PROCESSED 497
<INFO 7623602006c0> CORE::BYTES::UPDATES_OUT 268807416
<INFO 762360a016c0> CORE::BYTES::EDGES_STREAMED 2979671232
<INFO 762360a016c0> CORE::BYTES::UPDATES_OUT 319567040
<INFO 762360a016c0> CORE::BYTES::UPDATES_IN 290128384
<INFO 7623602006c0> CORE::BYTES::UPDATES_IN 272122304
<INFO 76235f1fe6c0> CORE::BYTES::EDGES_STREAMED 2620283904
<INFO 76235f1fe6c0> CORE::BYTES::UPDATES_OUT 281716880
<INFO 76235f1fe6c0> CORE::BYTES::UPDATES_IN 257599800
<INFO 7623622046c0> CORE::BYTES::UPDATES_IN 268057600
<INFO 7625648982c0> CORE::RUSAGE::MAX_RSS_KB 8394136
<INFO 7625648982c0> CORE::RUSAGE::MINFLT 2097550
<INFO 7625648982c0> CORE::RUSAGE::MAJFLT 0
<INFO 7625648982c0> CORE::RUSAGE::MAJFLT 0
<INFO 7625648982c0> CORE::RUSAGE::INBLK 2734376
<INFO 7625648982c0> CORE::RUSAGE::OUBLK 46792
<INFO 7625648982c0> CORE::UTILS::BYTES_READ 1400000512
<INFO 7625648982c0> CORE::UTILS::BYTES_WRITTEN 23949312
<INFO 7625648982c0> CORE::TIME::IO_WAIT 3.3425 seconds
<INFO 7625648982c0> CORE::PHASES 31
<INFO 7625648982c0> CORE::TIME::SETUP 3.42597 seconds
<INFO 7625648982c0> CORE::TIME::STATE_ITER 1.52914 seconds
<INFO 7625648982c0> CORE::TIME::GATHER 2.50122 seconds
<INFO 7625648982c0> CORE::TIME::SCATTER 7.93302 seconds
<INFO 7625648982c0> TIME_IN_PC_FN 3.05466 seconds
<INFO 7625648982c0> CORE::TIME::WALL 16.2398 seconds
<INFO 7625648982c0> SHUTDOWN
