<INFO 77766670f2c0> STARTUP
<INFO 77766670f2c0> CORE::GRAPH dimacs-usa-sym
<INFO 77766670f2c0> CORE::ALGORITHM cc
<INFO 77766670f2c0> SG-DRIVER-ORIGINAL
<WARNING 77766670f2c0> Disk count not specified, assuming it to be 1
<INFO 77766670f2c0> CORE::CONFIG::PROCESSORS 16
<INFO 77766670f2c0> CORE::CONFIG::PHYSICAL_MEMORY 8589934592
<INFO 77766670f2c0> CORE::CONFIG::VERTICES 23947347
<INFO 77766670f2c0> CORE::CONFIG::VERTEX_SIZE 13
<INFO 77766670f2c0> CORE::CONFIG::VERTEX_BUFFER 311316480
<INFO 77766670f2c0> CORE::CONFIG::EDGES 116666688
<INFO 77766670f2c0> CORE::CONFIG::PARTITIONS 512
<INFO 77766670f2c0> CORE::CONFIG::FANOUT 512
<INFO 77766670f2c0> CORE::CONFIG::SUPER_PARTITIONS 1
<INFO 77766670f2c0> CORE::CONFIG::STREAM_UNIT 16777216
<INFO 77766670f2c0> CORE::CONFIG::BUFFER_SIZE 1652356198
<INFO 77766670f2c0> CORE::CONFIG::IO_NUMIOQS 1
<INFO 77766670f2c0> CORE::CONFIG::MAX_BUFFERS 4
<INFO 77766670f2c0> CORE::CONFIG::MAX_STREAMS 5
<WARNING 77766670f2c0> No mount point specified for disk0, falling back to current directory
my size is 1400000256
<INFO 77766670f2c0> ALGORITHM::CC::CC_COUNT 1
<INFO 77766670f2c0> CORE::PARTITIONS_PROCESSED 188433
<INFO 77766670f2c0> CORE::BYTES::EDGES_STREAMED 540924942120
<INFO 77766670f2c0> CORE::BYTES::UPDATES_OUT 8690416048
<INFO 77766670f2c0> CORE::BYTES::UPDATES_IN 8522665376
<INFO 77745e7fb6c0> CORE::PARTITIONS_PROCESSED 196682
<INFO 77745effc6c0> CORE::PARTITIONS_PROCESSED 195393
<INFO 77745effc6c0> CORE::BYTES::EDGES_STREAMED 531739862376
<INFO 77745effc6c0> CORE::BYTES::UPDATES_OUT 8493732512
<INFO 77745effc6c0> CORE::BYTES::UPDATES_IN 8586767808
<INFO 7774638056c0> CORE::PARTITIONS_PROCESSED 199403
<INFO 77745e7fb6c0> CORE::BYTES::EDGES_STREAMED 532319146296
<INFO 77745e7fb6c0> CORE::BYTES::UPDATES_OUT 8467094912
<INFO 77745e7fb6c0> CORE::BYTES::UPDATES_IN 8497959872
<INFO 7774638056c0> CORE::BYTES::EDGES_STREAMED 534057918912
<INFO 7774638056c0> CORE::BYTES::UPDATES_OUT 8466724704
<INFO 7774638056c0> CORE::BYTES::UPDATES_IN 8524108208
<INFO 7774640066c0> CORE::PARTITIONS_PROCESSED 198108
<INFO 7774640066c0> CORE::BYTES::EDGES_STREAMED 535697038392
<INFO 7774640066c0> CORE::BYTES::UPDATES_OUT 8595941296
<INFO 7774640066c0> CORE::BYTES::UPDATES_IN 8575151952
<INFO 77745fffe6c0> CORE::PARTITIONS_PROCESSED 200561
<INFO 77745fffe6c0> CORE::BYTES::EDGES_STREAMED 536400251640
<INFO 77745fffe6c0> CORE::BYTES::UPDATES_OUT 8609238512
<INFO 77745fffe6c0> CORE::BYTES::UPDATES_IN 8643729344
<INFO 7774610006c0> CORE::PARTITIONS_PROCESSED 197319
<INFO 7774610006c0> CORE::BYTES::EDGES_STREAMED 533232513504
<INFO 7774610006c0> CORE::BYTES::UPDATES_OUT 8427206240
<INFO 7774610006c0> CORE::BYTES::UPDATES_IN 8471860976
<INFO 77745f7fd6c0> CORE::PARTITIONS_PROCESSED 199013
<INFO 77745f7fd6c0> CORE::BYTES::EDGES_STREAMED 532746897648
<INFO 77745f7fd6c0> CORE::BYTES::UPDATES_OUT 8482020800
<INFO 77745f7fd6c0> CORE::BYTES::UPDATES_IN 8546778528
<INFO 7774618016c0> CORE::PARTITIONS_PROCESSED 196886
<INFO 7774618016c0> CORE::BYTES::EDGES_STREAMED 532704179016
<INFO 7774618016c0> CORE::BYTES::UPDATES_OUT 8600412432
<INFO 7774618016c0> CORE::BYTES::UPDATES_IN 8575109408
<INFO 7774620026c0> CORE::PARTITIONS_PROCESSED 195076
<INFO 7774620026c0> CORE::BYTES::EDGES_STREAMED 534949447776
<INFO 7774620026c0> CORE::BYTES::UPDATES_OUT 8546486464
<INFO 7774620026c0> CORE::BYTES::UPDATES_IN 8492741056
<INFO 7774628036c0> CORE::PARTITIONS_PROCESSED 196941
<INFO 7774628036c0> CORE::BYTES::EDGES_STREAMED 535676847408
<INFO 7774628036c0> CORE::BYTES::UPDATES_OUT 8549006096
<INFO 7774628036c0> CORE::BYTES::UPDATES_IN 8576525936
<INFO 7774658096c0> CORE::PARTITIONS_PROCESSED 197242
<INFO 7774658096c0> CORE::BYTES::EDGES_STREAMED 533088305424
<INFO 7774658096c0> CORE::BYTES::UPDATES_OUT 8561426016
<INFO 7774658096c0> CORE::BYTES::UPDATES_IN 8527772960
<INFO 7774650086c0> CORE::PARTITIONS_PROCESSED 196864
<INFO 7774650086c0> CORE::BYTES::EDGES_STREAMED 532263582192
<INFO 7774650086c0> CORE::BYTES::UPDATES_OUT 8448243824
<INFO 7774650086c0> CORE::BYTES::UPDATES_IN 8503253392
<INFO 7774630046c0> CORE::PARTITIONS_PROCESSED 194037
<INFO 7774630046c0> CORE::BYTES::EDGES_STREAMED 533574451872
<INFO 7774630046c0> CORE::BYTES::UPDATES_OUT 8481937168
<INFO 7774630046c0> CORE::BYTES::UPDATES_IN 8465790176
<INFO 7774648076c0> CORE::PARTITIONS_PROCESSED 195003
<INFO 7774648076c0> CORE::BYTES::EDGES_STREAMED 533589252240
<INFO 7774648076c0> CORE::BYTES::UPDATES_OUT 8459353968
<INFO 7774648076c0> CORE::BYTES::UPDATES_IN 8428846432
<INFO 7774607ff6c0> CORE::PARTITIONS_PROCESSED 199017
<INFO 7774607ff6c0> CORE::BYTES::EDGES_STREAMED 536343283968
<INFO 7774607ff6c0> CORE::BYTES::UPDATES_OUT 8581941296
<INFO 7774607ff6c0> CORE::BYTES::UPDATES_IN 8522120864
<INFO 77766670f2c0> CORE::RUSAGE::MAX_RSS_KB 8394296
<INFO 77766670f2c0> CORE::RUSAGE::MINFLT 2097597
<INFO 77766670f2c0> CORE::RUSAGE::MAJFLT 0
<INFO 77766670f2c0> CORE::RUSAGE::MAJFLT 0
<INFO 77766670f2c0> CORE::RUSAGE::INBLK 2734376
<INFO 77766670f2c0> CORE::RUSAGE::OUBLK 608064
<INFO 77766670f2c0> CORE::UTILS::BYTES_READ 1400000512
<INFO 77766670f2c0> CORE::UTILS::BYTES_WRITTEN 311316480
<INFO 77766670f2c0> CORE::TIME::IO_WAIT 3.89546 seconds
<INFO 77766670f2c0> CORE::PHASES 6263
<INFO 77766670f2c0> CORE::TIME::SETUP 3.43761 seconds
<INFO 77766670f2c0> CORE::TIME::STATE_ITER 0.056286 seconds
<INFO 77766670f2c0> CORE::TIME::GATHER 202.287 seconds
<INFO 77766670f2c0> CORE::TIME::SCATTER 690.471 seconds
<INFO 77766670f2c0> TIME_IN_PC_FN 438.832 seconds
<INFO 77766670f2c0> CORE::TIME::WALL 1027.36 seconds
<INFO 77766670f2c0> SHUTDOWN
