<INFO 7b8473b0b2c0> STARTUP
<INFO 7b8473b0b2c0> CORE::GRAPH dimacs-usa-sym
<INFO 7b8473b0b2c0> CORE::ALGORITHM conductance
<INFO 7b8473b0b2c0> SG-DRIVER-ORIGINAL
<WARNING 7b8473b0b2c0> Disk count not specified, assuming it to be 1
<INFO 7b8473b0b2c0> CORE::CONFIG::PROCESSORS 16
<INFO 7b8473b0b2c0> CORE::CONFIG::PHYSICAL_MEMORY 8589934592
<INFO 7b8473b0b2c0> CORE::CONFIG::VERTICES 23947347
<INFO 7b8473b0b2c0> CORE::CONFIG::VERTEX_SIZE 0
<INFO 7b8473b0b2c0> CORE::CONFIG::VERTEX_BUFFER 0
<INFO 7b8473b0b2c0> CORE::CONFIG::EDGES 116666688
<INFO 7b8473b0b2c0> CORE::CONFIG::PARTITIONS 256
<INFO 7b8473b0b2c0> CORE::CONFIG::FANOUT 256
<INFO 7b8473b0b2c0> CORE::CONFIG::SUPER_PARTITIONS 1
<INFO 7b8473b0b2c0> CORE::CONFIG::STREAM_UNIT 16777216
<INFO 7b8473b0b2c0> CORE::CONFIG::BUFFER_SIZE 1714623180
<INFO 7b8473b0b2c0> CORE::CONFIG::IO_NUMIOQS 1
<INFO 7b8473b0b2c0> CORE::CONFIG::MAX_BUFFERS 4
<INFO 7b8473b0b2c0> CORE::CONFIG::MAX_STREAMS 5
<WARNING 7b8473b0b2c0> No mount point specified for disk0, falling back to current directory
my size is 1400000256
<INFO 7b8473b0b2c0> ALGORITHM::CONDUCTANCE::VALUE 1.12335
<INFO 7b8473b0b2c0> CORE::PARTITIONS_PROCESSED 0
<INFO 7b8473b0b2c0> CORE::BYTES::EDGES_STREAMED 164060808
<INFO 7b8473b0b2c0> CORE::BYTES::UPDATES_OUT 0
<INFO 7b8473b0b2c0> CORE::BYTES::UPDATES_IN 0
<INFO 7b826c3f76c0> CORE::PARTITIONS_PROCESSED 0
<INFO 7b826c3f76c0> CORE::BYTES::EDGES_STREAMED 93018216
<INFO 7b826c3f76c0> CORE::BYTES::UPDATES_OUT 0
<INFO 7b826c3f76c0> CORE::BYTES::UPDATES_IN 0
<INFO 7b8271c026c0> CORE::PARTITIONS_PROCESSED 0
<INFO 7b826bbf66c0> CORE::PARTITIONS_PROCESSED 0
<INFO 7b826f3fd6c0> CORE::PARTITIONS_PROCESSED 0
<INFO 7b8270c006c0> CORE::PARTITIONS_PROCESSED 0
<INFO 7b826f3fd6c0> CORE::BYTES::EDGES_STREAMED 92990184
<INFO 7b82703ff6c0> CORE::PARTITIONS_PROCESSED 0
<INFO 7b82703ff6c0> CORE::BYTES::EDGES_STREAMED 87501120
<INFO 7b8270c006c0> CORE::BYTES::EDGES_STREAMED 82010664
<INFO 7b8270c006c0> CORE::BYTES::UPDATES_OUT 0
<INFO 7b8270c006c0> CORE::BYTES::UPDATES_IN 0
<INFO 7b826d3f96c0> CORE::PARTITIONS_PROCESSED 0
<INFO 7b826d3f96c0> CORE::BYTES::EDGES_STREAMED 87453096
<INFO 7b826d3f96c0> CORE::BYTES::UPDATES_OUT 0
<INFO 7b826d3f96c0> CORE::BYTES::UPDATES_IN 0
<INFO 7b826f3fd6c0> CORE::BYTES::UPDATES_OUT 0
<INFO 7b826f3fd6c0> CORE::BYTES::UPDATES_IN 0
<INFO 7b826bbf66c0> CORE::BYTES::EDGES_STREAMED 60146088
<INFO 7b826bbf66c0> CORE::BYTES::UPDATES_OUT 0
<INFO 7b826bbf66c0> CORE::BYTES::UPDATES_IN 0
<INFO 7b82703ff6c0> CORE::BYTES::UPDATES_OUT 0
<INFO 7b82703ff6c0> CORE::BYTES::UPDATES_IN 0
<INFO 7b8271c026c0> CORE::BYTES::EDGES_STREAMED 87495336
<INFO 7b8271c026c0> CORE::BYTES::UPDATES_OUT 0
<INFO 7b8271c026c0> CORE::BYTES::UPDATES_IN 0
<INFO 7b826ebfc6c0> CORE::PARTITIONS_PROCESSED 0
<INFO 7b826ebfc6c0> CORE::BYTES::EDGES_STREAMED 87480432
<INFO 7b826ebfc6c0> CORE::BYTES::UPDATES_OUT 0
<INFO 7b826ebfc6c0> CORE::BYTES::UPDATES_IN 0
<INFO 7b826cbf86c0> CORE::PARTITIONS_PROCESSED 0
<INFO 7b826cbf86c0> CORE::BYTES::EDGES_STREAMED 82040568
<INFO 7b826cbf86c0> CORE::BYTES::UPDATES_OUT 0
<INFO 7b826cbf86c0> CORE::BYTES::UPDATES_IN 0
<INFO 7b82724036c0> CORE::PARTITIONS_PROCESSED 0
<INFO 7b82724036c0> CORE::BYTES::EDGES_STREAMED 87514944
<INFO 7b82724036c0> CORE::BYTES::UPDATES_OUT 0
<INFO 7b82724036c0> CORE::BYTES::UPDATES_IN 0
<INFO 7b826fbfe6c0> CORE::PARTITIONS_PROCESSED 0
<INFO 7b826fbfe6c0> CORE::BYTES::EDGES_STREAMED 87486024
<INFO 7b826fbfe6c0> CORE::BYTES::UPDATES_OUT 0
<INFO 7b826fbfe6c0> CORE::BYTES::UPDATES_IN 0
<INFO 7b8272c046c0> CORE::PARTITIONS_PROCESSED 0
<INFO 7b8272c046c0> CORE::BYTES::EDGES_STREAMED 87505584
<INFO 7b8272c046c0> CORE::BYTES::UPDATES_OUT 0
<INFO 7b8272c046c0> CORE::BYTES::UPDATES_IN 0
<INFO 7b82714016c0> CORE::PARTITIONS_PROCESSED 0
<INFO 7b82714016c0> CORE::BYTES::EDGES_STREAMED 65610720
<INFO 7b82714016c0> CORE::BYTES::UPDATES_OUT 0
<INFO 7b82714016c0> CORE::BYTES::UPDATES_IN 0
<INFO 7b826e3fb6c0> CORE::PARTITIONS_PROCESSED 0
<INFO 7b826e3fb6c0> CORE::BYTES::EDGES_STREAMED 93008352
<INFO 7b826e3fb6c0> CORE::BYTES::UPDATES_OUT 0
<INFO 7b826e3fb6c0> CORE::BYTES::UPDATES_IN 0
<INFO 7b826dbfa6c0> CORE::PARTITIONS_PROCESSED 0
<INFO 7b826dbfa6c0> CORE::BYTES::EDGES_STREAMED 54678120
<INFO 7b826dbfa6c0> CORE::BYTES::UPDATES_OUT 0
<INFO 7b826dbfa6c0> CORE::BYTES::UPDATES_IN 0
<INFO 7b8473b0b2c0> CORE::RUSAGE::MAX_RSS_KB 8394080
<INFO 7b8473b0b2c0> CORE::RUSAGE::MINFLT 2097564
<INFO 7b8473b0b2c0> CORE::RUSAGE::MAJFLT 0
<INFO 7b8473b0b2c0> CORE::RUSAGE::MAJFLT 0
<INFO 7b8473b0b2c0> CORE::RUSAGE::INBLK 2734376
<INFO 7b8473b0b2c0> CORE::RUSAGE::OUBLK 16
<INFO 7b8473b0b2c0> CORE::UTILS::BYTES_READ 1400000512
<INFO 7b8473b0b2c0> CORE::UTILS::BYTES_WRITTEN 0
<INFO 7b8473b0b2c0> CORE::TIME::IO_WAIT 3.26428 seconds
<INFO 7b8473b0b2c0> CORE::PHASES 2
<INFO 7b8473b0b2c0> CORE::TIME::SETUP 3.43948 seconds
<INFO 7b8473b0b2c0> CORE::TIME::STATE_ITER 0.056822 seconds
<INFO 7b8473b0b2c0> CORE::TIME::GATHER 1e-06 seconds
<INFO 7b8473b0b2c0> CORE::TIME::SCATTER 3.676 seconds
<INFO 7b8473b0b2c0> TIME_IN_PC_FN 0.056149 seconds
<INFO 7b8473b0b2c0> CORE::TIME::WALL 7.26415 seconds
<INFO 7b8473b0b2c0> SHUTDOWN
