<INFO 7e6fc6ea42c0> STARTUP
<INFO 7e6fc6ea42c0> CORE::GRAPH dimacs-usa-dir
<INFO 7e6fc6ea42c0> CORE::ALGORITHM pagerank
<INFO 7e6fc6ea42c0> SG-DRIVER-ORIGINAL
<WARNING 7e6fc6ea42c0> Disk count not specified, assuming it to be 1
<INFO 7e6fc6ea42c0> CORE::CONFIG::PROCESSORS 16
<INFO 7e6fc6ea42c0> CORE::CONFIG::PHYSICAL_MEMORY 8589934592
<INFO 7e6fc6ea42c0> CORE::CONFIG::VERTICES 23947347
<INFO 7e6fc6ea42c0> CORE::CONFIG::VERTEX_SIZE 12
<INFO 7e6fc6ea42c0> CORE::CONFIG::VERTEX_BUFFER 287371264
<INFO 7e6fc6ea42c0> CORE::CONFIG::EDGES 58333344
<INFO 7e6fc6ea42c0> CORE::CONFIG::PARTITIONS 512
<INFO 7e6fc6ea42c0> CORE::CONFIG::FANOUT 512
<INFO 7e6fc6ea42c0> CORE::CONFIG::SUPER_PARTITIONS 1
<INFO 7e6fc6ea42c0> CORE::CONFIG::STREAM_UNIT 16777216
<INFO 7e6fc6ea42c0> CORE::CONFIG::BUFFER_SIZE 1657145241
<INFO 7e6fc6ea42c0> CORE::CONFIG::IO_NUMIOQS 1
<INFO 7e6fc6ea42c0> CORE::CONFIG::MAX_BUFFERS 4
<INFO 7e6fc6ea42c0> CORE::CONFIG::MAX_STREAMS 5
<WARNING 7e6fc6ea42c0> No mount point specified for disk0, falling back to current directory
my size is 700000128
<INFO 7e6fc6ea42c0> CORE::PARTITIONS_PROCESSED 594
<INFO 7e6fc6ea42c0> CORE::BYTES::EDGES_STREAMED 842466216
<INFO 7e6fc6ea42c0> CORE::BYTES::UPDATES_OUT 532465688
<INFO 7e6fc6ea42c0> CORE::BYTES::UPDATES_IN 541516024
<INFO 7e6dc40066c0> CORE::PARTITIONS_PROCESSED 622
<INFO 7e6dc600a6c0> CORE::PARTITIONS_PROCESSED 751
<INFO 7e6dc600a6c0> CORE::BYTES::EDGES_STREAMED 1073184696
<INFO 7e6dc600a6c0> CORE::BYTES::UPDATES_OUT 696314248
<INFO 7e6dc40066c0> CORE::BYTES::EDGES_STREAMED 840713064
<INFO 7e6dc30046c0> CORE::PARTITIONS_PROCESSED 680
<INFO 7e6dc20026c0> CORE::PARTITIONS_PROCESSED 598
<INFO 7e6dc18016c0> CORE::PARTITIONS_PROCESSED 579
<INFO 7e6dbfffe6c0> CORE::PARTITIONS_PROCESSED 618
<INFO 7e6dc28036c0> CORE::PARTITIONS_PROCESSED 599
<INFO 7e6dbfffe6c0> CORE::BYTES::EDGES_STREAMED 996792876
<INFO 7e6dbfffe6c0> CORE::BYTES::UPDATES_OUT 634444104
<INFO 7e6dc28036c0> CORE::BYTES::EDGES_STREAMED 938146908
<INFO 7e6dc50086c0> CORE::PARTITIONS_PROCESSED 769
<INFO 7e6dbfffe6c0> CORE::BYTES::UPDATES_IN 563287920
<INFO 7e6dc18016c0> CORE::BYTES::EDGES_STREAMED 950429400
<INFO 7e6dc48076c0> CORE::PARTITIONS_PROCESSED 545
<INFO 7e6dc58096c0> CORE::PARTITIONS_PROCESSED 564
<INFO 7e6dc600a6c0> CORE::BYTES::UPDATES_IN 684490312
<INFO 7e6dc40066c0> CORE::BYTES::UPDATES_OUT 543156464
<INFO 7e6dc48076c0> CORE::BYTES::EDGES_STREAMED 840649980
<INFO 7e6dbf7fd6c0> CORE::PARTITIONS_PROCESSED 761
<INFO 7e6dc07ff6c0> CORE::PARTITIONS_PROCESSED 580
<INFO 7e6dc30046c0> CORE::BYTES::EDGES_STREAMED 1081107480
<INFO 7e6dc30046c0> CORE::BYTES::UPDATES_OUT 662424496
<INFO 7e6dc58096c0> CORE::BYTES::EDGES_STREAMED 823005444
<INFO 7e6dc58096c0> CORE::BYTES::UPDATES_OUT 490350576
<INFO 7e6dc58096c0> CORE::BYTES::UPDATES_IN 514001760
<INFO 7e6dc07ff6c0> CORE::BYTES::EDGES_STREAMED 937473060
<INFO 7e6dc48076c0> CORE::BYTES::UPDATES_OUT 531267672
<INFO 7e6dc07ff6c0> CORE::BYTES::UPDATES_OUT 596736120
<INFO 7e6dc28036c0> CORE::BYTES::UPDATES_OUT 596259456
<INFO 7e6dc18016c0> CORE::BYTES::UPDATES_OUT 603534896
<INFO 7e6dc30046c0> CORE::BYTES::UPDATES_IN 619634112
<INFO 7e6dc18016c0> CORE::BYTES::UPDATES_IN 527888168
<INFO 7e6dc40066c0> CORE::BYTES::UPDATES_IN 566715504
<INFO 7e6dc50086c0> CORE::BYTES::EDGES_STREAMED 1112968572
<INFO 7e6dc50086c0> CORE::BYTES::UPDATES_OUT 721012008
<INFO 7e6dc50086c0> CORE::BYTES::UPDATES_IN 701009984
<INFO 7e6dc07ff6c0> CORE::BYTES::UPDATES_IN 528501488
<INFO 7e6dc20026c0> CORE::BYTES::EDGES_STREAMED 951523512
<INFO 7e6dc20026c0> CORE::BYTES::UPDATES_OUT 606104808
<INFO 7e6dc20026c0> CORE::BYTES::UPDATES_IN 545020528
<INFO 7e6dc48076c0> CORE::BYTES::UPDATES_IN 496614392
<INFO 7e6dc28036c0> CORE::BYTES::UPDATES_IN 546102104
<INFO 7e6dc10006c0> CORE::PARTITIONS_PROCESSED 689
<INFO 7e6dc10006c0> CORE::BYTES::EDGES_STREAMED 990955056
<INFO 7e6dc10006c0> CORE::BYTES::UPDATES_OUT 641498160
<INFO 7e6dc10006c0> CORE::BYTES::UPDATES_IN 627837368
<INFO 7e6dbeffc6c0> CORE::PARTITIONS_PROCESSED 590
<INFO 7e6dbeffc6c0> CORE::BYTES::EDGES_STREAMED 925772592
<INFO 7e6dbeffc6c0> CORE::BYTES::UPDATES_OUT 597123008
<INFO 7e6dbeffc6c0> CORE::BYTES::UPDATES_IN 537876576
<INFO 7e6dbf7fd6c0> CORE::BYTES::EDGES_STREAMED 1084514544
<INFO 7e6dbf7fd6c0> CORE::BYTES::UPDATES_OUT 693828392
<INFO 7e6dbf7fd6c0> CORE::BYTES::UPDATES_IN 693930216
<INFO 7e6dc38056c0> CORE::PARTITIONS_PROCESSED 701
<INFO 7e6dc38056c0> CORE::BYTES::EDGES_STREAMED 1010299416
<INFO 7e6dc38056c0> CORE::BYTES::UPDATES_OUT 653481696
<INFO 7e6dc38056c0> CORE::BYTES::UPDATES_IN 638908584
<INFO 7e6fc6ea42c0> CORE::RUSAGE::MAX_RSS_KB 8394372
<INFO 7e6fc6ea42c0> CORE::RUSAGE::MINFLT 2097593
<INFO 7e6fc6ea42c0> CORE::RUSAGE::MAJFLT 8
<INFO 7e6fc6ea42c0> CORE::RUSAGE::MAJFLT 8
<INFO 7e6fc6ea42c0> CORE::RUSAGE::INBLK 1367384
<INFO 7e6fc6ea42c0> CORE::RUSAGE::OUBLK 561288
<INFO 7e6fc6ea42c0> CORE::UTILS::BYTES_READ 700002304
<INFO 7e6fc6ea42c0> CORE::UTILS::BYTES_WRITTEN 287371264
<INFO 7e6fc6ea42c0> CORE::TIME::IO_WAIT 2.20144 seconds
<INFO 7e6fc6ea42c0> CORE::PHASES 22
<INFO 7e6fc6ea42c0> CORE::TIME::SETUP 3.54082 seconds
<INFO 7e6fc6ea42c0> CORE::TIME::STATE_ITER 1.17464 seconds
<INFO 7e6fc6ea42c0> CORE::TIME::GATHER 3.94722 seconds
<INFO 7e6fc6ea42c0> CORE::TIME::SCATTER 4.997 seconds
<INFO 7e6fc6ea42c0> TIME_IN_PC_FN 2.69002 seconds
<INFO 7e6fc6ea42c0> CORE::TIME::WALL 15.0384 seconds
<INFO 7e6fc6ea42c0> SHUTDOWN
