<INFO 72a3af7632c0> STARTUP
<INFO 72a3af7632c0> CORE::GRAPH dimacs-usa-dir
<INFO 72a3af7632c0> CORE::ALGORITHM spmv
<INFO 72a3af7632c0> SG-DRIVER-ORIGINAL
<WARNING 72a3af7632c0> Disk count not specified, assuming it to be 1
<INFO 72a3af7632c0> CORE::CONFIG::PROCESSORS 16
<INFO 72a3af7632c0> CORE::CONFIG::PHYSICAL_MEMORY 8589934592
<INFO 72a3af7632c0> CORE::CONFIG::VERTICES 23947347
<INFO 72a3af7632c0> CORE::CONFIG::VERTEX_SIZE 8
<INFO 72a3af7632c0> CORE::CONFIG::VERTEX_BUFFER 191582208
<INFO 72a3af7632c0> CORE::CONFIG::EDGES 58333344
<INFO 72a3af7632c0> CORE::CONFIG::PARTITIONS 512
<INFO 72a3af7632c0> CORE::CONFIG::FANOUT 512
<INFO 72a3af7632c0> CORE::CONFIG::SUPER_PARTITIONS 1
<INFO 72a3af7632c0> CORE::CONFIG::STREAM_UNIT 16777216
<INFO 72a3af7632c0> CORE::CONFIG::BUFFER_SIZE 1676303052
<INFO 72a3af7632c0> CORE::CONFIG::IO_NUMIOQS 1
<INFO 72a3af7632c0> CORE::CONFIG::MAX_BUFFERS 4
<INFO 72a3af7632c0> CORE::CONFIG::MAX_STREAMS 5
<WARNING 72a3af7632c0> No mount point specified for disk0, falling back to current directory
my size is 700000128
<INFO 72a3af7632c0> CORE::PARTITIONS_PROCESSED 31
<INFO 72a3af7632c0> CORE::BYTES::EDGES_STREAMED 43762284
<INFO 72a3af7632c0> CORE::BYTES::UPDATES_OUT 29174856
<INFO 72a3af7632c0> CORE::BYTES::UPDATES_IN 28262664
<INFO 72a1ab0046c0> CORE::PARTITIONS_PROCESSED 32
<INFO 72a1ad8096c0> CORE::PARTITIONS_PROCESSED 32
<INFO 72a1ab0046c0> CORE::BYTES::EDGES_STREAMED 43768776
<INFO 72a1ad8096c0> CORE::BYTES::EDGES_STREAMED 35552004
<INFO 72a1ab0046c0> CORE::BYTES::UPDATES_OUT 29179184
<INFO 72a1a98016c0> CORE::PARTITIONS_PROCESSED 32
<INFO 72a1a77fd6c0> CORE::PARTITIONS_PROCESSED 32
<INFO 72a1ae80b6c0> CORE::PARTITIONS_PROCESSED 31
<INFO 72a1ad8096c0> CORE::BYTES::UPDATES_OUT 23701336
<INFO 72a1ae80b6c0> CORE::BYTES::EDGES_STREAMED 43747680
<INFO 72a1ad8096c0> CORE::BYTES::UPDATES_IN 29170224
<INFO 72a1ad0086c0> CORE::PARTITIONS_PROCESSED 65
<INFO 72a1a98016c0> CORE::BYTES::EDGES_STREAMED 36902004
<INFO 72a1ae80b6c0> CORE::BYTES::UPDATES_OUT 29165120
<INFO 72a1a98016c0> CORE::BYTES::UPDATES_OUT 24601336
<INFO 72a1a98016c0> CORE::BYTES::UPDATES_IN 29158032
<INFO 72a1ac0066c0> CORE::PARTITIONS_PROCESSED 23
<INFO 72a1ac0066c0> CORE::BYTES::EDGES_STREAMED 43738428
<INFO 72a1ab0046c0> CORE::BYTES::UPDATES_IN 29171008
<INFO 72a1a90006c0> CORE::PARTITIONS_PROCESSED 33
<INFO 72a1a90006c0> CORE::BYTES::EDGES_STREAMED 36905784
<INFO 72a1a90006c0> CORE::BYTES::UPDATES_OUT 24603856
<INFO 72a1a90006c0> CORE::BYTES::UPDATES_IN 30064224
<INFO 72a1a87ff6c0> CORE::PARTITIONS_PROCESSED 32
<INFO 72a1a87ff6c0> CORE::BYTES::EDGES_STREAMED 43755264
<INFO 72a1a87ff6c0> CORE::BYTES::UPDATES_OUT 29170176
<INFO 72a1a87ff6c0> CORE::BYTES::UPDATES_IN 29169224
<INFO 72a1ae80b6c0> CORE::BYTES::UPDATES_IN 28254080
<INFO 72a1ac8076c0> CORE::PARTITIONS_PROCESSED 32
<INFO 72a1ac8076c0> CORE::BYTES::EDGES_STREAMED 36912696
<INFO 72a1ac8076c0> CORE::BYTES::UPDATES_OUT 24608464
<INFO 72a1ac8076c0> CORE::BYTES::UPDATES_IN 29159064
<INFO 72a1a77fd6c0> CORE::BYTES::EDGES_STREAMED 42389688
<INFO 72a1a77fd6c0> CORE::BYTES::UPDATES_OUT 28259792
<INFO 72a1a77fd6c0> CORE::BYTES::UPDATES_IN 29173408
<INFO 72a1ad0086c0> CORE::BYTES::EDGES_STREAMED 83377560
<INFO 72a1ad0086c0> CORE::BYTES::UPDATES_OUT 55585040
<INFO 72a1ad0086c0> CORE::BYTES::UPDATES_IN 59231016
<INFO 72a1aa0026c0> CORE::PARTITIONS_PROCESSED 32
<INFO 72a1aa0026c0> CORE::BYTES::EDGES_STREAMED 47869752
<INFO 72a1aa0026c0> CORE::BYTES::UPDATES_OUT 31913168
<INFO 72a1aa0026c0> CORE::BYTES::UPDATES_IN 29175904
<INFO 72a1aa8036c0> CORE::PARTITIONS_PROCESSED 23
<INFO 72a1aa8036c0> CORE::BYTES::EDGES_STREAMED 43749612
<INFO 72a1aa8036c0> CORE::BYTES::UPDATES_OUT 29166408
<INFO 72a1aa8036c0> CORE::BYTES::UPDATES_IN 20960136
<INFO 72a1ae00a6c0> CORE::PARTITIONS_PROCESSED 31
<INFO 72a1ae00a6c0> CORE::BYTES::EDGES_STREAMED 43740156
<INFO 72a1ae00a6c0> CORE::BYTES::UPDATES_OUT 29160104
<INFO 72a1ae00a6c0> CORE::BYTES::UPDATES_IN 28251496
<INFO 72a1ac0066c0> CORE::BYTES::UPDATES_OUT 29158952
<INFO 72a1ac0066c0> CORE::BYTES::UPDATES_IN 20973296
<INFO 72a1ab8056c0> CORE::PARTITIONS_PROCESSED 32
<INFO 72a1ab8056c0> CORE::BYTES::EDGES_STREAMED 43739448
<INFO 72a1ab8056c0> CORE::BYTES::UPDATES_OUT 29159632
<INFO 72a1ab8056c0> CORE::BYTES::UPDATES_IN 29161304
<INFO 72a1a7ffe6c0> CORE::PARTITIONS_PROCESSED 19
<INFO 72a1a7ffe6c0> CORE::BYTES::EDGES_STREAMED 30088992
<INFO 72a1a7ffe6c0> CORE::BYTES::UPDATES_OUT 20059328
<INFO 72a1a7ffe6c0> CORE::BYTES::UPDATES_IN 17331672
<INFO 72a3af7632c0> CORE::RUSAGE::MAX_RSS_KB 8394324
<INFO 72a3af7632c0> CORE::RUSAGE::MINFLT 2097599
<INFO 72a3af7632c0> CORE::RUSAGE::MAJFLT 0
<INFO 72a3af7632c0> CORE::RUSAGE::MAJFLT 0
<INFO 72a3af7632c0> CORE::RUSAGE::INBLK 1367200
<INFO 72a3af7632c0> CORE::RUSAGE::OUBLK 374200
<INFO 72a3af7632c0> CORE::UTILS::BYTES_READ 700002304
<INFO 72a3af7632c0> CORE::UTILS::BYTES_WRITTEN 191582208
<INFO 72a3af7632c0> CORE::TIME::IO_WAIT 2.014 seconds
<INFO 72a3af7632c0> CORE::PHASES 2
<INFO 72a3af7632c0> CORE::TIME::SETUP 3.4412 seconds
<INFO 72a3af7632c0> CORE::TIME::STATE_ITER 0.058995 seconds
<INFO 72a3af7632c0> CORE::TIME::GATHER 0.18 seconds
<INFO 72a3af7632c0> CORE::TIME::SCATTER 1.946 seconds
<INFO 72a3af7632c0> TIME_IN_PC_FN 0.102978 seconds
<INFO 72a3af7632c0> CORE::TIME::WALL 6.09769 seconds
<INFO 72a3af7632c0> SHUTDOWN
