<INFO 76962a8f62c0> STARTUP
<INFO 76962a8f62c0> CORE::GRAPH dimacs-usa-sym
<INFO 76962a8f62c0> CORE::ALGORITHM mcst
<WARNING 76962a8f62c0> Disk count not specified, assuming it to be 1
<INFO 76962a8f62c0> CORE::CONFIG::PROCESSORS 16
<INFO 76962a8f62c0> CORE::CONFIG::PHYSICAL_MEMORY 8589934592
<INFO 76962a8f62c0> CORE::CONFIG::VERTICES 23947347
<INFO 76962a8f62c0> CORE::CONFIG::VERTEX_SIZE 16
<INFO 76962a8f62c0> CORE::CONFIG::VERTEX_BUFFER 383160320
<INFO 76962a8f62c0> CORE::CONFIG::EDGES 116666688
<INFO 76962a8f62c0> CORE::CONFIG::PARTITIONS 512
<INFO 76962a8f62c0> CORE::CONFIG::FANOUT 512
<INFO 76962a8f62c0> CORE::CONFIG::SUPER_PARTITIONS 1
<INFO 76962a8f62c0> CORE::CONFIG::STREAM_UNIT 16777216
<INFO 76962a8f62c0> CORE::CONFIG::BUFFER_SIZE 1364987389
<INFO 76962a8f62c0> CORE::CONFIG::IO_NUMIOQS 1
<INFO 76962a8f62c0> CORE::CONFIG::MAX_BUFFERS 5
<INFO 76962a8f62c0> CORE::CONFIG::MAX_STREAMS 6
<WARNING 76962a8f62c0> No mount point specified for disk0, falling back to current directory
my size is 1400000256
<INFO 76962a8f62c0> ALGORITHM::PROPOSALS_SENT 2151292
<INFO 76962a8f62c0> ALGORITHM::PROPOSALS_RECEIVED 2064289
<INFO 769424a056c0> ALGORITHM::PROPOSALS_SENT 2127403
<INFO 769426a096c0> ALGORITHM::PROPOSALS_SENT 1549082
<INFO 769426a096c0> ALGORITHM::PROPOSALS_RECEIVED 2034206
<INFO 76942920e6c0> ALGORITHM::PROPOSALS_SENT 2065026
<INFO 76942920e6c0> ALGORITHM::PROPOSALS_RECEIVED 1675295
<INFO 769424a056c0> ALGORITHM::PROPOSALS_RECEIVED 2063762
<INFO 7694252066c0> ALGORITHM::PROPOSALS_SENT 3516004
<INFO 7694252066c0> ALGORITHM::PROPOSALS_RECEIVED 1956171
<INFO 769425a076c0> ALGORITHM::PROPOSALS_SENT 1533443
<INFO 769425a076c0> ALGORITHM::PROPOSALS_RECEIVED 2116361
<INFO 7694262086c0> ALGORITHM::PROPOSALS_SENT 2047250
<INFO 7694262086c0> ALGORITHM::PROPOSALS_RECEIVED 2389044
<INFO 7694242046c0> ALGORITHM::PROPOSALS_SENT 1547304
<INFO 7694242046c0> ALGORITHM::PROPOSALS_RECEIVED 1890089
<INFO 769427a0b6c0> ALGORITHM::PROPOSALS_SENT 2000613
<INFO 769427a0b6c0> ALGORITHM::PROPOSALS_RECEIVED 1970755
<INFO 769422a016c0> ALGORITHM::PROPOSALS_SENT 2588537
<INFO 769422a016c0> ALGORITHM::PROPOSALS_RECEIVED 2101711
<INFO 769423a036c0> ALGORITHM::PROPOSALS_SENT 2116446
<INFO 769423a036c0> ALGORITHM::PROPOSALS_RECEIVED 3111204
<INFO 76942720a6c0> ALGORITHM::PROPOSALS_SENT 1889269
<INFO 76942720a6c0> ALGORITHM::PROPOSALS_RECEIVED 2051263
<INFO 769428a0d6c0> ALGORITHM::PROPOSALS_SENT 2017738
<INFO 769428a0d6c0> ALGORITHM::PROPOSALS_RECEIVED 1883482
<INFO 769429a0f6c0> ALGORITHM::PROPOSALS_SENT 2059863
<INFO 76942820c6c0> ALGORITHM::PROPOSALS_SENT 2070251
<INFO 76942820c6c0> ALGORITHM::PROPOSALS_RECEIVED 2085440
<INFO 7694232026c0> ALGORITHM::PROPOSALS_SENT 2108687
<INFO 769429a0f6c0> ALGORITHM::PROPOSALS_RECEIVED 2137966
<INFO 7694232026c0> ALGORITHM::PROPOSALS_RECEIVED 1857170
<INFO 76962a8f62c0> CORE::RUSAGE::MAX_RSS_KB 8394228
<INFO 76962a8f62c0> CORE::RUSAGE::MINFLT 2097610
<INFO 76962a8f62c0> CORE::RUSAGE::MAJFLT 0
<INFO 76962a8f62c0> CORE::RUSAGE::MAJFLT 0
<INFO 76962a8f62c0> CORE::RUSAGE::INBLK 10417344
<INFO 76962a8f62c0> CORE::RUSAGE::OUBLK 6104288
<INFO 76962a8f62c0> CORE::UTILS::BYTES_READ 5333680128
<INFO 76962a8f62c0> CORE::UTILS::BYTES_WRITTEN 3125387264
<INFO 76962a8f62c0> CORE::TIME::IO_WAIT 18.3377 seconds
<INFO 76962a8f62c0> ALGORITHM::TREE_EDGES 24654381
<INFO 76962a8f62c0> ALGORITHM::CC_COUNT 1
<INFO 76962a8f62c0> CORE::PHASES 9
<INFO 76962a8f62c0> CORE::TIME::SETUP 3.4387 seconds
<INFO 76962a8f62c0> CORE::TIME::WALL 37.5651 seconds
<INFO 76962a8f62c0> SHUTDOWN
