<INFO 75b69a2822c0> STARTUP
<INFO 75b69a2822c0> CORE::GRAPH soc-LiveJournal1-sym
<INFO 75b69a2822c0> CORE::ALGORITHM cc
<INFO 75b69a2822c0> SG-DRIVER-ORIGINAL
<WARNING 75b69a2822c0> Disk count not specified, assuming it to be 1
<INFO 75b69a2822c0> CORE::CONFIG::PROCESSORS 16
<INFO 75b69a2822c0> CORE::CONFIG::PHYSICAL_MEMORY 8589934592
<INFO 75b69a2822c0> CORE::CONFIG::VERTICES 4847571
<INFO 75b69a2822c0> CORE::CONFIG::VERTEX_SIZE 13
<INFO 75b69a2822c0> CORE::CONFIG::VERTEX_BUFFER 63021056
<INFO 75b69a2822c0> CORE::CONFIG::EDGES 137469164
<INFO 75b69a2822c0> CORE::CONFIG::PARTITIONS 128
<INFO 75b69a2822c0> CORE::CONFIG::FANOUT 128
<INFO 75b69a2822c0> CORE::CONFIG::SUPER_PARTITIONS 1
<INFO 75b69a2822c0> CORE::CONFIG::STREAM_UNIT 16777216
<INFO 75b69a2822c0> CORE::CONFIG::BUFFER_SIZE 1702020812
<INFO 75b69a2822c0> CORE::CONFIG::IO_NUMIOQS 1
<INFO 75b69a2822c0> CORE::CONFIG::MAX_BUFFERS 4
<INFO 75b69a2822c0> CORE::CONFIG::MAX_STREAMS 5
<WARNING 75b69a2822c0> No mount point specified for disk0, falling back to current directory
my size is 1649629968
<INFO 75b69a2822c0> ALGORITHM::CC::CC_COUNT 1876
<INFO 75b69a2822c0> CORE::PARTITIONS_PROCESSED 80
<INFO 75b69a2822c0> CORE::BYTES::EDGES_STREAMED 1105763796
<INFO 75b69a2822c0> CORE::BYTES::UPDATES_OUT 309889600
<INFO 75b69a2822c0> CORE::BYTES::UPDATES_IN 300242000
<INFO 75b494bfa6c0> CORE::PARTITIONS_PROCESSED 61
<INFO 75b498c026c0> CORE::PARTITIONS_PROCESSED 95
<INFO 75b4973ff6c0> CORE::PARTITIONS_PROCESSED 74
<INFO 75b498c026c0> CORE::BYTES::EDGES_STREAMED 1157959200
<INFO 75b497c006c0> CORE::PARTITIONS_PROCESSED 71
<INFO 75b4943f96c0> CORE::PARTITIONS_PROCESSED 92
<INFO 75b497c006c0> CORE::BYTES::EDGES_STREAMED 1188861048
<INFO 75b496bfe6c0> CORE::PARTITIONS_PROCESSED 64
<INFO 75b498c026c0> CORE::BYTES::UPDATES_OUT 320262792
<INFO 75b4973ff6c0> CORE::BYTES::EDGES_STREAMED 1124341704
<INFO 75b498c026c0> CORE::BYTES::UPDATES_IN 319226392
<INFO 75b494bfa6c0> CORE::BYTES::EDGES_STREAMED 1121878980
<INFO 75b4943f96c0> CORE::BYTES::EDGES_STREAMED 1107735792
<INFO 75b494bfa6c0> CORE::BYTES::UPDATES_OUT 310540464
<INFO 75b493bf86c0> CORE::PARTITIONS_PROCESSED 72
<INFO 75b496bfe6c0> CORE::BYTES::EDGES_STREAMED 1109287056
<INFO 75b493bf86c0> CORE::BYTES::EDGES_STREAMED 1087765812
<INFO 75b493bf86c0> CORE::BYTES::UPDATES_OUT 308339432
<INFO 75b494bfa6c0> CORE::BYTES::UPDATES_IN 300834440
<INFO 75b4984016c0> CORE::PARTITIONS_PROCESSED 80
<INFO 75b4943f96c0> CORE::BYTES::UPDATES_OUT 318824408
<INFO 75b4973ff6c0> CORE::BYTES::UPDATES_OUT 319899664
<INFO 75b497c006c0> CORE::BYTES::UPDATES_OUT 354002424
<INFO 75b496bfe6c0> CORE::BYTES::UPDATES_OUT 310590328
<INFO 75b496bfe6c0> CORE::BYTES::UPDATES_IN 318262800
<INFO 75b4963fd6c0> CORE::PARTITIONS_PROCESSED 109
<INFO 75b493bf86c0> CORE::BYTES::UPDATES_IN 317876424
<INFO 75b497c006c0> CORE::BYTES::UPDATES_IN 387423376
<INFO 75b4973ff6c0> CORE::BYTES::UPDATES_IN 309945520
<INFO 75b4943f96c0> CORE::BYTES::UPDATES_IN 319195544
<INFO 75b492bf66c0> CORE::PARTITIONS_PROCESSED 79
<INFO 75b4963fd6c0> CORE::BYTES::EDGES_STREAMED 1125393372
<INFO 75b4963fd6c0> CORE::BYTES::UPDATES_OUT 319949816
<INFO 75b4984016c0> CORE::BYTES::EDGES_STREAMED 1097690688
<INFO 75b4984016c0> CORE::BYTES::UPDATES_OUT 310237664
<INFO 75b4984016c0> CORE::BYTES::UPDATES_IN 319061432
<INFO 75b4963fd6c0> CORE::BYTES::UPDATES_IN 321385064
<INFO 75b492bf66c0> CORE::BYTES::EDGES_STREAMED 1103745324
<INFO 75b492bf66c0> CORE::BYTES::UPDATES_OUT 309345040
<INFO 75b492bf66c0> CORE::BYTES::UPDATES_IN 317067808
<INFO 75b4933f76c0> CORE::PARTITIONS_PROCESSED 101
<INFO 75b4933f76c0> CORE::BYTES::EDGES_STREAMED 1110753276
<INFO 75b4933f76c0> CORE::BYTES::UPDATES_OUT 318831088
<INFO 75b4933f76c0> CORE::BYTES::UPDATES_IN 318421032
<INFO 75b495bfc6c0> CORE::PARTITIONS_PROCESSED 110
<INFO 75b495bfc6c0> CORE::BYTES::EDGES_STREAMED 1092867420
<INFO 75b495bfc6c0> CORE::BYTES::UPDATES_OUT 309894104
<INFO 75b495bfc6c0> CORE::BYTES::UPDATES_IN 319544048
<INFO 75b4953fb6c0> CORE::PARTITIONS_PROCESSED 87
<INFO 75b4953fb6c0> CORE::BYTES::EDGES_STREAMED 1101982812
<INFO 75b4953fb6c0> CORE::BYTES::UPDATES_OUT 311891304
<INFO 75b4953fb6c0> CORE::BYTES::UPDATES_IN 296082728
<INFO 75b4994036c0> CORE::PARTITIONS_PROCESSED 102
<INFO 75b4994036c0> CORE::BYTES::EDGES_STREAMED 1120471848
<INFO 75b4994036c0> CORE::BYTES::UPDATES_OUT 318456192
<INFO 75b4994036c0> CORE::BYTES::UPDATES_IN 320192472
<INFO 75b4923f56c0> CORE::PARTITIONS_PROCESSED 106
<INFO 75b4923f56c0> CORE::BYTES::EDGES_STREAMED 1170838848
<INFO 75b4923f56c0> CORE::BYTES::UPDATES_OUT 352988216
<INFO 75b4923f56c0> CORE::BYTES::UPDATES_IN 319181456
<INFO 75b69a2822c0> CORE::RUSAGE::MAX_RSS_KB 8394152
<INFO 75b69a2822c0> CORE::RUSAGE::MINFLT 2097540
<INFO 75b69a2822c0> CORE::RUSAGE::MAJFLT 0
<INFO 75b69a2822c0> CORE::RUSAGE::MAJFLT 0
<INFO 75b69a2822c0> CORE::RUSAGE::INBLK 3221936
<INFO 75b69a2822c0> CORE::RUSAGE::OUBLK 123104
<INFO 75b69a2822c0> CORE::UTILS::BYTES_READ 1649631232
<INFO 75b69a2822c0> CORE::UTILS::BYTES_WRITTEN 63021056
<INFO 75b69a2822c0> CORE::TIME::IO_WAIT 5.637 seconds
<INFO 75b69a2822c0> CORE::PHASES 13
<INFO 75b69a2822c0> CORE::TIME::SETUP 3.42491 seconds
<INFO 75b69a2822c0> CORE::TIME::STATE_ITER 0.022995 seconds
<INFO 75b69a2822c0> CORE::TIME::GATHER 1.56651 seconds
<INFO 75b69a2822c0> CORE::TIME::SCATTER 7.66401 seconds
<INFO 75b69a2822c0> TIME_IN_PC_FN 1.47427 seconds
<INFO 75b69a2822c0> CORE::TIME::WALL 13.0922 seconds
<INFO 75b69a2822c0> SHUTDOWN
