<INFO 729b26a9f2c0> STARTUP
<INFO 729b26a9f2c0> CORE::GRAPH soc-LiveJournal1-dir
<INFO 729b26a9f2c0> CORE::ALGORITHM pagerank
<INFO 729b26a9f2c0> SG-DRIVER-ORIGINAL
<WARNING 729b26a9f2c0> Disk count not specified, assuming it to be 1
<INFO 729b26a9f2c0> CORE::CONFIG::PROCESSORS 16
<INFO 729b26a9f2c0> CORE::CONFIG::PHYSICAL_MEMORY 8589934592
<INFO 729b26a9f2c0> CORE::CONFIG::VERTICES 4847571
<INFO 729b26a9f2c0> CORE::CONFIG::VERTEX_SIZE 12
<INFO 729b26a9f2c0> CORE::CONFIG::VERTEX_BUFFER 58171392
<INFO 729b26a9f2c0> CORE::CONFIG::EDGES 68993773
<INFO 729b26a9f2c0> CORE::CONFIG::PARTITIONS 128
<INFO 729b26a9f2c0> CORE::CONFIG::FANOUT 128
<INFO 729b26a9f2c0> CORE::CONFIG::SUPER_PARTITIONS 1
<INFO 729b26a9f2c0> CORE::CONFIG::STREAM_UNIT 16777216
<INFO 729b26a9f2c0> CORE::CONFIG::BUFFER_SIZE 1702990745
<INFO 729b26a9f2c0> CORE::CONFIG::IO_NUMIOQS 1
<INFO 729b26a9f2c0> CORE::CONFIG::MAX_BUFFERS 4
<INFO 729b26a9f2c0> CORE::CONFIG::MAX_STREAMS 5
<WARNING 729b26a9f2c0> No mount point specified for disk0, falling back to current directory
my size is 827925276
<INFO 729b26a9f2c0> CORE::PARTITIONS_PROCESSED 156
<INFO 729b26a9f2c0> CORE::BYTES::EDGES_STREAMED 1108390572
<INFO 729b26a9f2c0> CORE::BYTES::UPDATES_OUT 704438552
<INFO 729b26a9f2c0> CORE::BYTES::UPDATES_IN 672452480
<INFO 729925c026c0> CORE::PARTITIONS_PROCESSED 153
<INFO 729920bf86c0> CORE::PARTITIONS_PROCESSED 163
<INFO 729920bf86c0> CORE::BYTES::EDGES_STREAMED 1233832176
<INFO 729921bfa6c0> CORE::PARTITIONS_PROCESSED 155
<INFO 729920bf86c0> CORE::BYTES::UPDATES_OUT 792322392
<INFO 729920bf86c0> CORE::BYTES::UPDATES_IN 701971208
<INFO 729925c026c0> CORE::BYTES::EDGES_STREAMED 1087400568
<INFO 729925c026c0> CORE::BYTES::UPDATES_OUT 699074496
<INFO 7299213f96c0> CORE::PARTITIONS_PROCESSED 159
<INFO 7299233fd6c0> CORE::PARTITIONS_PROCESSED 165
<INFO 7299223fb6c0> CORE::PARTITIONS_PROCESSED 156
<INFO 7299213f96c0> CORE::BYTES::EDGES_STREAMED 1179508128
<INFO 729921bfa6c0> CORE::BYTES::EDGES_STREAMED 1146144840
<INFO 729925c026c0> CORE::BYTES::UPDATES_IN 658761360
<INFO 7299213f96c0> CORE::BYTES::UPDATES_OUT 726046168
<INFO 7299223fb6c0> CORE::BYTES::EDGES_STREAMED 1097743104
<INFO 7299213f96c0> CORE::BYTES::UPDATES_IN 684621104
<INFO 7299223fb6c0> CORE::BYTES::UPDATES_OUT 697357624
<INFO 7299233fd6c0> CORE::BYTES::EDGES_STREAMED 1189882296
<INFO 7299233fd6c0> CORE::BYTES::UPDATES_OUT 754495048
<INFO 7299233fd6c0> CORE::BYTES::UPDATES_IN 711645640
<INFO 7299223fb6c0> CORE::BYTES::UPDATES_IN 670701192
<INFO 729924c006c0> CORE::PARTITIONS_PROCESSED 158
<INFO 729921bfa6c0> CORE::BYTES::UPDATES_OUT 729383976
<INFO 729921bfa6c0> CORE::BYTES::UPDATES_IN 671221480
<INFO 729922bfc6c0> CORE::PARTITIONS_PROCESSED 158
<INFO 729922bfc6c0> CORE::BYTES::EDGES_STREAMED 1085345712
<INFO 729922bfc6c0> CORE::BYTES::UPDATES_OUT 693238472
<INFO 729922bfc6c0> CORE::BYTES::UPDATES_IN 682950616
<INFO 7299243ff6c0> CORE::PARTITIONS_PROCESSED 156
<INFO 7299243ff6c0> CORE::BYTES::EDGES_STREAMED 1172319708
<INFO 7299243ff6c0> CORE::BYTES::UPDATES_OUT 747013080
<INFO 7299243ff6c0> CORE::BYTES::UPDATES_IN 676326112
<INFO 729924c006c0> CORE::BYTES::EDGES_STREAMED 1067189868
<INFO 729924c006c0> CORE::BYTES::UPDATES_OUT 685567480
<INFO 729924c006c0> CORE::BYTES::UPDATES_IN 684887464
<INFO 72991ebf46c0> CORE::PARTITIONS_PROCESSED 186
<INFO 72991ebf46c0> CORE::BYTES::EDGES_STREAMED 1213216524
<INFO 72991ebf46c0> CORE::BYTES::UPDATES_OUT 770084472
<INFO 72991ebf46c0> CORE::BYTES::UPDATES_IN 800889656
<INFO 72991fbf66c0> CORE::PARTITIONS_PROCESSED 154
<INFO 72991fbf66c0> CORE::BYTES::EDGES_STREAMED 1087777380
<INFO 72991fbf66c0> CORE::BYTES::UPDATES_OUT 694940880
<INFO 72991fbf66c0> CORE::BYTES::UPDATES_IN 666172976
<INFO 7299203f76c0> CORE::PARTITIONS_PROCESSED 155
<INFO 7299203f76c0> CORE::BYTES::EDGES_STREAMED 1106694624
<INFO 7299203f76c0> CORE::BYTES::UPDATES_OUT 699189264
<INFO 7299203f76c0> CORE::BYTES::UPDATES_IN 662748544
<INFO 72991f3f56c0> CORE::PARTITIONS_PROCESSED 153
<INFO 72991f3f56c0> CORE::BYTES::EDGES_STREAMED 1089511812
<INFO 72991f3f56c0> CORE::BYTES::UPDATES_OUT 700591560
<INFO 72991f3f56c0> CORE::BYTES::UPDATES_IN 656539520
<INFO 7299254016c0> CORE::PARTITIONS_PROCESSED 167
<INFO 7299254016c0> CORE::BYTES::EDGES_STREAMED 1161150384
<INFO 7299254016c0> CORE::BYTES::UPDATES_OUT 744025328
<INFO 7299254016c0> CORE::BYTES::UPDATES_IN 719694664
<INFO 729923bfe6c0> CORE::PARTITIONS_PROCESSED 166
<INFO 729923bfe6c0> CORE::BYTES::EDGES_STREAMED 1188248376
<INFO 729923bfe6c0> CORE::BYTES::UPDATES_OUT 753185072
<INFO 729923bfe6c0> CORE::BYTES::UPDATES_IN 717419664
<INFO 729b26a9f2c0> CORE::RUSAGE::MAX_RSS_KB 8393976
<INFO 729b26a9f2c0> CORE::RUSAGE::MINFLT 2097542
<INFO 729b26a9f2c0> CORE::RUSAGE::MAJFLT 0
<INFO 729b26a9f2c0> CORE::RUSAGE::MAJFLT 0
<INFO 729b26a9f2c0> CORE::RUSAGE::INBLK 1617048
<INFO 729b26a9f2c0> CORE::RUSAGE::OUBLK 113632
<INFO 729b26a9f2c0> CORE::UTILS::BYTES_READ 827928576
<INFO 729b26a9f2c0> CORE::UTILS::BYTES_WRITTEN 58171392
<INFO 729b26a9f2c0> CORE::TIME::IO_WAIT 2.55475 seconds
<INFO 729b26a9f2c0> CORE::PHASES 22
<INFO 729b26a9f2c0> CORE::TIME::SETUP 3.43807 seconds
<INFO 729b26a9f2c0> CORE::TIME::STATE_ITER 0.317751 seconds
<INFO 729b26a9f2c0> CORE::TIME::GATHER 3.42351 seconds
<INFO 729b26a9f2c0> CORE::TIME::SCATTER 5.328 seconds
<INFO 729b26a9f2c0> TIME_IN_PC_FN 2.19656 seconds
<INFO 729b26a9f2c0> CORE::TIME::WALL 13.1526 seconds
<INFO 729b26a9f2c0> SHUTDOWN
