<INFO 736e8589d2c0> STARTUP
<INFO 736e8589d2c0> CORE::GRAPH soc-LiveJournal1-dir
<INFO 736e8589d2c0> CORE::ALGORITHM scc
<WARNING 736e8589d2c0> Disk count not specified, assuming it to be 1
<INFO 736e8589d2c0> CORE::CONFIG::PROCESSORS 16
<INFO 736e8589d2c0> CORE::CONFIG::PHYSICAL_MEMORY 8589934592
<INFO 736e8589d2c0> CORE::CONFIG::VERTICES 4847571
<INFO 736e8589d2c0> CORE::CONFIG::VERTEX_SIZE 16
<INFO 736e8589d2c0> CORE::CONFIG::VERTEX_BUFFER 77561856
<INFO 736e8589d2c0> CORE::CONFIG::EDGES 68993773
<INFO 736e8589d2c0> CORE::CONFIG::PARTITIONS 128
<INFO 736e8589d2c0> CORE::CONFIG::FANOUT 128
<INFO 736e8589d2c0> CORE::CONFIG::SUPER_PARTITIONS 1
<INFO 736e8589d2c0> CORE::CONFIG::STREAM_UNIT 16777216
<INFO 736e8589d2c0> CORE::CONFIG::BUFFER_SIZE 1699112652
<INFO 736e8589d2c0> CORE::CONFIG::IO_NUMIOQS 1
<INFO 736e8589d2c0> CORE::CONFIG::MAX_BUFFERS 4
<INFO 736e8589d2c0> CORE::CONFIG::MAX_STREAMS 5
<WARNING 736e8589d2c0> No mount point specified for disk0, falling back to current directory
my size is 827925276
<INFO 736e8589d2c0> CORE::RUSAGE::MAX_RSS_KB 8394260
<INFO 736e8589d2c0> CORE::RUSAGE::MINFLT 2097498
<INFO 736e8589d2c0> CORE::RUSAGE::MAJFLT 0
<INFO 736e8589d2c0> CORE::RUSAGE::MAJFLT 0
<INFO 736e8589d2c0> CORE::RUSAGE::INBLK 1617064
<INFO 736e8589d2c0> CORE::RUSAGE::OUBLK 8
<INFO 736e8589d2c0> CORE::UTILS::BYTES_READ 827928576
<INFO 736e8589d2c0> CORE::UTILS::BYTES_WRITTEN 0
<INFO 736e8589d2c0> CORE::TIME::IO_WAIT 2.74588 seconds
<INFO 736e8589d2c0> ALGORITHM::SCC_COUNT 971232
<INFO 736e8589d2c0> CORE::TIME::SETUP 3.42605 seconds
<INFO 736e8589d2c0> CORE::TIME::WALL 14.8068 seconds
<INFO 736e8589d2c0> SHUTDOWN
