<INFO 7cf14b0862c0> STARTUP
<INFO 7cf14b0862c0> CORE::GRAPH soc-LiveJournal1-dir
<INFO 7cf14b0862c0> CORE::ALGORITHM sssp
<INFO 7cf14b0862c0> SG-DRIVER-ORIGINAL
<WARNING 7cf14b0862c0> Disk count not specified, assuming it to be 1
<INFO 7cf14b0862c0> CORE::CONFIG::PROCESSORS 16
<INFO 7cf14b0862c0> CORE::CONFIG::PHYSICAL_MEMORY 8589934592
<INFO 7cf14b0862c0> CORE::CONFIG::VERTICES 4847571
<INFO 7cf14b0862c0> CORE::CONFIG::VERTEX_SIZE 16
<INFO 7cf14b0862c0> CORE::CONFIG::VERTEX_BUFFER 77561856
<INFO 7cf14b0862c0> CORE::CONFIG::EDGES 68993773
<INFO 7cf14b0862c0> CORE::CONFIG::PARTITIONS 128
<INFO 7cf14b0862c0> CORE::CONFIG::FANOUT 128
<INFO 7cf14b0862c0> CORE::CONFIG::SUPER_PARTITIONS 1
<INFO 7cf14b0862c0> CORE::CONFIG::STREAM_UNIT 16777216
<INFO 7cf14b0862c0> CORE::CONFIG::BUFFER_SIZE 1699112652
<INFO 7cf14b0862c0> CORE::CONFIG::IO_NUMIOQS 1
<INFO 7cf14b0862c0> CORE::CONFIG::MAX_BUFFERS 4
<INFO 7cf14b0862c0> CORE::CONFIG::MAX_STREAMS 5
<WARNING 7cf14b0862c0> No mount point specified for disk0, falling back to current directory
my size is 827925276
<INFO 7cf14b0862c0> CORE::PARTITIONS_PROCESSED 342
<INFO 7cf14b0862c0> CORE::BYTES::EDGES_STREAMED 2268737832
<INFO 7cf14b0862c0> CORE::BYTES::UPDATES_OUT 520252428
<INFO 7cf14b0862c0> CORE::BYTES::UPDATES_IN 515270004
<INFO 7cef4a2036c0> CORE::PARTITIONS_PROCESSED 374
<INFO 7cef459fa6c0> CORE::PARTITIONS_PROCESSED 420
<INFO 7cef492016c0> CORE::PARTITIONS_PROCESSED 419
<INFO 7cef439f66c0> CORE::PARTITIONS_PROCESSED 395
<INFO 7cef449f86c0> CORE::PARTITIONS_PROCESSED 362
<INFO 7cef439f66c0> CORE::BYTES::EDGES_STREAMED 2294810916
<INFO 7cef449f86c0> CORE::BYTES::EDGES_STREAMED 2213553684
<INFO 7cef439f66c0> CORE::BYTES::UPDATES_OUT 511412112
<INFO 7cef492016c0> CORE::BYTES::EDGES_STREAMED 2210844492
<INFO 7cef4a2036c0> CORE::BYTES::EDGES_STREAMED 2226176952
<INFO 7cef4a2036c0> CORE::BYTES::UPDATES_OUT 513195144
<INFO 7cef4a2036c0> CORE::BYTES::UPDATES_IN 522837636
<INFO 7cef449f86c0> CORE::BYTES::UPDATES_OUT 504420684
<INFO 7cef459fa6c0> CORE::BYTES::EDGES_STREAMED 2261531964
<INFO 7cef459fa6c0> CORE::BYTES::UPDATES_OUT 515839356
<INFO 7cef48a006c0> CORE::PARTITIONS_PROCESSED 352
<INFO 7cef449f86c0> CORE::BYTES::UPDATES_IN 517427952
<INFO 7cef459fa6c0> CORE::BYTES::UPDATES_IN 509946708
<INFO 7cef492016c0> CORE::BYTES::UPDATES_OUT 513818940
<INFO 7cef481ff6c0> CORE::PARTITIONS_PROCESSED 425
<INFO 7cef481ff6c0> CORE::BYTES::EDGES_STREAMED 2343839388
<INFO 7cef481ff6c0> CORE::BYTES::UPDATES_OUT 535149024
<INFO 7cef481ff6c0> CORE::BYTES::UPDATES_IN 512845536
<INFO 7cef492016c0> CORE::BYTES::UPDATES_IN 503571396
<INFO 7cef471fd6c0> CORE::PARTITIONS_PROCESSED 413
<INFO 7cef471fd6c0> CORE::BYTES::EDGES_STREAMED 2210332932
<INFO 7cef471fd6c0> CORE::BYTES::UPDATES_OUT 503326236
<INFO 7cef471fd6c0> CORE::BYTES::UPDATES_IN 529836240
<INFO 7cef439f66c0> CORE::BYTES::UPDATES_IN 507606876
<INFO 7cef461fb6c0> CORE::PARTITIONS_PROCESSED 383
<INFO 7cef461fb6c0> CORE::BYTES::EDGES_STREAMED 2247695592
<INFO 7cef461fb6c0> CORE::BYTES::UPDATES_OUT 516964884
<INFO 7cef461fb6c0> CORE::BYTES::UPDATES_IN 521144556
<INFO 7cef469fc6c0> CORE::PARTITIONS_PROCESSED 347
<INFO 7cef469fc6c0> CORE::BYTES::EDGES_STREAMED 2215441968
<INFO 7cef469fc6c0> CORE::BYTES::UPDATES_OUT 509949504
<INFO 7cef469fc6c0> CORE::BYTES::UPDATES_IN 515230920
<INFO 7cef48a006c0> CORE::BYTES::EDGES_STREAMED 2221229760
<INFO 7cef48a006c0> CORE::BYTES::UPDATES_OUT 505094532
<INFO 7cef48a006c0> CORE::BYTES::UPDATES_IN 508525500
<INFO 7cef451f96c0> CORE::PARTITIONS_PROCESSED 398
<INFO 7cef451f96c0> CORE::BYTES::EDGES_STREAMED 2261299908
<INFO 7cef451f96c0> CORE::BYTES::UPDATES_OUT 512992872
<INFO 7cef451f96c0> CORE::BYTES::UPDATES_IN 507769524
<INFO 7cef431f56c0> CORE::PARTITIONS_PROCESSED 407
<INFO 7cef431f56c0> CORE::BYTES::EDGES_STREAMED 2199276876
<INFO 7cef431f56c0> CORE::BYTES::UPDATES_OUT 510229044
<INFO 7cef431f56c0> CORE::BYTES::UPDATES_IN 531731088
<INFO 7cef49a026c0> CORE::PARTITIONS_PROCESSED 354
<INFO 7cef479fe6c0> CORE::PARTITIONS_PROCESSED 370
<INFO 7cef49a026c0> CORE::BYTES::EDGES_STREAMED 2199178140
<INFO 7cef479fe6c0> CORE::BYTES::EDGES_STREAMED 2192941380
<INFO 7cef441f76c0> CORE::PARTITIONS_PROCESSED 429
<INFO 7cef49a026c0> CORE::BYTES::UPDATES_OUT 511500480
<INFO 7cef49a026c0> CORE::BYTES::UPDATES_IN 498217176
<INFO 7cef441f76c0> CORE::BYTES::EDGES_STREAMED 2311324128
<INFO 7cef441f76c0> CORE::BYTES::UPDATES_OUT 518593524
<INFO 7cef441f76c0> CORE::BYTES::UPDATES_IN 513542268
<INFO 7cef479fe6c0> CORE::BYTES::UPDATES_OUT 512295600
<INFO 7cef479fe6c0> CORE::BYTES::UPDATES_IN 499530984
<INFO 7cf14b0862c0> CORE::RUSAGE::MAX_RSS_KB 8394404
<INFO 7cf14b0862c0> CORE::RUSAGE::MINFLT 2097533
<INFO 7cf14b0862c0> CORE::RUSAGE::MAJFLT 0
<INFO 7cf14b0862c0> CORE::RUSAGE::MAJFLT 0
<INFO 7cf14b0862c0> CORE::RUSAGE::INBLK 1617048
<INFO 7cf14b0862c0> CORE::RUSAGE::OUBLK 151504
<INFO 7cf14b0862c0> CORE::UTILS::BYTES_READ 827928576
<INFO 7cf14b0862c0> CORE::UTILS::BYTES_WRITTEN 77561856
<INFO 7cf14b0862c0> CORE::TIME::IO_WAIT 2.73801 seconds
<INFO 7cf14b0862c0> CORE::PHASES 51
<INFO 7cf14b0862c0> CORE::TIME::SETUP 3.43239 seconds
<INFO 7cf14b0862c0> CORE::TIME::STATE_ITER 0.012047 seconds
<INFO 7cf14b0862c0> CORE::TIME::GATHER 3.11969 seconds
<INFO 7cf14b0862c0> CORE::TIME::SCATTER 6.99201 seconds
<INFO 7cf14b0862c0> TIME_IN_PC_FN 2.45947 seconds
<INFO 7cf14b0862c0> CORE::TIME::WALL 14.7289 seconds
<INFO 7cf14b0862c0> SHUTDOWN
