<INFO 7fe34c0862c0> STARTUP
<INFO 7fe34c0862c0> CORE::GRAPH soc-LiveJournal1-sym
<INFO 7fe34c0862c0> CORE::ALGORITHM conductance
<INFO 7fe34c0862c0> SG-DRIVER-ORIGINAL
<WARNING 7fe34c0862c0> Disk count not specified, assuming it to be 1
<INFO 7fe34c0862c0> CORE::CONFIG::PROCESSORS 16
<INFO 7fe34c0862c0> CORE::CONFIG::PHYSICAL_MEMORY 8589934592
<INFO 7fe34c0862c0> CORE::CONFIG::VERTICES 4847571
<INFO 7fe34c0862c0> CORE::CONFIG::VERTEX_SIZE 0
<INFO 7fe34c0862c0> CORE::CONFIG::VERTEX_BUFFER 0
<INFO 7fe34c0862c0> CORE::CONFIG::EDGES 137469164
<INFO 7fe34c0862c0> CORE::CONFIG::PARTITIONS 32
<INFO 7fe34c0862c0> CORE::CONFIG::FANOUT 32
<INFO 7fe34c0862c0> CORE::CONFIG::SUPER_PARTITIONS 1
<INFO 7fe34c0862c0> CORE::CONFIG::STREAM_UNIT 16777216
<INFO 7fe34c0862c0> CORE::CONFIG::BUFFER_SIZE 1714626406
<INFO 7fe34c0862c0> CORE::CONFIG::IO_NUMIOQS 1
<INFO 7fe34c0862c0> CORE::CONFIG::MAX_BUFFERS 4
<INFO 7fe34c0862c0> CORE::CONFIG::MAX_STREAMS 5
<WARNING 7fe34c0862c0> No mount point specified for disk0, falling back to current directory
my size is 1649629968
<INFO 7fe34c0862c0> ALGORITHM::CONDUCTANCE::VALUE 1.00172
<INFO 7fe1471fc6c0> CORE::PARTITIONS_PROCESSED 0
<INFO 7fe34c0862c0> CORE::PARTITIONS_PROCESSED 0
<INFO 7fe1461fa6c0> CORE::PARTITIONS_PROCESSED 0
<INFO 7fe1481fe6c0> CORE::PARTITIONS_PROCESSED 0
<INFO 7fe1461fa6c0> CORE::BYTES::EDGES_STREAMED 102982872
<INFO 7fe1461fa6c0> CORE::BYTES::UPDATES_OUT 0
<INFO 7fe1481fe6c0> CORE::BYTES::EDGES_STREAMED 103501176
<INFO 7fe34c0862c0> CORE::BYTES::EDGES_STREAMED 51604368
<INFO 7fe1469fb6c0> CORE::PARTITIONS_PROCESSED 0
<INFO 7fe1471fc6c0> CORE::BYTES::EDGES_STREAMED 103706316
<INFO 7fe1461fa6c0> CORE::BYTES::UPDATES_IN 0
<INFO 7fe1471fc6c0> CORE::BYTES::UPDATES_OUT 0
<INFO 7fe1459f96c0> CORE::PARTITIONS_PROCESSED 0
<INFO 7fe1479fd6c0> CORE::PARTITIONS_PROCESSED 0
<INFO 7fe1479fd6c0> CORE::BYTES::EDGES_STREAMED 154281384
<INFO 7fe1481fe6c0> CORE::BYTES::UPDATES_OUT 0
<INFO 7fe1441f66c0> CORE::PARTITIONS_PROCESSED 0
<INFO 7fe1471fc6c0> CORE::BYTES::UPDATES_IN 0
<INFO 7fe1492006c0> CORE::PARTITIONS_PROCESSED 0
<INFO 7fe1441f66c0> CORE::BYTES::EDGES_STREAMED 102925020
<INFO 7fe1441f66c0> CORE::BYTES::UPDATES_OUT 0
<INFO 7fe1469fb6c0> CORE::BYTES::EDGES_STREAMED 102986052
<INFO 7fe1441f66c0> CORE::BYTES::UPDATES_IN 0
<INFO 7fe1481fe6c0> CORE::BYTES::UPDATES_IN 0
<INFO 7fe1479fd6c0> CORE::BYTES::UPDATES_OUT 0
<INFO 7fe1459f96c0> CORE::BYTES::EDGES_STREAMED 102398688
<INFO 7fe1492006c0> CORE::BYTES::EDGES_STREAMED 103388592
<INFO 7fe1492006c0> CORE::BYTES::UPDATES_OUT 0
<INFO 7fe14a2026c0> CORE::PARTITIONS_PROCESSED 0
<INFO 7fe34c0862c0> CORE::BYTES::UPDATES_OUT 0
<INFO 7fe14a2026c0> CORE::BYTES::EDGES_STREAMED 103306620
<INFO 7fe34c0862c0> CORE::BYTES::UPDATES_IN 0
<INFO 7fe1459f96c0> CORE::BYTES::UPDATES_OUT 0
<INFO 7fe1459f96c0> CORE::BYTES::UPDATES_IN 0
<INFO 7fe1479fd6c0> CORE::BYTES::UPDATES_IN 0
<INFO 7fe14a2026c0> CORE::BYTES::UPDATES_OUT 0
<INFO 7fe14a2026c0> CORE::BYTES::UPDATES_IN 0
<INFO 7fe1492006c0> CORE::BYTES::UPDATES_IN 0
<INFO 7fe1469fb6c0> CORE::BYTES::UPDATES_OUT 0
<INFO 7fe1469fb6c0> CORE::BYTES::UPDATES_IN 0
<INFO 7fe14b2046c0> CORE::PARTITIONS_PROCESSED 0
<INFO 7fe14b2046c0> CORE::BYTES::EDGES_STREAMED 103065420
<INFO 7fe14b2046c0> CORE::BYTES::UPDATES_OUT 0
<INFO 7fe1489ff6c0> CORE::PARTITIONS_PROCESSED 0
<INFO 7fe14b2046c0> CORE::BYTES::UPDATES_IN 0
<INFO 7fe1489ff6c0> CORE::BYTES::EDGES_STREAMED 103141968
<INFO 7fe1489ff6c0> CORE::BYTES::UPDATES_OUT 0
<INFO 7fe1489ff6c0> CORE::BYTES::UPDATES_IN 0
<INFO 7fe1451f86c0> CORE::PARTITIONS_PROCESSED 0
<INFO 7fe1451f86c0> CORE::BYTES::EDGES_STREAMED 103338108
<INFO 7fe1451f86c0> CORE::BYTES::UPDATES_OUT 0
<INFO 7fe1451f86c0> CORE::BYTES::UPDATES_IN 0
<INFO 7fe14aa036c0> CORE::PARTITIONS_PROCESSED 0
<INFO 7fe14aa036c0> CORE::BYTES::EDGES_STREAMED 102916464
<INFO 7fe14aa036c0> CORE::BYTES::UPDATES_OUT 0
<INFO 7fe14aa036c0> CORE::BYTES::UPDATES_IN 0
<INFO 7fe149a016c0> CORE::PARTITIONS_PROCESSED 0
<INFO 7fe1449f76c0> CORE::PARTITIONS_PROCESSED 0
<INFO 7fe149a016c0> CORE::BYTES::EDGES_STREAMED 103426536
<INFO 7fe149a016c0> CORE::BYTES::UPDATES_OUT 0
<INFO 7fe149a016c0> CORE::BYTES::UPDATES_IN 0
<INFO 7fe1449f76c0> CORE::BYTES::EDGES_STREAMED 102660384
<INFO 7fe1449f76c0> CORE::BYTES::UPDATES_OUT 0
<INFO 7fe1449f76c0> CORE::BYTES::UPDATES_IN 0
<INFO 7fe34c0862c0> CORE::RUSAGE::MAX_RSS_KB 8394184
<INFO 7fe34c0862c0> CORE::RUSAGE::MINFLT 2097509
<INFO 7fe34c0862c0> CORE::RUSAGE::MAJFLT 0
<INFO 7fe34c0862c0> CORE::RUSAGE::MAJFLT 0
<INFO 7fe34c0862c0> CORE::RUSAGE::INBLK 3221936
<INFO 7fe34c0862c0> CORE::RUSAGE::OUBLK 16
<INFO 7fe34c0862c0> CORE::UTILS::BYTES_READ 1649631232
<INFO 7fe34c0862c0> CORE::UTILS::BYTES_WRITTEN 0
<INFO 7fe34c0862c0> CORE::TIME::IO_WAIT 3.73799 seconds
<INFO 7fe34c0862c0> CORE::PHASES 2
<INFO 7fe34c0862c0> CORE::TIME::SETUP 3.51877 seconds
<INFO 7fe34c0862c0> CORE::TIME::STATE_ITER 0.041617 seconds
<INFO 7fe34c0862c0> CORE::TIME::GATHER 1e-06 seconds
<INFO 7fe34c0862c0> CORE::TIME::SCATTER 4.222 seconds
<INFO 7fe34c0862c0> TIME_IN_PC_FN 0.062906 seconds
<INFO 7fe34c0862c0> CORE::TIME::WALL 7.86823 seconds
<INFO 7fe34c0862c0> SHUTDOWN
