<INFO 7a6d714db2c0> STARTUP
<INFO 7a6d714db2c0> CORE::GRAPH soc-LiveJournal1-sym
<INFO 7a6d714db2c0> CORE::ALGORITHM conductance
<INFO 7a6d714db2c0> SG-DRIVER-ORIGINAL
<WARNING 7a6d714db2c0> Disk count not specified, assuming it to be 1
<INFO 7a6d714db2c0> CORE::CONFIG::PROCESSORS 16
<INFO 7a6d714db2c0> CORE::CONFIG::PHYSICAL_MEMORY 8589934592
<INFO 7a6d714db2c0> CORE::CONFIG::VERTICES 4847571
<INFO 7a6d714db2c0> CORE::CONFIG::VERTEX_SIZE 0
<INFO 7a6d714db2c0> CORE::CONFIG::VERTEX_BUFFER 0
<INFO 7a6d714db2c0> CORE::CONFIG::EDGES 137469164
<INFO 7a6d714db2c0> CORE::CONFIG::PARTITIONS 32
<INFO 7a6d714db2c0> CORE::CONFIG::FANOUT 32
<INFO 7a6d714db2c0> CORE::CONFIG::SUPER_PARTITIONS 1
<INFO 7a6d714db2c0> CORE::CONFIG::STREAM_UNIT 16777216
<INFO 7a6d714db2c0> CORE::CONFIG::BUFFER_SIZE 1714626406
<INFO 7a6d714db2c0> CORE::CONFIG::IO_NUMIOQS 1
<INFO 7a6d714db2c0> CORE::CONFIG::MAX_BUFFERS 4
<INFO 7a6d714db2c0> CORE::CONFIG::MAX_STREAMS 5
<WARNING 7a6d714db2c0> No mount point specified for disk0, falling back to current directory
my size is 1649629968
<INFO 7a6d714db2c0> ALGORITHM::CONDUCTANCE::VALUE 1.00172
<INFO 7a6b69df76c0> CORE::PARTITIONS_PROCESSED 0
<INFO 7a6d714db2c0> CORE::PARTITIONS_PROCESSED 0
<INFO 7a6d714db2c0> CORE::BYTES::EDGES_STREAMED 102848532
<INFO 7a6d714db2c0> CORE::BYTES::UPDATES_OUT 0
<INFO 7a6b6ddff6c0> CORE::PARTITIONS_PROCESSED 0
<INFO 7a6d714db2c0> CORE::BYTES::UPDATES_IN 0
<INFO 7a6b6e6006c0> CORE::PARTITIONS_PROCESSED 0
<INFO 7a6b6f6026c0> CORE::PARTITIONS_PROCESSED 0
<INFO 7a6b6e6006c0> CORE::BYTES::EDGES_STREAMED 103388592
<INFO 7a6b6bdfb6c0> CORE::PARTITIONS_PROCESSED 0
<INFO 7a6b706046c0> CORE::PARTITIONS_PROCESSED 0
<INFO 7a6b6f6026c0> CORE::BYTES::EDGES_STREAMED 103306620
<INFO 7a6b6f6026c0> CORE::BYTES::UPDATES_OUT 0
<INFO 7a6b6f6026c0> CORE::BYTES::UPDATES_IN 0
<INFO 7a6b6c5fc6c0> CORE::PARTITIONS_PROCESSED 0
<INFO 7a6b6ee016c0> CORE::PARTITIONS_PROCESSED 0
<INFO 7a6b6c5fc6c0> CORE::BYTES::EDGES_STREAMED 155550828
<INFO 7a6b6ee016c0> CORE::BYTES::EDGES_STREAMED 103426536
<INFO 7a6b6a5f86c0> CORE::PARTITIONS_PROCESSED 0
<INFO 7a6b6a5f86c0> CORE::BYTES::EDGES_STREAMED 103338108
<INFO 7a6b6a5f86c0> CORE::BYTES::UPDATES_OUT 0
<INFO 7a6b6a5f86c0> CORE::BYTES::UPDATES_IN 0
<INFO 7a6b6e6006c0> CORE::BYTES::UPDATES_OUT 0
<INFO 7a6b6ddff6c0> CORE::BYTES::EDGES_STREAMED 51713052
<INFO 7a6b6bdfb6c0> CORE::BYTES::EDGES_STREAMED 103132344
<INFO 7a6b6bdfb6c0> CORE::BYTES::UPDATES_OUT 0
<INFO 7a6b69df76c0> CORE::BYTES::EDGES_STREAMED 102660384
<INFO 7a6b69df76c0> CORE::BYTES::UPDATES_OUT 0
<INFO 7a6b706046c0> CORE::BYTES::EDGES_STREAMED 102842988
<INFO 7a6b706046c0> CORE::BYTES::UPDATES_OUT 0
<INFO 7a6b706046c0> CORE::BYTES::UPDATES_IN 0
<INFO 7a6b6bdfb6c0> CORE::BYTES::UPDATES_IN 0
<INFO 7a6b6ddff6c0> CORE::BYTES::UPDATES_OUT 0
<INFO 7a6b6e6006c0> CORE::BYTES::UPDATES_IN 0
<INFO 7a6b69df76c0> CORE::BYTES::UPDATES_IN 0
<INFO 7a6b6ddff6c0> CORE::BYTES::UPDATES_IN 0
<INFO 7a6b6c5fc6c0> CORE::BYTES::UPDATES_OUT 0
<INFO 7a6b6c5fc6c0> CORE::BYTES::UPDATES_IN 0
<INFO 7a6b6ee016c0> CORE::BYTES::UPDATES_OUT 0
<INFO 7a6b6ee016c0> CORE::BYTES::UPDATES_IN 0
<INFO 7a6b6cdfd6c0> CORE::PARTITIONS_PROCESSED 0
<INFO 7a6b6cdfd6c0> CORE::BYTES::EDGES_STREAMED 102855744
<INFO 7a6b6cdfd6c0> CORE::BYTES::UPDATES_OUT 0
<INFO 7a6b6cdfd6c0> CORE::BYTES::UPDATES_IN 0
<INFO 7a6b695f66c0> CORE::PARTITIONS_PROCESSED 0
<INFO 7a6b695f66c0> CORE::BYTES::EDGES_STREAMED 102960204
<INFO 7a6b695f66c0> CORE::BYTES::UPDATES_OUT 0
<INFO 7a6b695f66c0> CORE::BYTES::UPDATES_IN 0
<INFO 7a6b6adf96c0> CORE::PARTITIONS_PROCESSED 0
<INFO 7a6b6adf96c0> CORE::BYTES::EDGES_STREAMED 102398688
<INFO 7a6b6adf96c0> CORE::BYTES::UPDATES_OUT 0
<INFO 7a6b6adf96c0> CORE::BYTES::UPDATES_IN 0
<INFO 7a6b6d5fe6c0> CORE::PARTITIONS_PROCESSED 0
<INFO 7a6b6b5fa6c0> CORE::PARTITIONS_PROCESSED 0
<INFO 7a6b6fe036c0> CORE::PARTITIONS_PROCESSED 0
<INFO 7a6b6b5fa6c0> CORE::BYTES::EDGES_STREAMED 102789708
<INFO 7a6b6d5fe6c0> CORE::BYTES::EDGES_STREAMED 103501176
<INFO 7a6b6fe036c0> CORE::BYTES::EDGES_STREAMED 102916464
<INFO 7a6b6fe036c0> CORE::BYTES::UPDATES_OUT 0
<INFO 7a6b6fe036c0> CORE::BYTES::UPDATES_IN 0
<INFO 7a6b6b5fa6c0> CORE::BYTES::UPDATES_OUT 0
<INFO 7a6b6d5fe6c0> CORE::BYTES::UPDATES_OUT 0
<INFO 7a6b6b5fa6c0> CORE::BYTES::UPDATES_IN 0
<INFO 7a6b6d5fe6c0> CORE::BYTES::UPDATES_IN 0
<INFO 7a6d714db2c0> CORE::RUSAGE::MAX_RSS_KB 8393880
<INFO 7a6d714db2c0> CORE::RUSAGE::MINFLT 2097516
<INFO 7a6d714db2c0> CORE::RUSAGE::MAJFLT 0
<INFO 7a6d714db2c0> CORE::RUSAGE::MAJFLT 0
<INFO 7a6d714db2c0> CORE::RUSAGE::INBLK 3221936
<INFO 7a6d714db2c0> CORE::RUSAGE::OUBLK 16
<INFO 7a6d714db2c0> CORE::UTILS::BYTES_READ 1649631232
<INFO 7a6d714db2c0> CORE::UTILS::BYTES_WRITTEN 0
<INFO 7a6d714db2c0> CORE::TIME::IO_WAIT 4.78755 seconds
<INFO 7a6d714db2c0> CORE::PHASES 2
<INFO 7a6d714db2c0> CORE::TIME::SETUP 3.43777 seconds
<INFO 7a6d714db2c0> CORE::TIME::STATE_ITER 0.043218 seconds
<INFO 7a6d714db2c0> CORE::TIME::GATHER 1e-06 seconds
<INFO 7a6d714db2c0> CORE::TIME::SCATTER 5.291 seconds
<INFO 7a6d714db2c0> TIME_IN_PC_FN 0.089421 seconds
<INFO 7a6d714db2c0> CORE::TIME::WALL 8.85441 seconds
<INFO 7a6d714db2c0> SHUTDOWN
