<INFO 70c9bfab12c0> STARTUP
<INFO 70c9bfab12c0> CORE::GRAPH soc-LiveJournal1-dir
<INFO 70c9bfab12c0> CORE::ALGORITHM pagerank
<INFO 70c9bfab12c0> SG-DRIVER-ORIGINAL
<WARNING 70c9bfab12c0> Disk count not specified, assuming it to be 1
<INFO 70c9bfab12c0> CORE::CONFIG::PROCESSORS 16
<INFO 70c9bfab12c0> CORE::CONFIG::PHYSICAL_MEMORY 8589934592
<INFO 70c9bfab12c0> CORE::CONFIG::VERTICES 4847571
<INFO 70c9bfab12c0> CORE::CONFIG::VERTEX_SIZE 12
<INFO 70c9bfab12c0> CORE::CONFIG::VERTEX_BUFFER 58171392
<INFO 70c9bfab12c0> CORE::CONFIG::EDGES 68993773
<INFO 70c9bfab12c0> CORE::CONFIG::PARTITIONS 128
<INFO 70c9bfab12c0> CORE::CONFIG::FANOUT 128
<INFO 70c9bfab12c0> CORE::CONFIG::SUPER_PARTITIONS 1
<INFO 70c9bfab12c0> CORE::CONFIG::STREAM_UNIT 16777216
<INFO 70c9bfab12c0> CORE::CONFIG::BUFFER_SIZE 1702990745
<INFO 70c9bfab12c0> CORE::CONFIG::IO_NUMIOQS 1
<INFO 70c9bfab12c0> CORE::CONFIG::MAX_BUFFERS 4
<INFO 70c9bfab12c0> CORE::CONFIG::MAX_STREAMS 5
<WARNING 70c9bfab12c0> No mount point specified for disk0, falling back to current directory
my size is 827925276
<INFO 70c9bfab12c0> CORE::PARTITIONS_PROCESSED 158
<INFO 70c9bfab12c0> CORE::BYTES::EDGES_STREAMED 1082386824
<INFO 70c9bfab12c0> CORE::BYTES::UPDATES_OUT 687224376
<INFO 70c9bfab12c0> CORE::BYTES::UPDATES_IN 680648224
<INFO 70c7b93f76c0> CORE::PARTITIONS_PROCESSED 160
<INFO 70c7b93f76c0> CORE::BYTES::EDGES_STREAMED 1119367140
<INFO 70c7b93f76c0> CORE::BYTES::UPDATES_OUT 707639064
<INFO 70c7b93f76c0> CORE::BYTES::UPDATES_IN 684249768
<INFO 70c7bcbfe6c0> CORE::PARTITIONS_PROCESSED 158
<INFO 70c7b83f56c0> CORE::PARTITIONS_PROCESSED 157
<INFO 70c7bcbfe6c0> CORE::BYTES::EDGES_STREAMED 1129267644
<INFO 70c7ba3f96c0> CORE::PARTITIONS_PROCESSED 156
<INFO 70c7ba3f96c0> CORE::BYTES::EDGES_STREAMED 1127909160
<INFO 70c7b83f56c0> CORE::BYTES::EDGES_STREAMED 1109100468
<INFO 70c7b83f56c0> CORE::BYTES::UPDATES_OUT 713521584
<INFO 70c7b83f56c0> CORE::BYTES::UPDATES_IN 673666688
<INFO 70c7be4016c0> CORE::PARTITIONS_PROCESSED 169
<INFO 70c7be4016c0> CORE::BYTES::EDGES_STREAMED 1245185040
<INFO 70c7be4016c0> CORE::BYTES::UPDATES_OUT 795838888
<INFO 70c7be4016c0> CORE::BYTES::UPDATES_IN 727963392
<INFO 70c7bcbfe6c0> CORE::BYTES::UPDATES_OUT 718327488
<INFO 70c7bb3fb6c0> CORE::PARTITIONS_PROCESSED 160
<INFO 70c7bb3fb6c0> CORE::BYTES::EDGES_STREAMED 1129936680
<INFO 70c7bb3fb6c0> CORE::BYTES::UPDATES_OUT 718851472
<INFO 70c7ba3f96c0> CORE::BYTES::UPDATES_OUT 717365752
<INFO 70c7bd3ff6c0> CORE::PARTITIONS_PROCESSED 155
<INFO 70c7ba3f96c0> CORE::BYTES::UPDATES_IN 671878080
<INFO 70c7bbbfc6c0> CORE::PARTITIONS_PROCESSED 154
<INFO 70c7bcbfe6c0> CORE::BYTES::UPDATES_IN 683182232
<INFO 70c7bb3fb6c0> CORE::BYTES::UPDATES_IN 687838688
<INFO 70c7bd3ff6c0> CORE::BYTES::EDGES_STREAMED 1126635684
<INFO 70c7bdc006c0> CORE::PARTITIONS_PROCESSED 158
<INFO 70c7bd3ff6c0> CORE::BYTES::UPDATES_OUT 716502840
<INFO 70c7bd3ff6c0> CORE::BYTES::UPDATES_IN 671746720
<INFO 70c7babfa6c0> CORE::PARTITIONS_PROCESSED 159
<INFO 70c7babfa6c0> CORE::BYTES::EDGES_STREAMED 1107327780
<INFO 70c7babfa6c0> CORE::BYTES::UPDATES_OUT 703593440
<INFO 70c7babfa6c0> CORE::BYTES::UPDATES_IN 688269432
<INFO 70c7bdc006c0> CORE::BYTES::EDGES_STREAMED 1112130480
<INFO 70c7bdc006c0> CORE::BYTES::UPDATES_OUT 719875992
<INFO 70c7bdc006c0> CORE::BYTES::UPDATES_IN 684584304
<INFO 70c7bbbfc6c0> CORE::BYTES::EDGES_STREAMED 1137746220
<INFO 70c7bbbfc6c0> CORE::BYTES::UPDATES_OUT 728136712
<INFO 70c7bbbfc6c0> CORE::BYTES::UPDATES_IN 665604008
<INFO 70c7bec026c0> CORE::PARTITIONS_PROCESSED 182
<INFO 70c7bec026c0> CORE::BYTES::EDGES_STREAMED 1242947472
<INFO 70c7bec026c0> CORE::BYTES::UPDATES_OUT 763824896
<INFO 70c7bec026c0> CORE::BYTES::UPDATES_IN 783680984
<INFO 70c7bc3fd6c0> CORE::PARTITIONS_PROCESSED 165
<INFO 70c7bc3fd6c0> CORE::BYTES::EDGES_STREAMED 1215863616
<INFO 70c7bc3fd6c0> CORE::BYTES::UPDATES_OUT 776086344
<INFO 70c7bc3fd6c0> CORE::BYTES::UPDATES_IN 711947960
<INFO 70c7b7bf46c0> CORE::PARTITIONS_PROCESSED 155
<INFO 70c7b7bf46c0> CORE::BYTES::EDGES_STREAMED 1096814568
<INFO 70c7b7bf46c0> CORE::BYTES::UPDATES_OUT 705389656
<INFO 70c7b7bf46c0> CORE::BYTES::UPDATES_IN 668382648
<INFO 70c7b9bf86c0> CORE::PARTITIONS_PROCESSED 158
<INFO 70c7b9bf86c0> CORE::BYTES::EDGES_STREAMED 1118210244
<INFO 70c7b9bf86c0> CORE::BYTES::UPDATES_OUT 710958032
<INFO 70c7b9bf86c0> CORE::BYTES::UPDATES_IN 680310344
<INFO 70c7b8bf66c0> CORE::PARTITIONS_PROCESSED 156
<INFO 70c7b8bf66c0> CORE::BYTES::EDGES_STREAMED 1113527052
<INFO 70c7b8bf66c0> CORE::BYTES::UPDATES_OUT 707817328
<INFO 70c7b8bf66c0> CORE::BYTES::UPDATES_IN 675050208
<INFO 70c9bfab12c0> CORE::RUSAGE::MAX_RSS_KB 8394164
<INFO 70c9bfab12c0> CORE::RUSAGE::MINFLT 2097536
<INFO 70c9bfab12c0> CORE::RUSAGE::MAJFLT 0
<INFO 70c9bfab12c0> CORE::RUSAGE::MAJFLT 0
<INFO 70c9bfab12c0> CORE::RUSAGE::INBLK 1617048
<INFO 70c9bfab12c0> CORE::RUSAGE::OUBLK 113632
<INFO 70c9bfab12c0> CORE::UTILS::BYTES_READ 827928576
<INFO 70c9bfab12c0> CORE::UTILS::BYTES_WRITTEN 58171392
<INFO 70c9bfab12c0> CORE::TIME::IO_WAIT 2.2304 seconds
<INFO 70c9bfab12c0> CORE::PHASES 22
<INFO 70c9bfab12c0> CORE::TIME::SETUP 3.4422 seconds
<INFO 70c9bfab12c0> CORE::TIME::STATE_ITER 0.324437 seconds
<INFO 70c9bfab12c0> CORE::TIME::GATHER 3.4726 seconds
<INFO 70c9bfab12c0> CORE::TIME::SCATTER 5.02601 seconds
<INFO 70c9bfab12c0> TIME_IN_PC_FN 2.20825 seconds
<INFO 70c9bfab12c0> CORE::TIME::WALL 12.8949 seconds
<INFO 70c9bfab12c0> SHUTDOWN
