<INFO 71986c5042c0> STARTUP
<INFO 71986c5042c0> CORE::GRAPH soc-LiveJournal1-dir
<INFO 71986c5042c0> CORE::ALGORITHM spmv
<INFO 71986c5042c0> SG-DRIVER-ORIGINAL
<WARNING 71986c5042c0> Disk count not specified, assuming it to be 1
<INFO 71986c5042c0> CORE::CONFIG::PROCESSORS 16
<INFO 71986c5042c0> CORE::CONFIG::PHYSICAL_MEMORY 8589934592
<INFO 71986c5042c0> CORE::CONFIG::VERTICES 4847571
<INFO 71986c5042c0> CORE::CONFIG::VERTEX_SIZE 8
<INFO 71986c5042c0> CORE::CONFIG::VERTEX_BUFFER 38780928
<INFO 71986c5042c0> CORE::CONFIG::EDGES 68993773
<INFO 71986c5042c0> CORE::CONFIG::PARTITIONS 128
<INFO 71986c5042c0> CORE::CONFIG::FANOUT 128
<INFO 71986c5042c0> CORE::CONFIG::SUPER_PARTITIONS 1
<INFO 71986c5042c0> CORE::CONFIG::STREAM_UNIT 16777216
<INFO 71986c5042c0> CORE::CONFIG::BUFFER_SIZE 1706868838
<INFO 71986c5042c0> CORE::CONFIG::IO_NUMIOQS 1
<INFO 71986c5042c0> CORE::CONFIG::MAX_BUFFERS 4
<INFO 71986c5042c0> CORE::CONFIG::MAX_STREAMS 5
<WARNING 71986c5042c0> No mount point specified for disk0, falling back to current directory
my size is 827925276
<INFO 71986c5042c0> CORE::PARTITIONS_PROCESSED 9
<INFO 71986c5042c0> CORE::BYTES::EDGES_STREAMED 51550260
<INFO 71986c5042c0> CORE::BYTES::UPDATES_OUT 34366840
<INFO 71986c5042c0> CORE::BYTES::UPDATES_IN 38742536
<INFO 7196645f36c0> CORE::PARTITIONS_PROCESSED 7
<INFO 7196645f36c0> CORE::BYTES::EDGES_STREAMED 51608592
<INFO 7196645f36c0> CORE::BYTES::UPDATES_OUT 34405728
<INFO 7196645f36c0> CORE::BYTES::UPDATES_IN 30196400
<INFO 719668dfc6c0> CORE::PARTITIONS_PROCESSED 7
<INFO 719668dfc6c0> CORE::BYTES::EDGES_STREAMED 51734100
<INFO 719668dfc6c0> CORE::BYTES::UPDATES_OUT 34489400
<INFO 719668dfc6c0> CORE::BYTES::UPDATES_IN 30206608
<INFO 7196655f56c0> CORE::PARTITIONS_PROCESSED 7
<INFO 7196655f56c0> CORE::BYTES::EDGES_STREAMED 51801060
<INFO 7196655f56c0> CORE::BYTES::UPDATES_OUT 34534040
<INFO 7196655f56c0> CORE::BYTES::UPDATES_IN 30278304
<INFO 71966b6016c0> CORE::PARTITIONS_PROCESSED 9
<INFO 71966b6016c0> CORE::BYTES::EDGES_STREAMED 51778440
<INFO 71966b6016c0> CORE::BYTES::UPDATES_OUT 34518960
<INFO 71966b6016c0> CORE::BYTES::UPDATES_IN 38801304
<INFO 719669dfe6c0> CORE::PARTITIONS_PROCESSED 9
<INFO 7196695fd6c0> CORE::PARTITIONS_PROCESSED 9
<INFO 719666df86c0> CORE::PARTITIONS_PROCESSED 8
<INFO 7196695fd6c0> CORE::BYTES::EDGES_STREAMED 51943440
<INFO 7196695fd6c0> CORE::BYTES::UPDATES_OUT 34628960
<INFO 719664df46c0> CORE::PARTITIONS_PROCESSED 9
<INFO 71966ae006c0> CORE::PARTITIONS_PROCESSED 7
<INFO 71966a5ff6c0> CORE::PARTITIONS_PROCESSED 8
<INFO 7196665f76c0> CORE::PARTITIONS_PROCESSED 7
<INFO 7196685fb6c0> CORE::PARTITIONS_PROCESSED 7
<INFO 719665df66c0> CORE::PARTITIONS_PROCESSED 8
<INFO 7196685fb6c0> CORE::BYTES::EDGES_STREAMED 52015332
<INFO 719667dfa6c0> CORE::PARTITIONS_PROCESSED 9
<INFO 7196685fb6c0> CORE::BYTES::UPDATES_OUT 34676888
<INFO 7196685fb6c0> CORE::BYTES::UPDATES_IN 30261816
<INFO 7196665f76c0> CORE::BYTES::EDGES_STREAMED 51696588
<INFO 7196695fd6c0> CORE::BYTES::UPDATES_IN 38879112
<INFO 71966a5ff6c0> CORE::BYTES::EDGES_STREAMED 51719928
<INFO 719667dfa6c0> CORE::BYTES::EDGES_STREAMED 51659472
<INFO 719669dfe6c0> CORE::BYTES::EDGES_STREAMED 51800088
<INFO 719667dfa6c0> CORE::BYTES::UPDATES_OUT 34439648
<INFO 719667dfa6c0> CORE::BYTES::UPDATES_IN 38645216
<INFO 719669dfe6c0> CORE::BYTES::UPDATES_OUT 34533392
<INFO 719669dfe6c0> CORE::BYTES::UPDATES_IN 38998400
<INFO 7196675f96c0> CORE::PARTITIONS_PROCESSED 8
<INFO 719666df86c0> CORE::BYTES::EDGES_STREAMED 51860532
<INFO 7196675f96c0> CORE::BYTES::EDGES_STREAMED 52129848
<INFO 7196675f96c0> CORE::BYTES::UPDATES_OUT 34753232
<INFO 7196675f96c0> CORE::BYTES::UPDATES_IN 34644480
<INFO 719664df46c0> CORE::BYTES::EDGES_STREAMED 51568200
<INFO 719664df46c0> CORE::BYTES::UPDATES_OUT 34378800
<INFO 719664df46c0> CORE::BYTES::UPDATES_IN 38616424
<INFO 719665df66c0> CORE::BYTES::EDGES_STREAMED 51465780
<INFO 719665df66c0> CORE::BYTES::UPDATES_OUT 34310520
<INFO 719665df66c0> CORE::BYTES::UPDATES_IN 34213784
<INFO 7196665f76c0> CORE::BYTES::UPDATES_OUT 34464392
<INFO 7196665f76c0> CORE::BYTES::UPDATES_IN 30097416
<INFO 71966ae006c0> CORE::BYTES::EDGES_STREAMED 51593616
<INFO 71966ae006c0> CORE::BYTES::UPDATES_OUT 34395744
<INFO 71966ae006c0> CORE::BYTES::UPDATES_IN 30190880
<INFO 719666df86c0> CORE::BYTES::UPDATES_OUT 34573688
<INFO 719666df86c0> CORE::BYTES::UPDATES_IN 34525064
<INFO 71966a5ff6c0> CORE::BYTES::UPDATES_OUT 34479952
<INFO 71966a5ff6c0> CORE::BYTES::UPDATES_IN 34652440
<INFO 71986c5042c0> CORE::RUSAGE::MAX_RSS_KB 8394232
<INFO 71986c5042c0> CORE::RUSAGE::MINFLT 2097539
<INFO 71986c5042c0> CORE::RUSAGE::MAJFLT 0
<INFO 71986c5042c0> CORE::RUSAGE::MAJFLT 0
<INFO 71986c5042c0> CORE::RUSAGE::INBLK 1617048
<INFO 71986c5042c0> CORE::RUSAGE::OUBLK 75760
<INFO 71986c5042c0> CORE::UTILS::BYTES_READ 827928576
<INFO 71986c5042c0> CORE::UTILS::BYTES_WRITTEN 38780928
<INFO 71986c5042c0> CORE::TIME::IO_WAIT 2.98588 seconds
<INFO 71986c5042c0> CORE::PHASES 2
<INFO 71986c5042c0> CORE::TIME::SETUP 3.44075 seconds
<INFO 71986c5042c0> CORE::TIME::STATE_ITER 0.010996 seconds
<INFO 71986c5042c0> CORE::TIME::GATHER 0.155577 seconds
<INFO 71986c5042c0> CORE::TIME::SCATTER 3.192 seconds
<INFO 71986c5042c0> TIME_IN_PC_FN 0.083997 seconds
<INFO 71986c5042c0> CORE::TIME::WALL 6.92293 seconds
<INFO 71986c5042c0> SHUTDOWN
