<INFO 79c98c69f2c0> STARTUP
<INFO 79c98c69f2c0> CORE::GRAPH soc-LiveJournal1-sym
<INFO 79c98c69f2c0> CORE::ALGORITHM mis
<INFO 79c98c69f2c0> SG-DRIVER-ORIGINAL
<WARNING 79c98c69f2c0> Disk count not specified, assuming it to be 1
<INFO 79c98c69f2c0> CORE::CONFIG::PROCESSORS 16
<INFO 79c98c69f2c0> CORE::CONFIG::PHYSICAL_MEMORY 8589934592
<INFO 79c98c69f2c0> CORE::CONFIG::VERTICES 4847571
<INFO 79c98c69f2c0> CORE::CONFIG::VERTEX_SIZE 1
<INFO 79c98c69f2c0> CORE::CONFIG::VERTEX_BUFFER 4849664
<INFO 79c98c69f2c0> CORE::CONFIG::EDGES 137469164
<INFO 79c98c69f2c0> CORE::CONFIG::PARTITIONS 64
<INFO 79c98c69f2c0> CORE::CONFIG::FANOUT 64
<INFO 79c98c69f2c0> CORE::CONFIG::SUPER_PARTITIONS 1
<INFO 79c98c69f2c0> CORE::CONFIG::STREAM_UNIT 16777216
<INFO 79c98c69f2c0> CORE::CONFIG::BUFFER_SIZE 1713656012
<INFO 79c98c69f2c0> CORE::CONFIG::IO_NUMIOQS 1
<INFO 79c98c69f2c0> CORE::CONFIG::MAX_BUFFERS 4
<INFO 79c98c69f2c0> CORE::CONFIG::MAX_STREAMS 5
<WARNING 79c98c69f2c0> No mount point specified for disk0, falling back to current directory
my size is 1649629968
<INFO 79c98c69f2c0> ALGORITHM::MIS::NOT_IN_MIS 2730773
<INFO 79c98c69f2c0> CORE::PARTITIONS_PROCESSED 196
<INFO 79c98c69f2c0> CORE::BYTES::EDGES_STREAMED 5553711324
<INFO 79c98c69f2c0> CORE::BYTES::UPDATES_OUT 216888068
<INFO 79c98c69f2c0> CORE::BYTES::UPDATES_IN 212490476
<INFO 79c787ff96c0> CORE::PARTITIONS_PROCESSED 212
<INFO 79c789ffd6c0> CORE::PARTITIONS_PROCESSED 200
<INFO 79c7847f26c0> CORE::PARTITIONS_PROCESSED 224
<INFO 79c789ffd6c0> CORE::BYTES::EDGES_STREAMED 5558996928
<INFO 79c78a7fe6c0> CORE::PARTITIONS_PROCESSED 214
<INFO 79c787ff96c0> CORE::BYTES::EDGES_STREAMED 5476829760
<INFO 79c787ff96c0> CORE::BYTES::UPDATES_OUT 208874480
<INFO 79c7877f86c0> CORE::PARTITIONS_PROCESSED 241
<INFO 79c787ff96c0> CORE::BYTES::UPDATES_IN 214059536
<INFO 79c7877f86c0> CORE::BYTES::EDGES_STREAMED 5883031440
<INFO 79c7877f86c0> CORE::BYTES::UPDATES_OUT 245828912
<INFO 79c78b8006c0> CORE::PARTITIONS_PROCESSED 218
<INFO 79c789ffd6c0> CORE::BYTES::UPDATES_OUT 217823336
<INFO 79c785ff56c0> CORE::PARTITIONS_PROCESSED 202
<INFO 79c7847f26c0> CORE::BYTES::EDGES_STREAMED 5482882836
<INFO 79c7877f86c0> CORE::BYTES::UPDATES_IN 229252100
<INFO 79c7857f46c0> CORE::PARTITIONS_PROCESSED 225
<INFO 79c78b8006c0> CORE::BYTES::EDGES_STREAMED 5514115524
<INFO 79c78b8006c0> CORE::BYTES::UPDATES_OUT 213179420
<INFO 79c78a7fe6c0> CORE::BYTES::EDGES_STREAMED 5475160272
<INFO 79c78b8006c0> CORE::BYTES::UPDATES_IN 200811836
<INFO 79c7847f26c0> CORE::BYTES::UPDATES_OUT 210352668
<INFO 79c785ff56c0> CORE::BYTES::EDGES_STREAMED 5633367792
<INFO 79c785ff56c0> CORE::BYTES::UPDATES_OUT 220148828
<INFO 79c7867f66c0> CORE::PARTITIONS_PROCESSED 204
<INFO 79c786ff76c0> CORE::PARTITIONS_PROCESSED 206
<INFO 79c7887fa6c0> CORE::PARTITIONS_PROCESSED 223
<INFO 79c785ff56c0> CORE::BYTES::UPDATES_IN 226724272
<INFO 79c7867f66c0> CORE::BYTES::EDGES_STREAMED 5484393816
<INFO 79c789ffd6c0> CORE::BYTES::UPDATES_IN 207413112
<INFO 79c7867f66c0> CORE::BYTES::UPDATES_OUT 208644472
<INFO 79c78afff6c0> CORE::PARTITIONS_PROCESSED 195
<INFO 79c786ff76c0> CORE::BYTES::EDGES_STREAMED 5491671672
<INFO 79c7857f46c0> CORE::BYTES::EDGES_STREAMED 5553421392
<INFO 79c78a7fe6c0> CORE::BYTES::UPDATES_OUT 206060024
<INFO 79c78a7fe6c0> CORE::BYTES::UPDATES_IN 218019808
<INFO 79c7847f26c0> CORE::BYTES::UPDATES_IN 211283228
<INFO 79c7857f46c0> CORE::BYTES::UPDATES_OUT 219374820
<INFO 79c7857f46c0> CORE::BYTES::UPDATES_IN 206328132
<INFO 79c7897fc6c0> CORE::PARTITIONS_PROCESSED 192
<INFO 79c7897fc6c0> CORE::BYTES::EDGES_STREAMED 5454438480
<INFO 79c7897fc6c0> CORE::BYTES::UPDATES_OUT 208228972
<INFO 79c7897fc6c0> CORE::BYTES::UPDATES_IN 210632588
<INFO 79c786ff76c0> CORE::BYTES::UPDATES_OUT 209779756
<INFO 79c7887fa6c0> CORE::BYTES::EDGES_STREAMED 5562355380
<INFO 79c7887fa6c0> CORE::BYTES::UPDATES_OUT 213921364
<INFO 79c78afff6c0> CORE::BYTES::EDGES_STREAMED 5455333200
<INFO 79c78afff6c0> CORE::BYTES::UPDATES_OUT 207893784
<INFO 79c786ff76c0> CORE::BYTES::UPDATES_IN 215545848
<INFO 79c78afff6c0> CORE::BYTES::UPDATES_IN 214286964
<INFO 79c784ff36c0> CORE::PARTITIONS_PROCESSED 219
<INFO 79c784ff36c0> CORE::BYTES::EDGES_STREAMED 5621327304
<INFO 79c784ff36c0> CORE::BYTES::UPDATES_OUT 225148352
<INFO 79c784ff36c0> CORE::BYTES::UPDATES_IN 230098836
<INFO 79c7887fa6c0> CORE::BYTES::UPDATES_IN 213800140
<INFO 79c7867f66c0> CORE::BYTES::UPDATES_IN 218537000
<INFO 79c788ffb6c0> CORE::PARTITIONS_PROCESSED 221
<INFO 79c788ffb6c0> CORE::BYTES::EDGES_STREAMED 5878981152
<INFO 79c788ffb6c0> CORE::BYTES::UPDATES_OUT 254592208
<INFO 79c788ffb6c0> CORE::BYTES::UPDATES_IN 225432952
<INFO 79c98c69f2c0> CORE::RUSAGE::MAX_RSS_KB 8393908
<INFO 79c98c69f2c0> CORE::RUSAGE::MINFLT 2097524
<INFO 79c98c69f2c0> CORE::RUSAGE::MAJFLT 0
<INFO 79c98c69f2c0> CORE::RUSAGE::MAJFLT 0
<INFO 79c98c69f2c0> CORE::RUSAGE::INBLK 3221936
<INFO 79c98c69f2c0> CORE::RUSAGE::OUBLK 9488
<INFO 79c98c69f2c0> CORE::UTILS::BYTES_READ 1649631232
<INFO 79c98c69f2c0> CORE::UTILS::BYTES_WRITTEN 4849664
<INFO 79c98c69f2c0> CORE::TIME::IO_WAIT 5.82172 seconds
<INFO 79c98c69f2c0> CORE::PHASES 54
<INFO 79c98c69f2c0> CORE::TIME::SETUP 3.44238 seconds
<INFO 79c98c69f2c0> CORE::TIME::STATE_ITER 1.29622 seconds
<INFO 79c98c69f2c0> CORE::TIME::GATHER 2.50217 seconds
<INFO 79c98c69f2c0> CORE::TIME::SCATTER 13.243 seconds
<INFO 79c98c69f2c0> TIME_IN_PC_FN 4.85405 seconds
<INFO 79c98c69f2c0> CORE::TIME::WALL 21.6417 seconds
<INFO 79c98c69f2c0> SHUTDOWN
