<INFO 79d826afb2c0> STARTUP
<INFO 79d826afb2c0> CORE::GRAPH soc-LiveJournal1-sym
<INFO 79d826afb2c0> CORE::ALGORITHM cc
<INFO 79d826afb2c0> SG-DRIVER-ORIGINAL
<WARNING 79d826afb2c0> Disk count not specified, assuming it to be 1
<INFO 79d826afb2c0> CORE::CONFIG::PROCESSORS 16
<INFO 79d826afb2c0> CORE::CONFIG::PHYSICAL_MEMORY 8589934592
<INFO 79d826afb2c0> CORE::CONFIG::VERTICES 4847571
<INFO 79d826afb2c0> CORE::CONFIG::VERTEX_SIZE 13
<INFO 79d826afb2c0> CORE::CONFIG::VERTEX_BUFFER 63021056
<INFO 79d826afb2c0> CORE::CONFIG::EDGES 137469164
<INFO 79d826afb2c0> CORE::CONFIG::PARTITIONS 128
<INFO 79d826afb2c0> CORE::CONFIG::FANOUT 128
<INFO 79d826afb2c0> CORE::CONFIG::SUPER_PARTITIONS 1
<INFO 79d826afb2c0> CORE::CONFIG::STREAM_UNIT 16777216
<INFO 79d826afb2c0> CORE::CONFIG::BUFFER_SIZE 1702020812
<INFO 79d826afb2c0> CORE::CONFIG::IO_NUMIOQS 1
<INFO 79d826afb2c0> CORE::CONFIG::MAX_BUFFERS 4
<INFO 79d826afb2c0> CORE::CONFIG::MAX_STREAMS 5
<WARNING 79d826afb2c0> No mount point specified for disk0, falling back to current directory
my size is 1649629968
<INFO 79d826afb2c0> ALGORITHM::CC::CC_COUNT 1876
<INFO 79d826afb2c0> CORE::PARTITIONS_PROCESSED 61
<INFO 79d826afb2c0> CORE::BYTES::EDGES_STREAMED 1338237408
<INFO 79d826afb2c0> CORE::BYTES::UPDATES_OUT 363483696
<INFO 79d826afb2c0> CORE::BYTES::UPDATES_IN 335074936
<INFO 79d625c036c0> CORE::PARTITIONS_PROCESSED 83
<INFO 79d6223fc6c0> CORE::PARTITIONS_PROCESSED 92
<INFO 79d6203f86c0> CORE::PARTITIONS_PROCESSED 80
<INFO 79d620bf96c0> CORE::PARTITIONS_PROCESSED 87
<INFO 79d61fbf76c0> CORE::PARTITIONS_PROCESSED 85
<INFO 79d6203f86c0> CORE::BYTES::EDGES_STREAMED 1074984636
<INFO 79d61fbf76c0> CORE::BYTES::EDGES_STREAMED 1123816440
<INFO 79d61fbf76c0> CORE::BYTES::UPDATES_OUT 311110728
<INFO 79d61fbf76c0> CORE::BYTES::UPDATES_IN 320656632
<INFO 79d6223fc6c0> CORE::BYTES::EDGES_STREAMED 1105358064
<INFO 79d6203f86c0> CORE::BYTES::UPDATES_OUT 303021456
<INFO 79d625c036c0> CORE::BYTES::EDGES_STREAMED 1096005336
<INFO 79d625c036c0> CORE::BYTES::UPDATES_OUT 305705136
<INFO 79d625c036c0> CORE::BYTES::UPDATES_IN 318404896
<INFO 79d6223fc6c0> CORE::BYTES::UPDATES_OUT 310020160
<INFO 79d6223fc6c0> CORE::BYTES::UPDATES_IN 318959464
<INFO 79d624c016c0> CORE::PARTITIONS_PROCESSED 64
<INFO 79d6233fe6c0> CORE::PARTITIONS_PROCESSED 67
<INFO 79d6213fa6c0> CORE::PARTITIONS_PROCESSED 93
<INFO 79d624c016c0> CORE::BYTES::EDGES_STREAMED 1097808720
<INFO 79d6213fa6c0> CORE::BYTES::EDGES_STREAMED 1134345792
<INFO 79d624c016c0> CORE::BYTES::UPDATES_OUT 306632168
<INFO 79d6233fe6c0> CORE::BYTES::EDGES_STREAMED 1070081388
<INFO 79d6233fe6c0> CORE::BYTES::UPDATES_OUT 307505936
<INFO 79d6233fe6c0> CORE::BYTES::UPDATES_IN 320390984
<INFO 79d6244006c0> CORE::PARTITIONS_PROCESSED 88
<INFO 79d624c016c0> CORE::BYTES::UPDATES_IN 305932216
<INFO 79d6203f86c0> CORE::BYTES::UPDATES_IN 315770960
<INFO 79d6213fa6c0> CORE::BYTES::UPDATES_OUT 343747064
<INFO 79d6213fa6c0> CORE::BYTES::UPDATES_IN 311974936
<INFO 79d6244006c0> CORE::BYTES::EDGES_STREAMED 1086295296
<INFO 79d6244006c0> CORE::BYTES::UPDATES_OUT 298161224
<INFO 79d6244006c0> CORE::BYTES::UPDATES_IN 320959448
<INFO 79d623bff6c0> CORE::PARTITIONS_PROCESSED 116
<INFO 79d623bff6c0> CORE::BYTES::EDGES_STREAMED 1098435588
<INFO 79d623bff6c0> CORE::BYTES::UPDATES_OUT 302735248
<INFO 79d623bff6c0> CORE::BYTES::UPDATES_IN 338349504
<INFO 79d620bf96c0> CORE::BYTES::EDGES_STREAMED 1094336604
<INFO 79d620bf96c0> CORE::BYTES::UPDATES_OUT 301494448
<INFO 79d620bf96c0> CORE::BYTES::UPDATES_IN 317528592
<INFO 79d61ebf56c0> CORE::PARTITIONS_PROCESSED 85
<INFO 79d61ebf56c0> CORE::BYTES::EDGES_STREAMED 1081200300
<INFO 79d61ebf56c0> CORE::BYTES::UPDATES_OUT 308008032
<INFO 79d61ebf56c0> CORE::BYTES::UPDATES_IN 317501272
<INFO 79d621bfb6c0> CORE::PARTITIONS_PROCESSED 93
<INFO 79d621bfb6c0> CORE::BYTES::EDGES_STREAMED 1191958452
<INFO 79d621bfb6c0> CORE::BYTES::UPDATES_OUT 366994336
<INFO 79d621bfb6c0> CORE::BYTES::UPDATES_IN 321429624
<INFO 79d622bfd6c0> CORE::PARTITIONS_PROCESSED 99
<INFO 79d6254026c0> CORE::PARTITIONS_PROCESSED 106
<INFO 79d622bfd6c0> CORE::BYTES::EDGES_STREAMED 1047089112
<INFO 79d622bfd6c0> CORE::BYTES::UPDATES_OUT 303935872
<INFO 79d622bfd6c0> CORE::BYTES::UPDATES_IN 296386712
<INFO 79d61f3f66c0> CORE::PARTITIONS_PROCESSED 84
<INFO 79d6254026c0> CORE::BYTES::EDGES_STREAMED 1119074016
<INFO 79d6254026c0> CORE::BYTES::UPDATES_OUT 334551736
<INFO 79d6254026c0> CORE::BYTES::UPDATES_IN 308832376
<INFO 79d61f3f66c0> CORE::BYTES::EDGES_STREAMED 1168309824
<INFO 79d61f3f66c0> CORE::BYTES::UPDATES_OUT 336835296
<INFO 79d61f3f66c0> CORE::BYTES::UPDATES_IN 335789984
<INFO 79d826afb2c0> CORE::RUSAGE::MAX_RSS_KB 8394244
<INFO 79d826afb2c0> CORE::RUSAGE::MINFLT 2097540
<INFO 79d826afb2c0> CORE::RUSAGE::MAJFLT 0
<INFO 79d826afb2c0> CORE::RUSAGE::MAJFLT 0
<INFO 79d826afb2c0> CORE::RUSAGE::INBLK 3221936
<INFO 79d826afb2c0> CORE::RUSAGE::OUBLK 123104
<INFO 79d826afb2c0> CORE::UTILS::BYTES_READ 1649631232
<INFO 79d826afb2c0> CORE::UTILS::BYTES_WRITTEN 63021056
<INFO 79d826afb2c0> CORE::TIME::IO_WAIT 4.63657 seconds
<INFO 79d826afb2c0> CORE::PHASES 13
<INFO 79d826afb2c0> CORE::TIME::SETUP 3.43412 seconds
<INFO 79d826afb2c0> CORE::TIME::STATE_ITER 0.023997 seconds
<INFO 79d826afb2c0> CORE::TIME::GATHER 1.58953 seconds
<INFO 79d826afb2c0> CORE::TIME::SCATTER 6.69301 seconds
<INFO 79d826afb2c0> TIME_IN_PC_FN 1.46284 seconds
<INFO 79d826afb2c0> CORE::TIME::WALL 12.1571 seconds
<INFO 79d826afb2c0> SHUTDOWN
