<INFO 739b3a4c82c0> STARTUP
<INFO 739b3a4c82c0> CORE::GRAPH soc-LiveJournal1-dir
<INFO 739b3a4c82c0> CORE::ALGORITHM sssp
<INFO 739b3a4c82c0> SG-DRIVER-ORIGINAL
<WARNING 739b3a4c82c0> Disk count not specified, assuming it to be 1
<INFO 739b3a4c82c0> CORE::CONFIG::PROCESSORS 16
<INFO 739b3a4c82c0> CORE::CONFIG::PHYSICAL_MEMORY 8589934592
<INFO 739b3a4c82c0> CORE::CONFIG::VERTICES 4847571
<INFO 739b3a4c82c0> CORE::CONFIG::VERTEX_SIZE 16
<INFO 739b3a4c82c0> CORE::CONFIG::VERTEX_BUFFER 77561856
<INFO 739b3a4c82c0> CORE::CONFIG::EDGES 68993773
<INFO 739b3a4c82c0> CORE::CONFIG::PARTITIONS 128
<INFO 739b3a4c82c0> CORE::CONFIG::FANOUT 128
<INFO 739b3a4c82c0> CORE::CONFIG::SUPER_PARTITIONS 1
<INFO 739b3a4c82c0> CORE::CONFIG::STREAM_UNIT 16777216
<INFO 739b3a4c82c0> CORE::CONFIG::BUFFER_SIZE 1699112652
<INFO 739b3a4c82c0> CORE::CONFIG::IO_NUMIOQS 1
<INFO 739b3a4c82c0> CORE::CONFIG::MAX_BUFFERS 4
<INFO 739b3a4c82c0> CORE::CONFIG::MAX_STREAMS 5
<WARNING 739b3a4c82c0> No mount point specified for disk0, falling back to current directory
my size is 827925276
<INFO 739b3a4c82c0> CORE::PARTITIONS_PROCESSED 319
<INFO 739b3a4c82c0> CORE::BYTES::EDGES_STREAMED 2067433548
<INFO 739b3a4c82c0> CORE::BYTES::UPDATES_OUT 438013992
<INFO 739b3a4c82c0> CORE::BYTES::UPDATES_IN 433104516
<INFO 7399355fb6c0> CORE::PARTITIONS_PROCESSED 310
<INFO 7399345f96c0> CORE::PARTITIONS_PROCESSED 364
<INFO 7399345f96c0> CORE::BYTES::EDGES_STREAMED 2268138492
<INFO 7399355fb6c0> CORE::BYTES::EDGES_STREAMED 2260559700
<INFO 7399335f76c0> CORE::PARTITIONS_PROCESSED 352
<INFO 739934dfa6c0> CORE::PARTITIONS_PROCESSED 397
<INFO 739934dfa6c0> CORE::BYTES::EDGES_STREAMED 2261787168
<INFO 7399355fb6c0> CORE::BYTES::UPDATES_OUT 477282372
<INFO 7399355fb6c0> CORE::BYTES::UPDATES_IN 469674924
<INFO 7399345f96c0> CORE::BYTES::UPDATES_OUT 507740748
<INFO 739936dfe6c0> CORE::PARTITIONS_PROCESSED 431
<INFO 739936dfe6c0> CORE::BYTES::EDGES_STREAMED 2310652728
<INFO 739936dfe6c0> CORE::BYTES::UPDATES_OUT 527365512
<INFO 739936dfe6c0> CORE::BYTES::UPDATES_IN 498718296
<INFO 739933df86c0> CORE::PARTITIONS_PROCESSED 473
<INFO 7399345f96c0> CORE::BYTES::UPDATES_IN 515352144
<INFO 739933df86c0> CORE::BYTES::EDGES_STREAMED 2304108180
<INFO 739933df86c0> CORE::BYTES::UPDATES_OUT 531536988
<INFO 739933df86c0> CORE::BYTES::UPDATES_IN 568035828
<INFO 739934dfa6c0> CORE::BYTES::UPDATES_OUT 533047116
<INFO 739934dfa6c0> CORE::BYTES::UPDATES_IN 491989452
<INFO 7399335f76c0> CORE::BYTES::EDGES_STREAMED 2251974180
<INFO 739937e006c0> CORE::PARTITIONS_PROCESSED 388
<INFO 7399335f76c0> CORE::BYTES::UPDATES_OUT 520038276
<INFO 739937e006c0> CORE::BYTES::EDGES_STREAMED 2253890388
<INFO 739938e026c0> CORE::PARTITIONS_PROCESSED 387
<INFO 739937e006c0> CORE::BYTES::UPDATES_OUT 545635248
<INFO 739938e026c0> CORE::BYTES::EDGES_STREAMED 2211772056
<INFO 739932df66c0> CORE::PARTITIONS_PROCESSED 426
<INFO 7399386016c0> CORE::PARTITIONS_PROCESSED 487
<INFO 739935dfc6c0> CORE::PARTITIONS_PROCESSED 372
<INFO 7399335f76c0> CORE::BYTES::UPDATES_IN 492402960
<INFO 739938e026c0> CORE::BYTES::UPDATES_OUT 522410988
<INFO 739938e026c0> CORE::BYTES::UPDATES_IN 499084476
<INFO 739932df66c0> CORE::BYTES::EDGES_STREAMED 2184317724
<INFO 739932df66c0> CORE::BYTES::UPDATES_OUT 481300392
<INFO 739932df66c0> CORE::BYTES::UPDATES_IN 495721812
<INFO 739937e006c0> CORE::BYTES::UPDATES_IN 590781936
<INFO 7399396036c0> CORE::PARTITIONS_PROCESSED 386
<INFO 7399396036c0> CORE::BYTES::EDGES_STREAMED 2155409004
<INFO 7399396036c0> CORE::BYTES::UPDATES_OUT 462818064
<INFO 7399396036c0> CORE::BYTES::UPDATES_IN 491070972
<INFO 739935dfc6c0> CORE::BYTES::EDGES_STREAMED 2228057232
<INFO 739935dfc6c0> CORE::BYTES::UPDATES_OUT 512911812
<INFO 739935dfc6c0> CORE::BYTES::UPDATES_IN 478454988
<INFO 7399375ff6c0> CORE::PARTITIONS_PROCESSED 379
<INFO 7399375ff6c0> CORE::BYTES::EDGES_STREAMED 2137124856
<INFO 7399375ff6c0> CORE::BYTES::UPDATES_OUT 479600424
<INFO 7399375ff6c0> CORE::BYTES::UPDATES_IN 465313344
<INFO 7399365fd6c0> CORE::PARTITIONS_PROCESSED 368
<INFO 7399386016c0> CORE::BYTES::EDGES_STREAMED 2684452260
<INFO 7399365fd6c0> CORE::BYTES::EDGES_STREAMED 2125149672
<INFO 7399365fd6c0> CORE::BYTES::UPDATES_OUT 462084192
<INFO 7399365fd6c0> CORE::BYTES::UPDATES_IN 455649876
<INFO 7399386016c0> CORE::BYTES::UPDATES_OUT 732910128
<INFO 7399386016c0> CORE::BYTES::UPDATES_IN 804450240
<INFO 7399325f56c0> CORE::PARTITIONS_PROCESSED 351
<INFO 7399325f56c0> CORE::BYTES::EDGES_STREAMED 2173388724
<INFO 7399325f56c0> CORE::BYTES::UPDATES_OUT 480338112
<INFO 7399325f56c0> CORE::BYTES::UPDATES_IN 465228600
<INFO 739b3a4c82c0> CORE::RUSAGE::MAX_RSS_KB 8394048
<INFO 739b3a4c82c0> CORE::RUSAGE::MINFLT 2097537
<INFO 739b3a4c82c0> CORE::RUSAGE::MAJFLT 0
<INFO 739b3a4c82c0> CORE::RUSAGE::MAJFLT 0
<INFO 739b3a4c82c0> CORE::RUSAGE::INBLK 1617304
<INFO 739b3a4c82c0> CORE::RUSAGE::OUBLK 151504
<INFO 739b3a4c82c0> CORE::UTILS::BYTES_READ 827928576
<INFO 739b3a4c82c0> CORE::UTILS::BYTES_WRITTEN 77561856
<INFO 739b3a4c82c0> CORE::TIME::IO_WAIT 2.00571 seconds
<INFO 739b3a4c82c0> CORE::PHASES 51
<INFO 739b3a4c82c0> CORE::TIME::SETUP 3.52548 seconds
<INFO 739b3a4c82c0> CORE::TIME::STATE_ITER 0.01322 seconds
<INFO 739b3a4c82c0> CORE::TIME::GATHER 3.4988 seconds
<INFO 739b3a4c82c0> CORE::TIME::SCATTER 6.86177 seconds
<INFO 739b3a4c82c0> TIME_IN_PC_FN 2.39488 seconds
<INFO 739b3a4c82c0> CORE::TIME::WALL 15.3751 seconds
<INFO 739b3a4c82c0> SHUTDOWN
