<INFO 7a28b7b1a2c0> STARTUP
<INFO 7a28b7b1a2c0> CORE::GRAPH soc-LiveJournal1-dir
<INFO 7a28b7b1a2c0> CORE::ALGORITHM spmv
<INFO 7a28b7b1a2c0> SG-DRIVER-ORIGINAL
<WARNING 7a28b7b1a2c0> Disk count not specified, assuming it to be 1
<INFO 7a28b7b1a2c0> CORE::CONFIG::PROCESSORS 16
<INFO 7a28b7b1a2c0> CORE::CONFIG::PHYSICAL_MEMORY 8589934592
<INFO 7a28b7b1a2c0> CORE::CONFIG::VERTICES 4847571
<INFO 7a28b7b1a2c0> CORE::CONFIG::VERTEX_SIZE 8
<INFO 7a28b7b1a2c0> CORE::CONFIG::VERTEX_BUFFER 38780928
<INFO 7a28b7b1a2c0> CORE::CONFIG::EDGES 68993773
<INFO 7a28b7b1a2c0> CORE::CONFIG::PARTITIONS 128
<INFO 7a28b7b1a2c0> CORE::CONFIG::FANOUT 128
<INFO 7a28b7b1a2c0> CORE::CONFIG::SUPER_PARTITIONS 1
<INFO 7a28b7b1a2c0> CORE::CONFIG::STREAM_UNIT 16777216
<INFO 7a28b7b1a2c0> CORE::CONFIG::BUFFER_SIZE 1706868838
<INFO 7a28b7b1a2c0> CORE::CONFIG::IO_NUMIOQS 1
<INFO 7a28b7b1a2c0> CORE::CONFIG::MAX_BUFFERS 4
<INFO 7a28b7b1a2c0> CORE::CONFIG::MAX_STREAMS 5
<WARNING 7a28b7b1a2c0> No mount point specified for disk0, falling back to current directory
my size is 827925276
<INFO 7a28b7b1a2c0> CORE::PARTITIONS_PROCESSED 9
<INFO 7a28b7b1a2c0> CORE::BYTES::EDGES_STREAMED 51550260
<INFO 7a28b7b1a2c0> CORE::BYTES::UPDATES_OUT 34366840
<INFO 7a28b7b1a2c0> CORE::BYTES::UPDATES_IN 38760320
<INFO 7a26b53fe6c0> CORE::PARTITIONS_PROCESSED 7
<INFO 7a26b4bfd6c0> CORE::PARTITIONS_PROCESSED 7
<INFO 7a26b1bf76c0> CORE::PARTITIONS_PROCESSED 5
<INFO 7a26b1bf76c0> CORE::BYTES::EDGES_STREAMED 51696588
<INFO 7a26b33fa6c0> CORE::PARTITIONS_PROCESSED 7
<INFO 7a26b53fe6c0> CORE::BYTES::EDGES_STREAMED 51800088
<INFO 7a26b6c016c0> CORE::PARTITIONS_PROCESSED 7
<INFO 7a26b1bf76c0> CORE::BYTES::UPDATES_OUT 34464392
<INFO 7a26b33fa6c0> CORE::BYTES::EDGES_STREAMED 51659472
<INFO 7a26b33fa6c0> CORE::BYTES::UPDATES_OUT 34439648
<INFO 7a26b33fa6c0> CORE::BYTES::UPDATES_IN 30058432
<INFO 7a26b53fe6c0> CORE::BYTES::UPDATES_OUT 34533392
<INFO 7a26b53fe6c0> CORE::BYTES::UPDATES_IN 30437472
<INFO 7a26b6c016c0> CORE::BYTES::EDGES_STREAMED 51724848
<INFO 7a26b6c016c0> CORE::BYTES::UPDATES_OUT 34483232
<INFO 7a26b43fc6c0> CORE::PARTITIONS_PROCESSED 8
<INFO 7a26b4bfd6c0> CORE::BYTES::EDGES_STREAMED 45572448
<INFO 7a26b13f66c0> CORE::PARTITIONS_PROCESSED 9
<INFO 7a26b5bff6c0> CORE::PARTITIONS_PROCESSED 7
<INFO 7a26b13f66c0> CORE::BYTES::EDGES_STREAMED 44994528
<INFO 7a26b23f86c0> CORE::PARTITIONS_PROCESSED 8
<INFO 7a26b1bf76c0> CORE::BYTES::UPDATES_IN 21587904
<INFO 7a26b5bff6c0> CORE::BYTES::EDGES_STREAMED 51719928
<INFO 7a26b3bfb6c0> CORE::PARTITIONS_PROCESSED 9
<INFO 7a26b13f66c0> CORE::BYTES::UPDATES_OUT 29996352
<INFO 7a26b3bfb6c0> CORE::BYTES::EDGES_STREAMED 52015332
<INFO 7a26b4bfd6c0> CORE::BYTES::UPDATES_OUT 30381632
<INFO 7a26b23f86c0> CORE::BYTES::EDGES_STREAMED 51860532
<INFO 7a26b23f86c0> CORE::BYTES::UPDATES_OUT 34573688
<INFO 7a26b4bfd6c0> CORE::BYTES::UPDATES_IN 30321552
<INFO 7a26b43fc6c0> CORE::BYTES::EDGES_STREAMED 51734100
<INFO 7a26b5bff6c0> CORE::BYTES::UPDATES_OUT 34479952
<INFO 7a26b43fc6c0> CORE::BYTES::UPDATES_OUT 34489400
<INFO 7a26b03f46c0> CORE::PARTITIONS_PROCESSED 14
<INFO 7a26b6c016c0> CORE::BYTES::UPDATES_IN 30227712
<INFO 7a26b03f46c0> CORE::BYTES::EDGES_STREAMED 71153796
<INFO 7a26b13f66c0> CORE::BYTES::UPDATES_IN 38462464
<INFO 7a26b23f86c0> CORE::BYTES::UPDATES_IN 34440008
<INFO 7a26b43fc6c0> CORE::BYTES::UPDATES_IN 34528376
<INFO 7a26b03f46c0> CORE::BYTES::UPDATES_OUT 47435864
<INFO 7a26b03f46c0> CORE::BYTES::UPDATES_IN 59962704
<INFO 7a26b5bff6c0> CORE::BYTES::UPDATES_IN 30424328
<INFO 7a26b64006c0> CORE::PARTITIONS_PROCESSED 6
<INFO 7a26b64006c0> CORE::BYTES::EDGES_STREAMED 51458364
<INFO 7a26b64006c0> CORE::BYTES::UPDATES_OUT 34305576
<INFO 7a26b64006c0> CORE::BYTES::UPDATES_IN 26015920
<INFO 7a26b3bfb6c0> CORE::BYTES::UPDATES_OUT 34676888
<INFO 7a26b3bfb6c0> CORE::BYTES::UPDATES_IN 38917560
<INFO 7a26afbf36c0> CORE::PARTITIONS_PROCESSED 11
<INFO 7a26b2bf96c0> CORE::PARTITIONS_PROCESSED 9
<INFO 7a26afbf36c0> CORE::BYTES::EDGES_STREAMED 45054084
<INFO 7a26afbf36c0> CORE::BYTES::UPDATES_OUT 30036056
<INFO 7a26b0bf56c0> CORE::PARTITIONS_PROCESSED 5
<INFO 7a26b0bf56c0> CORE::BYTES::EDGES_STREAMED 51801060
<INFO 7a26b0bf56c0> CORE::BYTES::UPDATES_OUT 34534040
<INFO 7a26b0bf56c0> CORE::BYTES::UPDATES_IN 21633536
<INFO 7a26afbf36c0> CORE::BYTES::UPDATES_IN 47231072
<INFO 7a26b2bf96c0> CORE::BYTES::EDGES_STREAMED 52129848
<INFO 7a26b2bf96c0> CORE::BYTES::UPDATES_OUT 34753232
<INFO 7a26b2bf96c0> CORE::BYTES::UPDATES_IN 38940824
<INFO 7a28b7b1a2c0> CORE::RUSAGE::MAX_RSS_KB 8394176
<INFO 7a28b7b1a2c0> CORE::RUSAGE::MINFLT 2097536
<INFO 7a28b7b1a2c0> CORE::RUSAGE::MAJFLT 0
<INFO 7a28b7b1a2c0> CORE::RUSAGE::MAJFLT 0
<INFO 7a28b7b1a2c0> CORE::RUSAGE::INBLK 1617048
<INFO 7a28b7b1a2c0> CORE::RUSAGE::OUBLK 75760
<INFO 7a28b7b1a2c0> CORE::UTILS::BYTES_READ 827928576
<INFO 7a28b7b1a2c0> CORE::UTILS::BYTES_WRITTEN 38780928
<INFO 7a28b7b1a2c0> CORE::TIME::IO_WAIT 3.34758 seconds
<INFO 7a28b7b1a2c0> CORE::PHASES 2
<INFO 7a28b7b1a2c0> CORE::TIME::SETUP 3.43256 seconds
<INFO 7a28b7b1a2c0> CORE::TIME::STATE_ITER 0.018532 seconds
<INFO 7a28b7b1a2c0> CORE::TIME::GATHER 0.180181 seconds
<INFO 7a28b7b1a2c0> CORE::TIME::SCATTER 3.577 seconds
<INFO 7a28b7b1a2c0> TIME_IN_PC_FN 0.089356 seconds
<INFO 7a28b7b1a2c0> CORE::TIME::WALL 7.36404 seconds
<INFO 7a28b7b1a2c0> SHUTDOWN
