<INFO 7f93eec822c0> STARTUP
<INFO 7f93eec822c0> CORE::GRAPH soc-LiveJournal1-dir
<INFO 7f93eec822c0> CORE::ALGORITHM pagerank
<INFO 7f93eec822c0> SG-DRIVER-ORIGINAL
<WARNING 7f93eec822c0> Disk count not specified, assuming it to be 1
<INFO 7f93eec822c0> CORE::CONFIG::PROCESSORS 16
<INFO 7f93eec822c0> CORE::CONFIG::PHYSICAL_MEMORY 8589934592
<INFO 7f93eec822c0> CORE::CONFIG::VERTICES 4847571
<INFO 7f93eec822c0> CORE::CONFIG::VERTEX_SIZE 12
<INFO 7f93eec822c0> CORE::CONFIG::VERTEX_BUFFER 58171392
<INFO 7f93eec822c0> CORE::CONFIG::EDGES 68993773
<INFO 7f93eec822c0> CORE::CONFIG::PARTITIONS 128
<INFO 7f93eec822c0> CORE::CONFIG::FANOUT 128
<INFO 7f93eec822c0> CORE::CONFIG::SUPER_PARTITIONS 1
<INFO 7f93eec822c0> CORE::CONFIG::STREAM_UNIT 16777216
<INFO 7f93eec822c0> CORE::CONFIG::BUFFER_SIZE 1702990745
<INFO 7f93eec822c0> CORE::CONFIG::IO_NUMIOQS 1
<INFO 7f93eec822c0> CORE::CONFIG::MAX_BUFFERS 4
<INFO 7f93eec822c0> CORE::CONFIG::MAX_STREAMS 5
<WARNING 7f93eec822c0> No mount point specified for disk0, falling back to current directory
my size is 827925276
<INFO 7f93eec822c0> CORE::PARTITIONS_PROCESSED 163
<INFO 7f93eec822c0> CORE::BYTES::EDGES_STREAMED 1082748876
<INFO 7f93eec822c0> CORE::BYTES::UPDATES_OUT 695985768
<INFO 7f93eec822c0> CORE::BYTES::UPDATES_IN 702764224
<INFO 7f91eadfc6c0> CORE::PARTITIONS_PROCESSED 146
<INFO 7f91e75f56c0> CORE::PARTITIONS_PROCESSED 156
<INFO 7f91e9dfa6c0> CORE::PARTITIONS_PROCESSED 158
<INFO 7f91e6df46c0> CORE::PARTITIONS_PROCESSED 175
<INFO 7f91e9dfa6c0> CORE::BYTES::EDGES_STREAMED 1107276144
<INFO 7f91eadfc6c0> CORE::BYTES::EDGES_STREAMED 1222325244
<INFO 7f91e7df66c0> CORE::PARTITIONS_PROCESSED 171
<INFO 7f91e75f56c0> CORE::BYTES::EDGES_STREAMED 1076430264
<INFO 7f91e7df66c0> CORE::BYTES::EDGES_STREAMED 1281696336
<INFO 7f91e75f56c0> CORE::BYTES::UPDATES_OUT 691820928
<INFO 7f91eadfc6c0> CORE::BYTES::UPDATES_OUT 750007064
<INFO 7f91e6df46c0> CORE::BYTES::EDGES_STREAMED 1122215448
<INFO 7f91e6df46c0> CORE::BYTES::UPDATES_OUT 713767032
<INFO 7f91e6df46c0> CORE::BYTES::UPDATES_IN 754209008
<INFO 7f91e7df66c0> CORE::BYTES::UPDATES_OUT 785532800
<INFO 7f91e7df66c0> CORE::BYTES::UPDATES_IN 739190224
<INFO 7f91e75f56c0> CORE::BYTES::UPDATES_IN 669209224
<INFO 7f91ede026c0> CORE::PARTITIONS_PROCESSED 160
<INFO 7f91eadfc6c0> CORE::BYTES::UPDATES_IN 630947048
<INFO 7f91ede026c0> CORE::BYTES::EDGES_STREAMED 1080823272
<INFO 7f91ede026c0> CORE::BYTES::UPDATES_OUT 686095880
<INFO 7f91ede026c0> CORE::BYTES::UPDATES_IN 688867056
<INFO 7f91e9dfa6c0> CORE::BYTES::UPDATES_OUT 703427472
<INFO 7f91e9dfa6c0> CORE::BYTES::UPDATES_IN 684108056
<INFO 7f91eb5fd6c0> CORE::PARTITIONS_PROCESSED 145
<INFO 7f91eb5fd6c0> CORE::BYTES::EDGES_STREAMED 1092850500
<INFO 7f91eb5fd6c0> CORE::BYTES::UPDATES_OUT 698355968
<INFO 7f91eb5fd6c0> CORE::BYTES::UPDATES_IN 625313448
<INFO 7f91e8df86c0> CORE::PARTITIONS_PROCESSED 174
<INFO 7f91e8df86c0> CORE::BYTES::EDGES_STREAMED 1156308804
<INFO 7f91e8df86c0> CORE::BYTES::UPDATES_OUT 736405488
<INFO 7f91e8df86c0> CORE::BYTES::UPDATES_IN 748969448
<INFO 7f91ece006c0> CORE::PARTITIONS_PROCESSED 149
<INFO 7f91ece006c0> CORE::BYTES::EDGES_STREAMED 1099297716
<INFO 7f91ece006c0> CORE::BYTES::UPDATES_OUT 706980112
<INFO 7f91ece006c0> CORE::BYTES::UPDATES_IN 645624048
<INFO 7f91ea5fb6c0> CORE::PARTITIONS_PROCESSED 153
<INFO 7f91ea5fb6c0> CORE::BYTES::EDGES_STREAMED 1058770956
<INFO 7f91ea5fb6c0> CORE::BYTES::UPDATES_OUT 680048048
<INFO 7f91ea5fb6c0> CORE::BYTES::UPDATES_IN 657770040
<INFO 7f91e85f76c0> CORE::PARTITIONS_PROCESSED 151
<INFO 7f91e85f76c0> CORE::BYTES::EDGES_STREAMED 1113495000
<INFO 7f91e85f76c0> CORE::BYTES::UPDATES_OUT 712286816
<INFO 7f91e85f76c0> CORE::BYTES::UPDATES_IN 645916800
<INFO 7f91e95f96c0> CORE::PARTITIONS_PROCESSED 163
<INFO 7f91e95f96c0> CORE::BYTES::EDGES_STREAMED 1101848028
<INFO 7f91e95f96c0> CORE::BYTES::UPDATES_OUT 700010808
<INFO 7f91e95f96c0> CORE::BYTES::UPDATES_IN 701873296
<INFO 7f91ec5ff6c0> CORE::PARTITIONS_PROCESSED 158
<INFO 7f91ec5ff6c0> CORE::BYTES::EDGES_STREAMED 1217233332
<INFO 7f91ec5ff6c0> CORE::BYTES::UPDATES_OUT 789987512
<INFO 7f91ec5ff6c0> CORE::BYTES::UPDATES_IN 685136944
<INFO 7f91ebdfe6c0> CORE::PARTITIONS_PROCESSED 170
<INFO 7f91ebdfe6c0> CORE::BYTES::EDGES_STREAMED 1246231476
<INFO 7f91ebdfe6c0> CORE::BYTES::UPDATES_OUT 796192024
<INFO 7f91ebdfe6c0> CORE::BYTES::UPDATES_IN 735013600
<INFO 7f91ed6016c0> CORE::PARTITIONS_PROCESSED 168
<INFO 7f91ed6016c0> CORE::BYTES::EDGES_STREAMED 1154804676
<INFO 7f91ed6016c0> CORE::BYTES::UPDATES_OUT 744050144
<INFO 7f91ed6016c0> CORE::BYTES::UPDATES_IN 724091216
<INFO 7f93eec822c0> CORE::RUSAGE::MAX_RSS_KB 8394236
<INFO 7f93eec822c0> CORE::RUSAGE::MINFLT 2097533
<INFO 7f93eec822c0> CORE::RUSAGE::MAJFLT 0
<INFO 7f93eec822c0> CORE::RUSAGE::MAJFLT 0
<INFO 7f93eec822c0> CORE::RUSAGE::INBLK 1617048
<INFO 7f93eec822c0> CORE::RUSAGE::OUBLK 113632
<INFO 7f93eec822c0> CORE::UTILS::BYTES_READ 827928576
<INFO 7f93eec822c0> CORE::UTILS::BYTES_WRITTEN 58171392
<INFO 7f93eec822c0> CORE::TIME::IO_WAIT 2.76416 seconds
<INFO 7f93eec822c0> CORE::PHASES 22
<INFO 7f93eec822c0> CORE::TIME::SETUP 3.43307 seconds
<INFO 7f93eec822c0> CORE::TIME::STATE_ITER 0.350395 seconds
<INFO 7f93eec822c0> CORE::TIME::GATHER 3.57654 seconds
<INFO 7f93eec822c0> CORE::TIME::SCATTER 5.76594 seconds
<INFO 7f93eec822c0> TIME_IN_PC_FN 2.21697 seconds
<INFO 7f93eec822c0> CORE::TIME::WALL 13.8466 seconds
<INFO 7f93eec822c0> SHUTDOWN
