<INFO 715eba8912c0> STARTUP
<INFO 715eba8912c0> CORE::GRAPH soc-LiveJournal1-sym
<INFO 715eba8912c0> CORE::ALGORITHM mcst
<WARNING 715eba8912c0> Disk count not specified, assuming it to be 1
<INFO 715eba8912c0> CORE::CONFIG::PROCESSORS 16
<INFO 715eba8912c0> CORE::CONFIG::PHYSICAL_MEMORY 8589934592
<INFO 715eba8912c0> CORE::CONFIG::VERTICES 4847571
<INFO 715eba8912c0> CORE::CONFIG::VERTEX_SIZE 16
<INFO 715eba8912c0> CORE::CONFIG::VERTEX_BUFFER 77561856
<INFO 715eba8912c0> CORE::CONFIG::EDGES 137469164
<INFO 715eba8912c0> CORE::CONFIG::PARTITIONS 128
<INFO 715eba8912c0> CORE::CONFIG::FANOUT 128
<INFO 715eba8912c0> CORE::CONFIG::SUPER_PARTITIONS 1
<INFO 715eba8912c0> CORE::CONFIG::STREAM_UNIT 16777216
<INFO 715eba8912c0> CORE::CONFIG::BUFFER_SIZE 1415926098
<INFO 715eba8912c0> CORE::CONFIG::IO_NUMIOQS 1
<INFO 715eba8912c0> CORE::CONFIG::MAX_BUFFERS 5
<INFO 715eba8912c0> CORE::CONFIG::MAX_STREAMS 6
<WARNING 715eba8912c0> No mount point specified for disk0, falling back to current directory
my size is 1649629968
<INFO 715eba8912c0> ALGORITHM::PROPOSALS_SENT 428615
<INFO 715cb69fc6c0> ALGORITHM::PROPOSALS_SENT 435307
<INFO 715cb81ff6c0> ALGORITHM::PROPOSALS_SENT 321551
<INFO 715cb8a006c0> ALGORITHM::PROPOSALS_SENT 368940
<INFO 715cb8a006c0> ALGORITHM::PROPOSALS_RECEIVED 342345
<INFO 715cb59fa6c0> ALGORITHM::PROPOSALS_SENT 402436
<INFO 715cb69fc6c0> ALGORITHM::PROPOSALS_RECEIVED 376922
<INFO 715cb79fe6c0> ALGORITHM::PROPOSALS_SENT 376662
<INFO 715cb92016c0> ALGORITHM::PROPOSALS_SENT 421328
<INFO 715cb79fe6c0> ALGORITHM::PROPOSALS_RECEIVED 310937
<INFO 715cb59fa6c0> ALGORITHM::PROPOSALS_RECEIVED 364970
<INFO 715cb29f46c0> ALGORITHM::PROPOSALS_SENT 403600
<INFO 715cb92016c0> ALGORITHM::PROPOSALS_RECEIVED 459556
<INFO 715cb31f56c0> ALGORITHM::PROPOSALS_SENT 325830
<INFO 715cb31f56c0> ALGORITHM::PROPOSALS_RECEIVED 324130
<INFO 715eba8912c0> ALGORITHM::PROPOSALS_RECEIVED 509857
<INFO 715cb81ff6c0> ALGORITHM::PROPOSALS_RECEIVED 286927
<INFO 715cb29f46c0> ALGORITHM::PROPOSALS_RECEIVED 513026
<INFO 715cb39f66c0> ALGORITHM::PROPOSALS_SENT 334231
<INFO 715cb39f66c0> ALGORITHM::PROPOSALS_RECEIVED 350743
<INFO 715cb9a026c0> ALGORITHM::PROPOSALS_SENT 392474
<INFO 715cb9a026c0> ALGORITHM::PROPOSALS_RECEIVED 393039
<INFO 715cb49f86c0> ALGORITHM::PROPOSALS_SENT 297759
<INFO 715cb49f86c0> ALGORITHM::PROPOSALS_RECEIVED 298217
<INFO 715cb61fb6c0> ALGORITHM::PROPOSALS_SENT 296797
<INFO 715cb61fb6c0> ALGORITHM::PROPOSALS_RECEIVED 262464
<INFO 715cb51f96c0> ALGORITHM::PROPOSALS_SENT 383382
<INFO 715cb51f96c0> ALGORITHM::PROPOSALS_RECEIVED 392475
<INFO 715cb71fd6c0> ALGORITHM::PROPOSALS_SENT 330834
<INFO 715cb41f76c0> ALGORITHM::PROPOSALS_SENT 362066
<INFO 715cb71fd6c0> ALGORITHM::PROPOSALS_RECEIVED 346638
<INFO 715cb41f76c0> ALGORITHM::PROPOSALS_RECEIVED 349566
<INFO 715eba8912c0> CORE::RUSAGE::MAX_RSS_KB 8394228
<INFO 715eba8912c0> CORE::RUSAGE::MINFLT 2097540
<INFO 715eba8912c0> CORE::RUSAGE::MAJFLT 0
<INFO 715eba8912c0> CORE::RUSAGE::MAJFLT 0
<INFO 715eba8912c0> CORE::RUSAGE::INBLK 23888032
<INFO 715eba8912c0> CORE::RUSAGE::OUBLK 14853200
<INFO 715eba8912c0> CORE::UTILS::BYTES_READ 12230672384
<INFO 715eba8912c0> CORE::UTILS::BYTES_WRITTEN 7604830208
<INFO 715eba8912c0> CORE::TIME::IO_WAIT 54.3474 seconds
<INFO 715eba8912c0> ALGORITHM::TREE_EDGES 5185641
<INFO 715eba8912c0> ALGORITHM::CC_COUNT 1876
<INFO 715eba8912c0> CORE::PHASES 7
<INFO 715eba8912c0> CORE::TIME::SETUP 3.42966 seconds
<INFO 715eba8912c0> CORE::TIME::WALL 79.3986 seconds
<INFO 715eba8912c0> SHUTDOWN
