<INFO 7f788e9172c0> STARTUP
<INFO 7f788e9172c0> CORE::GRAPH soc-LiveJournal1-sym
<INFO 7f788e9172c0> CORE::ALGORITHM mis
<INFO 7f788e9172c0> SG-DRIVER-ORIGINAL
<WARNING 7f788e9172c0> Disk count not specified, assuming it to be 1
<INFO 7f788e9172c0> CORE::CONFIG::PROCESSORS 16
<INFO 7f788e9172c0> CORE::CONFIG::PHYSICAL_MEMORY 8589934592
<INFO 7f788e9172c0> CORE::CONFIG::VERTICES 4847571
<INFO 7f788e9172c0> CORE::CONFIG::VERTEX_SIZE 1
<INFO 7f788e9172c0> CORE::CONFIG::VERTEX_BUFFER 4849664
<INFO 7f788e9172c0> CORE::CONFIG::EDGES 137469164
<INFO 7f788e9172c0> CORE::CONFIG::PARTITIONS 64
<INFO 7f788e9172c0> CORE::CONFIG::FANOUT 64
<INFO 7f788e9172c0> CORE::CONFIG::SUPER_PARTITIONS 1
<INFO 7f788e9172c0> CORE::CONFIG::STREAM_UNIT 16777216
<INFO 7f788e9172c0> CORE::CONFIG::BUFFER_SIZE 1713656012
<INFO 7f788e9172c0> CORE::CONFIG::IO_NUMIOQS 1
<INFO 7f788e9172c0> CORE::CONFIG::MAX_BUFFERS 4
<INFO 7f788e9172c0> CORE::CONFIG::MAX_STREAMS 5
<WARNING 7f788e9172c0> No mount point specified for disk0, falling back to current directory
my size is 1649629968
<INFO 7f788e9172c0> ALGORITHM::MIS::NOT_IN_MIS 2730773
<INFO 7f788e9172c0> CORE::PARTITIONS_PROCESSED 240
<INFO 7f788e9172c0> CORE::BYTES::EDGES_STREAMED 5630777796
<INFO 7f788e9172c0> CORE::BYTES::UPDATES_OUT 226884376
<INFO 7f788e9172c0> CORE::BYTES::UPDATES_IN 221285464
<INFO 7f76869f26c0> CORE::PARTITIONS_PROCESSED 225
<INFO 7f768b1fb6c0> CORE::PARTITIONS_PROCESSED 227
<INFO 7f768c9fe6c0> CORE::PARTITIONS_PROCESSED 196
<INFO 7f768a9fa6c0> CORE::PARTITIONS_PROCESSED 215
<INFO 7f76869f26c0> CORE::BYTES::EDGES_STREAMED 5509788852
<INFO 7f768c9fe6c0> CORE::BYTES::EDGES_STREAMED 5475831480
<INFO 7f768b1fb6c0> CORE::BYTES::EDGES_STREAMED 5749728024
<INFO 7f768b1fb6c0> CORE::BYTES::UPDATES_OUT 246242480
<INFO 7f768b1fb6c0> CORE::BYTES::UPDATES_IN 233125376
<INFO 7f768a9fa6c0> CORE::BYTES::EDGES_STREAMED 6106540656
<INFO 7f768a9fa6c0> CORE::BYTES::UPDATES_OUT 248068716
<INFO 7f768a9fa6c0> CORE::BYTES::UPDATES_IN 232459080
<INFO 7f768c9fe6c0> CORE::BYTES::UPDATES_OUT 211637888
<INFO 7f76869f26c0> CORE::BYTES::UPDATES_OUT 202781368
<INFO 7f768c9fe6c0> CORE::BYTES::UPDATES_IN 224543632
<INFO 7f76899f86c0> CORE::PARTITIONS_PROCESSED 220
<INFO 7f76869f26c0> CORE::BYTES::UPDATES_IN 212176848
<INFO 7f76881f56c0> CORE::PARTITIONS_PROCESSED 179
<INFO 7f76881f56c0> CORE::BYTES::EDGES_STREAMED 5401634412
<INFO 7f768d1ff6c0> CORE::PARTITIONS_PROCESSED 211
<INFO 7f76899f86c0> CORE::BYTES::EDGES_STREAMED 5468911500
<INFO 7f76871f36c0> CORE::PARTITIONS_PROCESSED 223
<INFO 7f768d1ff6c0> CORE::BYTES::EDGES_STREAMED 5558784528
<INFO 7f76889f66c0> CORE::PARTITIONS_PROCESSED 212
<INFO 7f76899f86c0> CORE::BYTES::UPDATES_OUT 210636504
<INFO 7f768d1ff6c0> CORE::BYTES::UPDATES_OUT 220079948
<INFO 7f768d1ff6c0> CORE::BYTES::UPDATES_IN 216095756
<INFO 7f76899f86c0> CORE::BYTES::UPDATES_IN 217793228
<INFO 7f76881f56c0> CORE::BYTES::UPDATES_OUT 203997080
<INFO 7f76881f56c0> CORE::BYTES::UPDATES_IN 206180320
<INFO 7f76889f66c0> CORE::BYTES::EDGES_STREAMED 5664120708
<INFO 7f768b9fc6c0> CORE::PARTITIONS_PROCESSED 199
<INFO 7f76889f66c0> CORE::BYTES::UPDATES_OUT 224976320
<INFO 7f76889f66c0> CORE::BYTES::UPDATES_IN 205510676
<INFO 7f768da006c0> CORE::PARTITIONS_PROCESSED 214
<INFO 7f76871f36c0> CORE::BYTES::EDGES_STREAMED 5518071408
<INFO 7f76871f36c0> CORE::BYTES::UPDATES_OUT 218734140
<INFO 7f76871f36c0> CORE::BYTES::UPDATES_IN 206949464
<INFO 7f768a1f96c0> CORE::PARTITIONS_PROCESSED 204
<INFO 7f768a1f96c0> CORE::BYTES::EDGES_STREAMED 5450958756
<INFO 7f768a1f96c0> CORE::BYTES::UPDATES_OUT 214718236
<INFO 7f768a1f96c0> CORE::BYTES::UPDATES_IN 209665340
<INFO 7f768da006c0> CORE::BYTES::EDGES_STREAMED 5719972968
<INFO 7f768b9fc6c0> CORE::BYTES::EDGES_STREAMED 5479593804
<INFO 7f768da006c0> CORE::BYTES::UPDATES_OUT 221616208
<INFO 7f768da006c0> CORE::BYTES::UPDATES_IN 225269700
<INFO 7f768b9fc6c0> CORE::BYTES::UPDATES_OUT 211801716
<INFO 7f768b9fc6c0> CORE::BYTES::UPDATES_IN 204087292
<INFO 7f768c1fd6c0> CORE::PARTITIONS_PROCESSED 228
<INFO 7f768c1fd6c0> CORE::BYTES::EDGES_STREAMED 5479939344
<INFO 7f768c1fd6c0> CORE::BYTES::UPDATES_OUT 207497960
<INFO 7f768c1fd6c0> CORE::BYTES::UPDATES_IN 212559044
<INFO 7f76879f46c0> CORE::PARTITIONS_PROCESSED 198
<INFO 7f76879f46c0> CORE::BYTES::EDGES_STREAMED 5373878880
<INFO 7f76879f46c0> CORE::BYTES::UPDATES_OUT 206151344
<INFO 7f76879f46c0> CORE::BYTES::UPDATES_IN 210128148
<INFO 7f76891f76c0> CORE::PARTITIONS_PROCESSED 201
<INFO 7f76891f76c0> CORE::BYTES::EDGES_STREAMED 5491485156
<INFO 7f76891f76c0> CORE::BYTES::UPDATES_OUT 210915180
<INFO 7f76891f76c0> CORE::BYTES::UPDATES_IN 216887460
<INFO 7f788e9172c0> CORE::RUSAGE::MAX_RSS_KB 8393984
<INFO 7f788e9172c0> CORE::RUSAGE::MINFLT 2097521
<INFO 7f788e9172c0> CORE::RUSAGE::MAJFLT 0
<INFO 7f788e9172c0> CORE::RUSAGE::MAJFLT 0
<INFO 7f788e9172c0> CORE::RUSAGE::INBLK 3221936
<INFO 7f788e9172c0> CORE::RUSAGE::OUBLK 9488
<INFO 7f788e9172c0> CORE::UTILS::BYTES_READ 1649631232
<INFO 7f788e9172c0> CORE::UTILS::BYTES_WRITTEN 4849664
<INFO 7f788e9172c0> CORE::TIME::IO_WAIT 6.27348 seconds
<INFO 7f788e9172c0> CORE::PHASES 54
<INFO 7f788e9172c0> CORE::TIME::SETUP 3.43585 seconds
<INFO 7f788e9172c0> CORE::TIME::STATE_ITER 1.6069 seconds
<INFO 7f788e9172c0> CORE::TIME::GATHER 2.60256 seconds
<INFO 7f788e9172c0> CORE::TIME::SCATTER 13.9715 seconds
<INFO 7f788e9172c0> TIME_IN_PC_FN 4.87857 seconds
<INFO 7f788e9172c0> CORE::TIME::WALL 22.9116 seconds
<INFO 7f788e9172c0> SHUTDOWN
