<INFO 717e815622c0> STARTUP
<INFO 717e815622c0> CORE::GRAPH soc-LiveJournal1-sym
<INFO 717e815622c0> CORE::ALGORITHM mis
<INFO 717e815622c0> SG-DRIVER-ORIGINAL
<WARNING 717e815622c0> Disk count not specified, assuming it to be 1
<INFO 717e815622c0> CORE::CONFIG::PROCESSORS 16
<INFO 717e815622c0> CORE::CONFIG::PHYSICAL_MEMORY 8589934592
<INFO 717e815622c0> CORE::CONFIG::VERTICES 4847571
<INFO 717e815622c0> CORE::CONFIG::VERTEX_SIZE 1
<INFO 717e815622c0> CORE::CONFIG::VERTEX_BUFFER 4849664
<INFO 717e815622c0> CORE::CONFIG::EDGES 137469164
<INFO 717e815622c0> CORE::CONFIG::PARTITIONS 64
<INFO 717e815622c0> CORE::CONFIG::FANOUT 64
<INFO 717e815622c0> CORE::CONFIG::SUPER_PARTITIONS 1
<INFO 717e815622c0> CORE::CONFIG::STREAM_UNIT 16777216
<INFO 717e815622c0> CORE::CONFIG::BUFFER_SIZE 1713656012
<INFO 717e815622c0> CORE::CONFIG::IO_NUMIOQS 1
<INFO 717e815622c0> CORE::CONFIG::MAX_BUFFERS 4
<INFO 717e815622c0> CORE::CONFIG::MAX_STREAMS 5
<WARNING 717e815622c0> No mount point specified for disk0, falling back to current directory
my size is 1649629968
<INFO 717e815622c0> ALGORITHM::MIS::NOT_IN_MIS 2730773
<INFO 717e815622c0> CORE::PARTITIONS_PROCESSED 215
<INFO 717e815622c0> CORE::BYTES::EDGES_STREAMED 5811862236
<INFO 717e815622c0> CORE::BYTES::UPDATES_OUT 222832592
<INFO 717e815622c0> CORE::BYTES::UPDATES_IN 214178076
<INFO 717c7b5f66c0> CORE::PARTITIONS_PROCESSED 218
<INFO 717c7c5f86c0> CORE::PARTITIONS_PROCESSED 223
<INFO 717c79df36c0> CORE::PARTITIONS_PROCESSED 227
<INFO 717c795f26c0> CORE::PARTITIONS_PROCESSED 222
<INFO 717c79df36c0> CORE::BYTES::EDGES_STREAMED 5596203924
<INFO 717c79df36c0> CORE::BYTES::UPDATES_OUT 231494252
<INFO 717c795f26c0> CORE::BYTES::EDGES_STREAMED 5894582568
<INFO 717c7a5f46c0> CORE::PARTITIONS_PROCESSED 179
<INFO 717c7e5fc6c0> CORE::PARTITIONS_PROCESSED 186
<INFO 717c7b5f66c0> CORE::BYTES::EDGES_STREAMED 5534470800
<INFO 717c7b5f66c0> CORE::BYTES::UPDATES_OUT 211197672
<INFO 717c7b5f66c0> CORE::BYTES::UPDATES_IN 211285816
<INFO 717c806006c0> CORE::PARTITIONS_PROCESSED 247
<INFO 717c806006c0> CORE::BYTES::EDGES_STREAMED 5540487192
<INFO 717c79df36c0> CORE::BYTES::UPDATES_IN 248001300
<INFO 717c7a5f46c0> CORE::BYTES::EDGES_STREAMED 5399034300
<INFO 717c806006c0> CORE::BYTES::UPDATES_OUT 207891804
<INFO 717c7e5fc6c0> CORE::BYTES::EDGES_STREAMED 5428430340
<INFO 717c795f26c0> CORE::BYTES::UPDATES_OUT 245345328
<INFO 717c806006c0> CORE::BYTES::UPDATES_IN 229126716
<INFO 717c795f26c0> CORE::BYTES::UPDATES_IN 240960360
<INFO 717c7e5fc6c0> CORE::BYTES::UPDATES_OUT 213237548
<INFO 717c7a5f46c0> CORE::BYTES::UPDATES_OUT 208537120
<INFO 717c7a5f46c0> CORE::BYTES::UPDATES_IN 195810964
<INFO 717c7e5fc6c0> CORE::BYTES::UPDATES_IN 200374284
<INFO 717c7c5f86c0> CORE::BYTES::EDGES_STREAMED 5625587712
<INFO 717c7fdff6c0> CORE::PARTITIONS_PROCESSED 228
<INFO 717c7c5f86c0> CORE::BYTES::UPDATES_OUT 218943748
<INFO 717c7adf56c0> CORE::PARTITIONS_PROCESSED 221
<INFO 717c7c5f86c0> CORE::BYTES::UPDATES_IN 219186000
<INFO 717c7fdff6c0> CORE::BYTES::EDGES_STREAMED 5894587740
<INFO 717c7adf56c0> CORE::BYTES::EDGES_STREAMED 5350748712
<INFO 717c7adf56c0> CORE::BYTES::UPDATES_OUT 205683704
<INFO 717c7adf56c0> CORE::BYTES::UPDATES_IN 212884340
<INFO 717c7f5fe6c0> CORE::PARTITIONS_PROCESSED 213
<INFO 717c7f5fe6c0> CORE::BYTES::EDGES_STREAMED 5294264124
<INFO 717c7f5fe6c0> CORE::BYTES::UPDATES_OUT 210379476
<INFO 717c7f5fe6c0> CORE::BYTES::UPDATES_IN 216374192
<INFO 717c7fdff6c0> CORE::BYTES::UPDATES_OUT 227812524
<INFO 717c7fdff6c0> CORE::BYTES::UPDATES_IN 214329260
<INFO 717c7d5fa6c0> CORE::PARTITIONS_PROCESSED 209
<INFO 717c7bdf76c0> CORE::PARTITIONS_PROCESSED 218
<INFO 717c7edfd6c0> CORE::PARTITIONS_PROCESSED 181
<INFO 717c7edfd6c0> CORE::BYTES::EDGES_STREAMED 5635056336
<INFO 717c7edfd6c0> CORE::BYTES::UPDATES_OUT 224873432
<INFO 717c7bdf76c0> CORE::BYTES::EDGES_STREAMED 5438880744
<INFO 717c7bdf76c0> CORE::BYTES::UPDATES_OUT 210152052
<INFO 717c7bdf76c0> CORE::BYTES::UPDATES_IN 217033136
<INFO 717c7d5fa6c0> CORE::BYTES::EDGES_STREAMED 5433785988
<INFO 717c7d5fa6c0> CORE::BYTES::UPDATES_OUT 210622140
<INFO 717c7d5fa6c0> CORE::BYTES::UPDATES_IN 200458124
<INFO 717c7edfd6c0> CORE::BYTES::UPDATES_IN 200204420
<INFO 717c7ddfb6c0> CORE::PARTITIONS_PROCESSED 189
<INFO 717c7ddfb6c0> CORE::BYTES::EDGES_STREAMED 5388989424
<INFO 717c7ddfb6c0> CORE::BYTES::UPDATES_OUT 205633420
<INFO 717c7cdf96c0> CORE::PARTITIONS_PROCESSED 216
<INFO 717c7ddfb6c0> CORE::BYTES::UPDATES_IN 207554132
<INFO 717c7cdf96c0> CORE::BYTES::EDGES_STREAMED 5813046132
<INFO 717c7cdf96c0> CORE::BYTES::UPDATES_OUT 232102652
<INFO 717c7cdf96c0> CORE::BYTES::UPDATES_IN 226955708
<INFO 717e815622c0> CORE::RUSAGE::MAX_RSS_KB 8393880
<INFO 717e815622c0> CORE::RUSAGE::MINFLT 2097524
<INFO 717e815622c0> CORE::RUSAGE::MAJFLT 0
<INFO 717e815622c0> CORE::RUSAGE::MAJFLT 0
<INFO 717e815622c0> CORE::RUSAGE::INBLK 3221936
<INFO 717e815622c0> CORE::RUSAGE::OUBLK 9488
<INFO 717e815622c0> CORE::UTILS::BYTES_READ 1649631232
<INFO 717e815622c0> CORE::UTILS::BYTES_WRITTEN 4849664
<INFO 717e815622c0> CORE::TIME::IO_WAIT 4.71175 seconds
<INFO 717e815622c0> CORE::PHASES 54
<INFO 717e815622c0> CORE::TIME::SETUP 3.43382 seconds
<INFO 717e815622c0> CORE::TIME::STATE_ITER 1.60768 seconds
<INFO 717e815622c0> CORE::TIME::GATHER 2.80881 seconds
<INFO 717e815622c0> CORE::TIME::SCATTER 12.783 seconds
<INFO 717e815622c0> TIME_IN_PC_FN 4.82659 seconds
<INFO 717e815622c0> CORE::TIME::WALL 22.0365 seconds
<INFO 717e815622c0> SHUTDOWN
