<INFO 7bc6fb6ab2c0> STARTUP
<INFO 7bc6fb6ab2c0> CORE::GRAPH soc-LiveJournal1-sym
<INFO 7bc6fb6ab2c0> CORE::ALGORITHM cc
<INFO 7bc6fb6ab2c0> SG-DRIVER-ORIGINAL
<WARNING 7bc6fb6ab2c0> Disk count not specified, assuming it to be 1
<INFO 7bc6fb6ab2c0> CORE::CONFIG::PROCESSORS 16
<INFO 7bc6fb6ab2c0> CORE::CONFIG::PHYSICAL_MEMORY 8589934592
<INFO 7bc6fb6ab2c0> CORE::CONFIG::VERTICES 4847571
<INFO 7bc6fb6ab2c0> CORE::CONFIG::VERTEX_SIZE 13
<INFO 7bc6fb6ab2c0> CORE::CONFIG::VERTEX_BUFFER 63021056
<INFO 7bc6fb6ab2c0> CORE::CONFIG::EDGES 137469164
<INFO 7bc6fb6ab2c0> CORE::CONFIG::PARTITIONS 128
<INFO 7bc6fb6ab2c0> CORE::CONFIG::FANOUT 128
<INFO 7bc6fb6ab2c0> CORE::CONFIG::SUPER_PARTITIONS 1
<INFO 7bc6fb6ab2c0> CORE::CONFIG::STREAM_UNIT 16777216
<INFO 7bc6fb6ab2c0> CORE::CONFIG::BUFFER_SIZE 1702020812
<INFO 7bc6fb6ab2c0> CORE::CONFIG::IO_NUMIOQS 1
<INFO 7bc6fb6ab2c0> CORE::CONFIG::MAX_BUFFERS 4
<INFO 7bc6fb6ab2c0> CORE::CONFIG::MAX_STREAMS 5
<WARNING 7bc6fb6ab2c0> No mount point specified for disk0, falling back to current directory
my size is 1649629968
<INFO 7bc6fb6ab2c0> ALGORITHM::CC::CC_COUNT 1876
<INFO 7bc6fb6ab2c0> CORE::PARTITIONS_PROCESSED 86
<INFO 7bc6fb6ab2c0> CORE::BYTES::EDGES_STREAMED 1221137688
<INFO 7bc6fb6ab2c0> CORE::BYTES::UPDATES_OUT 386675312
<INFO 7bc6fb6ab2c0> CORE::BYTES::UPDATES_IN 403388360
<INFO 7bc4f98016c0> CORE::PARTITIONS_PROCESSED 109
<INFO 7bc4f87ff6c0> CORE::PARTITIONS_PROCESSED 93
<INFO 7bc4f98016c0> CORE::BYTES::EDGES_STREAMED 1097495736
<INFO 7bc4fa8036c0> CORE::PARTITIONS_PROCESSED 95
<INFO 7bc4f3ff66c0> CORE::PARTITIONS_PROCESSED 91
<INFO 7bc4f87ff6c0> CORE::BYTES::EDGES_STREAMED 1072356396
<INFO 7bc4f98016c0> CORE::BYTES::UPDATES_OUT 302768232
<INFO 7bc4f98016c0> CORE::BYTES::UPDATES_IN 312405568
<INFO 7bc4f5ffa6c0> CORE::PARTITIONS_PROCESSED 110
<INFO 7bc4f87ff6c0> CORE::BYTES::UPDATES_OUT 293944600
<INFO 7bc4f5ffa6c0> CORE::BYTES::EDGES_STREAMED 1082850900
<INFO 7bc4fa8036c0> CORE::BYTES::EDGES_STREAMED 1070288868
<INFO 7bc4f5ffa6c0> CORE::BYTES::UPDATES_OUT 293190736
<INFO 7bc4fa8036c0> CORE::BYTES::UPDATES_OUT 284927008
<INFO 7bc4fa0026c0> CORE::PARTITIONS_PROCESSED 74
<INFO 7bc4f3ff66c0> CORE::BYTES::EDGES_STREAMED 1065814716
<INFO 7bc4f6ffc6c0> CORE::PARTITIONS_PROCESSED 87
<INFO 7bc4f87ff6c0> CORE::BYTES::UPDATES_IN 303928800
<INFO 7bc4fa8036c0> CORE::BYTES::UPDATES_IN 304465296
<INFO 7bc4f5ffa6c0> CORE::BYTES::UPDATES_IN 318889264
<INFO 7bc4f6ffc6c0> CORE::BYTES::EDGES_STREAMED 1028246460
<INFO 7bc4f6ffc6c0> CORE::BYTES::UPDATES_OUT 258835024
<INFO 7bc4f6ffc6c0> CORE::BYTES::UPDATES_IN 318238024
<INFO 7bc4f67fb6c0> CORE::PARTITIONS_PROCESSED 97
<INFO 7bc4f67fb6c0> CORE::BYTES::EDGES_STREAMED 1089154932
<INFO 7bc4f67fb6c0> CORE::BYTES::UPDATES_OUT 294676448
<INFO 7bc4f67fb6c0> CORE::BYTES::UPDATES_IN 320471424
<INFO 7bc4f3ff66c0> CORE::BYTES::UPDATES_OUT 284137496
<INFO 7bc4f3ff66c0> CORE::BYTES::UPDATES_IN 318351080
<INFO 7bc4fa0026c0> CORE::BYTES::EDGES_STREAMED 1093330680
<INFO 7bc4fa0026c0> CORE::BYTES::UPDATES_OUT 309767264
<INFO 7bc4fa0026c0> CORE::BYTES::UPDATES_IN 285161216
<INFO 7bc4f77fd6c0> CORE::PARTITIONS_PROCESSED 74
<INFO 7bc4f77fd6c0> CORE::BYTES::EDGES_STREAMED 1112426244
<INFO 7bc4f77fd6c0> CORE::BYTES::UPDATES_OUT 311254592
<INFO 7bc4f77fd6c0> CORE::BYTES::UPDATES_IN 287647216
<INFO 7bc4f7ffe6c0> CORE::PARTITIONS_PROCESSED 85
<INFO 7bc4f47f76c0> CORE::PARTITIONS_PROCESSED 60
<INFO 7bc4f37f56c0> CORE::PARTITIONS_PROCESSED 61
<INFO 7bc4f47f76c0> CORE::BYTES::EDGES_STREAMED 1097896452
<INFO 7bc4f47f76c0> CORE::BYTES::UPDATES_OUT 302751048
<INFO 7bc4f47f76c0> CORE::BYTES::UPDATES_IN 301003096
<INFO 7bc4f4ff86c0> CORE::PARTITIONS_PROCESSED 90
<INFO 7bc4f4ff86c0> CORE::BYTES::EDGES_STREAMED 1229956596
<INFO 7bc4f37f56c0> CORE::BYTES::EDGES_STREAMED 1132691484
<INFO 7bc4f37f56c0> CORE::BYTES::UPDATES_OUT 318647776
<INFO 7bc4f37f56c0> CORE::BYTES::UPDATES_IN 284890216
<INFO 7bc4f57f96c0> CORE::PARTITIONS_PROCESSED 98
<INFO 7bc4f57f96c0> CORE::BYTES::EDGES_STREAMED 1352171040
<INFO 7bc4f57f96c0> CORE::BYTES::UPDATES_OUT 472796520
<INFO 7bc4f57f96c0> CORE::BYTES::UPDATES_IN 429689304
<INFO 7bc4f90006c0> CORE::PARTITIONS_PROCESSED 73
<INFO 7bc4f90006c0> CORE::BYTES::EDGES_STREAMED 1085351616
<INFO 7bc4f90006c0> CORE::BYTES::UPDATES_OUT 293934480
<INFO 7bc4f90006c0> CORE::BYTES::UPDATES_IN 288022864
<INFO 7bc4f7ffe6c0> CORE::BYTES::EDGES_STREAMED 1096167168
<INFO 7bc4f7ffe6c0> CORE::BYTES::UPDATES_OUT 302196568
<INFO 7bc4f7ffe6c0> CORE::BYTES::UPDATES_IN 310564880
<INFO 7bc4f4ff86c0> CORE::BYTES::UPDATES_OUT 393439432
<INFO 7bc4f4ff86c0> CORE::BYTES::UPDATES_IN 316825928
<INFO 7bc6fb6ab2c0> CORE::RUSAGE::MAX_RSS_KB 8394148
<INFO 7bc6fb6ab2c0> CORE::RUSAGE::MINFLT 2097539
<INFO 7bc6fb6ab2c0> CORE::RUSAGE::MAJFLT 0
<INFO 7bc6fb6ab2c0> CORE::RUSAGE::MAJFLT 0
<INFO 7bc6fb6ab2c0> CORE::RUSAGE::INBLK 3221952
<INFO 7bc6fb6ab2c0> CORE::RUSAGE::OUBLK 123104
<INFO 7bc6fb6ab2c0> CORE::UTILS::BYTES_READ 1649631232
<INFO 7bc6fb6ab2c0> CORE::UTILS::BYTES_WRITTEN 63021056
<INFO 7bc6fb6ab2c0> CORE::TIME::IO_WAIT 4.87597 seconds
<INFO 7bc6fb6ab2c0> CORE::PHASES 13
<INFO 7bc6fb6ab2c0> CORE::TIME::SETUP 3.43084 seconds
<INFO 7bc6fb6ab2c0> CORE::TIME::STATE_ITER 0.023996 seconds
<INFO 7bc6fb6ab2c0> CORE::TIME::GATHER 1.67926 seconds
<INFO 7bc6fb6ab2c0> CORE::TIME::SCATTER 6.97064 seconds
<INFO 7bc6fb6ab2c0> TIME_IN_PC_FN 1.46954 seconds
<INFO 7bc6fb6ab2c0> CORE::TIME::WALL 12.5459 seconds
<INFO 7bc6fb6ab2c0> SHUTDOWN
