<INFO 721881f032c0> STARTUP
<INFO 721881f032c0> CORE::GRAPH soc-LiveJournal1-dir
<INFO 721881f032c0> CORE::ALGORITHM sssp
<INFO 721881f032c0> SG-DRIVER-ORIGINAL
<WARNING 721881f032c0> Disk count not specified, assuming it to be 1
<INFO 721881f032c0> CORE::CONFIG::PROCESSORS 16
<INFO 721881f032c0> CORE::CONFIG::PHYSICAL_MEMORY 8589934592
<INFO 721881f032c0> CORE::CONFIG::VERTICES 4847571
<INFO 721881f032c0> CORE::CONFIG::VERTEX_SIZE 16
<INFO 721881f032c0> CORE::CONFIG::VERTEX_BUFFER 77561856
<INFO 721881f032c0> CORE::CONFIG::EDGES 68993773
<INFO 721881f032c0> CORE::CONFIG::PARTITIONS 128
<INFO 721881f032c0> CORE::CONFIG::FANOUT 128
<INFO 721881f032c0> CORE::CONFIG::SUPER_PARTITIONS 1
<INFO 721881f032c0> CORE::CONFIG::STREAM_UNIT 16777216
<INFO 721881f032c0> CORE::CONFIG::BUFFER_SIZE 1699112652
<INFO 721881f032c0> CORE::CONFIG::IO_NUMIOQS 1
<INFO 721881f032c0> CORE::CONFIG::MAX_BUFFERS 4
<INFO 721881f032c0> CORE::CONFIG::MAX_STREAMS 5
<WARNING 721881f032c0> No mount point specified for disk0, falling back to current directory
my size is 827925276
<INFO 721881f032c0> CORE::PARTITIONS_PROCESSED 321
<INFO 721881f032c0> CORE::BYTES::EDGES_STREAMED 2113007256
<INFO 721881f032c0> CORE::BYTES::UPDATES_OUT 493197696
<INFO 721881f032c0> CORE::BYTES::UPDATES_IN 496015488
<INFO 72167d7fc6c0> CORE::PARTITIONS_PROCESSED 327
<INFO 72167c7fa6c0> CORE::PARTITIONS_PROCESSED 370
<INFO 72167d7fc6c0> CORE::BYTES::EDGES_STREAMED 2189239680
<INFO 721679ff56c0> CORE::PARTITIONS_PROCESSED 472
<INFO 72167d7fc6c0> CORE::BYTES::UPDATES_OUT 533467860
<INFO 721679ff56c0> CORE::BYTES::EDGES_STREAMED 2575302084
<INFO 72167dffd6c0> CORE::PARTITIONS_PROCESSED 361
<INFO 721679ff56c0> CORE::BYTES::UPDATES_OUT 515279412
<INFO 721679ff56c0> CORE::BYTES::UPDATES_IN 511179984
<INFO 72167c7fa6c0> CORE::BYTES::EDGES_STREAMED 2163472428
<INFO 72167d7fc6c0> CORE::BYTES::UPDATES_IN 508468656
<INFO 72167c7fa6c0> CORE::BYTES::UPDATES_OUT 505339860
<INFO 72167c7fa6c0> CORE::BYTES::UPDATES_IN 493149384
<INFO 72167dffd6c0> CORE::BYTES::EDGES_STREAMED 2190955104
<INFO 72167dffd6c0> CORE::BYTES::UPDATES_OUT 503340456
<INFO 72167dffd6c0> CORE::BYTES::UPDATES_IN 498854844
<INFO 72167bff96c0> CORE::PARTITIONS_PROCESSED 393
<INFO 72167bff96c0> CORE::BYTES::EDGES_STREAMED 2112053136
<INFO 72167bff96c0> CORE::BYTES::UPDATES_OUT 510065088
<INFO 72167bff96c0> CORE::BYTES::UPDATES_IN 510549996
<INFO 72167e7fe6c0> CORE::PARTITIONS_PROCESSED 318
<INFO 72167e7fe6c0> CORE::BYTES::EDGES_STREAMED 2160517392
<INFO 72167cffb6c0> CORE::PARTITIONS_PROCESSED 426
<INFO 7216800016c0> CORE::PARTITIONS_PROCESSED 344
<INFO 7216810036c0> CORE::PARTITIONS_PROCESSED 350
<INFO 7216810036c0> CORE::BYTES::EDGES_STREAMED 2187457944
<INFO 7216810036c0> CORE::BYTES::UPDATES_OUT 501410952
<INFO 72167b7f86c0> CORE::PARTITIONS_PROCESSED 392
<INFO 72167b7f86c0> CORE::BYTES::EDGES_STREAMED 2187613140
<INFO 72167b7f86c0> CORE::BYTES::UPDATES_OUT 536709684
<INFO 72167b7f86c0> CORE::BYTES::UPDATES_IN 513833280
<INFO 72167aff76c0> CORE::PARTITIONS_PROCESSED 486
<INFO 72167aff76c0> CORE::BYTES::EDGES_STREAMED 2648846508
<INFO 72167aff76c0> CORE::BYTES::UPDATES_OUT 521357208
<INFO 72167aff76c0> CORE::BYTES::UPDATES_IN 520007136
<INFO 72167f8006c0> CORE::PARTITIONS_PROCESSED 430
<INFO 72167f8006c0> CORE::BYTES::EDGES_STREAMED 2097972888
<INFO 72167f8006c0> CORE::BYTES::UPDATES_OUT 501923832
<INFO 72167f8006c0> CORE::BYTES::UPDATES_IN 517839792
<INFO 72167cffb6c0> CORE::BYTES::EDGES_STREAMED 2521318188
<INFO 7216810036c0> CORE::BYTES::UPDATES_IN 508031844
<INFO 72167e7fe6c0> CORE::BYTES::UPDATES_OUT 513626640
<INFO 7216800016c0> CORE::BYTES::EDGES_STREAMED 2183941776
<INFO 72167e7fe6c0> CORE::BYTES::UPDATES_IN 534173208
<INFO 7216800016c0> CORE::BYTES::UPDATES_OUT 512524632
<INFO 7216800016c0> CORE::BYTES::UPDATES_IN 515711664
<INFO 7216808026c0> CORE::PARTITIONS_PROCESSED 402
<INFO 7216808026c0> CORE::BYTES::EDGES_STREAMED 2173504824
<INFO 7216808026c0> CORE::BYTES::UPDATES_OUT 512093424
<INFO 7216808026c0> CORE::BYTES::UPDATES_IN 507405636
<INFO 72167cffb6c0> CORE::BYTES::UPDATES_OUT 519634068
<INFO 72167cffb6c0> CORE::BYTES::UPDATES_IN 524159172
<INFO 72167a7f66c0> CORE::PARTITIONS_PROCESSED 403
<INFO 72167a7f66c0> CORE::BYTES::EDGES_STREAMED 2152146060
<INFO 72167a7f66c0> CORE::BYTES::UPDATES_OUT 519689412
<INFO 72167a7f66c0> CORE::BYTES::UPDATES_IN 539280876
<INFO 72167efff6c0> CORE::PARTITIONS_PROCESSED 395
<INFO 72167efff6c0> CORE::BYTES::EDGES_STREAMED 2220867504
<INFO 72167efff6c0> CORE::BYTES::UPDATES_OUT 515374140
<INFO 72167efff6c0> CORE::BYTES::UPDATES_IN 516373404
<INFO 721881f032c0> CORE::RUSAGE::MAX_RSS_KB 8394180
<INFO 721881f032c0> CORE::RUSAGE::MINFLT 2097527
<INFO 721881f032c0> CORE::RUSAGE::MAJFLT 0
<INFO 721881f032c0> CORE::RUSAGE::MAJFLT 0
<INFO 721881f032c0> CORE::RUSAGE::INBLK 1617048
<INFO 721881f032c0> CORE::RUSAGE::OUBLK 151504
<INFO 721881f032c0> CORE::UTILS::BYTES_READ 827928576
<INFO 721881f032c0> CORE::UTILS::BYTES_WRITTEN 77561856
<INFO 721881f032c0> CORE::TIME::IO_WAIT 2.47002 seconds
<INFO 721881f032c0> CORE::PHASES 51
<INFO 721881f032c0> CORE::TIME::SETUP 3.43819 seconds
<INFO 721881f032c0> CORE::TIME::STATE_ITER 0.014074 seconds
<INFO 721881f032c0> CORE::TIME::GATHER 3.44593 seconds
<INFO 721881f032c0> CORE::TIME::SCATTER 7.29352 seconds
<INFO 721881f032c0> TIME_IN_PC_FN 2.41581 seconds
<INFO 721881f032c0> CORE::TIME::WALL 15.7093 seconds
<INFO 721881f032c0> SHUTDOWN
