<INFO 7b69576cc2c0> STARTUP
<INFO 7b69576cc2c0> CORE::GRAPH soc-LiveJournal1-dir
<INFO 7b69576cc2c0> CORE::ALGORITHM spmv
<INFO 7b69576cc2c0> SG-DRIVER-ORIGINAL
<WARNING 7b69576cc2c0> Disk count not specified, assuming it to be 1
<INFO 7b69576cc2c0> CORE::CONFIG::PROCESSORS 16
<INFO 7b69576cc2c0> CORE::CONFIG::PHYSICAL_MEMORY 8589934592
<INFO 7b69576cc2c0> CORE::CONFIG::VERTICES 4847571
<INFO 7b69576cc2c0> CORE::CONFIG::VERTEX_SIZE 8
<INFO 7b69576cc2c0> CORE::CONFIG::VERTEX_BUFFER 38780928
<INFO 7b69576cc2c0> CORE::CONFIG::EDGES 68993773
<INFO 7b69576cc2c0> CORE::CONFIG::PARTITIONS 128
<INFO 7b69576cc2c0> CORE::CONFIG::FANOUT 128
<INFO 7b69576cc2c0> CORE::CONFIG::SUPER_PARTITIONS 1
<INFO 7b69576cc2c0> CORE::CONFIG::STREAM_UNIT 16777216
<INFO 7b69576cc2c0> CORE::CONFIG::BUFFER_SIZE 1706868838
<INFO 7b69576cc2c0> CORE::CONFIG::IO_NUMIOQS 1
<INFO 7b69576cc2c0> CORE::CONFIG::MAX_BUFFERS 4
<INFO 7b69576cc2c0> CORE::CONFIG::MAX_STREAMS 5
<WARNING 7b69576cc2c0> No mount point specified for disk0, falling back to current directory
my size is 827925276
<INFO 7b69576cc2c0> CORE::PARTITIONS_PROCESSED 6
<INFO 7b69576cc2c0> CORE::BYTES::EDGES_STREAMED 51550260
<INFO 7b69576cc2c0> CORE::BYTES::UPDATES_OUT 34366840
<INFO 7b69576cc2c0> CORE::BYTES::UPDATES_IN 25929304
<INFO 7b67537fb6c0> CORE::PARTITIONS_PROCESSED 8
<INFO 7b6751ff86c0> CORE::PARTITIONS_PROCESSED 8
<INFO 7b67560006c0> CORE::PARTITIONS_PROCESSED 9
<INFO 7b6753ffc6c0> CORE::PARTITIONS_PROCESSED 5
<INFO 7b6751ff86c0> CORE::BYTES::EDGES_STREAMED 51860532
<INFO 7b6751ff86c0> CORE::BYTES::UPDATES_OUT 34573688
<INFO 7b6750ff66c0> CORE::PARTITIONS_PROCESSED 7
<INFO 7b6750ff66c0> CORE::BYTES::EDGES_STREAMED 51465780
<INFO 7b6750ff66c0> CORE::BYTES::UPDATES_OUT 34310520
<INFO 7b67560006c0> CORE::BYTES::EDGES_STREAMED 51593616
<INFO 7b6753ffc6c0> CORE::BYTES::EDGES_STREAMED 51734100
<INFO 7b6751ff86c0> CORE::BYTES::UPDATES_IN 34513288
<INFO 7b6753ffc6c0> CORE::BYTES::UPDATES_OUT 34489400
<INFO 7b67537fb6c0> CORE::BYTES::EDGES_STREAMED 52015332
<INFO 7b67517f76c0> CORE::PARTITIONS_PROCESSED 8
<INFO 7b6753ffc6c0> CORE::BYTES::UPDATES_IN 21488944
<INFO 7b6750ff66c0> CORE::BYTES::UPDATES_IN 29966128
<INFO 7b67537fb6c0> CORE::BYTES::UPDATES_OUT 34676888
<INFO 7b67537fb6c0> CORE::BYTES::UPDATES_IN 34582944
<INFO 7b6752ffa6c0> CORE::PARTITIONS_PROCESSED 8
<INFO 7b6752ffa6c0> CORE::BYTES::EDGES_STREAMED 51659472
<INFO 7b6752ffa6c0> CORE::BYTES::UPDATES_OUT 34439648
<INFO 7b6752ffa6c0> CORE::BYTES::UPDATES_IN 34393048
<INFO 7b674fff46c0> CORE::PARTITIONS_PROCESSED 8
<INFO 7b67557ff6c0> CORE::PARTITIONS_PROCESSED 9
<INFO 7b67517f76c0> CORE::BYTES::EDGES_STREAMED 51696588
<INFO 7b67517f76c0> CORE::BYTES::UPDATES_OUT 34464392
<INFO 7b67517f76c0> CORE::BYTES::UPDATES_IN 34459424
<INFO 7b67557ff6c0> CORE::BYTES::EDGES_STREAMED 51719928
<INFO 7b67557ff6c0> CORE::BYTES::UPDATES_OUT 34479952
<INFO 7b67557ff6c0> CORE::BYTES::UPDATES_IN 38888872
<INFO 7b674fff46c0> CORE::BYTES::EDGES_STREAMED 51568200
<INFO 7b674fff46c0> CORE::BYTES::UPDATES_OUT 34378800
<INFO 7b674fff46c0> CORE::BYTES::UPDATES_IN 34320312
<INFO 7b67560006c0> CORE::BYTES::UPDATES_OUT 34395744
<INFO 7b67560006c0> CORE::BYTES::UPDATES_IN 38714000
<INFO 7b674f7f36c0> CORE::PARTITIONS_PROCESSED 8
<INFO 7b674f7f36c0> CORE::BYTES::EDGES_STREAMED 51608592
<INFO 7b674f7f36c0> CORE::BYTES::UPDATES_OUT 34405728
<INFO 7b674f7f36c0> CORE::BYTES::UPDATES_IN 34492512
<INFO 7b67547fd6c0> CORE::PARTITIONS_PROCESSED 7
<INFO 7b67547fd6c0> CORE::BYTES::EDGES_STREAMED 51943440
<INFO 7b67547fd6c0> CORE::BYTES::UPDATES_OUT 34628960
<INFO 7b67547fd6c0> CORE::BYTES::UPDATES_IN 30321552
<INFO 7b67507f56c0> CORE::PARTITIONS_PROCESSED 5
<INFO 7b67507f56c0> CORE::BYTES::EDGES_STREAMED 51801060
<INFO 7b67507f56c0> CORE::BYTES::UPDATES_OUT 34534040
<INFO 7b67507f56c0> CORE::BYTES::UPDATES_IN 21633536
<INFO 7b6754ffe6c0> CORE::PARTITIONS_PROCESSED 8
<INFO 7b6754ffe6c0> CORE::BYTES::EDGES_STREAMED 51800088
<INFO 7b6754ffe6c0> CORE::BYTES::UPDATES_OUT 34533392
<INFO 7b6754ffe6c0> CORE::BYTES::UPDATES_IN 34790496
<INFO 7b67527f96c0> CORE::PARTITIONS_PROCESSED 16
<INFO 7b67527f96c0> CORE::BYTES::EDGES_STREAMED 52129848
<INFO 7b67527f96c0> CORE::BYTES::UPDATES_OUT 34753232
<INFO 7b67527f96c0> CORE::BYTES::UPDATES_IN 69006288
<INFO 7b67568016c0> CORE::PARTITIONS_PROCESSED 8
<INFO 7b67568016c0> CORE::BYTES::EDGES_STREAMED 51778440
<INFO 7b67568016c0> CORE::BYTES::UPDATES_OUT 34518960
<INFO 7b67568016c0> CORE::BYTES::UPDATES_IN 34449536
<INFO 7b69576cc2c0> CORE::RUSAGE::MAX_RSS_KB 8394108
<INFO 7b69576cc2c0> CORE::RUSAGE::MINFLT 2097545
<INFO 7b69576cc2c0> CORE::RUSAGE::MAJFLT 0
<INFO 7b69576cc2c0> CORE::RUSAGE::MAJFLT 0
<INFO 7b69576cc2c0> CORE::RUSAGE::INBLK 1617048
<INFO 7b69576cc2c0> CORE::RUSAGE::OUBLK 75760
<INFO 7b69576cc2c0> CORE::UTILS::BYTES_READ 827928576
<INFO 7b69576cc2c0> CORE::UTILS::BYTES_WRITTEN 38780928
<INFO 7b69576cc2c0> CORE::TIME::IO_WAIT 2.16047 seconds
<INFO 7b69576cc2c0> CORE::PHASES 2
<INFO 7b69576cc2c0> CORE::TIME::SETUP 3.42919 seconds
<INFO 7b69576cc2c0> CORE::TIME::STATE_ITER 0.019486 seconds
<INFO 7b69576cc2c0> CORE::TIME::GATHER 0.165003 seconds
<INFO 7b69576cc2c0> CORE::TIME::SCATTER 2.438 seconds
<INFO 7b69576cc2c0> TIME_IN_PC_FN 0.07807 seconds
<INFO 7b69576cc2c0> CORE::TIME::WALL 6.18284 seconds
<INFO 7b69576cc2c0> SHUTDOWN
