<INFO 751ee9a862c0> STARTUP
<INFO 751ee9a862c0> CORE::GRAPH soc-LiveJournal1-sym
<INFO 751ee9a862c0> CORE::ALGORITHM mcst
<WARNING 751ee9a862c0> Disk count not specified, assuming it to be 1
<INFO 751ee9a862c0> CORE::CONFIG::PROCESSORS 16
<INFO 751ee9a862c0> CORE::CONFIG::PHYSICAL_MEMORY 8589934592
<INFO 751ee9a862c0> CORE::CONFIG::VERTICES 4847571
<INFO 751ee9a862c0> CORE::CONFIG::VERTEX_SIZE 16
<INFO 751ee9a862c0> CORE::CONFIG::VERTEX_BUFFER 77561856
<INFO 751ee9a862c0> CORE::CONFIG::EDGES 137469164
<INFO 751ee9a862c0> CORE::CONFIG::PARTITIONS 128
<INFO 751ee9a862c0> CORE::CONFIG::FANOUT 128
<INFO 751ee9a862c0> CORE::CONFIG::SUPER_PARTITIONS 1
<INFO 751ee9a862c0> CORE::CONFIG::STREAM_UNIT 16777216
<INFO 751ee9a862c0> CORE::CONFIG::BUFFER_SIZE 1415926098
<INFO 751ee9a862c0> CORE::CONFIG::IO_NUMIOQS 1
<INFO 751ee9a862c0> CORE::CONFIG::MAX_BUFFERS 5
<INFO 751ee9a862c0> CORE::CONFIG::MAX_STREAMS 6
<WARNING 751ee9a862c0> No mount point specified for disk0, falling back to current directory
my size is 1649629968
<INFO 751ee9a862c0> ALGORITHM::PROPOSALS_SENT 329290
<INFO 751ee9a862c0> ALGORITHM::PROPOSALS_RECEIVED 380149
<INFO 751ce5bfc6c0> ALGORITHM::PROPOSALS_SENT 454078
<INFO 751ce43f96c0> ALGORITHM::PROPOSALS_SENT 380404
<INFO 751ce5bfc6c0> ALGORITHM::PROPOSALS_RECEIVED 321075
<INFO 751ce43f96c0> ALGORITHM::PROPOSALS_RECEIVED 418704
<INFO 751ce73ff6c0> ALGORITHM::PROPOSALS_SENT 400922
<INFO 751ce63fd6c0> ALGORITHM::PROPOSALS_SENT 362333
<INFO 751ce63fd6c0> ALGORITHM::PROPOSALS_RECEIVED 409918
<INFO 751ce73ff6c0> ALGORITHM::PROPOSALS_RECEIVED 358880
<INFO 751ce6bfe6c0> ALGORITHM::PROPOSALS_SENT 275000
<INFO 751ce6bfe6c0> ALGORITHM::PROPOSALS_RECEIVED 688223
<INFO 751ce4bfa6c0> ALGORITHM::PROPOSALS_SENT 331725
<INFO 751ce4bfa6c0> ALGORITHM::PROPOSALS_RECEIVED 297524
<INFO 751ce23f56c0> ALGORITHM::PROPOSALS_SENT 652761
<INFO 751ce23f56c0> ALGORITHM::PROPOSALS_RECEIVED 228595
<INFO 751ce53fb6c0> ALGORITHM::PROPOSALS_SENT 377879
<INFO 751ce53fb6c0> ALGORITHM::PROPOSALS_RECEIVED 371029
<INFO 751ce3bf86c0> ALGORITHM::PROPOSALS_SENT 192628
<INFO 751ce3bf86c0> ALGORITHM::PROPOSALS_RECEIVED 366027
<INFO 751ce7c006c0> ALGORITHM::PROPOSALS_SENT 369050
<INFO 751ce7c006c0> ALGORITHM::PROPOSALS_RECEIVED 313782
<INFO 751ce8c026c0> ALGORITHM::PROPOSALS_SENT 323761
<INFO 751ce8c026c0> ALGORITHM::PROPOSALS_RECEIVED 294557
<INFO 751ce2bf66c0> ALGORITHM::PROPOSALS_SENT 311462
<INFO 751ce2bf66c0> ALGORITHM::PROPOSALS_RECEIVED 333060
<INFO 751ce33f76c0> ALGORITHM::PROPOSALS_SENT 347361
<INFO 751ce33f76c0> ALGORITHM::PROPOSALS_RECEIVED 390796
<INFO 751ce84016c0> ALGORITHM::PROPOSALS_SENT 296769
<INFO 751ce84016c0> ALGORITHM::PROPOSALS_RECEIVED 367776
<INFO 751ce1bf46c0> ALGORITHM::PROPOSALS_SENT 393290
<INFO 751ce1bf46c0> ALGORITHM::PROPOSALS_RECEIVED 258618
<INFO 751ee9a862c0> CORE::RUSAGE::MAX_RSS_KB 8394012
<INFO 751ee9a862c0> CORE::RUSAGE::MINFLT 2097536
<INFO 751ee9a862c0> CORE::RUSAGE::MAJFLT 0
<INFO 751ee9a862c0> CORE::RUSAGE::MAJFLT 0
<INFO 751ee9a862c0> CORE::RUSAGE::INBLK 23937616
<INFO 751ee9a862c0> CORE::RUSAGE::OUBLK 14898872
<INFO 751ee9a862c0> CORE::UTILS::BYTES_READ 12256059392
<INFO 751ee9a862c0> CORE::UTILS::BYTES_WRITTEN 7628214272
<INFO 751ee9a862c0> CORE::TIME::IO_WAIT 60.9138 seconds
<INFO 751ee9a862c0> ALGORITHM::TREE_EDGES 5102163
<INFO 751ee9a862c0> ALGORITHM::CC_COUNT 1876
<INFO 751ee9a862c0> CORE::PHASES 7
<INFO 751ee9a862c0> CORE::TIME::SETUP 3.4217 seconds
<INFO 751ee9a862c0> CORE::TIME::WALL 90.1683 seconds
<INFO 751ee9a862c0> SHUTDOWN
