<INFO 7f3f530a82c0> STARTUP
<INFO 7f3f530a82c0> CORE::GRAPH soc-LiveJournal1-sym
<INFO 7f3f530a82c0> CORE::ALGORITHM conductance
<INFO 7f3f530a82c0> SG-DRIVER-ORIGINAL
<WARNING 7f3f530a82c0> Disk count not specified, assuming it to be 1
<INFO 7f3f530a82c0> CORE::CONFIG::PROCESSORS 16
<INFO 7f3f530a82c0> CORE::CONFIG::PHYSICAL_MEMORY 8589934592
<INFO 7f3f530a82c0> CORE::CONFIG::VERTICES 4847571
<INFO 7f3f530a82c0> CORE::CONFIG::VERTEX_SIZE 0
<INFO 7f3f530a82c0> CORE::CONFIG::VERTEX_BUFFER 0
<INFO 7f3f530a82c0> CORE::CONFIG::EDGES 137469164
<INFO 7f3f530a82c0> CORE::CONFIG::PARTITIONS 32
<INFO 7f3f530a82c0> CORE::CONFIG::FANOUT 32
<INFO 7f3f530a82c0> CORE::CONFIG::SUPER_PARTITIONS 1
<INFO 7f3f530a82c0> CORE::CONFIG::STREAM_UNIT 16777216
<INFO 7f3f530a82c0> CORE::CONFIG::BUFFER_SIZE 1714626406
<INFO 7f3f530a82c0> CORE::CONFIG::IO_NUMIOQS 1
<INFO 7f3f530a82c0> CORE::CONFIG::MAX_BUFFERS 4
<INFO 7f3f530a82c0> CORE::CONFIG::MAX_STREAMS 5
<WARNING 7f3f530a82c0> No mount point specified for disk0, falling back to current directory
my size is 1649629968
<INFO 7f3f530a82c0> ALGORITHM::CONDUCTANCE::VALUE 1.00172
<INFO 7f3d502006c0> CORE::PARTITIONS_PROCESSED 0
<INFO 7f3d502006c0> CORE::BYTES::EDGES_STREAMED 103388592
<INFO 7f3d502006c0> CORE::BYTES::UPDATES_OUT 0
<INFO 7f3d4f9ff6c0> CORE::PARTITIONS_PROCESSED 0
<INFO 7f3f530a82c0> CORE::PARTITIONS_PROCESSED 0
<INFO 7f3f530a82c0> CORE::BYTES::EDGES_STREAMED 102848532
<INFO 7f3d4f9ff6c0> CORE::BYTES::EDGES_STREAMED 103141968
<INFO 7f3f530a82c0> CORE::BYTES::UPDATES_OUT 0
<INFO 7f3d4e9fd6c0> CORE::PARTITIONS_PROCESSED 0
<INFO 7f3f530a82c0> CORE::BYTES::UPDATES_IN 0
<INFO 7f3d4c1f86c0> CORE::PARTITIONS_PROCESSED 0
<INFO 7f3d4e9fd6c0> CORE::BYTES::EDGES_STREAMED 102855744
<INFO 7f3d4d1fa6c0> CORE::PARTITIONS_PROCESSED 0
<INFO 7f3d502006c0> CORE::BYTES::UPDATES_IN 0
<INFO 7f3d51a036c0> CORE::PARTITIONS_PROCESSED 0
<INFO 7f3d4b9f76c0> CORE::PARTITIONS_PROCESSED 0
<INFO 7f3d51a036c0> CORE::BYTES::EDGES_STREAMED 102916464
<INFO 7f3d51a036c0> CORE::BYTES::UPDATES_OUT 0
<INFO 7f3d512026c0> CORE::PARTITIONS_PROCESSED 0
<INFO 7f3d4f9ff6c0> CORE::BYTES::UPDATES_OUT 0
<INFO 7f3d4d9fb6c0> CORE::PARTITIONS_PROCESSED 0
<INFO 7f3d51a036c0> CORE::BYTES::UPDATES_IN 0
<INFO 7f3d4d9fb6c0> CORE::BYTES::EDGES_STREAMED 103132344
<INFO 7f3d4d9fb6c0> CORE::BYTES::UPDATES_OUT 0
<INFO 7f3d4d9fb6c0> CORE::BYTES::UPDATES_IN 0
<INFO 7f3d4f1fe6c0> CORE::PARTITIONS_PROCESSED 0
<INFO 7f3d4f1fe6c0> CORE::BYTES::EDGES_STREAMED 103501176
<INFO 7f3d4f1fe6c0> CORE::BYTES::UPDATES_OUT 0
<INFO 7f3d4f1fe6c0> CORE::BYTES::UPDATES_IN 0
<INFO 7f3d4c1f86c0> CORE::BYTES::EDGES_STREAMED 103338108
<INFO 7f3d4c1f86c0> CORE::BYTES::UPDATES_OUT 0
<INFO 7f3d4c1f86c0> CORE::BYTES::UPDATES_IN 0
<INFO 7f3d512026c0> CORE::BYTES::EDGES_STREAMED 103306620
<INFO 7f3d512026c0> CORE::BYTES::UPDATES_OUT 0
<INFO 7f3d512026c0> CORE::BYTES::UPDATES_IN 0
<INFO 7f3d4e1fc6c0> CORE::PARTITIONS_PROCESSED 0
<INFO 7f3d4e1fc6c0> CORE::BYTES::EDGES_STREAMED 103706316
<INFO 7f3d4e1fc6c0> CORE::BYTES::UPDATES_OUT 0
<INFO 7f3d4e1fc6c0> CORE::BYTES::UPDATES_IN 0
<INFO 7f3d4c9f96c0> CORE::PARTITIONS_PROCESSED 0
<INFO 7f3d4c9f96c0> CORE::BYTES::EDGES_STREAMED 102398688
<INFO 7f3d4c9f96c0> CORE::BYTES::UPDATES_OUT 0
<INFO 7f3d4c9f96c0> CORE::BYTES::UPDATES_IN 0
<INFO 7f3d4e9fd6c0> CORE::BYTES::UPDATES_OUT 0
<INFO 7f3d4e9fd6c0> CORE::BYTES::UPDATES_IN 0
<INFO 7f3d4f9ff6c0> CORE::BYTES::UPDATES_IN 0
<INFO 7f3d522046c0> CORE::PARTITIONS_PROCESSED 0
<INFO 7f3d522046c0> CORE::BYTES::EDGES_STREAMED 103065420
<INFO 7f3d522046c0> CORE::BYTES::UPDATES_OUT 0
<INFO 7f3d522046c0> CORE::BYTES::UPDATES_IN 0
<INFO 7f3d4b1f66c0> CORE::PARTITIONS_PROCESSED 0
<INFO 7f3d4b1f66c0> CORE::BYTES::EDGES_STREAMED 102960204
<INFO 7f3d4b1f66c0> CORE::BYTES::UPDATES_OUT 0
<INFO 7f3d4b1f66c0> CORE::BYTES::UPDATES_IN 0
<INFO 7f3d50a016c0> CORE::PARTITIONS_PROCESSED 0
<INFO 7f3d50a016c0> CORE::BYTES::EDGES_STREAMED 103426536
<INFO 7f3d50a016c0> CORE::BYTES::UPDATES_OUT 0
<INFO 7f3d50a016c0> CORE::BYTES::UPDATES_IN 0
<INFO 7f3d4b9f76c0> CORE::BYTES::EDGES_STREAMED 102660384
<INFO 7f3d4b9f76c0> CORE::BYTES::UPDATES_OUT 0
<INFO 7f3d4b9f76c0> CORE::BYTES::UPDATES_IN 0
<INFO 7f3d4d1fa6c0> CORE::BYTES::EDGES_STREAMED 102982872
<INFO 7f3d4d1fa6c0> CORE::BYTES::UPDATES_OUT 0
<INFO 7f3d4d1fa6c0> CORE::BYTES::UPDATES_IN 0
<INFO 7f3f530a82c0> CORE::RUSAGE::MAX_RSS_KB 8394024
<INFO 7f3f530a82c0> CORE::RUSAGE::MINFLT 2097514
<INFO 7f3f530a82c0> CORE::RUSAGE::MAJFLT 0
<INFO 7f3f530a82c0> CORE::RUSAGE::MAJFLT 0
<INFO 7f3f530a82c0> CORE::RUSAGE::INBLK 3221936
<INFO 7f3f530a82c0> CORE::RUSAGE::OUBLK 16
<INFO 7f3f530a82c0> CORE::UTILS::BYTES_READ 1649631232
<INFO 7f3f530a82c0> CORE::UTILS::BYTES_WRITTEN 0
<INFO 7f3f530a82c0> CORE::TIME::IO_WAIT 4.51402 seconds
<INFO 7f3f530a82c0> CORE::PHASES 2
<INFO 7f3f530a82c0> CORE::TIME::SETUP 3.44003 seconds
<INFO 7f3f530a82c0> CORE::TIME::STATE_ITER 0.059996 seconds
<INFO 7f3f530a82c0> CORE::TIME::GATHER 0 seconds
<INFO 7f3f530a82c0> CORE::TIME::SCATTER 4.926 seconds
<INFO 7f3f530a82c0> TIME_IN_PC_FN 0.088605 seconds
<INFO 7f3f530a82c0> CORE::TIME::WALL 8.48922 seconds
<INFO 7f3f530a82c0> SHUTDOWN
