<INFO 76c5d70a62c0> STARTUP
<INFO 76c5d70a62c0> CORE::GRAPH soc-LiveJournal1-sym
<INFO 76c5d70a62c0> CORE::ALGORITHM mcst
<WARNING 76c5d70a62c0> Disk count not specified, assuming it to be 1
<INFO 76c5d70a62c0> CORE::CONFIG::PROCESSORS 16
<INFO 76c5d70a62c0> CORE::CONFIG::PHYSICAL_MEMORY 8589934592
<INFO 76c5d70a62c0> CORE::CONFIG::VERTICES 4847571
<INFO 76c5d70a62c0> CORE::CONFIG::VERTEX_SIZE 16
<INFO 76c5d70a62c0> CORE::CONFIG::VERTEX_BUFFER 77561856
<INFO 76c5d70a62c0> CORE::CONFIG::EDGES 137469164
<INFO 76c5d70a62c0> CORE::CONFIG::PARTITIONS 128
<INFO 76c5d70a62c0> CORE::CONFIG::FANOUT 128
<INFO 76c5d70a62c0> CORE::CONFIG::SUPER_PARTITIONS 1
<INFO 76c5d70a62c0> CORE::CONFIG::STREAM_UNIT 16777216
<INFO 76c5d70a62c0> CORE::CONFIG::BUFFER_SIZE 1415926098
<INFO 76c5d70a62c0> CORE::CONFIG::IO_NUMIOQS 1
<INFO 76c5d70a62c0> CORE::CONFIG::MAX_BUFFERS 5
<INFO 76c5d70a62c0> CORE::CONFIG::MAX_STREAMS 6
<WARNING 76c5d70a62c0> No mount point specified for disk0, falling back to current directory
my size is 1649629968
<INFO 76c5d70a62c0> ALGORITHM::PROPOSALS_SENT 281332
<INFO 76c5d70a62c0> ALGORITHM::PROPOSALS_RECEIVED 259204
<INFO 76c3d01f66c0> ALGORITHM::PROPOSALS_SENT 448638
<INFO 76c3d5a016c0> ALGORITHM::PROPOSALS_SENT 358219
<INFO 76c3d09f76c0> ALGORITHM::PROPOSALS_SENT 448055
<INFO 76c3d09f76c0> ALGORITHM::PROPOSALS_RECEIVED 475939
<INFO 76c3d49ff6c0> ALGORITHM::PROPOSALS_SENT 435286
<INFO 76c3d49ff6c0> ALGORITHM::PROPOSALS_RECEIVED 679925
<INFO 76c3d19f96c0> ALGORITHM::PROPOSALS_SENT 311300
<INFO 76c3d5a016c0> ALGORITHM::PROPOSALS_RECEIVED 348119
<INFO 76c3d01f66c0> ALGORITHM::PROPOSALS_RECEIVED 312157
<INFO 76c3d52006c0> ALGORITHM::PROPOSALS_SENT 426546
<INFO 76c3d19f96c0> ALGORITHM::PROPOSALS_RECEIVED 421512
<INFO 76c3d52006c0> ALGORITHM::PROPOSALS_RECEIVED 434300
<INFO 76c3d31fc6c0> ALGORITHM::PROPOSALS_SENT 635106
<INFO 76c3d31fc6c0> ALGORITHM::PROPOSALS_RECEIVED 414111
<INFO 76c3cf9f56c0> ALGORITHM::PROPOSALS_SENT 352979
<INFO 76c3cf9f56c0> ALGORITHM::PROPOSALS_RECEIVED 400979
<INFO 76c3d21fa6c0> ALGORITHM::PROPOSALS_SENT 374456
<INFO 76c3d21fa6c0> ALGORITHM::PROPOSALS_RECEIVED 369811
<INFO 76c3d62026c0> ALGORITHM::PROPOSALS_SENT 486214
<INFO 76c3d62026c0> ALGORITHM::PROPOSALS_RECEIVED 292345
<INFO 76c3cf1f46c0> ALGORITHM::PROPOSALS_SENT 121475
<INFO 76c3cf1f46c0> ALGORITHM::PROPOSALS_RECEIVED 327044
<INFO 76c3d11f86c0> ALGORITHM::PROPOSALS_SENT 334011
<INFO 76c3d11f86c0> ALGORITHM::PROPOSALS_RECEIVED 247827
<INFO 76c3d29fb6c0> ALGORITHM::PROPOSALS_SENT 370957
<INFO 76c3d29fb6c0> ALGORITHM::PROPOSALS_RECEIVED 380020
<INFO 76c3d39fd6c0> ALGORITHM::PROPOSALS_SENT 390926
<INFO 76c3d41fe6c0> ALGORITHM::PROPOSALS_SENT 449178
<INFO 76c3d39fd6c0> ALGORITHM::PROPOSALS_RECEIVED 475891
<INFO 76c3d41fe6c0> ALGORITHM::PROPOSALS_RECEIVED 385494
<INFO 76c5d70a62c0> CORE::RUSAGE::MAX_RSS_KB 8393936
<INFO 76c5d70a62c0> CORE::RUSAGE::MINFLT 2097538
<INFO 76c5d70a62c0> CORE::RUSAGE::MAJFLT 1
<INFO 76c5d70a62c0> CORE::RUSAGE::MAJFLT 1
<INFO 76c5d70a62c0> CORE::RUSAGE::INBLK 23956544
<INFO 76c5d70a62c0> CORE::RUSAGE::OUBLK 14937608
<INFO 76c5d70a62c0> CORE::UTILS::BYTES_READ 12265684992
<INFO 76c5d70a62c0> CORE::UTILS::BYTES_WRITTEN 7648047104
<INFO 76c5d70a62c0> CORE::TIME::IO_WAIT 74.1061 seconds
<INFO 76c5d70a62c0> ALGORITHM::TREE_EDGES 5527528
<INFO 76c5d70a62c0> ALGORITHM::CC_COUNT 1876
<INFO 76c5d70a62c0> CORE::PHASES 7
<INFO 76c5d70a62c0> CORE::TIME::SETUP 3.5224 seconds
<INFO 76c5d70a62c0> CORE::TIME::WALL 101.23 seconds
<INFO 76c5d70a62c0> SHUTDOWN
