<INFO 7e9ef991e2c0> STARTUP
<INFO 7e9ef991e2c0> CORE::GRAPH soc-LiveJournal1-sym
<INFO 7e9ef991e2c0> CORE::ALGORITHM cc
<INFO 7e9ef991e2c0> SG-DRIVER-ORIGINAL
<WARNING 7e9ef991e2c0> Disk count not specified, assuming it to be 1
<INFO 7e9ef991e2c0> CORE::CONFIG::PROCESSORS 16
<INFO 7e9ef991e2c0> CORE::CONFIG::PHYSICAL_MEMORY 2147483648
<INFO 7e9ef991e2c0> CORE::CONFIG::VERTICES 4847571
<INFO 7e9ef991e2c0> CORE::CONFIG::VERTEX_SIZE 13
<INFO 7e9ef991e2c0> CORE::CONFIG::VERTEX_BUFFER 63021056
<INFO 7e9ef991e2c0> CORE::CONFIG::EDGES 137469164
<INFO 7e9ef991e2c0> CORE::CONFIG::PARTITIONS 128
<INFO 7e9ef991e2c0> CORE::CONFIG::FANOUT 128
<INFO 7e9ef991e2c0> CORE::CONFIG::SUPER_PARTITIONS 1
<INFO 7e9ef991e2c0> CORE::CONFIG::STREAM_UNIT 16777216
<INFO 7e9ef991e2c0> CORE::CONFIG::BUFFER_SIZE 413530624
<INFO 7e9ef991e2c0> CORE::CONFIG::IO_NUMIOQS 1
<INFO 7e9ef991e2c0> CORE::CONFIG::MAX_BUFFERS 4
<INFO 7e9ef991e2c0> CORE::CONFIG::MAX_STREAMS 5
<WARNING 7e9ef991e2c0> No mount point specified for disk0, falling back to current directory
my size is 1649629968
<INFO 7e9ef991e2c0> ALGORITHM::CC::CC_COUNT 1876
<INFO 7e9ef991e2c0> CORE::PARTITIONS_PROCESSED 141
<INFO 7e9ef991e2c0> CORE::BYTES::EDGES_STREAMED 1124780364
<INFO 7e9ef991e2c0> CORE::BYTES::UPDATES_OUT 319342296
<INFO 7e9ef991e2c0> CORE::BYTES::UPDATES_IN 302234976
<INFO 7e9e78a046c0> CORE::PARTITIONS_PROCESSED 147
<INFO 7e9e77a026c0> CORE::PARTITIONS_PROCESSED 159
<INFO 7e9e77a026c0> CORE::BYTES::EDGES_STREAMED 1111127100
<INFO 7e9e759fe6c0> CORE::PARTITIONS_PROCESSED 194
<INFO 7e9e78a046c0> CORE::BYTES::EDGES_STREAMED 1175966832
<INFO 7e9e719f66c0> CORE::PARTITIONS_PROCESSED 171
<INFO 7e9e772016c0> CORE::PARTITIONS_PROCESSED 172
<INFO 7e9e77a026c0> CORE::BYTES::UPDATES_OUT 326585464
<INFO 7e9e759fe6c0> CORE::BYTES::EDGES_STREAMED 1083070584
<INFO 7e9e77a026c0> CORE::BYTES::UPDATES_IN 324806032
<INFO 7e9e721f76c0> CORE::PARTITIONS_PROCESSED 153
<INFO 7e9e719f66c0> CORE::BYTES::EDGES_STREAMED 1058702412
<INFO 7e9e729f86c0> CORE::PARTITIONS_PROCESSED 129
<INFO 7e9e719f66c0> CORE::BYTES::UPDATES_OUT 300044360
<INFO 7e9e739fa6c0> CORE::PARTITIONS_PROCESSED 124
<INFO 7e9e78a046c0> CORE::BYTES::UPDATES_OUT 345998192
<INFO 7e9e772016c0> CORE::BYTES::EDGES_STREAMED 1191882900
<INFO 7e9e729f86c0> CORE::BYTES::EDGES_STREAMED 1136746884
<INFO 7e9e729f86c0> CORE::BYTES::UPDATES_OUT 291360640
<INFO 7e9e739fa6c0> CORE::BYTES::EDGES_STREAMED 1087196952
<INFO 7e9e78a046c0> CORE::BYTES::UPDATES_IN 336653920
<INFO 7e9e739fa6c0> CORE::BYTES::UPDATES_OUT 314528904
<INFO 7e9e749fc6c0> CORE::PARTITIONS_PROCESSED 128
<INFO 7e9e739fa6c0> CORE::BYTES::UPDATES_IN 284672120
<INFO 7e9e749fc6c0> CORE::BYTES::EDGES_STREAMED 1166563824
<INFO 7e9e749fc6c0> CORE::BYTES::UPDATES_OUT 349278416
<INFO 7e9e749fc6c0> CORE::BYTES::UPDATES_IN 299805376
<INFO 7e9e759fe6c0> CORE::BYTES::UPDATES_OUT 295253000
<INFO 7e9e772016c0> CORE::BYTES::UPDATES_OUT 325939272
<INFO 7e9e731f96c0> CORE::PARTITIONS_PROCESSED 188
<INFO 7e9e782036c0> CORE::PARTITIONS_PROCESSED 179
<INFO 7e9e731f96c0> CORE::BYTES::EDGES_STREAMED 1085113728
<INFO 7e9e751fd6c0> CORE::PARTITIONS_PROCESSED 179
<INFO 7e9e751fd6c0> CORE::BYTES::EDGES_STREAMED 1128397968
<INFO 7e9e719f66c0> CORE::BYTES::UPDATES_IN 339080728
<INFO 7e9e751fd6c0> CORE::BYTES::UPDATES_OUT 331581616
<INFO 7e9e761ff6c0> CORE::PARTITIONS_PROCESSED 138
<INFO 7e9e782036c0> CORE::BYTES::EDGES_STREAMED 1096967388
<INFO 7e9e721f76c0> CORE::BYTES::EDGES_STREAMED 1154400996
<INFO 7e9e731f96c0> CORE::BYTES::UPDATES_OUT 314772144
<INFO 7e9e761ff6c0> CORE::BYTES::EDGES_STREAMED 1083089868
<INFO 7e9e759fe6c0> CORE::BYTES::UPDATES_IN 359360712
<INFO 7e9e721f76c0> CORE::BYTES::UPDATES_OUT 331626248
<INFO 7e9e772016c0> CORE::BYTES::UPDATES_IN 334901992
<INFO 7e9e721f76c0> CORE::BYTES::UPDATES_IN 337841776
<INFO 7e9e782036c0> CORE::BYTES::UPDATES_OUT 314623328
<INFO 7e9e741fb6c0> CORE::PARTITIONS_PROCESSED 156
<INFO 7e9e76a006c0> CORE::PARTITIONS_PROCESSED 177
<INFO 7e9e782036c0> CORE::BYTES::UPDATES_IN 274929328
<INFO 7e9e76a006c0> CORE::BYTES::EDGES_STREAMED 1176345852
<INFO 7e9e76a006c0> CORE::BYTES::UPDATES_OUT 340527840
<INFO 7e9e76a006c0> CORE::BYTES::UPDATES_IN 316662856
<INFO 7e9e731f96c0> CORE::BYTES::UPDATES_IN 338355424
<INFO 7e9e741fb6c0> CORE::BYTES::EDGES_STREAMED 1066983324
<INFO 7e9e741fb6c0> CORE::BYTES::UPDATES_OUT 306575536
<INFO 7e9e741fb6c0> CORE::BYTES::UPDATES_IN 289567480
<INFO 7e9e729f86c0> CORE::BYTES::UPDATES_IN 292038576
<INFO 7e9e751fd6c0> CORE::BYTES::UPDATES_IN 329715632
<INFO 7e9e761ff6c0> CORE::BYTES::UPDATES_OUT 295905280
<INFO 7e9e761ff6c0> CORE::BYTES::UPDATES_IN 343315608
<INFO 7e9ef991e2c0> CORE::RUSAGE::MAX_RSS_KB 2102820
<INFO 7e9ef991e2c0> CORE::RUSAGE::MINFLT 524657
<INFO 7e9ef991e2c0> CORE::RUSAGE::MAJFLT 0
<INFO 7e9ef991e2c0> CORE::RUSAGE::MAJFLT 0
<INFO 7e9ef991e2c0> CORE::RUSAGE::INBLK 51853848
<INFO 7e9ef991e2c0> CORE::RUSAGE::OUBLK 10091792
<INFO 7e9ef991e2c0> CORE::UTILS::BYTES_READ 26549170176
<INFO 7e9ef991e2c0> CORE::UTILS::BYTES_WRITTEN 5166985216
<INFO 7e9ef991e2c0> CORE::TIME::IO_WAIT 93.2468 seconds
<INFO 7e9ef991e2c0> CORE::PHASES 13
<INFO 7e9ef991e2c0> CORE::TIME::SETUP 0.881363 seconds
<INFO 7e9ef991e2c0> CORE::TIME::STATE_ITER 0.022996 seconds
<INFO 7e9ef991e2c0> CORE::TIME::GATHER 10.8968 seconds
<INFO 7e9ef991e2c0> CORE::TIME::SCATTER 92.2 seconds
<INFO 7e9ef991e2c0> TIME_IN_PC_FN 1.61242 seconds
<INFO 7e9ef991e2c0> CORE::TIME::WALL 107.882 seconds
<INFO 7e9ef991e2c0> SHUTDOWN
