<INFO 76ff49e952c0> STARTUP
<INFO 76ff49e952c0> CORE::GRAPH soc-LiveJournal1-sym
<INFO 76ff49e952c0> CORE::ALGORITHM cc
<INFO 76ff49e952c0> SG-DRIVER-ORIGINAL
<WARNING 76ff49e952c0> Disk count not specified, assuming it to be 1
<INFO 76ff49e952c0> CORE::CONFIG::PROCESSORS 16
<INFO 76ff49e952c0> CORE::CONFIG::PHYSICAL_MEMORY 67108864
<INFO 76ff49e952c0> CORE::CONFIG::VERTICES 4847571
<INFO 76ff49e952c0> CORE::CONFIG::VERTEX_SIZE 13
<INFO 76ff49e952c0> CORE::CONFIG::VERTEX_BUFFER 31510528
<INFO 76ff49e952c0> CORE::CONFIG::EDGES 137469164
<INFO 76ff49e952c0> CORE::CONFIG::PARTITIONS 64
<INFO 76ff49e952c0> CORE::CONFIG::FANOUT 64
<INFO 76ff49e952c0> CORE::CONFIG::SUPER_PARTITIONS 2
<INFO 76ff49e952c0> CORE::CONFIG::STREAM_UNIT 2097152
<INFO 76ff49e952c0> CORE::CONFIG::BUFFER_SIZE 6694707
<INFO 76ff49e952c0> CORE::CONFIG::IO_NUMIOQS 1
<INFO 76ff49e952c0> CORE::CONFIG::MAX_BUFFERS 4
<INFO 76ff49e952c0> CORE::CONFIG::MAX_STREAMS 5
<WARNING 76ff49e952c0> No mount point specified for disk0, falling back to current directory
my size is 1649629968
<INFO 76ff49e952c0> ALGORITHM::CC::CC_COUNT 1876
<INFO 76ff49e952c0> CORE::PARTITIONS_PROCESSED 3129
<INFO 76ff49e952c0> CORE::BYTES::EDGES_STREAMED 1082697792
<INFO 76ff49e952c0> CORE::BYTES::UPDATES_OUT 278185264
<INFO 76ff49e952c0> CORE::BYTES::UPDATES_IN 321476808
<INFO 76ff440006c0> CORE::PARTITIONS_PROCESSED 2995
<INFO 76ff417fb6c0> CORE::PARTITIONS_PROCESSED 3013
<INFO 76ff3fff86c0> CORE::PARTITIONS_PROCESSED 3025
<INFO 76ff448016c0> CORE::PARTITIONS_PROCESSED 3196
<INFO 76ff3fff86c0> CORE::BYTES::EDGES_STREAMED 1102152252
<INFO 76ff3fff86c0> CORE::BYTES::UPDATES_OUT 326077376
<INFO 76ff437ff6c0> CORE::PARTITIONS_PROCESSED 2989
<INFO 76ff448016c0> CORE::BYTES::EDGES_STREAMED 1125053496
<INFO 76ff417fb6c0> CORE::BYTES::EDGES_STREAMED 1112976048
<INFO 76ff448016c0> CORE::BYTES::UPDATES_OUT 313995808
<INFO 76ff3fff86c0> CORE::BYTES::UPDATES_IN 312568376
<INFO 76ff440006c0> CORE::BYTES::EDGES_STREAMED 1134916908
<INFO 76ff440006c0> CORE::BYTES::UPDATES_OUT 328169424
<INFO 76ff440006c0> CORE::BYTES::UPDATES_IN 310412152
<INFO 76ff3f7f76c0> CORE::PARTITIONS_PROCESSED 3025
<INFO 76ff3f7f76c0> CORE::BYTES::EDGES_STREAMED 1116952320
<INFO 76ff3eff66c0> CORE::PARTITIONS_PROCESSED 3258
<INFO 76ff3eff66c0> CORE::BYTES::EDGES_STREAMED 1067016576
<INFO 76ff3eff66c0> CORE::BYTES::UPDATES_OUT 304730728
<INFO 76ff3eff66c0> CORE::BYTES::UPDATES_IN 335725536
<INFO 76ff417fb6c0> CORE::BYTES::UPDATES_OUT 314292648
<INFO 76ff417fb6c0> CORE::BYTES::UPDATES_IN 309934632
<INFO 76ff437ff6c0> CORE::BYTES::EDGES_STREAMED 1078842144
<INFO 76ff3e7f56c0> CORE::PARTITIONS_PROCESSED 2922
<INFO 76ff3e7f56c0> CORE::BYTES::EDGES_STREAMED 1134943104
<INFO 76ff3e7f56c0> CORE::BYTES::UPDATES_OUT 314629144
<INFO 76ff3f7f76c0> CORE::BYTES::UPDATES_OUT 321487048
<INFO 76ff407f96c0> CORE::PARTITIONS_PROCESSED 3048
<INFO 76ff427fd6c0> CORE::PARTITIONS_PROCESSED 3214
<INFO 76ff437ff6c0> CORE::BYTES::UPDATES_OUT 309470416
<INFO 76ff40ffa6c0> CORE::PARTITIONS_PROCESSED 3099
<INFO 76ff427fd6c0> CORE::BYTES::EDGES_STREAMED 1149224028
<INFO 76ff450026c0> CORE::PARTITIONS_PROCESSED 3131
<INFO 76ff3f7f76c0> CORE::BYTES::UPDATES_IN 311335544
<INFO 76ff40ffa6c0> CORE::BYTES::EDGES_STREAMED 1133628612
<INFO 76ff450026c0> CORE::BYTES::EDGES_STREAMED 1145392596
<INFO 76ff437ff6c0> CORE::BYTES::UPDATES_IN 307390928
<INFO 76ff427fd6c0> CORE::BYTES::UPDATES_OUT 324558808
<INFO 76ff450026c0> CORE::BYTES::UPDATES_OUT 333655704
<INFO 76ff450026c0> CORE::BYTES::UPDATES_IN 322728840
<INFO 76ff40ffa6c0> CORE::BYTES::UPDATES_OUT 328453144
<INFO 76ff407f96c0> CORE::BYTES::EDGES_STREAMED 1162301820
<INFO 76ff407f96c0> CORE::BYTES::UPDATES_OUT 342990064
<INFO 76ff407f96c0> CORE::BYTES::UPDATES_IN 312999832
<INFO 76ff42ffe6c0> CORE::PARTITIONS_PROCESSED 3055
<INFO 76ff42ffe6c0> CORE::BYTES::EDGES_STREAMED 1119665424
<INFO 76ff42ffe6c0> CORE::BYTES::UPDATES_OUT 309892464
<INFO 76ff42ffe6c0> CORE::BYTES::UPDATES_IN 315575720
<INFO 76ff427fd6c0> CORE::BYTES::UPDATES_IN 333534384
<INFO 76ff448016c0> CORE::BYTES::UPDATES_IN 327727248
<INFO 76ff3e7f56c0> CORE::BYTES::UPDATES_IN 302339144
<INFO 76ff41ffc6c0> CORE::PARTITIONS_PROCESSED 3256
<INFO 76ff40ffa6c0> CORE::BYTES::UPDATES_IN 320311256
<INFO 76ff3dff46c0> CORE::PARTITIONS_PROCESSED 3156
<INFO 76ff41ffc6c0> CORE::BYTES::EDGES_STREAMED 1143176892
<INFO 76ff41ffc6c0> CORE::BYTES::UPDATES_OUT 336775088
<INFO 76ff41ffc6c0> CORE::BYTES::UPDATES_IN 335665008
<INFO 76ff3dff46c0> CORE::BYTES::EDGES_STREAMED 1118396964
<INFO 76ff3dff46c0> CORE::BYTES::UPDATES_OUT 316579408
<INFO 76ff3dff46c0> CORE::BYTES::UPDATES_IN 324217128
<INFO 76ff49e952c0> CORE::RUSAGE::MAX_RSS_KB 71004
<INFO 76ff49e952c0> CORE::RUSAGE::MINFLT 16764
<INFO 76ff49e952c0> CORE::RUSAGE::MAJFLT 0
<INFO 76ff49e952c0> CORE::RUSAGE::MAJFLT 0
<INFO 76ff49e952c0> CORE::RUSAGE::INBLK 56553000
<INFO 76ff49e952c0> CORE::RUSAGE::OUBLK 14790952
<INFO 76ff49e952c0> CORE::UTILS::BYTES_READ 28955136000
<INFO 76ff49e952c0> CORE::UTILS::BYTES_WRITTEN 7572955136
<INFO 76ff49e952c0> CORE::TIME::IO_WAIT 52.762 seconds
<INFO 76ff49e952c0> CORE::PHASES 13
<INFO 76ff49e952c0> CORE::TIME::SETUP 0.039236 seconds
<INFO 76ff49e952c0> CORE::TIME::STATE_ITER 0.033857 seconds
<INFO 76ff49e952c0> CORE::TIME::GATHER 37.1452 seconds
<INFO 76ff49e952c0> CORE::TIME::SCATTER 181.552 seconds
<INFO 76ff49e952c0> TIME_IN_PC_FN 2.70092 seconds
<INFO 76ff49e952c0> CORE::TIME::WALL 240.746 seconds
<INFO 76ff49e952c0> SHUTDOWN
