<INFO 7e2e4368b2c0> STARTUP
<INFO 7e2e4368b2c0> CORE::GRAPH rmat_s22_e67
<INFO 7e2e4368b2c0> CORE::ALGORITHM spmv
<INFO 7e2e4368b2c0> SG-DRIVER-ORIGINAL
<WARNING 7e2e4368b2c0> Disk count not specified, assuming it to be 1
<INFO 7e2e4368b2c0> CORE::CONFIG::PROCESSORS 16
<INFO 7e2e4368b2c0> CORE::CONFIG::PHYSICAL_MEMORY 8589934592
<INFO 7e2e4368b2c0> CORE::CONFIG::VERTICES 4194304
<INFO 7e2e4368b2c0> CORE::CONFIG::VERTEX_SIZE 8
<INFO 7e2e4368b2c0> CORE::CONFIG::VERTEX_BUFFER 33554432
<INFO 7e2e4368b2c0> CORE::CONFIG::EDGES 67108864
<INFO 7e2e4368b2c0> CORE::CONFIG::PARTITIONS 32
<INFO 7e2e4368b2c0> CORE::CONFIG::FANOUT 32
<INFO 7e2e4368b2c0> CORE::CONFIG::SUPER_PARTITIONS 1
<INFO 7e2e4368b2c0> CORE::CONFIG::STREAM_UNIT 16777216
<INFO 7e2e4368b2c0> CORE::CONFIG::BUFFER_SIZE 1707915520
<INFO 7e2e4368b2c0> CORE::CONFIG::IO_NUMIOQS 1
<INFO 7e2e4368b2c0> CORE::CONFIG::MAX_BUFFERS 4
<INFO 7e2e4368b2c0> CORE::CONFIG::MAX_STREAMS 5
<WARNING 7e2e4368b2c0> No mount point specified for disk0, falling back to current directory
my size is 805306368
<INFO 7e2e4368b2c0> CORE::PARTITIONS_PROCESSED 1
<INFO 7e2e4368b2c0> CORE::BYTES::EDGES_STREAMED 205271928
<INFO 7e2e4368b2c0> CORE::BYTES::UPDATES_OUT 136847952
<INFO 7e2e4368b2c0> CORE::BYTES::UPDATES_IN 42664520
<INFO 7e2c3e7fa6c0> CORE::PARTITIONS_PROCESSED 2
<INFO 7e2c3e7fa6c0> CORE::BYTES::EDGES_STREAMED 26854416
<INFO 7e2c3d7f86c0> CORE::PARTITIONS_PROCESSED 3
<INFO 7e2c3dff96c0> CORE::PARTITIONS_PROCESSED 3
<INFO 7e2c420016c0> CORE::PARTITIONS_PROCESSED 1
<INFO 7e2c3e7fa6c0> CORE::BYTES::UPDATES_OUT 17902944
<INFO 7e2c3dff96c0> CORE::BYTES::EDGES_STREAMED 20317164
<INFO 7e2c3cff76c0> CORE::PARTITIONS_PROCESSED 2
<INFO 7e2c3e7fa6c0> CORE::BYTES::UPDATES_IN 17906296
<INFO 7e2c3d7f86c0> CORE::BYTES::EDGES_STREAMED 29062092
<INFO 7e2c420016c0> CORE::BYTES::EDGES_STREAMED 20294352
<INFO 7e2c3d7f86c0> CORE::BYTES::UPDATES_OUT 19374728
<INFO 7e2c3cff76c0> CORE::BYTES::EDGES_STREAMED 26843184
<INFO 7e2c3d7f86c0> CORE::BYTES::UPDATES_IN 19370552
<INFO 7e2c3cff76c0> CORE::BYTES::UPDATES_OUT 17895456
<INFO 7e2c3dff96c0> CORE::BYTES::UPDATES_OUT 13544776
<INFO 7e2c420016c0> CORE::BYTES::UPDATES_OUT 13529568
<INFO 7e2c420016c0> CORE::BYTES::UPDATES_IN 13534904
<INFO 7e2c3dff96c0> CORE::BYTES::UPDATES_IN 31428456
<INFO 7e2c428026c0> CORE::PARTITIONS_PROCESSED 1
<INFO 7e2c3cff76c0> CORE::BYTES::UPDATES_IN 47015328
<INFO 7e2c418006c0> CORE::PARTITIONS_PROCESSED 2
<INFO 7e2c418006c0> CORE::BYTES::EDGES_STREAMED 26930796
<INFO 7e2c418006c0> CORE::BYTES::UPDATES_OUT 17953864
<INFO 7e2c418006c0> CORE::BYTES::UPDATES_IN 17955272
<INFO 7e2c428026c0> CORE::BYTES::EDGES_STREAMED 63912096
<INFO 7e2c428026c0> CORE::BYTES::UPDATES_OUT 42608064
<INFO 7e2c428026c0> CORE::BYTES::UPDATES_IN 13524752
<INFO 7e2c40fff6c0> CORE::PARTITIONS_PROCESSED 1
<INFO 7e2c3c7f66c0> CORE::PARTITIONS_PROCESSED 3
<INFO 7e2c40fff6c0> CORE::BYTES::EDGES_STREAMED 20272152
<INFO 7e2c3c7f66c0> CORE::BYTES::EDGES_STREAMED 72659400
<INFO 7e2c40fff6c0> CORE::BYTES::UPDATES_OUT 13514768
<INFO 7e2c3c7f66c0> CORE::BYTES::UPDATES_OUT 48439600
<INFO 7e2c3c7f66c0> CORE::BYTES::UPDATES_IN 48451736
<INFO 7e2c40fff6c0> CORE::BYTES::UPDATES_IN 13526608
<INFO 7e2c3f7fc6c0> CORE::PARTITIONS_PROCESSED 3
<INFO 7e2c3f7fc6c0> CORE::BYTES::EDGES_STREAMED 72733884
<INFO 7e2c3f7fc6c0> CORE::BYTES::UPDATES_OUT 48489256
<INFO 7e2c3f7fc6c0> CORE::BYTES::UPDATES_IN 48441288
<INFO 7e2c3bff56c0> CORE::PARTITIONS_PROCESSED 3
<INFO 7e2c3bff56c0> CORE::BYTES::EDGES_STREAMED 15303792
<INFO 7e2c3bff56c0> CORE::BYTES::UPDATES_OUT 10202528
<INFO 7e2c3bff56c0> CORE::BYTES::UPDATES_IN 48439920
<INFO 7e2c3fffd6c0> CORE::PARTITIONS_PROCESSED 1
<INFO 7e2c3fffd6c0> CORE::BYTES::EDGES_STREAMED 20309280
<INFO 7e2c3fffd6c0> CORE::BYTES::UPDATES_OUT 13539520
<INFO 7e2c3fffd6c0> CORE::BYTES::UPDATES_IN 4382640
<INFO 7e2c3b7f46c0> CORE::PARTITIONS_PROCESSED 3
<INFO 7e2c3b7f46c0> CORE::BYTES::EDGES_STREAMED 66887100
<INFO 7e2c3b7f46c0> CORE::BYTES::UPDATES_OUT 44591400
<INFO 7e2c3b7f46c0> CORE::BYTES::UPDATES_IN 138770168
<INFO 7e2c3effb6c0> CORE::PARTITIONS_PROCESSED 1
<INFO 7e2c3effb6c0> CORE::BYTES::EDGES_STREAMED 90767856
<INFO 7e2c3effb6c0> CORE::BYTES::UPDATES_OUT 60511904
<INFO 7e2c3effb6c0> CORE::BYTES::UPDATES_IN 13535136
<INFO 7e2c407fe6c0> CORE::PARTITIONS_PROCESSED 2
<INFO 7e2c407fe6c0> CORE::BYTES::EDGES_STREAMED 26886876
<INFO 7e2c407fe6c0> CORE::BYTES::UPDATES_OUT 17924584
<INFO 7e2c407fe6c0> CORE::BYTES::UPDATES_IN 17923336
<INFO 7e2e4368b2c0> CORE::RUSAGE::MAX_RSS_KB 8394156
<INFO 7e2e4368b2c0> CORE::RUSAGE::MINFLT 2097519
<INFO 7e2e4368b2c0> CORE::RUSAGE::MAJFLT 0
<INFO 7e2e4368b2c0> CORE::RUSAGE::MAJFLT 0
<INFO 7e2e4368b2c0> CORE::RUSAGE::INBLK 1572864
<INFO 7e2e4368b2c0> CORE::RUSAGE::OUBLK 65552
<INFO 7e2e4368b2c0> CORE::UTILS::BYTES_READ 805306368
<INFO 7e2e4368b2c0> CORE::UTILS::BYTES_WRITTEN 33554432
<INFO 7e2e4368b2c0> CORE::TIME::IO_WAIT 2.09933 seconds
<INFO 7e2e4368b2c0> CORE::PHASES 2
<INFO 7e2e4368b2c0> CORE::TIME::SETUP 3.57929 seconds
<INFO 7e2e4368b2c0> CORE::TIME::STATE_ITER 0.041997 seconds
<INFO 7e2e4368b2c0> CORE::TIME::GATHER 0.237003 seconds
<INFO 7e2e4368b2c0> CORE::TIME::SCATTER 2.534 seconds
<INFO 7e2e4368b2c0> TIME_IN_PC_FN 0.243625 seconds
<INFO 7e2e4368b2c0> CORE::TIME::WALL 6.54418 seconds
<INFO 7e2e4368b2c0> SHUTDOWN
