<INFO 7e67f18cc2c0> STARTUP
<INFO 7e67f18cc2c0> CORE::GRAPH rmat_s22_e67
<INFO 7e67f18cc2c0> CORE::ALGORITHM spmv
<INFO 7e67f18cc2c0> SG-DRIVER-ORIGINAL
<WARNING 7e67f18cc2c0> Disk count not specified, assuming it to be 1
<INFO 7e67f18cc2c0> CORE::CONFIG::PROCESSORS 8
<INFO 7e67f18cc2c0> CORE::CONFIG::PHYSICAL_MEMORY 8589934592
<INFO 7e67f18cc2c0> CORE::CONFIG::VERTICES 4194304
<INFO 7e67f18cc2c0> CORE::CONFIG::VERTEX_SIZE 8
<INFO 7e67f18cc2c0> CORE::CONFIG::VERTEX_BUFFER 33554432
<INFO 7e67f18cc2c0> CORE::CONFIG::EDGES 67108864
<INFO 7e67f18cc2c0> CORE::CONFIG::PARTITIONS 32
<INFO 7e67f18cc2c0> CORE::CONFIG::FANOUT 32
<INFO 7e67f18cc2c0> CORE::CONFIG::SUPER_PARTITIONS 1
<INFO 7e67f18cc2c0> CORE::CONFIG::STREAM_UNIT 16777216
<INFO 7e67f18cc2c0> CORE::CONFIG::BUFFER_SIZE 1707915635
<INFO 7e67f18cc2c0> CORE::CONFIG::IO_NUMIOQS 1
<INFO 7e67f18cc2c0> CORE::CONFIG::MAX_BUFFERS 4
<INFO 7e67f18cc2c0> CORE::CONFIG::MAX_STREAMS 5
<WARNING 7e67f18cc2c0> No mount point specified for disk0, falling back to current directory
my size is 805306368
<INFO 7e67f18cc2c0> CORE::PARTITIONS_PROCESSED 2
<INFO 7e67f18cc2c0> CORE::BYTES::EDGES_STREAMED 63968928
<INFO 7e67f18cc2c0> CORE::BYTES::UPDATES_OUT 42645952
<INFO 7e67f18cc2c0> CORE::BYTES::UPDATES_IN 56141024
<INFO 7e65ef1ff6c0> CORE::PARTITIONS_PROCESSED 3
<INFO 7e65ef1ff6c0> CORE::BYTES::EDGES_STREAMED 67441068
<INFO 7e65ef1ff6c0> CORE::BYTES::UPDATES_OUT 44960712
<INFO 7e65ef1ff6c0> CORE::BYTES::UPDATES_IN 31440176
<INFO 7e65f02016c0> CORE::PARTITIONS_PROCESSED 4
<INFO 7e65f0a026c0> CORE::PARTITIONS_PROCESSED 3
<INFO 7e65f02016c0> CORE::BYTES::EDGES_STREAMED 90786672
<INFO 7e65f02016c0> CORE::BYTES::UPDATES_OUT 60524448
<INFO 7e65ee1fd6c0> CORE::PARTITIONS_PROCESSED 5
<INFO 7e65efa006c0> CORE::PARTITIONS_PROCESSED 5
<INFO 7e65f0a026c0> CORE::BYTES::EDGES_STREAMED 70481196
<INFO 7e65ed9fc6c0> CORE::PARTITIONS_PROCESSED 5
<INFO 7e65f02016c0> CORE::BYTES::UPDATES_IN 74047880
<INFO 7e65f0a026c0> CORE::BYTES::UPDATES_OUT 46987464
<INFO 7e65ee9fe6c0> CORE::PARTITIONS_PROCESSED 5
<INFO 7e65ee1fd6c0> CORE::BYTES::EDGES_STREAMED 76193400
<INFO 7e65ed9fc6c0> CORE::BYTES::EDGES_STREAMED 95964564
<INFO 7e65ee1fd6c0> CORE::BYTES::UPDATES_OUT 50795600
<INFO 7e65efa006c0> CORE::BYTES::EDGES_STREAMED 99563424
<INFO 7e65ed9fc6c0> CORE::BYTES::UPDATES_OUT 63976376
<INFO 7e65efa006c0> CORE::BYTES::UPDATES_OUT 66375616
<INFO 7e65f0a026c0> CORE::BYTES::UPDATES_IN 31431048
<INFO 7e65efa006c0> CORE::BYTES::UPDATES_IN 66399608
<INFO 7e65ed9fc6c0> CORE::BYTES::UPDATES_IN 50436976
<INFO 7e65ee9fe6c0> CORE::BYTES::EDGES_STREAMED 240907116
<INFO 7e65ee9fe6c0> CORE::BYTES::UPDATES_OUT 160604744
<INFO 7e65ee9fe6c0> CORE::BYTES::UPDATES_IN 160580592
<INFO 7e65ee1fd6c0> CORE::BYTES::UPDATES_IN 66393608
<INFO 7e67f18cc2c0> CORE::RUSAGE::MAX_RSS_KB 8393752
<INFO 7e67f18cc2c0> CORE::RUSAGE::MINFLT 2097455
<INFO 7e67f18cc2c0> CORE::RUSAGE::MAJFLT 0
<INFO 7e67f18cc2c0> CORE::RUSAGE::MAJFLT 0
<INFO 7e67f18cc2c0> CORE::RUSAGE::INBLK 1572864
<INFO 7e67f18cc2c0> CORE::RUSAGE::OUBLK 65544
<INFO 7e67f18cc2c0> CORE::UTILS::BYTES_READ 805306368
<INFO 7e67f18cc2c0> CORE::UTILS::BYTES_WRITTEN 33554432
<INFO 7e67f18cc2c0> CORE::TIME::IO_WAIT 1.91364 seconds
<INFO 7e67f18cc2c0> CORE::PHASES 2
<INFO 7e67f18cc2c0> CORE::TIME::SETUP 3.57422 seconds
<INFO 7e67f18cc2c0> CORE::TIME::STATE_ITER 0.038969 seconds
<INFO 7e67f18cc2c0> CORE::TIME::GATHER 0.179001 seconds
<INFO 7e67f18cc2c0> CORE::TIME::SCATTER 2.11863 seconds
<INFO 7e67f18cc2c0> TIME_IN_PC_FN 0.083324 seconds
<INFO 7e67f18cc2c0> CORE::TIME::WALL 6.00198 seconds
<INFO 7e67f18cc2c0> SHUTDOWN
