<INFO 7e59657072c0> STARTUP
<INFO 7e59657072c0> CORE::GRAPH rmat_s22_e67
<INFO 7e59657072c0> CORE::ALGORITHM pagerank
<INFO 7e59657072c0> SG-DRIVER-ORIGINAL
<WARNING 7e59657072c0> Disk count not specified, assuming it to be 1
<INFO 7e59657072c0> CORE::CONFIG::PROCESSORS 2
<INFO 7e59657072c0> CORE::CONFIG::PHYSICAL_MEMORY 8589934592
<INFO 7e59657072c0> CORE::CONFIG::VERTICES 4194304
<INFO 7e59657072c0> CORE::CONFIG::VERTEX_SIZE 12
<INFO 7e59657072c0> CORE::CONFIG::VERTEX_BUFFER 50331648
<INFO 7e59657072c0> CORE::CONFIG::EDGES 67108864
<INFO 7e59657072c0> CORE::CONFIG::PARTITIONS 32
<INFO 7e59657072c0> CORE::CONFIG::FANOUT 32
<INFO 7e59657072c0> CORE::CONFIG::SUPER_PARTITIONS 1
<INFO 7e59657072c0> CORE::CONFIG::STREAM_UNIT 16777216
<INFO 7e59657072c0> CORE::CONFIG::BUFFER_SIZE 1704560278
<INFO 7e59657072c0> CORE::CONFIG::IO_NUMIOQS 1
<INFO 7e59657072c0> CORE::CONFIG::MAX_BUFFERS 4
<INFO 7e59657072c0> CORE::CONFIG::MAX_STREAMS 5
<WARNING 7e59657072c0> No mount point specified for disk0, falling back to current directory
my size is 805306368
<INFO 7e59657072c0> CORE::PARTITIONS_PROCESSED 260
<INFO 7e59657072c0> CORE::BYTES::EDGES_STREAMED 9321781248
<INFO 7e59657072c0> CORE::BYTES::UPDATES_OUT 5892261464
<INFO 7e59657072c0> CORE::BYTES::UPDATES_IN 4290183680
<INFO 7e57648016c0> CORE::PARTITIONS_PROCESSED 380
<INFO 7e57648016c0> CORE::BYTES::EDGES_STREAMED 8394958848
<INFO 7e57648016c0> CORE::BYTES::UPDATES_OUT 5382027688
<INFO 7e57648016c0> CORE::BYTES::UPDATES_IN 6447234560
<INFO 7e59657072c0> CORE::RUSAGE::MAX_RSS_KB 8393852
<INFO 7e59657072c0> CORE::RUSAGE::MINFLT 2097404
<INFO 7e59657072c0> CORE::RUSAGE::MAJFLT 0
<INFO 7e59657072c0> CORE::RUSAGE::MAJFLT 0
<INFO 7e59657072c0> CORE::RUSAGE::INBLK 1572864
<INFO 7e59657072c0> CORE::RUSAGE::OUBLK 98312
<INFO 7e59657072c0> CORE::UTILS::BYTES_READ 805306368
<INFO 7e59657072c0> CORE::UTILS::BYTES_WRITTEN 50331648
<INFO 7e59657072c0> CORE::TIME::IO_WAIT 2.1406 seconds
<INFO 7e59657072c0> CORE::PHASES 22
<INFO 7e59657072c0> CORE::TIME::SETUP 3.56704 seconds
<INFO 7e59657072c0> CORE::TIME::STATE_ITER 0.346631 seconds
<INFO 7e59657072c0> CORE::TIME::GATHER 4.60916 seconds
<INFO 7e59657072c0> CORE::TIME::SCATTER 6.19055 seconds
<INFO 7e59657072c0> TIME_IN_PC_FN 4.38346 seconds
<INFO 7e59657072c0> CORE::TIME::WALL 14.8146 seconds
<INFO 7e59657072c0> SHUTDOWN
