<INFO 78d35eef72c0> STARTUP
<INFO 78d35eef72c0> CORE::GRAPH rmat_s22_e67
<INFO 78d35eef72c0> CORE::ALGORITHM pagerank
<INFO 78d35eef72c0> SG-DRIVER-ORIGINAL
<WARNING 78d35eef72c0> Disk count not specified, assuming it to be 1
<INFO 78d35eef72c0> CORE::CONFIG::PROCESSORS 8
<INFO 78d35eef72c0> CORE::CONFIG::PHYSICAL_MEMORY 8589934592
<INFO 78d35eef72c0> CORE::CONFIG::VERTICES 4194304
<INFO 78d35eef72c0> CORE::CONFIG::VERTEX_SIZE 12
<INFO 78d35eef72c0> CORE::CONFIG::VERTEX_BUFFER 50331648
<INFO 78d35eef72c0> CORE::CONFIG::EDGES 67108864
<INFO 78d35eef72c0> CORE::CONFIG::PARTITIONS 32
<INFO 78d35eef72c0> CORE::CONFIG::FANOUT 32
<INFO 78d35eef72c0> CORE::CONFIG::SUPER_PARTITIONS 1
<INFO 78d35eef72c0> CORE::CONFIG::STREAM_UNIT 16777216
<INFO 78d35eef72c0> CORE::CONFIG::BUFFER_SIZE 1704560192
<INFO 78d35eef72c0> CORE::CONFIG::IO_NUMIOQS 1
<INFO 78d35eef72c0> CORE::CONFIG::MAX_BUFFERS 4
<INFO 78d35eef72c0> CORE::CONFIG::MAX_STREAMS 5
<WARNING 78d35eef72c0> No mount point specified for disk0, falling back to current directory
my size is 805306368
<INFO 78d35eef72c0> CORE::PARTITIONS_PROCESSED 40
<INFO 78d35eef72c0> CORE::BYTES::EDGES_STREAMED 1568054004
<INFO 78d35eef72c0> CORE::BYTES::UPDATES_OUT 998351104
<INFO 78d35eef72c0> CORE::BYTES::UPDATES_IN 1122820480
<INFO 78d15c7fe6c0> CORE::PARTITIONS_PROCESSED 60
<INFO 78d15cfff6c0> CORE::PARTITIONS_PROCESSED 100
<INFO 78d15e0016c0> CORE::PARTITIONS_PROCESSED 80
<INFO 78d15c7fe6c0> CORE::BYTES::EDGES_STREAMED 1751511240
<INFO 78d15b7fc6c0> CORE::PARTITIONS_PROCESSED 100
<INFO 78d15c7fe6c0> CORE::BYTES::UPDATES_OUT 1111561440
<INFO 78d15e0016c0> CORE::BYTES::EDGES_STREAMED 1811205444
<INFO 78d15cfff6c0> CORE::BYTES::EDGES_STREAMED 2014745088
<INFO 78d15d8006c0> CORE::PARTITIONS_PROCESSED 60
<INFO 78d15bffd6c0> CORE::PARTITIONS_PROCESSED 100
<INFO 78d15affb6c0> CORE::PARTITIONS_PROCESSED 100
<INFO 78d15c7fe6c0> CORE::BYTES::UPDATES_IN 628803520
<INFO 78d15bffd6c0> CORE::BYTES::EDGES_STREAMED 3099423624
<INFO 78d15cfff6c0> CORE::BYTES::UPDATES_OUT 1301463328
<INFO 78d15affb6c0> CORE::BYTES::EDGES_STREAMED 1947691176
<INFO 78d15affb6c0> CORE::BYTES::UPDATES_OUT 1234484408
<INFO 78d15bffd6c0> CORE::BYTES::UPDATES_OUT 1905677672
<INFO 78d15e0016c0> CORE::BYTES::UPDATES_OUT 1151338248
<INFO 78d15cfff6c0> CORE::BYTES::UPDATES_IN 1327992160
<INFO 78d15bffd6c0> CORE::BYTES::UPDATES_IN 2269630240
<INFO 78d15e0016c0> CORE::BYTES::UPDATES_IN 1481172800
<INFO 78d15affb6c0> CORE::BYTES::UPDATES_IN 1008739520
<INFO 78d15d8006c0> CORE::BYTES::EDGES_STREAMED 1825116252
<INFO 78d15d8006c0> CORE::BYTES::UPDATES_OUT 1160607208
<INFO 78d15d8006c0> CORE::BYTES::UPDATES_IN 628405760
<INFO 78d15b7fc6c0> CORE::BYTES::EDGES_STREAMED 3698993268
<INFO 78d15b7fc6c0> CORE::BYTES::UPDATES_OUT 2410805744
<INFO 78d15b7fc6c0> CORE::BYTES::UPDATES_IN 2269853760
<INFO 78d35eef72c0> CORE::RUSAGE::MAX_RSS_KB 8393928
<INFO 78d35eef72c0> CORE::RUSAGE::MINFLT 2097457
<INFO 78d35eef72c0> CORE::RUSAGE::MAJFLT 0
<INFO 78d35eef72c0> CORE::RUSAGE::MAJFLT 0
<INFO 78d35eef72c0> CORE::RUSAGE::INBLK 1572864
<INFO 78d35eef72c0> CORE::RUSAGE::OUBLK 98312
<INFO 78d35eef72c0> CORE::UTILS::BYTES_READ 805306368
<INFO 78d35eef72c0> CORE::UTILS::BYTES_WRITTEN 50331648
<INFO 78d35eef72c0> CORE::TIME::IO_WAIT 1.91835 seconds
<INFO 78d35eef72c0> CORE::PHASES 22
<INFO 78d35eef72c0> CORE::TIME::SETUP 3.47747 seconds
<INFO 78d35eef72c0> CORE::TIME::STATE_ITER 0.848358 seconds
<INFO 78d35eef72c0> CORE::TIME::GATHER 3.96549 seconds
<INFO 78d35eef72c0> CORE::TIME::SCATTER 5.78493 seconds
<INFO 78d35eef72c0> TIME_IN_PC_FN 2.30592 seconds
<INFO 78d35eef72c0> CORE::TIME::WALL 14.1698 seconds
<INFO 78d35eef72c0> SHUTDOWN
