<INFO 79a5da8d62c0> STARTUP
<INFO 79a5da8d62c0> CORE::GRAPH rmat_s22_e67_sym
<INFO 79a5da8d62c0> CORE::ALGORITHM cc
<INFO 79a5da8d62c0> SG-DRIVER-ORIGINAL
<WARNING 79a5da8d62c0> Disk count not specified, assuming it to be 1
<INFO 79a5da8d62c0> CORE::CONFIG::PROCESSORS 2
<INFO 79a5da8d62c0> CORE::CONFIG::PHYSICAL_MEMORY 8589934592
<INFO 79a5da8d62c0> CORE::CONFIG::VERTICES 4194304
<INFO 79a5da8d62c0> CORE::CONFIG::VERTEX_SIZE 13
<INFO 79a5da8d62c0> CORE::CONFIG::VERTEX_BUFFER 54525952
<INFO 79a5da8d62c0> CORE::CONFIG::EDGES 134217728
<INFO 79a5da8d62c0> CORE::CONFIG::PARTITIONS 128
<INFO 79a5da8d62c0> CORE::CONFIG::FANOUT 128
<INFO 79a5da8d62c0> CORE::CONFIG::SUPER_PARTITIONS 1
<INFO 79a5da8d62c0> CORE::CONFIG::STREAM_UNIT 16777216
<INFO 79a5da8d62c0> CORE::CONFIG::BUFFER_SIZE 1703720035
<INFO 79a5da8d62c0> CORE::CONFIG::IO_NUMIOQS 1
<INFO 79a5da8d62c0> CORE::CONFIG::MAX_BUFFERS 4
<INFO 79a5da8d62c0> CORE::CONFIG::MAX_STREAMS 5
<WARNING 79a5da8d62c0> No mount point specified for disk0, falling back to current directory
my size is 1610612736
<INFO 79a5da8d62c0> ALGORITHM::CC::CC_COUNT 1729356
<INFO 79a5da8d62c0> CORE::PARTITIONS_PROCESSED 270
<INFO 79a5da8d62c0> CORE::BYTES::EDGES_STREAMED 4085885520
<INFO 79a5da8d62c0> CORE::BYTES::UPDATES_OUT 1283005968
<INFO 79a5da8d62c0> CORE::BYTES::UPDATES_IN 1377133688
<INFO 79a3d9a026c0> CORE::PARTITIONS_PROCESSED 371
<INFO 79a3d9a026c0> CORE::BYTES::EDGES_STREAMED 3625883184
<INFO 79a3d9a026c0> CORE::BYTES::UPDATES_OUT 1204192104
<INFO 79a3d9a026c0> CORE::BYTES::UPDATES_IN 1110064384
<INFO 79a5da8d62c0> CORE::RUSAGE::MAX_RSS_KB 8393672
<INFO 79a5da8d62c0> CORE::RUSAGE::MINFLT 2097405
<INFO 79a5da8d62c0> CORE::RUSAGE::MAJFLT 0
<INFO 79a5da8d62c0> CORE::RUSAGE::MAJFLT 0
<INFO 79a5da8d62c0> CORE::RUSAGE::INBLK 3145728
<INFO 79a5da8d62c0> CORE::RUSAGE::OUBLK 106504
<INFO 79a5da8d62c0> CORE::UTILS::BYTES_READ 1610612736
<INFO 79a5da8d62c0> CORE::UTILS::BYTES_WRITTEN 54525952
<INFO 79a5da8d62c0> CORE::TIME::IO_WAIT 3.39615 seconds
<INFO 79a5da8d62c0> CORE::PHASES 7
<INFO 79a5da8d62c0> CORE::TIME::SETUP 3.57342 seconds
<INFO 79a5da8d62c0> CORE::TIME::STATE_ITER 0.021037 seconds
<INFO 79a5da8d62c0> CORE::TIME::GATHER 1.03053 seconds
<INFO 79a5da8d62c0> CORE::TIME::SCATTER 4.85267 seconds
<INFO 79a5da8d62c0> TIME_IN_PC_FN 1.31885 seconds
<INFO 79a5da8d62c0> CORE::TIME::WALL 9.59047 seconds
<INFO 79a5da8d62c0> SHUTDOWN
