<INFO 7b762ab1f2c0> STARTUP
<INFO 7b762ab1f2c0> CORE::GRAPH rmat_s22_e67_sym
<INFO 7b762ab1f2c0> CORE::ALGORITHM cc
<INFO 7b762ab1f2c0> SG-DRIVER-ORIGINAL
<WARNING 7b762ab1f2c0> Disk count not specified, assuming it to be 1
<INFO 7b762ab1f2c0> CORE::CONFIG::PROCESSORS 4
<INFO 7b762ab1f2c0> CORE::CONFIG::PHYSICAL_MEMORY 8589934592
<INFO 7b762ab1f2c0> CORE::CONFIG::VERTICES 4194304
<INFO 7b762ab1f2c0> CORE::CONFIG::VERTEX_SIZE 13
<INFO 7b762ab1f2c0> CORE::CONFIG::VERTEX_BUFFER 54525952
<INFO 7b762ab1f2c0> CORE::CONFIG::EDGES 134217728
<INFO 7b762ab1f2c0> CORE::CONFIG::PARTITIONS 128
<INFO 7b762ab1f2c0> CORE::CONFIG::FANOUT 128
<INFO 7b762ab1f2c0> CORE::CONFIG::SUPER_PARTITIONS 1
<INFO 7b762ab1f2c0> CORE::CONFIG::STREAM_UNIT 16777216
<INFO 7b762ab1f2c0> CORE::CONFIG::BUFFER_SIZE 1703720006
<INFO 7b762ab1f2c0> CORE::CONFIG::IO_NUMIOQS 1
<INFO 7b762ab1f2c0> CORE::CONFIG::MAX_BUFFERS 4
<INFO 7b762ab1f2c0> CORE::CONFIG::MAX_STREAMS 5
<WARNING 7b762ab1f2c0> No mount point specified for disk0, falling back to current directory
my size is 1610612736
<INFO 7b762ab1f2c0> ALGORITHM::CC::CC_COUNT 1729356
<INFO 7b762ab1f2c0> CORE::PARTITIONS_PROCESSED 108
<INFO 7b762ab1f2c0> CORE::BYTES::EDGES_STREAMED 2212097448
<INFO 7b762ab1f2c0> CORE::BYTES::UPDATES_OUT 684931632
<INFO 7b762ab1f2c0> CORE::BYTES::UPDATES_IN 699932240
<INFO 7b7428c006c0> CORE::PARTITIONS_PROCESSED 200
<INFO 7b7428c006c0> CORE::BYTES::EDGES_STREAMED 1830213972
<INFO 7b7429c026c0> CORE::PARTITIONS_PROCESSED 165
<INFO 7b7429c026c0> CORE::BYTES::EDGES_STREAMED 1836379116
<INFO 7b7428c006c0> CORE::BYTES::UPDATES_OUT 583077568
<INFO 7b74294016c0> CORE::PARTITIONS_PROCESSED 168
<INFO 7b74294016c0> CORE::BYTES::EDGES_STREAMED 1833078168
<INFO 7b74294016c0> CORE::BYTES::UPDATES_OUT 608393632
<INFO 7b7428c006c0> CORE::BYTES::UPDATES_IN 507393416
<INFO 7b74294016c0> CORE::BYTES::UPDATES_IN 567109552
<INFO 7b7429c026c0> CORE::BYTES::UPDATES_OUT 610795240
<INFO 7b7429c026c0> CORE::BYTES::UPDATES_IN 712762864
<INFO 7b762ab1f2c0> CORE::RUSAGE::MAX_RSS_KB 8393760
<INFO 7b762ab1f2c0> CORE::RUSAGE::MINFLT 2097424
<INFO 7b762ab1f2c0> CORE::RUSAGE::MAJFLT 0
<INFO 7b762ab1f2c0> CORE::RUSAGE::MAJFLT 0
<INFO 7b762ab1f2c0> CORE::RUSAGE::INBLK 3145728
<INFO 7b762ab1f2c0> CORE::RUSAGE::OUBLK 106504
<INFO 7b762ab1f2c0> CORE::UTILS::BYTES_READ 1610612736
<INFO 7b762ab1f2c0> CORE::UTILS::BYTES_WRITTEN 54525952
<INFO 7b762ab1f2c0> CORE::TIME::IO_WAIT 3.39419 seconds
<INFO 7b762ab1f2c0> CORE::PHASES 7
<INFO 7b762ab1f2c0> CORE::TIME::SETUP 3.58181 seconds
<INFO 7b762ab1f2c0> CORE::TIME::STATE_ITER 0.010963 seconds
<INFO 7b762ab1f2c0> CORE::TIME::GATHER 0.724385 seconds
<INFO 7b762ab1f2c0> CORE::TIME::SCATTER 4.28435 seconds
<INFO 7b762ab1f2c0> TIME_IN_PC_FN 0.749498 seconds
<INFO 7b762ab1f2c0> CORE::TIME::WALL 8.70904 seconds
<INFO 7b762ab1f2c0> SHUTDOWN
