<INFO 7d7f0fd412c0> STARTUP
<INFO 7d7f0fd412c0> CORE::GRAPH rmat_s22_e67
<INFO 7d7f0fd412c0> CORE::ALGORITHM pagerank
<INFO 7d7f0fd412c0> SG-DRIVER-ORIGINAL
<WARNING 7d7f0fd412c0> Disk count not specified, assuming it to be 1
<INFO 7d7f0fd412c0> CORE::CONFIG::PROCESSORS 16
<INFO 7d7f0fd412c0> CORE::CONFIG::PHYSICAL_MEMORY 8589934592
<INFO 7d7f0fd412c0> CORE::CONFIG::VERTICES 4194304
<INFO 7d7f0fd412c0> CORE::CONFIG::VERTEX_SIZE 12
<INFO 7d7f0fd412c0> CORE::CONFIG::VERTEX_BUFFER 50331648
<INFO 7d7f0fd412c0> CORE::CONFIG::EDGES 67108864
<INFO 7d7f0fd412c0> CORE::CONFIG::PARTITIONS 32
<INFO 7d7f0fd412c0> CORE::CONFIG::FANOUT 32
<INFO 7d7f0fd412c0> CORE::CONFIG::SUPER_PARTITIONS 1
<INFO 7d7f0fd412c0> CORE::CONFIG::STREAM_UNIT 16777216
<INFO 7d7f0fd412c0> CORE::CONFIG::BUFFER_SIZE 1704560076
<INFO 7d7f0fd412c0> CORE::CONFIG::IO_NUMIOQS 1
<INFO 7d7f0fd412c0> CORE::CONFIG::MAX_BUFFERS 4
<INFO 7d7f0fd412c0> CORE::CONFIG::MAX_STREAMS 5
<WARNING 7d7f0fd412c0> No mount point specified for disk0, falling back to current directory
my size is 805306368
<INFO 7d7f0fd412c0> CORE::PARTITIONS_PROCESSED 20
<INFO 7d7f0fd412c0> CORE::BYTES::EDGES_STREAMED 3809523036
<INFO 7d7f0fd412c0> CORE::BYTES::UPDATES_OUT 2497028656
<INFO 7d7f0fd412c0> CORE::BYTES::UPDATES_IN 853290400
<INFO 7d7d08df56c0> CORE::PARTITIONS_PROCESSED 60
<INFO 7d7d0bdfb6c0> CORE::PARTITIONS_PROCESSED 60
<INFO 7d7d0adf96c0> CORE::PARTITIONS_PROCESSED 40
<INFO 7d7d08df56c0> CORE::BYTES::EDGES_STREAMED 1336771560
<INFO 7d7d08df56c0> CORE::BYTES::UPDATES_OUT 842740768
<INFO 7d7d0ddff6c0> CORE::PARTITIONS_PROCESSED 40
<INFO 7d7d0d5fe6c0> CORE::PARTITIONS_PROCESSED 20
<INFO 7d7d0d5fe6c0> CORE::BYTES::EDGES_STREAMED 1170812712
<INFO 7d7d0d5fe6c0> CORE::BYTES::UPDATES_OUT 737943856
<INFO 7d7d0d5fe6c0> CORE::BYTES::UPDATES_IN 270532160
<INFO 7d7d0bdfb6c0> CORE::BYTES::EDGES_STREAMED 1163581248
<INFO 7d7d08df56c0> CORE::BYTES::UPDATES_IN 969025856
<INFO 7d7d0a5f86c0> CORE::PARTITIONS_PROCESSED 40
<INFO 7d7d0ddff6c0> CORE::BYTES::EDGES_STREAMED 579799680
<INFO 7d7d0a5f86c0> CORE::BYTES::EDGES_STREAMED 545353908
<INFO 7d7d095f66c0> CORE::PARTITIONS_PROCESSED 40
<INFO 7d7d09df76c0> CORE::PARTITIONS_PROCESSED 60
<INFO 7d7d095f66c0> CORE::BYTES::EDGES_STREAMED 552716700
<INFO 7d7d095f66c0> CORE::BYTES::UPDATES_OUT 354926872
<INFO 7d7d095f66c0> CORE::BYTES::UPDATES_IN 387365760
<INFO 7d7d0cdfd6c0> CORE::PARTITIONS_PROCESSED 40
<INFO 7d7d0cdfd6c0> CORE::BYTES::EDGES_STREAMED 545627592
<INFO 7d7d0ddff6c0> CORE::BYTES::UPDATES_OUT 355064488
<INFO 7d7d0a5f86c0> CORE::BYTES::UPDATES_OUT 345652216
<INFO 7d7d0cdfd6c0> CORE::BYTES::UPDATES_OUT 345827144
<INFO 7d7d09df76c0> CORE::BYTES::EDGES_STREAMED 791902464
<INFO 7d7d0e6006c0> CORE::PARTITIONS_PROCESSED 20
<INFO 7d7d0bdfb6c0> CORE::BYTES::UPDATES_OUT 756335856
<INFO 7d7d0e6006c0> CORE::BYTES::EDGES_STREAMED 559936416
<INFO 7d7d0bdfb6c0> CORE::BYTES::UPDATES_IN 968825760
<INFO 7d7d085f46c0> CORE::PARTITIONS_PROCESSED 60
<INFO 7d7d07df36c0> CORE::PARTITIONS_PROCESSED 60
<INFO 7d7d0adf96c0> CORE::BYTES::EDGES_STREAMED 571089852
<INFO 7d7d0ee016c0> CORE::PARTITIONS_PROCESSED 20
<INFO 7d7d0cdfd6c0> CORE::BYTES::UPDATES_IN 358466720
<INFO 7d7d0ee016c0> CORE::BYTES::EDGES_STREAMED 1050297984
<INFO 7d7d0a5f86c0> CORE::BYTES::UPDATES_IN 357707680
<INFO 7d7d0ddff6c0> CORE::BYTES::UPDATES_IN 359105440
<INFO 7d7d09df76c0> CORE::BYTES::UPDATES_OUT 513360304
<INFO 7d7d0e6006c0> CORE::BYTES::UPDATES_OUT 359761376
<INFO 7d7d0e6006c0> CORE::BYTES::UPDATES_IN 270698080
<INFO 7d7d085f46c0> CORE::BYTES::EDGES_STREAMED 1380162216
<INFO 7d7d085f46c0> CORE::BYTES::UPDATES_OUT 871674280
<INFO 7d7d085f46c0> CORE::BYTES::UPDATES_IN 969028104
<INFO 7d7d0b5fa6c0> CORE::PARTITIONS_PROCESSED 20
<INFO 7d7d0adf96c0> CORE::BYTES::UPDATES_OUT 367203024
<INFO 7d7d0c5fc6c0> CORE::PARTITIONS_PROCESSED 40
<INFO 7d7d07df36c0> CORE::BYTES::EDGES_STREAMED 2177975580
<INFO 7d7d0b5fa6c0> CORE::BYTES::EDGES_STREAMED 916231476
<INFO 7d7d0b5fa6c0> CORE::BYTES::UPDATES_OUT 568175032
<INFO 7d7d0b5fa6c0> CORE::BYTES::UPDATES_IN 270702720
<INFO 7d7d07df36c0> CORE::BYTES::UPDATES_OUT 1313197736
<INFO 7d7d07df36c0> CORE::BYTES::UPDATES_IN 2775403360
<INFO 7d7d09df76c0> CORE::BYTES::UPDATES_IN 940131000
<INFO 7d7d0c5fc6c0> CORE::BYTES::EDGES_STREAMED 564957672
<INFO 7d7d0c5fc6c0> CORE::BYTES::UPDATES_OUT 358722872
<INFO 7d7d0c5fc6c0> CORE::BYTES::UPDATES_IN 358514240
<INFO 7d7d0adf96c0> CORE::BYTES::UPDATES_IN 358125920
<INFO 7d7d0ee016c0> CORE::BYTES::UPDATES_OUT 686674672
<INFO 7d7d0ee016c0> CORE::BYTES::UPDATES_IN 270495040
<INFO 7d7f0fd412c0> CORE::RUSAGE::MAX_RSS_KB 8394032
<INFO 7d7f0fd412c0> CORE::RUSAGE::MINFLT 2097519
<INFO 7d7f0fd412c0> CORE::RUSAGE::MAJFLT 0
<INFO 7d7f0fd412c0> CORE::RUSAGE::MAJFLT 0
<INFO 7d7f0fd412c0> CORE::RUSAGE::INBLK 1572864
<INFO 7d7f0fd412c0> CORE::RUSAGE::OUBLK 98320
<INFO 7d7f0fd412c0> CORE::UTILS::BYTES_READ 805306368
<INFO 7d7f0fd412c0> CORE::UTILS::BYTES_WRITTEN 50331648
<INFO 7d7f0fd412c0> CORE::TIME::IO_WAIT 1.93407 seconds
<INFO 7d7f0fd412c0> CORE::PHASES 22
<INFO 7d7f0fd412c0> CORE::TIME::SETUP 3.47594 seconds
<INFO 7d7f0fd412c0> CORE::TIME::STATE_ITER 0.823498 seconds
<INFO 7d7f0fd412c0> CORE::TIME::GATHER 5.289 seconds
<INFO 7d7f0fd412c0> CORE::TIME::SCATTER 8.82501 seconds
<INFO 7d7f0fd412c0> TIME_IN_PC_FN 6.03587 seconds
<INFO 7d7f0fd412c0> CORE::TIME::WALL 18.9443 seconds
<INFO 7d7f0fd412c0> SHUTDOWN
