<INFO 70ed94cf02c0> STARTUP
<INFO 70ed94cf02c0> CORE::GRAPH rmat_s22_e67_sym
<INFO 70ed94cf02c0> CORE::ALGORITHM cc
<INFO 70ed94cf02c0> SG-DRIVER-ORIGINAL
<WARNING 70ed94cf02c0> Disk count not specified, assuming it to be 1
<INFO 70ed94cf02c0> CORE::CONFIG::PROCESSORS 2
<INFO 70ed94cf02c0> CORE::CONFIG::PHYSICAL_MEMORY 8589934592
<INFO 70ed94cf02c0> CORE::CONFIG::VERTICES 4194304
<INFO 70ed94cf02c0> CORE::CONFIG::VERTEX_SIZE 13
<INFO 70ed94cf02c0> CORE::CONFIG::VERTEX_BUFFER 54525952
<INFO 70ed94cf02c0> CORE::CONFIG::EDGES 134217728
<INFO 70ed94cf02c0> CORE::CONFIG::PARTITIONS 128
<INFO 70ed94cf02c0> CORE::CONFIG::FANOUT 128
<INFO 70ed94cf02c0> CORE::CONFIG::SUPER_PARTITIONS 1
<INFO 70ed94cf02c0> CORE::CONFIG::STREAM_UNIT 16777216
<INFO 70ed94cf02c0> CORE::CONFIG::BUFFER_SIZE 1703720035
<INFO 70ed94cf02c0> CORE::CONFIG::IO_NUMIOQS 1
<INFO 70ed94cf02c0> CORE::CONFIG::MAX_BUFFERS 4
<INFO 70ed94cf02c0> CORE::CONFIG::MAX_STREAMS 5
<WARNING 70ed94cf02c0> No mount point specified for disk0, falling back to current directory
my size is 1610612736
<INFO 70ed94cf02c0> ALGORITHM::CC::CC_COUNT 1729356
<INFO 70ed94cf02c0> CORE::PARTITIONS_PROCESSED 274
<INFO 70ed94cf02c0> CORE::BYTES::EDGES_STREAMED 4108674996
<INFO 70ed94cf02c0> CORE::BYTES::UPDATES_OUT 1286262528
<INFO 70ed94cf02c0> CORE::BYTES::UPDATES_IN 1295535128
<INFO 70eb93e026c0> CORE::PARTITIONS_PROCESSED 367
<INFO 70eb93e026c0> CORE::BYTES::EDGES_STREAMED 3603093708
<INFO 70eb93e026c0> CORE::BYTES::UPDATES_OUT 1200935544
<INFO 70eb93e026c0> CORE::BYTES::UPDATES_IN 1191662944
<INFO 70ed94cf02c0> CORE::RUSAGE::MAX_RSS_KB 8394028
<INFO 70ed94cf02c0> CORE::RUSAGE::MINFLT 2097403
<INFO 70ed94cf02c0> CORE::RUSAGE::MAJFLT 0
<INFO 70ed94cf02c0> CORE::RUSAGE::MAJFLT 0
<INFO 70ed94cf02c0> CORE::RUSAGE::INBLK 3145728
<INFO 70ed94cf02c0> CORE::RUSAGE::OUBLK 106504
<INFO 70ed94cf02c0> CORE::UTILS::BYTES_READ 1610612736
<INFO 70ed94cf02c0> CORE::UTILS::BYTES_WRITTEN 54525952
<INFO 70ed94cf02c0> CORE::TIME::IO_WAIT 5.266 seconds
<INFO 70ed94cf02c0> CORE::PHASES 7
<INFO 70ed94cf02c0> CORE::TIME::SETUP 3.57916 seconds
<INFO 70ed94cf02c0> CORE::TIME::STATE_ITER 0.02067 seconds
<INFO 70ed94cf02c0> CORE::TIME::GATHER 1.03982 seconds
<INFO 70ed94cf02c0> CORE::TIME::SCATTER 6.73603 seconds
<INFO 70ed94cf02c0> TIME_IN_PC_FN 1.30877 seconds
<INFO 70ed94cf02c0> CORE::TIME::WALL 11.4857 seconds
<INFO 70ed94cf02c0> SHUTDOWN
