<INFO 764fc932d2c0> STARTUP
<INFO 764fc932d2c0> CORE::GRAPH rmat_s22_e67
<INFO 764fc932d2c0> CORE::ALGORITHM spmv
<INFO 764fc932d2c0> SG-DRIVER-ORIGINAL
<WARNING 764fc932d2c0> Disk count not specified, assuming it to be 1
<INFO 764fc932d2c0> CORE::CONFIG::PROCESSORS 2
<INFO 764fc932d2c0> CORE::CONFIG::PHYSICAL_MEMORY 8589934592
<INFO 764fc932d2c0> CORE::CONFIG::VERTICES 4194304
<INFO 764fc932d2c0> CORE::CONFIG::VERTEX_SIZE 8
<INFO 764fc932d2c0> CORE::CONFIG::VERTEX_BUFFER 33554432
<INFO 764fc932d2c0> CORE::CONFIG::EDGES 67108864
<INFO 764fc932d2c0> CORE::CONFIG::PARTITIONS 32
<INFO 764fc932d2c0> CORE::CONFIG::FANOUT 32
<INFO 764fc932d2c0> CORE::CONFIG::SUPER_PARTITIONS 1
<INFO 764fc932d2c0> CORE::CONFIG::STREAM_UNIT 16777216
<INFO 764fc932d2c0> CORE::CONFIG::BUFFER_SIZE 1707915721
<INFO 764fc932d2c0> CORE::CONFIG::IO_NUMIOQS 1
<INFO 764fc932d2c0> CORE::CONFIG::MAX_BUFFERS 4
<INFO 764fc932d2c0> CORE::CONFIG::MAX_STREAMS 5
<WARNING 764fc932d2c0> No mount point specified for disk0, falling back to current directory
my size is 805306368
<INFO 764fc932d2c0> CORE::PARTITIONS_PROCESSED 13
<INFO 764fc932d2c0> CORE::BYTES::EDGES_STREAMED 321825024
<INFO 764fc932d2c0> CORE::BYTES::UPDATES_OUT 214550016
<INFO 764fc932d2c0> CORE::BYTES::UPDATES_IN 214509184
<INFO 764dc84026c0> CORE::PARTITIONS_PROCESSED 19
<INFO 764dc84026c0> CORE::BYTES::EDGES_STREAMED 483481344
<INFO 764dc84026c0> CORE::BYTES::UPDATES_OUT 322320896
<INFO 764dc84026c0> CORE::BYTES::UPDATES_IN 322361728
<INFO 764fc932d2c0> CORE::RUSAGE::MAX_RSS_KB 8393760
<INFO 764fc932d2c0> CORE::RUSAGE::MINFLT 2097401
<INFO 764fc932d2c0> CORE::RUSAGE::MAJFLT 0
<INFO 764fc932d2c0> CORE::RUSAGE::MAJFLT 0
<INFO 764fc932d2c0> CORE::RUSAGE::INBLK 1572864
<INFO 764fc932d2c0> CORE::RUSAGE::OUBLK 65544
<INFO 764fc932d2c0> CORE::UTILS::BYTES_READ 805306368
<INFO 764fc932d2c0> CORE::UTILS::BYTES_WRITTEN 33554432
<INFO 764fc932d2c0> CORE::TIME::IO_WAIT 1.89513 seconds
<INFO 764fc932d2c0> CORE::PHASES 2
<INFO 764fc932d2c0> CORE::TIME::SETUP 3.60913 seconds
<INFO 764fc932d2c0> CORE::TIME::STATE_ITER 0.020027 seconds
<INFO 764fc932d2c0> CORE::TIME::GATHER 0.226371 seconds
<INFO 764fc932d2c0> CORE::TIME::SCATTER 2.19918 seconds
<INFO 764fc932d2c0> TIME_IN_PC_FN 0.145226 seconds
<INFO 764fc932d2c0> CORE::TIME::WALL 6.124 seconds
<INFO 764fc932d2c0> SHUTDOWN
