<INFO 7e5ae82d72c0> STARTUP
<INFO 7e5ae82d72c0> CORE::GRAPH rmat_s22_e67
<INFO 7e5ae82d72c0> CORE::ALGORITHM spmv
<INFO 7e5ae82d72c0> SG-DRIVER-ORIGINAL
<WARNING 7e5ae82d72c0> Disk count not specified, assuming it to be 1
<INFO 7e5ae82d72c0> CORE::CONFIG::PROCESSORS 2
<INFO 7e5ae82d72c0> CORE::CONFIG::PHYSICAL_MEMORY 8589934592
<INFO 7e5ae82d72c0> CORE::CONFIG::VERTICES 4194304
<INFO 7e5ae82d72c0> CORE::CONFIG::VERTEX_SIZE 8
<INFO 7e5ae82d72c0> CORE::CONFIG::VERTEX_BUFFER 33554432
<INFO 7e5ae82d72c0> CORE::CONFIG::EDGES 67108864
<INFO 7e5ae82d72c0> CORE::CONFIG::PARTITIONS 32
<INFO 7e5ae82d72c0> CORE::CONFIG::FANOUT 32
<INFO 7e5ae82d72c0> CORE::CONFIG::SUPER_PARTITIONS 1
<INFO 7e5ae82d72c0> CORE::CONFIG::STREAM_UNIT 16777216
<INFO 7e5ae82d72c0> CORE::CONFIG::BUFFER_SIZE 1707915721
<INFO 7e5ae82d72c0> CORE::CONFIG::IO_NUMIOQS 1
<INFO 7e5ae82d72c0> CORE::CONFIG::MAX_BUFFERS 4
<INFO 7e5ae82d72c0> CORE::CONFIG::MAX_STREAMS 5
<WARNING 7e5ae82d72c0> No mount point specified for disk0, falling back to current directory
my size is 805306368
<INFO 7e5ae82d72c0> CORE::PARTITIONS_PROCESSED 13
<INFO 7e5ae82d72c0> CORE::BYTES::EDGES_STREAMED 321802824
<INFO 7e5ae82d72c0> CORE::BYTES::UPDATES_OUT 214535216
<INFO 7e5ae82d72c0> CORE::BYTES::UPDATES_IN 214509184
<INFO 7e58e74026c0> CORE::PARTITIONS_PROCESSED 19
<INFO 7e58e74026c0> CORE::BYTES::EDGES_STREAMED 483503544
<INFO 7e58e74026c0> CORE::BYTES::UPDATES_OUT 322335696
<INFO 7e58e74026c0> CORE::BYTES::UPDATES_IN 322361728
<INFO 7e5ae82d72c0> CORE::RUSAGE::MAX_RSS_KB 8393776
<INFO 7e5ae82d72c0> CORE::RUSAGE::MINFLT 2097402
<INFO 7e5ae82d72c0> CORE::RUSAGE::MAJFLT 0
<INFO 7e5ae82d72c0> CORE::RUSAGE::MAJFLT 0
<INFO 7e5ae82d72c0> CORE::RUSAGE::INBLK 1572864
<INFO 7e5ae82d72c0> CORE::RUSAGE::OUBLK 65544
<INFO 7e5ae82d72c0> CORE::UTILS::BYTES_READ 805306368
<INFO 7e5ae82d72c0> CORE::UTILS::BYTES_WRITTEN 33554432
<INFO 7e5ae82d72c0> CORE::TIME::IO_WAIT 2.66549 seconds
<INFO 7e5ae82d72c0> CORE::PHASES 2
<INFO 7e5ae82d72c0> CORE::TIME::SETUP 3.59804 seconds
<INFO 7e5ae82d72c0> CORE::TIME::STATE_ITER 0.019206 seconds
<INFO 7e5ae82d72c0> CORE::TIME::GATHER 0.225052 seconds
<INFO 7e5ae82d72c0> CORE::TIME::SCATTER 2.96861 seconds
<INFO 7e5ae82d72c0> TIME_IN_PC_FN 0.144455 seconds
<INFO 7e5ae82d72c0> CORE::TIME::WALL 6.88068 seconds
<INFO 7e5ae82d72c0> SHUTDOWN
