<INFO 7040616b82c0> STARTUP
<INFO 7040616b82c0> CORE::GRAPH rmat_s22_e67_sym
<INFO 7040616b82c0> CORE::ALGORITHM cc
<INFO 7040616b82c0> SG-DRIVER-ORIGINAL
<WARNING 7040616b82c0> Disk count not specified, assuming it to be 1
<INFO 7040616b82c0> CORE::CONFIG::PROCESSORS 1
<INFO 7040616b82c0> CORE::CONFIG::PHYSICAL_MEMORY 8589934592
<INFO 7040616b82c0> CORE::CONFIG::VERTICES 4194304
<INFO 7040616b82c0> CORE::CONFIG::VERTEX_SIZE 13
<INFO 7040616b82c0> CORE::CONFIG::VERTEX_BUFFER 54525952
<INFO 7040616b82c0> CORE::CONFIG::EDGES 134217728
<INFO 7040616b82c0> CORE::CONFIG::PARTITIONS 128
<INFO 7040616b82c0> CORE::CONFIG::FANOUT 128
<INFO 7040616b82c0> CORE::CONFIG::SUPER_PARTITIONS 1
<INFO 7040616b82c0> CORE::CONFIG::STREAM_UNIT 16777216
<INFO 7040616b82c0> CORE::CONFIG::BUFFER_SIZE 1703720049
<INFO 7040616b82c0> CORE::CONFIG::IO_NUMIOQS 1
<INFO 7040616b82c0> CORE::CONFIG::MAX_BUFFERS 4
<INFO 7040616b82c0> CORE::CONFIG::MAX_STREAMS 5
<WARNING 7040616b82c0> No mount point specified for disk0, falling back to current directory
my size is 1610612736
<INFO 7040616b82c0> ALGORITHM::CC::CC_COUNT 1729356
<INFO 7040616b82c0> CORE::PARTITIONS_PROCESSED 641
<INFO 7040616b82c0> CORE::BYTES::EDGES_STREAMED 7711768704
<INFO 7040616b82c0> CORE::BYTES::UPDATES_OUT 2487198072
<INFO 7040616b82c0> CORE::BYTES::UPDATES_IN 2487198072
<INFO 7040616b82c0> CORE::RUSAGE::MAX_RSS_KB 8393792
<INFO 7040616b82c0> CORE::RUSAGE::MINFLT 2097391
<INFO 7040616b82c0> CORE::RUSAGE::MAJFLT 0
<INFO 7040616b82c0> CORE::RUSAGE::MAJFLT 0
<INFO 7040616b82c0> CORE::RUSAGE::INBLK 3145728
<INFO 7040616b82c0> CORE::RUSAGE::OUBLK 106504
<INFO 7040616b82c0> CORE::UTILS::BYTES_READ 1610612736
<INFO 7040616b82c0> CORE::UTILS::BYTES_WRITTEN 54525952
<INFO 7040616b82c0> CORE::TIME::IO_WAIT 3.70871 seconds
<INFO 7040616b82c0> CORE::PHASES 7
<INFO 7040616b82c0> CORE::TIME::SETUP 3.57878 seconds
<INFO 7040616b82c0> CORE::TIME::STATE_ITER 0.039875 seconds
<INFO 7040616b82c0> CORE::TIME::GATHER 1.72311 seconds
<INFO 7040616b82c0> CORE::TIME::SCATTER 6.37876 seconds
<INFO 7040616b82c0> TIME_IN_PC_FN 2.42332 seconds
<INFO 7040616b82c0> CORE::TIME::WALL 11.8305 seconds
<INFO 7040616b82c0> SHUTDOWN
