<INFO 7cfc0eb4d2c0> STARTUP
<INFO 7cfc0eb4d2c0> CORE::GRAPH rmat_s22_e67
<INFO 7cfc0eb4d2c0> CORE::ALGORITHM pagerank
<INFO 7cfc0eb4d2c0> SG-DRIVER-ORIGINAL
<WARNING 7cfc0eb4d2c0> Disk count not specified, assuming it to be 1
<INFO 7cfc0eb4d2c0> CORE::CONFIG::PROCESSORS 2
<INFO 7cfc0eb4d2c0> CORE::CONFIG::PHYSICAL_MEMORY 8589934592
<INFO 7cfc0eb4d2c0> CORE::CONFIG::VERTICES 4194304
<INFO 7cfc0eb4d2c0> CORE::CONFIG::VERTEX_SIZE 12
<INFO 7cfc0eb4d2c0> CORE::CONFIG::VERTEX_BUFFER 50331648
<INFO 7cfc0eb4d2c0> CORE::CONFIG::EDGES 67108864
<INFO 7cfc0eb4d2c0> CORE::CONFIG::PARTITIONS 32
<INFO 7cfc0eb4d2c0> CORE::CONFIG::FANOUT 32
<INFO 7cfc0eb4d2c0> CORE::CONFIG::SUPER_PARTITIONS 1
<INFO 7cfc0eb4d2c0> CORE::CONFIG::STREAM_UNIT 16777216
<INFO 7cfc0eb4d2c0> CORE::CONFIG::BUFFER_SIZE 1704560278
<INFO 7cfc0eb4d2c0> CORE::CONFIG::IO_NUMIOQS 1
<INFO 7cfc0eb4d2c0> CORE::CONFIG::MAX_BUFFERS 4
<INFO 7cfc0eb4d2c0> CORE::CONFIG::MAX_STREAMS 5
<WARNING 7cfc0eb4d2c0> No mount point specified for disk0, falling back to current directory
my size is 805306368
<INFO 7cfc0eb4d2c0> CORE::PARTITIONS_PROCESSED 260
<INFO 7cfc0eb4d2c0> CORE::BYTES::EDGES_STREAMED 9524065260
<INFO 7cfc0eb4d2c0> CORE::BYTES::UPDATES_OUT 6134826824
<INFO 7cfc0eb4d2c0> CORE::BYTES::UPDATES_IN 4290183680
<INFO 7cfa0dc016c0> CORE::PARTITIONS_PROCESSED 380
<INFO 7cfa0dc016c0> CORE::BYTES::EDGES_STREAMED 8192674836
<INFO 7cfa0dc016c0> CORE::BYTES::UPDATES_OUT 5139462328
<INFO 7cfa0dc016c0> CORE::BYTES::UPDATES_IN 6447234560
<INFO 7cfc0eb4d2c0> CORE::RUSAGE::MAX_RSS_KB 8394148
<INFO 7cfc0eb4d2c0> CORE::RUSAGE::MINFLT 2097402
<INFO 7cfc0eb4d2c0> CORE::RUSAGE::MAJFLT 0
<INFO 7cfc0eb4d2c0> CORE::RUSAGE::MAJFLT 0
<INFO 7cfc0eb4d2c0> CORE::RUSAGE::INBLK 1572864
<INFO 7cfc0eb4d2c0> CORE::RUSAGE::OUBLK 98312
<INFO 7cfc0eb4d2c0> CORE::UTILS::BYTES_READ 805306368
<INFO 7cfc0eb4d2c0> CORE::UTILS::BYTES_WRITTEN 50331648
<INFO 7cfc0eb4d2c0> CORE::TIME::IO_WAIT 2.18221 seconds
<INFO 7cfc0eb4d2c0> CORE::PHASES 22
<INFO 7cfc0eb4d2c0> CORE::TIME::SETUP 3.46926 seconds
<INFO 7cfc0eb4d2c0> CORE::TIME::STATE_ITER 0.343683 seconds
<INFO 7cfc0eb4d2c0> CORE::TIME::GATHER 4.5777 seconds
<INFO 7cfc0eb4d2c0> CORE::TIME::SCATTER 6.16177 seconds
<INFO 7cfc0eb4d2c0> TIME_IN_PC_FN 4.43482 seconds
<INFO 7cfc0eb4d2c0> CORE::TIME::WALL 14.677 seconds
<INFO 7cfc0eb4d2c0> SHUTDOWN
