<INFO 71f7b4b042c0> STARTUP
<INFO 71f7b4b042c0> CORE::GRAPH rmat_s22_e67
<INFO 71f7b4b042c0> CORE::ALGORITHM spmv
<INFO 71f7b4b042c0> SG-DRIVER-ORIGINAL
<WARNING 71f7b4b042c0> Disk count not specified, assuming it to be 1
<INFO 71f7b4b042c0> CORE::CONFIG::PROCESSORS 4
<INFO 71f7b4b042c0> CORE::CONFIG::PHYSICAL_MEMORY 8589934592
<INFO 71f7b4b042c0> CORE::CONFIG::VERTICES 4194304
<INFO 71f7b4b042c0> CORE::CONFIG::VERTEX_SIZE 8
<INFO 71f7b4b042c0> CORE::CONFIG::VERTEX_BUFFER 33554432
<INFO 71f7b4b042c0> CORE::CONFIG::EDGES 67108864
<INFO 71f7b4b042c0> CORE::CONFIG::PARTITIONS 32
<INFO 71f7b4b042c0> CORE::CONFIG::FANOUT 32
<INFO 71f7b4b042c0> CORE::CONFIG::SUPER_PARTITIONS 1
<INFO 71f7b4b042c0> CORE::CONFIG::STREAM_UNIT 16777216
<INFO 71f7b4b042c0> CORE::CONFIG::BUFFER_SIZE 1707915692
<INFO 71f7b4b042c0> CORE::CONFIG::IO_NUMIOQS 1
<INFO 71f7b4b042c0> CORE::CONFIG::MAX_BUFFERS 4
<INFO 71f7b4b042c0> CORE::CONFIG::MAX_STREAMS 5
<WARNING 71f7b4b042c0> No mount point specified for disk0, falling back to current directory
my size is 805306368
<INFO 71f7b4b042c0> CORE::PARTITIONS_PROCESSED 5
<INFO 71f7b4b042c0> CORE::BYTES::EDGES_STREAMED 148138008
<INFO 71f7b4b042c0> CORE::BYTES::UPDATES_OUT 98758672
<INFO 71f7b4b042c0> CORE::BYTES::UPDATES_IN 116713616
<INFO 71f5b2c006c0> CORE::PARTITIONS_PROCESSED 11
<INFO 71f5b3c026c0> CORE::PARTITIONS_PROCESSED 8
<INFO 71f5b34016c0> CORE::PARTITIONS_PROCESSED 8
<INFO 71f5b34016c0> CORE::BYTES::EDGES_STREAMED 146694096
<INFO 71f5b34016c0> CORE::BYTES::UPDATES_OUT 97796064
<INFO 71f5b34016c0> CORE::BYTES::UPDATES_IN 97806536
<INFO 71f5b2c006c0> CORE::BYTES::EDGES_STREAMED 158514660
<INFO 71f5b2c006c0> CORE::BYTES::UPDATES_OUT 105676440
<INFO 71f5b2c006c0> CORE::BYTES::UPDATES_IN 224537280
<INFO 71f5b3c026c0> CORE::BYTES::EDGES_STREAMED 351959604
<INFO 71f5b3c026c0> CORE::BYTES::UPDATES_OUT 234639736
<INFO 71f5b3c026c0> CORE::BYTES::UPDATES_IN 97813480
<INFO 71f7b4b042c0> CORE::RUSAGE::MAX_RSS_KB 8393812
<INFO 71f7b4b042c0> CORE::RUSAGE::MINFLT 2097418
<INFO 71f7b4b042c0> CORE::RUSAGE::MAJFLT 0
<INFO 71f7b4b042c0> CORE::RUSAGE::MAJFLT 0
<INFO 71f7b4b042c0> CORE::RUSAGE::INBLK 1572864
<INFO 71f7b4b042c0> CORE::RUSAGE::OUBLK 65544
<INFO 71f7b4b042c0> CORE::UTILS::BYTES_READ 805306368
<INFO 71f7b4b042c0> CORE::UTILS::BYTES_WRITTEN 33554432
<INFO 71f7b4b042c0> CORE::TIME::IO_WAIT 1.88711 seconds
<INFO 71f7b4b042c0> CORE::PHASES 2
<INFO 71f7b4b042c0> CORE::TIME::SETUP 3.59956 seconds
<INFO 71f7b4b042c0> CORE::TIME::STATE_ITER 0.010068 seconds
<INFO 71f7b4b042c0> CORE::TIME::GATHER 0.186427 seconds
<INFO 71f7b4b042c0> CORE::TIME::SCATTER 2.10864 seconds
<INFO 71f7b4b042c0> TIME_IN_PC_FN 0.082281 seconds
<INFO 71f7b4b042c0> CORE::TIME::WALL 5.96717 seconds
<INFO 71f7b4b042c0> SHUTDOWN
