<INFO 7d04e82992c0> STARTUP
<INFO 7d04e82992c0> CORE::GRAPH rmat_s22_e67
<INFO 7d04e82992c0> CORE::ALGORITHM spmv
<INFO 7d04e82992c0> SG-DRIVER-ORIGINAL
<WARNING 7d04e82992c0> Disk count not specified, assuming it to be 1
<INFO 7d04e82992c0> CORE::CONFIG::PROCESSORS 8
<INFO 7d04e82992c0> CORE::CONFIG::PHYSICAL_MEMORY 8589934592
<INFO 7d04e82992c0> CORE::CONFIG::VERTICES 4194304
<INFO 7d04e82992c0> CORE::CONFIG::VERTEX_SIZE 8
<INFO 7d04e82992c0> CORE::CONFIG::VERTEX_BUFFER 33554432
<INFO 7d04e82992c0> CORE::CONFIG::EDGES 67108864
<INFO 7d04e82992c0> CORE::CONFIG::PARTITIONS 32
<INFO 7d04e82992c0> CORE::CONFIG::FANOUT 32
<INFO 7d04e82992c0> CORE::CONFIG::SUPER_PARTITIONS 1
<INFO 7d04e82992c0> CORE::CONFIG::STREAM_UNIT 16777216
<INFO 7d04e82992c0> CORE::CONFIG::BUFFER_SIZE 1707915635
<INFO 7d04e82992c0> CORE::CONFIG::IO_NUMIOQS 1
<INFO 7d04e82992c0> CORE::CONFIG::MAX_BUFFERS 4
<INFO 7d04e82992c0> CORE::CONFIG::MAX_STREAMS 5
<WARNING 7d04e82992c0> No mount point specified for disk0, falling back to current directory
my size is 805306368
<INFO 7d04e82992c0> CORE::PARTITIONS_PROCESSED 2
<INFO 7d04e82992c0> CORE::BYTES::EDGES_STREAMED 225584436
<INFO 7d04e82992c0> CORE::BYTES::UPDATES_OUT 150389624
<INFO 7d04e82992c0> CORE::BYTES::UPDATES_IN 56141024
<INFO 7d02e64006c0> CORE::PARTITIONS_PROCESSED 5
<INFO 7d02e43fc6c0> CORE::PARTITIONS_PROCESSED 5
<INFO 7d02e64006c0> CORE::BYTES::EDGES_STREAMED 82826184
<INFO 7d02e4bfd6c0> CORE::PARTITIONS_PROCESSED 5
<INFO 7d02e43fc6c0> CORE::BYTES::EDGES_STREAMED 75640932
<INFO 7d02e4bfd6c0> CORE::BYTES::EDGES_STREAMED 97427760
<INFO 7d02e64006c0> CORE::BYTES::UPDATES_OUT 55217456
<INFO 7d02e64006c0> CORE::BYTES::UPDATES_IN 66399608
<INFO 7d02e74026c0> CORE::PARTITIONS_PROCESSED 4
<INFO 7d02e6c016c0> CORE::PARTITIONS_PROCESSED 3
<INFO 7d02e53fe6c0> CORE::PARTITIONS_PROCESSED 5
<INFO 7d02e4bfd6c0> CORE::BYTES::UPDATES_OUT 64951840
<INFO 7d02e53fe6c0> CORE::BYTES::EDGES_STREAMED 78380880
<INFO 7d02e5bff6c0> CORE::PARTITIONS_PROCESSED 3
<INFO 7d02e5bff6c0> CORE::BYTES::EDGES_STREAMED 104495472
<INFO 7d02e43fc6c0> CORE::BYTES::UPDATES_OUT 50427288
<INFO 7d02e4bfd6c0> CORE::BYTES::UPDATES_IN 160591768
<INFO 7d02e5bff6c0> CORE::BYTES::UPDATES_OUT 69663648
<INFO 7d02e6c016c0> CORE::BYTES::EDGES_STREAMED 70469508
<INFO 7d02e5bff6c0> CORE::BYTES::UPDATES_IN 31440176
<INFO 7d02e6c016c0> CORE::BYTES::UPDATES_OUT 46979672
<INFO 7d02e6c016c0> CORE::BYTES::UPDATES_IN 31420288
<INFO 7d02e43fc6c0> CORE::BYTES::UPDATES_IN 50436976
<INFO 7d02e74026c0> CORE::BYTES::EDGES_STREAMED 70481196
<INFO 7d02e53fe6c0> CORE::BYTES::UPDATES_OUT 52253920
<INFO 7d02e53fe6c0> CORE::BYTES::UPDATES_IN 66382432
<INFO 7d02e74026c0> CORE::BYTES::UPDATES_OUT 46987464
<INFO 7d02e74026c0> CORE::BYTES::UPDATES_IN 74058640
<INFO 7d04e82992c0> CORE::RUSAGE::MAX_RSS_KB 8393820
<INFO 7d04e82992c0> CORE::RUSAGE::MINFLT 2097460
<INFO 7d04e82992c0> CORE::RUSAGE::MAJFLT 0
<INFO 7d04e82992c0> CORE::RUSAGE::MAJFLT 0
<INFO 7d04e82992c0> CORE::RUSAGE::INBLK 1572864
<INFO 7d04e82992c0> CORE::RUSAGE::OUBLK 65544
<INFO 7d04e82992c0> CORE::UTILS::BYTES_READ 805306368
<INFO 7d04e82992c0> CORE::UTILS::BYTES_WRITTEN 33554432
<INFO 7d04e82992c0> CORE::TIME::IO_WAIT 1.92454 seconds
<INFO 7d04e82992c0> CORE::PHASES 2
<INFO 7d04e82992c0> CORE::TIME::SETUP 3.6001 seconds
<INFO 7d04e82992c0> CORE::TIME::STATE_ITER 0.039068 seconds
<INFO 7d04e82992c0> CORE::TIME::GATHER 0.175421 seconds
<INFO 7d04e82992c0> CORE::TIME::SCATTER 2.11858 seconds
<INFO 7d04e82992c0> TIME_IN_PC_FN 0.151513 seconds
<INFO 7d04e82992c0> CORE::TIME::WALL 6.03082 seconds
<INFO 7d04e82992c0> SHUTDOWN
