<INFO 739abb4bd2c0> STARTUP
<INFO 739abb4bd2c0> CORE::GRAPH rmat_s22_e67_sym
<INFO 739abb4bd2c0> CORE::ALGORITHM cc
<INFO 739abb4bd2c0> SG-DRIVER-ORIGINAL
<WARNING 739abb4bd2c0> Disk count not specified, assuming it to be 1
<INFO 739abb4bd2c0> CORE::CONFIG::PROCESSORS 8
<INFO 739abb4bd2c0> CORE::CONFIG::PHYSICAL_MEMORY 8589934592
<INFO 739abb4bd2c0> CORE::CONFIG::VERTICES 4194304
<INFO 739abb4bd2c0> CORE::CONFIG::VERTEX_SIZE 13
<INFO 739abb4bd2c0> CORE::CONFIG::VERTEX_BUFFER 54525952
<INFO 739abb4bd2c0> CORE::CONFIG::EDGES 134217728
<INFO 739abb4bd2c0> CORE::CONFIG::PARTITIONS 128
<INFO 739abb4bd2c0> CORE::CONFIG::FANOUT 128
<INFO 739abb4bd2c0> CORE::CONFIG::SUPER_PARTITIONS 1
<INFO 739abb4bd2c0> CORE::CONFIG::STREAM_UNIT 16777216
<INFO 739abb4bd2c0> CORE::CONFIG::BUFFER_SIZE 1703719948
<INFO 739abb4bd2c0> CORE::CONFIG::IO_NUMIOQS 1
<INFO 739abb4bd2c0> CORE::CONFIG::MAX_BUFFERS 4
<INFO 739abb4bd2c0> CORE::CONFIG::MAX_STREAMS 5
<WARNING 739abb4bd2c0> No mount point specified for disk0, falling back to current directory
my size is 1610612736
<INFO 739abb4bd2c0> ALGORITHM::CC::CC_COUNT 1729356
<INFO 739abb4bd2c0> CORE::PARTITIONS_PROCESSED 45
<INFO 739abb4bd2c0> CORE::BYTES::EDGES_STREAMED 1318177812
<INFO 739abb4bd2c0> CORE::BYTES::UPDATES_OUT 436270232
<INFO 739abb4bd2c0> CORE::BYTES::UPDATES_IN 426626400
<INFO 7398b7dfd6c0> CORE::PARTITIONS_PROCESSED 87
<INFO 7398b85fe6c0> CORE::PARTITIONS_PROCESSED 86
<INFO 7398ba6026c0> CORE::PARTITIONS_PROCESSED 77
<INFO 7398b7dfd6c0> CORE::BYTES::EDGES_STREAMED 971446332
<INFO 7398b9e016c0> CORE::PARTITIONS_PROCESSED 79
<INFO 7398b75fc6c0> CORE::PARTITIONS_PROCESSED 103
<INFO 7398b96006c0> CORE::PARTITIONS_PROCESSED 91
<INFO 7398b8dff6c0> CORE::PARTITIONS_PROCESSED 73
<INFO 7398b7dfd6c0> CORE::BYTES::UPDATES_OUT 327569320
<INFO 7398b8dff6c0> CORE::BYTES::EDGES_STREAMED 888029448
<INFO 7398b7dfd6c0> CORE::BYTES::UPDATES_IN 278556256
<INFO 7398b9e016c0> CORE::BYTES::EDGES_STREAMED 897830388
<INFO 7398ba6026c0> CORE::BYTES::EDGES_STREAMED 893298600
<INFO 7398b8dff6c0> CORE::BYTES::UPDATES_OUT 270309312
<INFO 7398b85fe6c0> CORE::BYTES::EDGES_STREAMED 923477784
<INFO 7398b96006c0> CORE::BYTES::EDGES_STREAMED 917162412
<INFO 7398b96006c0> CORE::BYTES::UPDATES_OUT 330687120
<INFO 7398b96006c0> CORE::BYTES::UPDATES_IN 310535312
<INFO 7398b9e016c0> CORE::BYTES::UPDATES_OUT 272047608
<INFO 7398b9e016c0> CORE::BYTES::UPDATES_IN 228670664
<INFO 7398b8dff6c0> CORE::BYTES::UPDATES_IN 368110496
<INFO 7398b85fe6c0> CORE::BYTES::UPDATES_OUT 309965840
<INFO 7398b75fc6c0> CORE::BYTES::EDGES_STREAMED 902345928
<INFO 7398b75fc6c0> CORE::BYTES::UPDATES_OUT 265023392
<INFO 7398ba6026c0> CORE::BYTES::UPDATES_OUT 275325248
<INFO 7398b85fe6c0> CORE::BYTES::UPDATES_IN 271210736
<INFO 7398b75fc6c0> CORE::BYTES::UPDATES_IN 280974568
<INFO 7398ba6026c0> CORE::BYTES::UPDATES_IN 322513640
<INFO 739abb4bd2c0> CORE::RUSAGE::MAX_RSS_KB 8393992
<INFO 739abb4bd2c0> CORE::RUSAGE::MINFLT 2097465
<INFO 739abb4bd2c0> CORE::RUSAGE::MAJFLT 0
<INFO 739abb4bd2c0> CORE::RUSAGE::MAJFLT 0
<INFO 739abb4bd2c0> CORE::RUSAGE::INBLK 3145728
<INFO 739abb4bd2c0> CORE::RUSAGE::OUBLK 106504
<INFO 739abb4bd2c0> CORE::UTILS::BYTES_READ 1610612736
<INFO 739abb4bd2c0> CORE::UTILS::BYTES_WRITTEN 54525952
<INFO 739abb4bd2c0> CORE::TIME::IO_WAIT 3.45799 seconds
<INFO 739abb4bd2c0> CORE::PHASES 7
<INFO 739abb4bd2c0> CORE::TIME::SETUP 3.60338 seconds
<INFO 739abb4bd2c0> CORE::TIME::STATE_ITER 0.007055 seconds
<INFO 739abb4bd2c0> CORE::TIME::GATHER 0.683099 seconds
<INFO 739abb4bd2c0> CORE::TIME::SCATTER 4.32095 seconds
<INFO 739abb4bd2c0> TIME_IN_PC_FN 0.758091 seconds
<INFO 739abb4bd2c0> CORE::TIME::WALL 8.72205 seconds
<INFO 739abb4bd2c0> SHUTDOWN
