<INFO 79159335e2c0> STARTUP
<INFO 79159335e2c0> CORE::GRAPH rmat_s22_e67
<INFO 79159335e2c0> CORE::ALGORITHM pagerank
<INFO 79159335e2c0> SG-DRIVER-ORIGINAL
<WARNING 79159335e2c0> Disk count not specified, assuming it to be 1
<INFO 79159335e2c0> CORE::CONFIG::PROCESSORS 4
<INFO 79159335e2c0> CORE::CONFIG::PHYSICAL_MEMORY 8589934592
<INFO 79159335e2c0> CORE::CONFIG::VERTICES 4194304
<INFO 79159335e2c0> CORE::CONFIG::VERTEX_SIZE 12
<INFO 79159335e2c0> CORE::CONFIG::VERTEX_BUFFER 50331648
<INFO 79159335e2c0> CORE::CONFIG::EDGES 67108864
<INFO 79159335e2c0> CORE::CONFIG::PARTITIONS 32
<INFO 79159335e2c0> CORE::CONFIG::FANOUT 32
<INFO 79159335e2c0> CORE::CONFIG::SUPER_PARTITIONS 1
<INFO 79159335e2c0> CORE::CONFIG::STREAM_UNIT 16777216
<INFO 79159335e2c0> CORE::CONFIG::BUFFER_SIZE 1704560249
<INFO 79159335e2c0> CORE::CONFIG::IO_NUMIOQS 1
<INFO 79159335e2c0> CORE::CONFIG::MAX_BUFFERS 4
<INFO 79159335e2c0> CORE::CONFIG::MAX_STREAMS 5
<WARNING 79159335e2c0> No mount point specified for disk0, falling back to current directory
my size is 805306368
<INFO 79159335e2c0> CORE::PARTITIONS_PROCESSED 100
<INFO 79159335e2c0> CORE::BYTES::EDGES_STREAMED 4654928304
<INFO 79159335e2c0> CORE::BYTES::UPDATES_OUT 2867635336
<INFO 79159335e2c0> CORE::BYTES::UPDATES_IN 2334272320
<INFO 791391c006c0> CORE::PARTITIONS_PROCESSED 160
<INFO 7913924016c0> CORE::PARTITIONS_PROCESSED 160
<INFO 7913924016c0> CORE::BYTES::EDGES_STREAMED 4647646944
<INFO 7913924016c0> CORE::BYTES::UPDATES_OUT 3000639512
<INFO 7913924016c0> CORE::BYTES::UPDATES_IN 1956269600
<INFO 7913913ff6c0> CORE::PARTITIONS_PROCESSED 220
<INFO 7913913ff6c0> CORE::BYTES::EDGES_STREAMED 5146269720
<INFO 7913913ff6c0> CORE::BYTES::UPDATES_OUT 3325213616
<INFO 7913913ff6c0> CORE::BYTES::UPDATES_IN 4490745600
<INFO 791391c006c0> CORE::BYTES::EDGES_STREAMED 3267895128
<INFO 791391c006c0> CORE::BYTES::UPDATES_OUT 2080800688
<INFO 791391c006c0> CORE::BYTES::UPDATES_IN 1956130720
<INFO 79159335e2c0> CORE::RUSAGE::MAX_RSS_KB 8393568
<INFO 79159335e2c0> CORE::RUSAGE::MINFLT 2097419
<INFO 79159335e2c0> CORE::RUSAGE::MAJFLT 0
<INFO 79159335e2c0> CORE::RUSAGE::MAJFLT 0
<INFO 79159335e2c0> CORE::RUSAGE::INBLK 1572864
<INFO 79159335e2c0> CORE::RUSAGE::OUBLK 98312
<INFO 79159335e2c0> CORE::UTILS::BYTES_READ 805306368
<INFO 79159335e2c0> CORE::UTILS::BYTES_WRITTEN 50331648
<INFO 79159335e2c0> CORE::TIME::IO_WAIT 2.13504 seconds
<INFO 79159335e2c0> CORE::PHASES 22
<INFO 79159335e2c0> CORE::TIME::SETUP 3.58575 seconds
<INFO 79159335e2c0> CORE::TIME::STATE_ITER 0.178921 seconds
<INFO 79159335e2c0> CORE::TIME::GATHER 3.60585 seconds
<INFO 79159335e2c0> CORE::TIME::SCATTER 5.16528 seconds
<INFO 79159335e2c0> TIME_IN_PC_FN 2.57816 seconds
<INFO 79159335e2c0> CORE::TIME::WALL 12.6355 seconds
<INFO 79159335e2c0> SHUTDOWN
