<INFO 7d1340cb02c0> STARTUP
<INFO 7d1340cb02c0> CORE::GRAPH rmat_s22_e67
<INFO 7d1340cb02c0> CORE::ALGORITHM pagerank
<INFO 7d1340cb02c0> SG-DRIVER-ORIGINAL
<WARNING 7d1340cb02c0> Disk count not specified, assuming it to be 1
<INFO 7d1340cb02c0> CORE::CONFIG::PROCESSORS 8
<INFO 7d1340cb02c0> CORE::CONFIG::PHYSICAL_MEMORY 8589934592
<INFO 7d1340cb02c0> CORE::CONFIG::VERTICES 4194304
<INFO 7d1340cb02c0> CORE::CONFIG::VERTEX_SIZE 12
<INFO 7d1340cb02c0> CORE::CONFIG::VERTEX_BUFFER 50331648
<INFO 7d1340cb02c0> CORE::CONFIG::EDGES 67108864
<INFO 7d1340cb02c0> CORE::CONFIG::PARTITIONS 32
<INFO 7d1340cb02c0> CORE::CONFIG::FANOUT 32
<INFO 7d1340cb02c0> CORE::CONFIG::SUPER_PARTITIONS 1
<INFO 7d1340cb02c0> CORE::CONFIG::STREAM_UNIT 16777216
<INFO 7d1340cb02c0> CORE::CONFIG::BUFFER_SIZE 1704560192
<INFO 7d1340cb02c0> CORE::CONFIG::IO_NUMIOQS 1
<INFO 7d1340cb02c0> CORE::CONFIG::MAX_BUFFERS 4
<INFO 7d1340cb02c0> CORE::CONFIG::MAX_STREAMS 5
<WARNING 7d1340cb02c0> No mount point specified for disk0, falling back to current directory
my size is 805306368
<INFO 7d1340cb02c0> CORE::PARTITIONS_PROCESSED 40
<INFO 7d1340cb02c0> CORE::BYTES::EDGES_STREAMED 1772179368
<INFO 7d1340cb02c0> CORE::BYTES::UPDATES_OUT 1125257872
<INFO 7d1340cb02c0> CORE::BYTES::UPDATES_IN 1122820480
<INFO 7d113fe016c0> CORE::PARTITIONS_PROCESSED 60
<INFO 7d113d5fc6c0> CORE::PARTITIONS_PROCESSED 100
<INFO 7d113cdfb6c0> CORE::PARTITIONS_PROCESSED 100
<INFO 7d113e5fe6c0> CORE::PARTITIONS_PROCESSED 60
<INFO 7d113ddfd6c0> CORE::PARTITIONS_PROCESSED 100
<INFO 7d113f6006c0> CORE::PARTITIONS_PROCESSED 80
<INFO 7d113edff6c0> CORE::PARTITIONS_PROCESSED 100
<INFO 7d113f6006c0> CORE::BYTES::EDGES_STREAMED 2014573104
<INFO 7d113f6006c0> CORE::BYTES::UPDATES_OUT 1268994720
<INFO 7d113edff6c0> CORE::BYTES::EDGES_STREAMED 1550582028
<INFO 7d113edff6c0> CORE::BYTES::UPDATES_OUT 967345736
<INFO 7d113f6006c0> CORE::BYTES::UPDATES_IN 1480957600
<INFO 7d113cdfb6c0> CORE::BYTES::EDGES_STREAMED 2351265420
<INFO 7d113fe016c0> CORE::BYTES::EDGES_STREAMED 1937570736
<INFO 7d113d5fc6c0> CORE::BYTES::EDGES_STREAMED 3890663304
<INFO 7d113ddfd6c0> CORE::BYTES::EDGES_STREAMED 2394379872
<INFO 7d113e5fe6c0> CORE::BYTES::EDGES_STREAMED 1805526264
<INFO 7d113e5fe6c0> CORE::BYTES::UPDATES_OUT 1172247008
<INFO 7d113cdfb6c0> CORE::BYTES::UPDATES_OUT 1517082992
<INFO 7d113edff6c0> CORE::BYTES::UPDATES_IN 1327992160
<INFO 7d113cdfb6c0> CORE::BYTES::UPDATES_IN 1008739520
<INFO 7d113e5fe6c0> CORE::BYTES::UPDATES_IN 628803520
<INFO 7d113d5fc6c0> CORE::BYTES::UPDATES_OUT 2433185536
<INFO 7d113fe016c0> CORE::BYTES::UPDATES_OUT 1231202816
<INFO 7d113ddfd6c0> CORE::BYTES::UPDATES_OUT 1558972472
<INFO 7d113d5fc6c0> CORE::BYTES::UPDATES_IN 3211835360
<INFO 7d113fe016c0> CORE::BYTES::UPDATES_IN 628620960
<INFO 7d113ddfd6c0> CORE::BYTES::UPDATES_IN 1327648640
<INFO 7d1340cb02c0> CORE::RUSAGE::MAX_RSS_KB 8393768
<INFO 7d1340cb02c0> CORE::RUSAGE::MINFLT 2097453
<INFO 7d1340cb02c0> CORE::RUSAGE::MAJFLT 0
<INFO 7d1340cb02c0> CORE::RUSAGE::MAJFLT 0
<INFO 7d1340cb02c0> CORE::RUSAGE::INBLK 1572864
<INFO 7d1340cb02c0> CORE::RUSAGE::OUBLK 98312
<INFO 7d1340cb02c0> CORE::UTILS::BYTES_READ 805306368
<INFO 7d1340cb02c0> CORE::UTILS::BYTES_WRITTEN 50331648
<INFO 7d1340cb02c0> CORE::TIME::IO_WAIT 1.93022 seconds
<INFO 7d1340cb02c0> CORE::PHASES 22
<INFO 7d1340cb02c0> CORE::TIME::SETUP 3.47131 seconds
<INFO 7d1340cb02c0> CORE::TIME::STATE_ITER 0.84966 seconds
<INFO 7d1340cb02c0> CORE::TIME::GATHER 4.01036 seconds
<INFO 7d1340cb02c0> CORE::TIME::SCATTER 5.77982 seconds
<INFO 7d1340cb02c0> TIME_IN_PC_FN 2.4034 seconds
<INFO 7d1340cb02c0> CORE::TIME::WALL 14.2112 seconds
<INFO 7d1340cb02c0> SHUTDOWN
