<INFO 7354b35522c0> STARTUP
<INFO 7354b35522c0> CORE::GRAPH rmat_s22_e67
<INFO 7354b35522c0> CORE::ALGORITHM spmv
<INFO 7354b35522c0> SG-DRIVER-ORIGINAL
<WARNING 7354b35522c0> Disk count not specified, assuming it to be 1
<INFO 7354b35522c0> CORE::CONFIG::PROCESSORS 1
<INFO 7354b35522c0> CORE::CONFIG::PHYSICAL_MEMORY 8589934592
<INFO 7354b35522c0> CORE::CONFIG::VERTICES 4194304
<INFO 7354b35522c0> CORE::CONFIG::VERTEX_SIZE 8
<INFO 7354b35522c0> CORE::CONFIG::VERTEX_BUFFER 33554432
<INFO 7354b35522c0> CORE::CONFIG::EDGES 67108864
<INFO 7354b35522c0> CORE::CONFIG::PARTITIONS 32
<INFO 7354b35522c0> CORE::CONFIG::FANOUT 32
<INFO 7354b35522c0> CORE::CONFIG::SUPER_PARTITIONS 1
<INFO 7354b35522c0> CORE::CONFIG::STREAM_UNIT 16777216
<INFO 7354b35522c0> CORE::CONFIG::BUFFER_SIZE 1707915736
<INFO 7354b35522c0> CORE::CONFIG::IO_NUMIOQS 1
<INFO 7354b35522c0> CORE::CONFIG::MAX_BUFFERS 4
<INFO 7354b35522c0> CORE::CONFIG::MAX_STREAMS 5
<WARNING 7354b35522c0> No mount point specified for disk0, falling back to current directory
my size is 805306368
<INFO 7354b35522c0> CORE::PARTITIONS_PROCESSED 32
<INFO 7354b35522c0> CORE::BYTES::EDGES_STREAMED 805306368
<INFO 7354b35522c0> CORE::BYTES::UPDATES_OUT 536870912
<INFO 7354b35522c0> CORE::BYTES::UPDATES_IN 536870912
<INFO 7354b35522c0> CORE::RUSAGE::MAX_RSS_KB 8394048
<INFO 7354b35522c0> CORE::RUSAGE::MINFLT 2097393
<INFO 7354b35522c0> CORE::RUSAGE::MAJFLT 0
<INFO 7354b35522c0> CORE::RUSAGE::MAJFLT 0
<INFO 7354b35522c0> CORE::RUSAGE::INBLK 1572864
<INFO 7354b35522c0> CORE::RUSAGE::OUBLK 65544
<INFO 7354b35522c0> CORE::UTILS::BYTES_READ 805306368
<INFO 7354b35522c0> CORE::UTILS::BYTES_WRITTEN 33554432
<INFO 7354b35522c0> CORE::TIME::IO_WAIT 1.8982 seconds
<INFO 7354b35522c0> CORE::PHASES 2
<INFO 7354b35522c0> CORE::TIME::SETUP 3.56399 seconds
<INFO 7354b35522c0> CORE::TIME::STATE_ITER 0.037491 seconds
<INFO 7354b35522c0> CORE::TIME::GATHER 0.389841 seconds
<INFO 7354b35522c0> CORE::TIME::SCATTER 2.40206 seconds
<INFO 7354b35522c0> TIME_IN_PC_FN 0.332608 seconds
<INFO 7354b35522c0> CORE::TIME::WALL 6.46295 seconds
<INFO 7354b35522c0> SHUTDOWN
