<INFO 7f5de7ea22c0> STARTUP
<INFO 7f5de7ea22c0> CORE::GRAPH rmat_s22_e67_sym
<INFO 7f5de7ea22c0> CORE::ALGORITHM cc
<INFO 7f5de7ea22c0> SG-DRIVER-ORIGINAL
<WARNING 7f5de7ea22c0> Disk count not specified, assuming it to be 1
<INFO 7f5de7ea22c0> CORE::CONFIG::PROCESSORS 4
<INFO 7f5de7ea22c0> CORE::CONFIG::PHYSICAL_MEMORY 8589934592
<INFO 7f5de7ea22c0> CORE::CONFIG::VERTICES 4194304
<INFO 7f5de7ea22c0> CORE::CONFIG::VERTEX_SIZE 13
<INFO 7f5de7ea22c0> CORE::CONFIG::VERTEX_BUFFER 54525952
<INFO 7f5de7ea22c0> CORE::CONFIG::EDGES 134217728
<INFO 7f5de7ea22c0> CORE::CONFIG::PARTITIONS 128
<INFO 7f5de7ea22c0> CORE::CONFIG::FANOUT 128
<INFO 7f5de7ea22c0> CORE::CONFIG::SUPER_PARTITIONS 1
<INFO 7f5de7ea22c0> CORE::CONFIG::STREAM_UNIT 16777216
<INFO 7f5de7ea22c0> CORE::CONFIG::BUFFER_SIZE 1703720006
<INFO 7f5de7ea22c0> CORE::CONFIG::IO_NUMIOQS 1
<INFO 7f5de7ea22c0> CORE::CONFIG::MAX_BUFFERS 4
<INFO 7f5de7ea22c0> CORE::CONFIG::MAX_STREAMS 5
<WARNING 7f5de7ea22c0> No mount point specified for disk0, falling back to current directory
my size is 1610612736
<INFO 7f5de7ea22c0> ALGORITHM::CC::CC_COUNT 1729356
<INFO 7f5de7ea22c0> CORE::PARTITIONS_PROCESSED 109
<INFO 7f5de7ea22c0> CORE::BYTES::EDGES_STREAMED 2014027704
<INFO 7f5de7ea22c0> CORE::BYTES::UPDATES_OUT 556394920
<INFO 7f5de7ea22c0> CORE::BYTES::UPDATES_IN 590350720
<INFO 7f5be68016c0> CORE::PARTITIONS_PROCESSED 167
<INFO 7f5be68016c0> CORE::BYTES::EDGES_STREAMED 2007796680
<INFO 7f5be70026c0> CORE::PARTITIONS_PROCESSED 166
<INFO 7f5be60006c0> CORE::PARTITIONS_PROCESSED 199
<INFO 7f5be60006c0> CORE::BYTES::EDGES_STREAMED 1840568424
<INFO 7f5be68016c0> CORE::BYTES::UPDATES_OUT 733685400
<INFO 7f5be68016c0> CORE::BYTES::UPDATES_IN 786833496
<INFO 7f5be60006c0> CORE::BYTES::UPDATES_OUT 588108352
<INFO 7f5be60006c0> CORE::BYTES::UPDATES_IN 542967296
<INFO 7f5be70026c0> CORE::BYTES::EDGES_STREAMED 1849375896
<INFO 7f5be70026c0> CORE::BYTES::UPDATES_OUT 609009400
<INFO 7f5be70026c0> CORE::BYTES::UPDATES_IN 567046560
<INFO 7f5de7ea22c0> CORE::RUSAGE::MAX_RSS_KB 8393768
<INFO 7f5de7ea22c0> CORE::RUSAGE::MINFLT 2097425
<INFO 7f5de7ea22c0> CORE::RUSAGE::MAJFLT 0
<INFO 7f5de7ea22c0> CORE::RUSAGE::MAJFLT 0
<INFO 7f5de7ea22c0> CORE::RUSAGE::INBLK 3145728
<INFO 7f5de7ea22c0> CORE::RUSAGE::OUBLK 106504
<INFO 7f5de7ea22c0> CORE::UTILS::BYTES_READ 1610612736
<INFO 7f5de7ea22c0> CORE::UTILS::BYTES_WRITTEN 54525952
<INFO 7f5de7ea22c0> CORE::TIME::IO_WAIT 3.5084 seconds
<INFO 7f5de7ea22c0> CORE::PHASES 7
<INFO 7f5de7ea22c0> CORE::TIME::SETUP 3.60129 seconds
<INFO 7f5de7ea22c0> CORE::TIME::STATE_ITER 0.010968 seconds
<INFO 7f5de7ea22c0> CORE::TIME::GATHER 0.726441 seconds
<INFO 7f5de7ea22c0> CORE::TIME::SCATTER 4.37204 seconds
<INFO 7f5de7ea22c0> TIME_IN_PC_FN 0.688222 seconds
<INFO 7f5de7ea22c0> CORE::TIME::WALL 8.84778 seconds
<INFO 7f5de7ea22c0> SHUTDOWN
