<INFO 761adea852c0> STARTUP
<INFO 761adea852c0> CORE::GRAPH rmat_s22_e67_sym
<INFO 761adea852c0> CORE::ALGORITHM cc
<INFO 761adea852c0> SG-DRIVER-ORIGINAL
<WARNING 761adea852c0> Disk count not specified, assuming it to be 1
<INFO 761adea852c0> CORE::CONFIG::PROCESSORS 1
<INFO 761adea852c0> CORE::CONFIG::PHYSICAL_MEMORY 8589934592
<INFO 761adea852c0> CORE::CONFIG::VERTICES 4194304
<INFO 761adea852c0> CORE::CONFIG::VERTEX_SIZE 13
<INFO 761adea852c0> CORE::CONFIG::VERTEX_BUFFER 54525952
<INFO 761adea852c0> CORE::CONFIG::EDGES 134217728
<INFO 761adea852c0> CORE::CONFIG::PARTITIONS 128
<INFO 761adea852c0> CORE::CONFIG::FANOUT 128
<INFO 761adea852c0> CORE::CONFIG::SUPER_PARTITIONS 1
<INFO 761adea852c0> CORE::CONFIG::STREAM_UNIT 16777216
<INFO 761adea852c0> CORE::CONFIG::BUFFER_SIZE 1703720049
<INFO 761adea852c0> CORE::CONFIG::IO_NUMIOQS 1
<INFO 761adea852c0> CORE::CONFIG::MAX_BUFFERS 4
<INFO 761adea852c0> CORE::CONFIG::MAX_STREAMS 5
<WARNING 761adea852c0> No mount point specified for disk0, falling back to current directory
my size is 1610612736
<INFO 761adea852c0> ALGORITHM::CC::CC_COUNT 1729356
<INFO 761adea852c0> CORE::PARTITIONS_PROCESSED 641
<INFO 761adea852c0> CORE::BYTES::EDGES_STREAMED 7711768704
<INFO 761adea852c0> CORE::BYTES::UPDATES_OUT 2487198072
<INFO 761adea852c0> CORE::BYTES::UPDATES_IN 2487198072
<INFO 761adea852c0> CORE::RUSAGE::MAX_RSS_KB 8393656
<INFO 761adea852c0> CORE::RUSAGE::MINFLT 2097394
<INFO 761adea852c0> CORE::RUSAGE::MAJFLT 0
<INFO 761adea852c0> CORE::RUSAGE::MAJFLT 0
<INFO 761adea852c0> CORE::RUSAGE::INBLK 3145728
<INFO 761adea852c0> CORE::RUSAGE::OUBLK 106504
<INFO 761adea852c0> CORE::UTILS::BYTES_READ 1610612736
<INFO 761adea852c0> CORE::UTILS::BYTES_WRITTEN 54525952
<INFO 761adea852c0> CORE::TIME::IO_WAIT 5.63019 seconds
<INFO 761adea852c0> CORE::PHASES 7
<INFO 761adea852c0> CORE::TIME::SETUP 3.57558 seconds
<INFO 761adea852c0> CORE::TIME::STATE_ITER 0.041153 seconds
<INFO 761adea852c0> CORE::TIME::GATHER 1.73361 seconds
<INFO 761adea852c0> CORE::TIME::SCATTER 8.31548 seconds
<INFO 761adea852c0> TIME_IN_PC_FN 2.44065 seconds
<INFO 761adea852c0> CORE::TIME::WALL 13.7754 seconds
<INFO 761adea852c0> SHUTDOWN
