<INFO 78c2a55082c0> STARTUP
<INFO 78c2a55082c0> CORE::GRAPH rmat_s22_e67
<INFO 78c2a55082c0> CORE::ALGORITHM pagerank
<INFO 78c2a55082c0> SG-DRIVER-ORIGINAL
<WARNING 78c2a55082c0> Disk count not specified, assuming it to be 1
<INFO 78c2a55082c0> CORE::CONFIG::PROCESSORS 16
<INFO 78c2a55082c0> CORE::CONFIG::PHYSICAL_MEMORY 8589934592
<INFO 78c2a55082c0> CORE::CONFIG::VERTICES 4194304
<INFO 78c2a55082c0> CORE::CONFIG::VERTEX_SIZE 12
<INFO 78c2a55082c0> CORE::CONFIG::VERTEX_BUFFER 50331648
<INFO 78c2a55082c0> CORE::CONFIG::EDGES 67108864
<INFO 78c2a55082c0> CORE::CONFIG::PARTITIONS 32
<INFO 78c2a55082c0> CORE::CONFIG::FANOUT 32
<INFO 78c2a55082c0> CORE::CONFIG::SUPER_PARTITIONS 1
<INFO 78c2a55082c0> CORE::CONFIG::STREAM_UNIT 16777216
<INFO 78c2a55082c0> CORE::CONFIG::BUFFER_SIZE 1704560076
<INFO 78c2a55082c0> CORE::CONFIG::IO_NUMIOQS 1
<INFO 78c2a55082c0> CORE::CONFIG::MAX_BUFFERS 4
<INFO 78c2a55082c0> CORE::CONFIG::MAX_STREAMS 5
<WARNING 78c2a55082c0> No mount point specified for disk0, falling back to current directory
my size is 805306368
<INFO 78c2a55082c0> CORE::PARTITIONS_PROCESSED 20
<INFO 78c2a55082c0> CORE::BYTES::EDGES_STREAMED 3103063656
<INFO 78c2a55082c0> CORE::BYTES::UPDATES_OUT 1931861152
<INFO 78c2a55082c0> CORE::BYTES::UPDATES_IN 947458992
<INFO 78c0a25fd6c0> CORE::PARTITIONS_PROCESSED 40
<INFO 78c0a25fd6c0> CORE::BYTES::EDGES_STREAMED 635772924
<INFO 78c0a25fd6c0> CORE::BYTES::UPDATES_OUT 405924032
<INFO 78c0a46016c0> CORE::PARTITIONS_PROCESSED 21
<INFO 78c0a2dfe6c0> CORE::PARTITIONS_PROCESSED 20
<INFO 78c09edf66c0> CORE::PARTITIONS_PROCESSED 41
<INFO 78c0a2dfe6c0> CORE::BYTES::EDGES_STREAMED 928755660
<INFO 78c0a25fd6c0> CORE::BYTES::UPDATES_IN 387524928
<INFO 78c09f5f76c0> CORE::PARTITIONS_PROCESSED 59
<INFO 78c09f5f76c0> CORE::BYTES::EDGES_STREAMED 871652136
<INFO 78c09f5f76c0> CORE::BYTES::UPDATES_OUT 532669560
<INFO 78c09f5f76c0> CORE::BYTES::UPDATES_IN 897532848
<INFO 78c0a46016c0> CORE::BYTES::EDGES_STREAMED 986413872
<INFO 78c0a46016c0> CORE::BYTES::UPDATES_OUT 644085264
<INFO 78c0a46016c0> CORE::BYTES::UPDATES_IN 313122632
<INFO 78c09edf66c0> CORE::BYTES::EDGES_STREAMED 843905628
<INFO 78c0a2dfe6c0> CORE::BYTES::UPDATES_OUT 601276272
<INFO 78c0a2dfe6c0> CORE::BYTES::UPDATES_IN 270532160
<INFO 78c09edf66c0> CORE::BYTES::UPDATES_OUT 544681352
<INFO 78c09edf66c0> CORE::BYTES::UPDATES_IN 429972736
<INFO 78c0a15fb6c0> CORE::PARTITIONS_PROCESSED 59
<INFO 78c0a1dfc6c0> CORE::PARTITIONS_PROCESSED 40
<INFO 78c09fdf86c0> CORE::PARTITIONS_PROCESSED 40
<INFO 78c0a15fb6c0> CORE::BYTES::EDGES_STREAMED 1250894088
<INFO 78c09ddf46c0> CORE::PARTITIONS_PROCESSED 58
<INFO 78c0a3e006c0> CORE::PARTITIONS_PROCESSED 21
<INFO 78c09d5f36c0> CORE::PARTITIONS_PROCESSED 60
<INFO 78c0a15fb6c0> CORE::BYTES::UPDATES_OUT 785440136
<INFO 78c09ddf46c0> CORE::BYTES::EDGES_STREAMED 1115703240
<INFO 78c09d5f36c0> CORE::BYTES::EDGES_STREAMED 2884434960
<INFO 78c09ddf46c0> CORE::BYTES::UPDATES_OUT 695368296
<INFO 78c09d5f36c0> CORE::BYTES::UPDATES_OUT 1878365240
<INFO 78c09d5f36c0> CORE::BYTES::UPDATES_IN 2681234768
<INFO 78c09fdf86c0> CORE::BYTES::EDGES_STREAMED 532237068
<INFO 78c09fdf86c0> CORE::BYTES::UPDATES_OUT 341279936
<INFO 78c09fdf86c0> CORE::BYTES::UPDATES_IN 357707680
<INFO 78c09ddf46c0> CORE::BYTES::UPDATES_IN 883946672
<INFO 78c0a05f96c0> CORE::PARTITIONS_PROCESSED 40
<INFO 78c0a15fb6c0> CORE::BYTES::UPDATES_IN 926219872
<INFO 78c0a05f96c0> CORE::BYTES::EDGES_STREAMED 544813452
<INFO 78c0a05f96c0> CORE::BYTES::UPDATES_OUT 349685424
<INFO 78c0a1dfc6c0> CORE::BYTES::EDGES_STREAMED 551834520
<INFO 78c0a05f96c0> CORE::BYTES::UPDATES_IN 358125920
<INFO 78c0a1dfc6c0> CORE::BYTES::UPDATES_OUT 354350160
<INFO 78c0a3e006c0> CORE::BYTES::EDGES_STREAMED 986490624
<INFO 78c0a1dfc6c0> CORE::BYTES::UPDATES_IN 358514240
<INFO 78c0a3e006c0> CORE::BYTES::UPDATES_OUT 601532896
<INFO 78c0a3e006c0> CORE::BYTES::UPDATES_IN 313325672
<INFO 78c0a35ff6c0> CORE::PARTITIONS_PROCESSED 42
<INFO 78c0a0dfa6c0> CORE::PARTITIONS_PROCESSED 20
<INFO 78c0a35ff6c0> CORE::BYTES::EDGES_STREAMED 644738988
<INFO 78c0a35ff6c0> CORE::BYTES::UPDATES_OUT 411872128
<INFO 78c0a35ff6c0> CORE::BYTES::UPDATES_IN 444319392
<INFO 78c09e5f56c0> CORE::PARTITIONS_PROCESSED 59
<INFO 78c0a0dfa6c0> CORE::BYTES::EDGES_STREAMED 802695636
<INFO 78c0a0dfa6c0> CORE::BYTES::UPDATES_OUT 521588752
<INFO 78c0a0dfa6c0> CORE::BYTES::UPDATES_IN 270702720
<INFO 78c09e5f56c0> CORE::BYTES::EDGES_STREAMED 1033333644
<INFO 78c09e5f56c0> CORE::BYTES::UPDATES_OUT 674308552
<INFO 78c09e5f56c0> CORE::BYTES::UPDATES_IN 897177008
<INFO 78c2a55082c0> CORE::RUSAGE::MAX_RSS_KB 8394144
<INFO 78c2a55082c0> CORE::RUSAGE::MINFLT 2097519
<INFO 78c2a55082c0> CORE::RUSAGE::MAJFLT 0
<INFO 78c2a55082c0> CORE::RUSAGE::MAJFLT 0
<INFO 78c2a55082c0> CORE::RUSAGE::INBLK 1572864
<INFO 78c2a55082c0> CORE::RUSAGE::OUBLK 98320
<INFO 78c2a55082c0> CORE::UTILS::BYTES_READ 805306368
<INFO 78c2a55082c0> CORE::UTILS::BYTES_WRITTEN 50331648
<INFO 78c2a55082c0> CORE::TIME::IO_WAIT 2.36526 seconds
<INFO 78c2a55082c0> CORE::PHASES 22
<INFO 78c2a55082c0> CORE::TIME::SETUP 3.47558 seconds
<INFO 78c2a55082c0> CORE::TIME::STATE_ITER 0.885535 seconds
<INFO 78c2a55082c0> CORE::TIME::GATHER 5.63969 seconds
<INFO 78c2a55082c0> CORE::TIME::SCATTER 9.64301 seconds
<INFO 78c2a55082c0> TIME_IN_PC_FN 5.2578 seconds
<INFO 78c2a55082c0> CORE::TIME::WALL 20.3702 seconds
<INFO 78c2a55082c0> SHUTDOWN
