<INFO 7db2adf0b2c0> STARTUP
<INFO 7db2adf0b2c0> CORE::GRAPH rmat_s22_e67_sym
<INFO 7db2adf0b2c0> CORE::ALGORITHM cc
<INFO 7db2adf0b2c0> SG-DRIVER-ORIGINAL
<WARNING 7db2adf0b2c0> Disk count not specified, assuming it to be 1
<INFO 7db2adf0b2c0> CORE::CONFIG::PROCESSORS 8
<INFO 7db2adf0b2c0> CORE::CONFIG::PHYSICAL_MEMORY 8589934592
<INFO 7db2adf0b2c0> CORE::CONFIG::VERTICES 4194304
<INFO 7db2adf0b2c0> CORE::CONFIG::VERTEX_SIZE 13
<INFO 7db2adf0b2c0> CORE::CONFIG::VERTEX_BUFFER 54525952
<INFO 7db2adf0b2c0> CORE::CONFIG::EDGES 134217728
<INFO 7db2adf0b2c0> CORE::CONFIG::PARTITIONS 128
<INFO 7db2adf0b2c0> CORE::CONFIG::FANOUT 128
<INFO 7db2adf0b2c0> CORE::CONFIG::SUPER_PARTITIONS 1
<INFO 7db2adf0b2c0> CORE::CONFIG::STREAM_UNIT 16777216
<INFO 7db2adf0b2c0> CORE::CONFIG::BUFFER_SIZE 1703719948
<INFO 7db2adf0b2c0> CORE::CONFIG::IO_NUMIOQS 1
<INFO 7db2adf0b2c0> CORE::CONFIG::MAX_BUFFERS 4
<INFO 7db2adf0b2c0> CORE::CONFIG::MAX_STREAMS 5
<WARNING 7db2adf0b2c0> No mount point specified for disk0, falling back to current directory
my size is 1610612736
<INFO 7db2adf0b2c0> ALGORITHM::CC::CC_COUNT 1729356
<INFO 7db2adf0b2c0> CORE::PARTITIONS_PROCESSED 45
<INFO 7db2adf0b2c0> CORE::BYTES::EDGES_STREAMED 1111230972
<INFO 7db2adf0b2c0> CORE::BYTES::UPDATES_OUT 302945344
<INFO 7db2adf0b2c0> CORE::BYTES::UPDATES_IN 289192496
<INFO 7db0ad0026c0> CORE::PARTITIONS_PROCESSED 77
<INFO 7db0ad0026c0> CORE::BYTES::EDGES_STREAMED 954779820
<INFO 7db0ad0026c0> CORE::BYTES::UPDATES_OUT 299284416
<INFO 7db0ad0026c0> CORE::BYTES::UPDATES_IN 311461944
<INFO 7db0ab7ff6c0> CORE::PARTITIONS_PROCESSED 73
<INFO 7db0ac8016c0> CORE::PARTITIONS_PROCESSED 78
<INFO 7db0aaffe6c0> CORE::PARTITIONS_PROCESSED 86
<INFO 7db0ac8016c0> CORE::BYTES::EDGES_STREAMED 920355204
<INFO 7db0ab7ff6c0> CORE::BYTES::EDGES_STREAMED 947224116
<INFO 7db0ac8016c0> CORE::BYTES::UPDATES_OUT 290928400
<INFO 7db0ac8016c0> CORE::BYTES::UPDATES_IN 228670648
<INFO 7db0ac0006c0> CORE::PARTITIONS_PROCESSED 91
<INFO 7db0ab7ff6c0> CORE::BYTES::UPDATES_OUT 292239456
<INFO 7db0ab7ff6c0> CORE::BYTES::UPDATES_IN 551006784
<INFO 7db0ac0006c0> CORE::BYTES::EDGES_STREAMED 896600184
<INFO 7db0aa7fd6c0> CORE::PARTITIONS_PROCESSED 89
<INFO 7db0aa7fd6c0> CORE::BYTES::EDGES_STREAMED 897466632
<INFO 7db0aa7fd6c0> CORE::BYTES::UPDATES_OUT 298809536
<INFO 7db0a9ffc6c0> CORE::PARTITIONS_PROCESSED 102
<INFO 7db0aa7fd6c0> CORE::BYTES::UPDATES_IN 271201736
<INFO 7db0aaffe6c0> CORE::BYTES::EDGES_STREAMED 1075863144
<INFO 7db0aaffe6c0> CORE::BYTES::UPDATES_OUT 409464080
<INFO 7db0aaffe6c0> CORE::BYTES::UPDATES_IN 278565312
<INFO 7db0ac0006c0> CORE::BYTES::UPDATES_OUT 315681384
<INFO 7db0a9ffc6c0> CORE::BYTES::EDGES_STREAMED 908248632
<INFO 7db0ac0006c0> CORE::BYTES::UPDATES_IN 271559192
<INFO 7db0a9ffc6c0> CORE::BYTES::UPDATES_OUT 277845456
<INFO 7db0a9ffc6c0> CORE::BYTES::UPDATES_IN 285539960
<INFO 7db2adf0b2c0> CORE::RUSAGE::MAX_RSS_KB 8393836
<INFO 7db2adf0b2c0> CORE::RUSAGE::MINFLT 2097466
<INFO 7db2adf0b2c0> CORE::RUSAGE::MAJFLT 0
<INFO 7db2adf0b2c0> CORE::RUSAGE::MAJFLT 0
<INFO 7db2adf0b2c0> CORE::RUSAGE::INBLK 3145728
<INFO 7db2adf0b2c0> CORE::RUSAGE::OUBLK 106504
<INFO 7db2adf0b2c0> CORE::UTILS::BYTES_READ 1610612736
<INFO 7db2adf0b2c0> CORE::UTILS::BYTES_WRITTEN 54525952
<INFO 7db2adf0b2c0> CORE::TIME::IO_WAIT 3.41528 seconds
<INFO 7db2adf0b2c0> CORE::PHASES 7
<INFO 7db2adf0b2c0> CORE::TIME::SETUP 3.61998 seconds
<INFO 7db2adf0b2c0> CORE::TIME::STATE_ITER 0.0072 seconds
<INFO 7db2adf0b2c0> CORE::TIME::GATHER 0.68588 seconds
<INFO 7db2adf0b2c0> CORE::TIME::SCATTER 4.26364 seconds
<INFO 7db2adf0b2c0> TIME_IN_PC_FN 0.664956 seconds
<INFO 7db2adf0b2c0> CORE::TIME::WALL 8.70667 seconds
<INFO 7db2adf0b2c0> SHUTDOWN
