<INFO 7b2f78f382c0> STARTUP
<INFO 7b2f78f382c0> CORE::GRAPH rmat_s22_e67_sym
<INFO 7b2f78f382c0> CORE::ALGORITHM cc
<INFO 7b2f78f382c0> SG-DRIVER-ORIGINAL
<WARNING 7b2f78f382c0> Disk count not specified, assuming it to be 1
<INFO 7b2f78f382c0> CORE::CONFIG::PROCESSORS 16
<INFO 7b2f78f382c0> CORE::CONFIG::PHYSICAL_MEMORY 8589934592
<INFO 7b2f78f382c0> CORE::CONFIG::VERTICES 4194304
<INFO 7b2f78f382c0> CORE::CONFIG::VERTEX_SIZE 13
<INFO 7b2f78f382c0> CORE::CONFIG::VERTEX_BUFFER 54525952
<INFO 7b2f78f382c0> CORE::CONFIG::EDGES 134217728
<INFO 7b2f78f382c0> CORE::CONFIG::PARTITIONS 128
<INFO 7b2f78f382c0> CORE::CONFIG::FANOUT 128
<INFO 7b2f78f382c0> CORE::CONFIG::SUPER_PARTITIONS 1
<INFO 7b2f78f382c0> CORE::CONFIG::STREAM_UNIT 16777216
<INFO 7b2f78f382c0> CORE::CONFIG::BUFFER_SIZE 1703719833
<INFO 7b2f78f382c0> CORE::CONFIG::IO_NUMIOQS 1
<INFO 7b2f78f382c0> CORE::CONFIG::MAX_BUFFERS 4
<INFO 7b2f78f382c0> CORE::CONFIG::MAX_STREAMS 5
<WARNING 7b2f78f382c0> No mount point specified for disk0, falling back to current directory
my size is 1610612736
<INFO 7b2f78f382c0> ALGORITHM::CC::CC_COUNT 1729356
<INFO 7b2f78f382c0> CORE::PARTITIONS_PROCESSED 34
<INFO 7b2f78f382c0> CORE::BYTES::EDGES_STREAMED 1003909944
<INFO 7b2f78f382c0> CORE::BYTES::UPDATES_OUT 248282680
<INFO 7b2f78f382c0> CORE::BYTES::UPDATES_IN 231514760
<INFO 7b2d727f76c0> CORE::PARTITIONS_PROCESSED 52
<INFO 7b2d780026c0> CORE::PARTITIONS_PROCESSED 37
<INFO 7b2d727f76c0> CORE::BYTES::EDGES_STREAMED 417966600
<INFO 7b2d717f56c0> CORE::PARTITIONS_PROCESSED 22
<INFO 7b2d780026c0> CORE::BYTES::EDGES_STREAMED 620886120
<INFO 7b2d75ffe6c0> CORE::PARTITIONS_PROCESSED 43
<INFO 7b2d75ffe6c0> CORE::BYTES::EDGES_STREAMED 384826056
<INFO 7b2d75ffe6c0> CORE::BYTES::UPDATES_OUT 144523224
<INFO 7b2d727f76c0> CORE::BYTES::UPDATES_OUT 141632560
<INFO 7b2d717f56c0> CORE::BYTES::EDGES_STREAMED 461207316
<INFO 7b2d70ff46c0> CORE::PARTITIONS_PROCESSED 60
<INFO 7b2d780026c0> CORE::BYTES::UPDATES_OUT 158766848
<INFO 7b2d70ff46c0> CORE::BYTES::EDGES_STREAMED 604983012
<INFO 7b2d70ff46c0> CORE::BYTES::UPDATES_OUT 242253264
<INFO 7b2d780026c0> CORE::BYTES::UPDATES_IN 255318920
<INFO 7b2d747fb6c0> CORE::PARTITIONS_PROCESSED 33
<INFO 7b2d747fb6c0> CORE::BYTES::EDGES_STREAMED 454018536
<INFO 7b2d727f76c0> CORE::BYTES::UPDATES_IN 241271000
<INFO 7b2d767ff6c0> CORE::PARTITIONS_PROCESSED 18
<INFO 7b2d767ff6c0> CORE::BYTES::EDGES_STREAMED 409780488
<INFO 7b2d767ff6c0> CORE::BYTES::UPDATES_OUT 138098056
<INFO 7b2d770006c0> CORE::PARTITIONS_PROCESSED 50
<INFO 7b2d770006c0> CORE::BYTES::EDGES_STREAMED 490544904
<INFO 7b2d770006c0> CORE::BYTES::UPDATES_OUT 148380096
<INFO 7b2d717f56c0> CORE::BYTES::UPDATES_OUT 146883320
<INFO 7b2d770006c0> CORE::BYTES::UPDATES_IN 109107952
<INFO 7b2d767ff6c0> CORE::BYTES::UPDATES_IN 109848560
<INFO 7b2d75ffe6c0> CORE::BYTES::UPDATES_IN 137026704
<INFO 7b2d747fb6c0> CORE::BYTES::UPDATES_OUT 137143560
<INFO 7b2d747fb6c0> CORE::BYTES::UPDATES_IN 87958016
<INFO 7b2d717f56c0> CORE::BYTES::UPDATES_IN 265398304
<INFO 7b2d778016c0> CORE::PARTITIONS_PROCESSED 17
<INFO 7b2d778016c0> CORE::BYTES::EDGES_STREAMED 384452508
<INFO 7b2d778016c0> CORE::BYTES::UPDATES_OUT 115298440
<INFO 7b2d778016c0> CORE::BYTES::UPDATES_IN 138660224
<INFO 7b2d73ffa6c0> CORE::PARTITIONS_PROCESSED 59
<INFO 7b2d73ffa6c0> CORE::BYTES::EDGES_STREAMED 409711068
<INFO 7b2d73ffa6c0> CORE::BYTES::UPDATES_OUT 130783104
<INFO 7b2d71ff66c0> CORE::PARTITIONS_PROCESSED 34
<INFO 7b2d73ffa6c0> CORE::BYTES::UPDATES_IN 142048816
<INFO 7b2d757fd6c0> CORE::PARTITIONS_PROCESSED 38
<INFO 7b2d74ffc6c0> CORE::PARTITIONS_PROCESSED 73
<INFO 7b2d72ff86c0> CORE::PARTITIONS_PROCESSED 45
<INFO 7b2d74ffc6c0> CORE::BYTES::EDGES_STREAMED 393278052
<INFO 7b2d737f96c0> CORE::PARTITIONS_PROCESSED 26
<INFO 7b2d72ff86c0> CORE::BYTES::EDGES_STREAMED 405000456
<INFO 7b2d72ff86c0> CORE::BYTES::UPDATES_OUT 141735888
<INFO 7b2d737f96c0> CORE::BYTES::EDGES_STREAMED 373271160
<INFO 7b2d74ffc6c0> CORE::BYTES::UPDATES_OUT 137237344
<INFO 7b2d74ffc6c0> CORE::BYTES::UPDATES_IN 111529720
<INFO 7b2d72ff86c0> CORE::BYTES::UPDATES_IN 69341208
<INFO 7b2d757fd6c0> CORE::BYTES::EDGES_STREAMED 386410248
<INFO 7b2d757fd6c0> CORE::BYTES::UPDATES_OUT 136011560
<INFO 7b2d757fd6c0> CORE::BYTES::UPDATES_IN 148037480
<INFO 7b2d71ff66c0> CORE::BYTES::EDGES_STREAMED 511522236
<INFO 7b2d71ff66c0> CORE::BYTES::UPDATES_OUT 184363816
<INFO 7b2d71ff66c0> CORE::BYTES::UPDATES_IN 148853512
<INFO 7b2d70ff46c0> CORE::BYTES::UPDATES_IN 144123352
<INFO 7b2d737f96c0> CORE::BYTES::UPDATES_OUT 135804312
<INFO 7b2d737f96c0> CORE::BYTES::UPDATES_IN 147159544
<INFO 7b2f78f382c0> CORE::RUSAGE::MAX_RSS_KB 8394096
<INFO 7b2f78f382c0> CORE::RUSAGE::MINFLT 2097538
<INFO 7b2f78f382c0> CORE::RUSAGE::MAJFLT 0
<INFO 7b2f78f382c0> CORE::RUSAGE::MAJFLT 0
<INFO 7b2f78f382c0> CORE::RUSAGE::INBLK 3145728
<INFO 7b2f78f382c0> CORE::RUSAGE::OUBLK 106512
<INFO 7b2f78f382c0> CORE::UTILS::BYTES_READ 1610612736
<INFO 7b2f78f382c0> CORE::UTILS::BYTES_WRITTEN 54525952
<INFO 7b2f78f382c0> CORE::TIME::IO_WAIT 3.43306 seconds
<INFO 7b2f78f382c0> CORE::PHASES 7
<INFO 7b2f78f382c0> CORE::TIME::SETUP 3.57317 seconds
<INFO 7b2f78f382c0> CORE::TIME::STATE_ITER 0.017997 seconds
<INFO 7b2f78f382c0> CORE::TIME::GATHER 1.00274 seconds
<INFO 7b2f78f382c0> CORE::TIME::SCATTER 4.97709 seconds
<INFO 7b2f78f382c0> TIME_IN_PC_FN 0.721282 seconds
<INFO 7b2f78f382c0> CORE::TIME::WALL 9.9277 seconds
<INFO 7b2f78f382c0> SHUTDOWN
