<INFO 72bf0fea02c0> STARTUP
<INFO 72bf0fea02c0> CORE::GRAPH rmat_s22_e67
<INFO 72bf0fea02c0> CORE::ALGORITHM pagerank
<INFO 72bf0fea02c0> SG-DRIVER-ORIGINAL
<WARNING 72bf0fea02c0> Disk count not specified, assuming it to be 1
<INFO 72bf0fea02c0> CORE::CONFIG::PROCESSORS 4
<INFO 72bf0fea02c0> CORE::CONFIG::PHYSICAL_MEMORY 8589934592
<INFO 72bf0fea02c0> CORE::CONFIG::VERTICES 4194304
<INFO 72bf0fea02c0> CORE::CONFIG::VERTEX_SIZE 12
<INFO 72bf0fea02c0> CORE::CONFIG::VERTEX_BUFFER 50331648
<INFO 72bf0fea02c0> CORE::CONFIG::EDGES 67108864
<INFO 72bf0fea02c0> CORE::CONFIG::PARTITIONS 32
<INFO 72bf0fea02c0> CORE::CONFIG::FANOUT 32
<INFO 72bf0fea02c0> CORE::CONFIG::SUPER_PARTITIONS 1
<INFO 72bf0fea02c0> CORE::CONFIG::STREAM_UNIT 16777216
<INFO 72bf0fea02c0> CORE::CONFIG::BUFFER_SIZE 1704560249
<INFO 72bf0fea02c0> CORE::CONFIG::IO_NUMIOQS 1
<INFO 72bf0fea02c0> CORE::CONFIG::MAX_BUFFERS 4
<INFO 72bf0fea02c0> CORE::CONFIG::MAX_STREAMS 5
<WARNING 72bf0fea02c0> No mount point specified for disk0, falling back to current directory
my size is 805306368
<INFO 72bf0fea02c0> CORE::PARTITIONS_PROCESSED 100
<INFO 72bf0fea02c0> CORE::BYTES::EDGES_STREAMED 4750165944
<INFO 72bf0fea02c0> CORE::BYTES::UPDATES_OUT 2946724024
<INFO 72bf0fea02c0> CORE::BYTES::UPDATES_IN 2334272320
<INFO 72bd0dfff6c0> CORE::PARTITIONS_PROCESSED 220
<INFO 72bd0dfff6c0> CORE::BYTES::EDGES_STREAMED 6094683948
<INFO 72bd0dfff6c0> CORE::BYTES::UPDATES_OUT 3941892840
<INFO 72bd0dfff6c0> CORE::BYTES::UPDATES_IN 4490745600
<INFO 72bd0e8006c0> CORE::PARTITIONS_PROCESSED 160
<INFO 72bd0e8006c0> CORE::BYTES::EDGES_STREAMED 3247582620
<INFO 72bd0e8006c0> CORE::BYTES::UPDATES_OUT 2067259016
<INFO 72bd0e8006c0> CORE::BYTES::UPDATES_IN 1956130720
<INFO 72bd0f0016c0> CORE::PARTITIONS_PROCESSED 160
<INFO 72bd0f0016c0> CORE::BYTES::EDGES_STREAMED 3624307584
<INFO 72bd0f0016c0> CORE::BYTES::UPDATES_OUT 2318413272
<INFO 72bd0f0016c0> CORE::BYTES::UPDATES_IN 1956269600
<INFO 72bf0fea02c0> CORE::RUSAGE::MAX_RSS_KB 8393848
<INFO 72bf0fea02c0> CORE::RUSAGE::MINFLT 2097421
<INFO 72bf0fea02c0> CORE::RUSAGE::MAJFLT 0
<INFO 72bf0fea02c0> CORE::RUSAGE::MAJFLT 0
<INFO 72bf0fea02c0> CORE::RUSAGE::INBLK 1572864
<INFO 72bf0fea02c0> CORE::RUSAGE::OUBLK 98312
<INFO 72bf0fea02c0> CORE::UTILS::BYTES_READ 805306368
<INFO 72bf0fea02c0> CORE::UTILS::BYTES_WRITTEN 50331648
<INFO 72bf0fea02c0> CORE::TIME::IO_WAIT 2.13302 seconds
<INFO 72bf0fea02c0> CORE::PHASES 22
<INFO 72bf0fea02c0> CORE::TIME::SETUP 3.47706 seconds
<INFO 72bf0fea02c0> CORE::TIME::STATE_ITER 0.179246 seconds
<INFO 72bf0fea02c0> CORE::TIME::GATHER 3.56918 seconds
<INFO 72bf0fea02c0> CORE::TIME::SCATTER 5.08601 seconds
<INFO 72bf0fea02c0> TIME_IN_PC_FN 2.54759 seconds
<INFO 72bf0fea02c0> CORE::TIME::WALL 12.4112 seconds
<INFO 72bf0fea02c0> SHUTDOWN
