<INFO 71799f8882c0> STARTUP
<INFO 71799f8882c0> CORE::GRAPH rmat_s22_e67_sym
<INFO 71799f8882c0> CORE::ALGORITHM cc
<INFO 71799f8882c0> SG-DRIVER-ORIGINAL
<WARNING 71799f8882c0> Disk count not specified, assuming it to be 1
<INFO 71799f8882c0> CORE::CONFIG::PROCESSORS 16
<INFO 71799f8882c0> CORE::CONFIG::PHYSICAL_MEMORY 8589934592
<INFO 71799f8882c0> CORE::CONFIG::VERTICES 4194304
<INFO 71799f8882c0> CORE::CONFIG::VERTEX_SIZE 13
<INFO 71799f8882c0> CORE::CONFIG::VERTEX_BUFFER 54525952
<INFO 71799f8882c0> CORE::CONFIG::EDGES 134217728
<INFO 71799f8882c0> CORE::CONFIG::PARTITIONS 128
<INFO 71799f8882c0> CORE::CONFIG::FANOUT 128
<INFO 71799f8882c0> CORE::CONFIG::SUPER_PARTITIONS 1
<INFO 71799f8882c0> CORE::CONFIG::STREAM_UNIT 16777216
<INFO 71799f8882c0> CORE::CONFIG::BUFFER_SIZE 1703719833
<INFO 71799f8882c0> CORE::CONFIG::IO_NUMIOQS 1
<INFO 71799f8882c0> CORE::CONFIG::MAX_BUFFERS 4
<INFO 71799f8882c0> CORE::CONFIG::MAX_STREAMS 5
<WARNING 71799f8882c0> No mount point specified for disk0, falling back to current directory
my size is 1610612736
<INFO 71799f8882c0> ALGORITHM::CC::CC_COUNT 1729356
<INFO 71799f8882c0> CORE::PARTITIONS_PROCESSED 21
<INFO 71799f8882c0> CORE::BYTES::EDGES_STREAMED 865535076
<INFO 71799f8882c0> CORE::BYTES::UPDATES_OUT 219389904
<INFO 71799f8882c0> CORE::BYTES::UPDATES_IN 173451144
<INFO 7177979f46c0> CORE::PARTITIONS_PROCESSED 32
<INFO 71779b1fb6c0> CORE::PARTITIONS_PROCESSED 32
<INFO 71779c1fd6c0> CORE::PARTITIONS_PROCESSED 28
<INFO 71779d1ff6c0> CORE::PARTITIONS_PROCESSED 32
<INFO 71779d1ff6c0> CORE::BYTES::EDGES_STREAMED 596673564
<INFO 71779d1ff6c0> CORE::BYTES::UPDATES_OUT 148607288
<INFO 71779d1ff6c0> CORE::BYTES::UPDATES_IN 169845192
<INFO 71779b1fb6c0> CORE::BYTES::EDGES_STREAMED 429244620
<INFO 71779a9fa6c0> CORE::PARTITIONS_PROCESSED 62
<INFO 7177989f66c0> CORE::PARTITIONS_PROCESSED 32
<INFO 71779da006c0> CORE::PARTITIONS_PROCESSED 47
<INFO 71779a9fa6c0> CORE::BYTES::EDGES_STREAMED 470787408
<INFO 71779b9fc6c0> CORE::PARTITIONS_PROCESSED 67
<INFO 7177981f56c0> CORE::PARTITIONS_PROCESSED 44
<INFO 71779c9fe6c0> CORE::PARTITIONS_PROCESSED 44
<INFO 71779e2016c0> CORE::PARTITIONS_PROCESSED 28
<INFO 7177991f76c0> CORE::PARTITIONS_PROCESSED 60
<INFO 71779c1fd6c0> CORE::BYTES::EDGES_STREAMED 344984292
<INFO 71779c9fe6c0> CORE::BYTES::EDGES_STREAMED 384724632
<INFO 71779e2016c0> CORE::BYTES::EDGES_STREAMED 441802884
<INFO 71779a1f96c0> CORE::PARTITIONS_PROCESSED 27
<INFO 7177989f66c0> CORE::BYTES::EDGES_STREAMED 490418400
<INFO 71779e2016c0> CORE::BYTES::UPDATES_OUT 139786608
<INFO 71779b1fb6c0> CORE::BYTES::UPDATES_OUT 119901072
<INFO 71779c1fd6c0> CORE::BYTES::UPDATES_OUT 117326032
<INFO 71779ea026c0> CORE::PARTITIONS_PROCESSED 36
<INFO 71779b9fc6c0> CORE::BYTES::EDGES_STREAMED 472084344
<INFO 7177999f86c0> CORE::PARTITIONS_PROCESSED 49
<INFO 71779c9fe6c0> CORE::BYTES::UPDATES_OUT 122096208
<INFO 7177979f46c0> CORE::BYTES::EDGES_STREAMED 513586620
<INFO 71779a9fa6c0> CORE::BYTES::UPDATES_OUT 131819360
<INFO 7177991f76c0> CORE::BYTES::EDGES_STREAMED 583943520
<INFO 71779ea026c0> CORE::BYTES::EDGES_STREAMED 533854680
<INFO 7177981f56c0> CORE::BYTES::EDGES_STREAMED 405196764
<INFO 7177981f56c0> CORE::BYTES::UPDATES_OUT 120861944
<INFO 7177981f56c0> CORE::BYTES::UPDATES_IN 121883240
<INFO 71779c9fe6c0> CORE::BYTES::UPDATES_IN 132067432
<INFO 7177999f86c0> CORE::BYTES::EDGES_STREAMED 350268456
<INFO 71779b9fc6c0> CORE::BYTES::UPDATES_OUT 190441624
<INFO 7177999f86c0> CORE::BYTES::UPDATES_OUT 123770592
<INFO 7177999f86c0> CORE::BYTES::UPDATES_IN 131328464
<INFO 71779e2016c0> CORE::BYTES::UPDATES_IN 110067416
<INFO 7177979f46c0> CORE::BYTES::UPDATES_OUT 178179728
<INFO 71779c1fd6c0> CORE::BYTES::UPDATES_IN 201463280
<INFO 71779ea026c0> CORE::BYTES::UPDATES_OUT 157465232
<INFO 71779a9fa6c0> CORE::BYTES::UPDATES_IN 152348816
<INFO 71779a1f96c0> CORE::BYTES::EDGES_STREAMED 402867144
<INFO 71779a1f96c0> CORE::BYTES::UPDATES_OUT 136690360
<INFO 71779a1f96c0> CORE::BYTES::UPDATES_IN 104164304
<INFO 7177991f76c0> CORE::BYTES::UPDATES_OUT 249930272
<INFO 7177991f76c0> CORE::BYTES::UPDATES_IN 408512248
<INFO 7177989f66c0> CORE::BYTES::UPDATES_OUT 167423192
<INFO 7177989f66c0> CORE::BYTES::UPDATES_IN 147141240
<INFO 71779ea026c0> CORE::BYTES::UPDATES_IN 147924272
<INFO 71779b9fc6c0> CORE::BYTES::UPDATES_IN 124050184
<INFO 71779da006c0> CORE::BYTES::EDGES_STREAMED 425796300
<INFO 71779da006c0> CORE::BYTES::UPDATES_OUT 163508656
<INFO 7177979f46c0> CORE::BYTES::UPDATES_IN 134931288
<INFO 71779b1fb6c0> CORE::BYTES::UPDATES_IN 92997584
<INFO 71779da006c0> CORE::BYTES::UPDATES_IN 135021968
<INFO 71799f8882c0> CORE::RUSAGE::MAX_RSS_KB 8394040
<INFO 71799f8882c0> CORE::RUSAGE::MINFLT 2097528
<INFO 71799f8882c0> CORE::RUSAGE::MAJFLT 0
<INFO 71799f8882c0> CORE::RUSAGE::MAJFLT 0
<INFO 71799f8882c0> CORE::RUSAGE::INBLK 3145728
<INFO 71799f8882c0> CORE::RUSAGE::OUBLK 106512
<INFO 71799f8882c0> CORE::UTILS::BYTES_READ 1610612736
<INFO 71799f8882c0> CORE::UTILS::BYTES_WRITTEN 54525952
<INFO 71799f8882c0> CORE::TIME::IO_WAIT 6.177 seconds
<INFO 71799f8882c0> CORE::PHASES 7
<INFO 71799f8882c0> CORE::TIME::SETUP 3.60845 seconds
<INFO 71799f8882c0> CORE::TIME::STATE_ITER 0.017991 seconds
<INFO 71799f8882c0> CORE::TIME::GATHER 0.991472 seconds
<INFO 71799f8882c0> CORE::TIME::SCATTER 7.95601 seconds
<INFO 71799f8882c0> TIME_IN_PC_FN 0.955722 seconds
<INFO 71799f8882c0> CORE::TIME::WALL 12.9478 seconds
<INFO 71799f8882c0> SHUTDOWN
