<INFO 7aab90cfc2c0> STARTUP
<INFO 7aab90cfc2c0> CORE::GRAPH rmat_s22_e67
<INFO 7aab90cfc2c0> CORE::ALGORITHM pagerank
<INFO 7aab90cfc2c0> SG-DRIVER-ORIGINAL
<WARNING 7aab90cfc2c0> Disk count not specified, assuming it to be 1
<INFO 7aab90cfc2c0> CORE::CONFIG::PROCESSORS 8
<INFO 7aab90cfc2c0> CORE::CONFIG::PHYSICAL_MEMORY 8589934592
<INFO 7aab90cfc2c0> CORE::CONFIG::VERTICES 4194304
<INFO 7aab90cfc2c0> CORE::CONFIG::VERTEX_SIZE 12
<INFO 7aab90cfc2c0> CORE::CONFIG::VERTEX_BUFFER 50331648
<INFO 7aab90cfc2c0> CORE::CONFIG::EDGES 67108864
<INFO 7aab90cfc2c0> CORE::CONFIG::PARTITIONS 32
<INFO 7aab90cfc2c0> CORE::CONFIG::FANOUT 32
<INFO 7aab90cfc2c0> CORE::CONFIG::SUPER_PARTITIONS 1
<INFO 7aab90cfc2c0> CORE::CONFIG::STREAM_UNIT 16777216
<INFO 7aab90cfc2c0> CORE::CONFIG::BUFFER_SIZE 1704560192
<INFO 7aab90cfc2c0> CORE::CONFIG::IO_NUMIOQS 1
<INFO 7aab90cfc2c0> CORE::CONFIG::MAX_BUFFERS 4
<INFO 7aab90cfc2c0> CORE::CONFIG::MAX_STREAMS 5
<WARNING 7aab90cfc2c0> No mount point specified for disk0, falling back to current directory
my size is 805306368
<INFO 7aab90cfc2c0> CORE::PARTITIONS_PROCESSED 40
<INFO 7aab90cfc2c0> CORE::BYTES::EDGES_STREAMED 1832210088
<INFO 7aab90cfc2c0> CORE::BYTES::UPDATES_OUT 1178827440
<INFO 7aab90cfc2c0> CORE::BYTES::UPDATES_IN 1122820480
<INFO 7aa98e5fe6c0> CORE::PARTITIONS_PROCESSED 80
<INFO 7aa98f6006c0> CORE::PARTITIONS_PROCESSED 60
<INFO 7aa98d5fc6c0> CORE::PARTITIONS_PROCESSED 100
<INFO 7aa98cdfb6c0> CORE::PARTITIONS_PROCESSED 100
<INFO 7aa98d5fc6c0> CORE::BYTES::EDGES_STREAMED 3288914376
<INFO 7aa98edff6c0> CORE::PARTITIONS_PROCESSED 100
<INFO 7aa98f6006c0> CORE::BYTES::EDGES_STREAMED 1997306784
<INFO 7aa98edff6c0> CORE::BYTES::EDGES_STREAMED 2002111680
<INFO 7aa98e5fe6c0> CORE::BYTES::EDGES_STREAMED 1631546976
<INFO 7aa98edff6c0> CORE::BYTES::UPDATES_OUT 1283897760
<INFO 7aa98cdfb6c0> CORE::BYTES::EDGES_STREAMED 1826734056
<INFO 7aa98edff6c0> CORE::BYTES::UPDATES_IN 1327992160
<INFO 7aa98d5fc6c0> CORE::BYTES::UPDATES_OUT 2141813984
<INFO 7aa98d5fc6c0> CORE::BYTES::UPDATES_IN 2835042720
<INFO 7aa98ddfd6c0> CORE::PARTITIONS_PROCESSED 100
<INFO 7aa98fe016c0> CORE::PARTITIONS_PROCESSED 60
<INFO 7aa98cdfb6c0> CORE::BYTES::UPDATES_OUT 1153846328
<INFO 7aa98fe016c0> CORE::BYTES::EDGES_STREAMED 1953237144
<INFO 7aa98cdfb6c0> CORE::BYTES::UPDATES_IN 1008739520
<INFO 7aa98e5fe6c0> CORE::BYTES::UPDATES_OUT 1040728560
<INFO 7aa98ddfd6c0> CORE::BYTES::EDGES_STREAMED 3184678992
<INFO 7aa98f6006c0> CORE::BYTES::UPDATES_OUT 1271013408
<INFO 7aa98ddfd6c0> CORE::BYTES::UPDATES_OUT 1962514584
<INFO 7aa98fe016c0> CORE::BYTES::UPDATES_OUT 1241647088
<INFO 7aa98e5fe6c0> CORE::BYTES::UPDATES_IN 1481355360
<INFO 7aa98ddfd6c0> CORE::BYTES::UPDATES_IN 1704441280
<INFO 7aa98f6006c0> CORE::BYTES::UPDATES_IN 628405760
<INFO 7aa98fe016c0> CORE::BYTES::UPDATES_IN 628620960
<INFO 7aab90cfc2c0> CORE::RUSAGE::MAX_RSS_KB 8393696
<INFO 7aab90cfc2c0> CORE::RUSAGE::MINFLT 2097459
<INFO 7aab90cfc2c0> CORE::RUSAGE::MAJFLT 0
<INFO 7aab90cfc2c0> CORE::RUSAGE::MAJFLT 0
<INFO 7aab90cfc2c0> CORE::RUSAGE::INBLK 1572864
<INFO 7aab90cfc2c0> CORE::RUSAGE::OUBLK 98312
<INFO 7aab90cfc2c0> CORE::UTILS::BYTES_READ 805306368
<INFO 7aab90cfc2c0> CORE::UTILS::BYTES_WRITTEN 50331648
<INFO 7aab90cfc2c0> CORE::TIME::IO_WAIT 2.14056 seconds
<INFO 7aab90cfc2c0> CORE::PHASES 22
<INFO 7aab90cfc2c0> CORE::TIME::SETUP 3.61418 seconds
<INFO 7aab90cfc2c0> CORE::TIME::STATE_ITER 0.845511 seconds
<INFO 7aab90cfc2c0> CORE::TIME::GATHER 4.01652 seconds
<INFO 7aab90cfc2c0> CORE::TIME::SCATTER 6.03189 seconds
<INFO 7aab90cfc2c0> TIME_IN_PC_FN 2.50112 seconds
<INFO 7aab90cfc2c0> CORE::TIME::WALL 14.6094 seconds
<INFO 7aab90cfc2c0> SHUTDOWN
