<INFO 739a568c12c0> STARTUP
<INFO 739a568c12c0> CORE::GRAPH rmat_s22_e67_sym
<INFO 739a568c12c0> CORE::ALGORITHM cc
<INFO 739a568c12c0> SG-DRIVER-ORIGINAL
<WARNING 739a568c12c0> Disk count not specified, assuming it to be 1
<INFO 739a568c12c0> CORE::CONFIG::PROCESSORS 16
<INFO 739a568c12c0> CORE::CONFIG::PHYSICAL_MEMORY 8589934592
<INFO 739a568c12c0> CORE::CONFIG::VERTICES 4194304
<INFO 739a568c12c0> CORE::CONFIG::VERTEX_SIZE 13
<INFO 739a568c12c0> CORE::CONFIG::VERTEX_BUFFER 54525952
<INFO 739a568c12c0> CORE::CONFIG::EDGES 134217728
<INFO 739a568c12c0> CORE::CONFIG::PARTITIONS 128
<INFO 739a568c12c0> CORE::CONFIG::FANOUT 128
<INFO 739a568c12c0> CORE::CONFIG::SUPER_PARTITIONS 1
<INFO 739a568c12c0> CORE::CONFIG::STREAM_UNIT 16777216
<INFO 739a568c12c0> CORE::CONFIG::BUFFER_SIZE 1703719833
<INFO 739a568c12c0> CORE::CONFIG::IO_NUMIOQS 1
<INFO 739a568c12c0> CORE::CONFIG::MAX_BUFFERS 4
<INFO 739a568c12c0> CORE::CONFIG::MAX_STREAMS 5
<WARNING 739a568c12c0> No mount point specified for disk0, falling back to current directory
my size is 1610612736
<INFO 739a568c12c0> ALGORITHM::CC::CC_COUNT 1729356
<INFO 739a568c12c0> CORE::PARTITIONS_PROCESSED 19
<INFO 739a568c12c0> CORE::BYTES::EDGES_STREAMED 896252088
<INFO 739a568c12c0> CORE::BYTES::UPDATES_OUT 224350240
<INFO 739a568c12c0> CORE::BYTES::UPDATES_IN 168133864
<INFO 7398501f76c0> CORE::PARTITIONS_PROCESSED 35
<INFO 7398521fb6c0> CORE::PARTITIONS_PROCESSED 38
<INFO 7398501f76c0> CORE::BYTES::EDGES_STREAMED 405005784
<INFO 7398539fe6c0> CORE::PARTITIONS_PROCESSED 47
<INFO 7398521fb6c0> CORE::BYTES::EDGES_STREAMED 468019908
<INFO 739855a026c0> CORE::PARTITIONS_PROCESSED 47
<INFO 73984f9f66c0> CORE::PARTITIONS_PROCESSED 50
<INFO 7398501f76c0> CORE::BYTES::UPDATES_OUT 131332544
<INFO 7398501f76c0> CORE::BYTES::UPDATES_IN 101186232
<INFO 7398521fb6c0> CORE::BYTES::UPDATES_OUT 148536704
<INFO 7398509f86c0> CORE::PARTITIONS_PROCESSED 83
<INFO 73984f9f66c0> CORE::BYTES::EDGES_STREAMED 554469876
<INFO 7398509f86c0> CORE::BYTES::EDGES_STREAMED 643835148
<INFO 739855a026c0> CORE::BYTES::EDGES_STREAMED 481370040
<INFO 7398519fa6c0> CORE::PARTITIONS_PROCESSED 35
<INFO 7398519fa6c0> CORE::BYTES::EDGES_STREAMED 421786656
<INFO 739855a026c0> CORE::BYTES::UPDATES_OUT 160838672
<INFO 7398539fe6c0> CORE::BYTES::EDGES_STREAMED 457733352
<INFO 7398539fe6c0> CORE::BYTES::UPDATES_OUT 177495136
<INFO 7398519fa6c0> CORE::BYTES::UPDATES_OUT 119682352
<INFO 7398539fe6c0> CORE::BYTES::UPDATES_IN 148313296
<INFO 7398552016c0> CORE::PARTITIONS_PROCESSED 20
<INFO 739855a026c0> CORE::BYTES::UPDATES_IN 119565056
<INFO 7398552016c0> CORE::BYTES::EDGES_STREAMED 460022412
<INFO 73984f9f66c0> CORE::BYTES::UPDATES_OUT 161388776
<INFO 7398541ff6c0> CORE::PARTITIONS_PROCESSED 36
<INFO 7398552016c0> CORE::BYTES::UPDATES_OUT 132355096
<INFO 7398519fa6c0> CORE::BYTES::UPDATES_IN 172581496
<INFO 7398541ff6c0> CORE::BYTES::EDGES_STREAMED 403159176
<INFO 7398541ff6c0> CORE::BYTES::UPDATES_OUT 111488632
<INFO 7398541ff6c0> CORE::BYTES::UPDATES_IN 109837040
<INFO 7398529fc6c0> CORE::PARTITIONS_PROCESSED 66
<INFO 7398529fc6c0> CORE::BYTES::EDGES_STREAMED 330096108
<INFO 7398529fc6c0> CORE::BYTES::UPDATES_OUT 129659336
<INFO 7398529fc6c0> CORE::BYTES::UPDATES_IN 96144752
<INFO 7398509f86c0> CORE::BYTES::UPDATES_OUT 289135768
<INFO 73984f9f66c0> CORE::BYTES::UPDATES_IN 267138680
<INFO 7398509f86c0> CORE::BYTES::UPDATES_IN 322774848
<INFO 7398552016c0> CORE::BYTES::UPDATES_IN 140694376
<INFO 7398521fb6c0> CORE::BYTES::UPDATES_IN 131742440
<INFO 7398511f96c0> CORE::PARTITIONS_PROCESSED 26
<INFO 7398511f96c0> CORE::BYTES::EDGES_STREAMED 403202496
<INFO 7398511f96c0> CORE::BYTES::UPDATES_OUT 143039472
<INFO 7398511f96c0> CORE::BYTES::UPDATES_IN 147241032
<INFO 7398531fd6c0> CORE::PARTITIONS_PROCESSED 26
<INFO 7398531fd6c0> CORE::BYTES::EDGES_STREAMED 385624680
<INFO 7398531fd6c0> CORE::BYTES::UPDATES_OUT 151911176
<INFO 7398531fd6c0> CORE::BYTES::UPDATES_IN 148001288
<INFO 739854a006c0> CORE::PARTITIONS_PROCESSED 40
<INFO 739854a006c0> CORE::BYTES::EDGES_STREAMED 557388600
<INFO 739854a006c0> CORE::BYTES::UPDATES_OUT 168938200
<INFO 739854a006c0> CORE::BYTES::UPDATES_IN 142684872
<INFO 73984e9f46c0> CORE::PARTITIONS_PROCESSED 42
<INFO 73984e9f46c0> CORE::BYTES::EDGES_STREAMED 473920968
<INFO 73984e9f46c0> CORE::BYTES::UPDATES_OUT 135723496
<INFO 73984e9f46c0> CORE::BYTES::UPDATES_IN 129534328
<INFO 73984f1f56c0> CORE::PARTITIONS_PROCESSED 31
<INFO 73984f1f56c0> CORE::BYTES::EDGES_STREAMED 369881412
<INFO 73984f1f56c0> CORE::BYTES::UPDATES_OUT 101322472
<INFO 73984f1f56c0> CORE::BYTES::UPDATES_IN 141624472
<INFO 739a568c12c0> CORE::RUSAGE::MAX_RSS_KB 8393904
<INFO 739a568c12c0> CORE::RUSAGE::MINFLT 2097532
<INFO 739a568c12c0> CORE::RUSAGE::MAJFLT 0
<INFO 739a568c12c0> CORE::RUSAGE::MAJFLT 0
<INFO 739a568c12c0> CORE::RUSAGE::INBLK 3145728
<INFO 739a568c12c0> CORE::RUSAGE::OUBLK 106512
<INFO 739a568c12c0> CORE::UTILS::BYTES_READ 1610612736
<INFO 739a568c12c0> CORE::UTILS::BYTES_WRITTEN 54525952
<INFO 739a568c12c0> CORE::TIME::IO_WAIT 3.57999 seconds
<INFO 739a568c12c0> CORE::PHASES 7
<INFO 739a568c12c0> CORE::TIME::SETUP 3.61099 seconds
<INFO 739a568c12c0> CORE::TIME::STATE_ITER 0.019073 seconds
<INFO 739a568c12c0> CORE::TIME::GATHER 0.95696 seconds
<INFO 739a568c12c0> CORE::TIME::SCATTER 5.106 seconds
<INFO 739a568c12c0> TIME_IN_PC_FN 0.841986 seconds
<INFO 739a568c12c0> CORE::TIME::WALL 10.058 seconds
<INFO 739a568c12c0> SHUTDOWN
