<INFO 7286524c82c0> STARTUP
<INFO 7286524c82c0> CORE::GRAPH rmat_s22_e67
<INFO 7286524c82c0> CORE::ALGORITHM pagerank
<INFO 7286524c82c0> SG-DRIVER-ORIGINAL
<WARNING 7286524c82c0> Disk count not specified, assuming it to be 1
<INFO 7286524c82c0> CORE::CONFIG::PROCESSORS 4
<INFO 7286524c82c0> CORE::CONFIG::PHYSICAL_MEMORY 8589934592
<INFO 7286524c82c0> CORE::CONFIG::VERTICES 4194304
<INFO 7286524c82c0> CORE::CONFIG::VERTEX_SIZE 12
<INFO 7286524c82c0> CORE::CONFIG::VERTEX_BUFFER 50331648
<INFO 7286524c82c0> CORE::CONFIG::EDGES 67108864
<INFO 7286524c82c0> CORE::CONFIG::PARTITIONS 32
<INFO 7286524c82c0> CORE::CONFIG::FANOUT 32
<INFO 7286524c82c0> CORE::CONFIG::SUPER_PARTITIONS 1
<INFO 7286524c82c0> CORE::CONFIG::STREAM_UNIT 16777216
<INFO 7286524c82c0> CORE::CONFIG::BUFFER_SIZE 1704560249
<INFO 7286524c82c0> CORE::CONFIG::IO_NUMIOQS 1
<INFO 7286524c82c0> CORE::CONFIG::MAX_BUFFERS 4
<INFO 7286524c82c0> CORE::CONFIG::MAX_STREAMS 5
<WARNING 7286524c82c0> No mount point specified for disk0, falling back to current directory
my size is 805306368
<INFO 7286524c82c0> CORE::PARTITIONS_PROCESSED 100
<INFO 7286524c82c0> CORE::BYTES::EDGES_STREAMED 6597939012
<INFO 7286524c82c0> CORE::BYTES::UPDATES_OUT 4174201264
<INFO 7286524c82c0> CORE::BYTES::UPDATES_IN 2334272320
<INFO 7284516016c0> CORE::PARTITIONS_PROCESSED 160
<INFO 7284516016c0> CORE::BYTES::EDGES_STREAMED 3227128872
<INFO 728450e006c0> CORE::PARTITIONS_PROCESSED 160
<INFO 728450e006c0> CORE::BYTES::EDGES_STREAMED 3227270112
<INFO 728450e006c0> CORE::BYTES::UPDATES_OUT 2053717344
<INFO 728450e006c0> CORE::BYTES::UPDATES_IN 1956130720
<INFO 7284505ff6c0> CORE::PARTITIONS_PROCESSED 220
<INFO 7284505ff6c0> CORE::BYTES::EDGES_STREAMED 4664402100
<INFO 7284505ff6c0> CORE::BYTES::UPDATES_OUT 2992743080
<INFO 7284505ff6c0> CORE::BYTES::UPDATES_IN 4490745600
<INFO 7284516016c0> CORE::BYTES::UPDATES_OUT 2053627464
<INFO 7284516016c0> CORE::BYTES::UPDATES_IN 1956269600
<INFO 7286524c82c0> CORE::RUSAGE::MAX_RSS_KB 8393772
<INFO 7286524c82c0> CORE::RUSAGE::MINFLT 2097420
<INFO 7286524c82c0> CORE::RUSAGE::MAJFLT 0
<INFO 7286524c82c0> CORE::RUSAGE::MAJFLT 0
<INFO 7286524c82c0> CORE::RUSAGE::INBLK 1572864
<INFO 7286524c82c0> CORE::RUSAGE::OUBLK 98312
<INFO 7286524c82c0> CORE::UTILS::BYTES_READ 805306368
<INFO 7286524c82c0> CORE::UTILS::BYTES_WRITTEN 50331648
<INFO 7286524c82c0> CORE::TIME::IO_WAIT 1.93171 seconds
<INFO 7286524c82c0> CORE::PHASES 22
<INFO 7286524c82c0> CORE::TIME::SETUP 3.4773 seconds
<INFO 7286524c82c0> CORE::TIME::STATE_ITER 0.178383 seconds
<INFO 7286524c82c0> CORE::TIME::GATHER 3.56502 seconds
<INFO 7286524c82c0> CORE::TIME::SCATTER 4.96378 seconds
<INFO 7286524c82c0> TIME_IN_PC_FN 3.16095 seconds
<INFO 7286524c82c0> CORE::TIME::WALL 12.2846 seconds
<INFO 7286524c82c0> SHUTDOWN
