<INFO 782098adb2c0> STARTUP
<INFO 782098adb2c0> CORE::GRAPH rmat_s22_e67_sym
<INFO 782098adb2c0> CORE::ALGORITHM cc
<INFO 782098adb2c0> SG-DRIVER-ORIGINAL
<WARNING 782098adb2c0> Disk count not specified, assuming it to be 1
<INFO 782098adb2c0> CORE::CONFIG::PROCESSORS 8
<INFO 782098adb2c0> CORE::CONFIG::PHYSICAL_MEMORY 8589934592
<INFO 782098adb2c0> CORE::CONFIG::VERTICES 4194304
<INFO 782098adb2c0> CORE::CONFIG::VERTEX_SIZE 13
<INFO 782098adb2c0> CORE::CONFIG::VERTEX_BUFFER 54525952
<INFO 782098adb2c0> CORE::CONFIG::EDGES 134217728
<INFO 782098adb2c0> CORE::CONFIG::PARTITIONS 128
<INFO 782098adb2c0> CORE::CONFIG::FANOUT 128
<INFO 782098adb2c0> CORE::CONFIG::SUPER_PARTITIONS 1
<INFO 782098adb2c0> CORE::CONFIG::STREAM_UNIT 16777216
<INFO 782098adb2c0> CORE::CONFIG::BUFFER_SIZE 1703719948
<INFO 782098adb2c0> CORE::CONFIG::IO_NUMIOQS 1
<INFO 782098adb2c0> CORE::CONFIG::MAX_BUFFERS 4
<INFO 782098adb2c0> CORE::CONFIG::MAX_STREAMS 5
<WARNING 782098adb2c0> No mount point specified for disk0, falling back to current directory
my size is 1610612736
<INFO 782098adb2c0> ALGORITHM::CC::CC_COUNT 1729356
<INFO 782098adb2c0> CORE::PARTITIONS_PROCESSED 50
<INFO 782098adb2c0> CORE::BYTES::EDGES_STREAMED 1123690140
<INFO 782098adb2c0> CORE::BYTES::UPDATES_OUT 312599984
<INFO 782098adb2c0> CORE::BYTES::UPDATES_IN 309709640
<INFO 781e963ff6c0> CORE::PARTITIONS_PROCESSED 74
<INFO 781e974016c0> CORE::PARTITIONS_PROCESSED 78
<INFO 781e94bfc6c0> CORE::PARTITIONS_PROCESSED 98
<INFO 781e974016c0> CORE::BYTES::EDGES_STREAMED 899471376
<INFO 781e97c026c0> CORE::PARTITIONS_PROCESSED 76
<INFO 781e963ff6c0> CORE::BYTES::EDGES_STREAMED 876248916
<INFO 781e95bfe6c0> CORE::PARTITIONS_PROCESSED 85
<INFO 781e94bfc6c0> CORE::BYTES::EDGES_STREAMED 932088672
<INFO 781e97c026c0> CORE::BYTES::EDGES_STREAMED 1016981628
<INFO 781e94bfc6c0> CORE::BYTES::UPDATES_OUT 284157016
<INFO 781e953fd6c0> CORE::PARTITIONS_PROCESSED 89
<INFO 781e974016c0> CORE::BYTES::UPDATES_OUT 272033640
<INFO 781e974016c0> CORE::BYTES::UPDATES_IN 228670616
<INFO 781e963ff6c0> CORE::BYTES::UPDATES_OUT 268500248
<INFO 781e963ff6c0> CORE::BYTES::UPDATES_IN 551006792
<INFO 781e96c006c0> CORE::PARTITIONS_PROCESSED 91
<INFO 781e95bfe6c0> CORE::BYTES::EDGES_STREAMED 1090950624
<INFO 781e96c006c0> CORE::BYTES::EDGES_STREAMED 905917200
<INFO 781e95bfe6c0> CORE::BYTES::UPDATES_OUT 424568800
<INFO 781e96c006c0> CORE::BYTES::UPDATES_OUT 324276336
<INFO 781e97c026c0> CORE::BYTES::UPDATES_OUT 326788888
<INFO 781e94bfc6c0> CORE::BYTES::UPDATES_IN 298831608
<INFO 781e95bfe6c0> CORE::BYTES::UPDATES_IN 322643184
<INFO 781e97c026c0> CORE::BYTES::UPDATES_IN 244634056
<INFO 781e96c006c0> CORE::BYTES::UPDATES_IN 271559192
<INFO 781e953fd6c0> CORE::BYTES::EDGES_STREAMED 866420148
<INFO 781e953fd6c0> CORE::BYTES::UPDATES_OUT 274273160
<INFO 781e953fd6c0> CORE::BYTES::UPDATES_IN 260142984
<INFO 782098adb2c0> CORE::RUSAGE::MAX_RSS_KB 8393792
<INFO 782098adb2c0> CORE::RUSAGE::MINFLT 2097465
<INFO 782098adb2c0> CORE::RUSAGE::MAJFLT 0
<INFO 782098adb2c0> CORE::RUSAGE::MAJFLT 0
<INFO 782098adb2c0> CORE::RUSAGE::INBLK 3145728
<INFO 782098adb2c0> CORE::RUSAGE::OUBLK 106504
<INFO 782098adb2c0> CORE::UTILS::BYTES_READ 1610612736
<INFO 782098adb2c0> CORE::UTILS::BYTES_WRITTEN 54525952
<INFO 782098adb2c0> CORE::TIME::IO_WAIT 5.71028 seconds
<INFO 782098adb2c0> CORE::PHASES 7
<INFO 782098adb2c0> CORE::TIME::SETUP 3.58257 seconds
<INFO 782098adb2c0> CORE::TIME::STATE_ITER 0.00708 seconds
<INFO 782098adb2c0> CORE::TIME::GATHER 0.689363 seconds
<INFO 782098adb2c0> CORE::TIME::SCATTER 6.55842 seconds
<INFO 782098adb2c0> TIME_IN_PC_FN 0.681079 seconds
<INFO 782098adb2c0> CORE::TIME::WALL 10.9672 seconds
<INFO 782098adb2c0> SHUTDOWN
