<INFO 78b9845312c0> STARTUP
<INFO 78b9845312c0> CORE::GRAPH rmat_s22_e67
<INFO 78b9845312c0> CORE::ALGORITHM pagerank
<INFO 78b9845312c0> SG-DRIVER-ORIGINAL
<WARNING 78b9845312c0> Disk count not specified, assuming it to be 1
<INFO 78b9845312c0> CORE::CONFIG::PROCESSORS 1
<INFO 78b9845312c0> CORE::CONFIG::PHYSICAL_MEMORY 8589934592
<INFO 78b9845312c0> CORE::CONFIG::VERTICES 4194304
<INFO 78b9845312c0> CORE::CONFIG::VERTEX_SIZE 12
<INFO 78b9845312c0> CORE::CONFIG::VERTEX_BUFFER 50331648
<INFO 78b9845312c0> CORE::CONFIG::EDGES 67108864
<INFO 78b9845312c0> CORE::CONFIG::PARTITIONS 32
<INFO 78b9845312c0> CORE::CONFIG::FANOUT 32
<INFO 78b9845312c0> CORE::CONFIG::SUPER_PARTITIONS 1
<INFO 78b9845312c0> CORE::CONFIG::STREAM_UNIT 16777216
<INFO 78b9845312c0> CORE::CONFIG::BUFFER_SIZE 1704560292
<INFO 78b9845312c0> CORE::CONFIG::IO_NUMIOQS 1
<INFO 78b9845312c0> CORE::CONFIG::MAX_BUFFERS 4
<INFO 78b9845312c0> CORE::CONFIG::MAX_STREAMS 5
<WARNING 78b9845312c0> No mount point specified for disk0, falling back to current directory
my size is 805306368
<INFO 78b9845312c0> CORE::PARTITIONS_PROCESSED 640
<INFO 78b9845312c0> CORE::BYTES::EDGES_STREAMED 17716740096
<INFO 78b9845312c0> CORE::BYTES::UPDATES_OUT 11274289152
<INFO 78b9845312c0> CORE::BYTES::UPDATES_IN 10737418240
<INFO 78b9845312c0> CORE::RUSAGE::MAX_RSS_KB 8394012
<INFO 78b9845312c0> CORE::RUSAGE::MINFLT 2097394
<INFO 78b9845312c0> CORE::RUSAGE::MAJFLT 0
<INFO 78b9845312c0> CORE::RUSAGE::MAJFLT 0
<INFO 78b9845312c0> CORE::RUSAGE::INBLK 1572864
<INFO 78b9845312c0> CORE::RUSAGE::OUBLK 98312
<INFO 78b9845312c0> CORE::UTILS::BYTES_READ 805306368
<INFO 78b9845312c0> CORE::UTILS::BYTES_WRITTEN 50331648
<INFO 78b9845312c0> CORE::TIME::IO_WAIT 3.67989 seconds
<INFO 78b9845312c0> CORE::PHASES 22
<INFO 78b9845312c0> CORE::TIME::SETUP 3.58148 seconds
<INFO 78b9845312c0> CORE::TIME::STATE_ITER 0.704433 seconds
<INFO 78b9845312c0> CORE::TIME::GATHER 7.86376 seconds
<INFO 78b9845312c0> CORE::TIME::SCATTER 10.0477 seconds
<INFO 78b9845312c0> TIME_IN_PC_FN 8.61169 seconds
<INFO 78b9845312c0> CORE::TIME::WALL 22.3219 seconds
<INFO 78b9845312c0> SHUTDOWN
