<INFO 7651fd52b2c0> STARTUP
<INFO 7651fd52b2c0> CORE::GRAPH rmat_s22_e67
<INFO 7651fd52b2c0> CORE::ALGORITHM spmv
<INFO 7651fd52b2c0> SG-DRIVER-ORIGINAL
<WARNING 7651fd52b2c0> Disk count not specified, assuming it to be 1
<INFO 7651fd52b2c0> CORE::CONFIG::PROCESSORS 4
<INFO 7651fd52b2c0> CORE::CONFIG::PHYSICAL_MEMORY 8589934592
<INFO 7651fd52b2c0> CORE::CONFIG::VERTICES 4194304
<INFO 7651fd52b2c0> CORE::CONFIG::VERTEX_SIZE 8
<INFO 7651fd52b2c0> CORE::CONFIG::VERTEX_BUFFER 33554432
<INFO 7651fd52b2c0> CORE::CONFIG::EDGES 67108864
<INFO 7651fd52b2c0> CORE::CONFIG::PARTITIONS 32
<INFO 7651fd52b2c0> CORE::CONFIG::FANOUT 32
<INFO 7651fd52b2c0> CORE::CONFIG::SUPER_PARTITIONS 1
<INFO 7651fd52b2c0> CORE::CONFIG::STREAM_UNIT 16777216
<INFO 7651fd52b2c0> CORE::CONFIG::BUFFER_SIZE 1707915692
<INFO 7651fd52b2c0> CORE::CONFIG::IO_NUMIOQS 1
<INFO 7651fd52b2c0> CORE::CONFIG::MAX_BUFFERS 4
<INFO 7651fd52b2c0> CORE::CONFIG::MAX_STREAMS 5
<WARNING 7651fd52b2c0> No mount point specified for disk0, falling back to current directory
my size is 805306368
<INFO 7651fd52b2c0> CORE::PARTITIONS_PROCESSED 5
<INFO 7651fd52b2c0> CORE::BYTES::EDGES_STREAMED 336637116
<INFO 7651fd52b2c0> CORE::BYTES::UPDATES_OUT 224424744
<INFO 7651fd52b2c0> CORE::BYTES::UPDATES_IN 116713616
<INFO 764ffc6026c0> CORE::PARTITIONS_PROCESSED 8
<INFO 764ffc6026c0> CORE::BYTES::EDGES_STREAMED 146687676
<INFO 764ffb6006c0> CORE::PARTITIONS_PROCESSED 11
<INFO 764ffb6006c0> CORE::BYTES::EDGES_STREAMED 175287480
<INFO 764ffb6006c0> CORE::BYTES::UPDATES_OUT 116858320
<INFO 764ffb6006c0> CORE::BYTES::UPDATES_IN 224537280
<INFO 764ffbe016c0> CORE::PARTITIONS_PROCESSED 8
<INFO 764ffbe016c0> CORE::BYTES::EDGES_STREAMED 146694096
<INFO 764ffbe016c0> CORE::BYTES::UPDATES_OUT 97796064
<INFO 764ffbe016c0> CORE::BYTES::UPDATES_IN 97806536
<INFO 764ffc6026c0> CORE::BYTES::UPDATES_OUT 97791784
<INFO 764ffc6026c0> CORE::BYTES::UPDATES_IN 97813480
<INFO 7651fd52b2c0> CORE::RUSAGE::MAX_RSS_KB 8393584
<INFO 7651fd52b2c0> CORE::RUSAGE::MINFLT 2097421
<INFO 7651fd52b2c0> CORE::RUSAGE::MAJFLT 0
<INFO 7651fd52b2c0> CORE::RUSAGE::MAJFLT 0
<INFO 7651fd52b2c0> CORE::RUSAGE::INBLK 1572864
<INFO 7651fd52b2c0> CORE::RUSAGE::OUBLK 65544
<INFO 7651fd52b2c0> CORE::UTILS::BYTES_READ 805306368
<INFO 7651fd52b2c0> CORE::UTILS::BYTES_WRITTEN 33554432
<INFO 7651fd52b2c0> CORE::TIME::IO_WAIT 1.90122 seconds
<INFO 7651fd52b2c0> CORE::PHASES 2
<INFO 7651fd52b2c0> CORE::TIME::SETUP 3.58073 seconds
<INFO 7651fd52b2c0> CORE::TIME::STATE_ITER 0.010055 seconds
<INFO 7651fd52b2c0> CORE::TIME::GATHER 0.187704 seconds
<INFO 7651fd52b2c0> CORE::TIME::SCATTER 2.10378 seconds
<INFO 7651fd52b2c0> TIME_IN_PC_FN 0.129916 seconds
<INFO 7651fd52b2c0> CORE::TIME::WALL 5.95867 seconds
<INFO 7651fd52b2c0> SHUTDOWN
