<INFO 7141ad6bb2c0> STARTUP
<INFO 7141ad6bb2c0> CORE::GRAPH rmat_s22_e67
<INFO 7141ad6bb2c0> CORE::ALGORITHM spmv
<INFO 7141ad6bb2c0> SG-DRIVER-ORIGINAL
<WARNING 7141ad6bb2c0> Disk count not specified, assuming it to be 1
<INFO 7141ad6bb2c0> CORE::CONFIG::PROCESSORS 16
<INFO 7141ad6bb2c0> CORE::CONFIG::PHYSICAL_MEMORY 8589934592
<INFO 7141ad6bb2c0> CORE::CONFIG::VERTICES 4194304
<INFO 7141ad6bb2c0> CORE::CONFIG::VERTEX_SIZE 8
<INFO 7141ad6bb2c0> CORE::CONFIG::VERTEX_BUFFER 33554432
<INFO 7141ad6bb2c0> CORE::CONFIG::EDGES 67108864
<INFO 7141ad6bb2c0> CORE::CONFIG::PARTITIONS 32
<INFO 7141ad6bb2c0> CORE::CONFIG::FANOUT 32
<INFO 7141ad6bb2c0> CORE::CONFIG::SUPER_PARTITIONS 1
<INFO 7141ad6bb2c0> CORE::CONFIG::STREAM_UNIT 16777216
<INFO 7141ad6bb2c0> CORE::CONFIG::BUFFER_SIZE 1707915520
<INFO 7141ad6bb2c0> CORE::CONFIG::IO_NUMIOQS 1
<INFO 7141ad6bb2c0> CORE::CONFIG::MAX_BUFFERS 4
<INFO 7141ad6bb2c0> CORE::CONFIG::MAX_STREAMS 5
<WARNING 7141ad6bb2c0> No mount point specified for disk0, falling back to current directory
my size is 805306368
<INFO 7141ad6bb2c0> CORE::PARTITIONS_PROCESSED 1
<INFO 7141ad6bb2c0> CORE::BYTES::EDGES_STREAMED 205271928
<INFO 7141ad6bb2c0> CORE::BYTES::UPDATES_OUT 136847952
<INFO 7141ad6bb2c0> CORE::BYTES::UPDATES_IN 42664520
<INFO 713fa7ff96c0> CORE::PARTITIONS_PROCESSED 2
<INFO 713fa97fc6c0> CORE::PARTITIONS_PROCESSED 3
<INFO 713fac8026c0> CORE::PARTITIONS_PROCESSED 1
<INFO 713fa97fc6c0> CORE::BYTES::EDGES_STREAMED 29077464
<INFO 713fa7ff96c0> CORE::BYTES::EDGES_STREAMED 26875584
<INFO 713fa5ff56c0> CORE::PARTITIONS_PROCESSED 3
<INFO 713fa7ff96c0> CORE::BYTES::UPDATES_OUT 17917056
<INFO 713fa5ff56c0> CORE::BYTES::EDGES_STREAMED 72719760
<INFO 713fa5ff56c0> CORE::BYTES::UPDATES_OUT 48479840
<INFO 713fa57f46c0> CORE::PARTITIONS_PROCESSED 3
<INFO 713fa7ff96c0> CORE::BYTES::UPDATES_IN 17885384
<INFO 713fa5ff56c0> CORE::BYTES::UPDATES_IN 48460536
<INFO 713fa97fc6c0> CORE::BYTES::UPDATES_OUT 19384976
<INFO 713faafff6c0> CORE::PARTITIONS_PROCESSED 1
<INFO 713fa57f46c0> CORE::BYTES::EDGES_STREAMED 23193024
<INFO 713faa7fe6c0> CORE::PARTITIONS_PROCESSED 2
<INFO 713fac8026c0> CORE::BYTES::EDGES_STREAMED 63912096
<INFO 713faafff6c0> CORE::BYTES::EDGES_STREAMED 20272152
<INFO 713fa8ffb6c0> CORE::PARTITIONS_PROCESSED 2
<INFO 713faafff6c0> CORE::BYTES::UPDATES_OUT 13514768
<INFO 713faafff6c0> CORE::BYTES::UPDATES_IN 13526608
<INFO 713faa7fe6c0> CORE::BYTES::EDGES_STREAMED 97364316
<INFO 713faa7fe6c0> CORE::BYTES::UPDATES_OUT 64909544
<INFO 713faa7fe6c0> CORE::BYTES::UPDATES_IN 17923336
<INFO 713fa97fc6c0> CORE::BYTES::UPDATES_IN 48441288
<INFO 713fa8ffb6c0> CORE::BYTES::EDGES_STREAMED 63968928
<INFO 713fa8ffb6c0> CORE::BYTES::UPDATES_OUT 42645952
<INFO 713fac8026c0> CORE::BYTES::UPDATES_OUT 42608064
<INFO 713fac8026c0> CORE::BYTES::UPDATES_IN 13524752
<INFO 713fa8ffb6c0> CORE::BYTES::UPDATES_IN 27067368
<INFO 713fa57f46c0> CORE::BYTES::UPDATES_OUT 15462016
<INFO 713fa57f46c0> CORE::BYTES::UPDATES_IN 138770168
<INFO 713fa6ff76c0> CORE::PARTITIONS_PROCESSED 2
<INFO 713fac0016c0> CORE::PARTITIONS_PROCESSED 2
<INFO 713fa67f66c0> CORE::PARTITIONS_PROCESSED 3
<INFO 713fa87fa6c0> CORE::PARTITIONS_PROCESSED 2
<INFO 713fa6ff76c0> CORE::BYTES::EDGES_STREAMED 20326392
<INFO 713fa6ff76c0> CORE::BYTES::UPDATES_OUT 13550928
<INFO 713fac0016c0> CORE::BYTES::EDGES_STREAMED 63911088
<INFO 713fa67f66c0> CORE::BYTES::EDGES_STREAMED 29042664
<INFO 713fa67f66c0> CORE::BYTES::UPDATES_OUT 19361776
<INFO 713fa67f66c0> CORE::BYTES::UPDATES_IN 48459096
<INFO 713fa87fa6c0> CORE::BYTES::EDGES_STREAMED 26854416
<INFO 713fa87fa6c0> CORE::BYTES::UPDATES_OUT 17902944
<INFO 713fa87fa6c0> CORE::BYTES::UPDATES_IN 17917136
<INFO 713fac0016c0> CORE::BYTES::UPDATES_OUT 42607392
<INFO 713fac0016c0> CORE::BYTES::UPDATES_IN 56141880
<INFO 713fab8006c0> CORE::PARTITIONS_PROCESSED 2
<INFO 713fab8006c0> CORE::BYTES::EDGES_STREAMED 20350284
<INFO 713fab8006c0> CORE::BYTES::UPDATES_OUT 13566856
<INFO 713fab8006c0> CORE::BYTES::UPDATES_IN 17955272
<INFO 713fa77f86c0> CORE::PARTITIONS_PROCESSED 2
<INFO 713fa9ffd6c0> CORE::PARTITIONS_PROCESSED 1
<INFO 713fa77f86c0> CORE::BYTES::EDGES_STREAMED 15292908
<INFO 713fa77f86c0> CORE::BYTES::UPDATES_OUT 10195272
<INFO 713fa77f86c0> CORE::BYTES::UPDATES_IN 5837360
<INFO 713fa9ffd6c0> CORE::BYTES::EDGES_STREAMED 26873364
<INFO 713fa9ffd6c0> CORE::BYTES::UPDATES_OUT 17915576
<INFO 713fa9ffd6c0> CORE::BYTES::UPDATES_IN 4382640
<INFO 713fa6ff76c0> CORE::BYTES::UPDATES_IN 17913568
<INFO 7141ad6bb2c0> CORE::RUSAGE::MAX_RSS_KB 8393824
<INFO 7141ad6bb2c0> CORE::RUSAGE::MINFLT 2097519
<INFO 7141ad6bb2c0> CORE::RUSAGE::MAJFLT 0
<INFO 7141ad6bb2c0> CORE::RUSAGE::MAJFLT 0
<INFO 7141ad6bb2c0> CORE::RUSAGE::INBLK 1572864
<INFO 7141ad6bb2c0> CORE::RUSAGE::OUBLK 65552
<INFO 7141ad6bb2c0> CORE::UTILS::BYTES_READ 805306368
<INFO 7141ad6bb2c0> CORE::UTILS::BYTES_WRITTEN 33554432
<INFO 7141ad6bb2c0> CORE::TIME::IO_WAIT 1.88827 seconds
<INFO 7141ad6bb2c0> CORE::PHASES 2
<INFO 7141ad6bb2c0> CORE::TIME::SETUP 3.5812 seconds
<INFO 7141ad6bb2c0> CORE::TIME::STATE_ITER 0.038335 seconds
<INFO 7141ad6bb2c0> CORE::TIME::GATHER 0.261001 seconds
<INFO 7141ad6bb2c0> CORE::TIME::SCATTER 2.372 seconds
<INFO 7141ad6bb2c0> TIME_IN_PC_FN 0.299058 seconds
<INFO 7141ad6bb2c0> CORE::TIME::WALL 6.38874 seconds
<INFO 7141ad6bb2c0> SHUTDOWN
