<INFO 7c148a9342c0> STARTUP
<INFO 7c148a9342c0> CORE::GRAPH rmat_s22_e67
<INFO 7c148a9342c0> CORE::ALGORITHM spmv
<INFO 7c148a9342c0> SG-DRIVER-ORIGINAL
<WARNING 7c148a9342c0> Disk count not specified, assuming it to be 1
<INFO 7c148a9342c0> CORE::CONFIG::PROCESSORS 16
<INFO 7c148a9342c0> CORE::CONFIG::PHYSICAL_MEMORY 8589934592
<INFO 7c148a9342c0> CORE::CONFIG::VERTICES 4194304
<INFO 7c148a9342c0> CORE::CONFIG::VERTEX_SIZE 8
<INFO 7c148a9342c0> CORE::CONFIG::VERTEX_BUFFER 33554432
<INFO 7c148a9342c0> CORE::CONFIG::EDGES 67108864
<INFO 7c148a9342c0> CORE::CONFIG::PARTITIONS 32
<INFO 7c148a9342c0> CORE::CONFIG::FANOUT 32
<INFO 7c148a9342c0> CORE::CONFIG::SUPER_PARTITIONS 1
<INFO 7c148a9342c0> CORE::CONFIG::STREAM_UNIT 16777216
<INFO 7c148a9342c0> CORE::CONFIG::BUFFER_SIZE 1707915520
<INFO 7c148a9342c0> CORE::CONFIG::IO_NUMIOQS 1
<INFO 7c148a9342c0> CORE::CONFIG::MAX_BUFFERS 4
<INFO 7c148a9342c0> CORE::CONFIG::MAX_STREAMS 5
<WARNING 7c148a9342c0> No mount point specified for disk0, falling back to current directory
my size is 805306368
<INFO 7c148a9342c0> CORE::PARTITIONS_PROCESSED 1
<INFO 7c148a9342c0> CORE::BYTES::EDGES_STREAMED 63980052
<INFO 7c148a9342c0> CORE::BYTES::UPDATES_OUT 42653368
<INFO 7c148a9342c0> CORE::BYTES::UPDATES_IN 42664520
<INFO 7c12831f56c0> CORE::PARTITIONS_PROCESSED 3
<INFO 7c12871fd6c0> CORE::PARTITIONS_PROCESSED 2
<INFO 7c12881ff6c0> CORE::PARTITIONS_PROCESSED 1
<INFO 7c12831f56c0> CORE::BYTES::EDGES_STREAMED 42153204
<INFO 7c12831f56c0> CORE::BYTES::UPDATES_OUT 28102136
<INFO 7c12881ff6c0> CORE::BYTES::EDGES_STREAMED 20272152
<INFO 7c12871fd6c0> CORE::BYTES::EDGES_STREAMED 26873364
<INFO 7c12831f56c0> CORE::BYTES::UPDATES_IN 48467896
<INFO 7c12881ff6c0> CORE::BYTES::UPDATES_OUT 13514768
<INFO 7c12871fd6c0> CORE::BYTES::UPDATES_OUT 17915576
<INFO 7c12881ff6c0> CORE::BYTES::UPDATES_IN 13526608
<INFO 7c12871fd6c0> CORE::BYTES::UPDATES_IN 17925712
<INFO 7c12851f96c0> CORE::PARTITIONS_PROCESSED 2
<INFO 7c12851f96c0> CORE::BYTES::EDGES_STREAMED 20317164
<INFO 7c12851f96c0> CORE::BYTES::UPDATES_OUT 13544776
<INFO 7c12851f96c0> CORE::BYTES::UPDATES_IN 17885384
<INFO 7c12859fa6c0> CORE::PARTITIONS_PROCESSED 2
<INFO 7c12859fa6c0> CORE::BYTES::EDGES_STREAMED 20285316
<INFO 7c12859fa6c0> CORE::BYTES::UPDATES_OUT 13523544
<INFO 7c12879fe6c0> CORE::PARTITIONS_PROCESSED 2
<INFO 7c12879fe6c0> CORE::BYTES::EDGES_STREAMED 26886876
<INFO 7c12829f46c0> CORE::PARTITIONS_PROCESSED 3
<INFO 7c12859fa6c0> CORE::BYTES::UPDATES_IN 17906296
<INFO 7c12861fb6c0> CORE::PARTITIONS_PROCESSED 1
<INFO 7c12861fb6c0> CORE::BYTES::EDGES_STREAMED 20312508
<INFO 7c12879fe6c0> CORE::BYTES::UPDATES_OUT 17924584
<INFO 7c12829f46c0> CORE::BYTES::EDGES_STREAMED 208178976
<INFO 7c12829f46c0> CORE::BYTES::UPDATES_OUT 138785984
<INFO 7c12829f46c0> CORE::BYTES::UPDATES_IN 138770168
<INFO 7c12849f86c0> CORE::PARTITIONS_PROCESSED 3
<INFO 7c12849f86c0> CORE::BYTES::EDGES_STREAMED 72646788
<INFO 7c12879fe6c0> CORE::BYTES::UPDATES_IN 17923336
<INFO 7c12861fb6c0> CORE::BYTES::UPDATES_OUT 13541672
<INFO 7c12861fb6c0> CORE::BYTES::UPDATES_IN 13535136
<INFO 7c1289a026c0> CORE::PARTITIONS_PROCESSED 1
<INFO 7c1289a026c0> CORE::BYTES::EDGES_STREAMED 63912096
<INFO 7c1289a026c0> CORE::BYTES::UPDATES_OUT 42608064
<INFO 7c1289a026c0> CORE::BYTES::UPDATES_IN 13524752
<INFO 7c12849f86c0> CORE::BYTES::UPDATES_OUT 48431192
<INFO 7c12849f86c0> CORE::BYTES::UPDATES_IN 19370552
<INFO 7c12839f66c0> CORE::PARTITIONS_PROCESSED 3
<INFO 7c12839f66c0> CORE::BYTES::EDGES_STREAMED 29098596
<INFO 7c12839f66c0> CORE::BYTES::UPDATES_OUT 19399064
<INFO 7c12839f66c0> CORE::BYTES::UPDATES_IN 48451736
<INFO 7c12841f76c0> CORE::PARTITIONS_PROCESSED 2
<INFO 7c12841f76c0> CORE::BYTES::EDGES_STREAMED 26883600
<INFO 7c12841f76c0> CORE::BYTES::UPDATES_OUT 17922400
<INFO 7c12841f76c0> CORE::BYTES::UPDATES_IN 17944056
<INFO 7c12892016c0> CORE::PARTITIONS_PROCESSED 1
<INFO 7c12892016c0> CORE::BYTES::EDGES_STREAMED 20294352
<INFO 7c12892016c0> CORE::BYTES::UPDATES_OUT 13529568
<INFO 7c12892016c0> CORE::BYTES::UPDATES_IN 13534904
<INFO 7c1288a006c0> CORE::PARTITIONS_PROCESSED 2
<INFO 7c1288a006c0> CORE::BYTES::EDGES_STREAMED 70477440
<INFO 7c1288a006c0> CORE::BYTES::UPDATES_OUT 46984960
<INFO 7c1288a006c0> CORE::BYTES::UPDATES_IN 46998568
<INFO 7c12869fc6c0> CORE::PARTITIONS_PROCESSED 3
<INFO 7c12869fc6c0> CORE::BYTES::EDGES_STREAMED 72733884
<INFO 7c12869fc6c0> CORE::BYTES::UPDATES_OUT 48489256
<INFO 7c12869fc6c0> CORE::BYTES::UPDATES_IN 48441288
<INFO 7c148a9342c0> CORE::RUSAGE::MAX_RSS_KB 8393852
<INFO 7c148a9342c0> CORE::RUSAGE::MINFLT 2097512
<INFO 7c148a9342c0> CORE::RUSAGE::MAJFLT 0
<INFO 7c148a9342c0> CORE::RUSAGE::MAJFLT 0
<INFO 7c148a9342c0> CORE::RUSAGE::INBLK 1572864
<INFO 7c148a9342c0> CORE::RUSAGE::OUBLK 65552
<INFO 7c148a9342c0> CORE::UTILS::BYTES_READ 805306368
<INFO 7c148a9342c0> CORE::UTILS::BYTES_WRITTEN 33554432
<INFO 7c148a9342c0> CORE::TIME::IO_WAIT 4.75329 seconds
<INFO 7c148a9342c0> CORE::PHASES 2
<INFO 7c148a9342c0> CORE::TIME::SETUP 3.57496 seconds
<INFO 7c148a9342c0> CORE::TIME::STATE_ITER 0.052986 seconds
<INFO 7c148a9342c0> CORE::TIME::GATHER 0.237002 seconds
<INFO 7c148a9342c0> CORE::TIME::SCATTER 5.237 seconds
<INFO 7c148a9342c0> TIME_IN_PC_FN 0.119809 seconds
<INFO 7c148a9342c0> CORE::TIME::WALL 9.26608 seconds
<INFO 7c148a9342c0> SHUTDOWN
