<INFO 747bde2a92c0> STARTUP
<INFO 747bde2a92c0> CORE::GRAPH rmat_s22_e67
<INFO 747bde2a92c0> CORE::ALGORITHM spmv
<INFO 747bde2a92c0> SG-DRIVER-ORIGINAL
<WARNING 747bde2a92c0> Disk count not specified, assuming it to be 1
<INFO 747bde2a92c0> CORE::CONFIG::PROCESSORS 8
<INFO 747bde2a92c0> CORE::CONFIG::PHYSICAL_MEMORY 8589934592
<INFO 747bde2a92c0> CORE::CONFIG::VERTICES 4194304
<INFO 747bde2a92c0> CORE::CONFIG::VERTEX_SIZE 8
<INFO 747bde2a92c0> CORE::CONFIG::VERTEX_BUFFER 33554432
<INFO 747bde2a92c0> CORE::CONFIG::EDGES 67108864
<INFO 747bde2a92c0> CORE::CONFIG::PARTITIONS 32
<INFO 747bde2a92c0> CORE::CONFIG::FANOUT 32
<INFO 747bde2a92c0> CORE::CONFIG::SUPER_PARTITIONS 1
<INFO 747bde2a92c0> CORE::CONFIG::STREAM_UNIT 16777216
<INFO 747bde2a92c0> CORE::CONFIG::BUFFER_SIZE 1707915635
<INFO 747bde2a92c0> CORE::CONFIG::IO_NUMIOQS 1
<INFO 747bde2a92c0> CORE::CONFIG::MAX_BUFFERS 4
<INFO 747bde2a92c0> CORE::CONFIG::MAX_STREAMS 5
<WARNING 747bde2a92c0> No mount point specified for disk0, falling back to current directory
my size is 805306368
<INFO 747bde2a92c0> CORE::PARTITIONS_PROCESSED 2
<INFO 747bde2a92c0> CORE::BYTES::EDGES_STREAMED 84292560
<INFO 747bde2a92c0> CORE::BYTES::UPDATES_OUT 56195040
<INFO 747bde2a92c0> CORE::BYTES::UPDATES_IN 56141024
<INFO 7479dbbff6c0> CORE::PARTITIONS_PROCESSED 3
<INFO 7479dbbff6c0> CORE::BYTES::EDGES_STREAMED 67472916
<INFO 7479dbbff6c0> CORE::BYTES::UPDATES_OUT 44981944
<INFO 7479dbbff6c0> CORE::BYTES::UPDATES_IN 31440176
<INFO 7479da3fc6c0> CORE::PARTITIONS_PROCESSED 5
<INFO 7479da3fc6c0> CORE::BYTES::EDGES_STREAMED 75640932
<INFO 7479da3fc6c0> CORE::BYTES::UPDATES_OUT 50427288
<INFO 7479dcc016c0> CORE::PARTITIONS_PROCESSED 4
<INFO 7479dcc016c0> CORE::BYTES::EDGES_STREAMED 90763860
<INFO 7479da3fc6c0> CORE::BYTES::UPDATES_IN 50436976
<INFO 7479dd4026c0> CORE::PARTITIONS_PROCESSED 3
<INFO 7479dd4026c0> CORE::BYTES::EDGES_STREAMED 47140392
<INFO 7479dd4026c0> CORE::BYTES::UPDATES_OUT 31426928
<INFO 7479dd4026c0> CORE::BYTES::UPDATES_IN 31431048
<INFO 7479dcc016c0> CORE::BYTES::UPDATES_OUT 60509240
<INFO 7479dcc016c0> CORE::BYTES::UPDATES_IN 74047880
<INFO 7479dabfd6c0> CORE::PARTITIONS_PROCESSED 5
<INFO 7479dc4006c0> CORE::PARTITIONS_PROCESSED 5
<INFO 7479dabfd6c0> CORE::BYTES::EDGES_STREAMED 99525168
<INFO 7479dc4006c0> CORE::BYTES::EDGES_STREAMED 99563424
<INFO 7479dabfd6c0> CORE::BYTES::UPDATES_OUT 66350112
<INFO 7479dabfd6c0> CORE::BYTES::UPDATES_IN 66393608
<INFO 7479db3fe6c0> CORE::PARTITIONS_PROCESSED 5
<INFO 7479db3fe6c0> CORE::BYTES::EDGES_STREAMED 240907116
<INFO 7479dc4006c0> CORE::BYTES::UPDATES_OUT 66375616
<INFO 7479dc4006c0> CORE::BYTES::UPDATES_IN 66399608
<INFO 7479db3fe6c0> CORE::BYTES::UPDATES_OUT 160604744
<INFO 7479db3fe6c0> CORE::BYTES::UPDATES_IN 160580592
<INFO 747bde2a92c0> CORE::RUSAGE::MAX_RSS_KB 8393688
<INFO 747bde2a92c0> CORE::RUSAGE::MINFLT 2097459
<INFO 747bde2a92c0> CORE::RUSAGE::MAJFLT 0
<INFO 747bde2a92c0> CORE::RUSAGE::MAJFLT 0
<INFO 747bde2a92c0> CORE::RUSAGE::INBLK 1572864
<INFO 747bde2a92c0> CORE::RUSAGE::OUBLK 65544
<INFO 747bde2a92c0> CORE::UTILS::BYTES_READ 805306368
<INFO 747bde2a92c0> CORE::UTILS::BYTES_WRITTEN 33554432
<INFO 747bde2a92c0> CORE::TIME::IO_WAIT 2.23551 seconds
<INFO 747bde2a92c0> CORE::PHASES 2
<INFO 747bde2a92c0> CORE::TIME::SETUP 3.59566 seconds
<INFO 747bde2a92c0> CORE::TIME::STATE_ITER 0.038427 seconds
<INFO 747bde2a92c0> CORE::TIME::GATHER 0.172155 seconds
<INFO 747bde2a92c0> CORE::TIME::SCATTER 2.46672 seconds
<INFO 747bde2a92c0> TIME_IN_PC_FN 0.094401 seconds
<INFO 747bde2a92c0> CORE::TIME::WALL 6.33561 seconds
<INFO 747bde2a92c0> SHUTDOWN
