<INFO 7599face52c0> STARTUP
<INFO 7599face52c0> CORE::GRAPH rmat_s22_e67
<INFO 7599face52c0> CORE::ALGORITHM pagerank
<INFO 7599face52c0> SG-DRIVER-ORIGINAL
<WARNING 7599face52c0> Disk count not specified, assuming it to be 1
<INFO 7599face52c0> CORE::CONFIG::PROCESSORS 16
<INFO 7599face52c0> CORE::CONFIG::PHYSICAL_MEMORY 8589934592
<INFO 7599face52c0> CORE::CONFIG::VERTICES 4194304
<INFO 7599face52c0> CORE::CONFIG::VERTEX_SIZE 12
<INFO 7599face52c0> CORE::CONFIG::VERTEX_BUFFER 50331648
<INFO 7599face52c0> CORE::CONFIG::EDGES 67108864
<INFO 7599face52c0> CORE::CONFIG::PARTITIONS 32
<INFO 7599face52c0> CORE::CONFIG::FANOUT 32
<INFO 7599face52c0> CORE::CONFIG::SUPER_PARTITIONS 1
<INFO 7599face52c0> CORE::CONFIG::STREAM_UNIT 16777216
<INFO 7599face52c0> CORE::CONFIG::BUFFER_SIZE 1704560076
<INFO 7599face52c0> CORE::CONFIG::IO_NUMIOQS 1
<INFO 7599face52c0> CORE::CONFIG::MAX_BUFFERS 4
<INFO 7599face52c0> CORE::CONFIG::MAX_STREAMS 5
<WARNING 7599face52c0> No mount point specified for disk0, falling back to current directory
my size is 805306368
<INFO 7599face52c0> CORE::PARTITIONS_PROCESSED 20
<INFO 7599face52c0> CORE::BYTES::EDGES_STREAMED 2961771780
<INFO 7599face52c0> CORE::BYTES::UPDATES_OUT 1837666568
<INFO 7599face52c0> CORE::BYTES::UPDATES_IN 1229964768
<INFO 7597f7dfd6c0> CORE::PARTITIONS_PROCESSED 40
<INFO 7597f7dfd6c0> CORE::BYTES::EDGES_STREAMED 622647264
<INFO 7597f7dfd6c0> CORE::BYTES::UPDATES_OUT 397173592
<INFO 7597f7dfd6c0> CORE::BYTES::UPDATES_IN 358466720
<INFO 7597f6dfb6c0> CORE::PARTITIONS_PROCESSED 58
<INFO 7597f9e016c0> CORE::PARTITIONS_PROCESSED 22
<INFO 7597f35f46c0> CORE::PARTITIONS_PROCESSED 57
<INFO 7597f75fc6c0> CORE::PARTITIONS_PROCESSED 41
<INFO 7597f85fe6c0> CORE::PARTITIONS_PROCESSED 24
<INFO 7597f55f86c0> CORE::PARTITIONS_PROCESSED 39
<INFO 7597f9e016c0> CORE::BYTES::EDGES_STREAMED 989500644
<INFO 7597f6dfb6c0> CORE::BYTES::EDGES_STREAMED 1089401592
<INFO 7597f6dfb6c0> CORE::BYTES::UPDATES_OUT 677778472
<INFO 7597f2df36c0> CORE::PARTITIONS_PROCESSED 58
<INFO 7597f2df36c0> CORE::BYTES::EDGES_STREAMED 3025726836
<INFO 7597f2df36c0> CORE::BYTES::UPDATES_OUT 1972559824
<INFO 7597f35f46c0> CORE::BYTES::EDGES_STREAMED 1125124356
<INFO 7597f75fc6c0> CORE::BYTES::EDGES_STREAMED 604359324
<INFO 7597f8dff6c0> CORE::PARTITIONS_PROCESSED 40
<INFO 7597f9e016c0> CORE::BYTES::UPDATES_OUT 617059032
<INFO 7597f3df56c0> CORE::PARTITIONS_PROCESSED 61
<INFO 7597f9e016c0> CORE::BYTES::UPDATES_IN 355729608
<INFO 7597f4df76c0> CORE::PARTITIONS_PROCESSED 56
<INFO 7597f4df76c0> CORE::BYTES::EDGES_STREAMED 962521404
<INFO 7597f75fc6c0> CORE::BYTES::UPDATES_OUT 384990640
<INFO 7597f6dfb6c0> CORE::BYTES::UPDATES_IN 883613984
<INFO 7597f8dff6c0> CORE::BYTES::EDGES_STREAMED 667007112
<INFO 7597f8dff6c0> CORE::BYTES::UPDATES_OUT 426717544
<INFO 7597f75fc6c0> CORE::BYTES::UPDATES_IN 430205736
<INFO 7597f8dff6c0> CORE::BYTES::UPDATES_IN 359105440
<INFO 7597f55f86c0> CORE::BYTES::EDGES_STREAMED 551912328
<INFO 7597f2df36c0> CORE::BYTES::UPDATES_IN 2396791936
<INFO 7597f55f86c0> CORE::BYTES::UPDATES_OUT 350024496
<INFO 7597f3df56c0> CORE::BYTES::EDGES_STREAMED 1310609784
<INFO 7597f96006c0> CORE::PARTITIONS_PROCESSED 21
<INFO 7597f85fe6c0> CORE::BYTES::EDGES_STREAMED 1073345340
<INFO 7597f85fe6c0> CORE::BYTES::UPDATES_OUT 702048792
<INFO 7597f85fe6c0> CORE::BYTES::UPDATES_IN 440960064
<INFO 7597f4df76c0> CORE::BYTES::UPDATES_OUT 593249744
<INFO 7597f4df76c0> CORE::BYTES::UPDATES_IN 740504152
<INFO 7597f55f86c0> CORE::BYTES::UPDATES_IN 344208192
<INFO 7597f3df56c0> CORE::BYTES::UPDATES_OUT 825309696
<INFO 7597f3df56c0> CORE::BYTES::UPDATES_IN 970423192
<INFO 7597f96006c0> CORE::BYTES::EDGES_STREAMED 704514276
<INFO 7597f65fa6c0> CORE::PARTITIONS_PROCESSED 21
<INFO 7597f96006c0> CORE::BYTES::UPDATES_OUT 456146616
<INFO 7597f65fa6c0> CORE::BYTES::EDGES_STREAMED 990436536
<INFO 7597f65fa6c0> CORE::BYTES::UPDATES_OUT 646749352
<INFO 7597f65fa6c0> CORE::BYTES::UPDATES_IN 284202208
<INFO 7597f96006c0> CORE::BYTES::UPDATES_IN 313305056
<INFO 7597f35f46c0> CORE::BYTES::UPDATES_OUT 730732448
<INFO 7597f35f46c0> CORE::BYTES::UPDATES_IN 799223848
<INFO 7597f45f66c0> CORE::PARTITIONS_PROCESSED 41
<INFO 7597f45f66c0> CORE::BYTES::EDGES_STREAMED 525893568
<INFO 7597f45f66c0> CORE::BYTES::UPDATES_OUT 332673312
<INFO 7597f45f66c0> CORE::BYTES::UPDATES_IN 429981528
<INFO 7597f5df96c0> CORE::PARTITIONS_PROCESSED 41
<INFO 7597f5df96c0> CORE::BYTES::EDGES_STREAMED 511967952
<INFO 7597f5df96c0> CORE::BYTES::UPDATES_OUT 323409024
<INFO 7597f5df96c0> CORE::BYTES::UPDATES_IN 400731808
<INFO 7599face52c0> CORE::RUSAGE::MAX_RSS_KB 8394184
<INFO 7599face52c0> CORE::RUSAGE::MINFLT 2097517
<INFO 7599face52c0> CORE::RUSAGE::MAJFLT 0
<INFO 7599face52c0> CORE::RUSAGE::MAJFLT 0
<INFO 7599face52c0> CORE::RUSAGE::INBLK 1572864
<INFO 7599face52c0> CORE::RUSAGE::OUBLK 98320
<INFO 7599face52c0> CORE::UTILS::BYTES_READ 805306368
<INFO 7599face52c0> CORE::UTILS::BYTES_WRITTEN 50331648
<INFO 7599face52c0> CORE::TIME::IO_WAIT 5.36163 seconds
<INFO 7599face52c0> CORE::PHASES 22
<INFO 7599face52c0> CORE::TIME::SETUP 3.62292 seconds
<INFO 7599face52c0> CORE::TIME::STATE_ITER 0.928235 seconds
<INFO 7599face52c0> CORE::TIME::GATHER 6.02673 seconds
<INFO 7599face52c0> CORE::TIME::SCATTER 13.6549 seconds
<INFO 7599face52c0> TIME_IN_PC_FN 5.91648 seconds
<INFO 7599face52c0> CORE::TIME::WALL 25.074 seconds
<INFO 7599face52c0> SHUTDOWN
