<INFO 779d146b32c0> STARTUP
<INFO 779d146b32c0> CORE::GRAPH rmat_s22_e67_sym
<INFO 779d146b32c0> CORE::ALGORITHM cc
<INFO 779d146b32c0> SG-DRIVER-ORIGINAL
<WARNING 779d146b32c0> Disk count not specified, assuming it to be 1
<INFO 779d146b32c0> CORE::CONFIG::PROCESSORS 4
<INFO 779d146b32c0> CORE::CONFIG::PHYSICAL_MEMORY 8589934592
<INFO 779d146b32c0> CORE::CONFIG::VERTICES 4194304
<INFO 779d146b32c0> CORE::CONFIG::VERTEX_SIZE 13
<INFO 779d146b32c0> CORE::CONFIG::VERTEX_BUFFER 54525952
<INFO 779d146b32c0> CORE::CONFIG::EDGES 134217728
<INFO 779d146b32c0> CORE::CONFIG::PARTITIONS 128
<INFO 779d146b32c0> CORE::CONFIG::FANOUT 128
<INFO 779d146b32c0> CORE::CONFIG::SUPER_PARTITIONS 1
<INFO 779d146b32c0> CORE::CONFIG::STREAM_UNIT 16777216
<INFO 779d146b32c0> CORE::CONFIG::BUFFER_SIZE 1703720006
<INFO 779d146b32c0> CORE::CONFIG::IO_NUMIOQS 1
<INFO 779d146b32c0> CORE::CONFIG::MAX_BUFFERS 4
<INFO 779d146b32c0> CORE::CONFIG::MAX_STREAMS 5
<WARNING 779d146b32c0> No mount point specified for disk0, falling back to current directory
my size is 1610612736
<INFO 779d146b32c0> ALGORITHM::CC::CC_COUNT 1729356
<INFO 779d146b32c0> CORE::PARTITIONS_PROCESSED 109
<INFO 779d146b32c0> CORE::BYTES::EDGES_STREAMED 2017263252
<INFO 779d146b32c0> CORE::BYTES::UPDATES_OUT 554201512
<INFO 779d146b32c0> CORE::BYTES::UPDATES_IN 590350736
<INFO 779b128006c0> CORE::PARTITIONS_PROCESSED 200
<INFO 779b128006c0> CORE::BYTES::EDGES_STREAMED 1838805528
<INFO 779b128006c0> CORE::BYTES::UPDATES_OUT 590527016
<INFO 779b128006c0> CORE::BYTES::UPDATES_IN 507385640
<INFO 779b138026c0> CORE::PARTITIONS_PROCESSED 166
<INFO 779b138026c0> CORE::BYTES::EDGES_STREAMED 2029014684
<INFO 779b138026c0> CORE::BYTES::UPDATES_OUT 733861936
<INFO 779b138026c0> CORE::BYTES::UPDATES_IN 786894848
<INFO 779b130016c0> CORE::PARTITIONS_PROCESSED 166
<INFO 779b130016c0> CORE::BYTES::EDGES_STREAMED 1826685240
<INFO 779b130016c0> CORE::BYTES::UPDATES_OUT 608607608
<INFO 779b130016c0> CORE::BYTES::UPDATES_IN 602566848
<INFO 779d146b32c0> CORE::RUSAGE::MAX_RSS_KB 8393708
<INFO 779d146b32c0> CORE::RUSAGE::MINFLT 2097425
<INFO 779d146b32c0> CORE::RUSAGE::MAJFLT 0
<INFO 779d146b32c0> CORE::RUSAGE::MAJFLT 0
<INFO 779d146b32c0> CORE::RUSAGE::INBLK 3145728
<INFO 779d146b32c0> CORE::RUSAGE::OUBLK 106504
<INFO 779d146b32c0> CORE::UTILS::BYTES_READ 1610612736
<INFO 779d146b32c0> CORE::UTILS::BYTES_WRITTEN 54525952
<INFO 779d146b32c0> CORE::TIME::IO_WAIT 4.98086 seconds
<INFO 779d146b32c0> CORE::PHASES 7
<INFO 779d146b32c0> CORE::TIME::SETUP 3.59878 seconds
<INFO 779d146b32c0> CORE::TIME::STATE_ITER 0.010981 seconds
<INFO 779d146b32c0> CORE::TIME::GATHER 0.726324 seconds
<INFO 779d146b32c0> CORE::TIME::SCATTER 5.87553 seconds
<INFO 779d146b32c0> TIME_IN_PC_FN 0.685971 seconds
<INFO 779d146b32c0> CORE::TIME::WALL 10.3186 seconds
<INFO 779d146b32c0> SHUTDOWN
