<INFO 756139af72c0> STARTUP
<INFO 756139af72c0> CORE::GRAPH soc-LiveJournal1-dir
<INFO 756139af72c0> CORE::ALGORITHM spmv
<INFO 756139af72c0> SG-DRIVER-ORIGINAL
<WARNING 756139af72c0> Disk count not specified, assuming it to be 1
<INFO 756139af72c0> CORE::CONFIG::PROCESSORS 8
<INFO 756139af72c0> CORE::CONFIG::PHYSICAL_MEMORY 8589934592
<INFO 756139af72c0> CORE::CONFIG::VERTICES 4847571
<INFO 756139af72c0> CORE::CONFIG::VERTEX_SIZE 8
<INFO 756139af72c0> CORE::CONFIG::VERTEX_BUFFER 38780928
<INFO 756139af72c0> CORE::CONFIG::EDGES 68993773
<INFO 756139af72c0> CORE::CONFIG::PARTITIONS 128
<INFO 756139af72c0> CORE::CONFIG::FANOUT 128
<INFO 756139af72c0> CORE::CONFIG::SUPER_PARTITIONS 1
<INFO 756139af72c0> CORE::CONFIG::STREAM_UNIT 16777216
<INFO 756139af72c0> CORE::CONFIG::BUFFER_SIZE 1706868953
<INFO 756139af72c0> CORE::CONFIG::IO_NUMIOQS 1
<INFO 756139af72c0> CORE::CONFIG::MAX_BUFFERS 4
<INFO 756139af72c0> CORE::CONFIG::MAX_STREAMS 5
<WARNING 756139af72c0> No mount point specified for disk0, falling back to current directory
my size is 827925276
<INFO 756139af72c0> CORE::PARTITIONS_PROCESSED 16
<INFO 756139af72c0> CORE::BYTES::EDGES_STREAMED 103209732
<INFO 756139af72c0> CORE::BYTES::UPDATES_OUT 68806488
<INFO 756139af72c0> CORE::BYTES::UPDATES_IN 68851624
<INFO 755f38c016c0> CORE::PARTITIONS_PROCESSED 16
<INFO 755f38c016c0> CORE::BYTES::EDGES_STREAMED 103908288
<INFO 755f384006c0> CORE::PARTITIONS_PROCESSED 16
<INFO 755f38c016c0> CORE::BYTES::UPDATES_OUT 69272192
<INFO 755f373fe6c0> CORE::PARTITIONS_PROCESSED 16
<INFO 755f36bfd6c0> CORE::PARTITIONS_PROCESSED 16
<INFO 755f363fc6c0> CORE::PARTITIONS_PROCESSED 16
<INFO 755f38c016c0> CORE::BYTES::UPDATES_IN 69094016
<INFO 755f37bff6c0> CORE::PARTITIONS_PROCESSED 16
<INFO 755f36bfd6c0> CORE::BYTES::EDGES_STREAMED 103744500
<INFO 755f37bff6c0> CORE::BYTES::EDGES_STREAMED 103416516
<INFO 755f37bff6c0> CORE::BYTES::UPDATES_OUT 68944344
<INFO 755f37bff6c0> CORE::BYTES::UPDATES_IN 69101624
<INFO 755f373fe6c0> CORE::BYTES::EDGES_STREAMED 103265868
<INFO 755f373fe6c0> CORE::BYTES::UPDATES_OUT 68843912
<INFO 755f36bfd6c0> CORE::BYTES::UPDATES_OUT 69163000
<INFO 755f35bfb6c0> CORE::PARTITIONS_PROCESSED 16
<INFO 755f363fc6c0> CORE::BYTES::EDGES_STREAMED 103302300
<INFO 755f384006c0> CORE::BYTES::EDGES_STREAMED 103454148
<INFO 755f36bfd6c0> CORE::BYTES::UPDATES_IN 69173512
<INFO 755f373fe6c0> CORE::BYTES::UPDATES_IN 68890416
<INFO 755f363fc6c0> CORE::BYTES::UPDATES_OUT 68868200
<INFO 755f35bfb6c0> CORE::BYTES::EDGES_STREAMED 103623924
<INFO 755f384006c0> CORE::BYTES::UPDATES_OUT 68969432
<INFO 755f363fc6c0> CORE::BYTES::UPDATES_IN 68848688
<INFO 755f384006c0> CORE::BYTES::UPDATES_IN 68914848
<INFO 755f35bfb6c0> CORE::BYTES::UPDATES_OUT 69082616
<INFO 755f35bfb6c0> CORE::BYTES::UPDATES_IN 69075456
<INFO 756139af72c0> CORE::RUSAGE::MAX_RSS_KB 8394024
<INFO 756139af72c0> CORE::RUSAGE::MINFLT 2097462
<INFO 756139af72c0> CORE::RUSAGE::MAJFLT 0
<INFO 756139af72c0> CORE::RUSAGE::MAJFLT 0
<INFO 756139af72c0> CORE::RUSAGE::INBLK 1617048
<INFO 756139af72c0> CORE::RUSAGE::OUBLK 75752
<INFO 756139af72c0> CORE::UTILS::BYTES_READ 827928576
<INFO 756139af72c0> CORE::UTILS::BYTES_WRITTEN 38780928
<INFO 756139af72c0> CORE::TIME::IO_WAIT 4.27172 seconds
<INFO 756139af72c0> CORE::PHASES 2
<INFO 756139af72c0> CORE::TIME::SETUP 3.43535 seconds
<INFO 756139af72c0> CORE::TIME::STATE_ITER 0.007745 seconds
<INFO 756139af72c0> CORE::TIME::GATHER 0.145547 seconds
<INFO 756139af72c0> CORE::TIME::SCATTER 4.41469 seconds
<INFO 756139af72c0> TIME_IN_PC_FN 0.085348 seconds
<INFO 756139af72c0> CORE::TIME::WALL 8.07569 seconds
<INFO 756139af72c0> SHUTDOWN
