<INFO 7aa47e8c92c0> STARTUP
<INFO 7aa47e8c92c0> CORE::GRAPH soc-LiveJournal1-sym
<INFO 7aa47e8c92c0> CORE::ALGORITHM cc
<INFO 7aa47e8c92c0> SG-DRIVER-ORIGINAL
<WARNING 7aa47e8c92c0> Disk count not specified, assuming it to be 1
<INFO 7aa47e8c92c0> CORE::CONFIG::PROCESSORS 1
<INFO 7aa47e8c92c0> CORE::CONFIG::PHYSICAL_MEMORY 8589934592
<INFO 7aa47e8c92c0> CORE::CONFIG::VERTICES 4847571
<INFO 7aa47e8c92c0> CORE::CONFIG::VERTEX_SIZE 13
<INFO 7aa47e8c92c0> CORE::CONFIG::VERTEX_BUFFER 63021056
<INFO 7aa47e8c92c0> CORE::CONFIG::EDGES 137469164
<INFO 7aa47e8c92c0> CORE::CONFIG::PARTITIONS 128
<INFO 7aa47e8c92c0> CORE::CONFIG::FANOUT 128
<INFO 7aa47e8c92c0> CORE::CONFIG::SUPER_PARTITIONS 1
<INFO 7aa47e8c92c0> CORE::CONFIG::STREAM_UNIT 16777216
<INFO 7aa47e8c92c0> CORE::CONFIG::BUFFER_SIZE 1702021028
<INFO 7aa47e8c92c0> CORE::CONFIG::IO_NUMIOQS 1
<INFO 7aa47e8c92c0> CORE::CONFIG::MAX_BUFFERS 4
<INFO 7aa47e8c92c0> CORE::CONFIG::MAX_STREAMS 5
<WARNING 7aa47e8c92c0> No mount point specified for disk0, falling back to current directory
my size is 1649629968
<INFO 7aa47e8c92c0> ALGORITHM::CC::CC_COUNT 1876
<INFO 7aa47e8c92c0> CORE::PARTITIONS_PROCESSED 1383
<INFO 7aa47e8c92c0> CORE::BYTES::EDGES_STREAMED 17927336976
<INFO 7aa47e8c92c0> CORE::BYTES::UPDATES_OUT 5103942536
<INFO 7aa47e8c92c0> CORE::BYTES::UPDATES_IN 5103942536
<INFO 7aa47e8c92c0> CORE::RUSAGE::MAX_RSS_KB 8394064
<INFO 7aa47e8c92c0> CORE::RUSAGE::MINFLT 2097396
<INFO 7aa47e8c92c0> CORE::RUSAGE::MAJFLT 0
<INFO 7aa47e8c92c0> CORE::RUSAGE::MAJFLT 0
<INFO 7aa47e8c92c0> CORE::RUSAGE::INBLK 3221936
<INFO 7aa47e8c92c0> CORE::RUSAGE::OUBLK 123096
<INFO 7aa47e8c92c0> CORE::UTILS::BYTES_READ 1649631232
<INFO 7aa47e8c92c0> CORE::UTILS::BYTES_WRITTEN 63021056
<INFO 7aa47e8c92c0> CORE::TIME::IO_WAIT 6.30934 seconds
<INFO 7aa47e8c92c0> CORE::PHASES 13
<INFO 7aa47e8c92c0> CORE::TIME::SETUP 3.42982 seconds
<INFO 7aa47e8c92c0> CORE::TIME::STATE_ITER 0.045408 seconds
<INFO 7aa47e8c92c0> CORE::TIME::GATHER 3.7638 seconds
<INFO 7aa47e8c92c0> CORE::TIME::SCATTER 10.6812 seconds
<INFO 7aa47e8c92c0> TIME_IN_PC_FN 4.74572 seconds
<INFO 7aa47e8c92c0> CORE::TIME::WALL 18.0369 seconds
<INFO 7aa47e8c92c0> SHUTDOWN
