<INFO 7fada648c2c0> STARTUP
<INFO 7fada648c2c0> CORE::GRAPH soc-LiveJournal1-dir
<INFO 7fada648c2c0> CORE::ALGORITHM pagerank
<INFO 7fada648c2c0> SG-DRIVER-ORIGINAL
<WARNING 7fada648c2c0> Disk count not specified, assuming it to be 1
<INFO 7fada648c2c0> CORE::CONFIG::PROCESSORS 8
<INFO 7fada648c2c0> CORE::CONFIG::PHYSICAL_MEMORY 1073741824
<INFO 7fada648c2c0> CORE::CONFIG::VERTICES 4847571
<INFO 7fada648c2c0> CORE::CONFIG::VERTEX_SIZE 12
<INFO 7fada648c2c0> CORE::CONFIG::VERTEX_BUFFER 58171392
<INFO 7fada648c2c0> CORE::CONFIG::EDGES 68993773
<INFO 7fada648c2c0> CORE::CONFIG::PARTITIONS 128
<INFO 7fada648c2c0> CORE::CONFIG::FANOUT 128
<INFO 7fada648c2c0> CORE::CONFIG::SUPER_PARTITIONS 1
<INFO 7fada648c2c0> CORE::CONFIG::STREAM_UNIT 16777216
<INFO 7fada648c2c0> CORE::CONFIG::BUFFER_SIZE 199752307
<INFO 7fada648c2c0> CORE::CONFIG::IO_NUMIOQS 1
<INFO 7fada648c2c0> CORE::CONFIG::MAX_BUFFERS 4
<INFO 7fada648c2c0> CORE::CONFIG::MAX_STREAMS 5
<WARNING 7fada648c2c0> No mount point specified for disk0, falling back to current directory
my size is 827925276
<INFO 7fada648c2c0> CORE::PARTITIONS_PROCESSED 960
<INFO 7fada648c2c0> CORE::BYTES::EDGES_STREAMED 2260068516
<INFO 7fada648c2c0> CORE::BYTES::UPDATES_OUT 1437905856
<INFO 7fada648c2c0> CORE::BYTES::UPDATES_IN 1377032480
<INFO 7fad63e016c0> CORE::PARTITIONS_PROCESSED 960
<INFO 7fad646026c0> CORE::PARTITIONS_PROCESSED 960
<INFO 7fad63e016c0> CORE::BYTES::EDGES_STREAMED 2132520840
<INFO 7fad646026c0> CORE::BYTES::EDGES_STREAMED 2294392548
<INFO 7fad63e016c0> CORE::BYTES::UPDATES_OUT 1352836648
<INFO 7fad656046c0> CORE::PARTITIONS_PROCESSED 960
<INFO 7fad625fe6c0> CORE::PARTITIONS_PROCESSED 960
<INFO 7fad646026c0> CORE::BYTES::UPDATES_OUT 1460650688
<INFO 7fad63e016c0> CORE::BYTES::UPDATES_IN 1377808320
<INFO 7fad625fe6c0> CORE::BYTES::EDGES_STREAMED 2307863004
<INFO 7fad625fe6c0> CORE::BYTES::UPDATES_OUT 1469492720
<INFO 7fad62dff6c0> CORE::PARTITIONS_PROCESSED 961
<INFO 7fad646026c0> CORE::BYTES::UPDATES_IN 1382032480
<INFO 7fad625fe6c0> CORE::BYTES::UPDATES_IN 1381509120
<INFO 7fad64e036c0> CORE::PARTITIONS_PROCESSED 959
<INFO 7fad64e036c0> CORE::BYTES::EDGES_STREAMED 2296436892
<INFO 7fad64e036c0> CORE::BYTES::UPDATES_OUT 1461988496
<INFO 7fad64e036c0> CORE::BYTES::UPDATES_IN 1377105152
<INFO 7fad62dff6c0> CORE::BYTES::EDGES_STREAMED 2322654576
<INFO 7fad62dff6c0> CORE::BYTES::UPDATES_OUT 1479568184
<INFO 7fad636006c0> CORE::PARTITIONS_PROCESSED 960
<INFO 7fad656046c0> CORE::BYTES::EDGES_STREAMED 2318269320
<INFO 7fad636006c0> CORE::BYTES::EDGES_STREAMED 2282150376
<INFO 7fad62dff6c0> CORE::BYTES::UPDATES_IN 1378165568
<INFO 7fad656046c0> CORE::BYTES::UPDATES_OUT 1476240688
<INFO 7fad656046c0> CORE::BYTES::UPDATES_IN 1381880320
<INFO 7fad636006c0> CORE::BYTES::UPDATES_OUT 1452270584
<INFO 7fad636006c0> CORE::BYTES::UPDATES_IN 1383470240
<INFO 7fada648c2c0> CORE::RUSAGE::MAX_RSS_KB 1053800
<INFO 7fada648c2c0> CORE::RUSAGE::MINFLT 262453
<INFO 7fada648c2c0> CORE::RUSAGE::MAJFLT 0
<INFO 7fada648c2c0> CORE::RUSAGE::MAJFLT 0
<INFO 7fada648c2c0> CORE::RUSAGE::INBLK 57135776
<INFO 7fada648c2c0> CORE::RUSAGE::OUBLK 22752304
<INFO 7fada648c2c0> CORE::UTILS::BYTES_READ 29253476352
<INFO 7fada648c2c0> CORE::UTILS::BYTES_WRITTEN 11649171456
<INFO 7fada648c2c0> CORE::TIME::IO_WAIT 122.211 seconds
<INFO 7fada648c2c0> CORE::PHASES 22
<INFO 7fada648c2c0> CORE::TIME::SETUP 0.43326 seconds
<INFO 7fada648c2c0> CORE::TIME::STATE_ITER 0.160936 seconds
<INFO 7fada648c2c0> CORE::TIME::GATHER 21.5734 seconds
<INFO 7fada648c2c0> CORE::TIME::SCATTER 108.91 seconds
<INFO 7fada648c2c0> TIME_IN_PC_FN 2.41649 seconds
<INFO 7fada648c2c0> CORE::TIME::WALL 132.122 seconds
<INFO 7fada648c2c0> SHUTDOWN
