<INFO 72fea80a42c0> STARTUP
<INFO 72fea80a42c0> CORE::GRAPH soc-LiveJournal1-dir
<INFO 72fea80a42c0> CORE::ALGORITHM pagerank
<INFO 72fea80a42c0> SG-DRIVER-ORIGINAL
<WARNING 72fea80a42c0> Disk count not specified, assuming it to be 1
<INFO 72fea80a42c0> CORE::CONFIG::PROCESSORS 16
<INFO 72fea80a42c0> CORE::CONFIG::PHYSICAL_MEMORY 8589934592
<INFO 72fea80a42c0> CORE::CONFIG::VERTICES 4847571
<INFO 72fea80a42c0> CORE::CONFIG::VERTEX_SIZE 12
<INFO 72fea80a42c0> CORE::CONFIG::VERTEX_BUFFER 58171392
<INFO 72fea80a42c0> CORE::CONFIG::EDGES 68993773
<INFO 72fea80a42c0> CORE::CONFIG::PARTITIONS 128
<INFO 72fea80a42c0> CORE::CONFIG::FANOUT 128
<INFO 72fea80a42c0> CORE::CONFIG::SUPER_PARTITIONS 1
<INFO 72fea80a42c0> CORE::CONFIG::STREAM_UNIT 16777216
<INFO 72fea80a42c0> CORE::CONFIG::BUFFER_SIZE 1702990745
<INFO 72fea80a42c0> CORE::CONFIG::IO_NUMIOQS 1
<INFO 72fea80a42c0> CORE::CONFIG::MAX_BUFFERS 4
<INFO 72fea80a42c0> CORE::CONFIG::MAX_STREAMS 5
<WARNING 72fea80a42c0> No mount point specified for disk0, falling back to current directory
my size is 827925276
<INFO 72fea80a42c0> CORE::PARTITIONS_PROCESSED 157
<INFO 72fea80a42c0> CORE::BYTES::EDGES_STREAMED 1011827616
<INFO 72fea80a42c0> CORE::BYTES::UPDATES_OUT 648810832
<INFO 72fea80a42c0> CORE::BYTES::UPDATES_IN 677153440
<INFO 72fca41fc6c0> CORE::PARTITIONS_PROCESSED 142
<INFO 72fca51fe6c0> CORE::PARTITIONS_PROCESSED 142
<INFO 72fca49fd6c0> CORE::PARTITIONS_PROCESSED 158
<INFO 72fca21f86c0> CORE::PARTITIONS_PROCESSED 179
<INFO 72fca41fc6c0> CORE::BYTES::EDGES_STREAMED 1058643156
<INFO 72fca21f86c0> CORE::BYTES::EDGES_STREAMED 1220731080
<INFO 72fca51fe6c0> CORE::BYTES::EDGES_STREAMED 1091211876
<INFO 72fca49fd6c0> CORE::BYTES::EDGES_STREAMED 1079827572
<INFO 72fca41fc6c0> CORE::BYTES::UPDATES_OUT 671085216
<INFO 72fca51fe6c0> CORE::BYTES::UPDATES_OUT 701433712
<INFO 72fca51fe6c0> CORE::BYTES::UPDATES_IN 614311328
<INFO 72fca09f56c0> CORE::PARTITIONS_PROCESSED 142
<INFO 72fca49fd6c0> CORE::BYTES::UPDATES_OUT 698343032
<INFO 72fca21f86c0> CORE::BYTES::UPDATES_OUT 779432328
<INFO 72fca21f86c0> CORE::BYTES::UPDATES_IN 770331168
<INFO 72fca41fc6c0> CORE::BYTES::UPDATES_IN 613238368
<INFO 72fca49fd6c0> CORE::BYTES::UPDATES_IN 681511288
<INFO 72fca72026c0> CORE::PARTITIONS_PROCESSED 157
<INFO 72fca72026c0> CORE::BYTES::EDGES_STREAMED 1035799356
<INFO 72fca72026c0> CORE::BYTES::UPDATES_OUT 664644144
<INFO 72fca72026c0> CORE::BYTES::UPDATES_IN 676378168
<INFO 72fca6a016c0> CORE::PARTITIONS_PROCESSED 149
<INFO 72fca6a016c0> CORE::BYTES::EDGES_STREAMED 1103253588
<INFO 72fca6a016c0> CORE::BYTES::UPDATES_OUT 714063416
<INFO 72fca6a016c0> CORE::BYTES::UPDATES_IN 642888064
<INFO 72fca09f56c0> CORE::BYTES::EDGES_STREAMED 986554200
<INFO 72fca59ff6c0> CORE::PARTITIONS_PROCESSED 149
<INFO 72fca29f96c0> CORE::PARTITIONS_PROCESSED 179
<INFO 72fca59ff6c0> CORE::BYTES::EDGES_STREAMED 1010371800
<INFO 72fca29f96c0> CORE::BYTES::EDGES_STREAMED 1327765404
<INFO 72fca11f66c0> CORE::PARTITIONS_PROCESSED 201
<INFO 72fca19f76c0> CORE::PARTITIONS_PROCESSED 170
<INFO 72fca31fa6c0> CORE::PARTITIONS_PROCESSED 164
<INFO 72fca19f76c0> CORE::BYTES::EDGES_STREAMED 1371942180
<INFO 72fca19f76c0> CORE::BYTES::UPDATES_OUT 850510632
<INFO 72fca19f76c0> CORE::BYTES::UPDATES_IN 727823504
<INFO 72fca09f56c0> CORE::BYTES::UPDATES_OUT 631751472
<INFO 72fca59ff6c0> CORE::BYTES::UPDATES_OUT 639087224
<INFO 72fca59ff6c0> CORE::BYTES::UPDATES_IN 646297240
<INFO 72fca39fb6c0> CORE::PARTITIONS_PROCESSED 161
<INFO 72fca39fb6c0> CORE::BYTES::EDGES_STREAMED 1125155352
<INFO 72fca39fb6c0> CORE::BYTES::UPDATES_OUT 715663920
<INFO 72fca39fb6c0> CORE::BYTES::UPDATES_IN 692141928
<INFO 72fca11f66c0> CORE::BYTES::EDGES_STREAMED 1507464024
<INFO 72fca29f96c0> CORE::BYTES::UPDATES_OUT 820284312
<INFO 72fca09f56c0> CORE::BYTES::UPDATES_IN 609937280
<INFO 72fca29f96c0> CORE::BYTES::UPDATES_IN 770410088
<INFO 72fca62006c0> CORE::PARTITIONS_PROCESSED 162
<INFO 72fca62006c0> CORE::BYTES::EDGES_STREAMED 1118045820
<INFO 72fca62006c0> CORE::BYTES::UPDATES_OUT 719423472
<INFO 72fca62006c0> CORE::BYTES::UPDATES_IN 702015584
<INFO 72fca01f46c0> CORE::PARTITIONS_PROCESSED 148
<INFO 72fca11f66c0> CORE::BYTES::UPDATES_OUT 940164960
<INFO 72fca01f46c0> CORE::BYTES::EDGES_STREAMED 1032999072
<INFO 72fca01f46c0> CORE::BYTES::UPDATES_OUT 666968720
<INFO 72fca31fa6c0> CORE::BYTES::EDGES_STREAMED 1132763976
<INFO 72fca31fa6c0> CORE::BYTES::UPDATES_OUT 729286472
<INFO 72fca31fa6c0> CORE::BYTES::UPDATES_IN 709298216
<INFO 72fca01f46c0> CORE::BYTES::UPDATES_IN 638083496
<INFO 72fca11f66c0> CORE::BYTES::UPDATES_IN 867184520
<INFO 72fea80a42c0> CORE::RUSAGE::MAX_RSS_KB 8393936
<INFO 72fea80a42c0> CORE::RUSAGE::MINFLT 2097522
<INFO 72fea80a42c0> CORE::RUSAGE::MAJFLT 0
<INFO 72fea80a42c0> CORE::RUSAGE::MAJFLT 0
<INFO 72fea80a42c0> CORE::RUSAGE::INBLK 1617064
<INFO 72fea80a42c0> CORE::RUSAGE::OUBLK 113632
<INFO 72fea80a42c0> CORE::UTILS::BYTES_READ 827928576
<INFO 72fea80a42c0> CORE::UTILS::BYTES_WRITTEN 58171392
<INFO 72fea80a42c0> CORE::TIME::IO_WAIT 1.99601 seconds
<INFO 72fea80a42c0> CORE::PHASES 22
<INFO 72fea80a42c0> CORE::TIME::SETUP 3.4441 seconds
<INFO 72fea80a42c0> CORE::TIME::STATE_ITER 0.413163 seconds
<INFO 72fea80a42c0> CORE::TIME::GATHER 3.81882 seconds
<INFO 72fea80a42c0> CORE::TIME::SCATTER 5.372 seconds
<INFO 72fea80a42c0> TIME_IN_PC_FN 2.20892 seconds
<INFO 72fea80a42c0> CORE::TIME::WALL 13.9458 seconds
<INFO 72fea80a42c0> SHUTDOWN
