<INFO 72ec5dead2c0> STARTUP
<INFO 72ec5dead2c0> CORE::GRAPH soc-LiveJournal1-dir
<INFO 72ec5dead2c0> CORE::ALGORITHM pagerank
<INFO 72ec5dead2c0> SG-DRIVER-ORIGINAL
<WARNING 72ec5dead2c0> Disk count not specified, assuming it to be 1
<INFO 72ec5dead2c0> CORE::CONFIG::PROCESSORS 4
<INFO 72ec5dead2c0> CORE::CONFIG::PHYSICAL_MEMORY 1073741824
<INFO 72ec5dead2c0> CORE::CONFIG::VERTICES 4847571
<INFO 72ec5dead2c0> CORE::CONFIG::VERTEX_SIZE 12
<INFO 72ec5dead2c0> CORE::CONFIG::VERTEX_BUFFER 58171392
<INFO 72ec5dead2c0> CORE::CONFIG::EDGES 68993773
<INFO 72ec5dead2c0> CORE::CONFIG::PARTITIONS 128
<INFO 72ec5dead2c0> CORE::CONFIG::FANOUT 128
<INFO 72ec5dead2c0> CORE::CONFIG::SUPER_PARTITIONS 1
<INFO 72ec5dead2c0> CORE::CONFIG::STREAM_UNIT 16777216
<INFO 72ec5dead2c0> CORE::CONFIG::BUFFER_SIZE 199752364
<INFO 72ec5dead2c0> CORE::CONFIG::IO_NUMIOQS 1
<INFO 72ec5dead2c0> CORE::CONFIG::MAX_BUFFERS 4
<INFO 72ec5dead2c0> CORE::CONFIG::MAX_STREAMS 5
<WARNING 72ec5dead2c0> No mount point specified for disk0, falling back to current directory
my size is 827925276
<INFO 72ec5dead2c0> CORE::PARTITIONS_PROCESSED 1866
<INFO 72ec5dead2c0> CORE::BYTES::EDGES_STREAMED 4506759864
<INFO 72ec5dead2c0> CORE::BYTES::UPDATES_OUT 2866856176
<INFO 72ec5dead2c0> CORE::BYTES::UPDATES_IN 2672541432
<INFO 72ec1c8036c0> CORE::PARTITIONS_PROCESSED 1946
<INFO 72ec1c8036c0> CORE::BYTES::EDGES_STREAMED 4579565688
<INFO 72ec1c0026c0> CORE::PARTITIONS_PROCESSED 1924
<INFO 72ec1c0026c0> CORE::BYTES::EDGES_STREAMED 4556448000
<INFO 72ec1c0026c0> CORE::BYTES::UPDATES_OUT 2899605040
<INFO 72ec1c0026c0> CORE::BYTES::UPDATES_IN 2769642960
<INFO 72ec1d0046c0> CORE::PARTITIONS_PROCESSED 1944
<INFO 72ec1d0046c0> CORE::BYTES::EDGES_STREAMED 4571582520
<INFO 72ec1d0046c0> CORE::BYTES::UPDATES_OUT 2910342232
<INFO 72ec1d0046c0> CORE::BYTES::UPDATES_IN 2801888632
<INFO 72ec1c8036c0> CORE::BYTES::UPDATES_OUT 2914150416
<INFO 72ec1c8036c0> CORE::BYTES::UPDATES_IN 2794930656
<INFO 72ec5dead2c0> CORE::RUSAGE::MAX_RSS_KB 1053964
<INFO 72ec5dead2c0> CORE::RUSAGE::MINFLT 262417
<INFO 72ec5dead2c0> CORE::RUSAGE::MAJFLT 0
<INFO 72ec5dead2c0> CORE::RUSAGE::MAJFLT 0
<INFO 72ec5dead2c0> CORE::RUSAGE::INBLK 57135800
<INFO 72ec5dead2c0> CORE::RUSAGE::OUBLK 22752304
<INFO 72ec5dead2c0> CORE::UTILS::BYTES_READ 29253476352
<INFO 72ec5dead2c0> CORE::UTILS::BYTES_WRITTEN 11649171456
<INFO 72ec5dead2c0> CORE::TIME::IO_WAIT 129.364 seconds
<INFO 72ec5dead2c0> CORE::PHASES 22
<INFO 72ec5dead2c0> CORE::TIME::SETUP 0.459042 seconds
<INFO 72ec5dead2c0> CORE::TIME::STATE_ITER 0.210558 seconds
<INFO 72ec5dead2c0> CORE::TIME::GATHER 21.7394 seconds
<INFO 72ec5dead2c0> CORE::TIME::SCATTER 116.38 seconds
<INFO 72ec5dead2c0> TIME_IN_PC_FN 2.35317 seconds
<INFO 72ec5dead2c0> CORE::TIME::WALL 139.802 seconds
<INFO 72ec5dead2c0> SHUTDOWN
