<INFO 7020714e42c0> STARTUP
<INFO 7020714e42c0> CORE::GRAPH soc-LiveJournal1-dir
<INFO 7020714e42c0> CORE::ALGORITHM pagerank
<INFO 7020714e42c0> SG-DRIVER-ORIGINAL
<WARNING 7020714e42c0> Disk count not specified, assuming it to be 1
<INFO 7020714e42c0> CORE::CONFIG::PROCESSORS 1
<INFO 7020714e42c0> CORE::CONFIG::PHYSICAL_MEMORY 8589934592
<INFO 7020714e42c0> CORE::CONFIG::VERTICES 4847571
<INFO 7020714e42c0> CORE::CONFIG::VERTEX_SIZE 12
<INFO 7020714e42c0> CORE::CONFIG::VERTEX_BUFFER 58171392
<INFO 7020714e42c0> CORE::CONFIG::EDGES 68993773
<INFO 7020714e42c0> CORE::CONFIG::PARTITIONS 32
<INFO 7020714e42c0> CORE::CONFIG::FANOUT 32
<INFO 7020714e42c0> CORE::CONFIG::SUPER_PARTITIONS 1
<INFO 7020714e42c0> CORE::CONFIG::STREAM_UNIT 16777216
<INFO 7020714e42c0> CORE::CONFIG::BUFFER_SIZE 1702992344
<INFO 7020714e42c0> CORE::CONFIG::IO_NUMIOQS 1
<INFO 7020714e42c0> CORE::CONFIG::MAX_BUFFERS 4
<INFO 7020714e42c0> CORE::CONFIG::MAX_STREAMS 5
<WARNING 7020714e42c0> No mount point specified for disk0, falling back to current directory
my size is 827925276
<INFO 7020714e42c0> CORE::PARTITIONS_PROCESSED 640
<INFO 7020714e42c0> CORE::BYTES::EDGES_STREAMED 18214356072
<INFO 7020714e42c0> CORE::BYTES::UPDATES_OUT 11590953864
<INFO 7020714e42c0> CORE::BYTES::UPDATES_IN 11039003680
<INFO 7020714e42c0> CORE::RUSAGE::MAX_RSS_KB 8393680
<INFO 7020714e42c0> CORE::RUSAGE::MINFLT 2097390
<INFO 7020714e42c0> CORE::RUSAGE::MAJFLT 0
<INFO 7020714e42c0> CORE::RUSAGE::MAJFLT 0
<INFO 7020714e42c0> CORE::RUSAGE::INBLK 1617056
<INFO 7020714e42c0> CORE::RUSAGE::OUBLK 113624
<INFO 7020714e42c0> CORE::UTILS::BYTES_READ 827928576
<INFO 7020714e42c0> CORE::UTILS::BYTES_WRITTEN 58171392
<INFO 7020714e42c0> CORE::TIME::IO_WAIT 2.36606 seconds
<INFO 7020714e42c0> CORE::PHASES 22
<INFO 7020714e42c0> CORE::TIME::SETUP 3.43155 seconds
<INFO 7020714e42c0> CORE::TIME::STATE_ITER 0.759271 seconds
<INFO 7020714e42c0> CORE::TIME::GATHER 7.92153 seconds
<INFO 7020714e42c0> CORE::TIME::SCATTER 7.05417 seconds
<INFO 7020714e42c0> TIME_IN_PC_FN 7.04612 seconds
<INFO 7020714e42c0> CORE::TIME::WALL 19.3113 seconds
<INFO 7020714e42c0> SHUTDOWN
