<INFO 7bfd318972c0> STARTUP
<INFO 7bfd318972c0> CORE::GRAPH soc-LiveJournal1-dir
<INFO 7bfd318972c0> CORE::ALGORITHM pagerank
<INFO 7bfd318972c0> SG-DRIVER-ORIGINAL
<WARNING 7bfd318972c0> Disk count not specified, assuming it to be 1
<INFO 7bfd318972c0> CORE::CONFIG::PROCESSORS 4
<INFO 7bfd318972c0> CORE::CONFIG::PHYSICAL_MEMORY 8589934592
<INFO 7bfd318972c0> CORE::CONFIG::VERTICES 4847571
<INFO 7bfd318972c0> CORE::CONFIG::VERTEX_SIZE 12
<INFO 7bfd318972c0> CORE::CONFIG::VERTEX_BUFFER 58171392
<INFO 7bfd318972c0> CORE::CONFIG::EDGES 68993773
<INFO 7bfd318972c0> CORE::CONFIG::PARTITIONS 32
<INFO 7bfd318972c0> CORE::CONFIG::FANOUT 32
<INFO 7bfd318972c0> CORE::CONFIG::SUPER_PARTITIONS 1
<INFO 7bfd318972c0> CORE::CONFIG::STREAM_UNIT 16777216
<INFO 7bfd318972c0> CORE::CONFIG::BUFFER_SIZE 1702992300
<INFO 7bfd318972c0> CORE::CONFIG::IO_NUMIOQS 1
<INFO 7bfd318972c0> CORE::CONFIG::MAX_BUFFERS 4
<INFO 7bfd318972c0> CORE::CONFIG::MAX_STREAMS 5
<WARNING 7bfd318972c0> No mount point specified for disk0, falling back to current directory
my size is 827925276
<INFO 7bfd318972c0> CORE::PARTITIONS_PROCESSED 160
<INFO 7bfd318972c0> CORE::BYTES::EDGES_STREAMED 4542463200
<INFO 7bfd318972c0> CORE::BYTES::UPDATES_OUT 2890658400
<INFO 7bfd318972c0> CORE::BYTES::UPDATES_IN 2754840800
<INFO 7bfb30a026c0> CORE::PARTITIONS_PROCESSED 160
<INFO 7bfb30a026c0> CORE::BYTES::EDGES_STREAMED 4568361336
<INFO 7bfb30a026c0> CORE::BYTES::UPDATES_OUT 2907139032
<INFO 7bfb30a026c0> CORE::BYTES::UPDATES_IN 2765350560
<INFO 7bfb302016c0> CORE::PARTITIONS_PROCESSED 160
<INFO 7bfb302016c0> CORE::BYTES::EDGES_STREAMED 4548641856
<INFO 7bfb302016c0> CORE::BYTES::UPDATES_OUT 2894590272
<INFO 7bfb302016c0> CORE::BYTES::UPDATES_IN 2755270720
<INFO 7bfb2fa006c0> CORE::PARTITIONS_PROCESSED 160
<INFO 7bfb2fa006c0> CORE::BYTES::EDGES_STREAMED 4554889680
<INFO 7bfb2fa006c0> CORE::BYTES::UPDATES_OUT 2898566160
<INFO 7bfb2fa006c0> CORE::BYTES::UPDATES_IN 2763541600
<INFO 7bfd318972c0> CORE::RUSAGE::MAX_RSS_KB 8393592
<INFO 7bfd318972c0> CORE::RUSAGE::MINFLT 2097418
<INFO 7bfd318972c0> CORE::RUSAGE::MAJFLT 0
<INFO 7bfd318972c0> CORE::RUSAGE::MAJFLT 0
<INFO 7bfd318972c0> CORE::RUSAGE::INBLK 1617048
<INFO 7bfd318972c0> CORE::RUSAGE::OUBLK 113624
<INFO 7bfd318972c0> CORE::UTILS::BYTES_READ 827928576
<INFO 7bfd318972c0> CORE::UTILS::BYTES_WRITTEN 58171392
<INFO 7bfd318972c0> CORE::TIME::IO_WAIT 2.39617 seconds
<INFO 7bfd318972c0> CORE::PHASES 22
<INFO 7bfd318972c0> CORE::TIME::SETUP 3.42988 seconds
<INFO 7bfd318972c0> CORE::TIME::STATE_ITER 0.205293 seconds
<INFO 7bfd318972c0> CORE::TIME::GATHER 4.17158 seconds
<INFO 7bfd318972c0> CORE::TIME::SCATTER 4.15505 seconds
<INFO 7bfd318972c0> TIME_IN_PC_FN 2.41752 seconds
<INFO 7bfd318972c0> CORE::TIME::WALL 12.0758 seconds
<INFO 7bfd318972c0> SHUTDOWN
