<INFO 7d11b6aa72c0> STARTUP
<INFO 7d11b6aa72c0> CORE::GRAPH soc-LiveJournal1-dir
<INFO 7d11b6aa72c0> CORE::ALGORITHM spmv
<INFO 7d11b6aa72c0> SG-DRIVER-ORIGINAL
<WARNING 7d11b6aa72c0> Disk count not specified, assuming it to be 1
<INFO 7d11b6aa72c0> CORE::CONFIG::PROCESSORS 2
<INFO 7d11b6aa72c0> CORE::CONFIG::PHYSICAL_MEMORY 8589934592
<INFO 7d11b6aa72c0> CORE::CONFIG::VERTICES 4847571
<INFO 7d11b6aa72c0> CORE::CONFIG::VERTEX_SIZE 8
<INFO 7d11b6aa72c0> CORE::CONFIG::VERTEX_BUFFER 38780928
<INFO 7d11b6aa72c0> CORE::CONFIG::EDGES 68993773
<INFO 7d11b6aa72c0> CORE::CONFIG::PARTITIONS 128
<INFO 7d11b6aa72c0> CORE::CONFIG::FANOUT 128
<INFO 7d11b6aa72c0> CORE::CONFIG::SUPER_PARTITIONS 1
<INFO 7d11b6aa72c0> CORE::CONFIG::STREAM_UNIT 16777216
<INFO 7d11b6aa72c0> CORE::CONFIG::BUFFER_SIZE 1706869040
<INFO 7d11b6aa72c0> CORE::CONFIG::IO_NUMIOQS 1
<INFO 7d11b6aa72c0> CORE::CONFIG::MAX_BUFFERS 4
<INFO 7d11b6aa72c0> CORE::CONFIG::MAX_STREAMS 5
<WARNING 7d11b6aa72c0> No mount point specified for disk0, falling back to current directory
my size is 827925276
<INFO 7d11b6aa72c0> CORE::PARTITIONS_PROCESSED 64
<INFO 7d11b6aa72c0> CORE::BYTES::EDGES_STREAMED 413232048
<INFO 7d11b6aa72c0> CORE::BYTES::UPDATES_OUT 275488032
<INFO 7d11b6aa72c0> CORE::BYTES::UPDATES_IN 275505576
<INFO 7d0fb5c016c0> CORE::PARTITIONS_PROCESSED 64
<INFO 7d0fb5c016c0> CORE::BYTES::EDGES_STREAMED 414693228
<INFO 7d0fb5c016c0> CORE::BYTES::UPDATES_OUT 276462152
<INFO 7d0fb5c016c0> CORE::BYTES::UPDATES_IN 276444608
<INFO 7d11b6aa72c0> CORE::RUSAGE::MAX_RSS_KB 8394072
<INFO 7d11b6aa72c0> CORE::RUSAGE::MINFLT 2097404
<INFO 7d11b6aa72c0> CORE::RUSAGE::MAJFLT 0
<INFO 7d11b6aa72c0> CORE::RUSAGE::MAJFLT 0
<INFO 7d11b6aa72c0> CORE::RUSAGE::INBLK 1617056
<INFO 7d11b6aa72c0> CORE::RUSAGE::OUBLK 75752
<INFO 7d11b6aa72c0> CORE::UTILS::BYTES_READ 827928576
<INFO 7d11b6aa72c0> CORE::UTILS::BYTES_WRITTEN 38780928
<INFO 7d11b6aa72c0> CORE::TIME::IO_WAIT 1.98826 seconds
<INFO 7d11b6aa72c0> CORE::PHASES 2
<INFO 7d11b6aa72c0> CORE::TIME::SETUP 3.43142 seconds
<INFO 7d11b6aa72c0> CORE::TIME::STATE_ITER 0.022466 seconds
<INFO 7d11b6aa72c0> CORE::TIME::GATHER 0.240907 seconds
<INFO 7d11b6aa72c0> CORE::TIME::SCATTER 2.19097 seconds
<INFO 7d11b6aa72c0> TIME_IN_PC_FN 0.115811 seconds
<INFO 7d11b6aa72c0> CORE::TIME::WALL 5.98771 seconds
<INFO 7d11b6aa72c0> SHUTDOWN
