<INFO 7008912cf2c0> STARTUP
<INFO 7008912cf2c0> CORE::GRAPH soc-LiveJournal1-dir
<INFO 7008912cf2c0> CORE::ALGORITHM pagerank
<INFO 7008912cf2c0> SG-DRIVER-ORIGINAL
<WARNING 7008912cf2c0> Disk count not specified, assuming it to be 1
<INFO 7008912cf2c0> CORE::CONFIG::PROCESSORS 16
<INFO 7008912cf2c0> CORE::CONFIG::PHYSICAL_MEMORY 1073741824
<INFO 7008912cf2c0> CORE::CONFIG::VERTICES 4847571
<INFO 7008912cf2c0> CORE::CONFIG::VERTEX_SIZE 12
<INFO 7008912cf2c0> CORE::CONFIG::VERTEX_BUFFER 58171392
<INFO 7008912cf2c0> CORE::CONFIG::EDGES 68993773
<INFO 7008912cf2c0> CORE::CONFIG::PARTITIONS 128
<INFO 7008912cf2c0> CORE::CONFIG::FANOUT 128
<INFO 7008912cf2c0> CORE::CONFIG::SUPER_PARTITIONS 1
<INFO 7008912cf2c0> CORE::CONFIG::STREAM_UNIT 16777216
<INFO 7008912cf2c0> CORE::CONFIG::BUFFER_SIZE 199752192
<INFO 7008912cf2c0> CORE::CONFIG::IO_NUMIOQS 1
<INFO 7008912cf2c0> CORE::CONFIG::MAX_BUFFERS 4
<INFO 7008912cf2c0> CORE::CONFIG::MAX_STREAMS 5
<WARNING 7008912cf2c0> No mount point specified for disk0, falling back to current directory
my size is 827925276
<INFO 7008912cf2c0> CORE::PARTITIONS_PROCESSED 487
<INFO 7008912cf2c0> CORE::BYTES::EDGES_STREAMED 1115256912
<INFO 7008912cf2c0> CORE::BYTES::UPDATES_OUT 695466144
<INFO 7008912cf2c0> CORE::BYTES::UPDATES_IN 697430936
<INFO 70084c3fc6c0> CORE::PARTITIONS_PROCESSED 480
<INFO 70084ec016c0> CORE::PARTITIONS_PROCESSED 475
<INFO 70084c3fc6c0> CORE::BYTES::EDGES_STREAMED 1174686048
<INFO 70084dbff6c0> CORE::PARTITIONS_PROCESSED 475
<INFO 7008493f66c0> CORE::PARTITIONS_PROCESSED 495
<INFO 70084c3fc6c0> CORE::BYTES::UPDATES_OUT 752507808
<INFO 70084ec016c0> CORE::BYTES::EDGES_STREAMED 1142681676
<INFO 70084b3fa6c0> CORE::PARTITIONS_PROCESSED 461
<INFO 7008493f66c0> CORE::BYTES::EDGES_STREAMED 1163310168
<INFO 7008493f66c0> CORE::BYTES::UPDATES_OUT 742232536
<INFO 7008493f66c0> CORE::BYTES::UPDATES_IN 707876968
<INFO 70084f4026c0> CORE::PARTITIONS_PROCESSED 478
<INFO 70084bbfb6c0> CORE::PARTITIONS_PROCESSED 462
<INFO 70084f4026c0> CORE::BYTES::EDGES_STREAMED 1132809816
<INFO 70084bbfb6c0> CORE::BYTES::EDGES_STREAMED 1088998392
<INFO 70084bbfb6c0> CORE::BYTES::UPDATES_OUT 698403392
<INFO 70084bbfb6c0> CORE::BYTES::UPDATES_IN 665957744
<INFO 70084dbff6c0> CORE::BYTES::EDGES_STREAMED 1140359556
<INFO 70084c3fc6c0> CORE::BYTES::UPDATES_IN 686988968
<INFO 700849bf76c0> CORE::PARTITIONS_PROCESSED 462
<INFO 70084f4026c0> CORE::BYTES::UPDATES_OUT 726067488
<INFO 700849bf76c0> CORE::BYTES::EDGES_STREAMED 1109170608
<INFO 70084ec016c0> CORE::BYTES::UPDATES_OUT 726403448
<INFO 70084fc036c0> CORE::PARTITIONS_PROCESSED 483
<INFO 70084ec016c0> CORE::BYTES::UPDATES_IN 686801384
<INFO 70084dbff6c0> CORE::BYTES::UPDATES_OUT 730083504
<INFO 70084b3fa6c0> CORE::BYTES::EDGES_STREAMED 1144279980
<INFO 70084cbfd6c0> CORE::PARTITIONS_PROCESSED 489
<INFO 70084b3fa6c0> CORE::BYTES::UPDATES_OUT 720501608
<INFO 70084f4026c0> CORE::BYTES::UPDATES_IN 690507448
<INFO 70084d3fe6c0> CORE::PARTITIONS_PROCESSED 482
<INFO 7008504046c0> CORE::PARTITIONS_PROCESSED 508
<INFO 70084fc036c0> CORE::BYTES::EDGES_STREAMED 1160882112
<INFO 70084dbff6c0> CORE::BYTES::UPDATES_IN 684859448
<INFO 70084e4006c0> CORE::PARTITIONS_PROCESSED 475
<INFO 70084a3f86c0> CORE::PARTITIONS_PROCESSED 488
<INFO 70084b3fa6c0> CORE::BYTES::UPDATES_IN 661176416
<INFO 70084d3fe6c0> CORE::BYTES::EDGES_STREAMED 1155807348
<INFO 70084d3fe6c0> CORE::BYTES::UPDATES_OUT 729495768
<INFO 70084d3fe6c0> CORE::BYTES::UPDATES_IN 693065368
<INFO 70084fc036c0> CORE::BYTES::UPDATES_OUT 747666152
<INFO 70084abf96c0> CORE::PARTITIONS_PROCESSED 480
<INFO 70084abf96c0> CORE::BYTES::EDGES_STREAMED 1149642768
<INFO 70084cbfd6c0> CORE::BYTES::EDGES_STREAMED 1137366540
<INFO 70084abf96c0> CORE::BYTES::UPDATES_OUT 728818608
<INFO 70084cbfd6c0> CORE::BYTES::UPDATES_OUT 708004968
<INFO 70084e4006c0> CORE::BYTES::EDGES_STREAMED 1114898556
<INFO 70084e4006c0> CORE::BYTES::UPDATES_OUT 719270096
<INFO 70084e4006c0> CORE::BYTES::UPDATES_IN 688283816
<INFO 70084cbfd6c0> CORE::BYTES::UPDATES_IN 702891680
<INFO 70084fc036c0> CORE::BYTES::UPDATES_IN 696302392
<INFO 70084a3f86c0> CORE::BYTES::EDGES_STREAMED 1120503684
<INFO 7008504046c0> CORE::BYTES::EDGES_STREAMED 1163701908
<INFO 7008504046c0> CORE::BYTES::UPDATES_OUT 738925504
<INFO 7008504046c0> CORE::BYTES::UPDATES_IN 728696936
<INFO 70084abf96c0> CORE::BYTES::UPDATES_IN 684354264
<INFO 700849bf76c0> CORE::BYTES::UPDATES_OUT 711361104
<INFO 700849bf76c0> CORE::BYTES::UPDATES_IN 659233616
<INFO 70084a3f86c0> CORE::BYTES::UPDATES_OUT 715745736
<INFO 70084a3f86c0> CORE::BYTES::UPDATES_IN 704576296
<INFO 7008912cf2c0> CORE::RUSAGE::MAX_RSS_KB 1054232
<INFO 7008912cf2c0> CORE::RUSAGE::MINFLT 262521
<INFO 7008912cf2c0> CORE::RUSAGE::MAJFLT 0
<INFO 7008912cf2c0> CORE::RUSAGE::MAJFLT 0
<INFO 7008912cf2c0> CORE::RUSAGE::INBLK 57135952
<INFO 7008912cf2c0> CORE::RUSAGE::OUBLK 22752312
<INFO 7008912cf2c0> CORE::UTILS::BYTES_READ 29253476352
<INFO 7008912cf2c0> CORE::UTILS::BYTES_WRITTEN 11649171456
<INFO 7008912cf2c0> CORE::TIME::IO_WAIT 120.016 seconds
<INFO 7008912cf2c0> CORE::PHASES 22
<INFO 7008912cf2c0> CORE::TIME::SETUP 0.443559 seconds
<INFO 7008912cf2c0> CORE::TIME::STATE_ITER 0.353729 seconds
<INFO 7008912cf2c0> CORE::TIME::GATHER 25.3537 seconds
<INFO 7008912cf2c0> CORE::TIME::SCATTER 110.464 seconds
<INFO 7008912cf2c0> TIME_IN_PC_FN 2.45026 seconds
<INFO 7008912cf2c0> CORE::TIME::WALL 137.675 seconds
<INFO 7008912cf2c0> SHUTDOWN
