<INFO 70179fa9c2c0> STARTUP
<INFO 70179fa9c2c0> CORE::GRAPH soc-LiveJournal1-dir
<INFO 70179fa9c2c0> CORE::ALGORITHM spmv
<INFO 70179fa9c2c0> SG-DRIVER-ORIGINAL
<WARNING 70179fa9c2c0> Disk count not specified, assuming it to be 1
<INFO 70179fa9c2c0> CORE::CONFIG::PROCESSORS 4
<INFO 70179fa9c2c0> CORE::CONFIG::PHYSICAL_MEMORY 8589934592
<INFO 70179fa9c2c0> CORE::CONFIG::VERTICES 4847571
<INFO 70179fa9c2c0> CORE::CONFIG::VERTEX_SIZE 8
<INFO 70179fa9c2c0> CORE::CONFIG::VERTEX_BUFFER 38780928
<INFO 70179fa9c2c0> CORE::CONFIG::EDGES 68993773
<INFO 70179fa9c2c0> CORE::CONFIG::PARTITIONS 128
<INFO 70179fa9c2c0> CORE::CONFIG::FANOUT 128
<INFO 70179fa9c2c0> CORE::CONFIG::SUPER_PARTITIONS 1
<INFO 70179fa9c2c0> CORE::CONFIG::STREAM_UNIT 16777216
<INFO 70179fa9c2c0> CORE::CONFIG::BUFFER_SIZE 1706869011
<INFO 70179fa9c2c0> CORE::CONFIG::IO_NUMIOQS 1
<INFO 70179fa9c2c0> CORE::CONFIG::MAX_BUFFERS 4
<INFO 70179fa9c2c0> CORE::CONFIG::MAX_STREAMS 5
<WARNING 70179fa9c2c0> No mount point specified for disk0, falling back to current directory
my size is 827925276
<INFO 70179fa9c2c0> CORE::PARTITIONS_PROCESSED 32
<INFO 70179fa9c2c0> CORE::BYTES::EDGES_STREAMED 206475600
<INFO 70179fa9c2c0> CORE::BYTES::UPDATES_OUT 137650400
<INFO 70179fa9c2c0> CORE::BYTES::UPDATES_IN 137742040
<INFO 70159ec016c0> CORE::PARTITIONS_PROCESSED 32
<INFO 70159ec016c0> CORE::BYTES::EDGES_STREAMED 207652788
<INFO 70159dbff6c0> CORE::PARTITIONS_PROCESSED 32
<INFO 70159e4006c0> CORE::PARTITIONS_PROCESSED 32
<INFO 70159ec016c0> CORE::BYTES::UPDATES_OUT 138435192
<INFO 70159e4006c0> CORE::BYTES::EDGES_STREAMED 206756448
<INFO 70159dbff6c0> CORE::BYTES::EDGES_STREAMED 207040440
<INFO 70159ec016c0> CORE::BYTES::UPDATES_IN 138267528
<INFO 70159dbff6c0> CORE::BYTES::UPDATES_OUT 138026960
<INFO 70159e4006c0> CORE::BYTES::UPDATES_OUT 137837632
<INFO 70159e4006c0> CORE::BYTES::UPDATES_IN 137763536
<INFO 70159dbff6c0> CORE::BYTES::UPDATES_IN 138177080
<INFO 70179fa9c2c0> CORE::RUSAGE::MAX_RSS_KB 8393832
<INFO 70179fa9c2c0> CORE::RUSAGE::MINFLT 2097423
<INFO 70179fa9c2c0> CORE::RUSAGE::MAJFLT 0
<INFO 70179fa9c2c0> CORE::RUSAGE::MAJFLT 0
<INFO 70179fa9c2c0> CORE::RUSAGE::INBLK 1617048
<INFO 70179fa9c2c0> CORE::RUSAGE::OUBLK 75752
<INFO 70179fa9c2c0> CORE::UTILS::BYTES_READ 827928576
<INFO 70179fa9c2c0> CORE::UTILS::BYTES_WRITTEN 38780928
<INFO 70179fa9c2c0> CORE::TIME::IO_WAIT 1.96017 seconds
<INFO 70179fa9c2c0> CORE::PHASES 2
<INFO 70179fa9c2c0> CORE::TIME::SETUP 3.43479 seconds
<INFO 70179fa9c2c0> CORE::TIME::STATE_ITER 0.011942 seconds
<INFO 70179fa9c2c0> CORE::TIME::GATHER 0.17601 seconds
<INFO 70179fa9c2c0> CORE::TIME::SCATTER 2.10331 seconds
<INFO 70179fa9c2c0> TIME_IN_PC_FN 0.078554 seconds
<INFO 70179fa9c2c0> CORE::TIME::WALL 5.80823 seconds
<INFO 70179fa9c2c0> SHUTDOWN
