<INFO 7bba1432e2c0> STARTUP
<INFO 7bba1432e2c0> CORE::GRAPH soc-LiveJournal1-dir
<INFO 7bba1432e2c0> CORE::ALGORITHM pagerank
<INFO 7bba1432e2c0> SG-DRIVER-ORIGINAL
<WARNING 7bba1432e2c0> Disk count not specified, assuming it to be 1
<INFO 7bba1432e2c0> CORE::CONFIG::PROCESSORS 16
<INFO 7bba1432e2c0> CORE::CONFIG::PHYSICAL_MEMORY 8589934592
<INFO 7bba1432e2c0> CORE::CONFIG::VERTICES 4847571
<INFO 7bba1432e2c0> CORE::CONFIG::VERTEX_SIZE 12
<INFO 7bba1432e2c0> CORE::CONFIG::VERTEX_BUFFER 58171392
<INFO 7bba1432e2c0> CORE::CONFIG::EDGES 68993773
<INFO 7bba1432e2c0> CORE::CONFIG::PARTITIONS 32
<INFO 7bba1432e2c0> CORE::CONFIG::FANOUT 32
<INFO 7bba1432e2c0> CORE::CONFIG::SUPER_PARTITIONS 1
<INFO 7bba1432e2c0> CORE::CONFIG::STREAM_UNIT 16777216
<INFO 7bba1432e2c0> CORE::CONFIG::BUFFER_SIZE 1702992128
<INFO 7bba1432e2c0> CORE::CONFIG::IO_NUMIOQS 1
<INFO 7bba1432e2c0> CORE::CONFIG::MAX_BUFFERS 4
<INFO 7bba1432e2c0> CORE::CONFIG::MAX_STREAMS 5
<WARNING 7bba1432e2c0> No mount point specified for disk0, falling back to current directory
my size is 827925276
<INFO 7bba1432e2c0> CORE::PARTITIONS_PROCESSED 39
<INFO 7bba1432e2c0> CORE::BYTES::EDGES_STREAMED 1134312108
<INFO 7bba1432e2c0> CORE::BYTES::UPDATES_OUT 721841232
<INFO 7bba1432e2c0> CORE::BYTES::UPDATES_IN 672111152
<INFO 7bb80ebf96c0> CORE::PARTITIONS_PROCESSED 40
<INFO 7bb80d3f66c0> CORE::PARTITIONS_PROCESSED 43
<INFO 7bb80ebf96c0> CORE::BYTES::EDGES_STREAMED 1114954560
<INFO 7bb80fbfb6c0> CORE::PARTITIONS_PROCESSED 40
<INFO 7bb80fbfb6c0> CORE::BYTES::EDGES_STREAMED 1110586680
<INFO 7bb80fbfb6c0> CORE::BYTES::UPDATES_OUT 705951472
<INFO 7bb80fbfb6c0> CORE::BYTES::UPDATES_IN 687959824
<INFO 7bb811bff6c0> CORE::PARTITIONS_PROCESSED 39
<INFO 7bb80f3fa6c0> CORE::PARTITIONS_PROCESSED 38
<INFO 7bb80ebf96c0> CORE::BYTES::UPDATES_OUT 708729352
<INFO 7bb80f3fa6c0> CORE::BYTES::EDGES_STREAMED 1171761216
<INFO 7bb80f3fa6c0> CORE::BYTES::UPDATES_OUT 746420912
<INFO 7bb811bff6c0> CORE::BYTES::EDGES_STREAMED 1140235488
<INFO 7bb80ebf96c0> CORE::BYTES::UPDATES_IN 688800160
<INFO 7bb80d3f66c0> CORE::BYTES::EDGES_STREAMED 1139623320
<INFO 7bb80f3fa6c0> CORE::BYTES::UPDATES_IN 658479880
<INFO 7bb80d3f66c0> CORE::BYTES::UPDATES_OUT 725214840
<INFO 7bb80dbf76c0> CORE::PARTITIONS_PROCESSED 40
<INFO 7bb811bff6c0> CORE::BYTES::UPDATES_OUT 725623600
<INFO 7bb80dbf76c0> CORE::BYTES::EDGES_STREAMED 1080897768
<INFO 7bb80dbf76c0> CORE::BYTES::UPDATES_OUT 703440000
<INFO 7bb812c016c0> CORE::PARTITIONS_PROCESSED 39
<INFO 7bb811bff6c0> CORE::BYTES::UPDATES_IN 676324408
<INFO 7bb812c016c0> CORE::BYTES::EDGES_STREAMED 1109135952
<INFO 7bb812c016c0> CORE::BYTES::UPDATES_OUT 704904616
<INFO 7bb812c016c0> CORE::BYTES::UPDATES_IN 672335080
<INFO 7bb80cbf56c0> CORE::PARTITIONS_PROCESSED 41
<INFO 7bb8103fc6c0> CORE::PARTITIONS_PROCESSED 41
<INFO 7bb80d3f66c0> CORE::BYTES::UPDATES_IN 743189200
<INFO 7bb80e3f86c0> CORE::PARTITIONS_PROCESSED 41
<INFO 7bb8103fc6c0> CORE::BYTES::EDGES_STREAMED 1196159580
<INFO 7bb8103fc6c0> CORE::BYTES::UPDATES_OUT 762762832
<INFO 7bb8103fc6c0> CORE::BYTES::UPDATES_IN 708871872
<INFO 7bb810bfd6c0> CORE::PARTITIONS_PROCESSED 40
<INFO 7bb810bfd6c0> CORE::BYTES::EDGES_STREAMED 1138211652
<INFO 7bb810bfd6c0> CORE::BYTES::UPDATES_OUT 724419656
<INFO 7bb810bfd6c0> CORE::BYTES::UPDATES_IN 690567520
<INFO 7bb80cbf56c0> CORE::BYTES::EDGES_STREAMED 1263674364
<INFO 7bb8124006c0> CORE::PARTITIONS_PROCESSED 42
<INFO 7bb8124006c0> CORE::BYTES::EDGES_STREAMED 1189769328
<INFO 7bb80cbf56c0> CORE::BYTES::UPDATES_OUT 808070776
<INFO 7bb80cbf56c0> CORE::BYTES::UPDATES_IN 704010552
<INFO 7bb8124006c0> CORE::BYTES::UPDATES_OUT 758699600
<INFO 7bb8124006c0> CORE::BYTES::UPDATES_IN 727458072
<INFO 7bb80e3f86c0> CORE::BYTES::EDGES_STREAMED 1085364768
<INFO 7bb80e3f86c0> CORE::BYTES::UPDATES_OUT 689112120
<INFO 7bb80e3f86c0> CORE::BYTES::UPDATES_IN 705820264
<INFO 7bb8134026c0> CORE::PARTITIONS_PROCESSED 40
<INFO 7bb80dbf76c0> CORE::BYTES::UPDATES_IN 685108112
<INFO 7bb8134026c0> CORE::BYTES::EDGES_STREAMED 1035462504
<INFO 7bb8134026c0> CORE::BYTES::UPDATES_OUT 656067576
<INFO 7bb8134026c0> CORE::BYTES::UPDATES_IN 688987992
<INFO 7bb8113fe6c0> CORE::PARTITIONS_PROCESSED 40
<INFO 7bb8113fe6c0> CORE::BYTES::EDGES_STREAMED 1168553712
<INFO 7bb80c3f46c0> CORE::PARTITIONS_PROCESSED 37
<INFO 7bb8113fe6c0> CORE::BYTES::UPDATES_OUT 744351848
<INFO 7bb80c3f46c0> CORE::BYTES::EDGES_STREAMED 1135653072
<INFO 7bb80c3f46c0> CORE::BYTES::UPDATES_OUT 705343432
<INFO 7bb80c3f46c0> CORE::BYTES::UPDATES_IN 637772224
<INFO 7bb8113fe6c0> CORE::BYTES::UPDATES_IN 691207368
<INFO 7bba1432e2c0> CORE::RUSAGE::MAX_RSS_KB 8394184
<INFO 7bba1432e2c0> CORE::RUSAGE::MINFLT 2097517
<INFO 7bba1432e2c0> CORE::RUSAGE::MAJFLT 0
<INFO 7bba1432e2c0> CORE::RUSAGE::MAJFLT 0
<INFO 7bba1432e2c0> CORE::RUSAGE::INBLK 1617048
<INFO 7bba1432e2c0> CORE::RUSAGE::OUBLK 113632
<INFO 7bba1432e2c0> CORE::UTILS::BYTES_READ 827928576
<INFO 7bba1432e2c0> CORE::UTILS::BYTES_WRITTEN 58171392
<INFO 7bba1432e2c0> CORE::TIME::IO_WAIT 2.92786 seconds
<INFO 7bba1432e2c0> CORE::PHASES 22
<INFO 7bba1432e2c0> CORE::TIME::SETUP 3.44048 seconds
<INFO 7bba1432e2c0> CORE::TIME::STATE_ITER 1.05098 seconds
<INFO 7bba1432e2c0> CORE::TIME::GATHER 5.3331 seconds
<INFO 7bba1432e2c0> CORE::TIME::SCATTER 5.94001 seconds
<INFO 7bba1432e2c0> TIME_IN_PC_FN 3.68721 seconds
<INFO 7bba1432e2c0> CORE::TIME::WALL 16.458 seconds
<INFO 7bba1432e2c0> SHUTDOWN
