<INFO 7b3b1f6d22c0> STARTUP
<INFO 7b3b1f6d22c0> CORE::GRAPH soc-LiveJournal1-dir
<INFO 7b3b1f6d22c0> CORE::ALGORITHM pagerank
<INFO 7b3b1f6d22c0> SG-DRIVER-ORIGINAL
<WARNING 7b3b1f6d22c0> Disk count not specified, assuming it to be 1
<INFO 7b3b1f6d22c0> CORE::CONFIG::PROCESSORS 2
<INFO 7b3b1f6d22c0> CORE::CONFIG::PHYSICAL_MEMORY 8589934592
<INFO 7b3b1f6d22c0> CORE::CONFIG::VERTICES 4847571
<INFO 7b3b1f6d22c0> CORE::CONFIG::VERTEX_SIZE 12
<INFO 7b3b1f6d22c0> CORE::CONFIG::VERTEX_BUFFER 58171392
<INFO 7b3b1f6d22c0> CORE::CONFIG::EDGES 68993773
<INFO 7b3b1f6d22c0> CORE::CONFIG::PARTITIONS 32
<INFO 7b3b1f6d22c0> CORE::CONFIG::FANOUT 32
<INFO 7b3b1f6d22c0> CORE::CONFIG::SUPER_PARTITIONS 1
<INFO 7b3b1f6d22c0> CORE::CONFIG::STREAM_UNIT 16777216
<INFO 7b3b1f6d22c0> CORE::CONFIG::BUFFER_SIZE 1702992329
<INFO 7b3b1f6d22c0> CORE::CONFIG::IO_NUMIOQS 1
<INFO 7b3b1f6d22c0> CORE::CONFIG::MAX_BUFFERS 4
<INFO 7b3b1f6d22c0> CORE::CONFIG::MAX_STREAMS 5
<WARNING 7b3b1f6d22c0> No mount point specified for disk0, falling back to current directory
my size is 827925276
<INFO 7b3b1f6d22c0> CORE::PARTITIONS_PROCESSED 320
<INFO 7b3b1f6d22c0> CORE::BYTES::EDGES_STREAMED 9091105056
<INFO 7b3b1f6d22c0> CORE::BYTES::UPDATES_OUT 5785248672
<INFO 7b3b1f6d22c0> CORE::BYTES::UPDATES_IN 5510111520
<INFO 7b391e8026c0> CORE::PARTITIONS_PROCESSED 320
<INFO 7b391e8026c0> CORE::BYTES::EDGES_STREAMED 9123251016
<INFO 7b391e8026c0> CORE::BYTES::UPDATES_OUT 5805705192
<INFO 7b391e8026c0> CORE::BYTES::UPDATES_IN 5528892160
<INFO 7b3b1f6d22c0> CORE::RUSAGE::MAX_RSS_KB 8393800
<INFO 7b3b1f6d22c0> CORE::RUSAGE::MINFLT 2097400
<INFO 7b3b1f6d22c0> CORE::RUSAGE::MAJFLT 0
<INFO 7b3b1f6d22c0> CORE::RUSAGE::MAJFLT 0
<INFO 7b3b1f6d22c0> CORE::RUSAGE::INBLK 1617048
<INFO 7b3b1f6d22c0> CORE::RUSAGE::OUBLK 113624
<INFO 7b3b1f6d22c0> CORE::UTILS::BYTES_READ 827928576
<INFO 7b3b1f6d22c0> CORE::UTILS::BYTES_WRITTEN 58171392
<INFO 7b3b1f6d22c0> CORE::TIME::IO_WAIT 2.68703 seconds
<INFO 7b3b1f6d22c0> CORE::PHASES 22
<INFO 7b3b1f6d22c0> CORE::TIME::SETUP 3.4309 seconds
<INFO 7b3b1f6d22c0> CORE::TIME::STATE_ITER 0.396526 seconds
<INFO 7b3b1f6d22c0> CORE::TIME::GATHER 4.52457 seconds
<INFO 7b3b1f6d22c0> CORE::TIME::SCATTER 5.22448 seconds
<INFO 7b3b1f6d22c0> TIME_IN_PC_FN 3.76863 seconds
<INFO 7b3b1f6d22c0> CORE::TIME::WALL 13.6924 seconds
<INFO 7b3b1f6d22c0> SHUTDOWN
