<INFO 7d21689612c0> STARTUP
<INFO 7d21689612c0> CORE::GRAPH soc-LiveJournal1-dir
<INFO 7d21689612c0> CORE::ALGORITHM pagerank
<INFO 7d21689612c0> SG-DRIVER-ORIGINAL
<WARNING 7d21689612c0> Disk count not specified, assuming it to be 1
<INFO 7d21689612c0> CORE::CONFIG::PROCESSORS 8
<INFO 7d21689612c0> CORE::CONFIG::PHYSICAL_MEMORY 8589934592
<INFO 7d21689612c0> CORE::CONFIG::VERTICES 4847571
<INFO 7d21689612c0> CORE::CONFIG::VERTEX_SIZE 12
<INFO 7d21689612c0> CORE::CONFIG::VERTEX_BUFFER 58171392
<INFO 7d21689612c0> CORE::CONFIG::EDGES 68993773
<INFO 7d21689612c0> CORE::CONFIG::PARTITIONS 32
<INFO 7d21689612c0> CORE::CONFIG::FANOUT 32
<INFO 7d21689612c0> CORE::CONFIG::SUPER_PARTITIONS 1
<INFO 7d21689612c0> CORE::CONFIG::STREAM_UNIT 16777216
<INFO 7d21689612c0> CORE::CONFIG::BUFFER_SIZE 1702992243
<INFO 7d21689612c0> CORE::CONFIG::IO_NUMIOQS 1
<INFO 7d21689612c0> CORE::CONFIG::MAX_BUFFERS 4
<INFO 7d21689612c0> CORE::CONFIG::MAX_STREAMS 5
<WARNING 7d21689612c0> No mount point specified for disk0, falling back to current directory
my size is 827925276
<INFO 7d21689612c0> CORE::PARTITIONS_PROCESSED 80
<INFO 7d21689612c0> CORE::BYTES::EDGES_STREAMED 2270614104
<INFO 7d21689612c0> CORE::BYTES::UPDATES_OUT 1444936248
<INFO 7d21689612c0> CORE::BYTES::UPDATES_IN 1377032480
<INFO 7d1f67a026c0> CORE::PARTITIONS_PROCESSED 80
<INFO 7d1f672016c0> CORE::PARTITIONS_PROCESSED 80
<INFO 7d1f67a026c0> CORE::BYTES::EDGES_STREAMED 2285982336
<INFO 7d1f661ff6c0> CORE::PARTITIONS_PROCESSED 80
<INFO 7d1f672016c0> CORE::BYTES::EDGES_STREAMED 2275991256
<INFO 7d1f649fc6c0> CORE::PARTITIONS_PROCESSED 80
<INFO 7d1f651fd6c0> CORE::PARTITIONS_PROCESSED 80
<INFO 7d1f661ff6c0> CORE::BYTES::EDGES_STREAMED 2271849096
<INFO 7d1f651fd6c0> CORE::BYTES::EDGES_STREAMED 2272650600
<INFO 7d1f672016c0> CORE::BYTES::UPDATES_OUT 1448358072
<INFO 7d1f659fe6c0> CORE::PARTITIONS_PROCESSED 80
<INFO 7d1f661ff6c0> CORE::BYTES::UPDATES_OUT 1445722152
<INFO 7d1f66a006c0> CORE::PARTITIONS_PROCESSED 80
<INFO 7d1f67a026c0> CORE::BYTES::UPDATES_OUT 1454716032
<INFO 7d1f66a006c0> CORE::BYTES::EDGES_STREAMED 2275163352
<INFO 7d1f649fc6c0> CORE::BYTES::EDGES_STREAMED 2279726328
<INFO 7d1f661ff6c0> CORE::BYTES::UPDATES_IN 1377808320
<INFO 7d1f67a026c0> CORE::BYTES::UPDATES_IN 1381880320
<INFO 7d1f659fe6c0> CORE::BYTES::EDGES_STREAMED 2282379000
<INFO 7d1f659fe6c0> CORE::BYTES::UPDATES_OUT 1452423000
<INFO 7d1f659fe6c0> CORE::BYTES::UPDATES_IN 1383470240
<INFO 7d1f66a006c0> CORE::BYTES::UPDATES_OUT 1447831224
<INFO 7d1f66a006c0> CORE::BYTES::UPDATES_IN 1382032480
<INFO 7d1f649fc6c0> CORE::BYTES::UPDATES_OUT 1450734936
<INFO 7d1f649fc6c0> CORE::BYTES::UPDATES_IN 1381509120
<INFO 7d1f651fd6c0> CORE::BYTES::UPDATES_OUT 1446232200
<INFO 7d1f672016c0> CORE::BYTES::UPDATES_IN 1378296960
<INFO 7d1f651fd6c0> CORE::BYTES::UPDATES_IN 1376973760
<INFO 7d21689612c0> CORE::RUSAGE::MAX_RSS_KB 8393788
<INFO 7d21689612c0> CORE::RUSAGE::MINFLT 2097461
<INFO 7d21689612c0> CORE::RUSAGE::MAJFLT 0
<INFO 7d21689612c0> CORE::RUSAGE::MAJFLT 0
<INFO 7d21689612c0> CORE::RUSAGE::INBLK 1617048
<INFO 7d21689612c0> CORE::RUSAGE::OUBLK 113624
<INFO 7d21689612c0> CORE::UTILS::BYTES_READ 827928576
<INFO 7d21689612c0> CORE::UTILS::BYTES_WRITTEN 58171392
<INFO 7d21689612c0> CORE::TIME::IO_WAIT 2.24393 seconds
<INFO 7d21689612c0> CORE::PHASES 22
<INFO 7d21689612c0> CORE::TIME::SETUP 3.42657 seconds
<INFO 7d21689612c0> CORE::TIME::STATE_ITER 0.989323 seconds
<INFO 7d21689612c0> CORE::TIME::GATHER 4.64675 seconds
<INFO 7d21689612c0> CORE::TIME::SCATTER 3.96239 seconds
<INFO 7d21689612c0> TIME_IN_PC_FN 3.38461 seconds
<INFO 7d21689612c0> CORE::TIME::WALL 13.1364 seconds
<INFO 7d21689612c0> SHUTDOWN
