<INFO 78e9fd49f2c0> STARTUP
<INFO 78e9fd49f2c0> CORE::GRAPH soc-LiveJournal1-dir
<INFO 78e9fd49f2c0> CORE::ALGORITHM pagerank
<INFO 78e9fd49f2c0> SG-DRIVER-ORIGINAL
<WARNING 78e9fd49f2c0> Disk count not specified, assuming it to be 1
<INFO 78e9fd49f2c0> CORE::CONFIG::PROCESSORS 2
<INFO 78e9fd49f2c0> CORE::CONFIG::PHYSICAL_MEMORY 1073741824
<INFO 78e9fd49f2c0> CORE::CONFIG::VERTICES 4847571
<INFO 78e9fd49f2c0> CORE::CONFIG::VERTEX_SIZE 12
<INFO 78e9fd49f2c0> CORE::CONFIG::VERTEX_BUFFER 58171392
<INFO 78e9fd49f2c0> CORE::CONFIG::EDGES 68993773
<INFO 78e9fd49f2c0> CORE::CONFIG::PARTITIONS 128
<INFO 78e9fd49f2c0> CORE::CONFIG::FANOUT 128
<INFO 78e9fd49f2c0> CORE::CONFIG::SUPER_PARTITIONS 1
<INFO 78e9fd49f2c0> CORE::CONFIG::STREAM_UNIT 16777216
<INFO 78e9fd49f2c0> CORE::CONFIG::BUFFER_SIZE 199752393
<INFO 78e9fd49f2c0> CORE::CONFIG::IO_NUMIOQS 1
<INFO 78e9fd49f2c0> CORE::CONFIG::MAX_BUFFERS 4
<INFO 78e9fd49f2c0> CORE::CONFIG::MAX_STREAMS 5
<WARNING 78e9fd49f2c0> No mount point specified for disk0, falling back to current directory
my size is 827925276
<INFO 78e9fd49f2c0> CORE::PARTITIONS_PROCESSED 3838
<INFO 78e9fd49f2c0> CORE::BYTES::EDGES_STREAMED 9091105056
<INFO 78e9fd49f2c0> CORE::BYTES::UPDATES_OUT 5785248672
<INFO 78e9fd49f2c0> CORE::BYTES::UPDATES_IN 5507782656
<INFO 78e9bc6046c0> CORE::PARTITIONS_PROCESSED 3842
<INFO 78e9bc6046c0> CORE::BYTES::EDGES_STREAMED 9123251016
<INFO 78e9bc6046c0> CORE::BYTES::UPDATES_OUT 5805705192
<INFO 78e9bc6046c0> CORE::BYTES::UPDATES_IN 5531221024
<INFO 78e9fd49f2c0> CORE::RUSAGE::MAX_RSS_KB 1054044
<INFO 78e9fd49f2c0> CORE::RUSAGE::MINFLT 262394
<INFO 78e9fd49f2c0> CORE::RUSAGE::MAJFLT 0
<INFO 78e9fd49f2c0> CORE::RUSAGE::MAJFLT 0
<INFO 78e9fd49f2c0> CORE::RUSAGE::INBLK 57135824
<INFO 78e9fd49f2c0> CORE::RUSAGE::OUBLK 22752304
<INFO 78e9fd49f2c0> CORE::UTILS::BYTES_READ 29253476352
<INFO 78e9fd49f2c0> CORE::UTILS::BYTES_WRITTEN 11649171456
<INFO 78e9fd49f2c0> CORE::TIME::IO_WAIT 124.04 seconds
<INFO 78e9fd49f2c0> CORE::PHASES 22
<INFO 78e9fd49f2c0> CORE::TIME::SETUP 0.433095 seconds
<INFO 78e9fd49f2c0> CORE::TIME::STATE_ITER 0.412487 seconds
<INFO 78e9fd49f2c0> CORE::TIME::GATHER 22.2637 seconds
<INFO 78e9fd49f2c0> CORE::TIME::SCATTER 114.015 seconds
<INFO 78e9fd49f2c0> TIME_IN_PC_FN 3.64474 seconds
<INFO 78e9fd49f2c0> CORE::TIME::WALL 138.143 seconds
<INFO 78e9fd49f2c0> SHUTDOWN
