<INFO 78779a7542c0> STARTUP
<INFO 78779a7542c0> CORE::GRAPH amazon0601-sym
<INFO 78779a7542c0> CORE::ALGORITHM mis
<INFO 78779a7542c0> SG-DRIVER-ORIGINAL
<WARNING 78779a7542c0> Disk count not specified, assuming it to be 1
<INFO 78779a7542c0> CORE::CONFIG::PROCESSORS 16
<INFO 78779a7542c0> CORE::CONFIG::PHYSICAL_MEMORY 8589934592
<INFO 78779a7542c0> CORE::CONFIG::VERTICES 403394
<INFO 78779a7542c0> CORE::CONFIG::VERTEX_SIZE 1
<INFO 78779a7542c0> CORE::CONFIG::VERTEX_BUFFER 405504
<INFO 78779a7542c0> CORE::CONFIG::EDGES 6774776
<INFO 78779a7542c0> CORE::CONFIG::PARTITIONS 16
<INFO 78779a7542c0> CORE::CONFIG::FANOUT 16
<INFO 78779a7542c0> CORE::CONFIG::SUPER_PARTITIONS 1
<INFO 78779a7542c0> CORE::CONFIG::STREAM_UNIT 16777216
<INFO 78779a7542c0> CORE::CONFIG::BUFFER_SIZE 1714545536
<INFO 78779a7542c0> CORE::CONFIG::IO_NUMIOQS 1
<INFO 78779a7542c0> CORE::CONFIG::MAX_BUFFERS 4
<INFO 78779a7542c0> CORE::CONFIG::MAX_STREAMS 5
<WARNING 78779a7542c0> No mount point specified for disk0, falling back to current directory
my size is 81297312
<INFO 78779a7542c0> ALGORITHM::MIS::NOT_IN_MIS 317704
<INFO 78779a7542c0> CORE::PARTITIONS_PROCESSED 81
<INFO 78779a7542c0> CORE::BYTES::EDGES_STREAMED 381440196
<INFO 78779a7542c0> CORE::BYTES::UPDATES_OUT 21452032
<INFO 78779a7542c0> CORE::BYTES::UPDATES_IN 26087136
<INFO 7875990626c0> CORE::PARTITIONS_PROCESSED 72
<INFO 7875998636c0> CORE::PARTITIONS_PROCESSED 68
<INFO 7875928556c0> CORE::PARTITIONS_PROCESSED 61
<INFO 78759785f6c0> CORE::PARTITIONS_PROCESSED 75
<INFO 78759685d6c0> CORE::PARTITIONS_PROCESSED 74
<INFO 78759785f6c0> CORE::BYTES::EDGES_STREAMED 365249568
<INFO 78759685d6c0> CORE::BYTES::EDGES_STREAMED 360305700
<INFO 7875998636c0> CORE::BYTES::EDGES_STREAMED 358945644
<INFO 78759585b6c0> CORE::PARTITIONS_PROCESSED 72
<INFO 7875928556c0> CORE::BYTES::EDGES_STREAMED 326448588
<INFO 7875990626c0> CORE::BYTES::EDGES_STREAMED 373935432
<INFO 7875990626c0> CORE::BYTES::UPDATES_OUT 21037768
<INFO 7875998636c0> CORE::BYTES::UPDATES_OUT 19191584
<INFO 78759585b6c0> CORE::BYTES::EDGES_STREAMED 330887868
<INFO 78759785f6c0> CORE::BYTES::UPDATES_OUT 19191716
<INFO 7875990626c0> CORE::BYTES::UPDATES_IN 20536284
<INFO 78759785f6c0> CORE::BYTES::UPDATES_IN 23051272
<INFO 7875938576c0> CORE::PARTITIONS_PROCESSED 69
<INFO 7875938576c0> CORE::BYTES::EDGES_STREAMED 289263060
<INFO 7875998636c0> CORE::BYTES::UPDATES_IN 18339596
<INFO 78759585b6c0> CORE::BYTES::UPDATES_OUT 16941952
<INFO 78759585b6c0> CORE::BYTES::UPDATES_IN 17484704
<INFO 7875980606c0> CORE::PARTITIONS_PROCESSED 50
<INFO 7875940586c0> CORE::PARTITIONS_PROCESSED 49
<INFO 78759685d6c0> CORE::BYTES::UPDATES_OUT 20590008
<INFO 78759685d6c0> CORE::BYTES::UPDATES_IN 22728272
<INFO 7875948596c0> CORE::PARTITIONS_PROCESSED 59
<INFO 7875948596c0> CORE::BYTES::EDGES_STREAMED 354817056
<INFO 7875948596c0> CORE::BYTES::UPDATES_OUT 22274608
<INFO 7875948596c0> CORE::BYTES::UPDATES_IN 12160700
<INFO 7875928556c0> CORE::BYTES::UPDATES_OUT 16983776
<INFO 7875928556c0> CORE::BYTES::UPDATES_IN 15405312
<INFO 7875940586c0> CORE::BYTES::EDGES_STREAMED 391341288
<INFO 7875940586c0> CORE::BYTES::UPDATES_OUT 19637396
<INFO 7875940586c0> CORE::BYTES::UPDATES_IN 16074068
<INFO 7875938576c0> CORE::BYTES::UPDATES_OUT 17411832
<INFO 7875938576c0> CORE::BYTES::UPDATES_IN 15790520
<INFO 7875980606c0> CORE::BYTES::EDGES_STREAMED 313810884
<INFO 7875980606c0> CORE::BYTES::UPDATES_OUT 16226536
<INFO 7875980606c0> CORE::BYTES::UPDATES_IN 17185280
<INFO 78759705e6c0> CORE::PARTITIONS_PROCESSED 72
<INFO 78759705e6c0> CORE::BYTES::EDGES_STREAMED 325110660
<INFO 78759705e6c0> CORE::BYTES::UPDATES_OUT 17439140
<INFO 78759705e6c0> CORE::BYTES::UPDATES_IN 18989172
<INFO 78759505a6c0> CORE::PARTITIONS_PROCESSED 68
<INFO 78759505a6c0> CORE::BYTES::EDGES_STREAMED 323830656
<INFO 78759505a6c0> CORE::BYTES::UPDATES_OUT 15761532
<INFO 78759505a6c0> CORE::BYTES::UPDATES_IN 17216908
<INFO 7875988616c0> CORE::PARTITIONS_PROCESSED 71
<INFO 7875988616c0> CORE::BYTES::EDGES_STREAMED 359269716
<INFO 7875988616c0> CORE::BYTES::UPDATES_OUT 18343736
<INFO 7875988616c0> CORE::BYTES::UPDATES_IN 21825312
<INFO 7875930566c0> CORE::PARTITIONS_PROCESSED 67
<INFO 7875930566c0> CORE::BYTES::EDGES_STREAMED 344751996
<INFO 7875930566c0> CORE::BYTES::UPDATES_OUT 20487868
<INFO 7875930566c0> CORE::BYTES::UPDATES_IN 18355300
<INFO 78759605c6c0> CORE::PARTITIONS_PROCESSED 64
<INFO 78759605c6c0> CORE::BYTES::EDGES_STREAMED 328808904
<INFO 78759605c6c0> CORE::BYTES::UPDATES_OUT 20373440
<INFO 78759605c6c0> CORE::BYTES::UPDATES_IN 19551704
<INFO 78779a7542c0> CORE::RUSAGE::MAX_RSS_KB 8394036
<INFO 78779a7542c0> CORE::RUSAGE::MINFLT 2097506
<INFO 78779a7542c0> CORE::RUSAGE::MAJFLT 8
<INFO 78779a7542c0> CORE::RUSAGE::MAJFLT 8
<INFO 78779a7542c0> CORE::RUSAGE::INBLK 158928
<INFO 78779a7542c0> CORE::RUSAGE::OUBLK 808
<INFO 78779a7542c0> CORE::UTILS::BYTES_READ 81297408
<INFO 78779a7542c0> CORE::UTILS::BYTES_WRITTEN 405504
<INFO 78779a7542c0> CORE::TIME::IO_WAIT 0.191209 seconds
<INFO 78779a7542c0> CORE::PHASES 68
<INFO 78779a7542c0> CORE::TIME::SETUP 3.62098 seconds
<INFO 78779a7542c0> CORE::TIME::STATE_ITER 0.694142 seconds
<INFO 78779a7542c0> CORE::TIME::GATHER 2.02635 seconds
<INFO 78779a7542c0> CORE::TIME::SCATTER 4.25342 seconds
<INFO 78779a7542c0> TIME_IN_PC_FN 0.300211 seconds
<INFO 78779a7542c0> CORE::TIME::WALL 12.3246 seconds
<INFO 78779a7542c0> SHUTDOWN
