<INFO 700ee94e32c0> STARTUP
<INFO 700ee94e32c0> CORE::GRAPH amazon0601-sym
<INFO 700ee94e32c0> CORE::ALGORITHM cc
<INFO 700ee94e32c0> SG-DRIVER-ORIGINAL
<WARNING 700ee94e32c0> Disk count not specified, assuming it to be 1
<INFO 700ee94e32c0> CORE::CONFIG::PROCESSORS 16
<INFO 700ee94e32c0> CORE::CONFIG::PHYSICAL_MEMORY 8589934592
<INFO 700ee94e32c0> CORE::CONFIG::VERTICES 403394
<INFO 700ee94e32c0> CORE::CONFIG::VERTEX_SIZE 13
<INFO 700ee94e32c0> CORE::CONFIG::VERTEX_BUFFER 5246976
<INFO 700ee94e32c0> CORE::CONFIG::EDGES 6774776
<INFO 700ee94e32c0> CORE::CONFIG::PARTITIONS 16
<INFO 700ee94e32c0> CORE::CONFIG::FANOUT 16
<INFO 700ee94e32c0> CORE::CONFIG::SUPER_PARTITIONS 1
<INFO 700ee94e32c0> CORE::CONFIG::STREAM_UNIT 16777216
<INFO 700ee94e32c0> CORE::CONFIG::BUFFER_SIZE 1713577241
<INFO 700ee94e32c0> CORE::CONFIG::IO_NUMIOQS 1
<INFO 700ee94e32c0> CORE::CONFIG::MAX_BUFFERS 4
<INFO 700ee94e32c0> CORE::CONFIG::MAX_STREAMS 5
<WARNING 700ee94e32c0> No mount point specified for disk0, falling back to current directory
my size is 81297312
<INFO 700ee94e32c0> ALGORITHM::CC::CC_COUNT 7
<INFO 700ee94e32c0> CORE::PARTITIONS_PROCESSED 15
<INFO 700ee94e32c0> CORE::BYTES::EDGES_STREAMED 76351896
<INFO 700ee94e32c0> CORE::BYTES::UPDATES_OUT 15513944
<INFO 700ee94e32c0> CORE::BYTES::UPDATES_IN 14325024
<INFO 700ce45fb6c0> CORE::PARTITIONS_PROCESSED 21
<INFO 700ce45fb6c0> CORE::BYTES::EDGES_STREAMED 86507640
<INFO 700ce45fb6c0> CORE::BYTES::UPDATES_OUT 16903488
<INFO 700ce55fd6c0> CORE::PARTITIONS_PROCESSED 24
<INFO 700ce4dfc6c0> CORE::PARTITIONS_PROCESSED 19
<INFO 700ce15f56c0> CORE::PARTITIONS_PROCESSED 14
<INFO 700ce25f76c0> CORE::PARTITIONS_PROCESSED 18
<INFO 700ce3dfa6c0> CORE::PARTITIONS_PROCESSED 14
<INFO 700ce15f56c0> CORE::BYTES::EDGES_STREAMED 81704724
<INFO 700ce15f56c0> CORE::BYTES::UPDATES_OUT 21858472
<INFO 700ce15f56c0> CORE::BYTES::UPDATES_IN 20128648
<INFO 700ce25f76c0> CORE::BYTES::EDGES_STREAMED 76043964
<INFO 700ce25f76c0> CORE::BYTES::UPDATES_OUT 22136176
<INFO 700ce25f76c0> CORE::BYTES::UPDATES_IN 13751888
<INFO 700ce55fd6c0> CORE::BYTES::EDGES_STREAMED 126882804
<INFO 700ce35f96c0> CORE::PARTITIONS_PROCESSED 21
<INFO 700ce4dfc6c0> CORE::BYTES::EDGES_STREAMED 96062004
<INFO 700ce6e006c0> CORE::PARTITIONS_PROCESSED 21
<INFO 700ce5dfe6c0> CORE::PARTITIONS_PROCESSED 17
<INFO 700ce76016c0> CORE::PARTITIONS_PROCESSED 17
<INFO 700ce45fb6c0> CORE::BYTES::UPDATES_IN 32709248
<INFO 700ce3dfa6c0> CORE::BYTES::EDGES_STREAMED 90984156
<INFO 700ce3dfa6c0> CORE::BYTES::UPDATES_OUT 21738560
<INFO 700ce35f96c0> CORE::BYTES::EDGES_STREAMED 81076752
<INFO 700ce4dfc6c0> CORE::BYTES::UPDATES_OUT 21872064
<INFO 700ce2df86c0> CORE::PARTITIONS_PROCESSED 17
<INFO 700ce7e026c0> CORE::PARTITIONS_PROCESSED 26
<INFO 700ce7e026c0> CORE::BYTES::EDGES_STREAMED 81929424
<INFO 700ce7e026c0> CORE::BYTES::UPDATES_OUT 21998808
<INFO 700ce7e026c0> CORE::BYTES::UPDATES_IN 26951128
<INFO 700ce4dfc6c0> CORE::BYTES::UPDATES_IN 23439144
<INFO 700ce6e006c0> CORE::BYTES::EDGES_STREAMED 65799120
<INFO 700ce6e006c0> CORE::BYTES::UPDATES_OUT 17911256
<INFO 700ce6e006c0> CORE::BYTES::UPDATES_IN 17724696
<INFO 700ce5dfe6c0> CORE::BYTES::EDGES_STREAMED 91403328
<INFO 700ce1df66c0> CORE::PARTITIONS_PROCESSED 17
<INFO 700ce35f96c0> CORE::BYTES::UPDATES_OUT 25565752
<INFO 700ce35f96c0> CORE::BYTES::UPDATES_IN 27294536
<INFO 700ce65ff6c0> CORE::PARTITIONS_PROCESSED 7
<INFO 700ce65ff6c0> CORE::BYTES::EDGES_STREAMED 106602588
<INFO 700ce65ff6c0> CORE::BYTES::UPDATES_OUT 24412600
<INFO 700ce65ff6c0> CORE::BYTES::UPDATES_IN 9927288
<INFO 700ce76016c0> CORE::BYTES::EDGES_STREAMED 111469320
<INFO 700ce76016c0> CORE::BYTES::UPDATES_OUT 26580928
<INFO 700ce76016c0> CORE::BYTES::UPDATES_IN 23007096
<INFO 700ce2df86c0> CORE::BYTES::EDGES_STREAMED 71103864
<INFO 700ce2df86c0> CORE::BYTES::UPDATES_OUT 18582648
<INFO 700ce2df86c0> CORE::BYTES::UPDATES_IN 22705312
<INFO 700ce86036c0> CORE::PARTITIONS_PROCESSED 18
<INFO 700ce86036c0> CORE::BYTES::EDGES_STREAMED 107792184
<INFO 700ce86036c0> CORE::BYTES::UPDATES_OUT 22183048
<INFO 700ce86036c0> CORE::BYTES::UPDATES_IN 20445360
<INFO 700ce55fd6c0> CORE::BYTES::UPDATES_OUT 29150400
<INFO 700ce55fd6c0> CORE::BYTES::UPDATES_IN 37042384
<INFO 700ce5dfe6c0> CORE::BYTES::UPDATES_OUT 21962744
<INFO 700ce5dfe6c0> CORE::BYTES::UPDATES_IN 22543440
<INFO 700ce3dfa6c0> CORE::BYTES::UPDATES_IN 13453528
<INFO 700ce1df66c0> CORE::BYTES::EDGES_STREAMED 81171936
<INFO 700ce1df66c0> CORE::BYTES::UPDATES_OUT 21763144
<INFO 700ce1df66c0> CORE::BYTES::UPDATES_IN 24685312
<INFO 700ee94e32c0> CORE::RUSAGE::MAX_RSS_KB 8394132
<INFO 700ee94e32c0> CORE::RUSAGE::MINFLT 2097520
<INFO 700ee94e32c0> CORE::RUSAGE::MAJFLT 11
<INFO 700ee94e32c0> CORE::RUSAGE::MAJFLT 11
<INFO 700ee94e32c0> CORE::RUSAGE::INBLK 159928
<INFO 700ee94e32c0> CORE::RUSAGE::OUBLK 10280
<INFO 700ee94e32c0> CORE::UTILS::BYTES_READ 81297408
<INFO 700ee94e32c0> CORE::UTILS::BYTES_WRITTEN 5246976
<INFO 700ee94e32c0> CORE::TIME::IO_WAIT 0.229999 seconds
<INFO 700ee94e32c0> CORE::PHASES 19
<INFO 700ee94e32c0> CORE::TIME::SETUP 3.76386 seconds
<INFO 700ee94e32c0> CORE::TIME::STATE_ITER 0.018248 seconds
<INFO 700ee94e32c0> CORE::TIME::GATHER 0.793663 seconds
<INFO 700ee94e32c0> CORE::TIME::SCATTER 1.69759 seconds
<INFO 700ee94e32c0> TIME_IN_PC_FN 0.082724 seconds
<INFO 700ee94e32c0> CORE::TIME::WALL 6.96473 seconds
<INFO 700ee94e32c0> SHUTDOWN
