<INFO 700fd90d52c0> STARTUP
<INFO 700fd90d52c0> CORE::GRAPH amazon0601-sym
<INFO 700fd90d52c0> CORE::ALGORITHM conductance
<INFO 700fd90d52c0> SG-DRIVER-ORIGINAL
<WARNING 700fd90d52c0> Disk count not specified, assuming it to be 1
<INFO 700fd90d52c0> CORE::CONFIG::PROCESSORS 16
<INFO 700fd90d52c0> CORE::CONFIG::PHYSICAL_MEMORY 8589934592
<INFO 700fd90d52c0> CORE::CONFIG::VERTICES 403394
<INFO 700fd90d52c0> CORE::CONFIG::VERTEX_SIZE 0
<INFO 700fd90d52c0> CORE::CONFIG::VERTEX_BUFFER 0
<INFO 700fd90d52c0> CORE::CONFIG::EDGES 6774776
<INFO 700fd90d52c0> CORE::CONFIG::PARTITIONS 16
<INFO 700fd90d52c0> CORE::CONFIG::FANOUT 16
<INFO 700fd90d52c0> CORE::CONFIG::SUPER_PARTITIONS 1
<INFO 700fd90d52c0> CORE::CONFIG::STREAM_UNIT 16777216
<INFO 700fd90d52c0> CORE::CONFIG::BUFFER_SIZE 1714626636
<INFO 700fd90d52c0> CORE::CONFIG::IO_NUMIOQS 1
<INFO 700fd90d52c0> CORE::CONFIG::MAX_BUFFERS 4
<INFO 700fd90d52c0> CORE::CONFIG::MAX_STREAMS 5
<WARNING 700fd90d52c0> No mount point specified for disk0, falling back to current directory
my size is 81297312
<INFO 700fd90d52c0> ALGORITHM::CONDUCTANCE::VALUE 1.03812
<INFO 700fd90d52c0> CORE::PARTITIONS_PROCESSED 0
<INFO 700fd90d52c0> CORE::BYTES::EDGES_STREAMED 10157028
<INFO 700fd90d52c0> CORE::BYTES::UPDATES_OUT 0
<INFO 700fd90d52c0> CORE::BYTES::UPDATES_IN 0
<INFO 700dd29f46c0> CORE::PARTITIONS_PROCESSED 0
<INFO 700dd51f96c0> CORE::PARTITIONS_PROCESSED 0
<INFO 700dd51f96c0> CORE::BYTES::EDGES_STREAMED 0
<INFO 700dd51f96c0> CORE::BYTES::UPDATES_OUT 0
<INFO 700dd51f96c0> CORE::BYTES::UPDATES_IN 0
<INFO 700dd49f86c0> CORE::PARTITIONS_PROCESSED 0
<INFO 700dd49f86c0> CORE::BYTES::EDGES_STREAMED 0
<INFO 700dd49f86c0> CORE::BYTES::UPDATES_OUT 0
<INFO 700dd49f86c0> CORE::BYTES::UPDATES_IN 0
<INFO 700dd59fa6c0> CORE::PARTITIONS_PROCESSED 0
<INFO 700dd59fa6c0> CORE::BYTES::EDGES_STREAMED 0
<INFO 700dd41f76c0> CORE::PARTITIONS_PROCESSED 0
<INFO 700dd41f76c0> CORE::BYTES::EDGES_STREAMED 10169928
<INFO 700dd41f76c0> CORE::BYTES::UPDATES_OUT 0
<INFO 700dd41f76c0> CORE::BYTES::UPDATES_IN 0
<INFO 700dd81ff6c0> CORE::PARTITIONS_PROCESSED 0
<INFO 700dd71fd6c0> CORE::PARTITIONS_PROCESSED 0
<INFO 700dd29f46c0> CORE::BYTES::EDGES_STREAMED 5081352
<INFO 700dd11f16c0> CORE::PARTITIONS_PROCESSED 0
<INFO 700dd19f26c0> CORE::PARTITIONS_PROCESSED 0
<INFO 700dd31f56c0> CORE::PARTITIONS_PROCESSED 0
<INFO 700dd69fc6c0> CORE::PARTITIONS_PROCESSED 0
<INFO 700dd79fe6c0> CORE::PARTITIONS_PROCESSED 0
<INFO 700dd29f46c0> CORE::BYTES::UPDATES_OUT 0
<INFO 700dd39f66c0> CORE::PARTITIONS_PROCESSED 0
<INFO 700dd81ff6c0> CORE::BYTES::EDGES_STREAMED 10213236
<INFO 700dd81ff6c0> CORE::BYTES::UPDATES_OUT 0
<INFO 700dd39f66c0> CORE::BYTES::EDGES_STREAMED 5051988
<INFO 700dd61fb6c0> CORE::PARTITIONS_PROCESSED 0
<INFO 700dd31f56c0> CORE::BYTES::EDGES_STREAMED 5065872
<INFO 700dd69fc6c0> CORE::BYTES::EDGES_STREAMED 5057712
<INFO 700dd19f26c0> CORE::BYTES::EDGES_STREAMED 0
<INFO 700dd81ff6c0> CORE::BYTES::UPDATES_IN 0
<INFO 700dd69fc6c0> CORE::BYTES::UPDATES_OUT 0
<INFO 700dd69fc6c0> CORE::BYTES::UPDATES_IN 0
<INFO 700dd61fb6c0> CORE::BYTES::EDGES_STREAMED 5074524
<INFO 700dd31f56c0> CORE::BYTES::UPDATES_OUT 0
<INFO 700dd31f56c0> CORE::BYTES::UPDATES_IN 0
<INFO 700dd21f36c0> CORE::PARTITIONS_PROCESSED 0
<INFO 700dd21f36c0> CORE::BYTES::EDGES_STREAMED 0
<INFO 700dd21f36c0> CORE::BYTES::UPDATES_OUT 0
<INFO 700dd21f36c0> CORE::BYTES::UPDATES_IN 0
<INFO 700dd59fa6c0> CORE::BYTES::UPDATES_OUT 0
<INFO 700dd59fa6c0> CORE::BYTES::UPDATES_IN 0
<INFO 700dd71fd6c0> CORE::BYTES::EDGES_STREAMED 10109604
<INFO 700dd29f46c0> CORE::BYTES::UPDATES_IN 0
<INFO 700dd79fe6c0> CORE::BYTES::EDGES_STREAMED 10211388
<INFO 700dd79fe6c0> CORE::BYTES::UPDATES_OUT 0
<INFO 700dd79fe6c0> CORE::BYTES::UPDATES_IN 0
<INFO 700dd19f26c0> CORE::BYTES::UPDATES_OUT 0
<INFO 700dd39f66c0> CORE::BYTES::UPDATES_OUT 0
<INFO 700dd19f26c0> CORE::BYTES::UPDATES_IN 0
<INFO 700dd39f66c0> CORE::BYTES::UPDATES_IN 0
<INFO 700dd11f16c0> CORE::BYTES::EDGES_STREAMED 5104680
<INFO 700dd11f16c0> CORE::BYTES::UPDATES_OUT 0
<INFO 700dd11f16c0> CORE::BYTES::UPDATES_IN 0
<INFO 700dd71fd6c0> CORE::BYTES::UPDATES_OUT 0
<INFO 700dd71fd6c0> CORE::BYTES::UPDATES_IN 0
<INFO 700dd61fb6c0> CORE::BYTES::UPDATES_OUT 0
<INFO 700dd61fb6c0> CORE::BYTES::UPDATES_IN 0
<INFO 700fd90d52c0> CORE::RUSAGE::MAX_RSS_KB 8394048
<INFO 700fd90d52c0> CORE::RUSAGE::MINFLT 2097504
<INFO 700fd90d52c0> CORE::RUSAGE::MAJFLT 0
<INFO 700fd90d52c0> CORE::RUSAGE::MAJFLT 0
<INFO 700fd90d52c0> CORE::RUSAGE::INBLK 158784
<INFO 700fd90d52c0> CORE::RUSAGE::OUBLK 16
<INFO 700fd90d52c0> CORE::UTILS::BYTES_READ 81297408
<INFO 700fd90d52c0> CORE::UTILS::BYTES_WRITTEN 0
<INFO 700fd90d52c0> CORE::TIME::IO_WAIT 0.193015 seconds
<INFO 700fd90d52c0> CORE::PHASES 2
<INFO 700fd90d52c0> CORE::TIME::SETUP 3.54731 seconds
<INFO 700fd90d52c0> CORE::TIME::STATE_ITER 0.011998 seconds
<INFO 700fd90d52c0> CORE::TIME::GATHER 0 seconds
<INFO 700fd90d52c0> CORE::TIME::SCATTER 0.313 seconds
<INFO 700fd90d52c0> TIME_IN_PC_FN 0.004484 seconds
<INFO 700fd90d52c0> CORE::TIME::WALL 3.96219 seconds
<INFO 700fd90d52c0> SHUTDOWN
