<INFO 707d75ada2c0> STARTUP
<INFO 707d75ada2c0> CORE::GRAPH amazon0601-dir
<INFO 707d75ada2c0> CORE::ALGORITHM sssp
<INFO 707d75ada2c0> SG-DRIVER-ORIGINAL
<WARNING 707d75ada2c0> Disk count not specified, assuming it to be 1
<INFO 707d75ada2c0> CORE::CONFIG::PROCESSORS 16
<INFO 707d75ada2c0> CORE::CONFIG::PHYSICAL_MEMORY 8589934592
<INFO 707d75ada2c0> CORE::CONFIG::VERTICES 403394
<INFO 707d75ada2c0> CORE::CONFIG::VERTEX_SIZE 16
<INFO 707d75ada2c0> CORE::CONFIG::VERTEX_BUFFER 6455296
<INFO 707d75ada2c0> CORE::CONFIG::EDGES 3387388
<INFO 707d75ada2c0> CORE::CONFIG::PARTITIONS 16
<INFO 707d75ada2c0> CORE::CONFIG::FANOUT 16
<INFO 707d75ada2c0> CORE::CONFIG::SUPER_PARTITIONS 1
<INFO 707d75ada2c0> CORE::CONFIG::STREAM_UNIT 16777216
<INFO 707d75ada2c0> CORE::CONFIG::BUFFER_SIZE 1713335577
<INFO 707d75ada2c0> CORE::CONFIG::IO_NUMIOQS 1
<INFO 707d75ada2c0> CORE::CONFIG::MAX_BUFFERS 4
<INFO 707d75ada2c0> CORE::CONFIG::MAX_STREAMS 5
<WARNING 707d75ada2c0> No mount point specified for disk0, falling back to current directory
my size is 40648656
<INFO 707b71bfd6c0> CORE::PARTITIONS_PROCESSED 63
<INFO 707b723fe6c0> CORE::PARTITIONS_PROCESSED 55
<INFO 707b6fbf96c0> CORE::PARTITIONS_PROCESSED 69
<INFO 707b723fe6c0> CORE::BYTES::EDGES_STREAMED 137376912
<INFO 707b71bfd6c0> CORE::BYTES::EDGES_STREAMED 149798988
<INFO 707b73c016c0> CORE::PARTITIONS_PROCESSED 64
<INFO 707b6dbf56c0> CORE::PARTITIONS_PROCESSED 73
<INFO 707b6dbf56c0> CORE::BYTES::EDGES_STREAMED 154590996
<INFO 707b6dbf56c0> CORE::BYTES::UPDATES_OUT 28699164
<INFO 707b6dbf56c0> CORE::BYTES::UPDATES_IN 21635856
<INFO 707d75ada2c0> CORE::PARTITIONS_PROCESSED 45
<INFO 707b6ebf76c0> CORE::PARTITIONS_PROCESSED 58
<INFO 707b70bfb6c0> CORE::PARTITIONS_PROCESSED 60
<INFO 707b6ebf76c0> CORE::BYTES::EDGES_STREAMED 129885792
<INFO 707b70bfb6c0> CORE::BYTES::EDGES_STREAMED 154986348
<INFO 707b70bfb6c0> CORE::BYTES::UPDATES_OUT 23708820
<INFO 707b70bfb6c0> CORE::BYTES::UPDATES_IN 20584884
<INFO 707b73c016c0> CORE::BYTES::EDGES_STREAMED 142234272
<INFO 707b73c016c0> CORE::BYTES::UPDATES_OUT 27242256
<INFO 707b6fbf96c0> CORE::BYTES::EDGES_STREAMED 134586948
<INFO 707b723fe6c0> CORE::BYTES::UPDATES_OUT 23340336
<INFO 707d75ada2c0> CORE::BYTES::EDGES_STREAMED 157369044
<INFO 707d75ada2c0> CORE::BYTES::UPDATES_OUT 19450704
<INFO 707d75ada2c0> CORE::BYTES::UPDATES_IN 17995548
<INFO 707b73c016c0> CORE::BYTES::UPDATES_IN 22748508
<INFO 707b6fbf96c0> CORE::BYTES::UPDATES_OUT 17777796
<INFO 707b703fa6c0> CORE::PARTITIONS_PROCESSED 51
<INFO 707b703fa6c0> CORE::BYTES::EDGES_STREAMED 175147488
<INFO 707b703fa6c0> CORE::BYTES::UPDATES_OUT 24559176
<INFO 707b703fa6c0> CORE::BYTES::UPDATES_IN 21151020
<INFO 707b71bfd6c0> CORE::BYTES::UPDATES_OUT 20367048
<INFO 707b71bfd6c0> CORE::BYTES::UPDATES_IN 18975180
<INFO 707b734006c0> CORE::PARTITIONS_PROCESSED 56
<INFO 707b734006c0> CORE::BYTES::EDGES_STREAMED 152527020
<INFO 707b734006c0> CORE::BYTES::UPDATES_OUT 24538188
<INFO 707b734006c0> CORE::BYTES::UPDATES_IN 26891268
<INFO 707b6f3f86c0> CORE::PARTITIONS_PROCESSED 67
<INFO 707b6e3f66c0> CORE::PARTITIONS_PROCESSED 64
<INFO 707b6e3f66c0> CORE::BYTES::EDGES_STREAMED 116843976
<INFO 707b6e3f66c0> CORE::BYTES::UPDATES_OUT 9959688
<INFO 707b6e3f66c0> CORE::BYTES::UPDATES_IN 17943468
<INFO 707b744026c0> CORE::PARTITIONS_PROCESSED 71
<INFO 707b6fbf96c0> CORE::BYTES::UPDATES_IN 18074460
<INFO 707b713fc6c0> CORE::PARTITIONS_PROCESSED 56
<INFO 707b723fe6c0> CORE::BYTES::UPDATES_IN 21571104
<INFO 707b6ebf76c0> CORE::BYTES::UPDATES_OUT 19302900
<INFO 707b6ebf76c0> CORE::BYTES::UPDATES_IN 22949208
<INFO 707b744026c0> CORE::BYTES::EDGES_STREAMED 129589848
<INFO 707b744026c0> CORE::BYTES::UPDATES_OUT 20376624
<INFO 707b744026c0> CORE::BYTES::UPDATES_IN 32942280
<INFO 707b72bff6c0> CORE::PARTITIONS_PROCESSED 71
<INFO 707b713fc6c0> CORE::BYTES::EDGES_STREAMED 134727444
<INFO 707b72bff6c0> CORE::BYTES::EDGES_STREAMED 170355180
<INFO 707b72bff6c0> CORE::BYTES::UPDATES_OUT 26852880
<INFO 707b72bff6c0> CORE::BYTES::UPDATES_IN 20890560
<INFO 707b713fc6c0> CORE::BYTES::UPDATES_OUT 21330144
<INFO 707b713fc6c0> CORE::BYTES::UPDATES_IN 22338744
<INFO 707b74c036c0> CORE::PARTITIONS_PROCESSED 61
<INFO 707b74c036c0> CORE::BYTES::EDGES_STREAMED 157558680
<INFO 707b6f3f86c0> CORE::BYTES::EDGES_STREAMED 121992480
<INFO 707b6f3f86c0> CORE::BYTES::UPDATES_OUT 23646480
<INFO 707b6f3f86c0> CORE::BYTES::UPDATES_IN 15813792
<INFO 707b74c036c0> CORE::BYTES::UPDATES_OUT 17181264
<INFO 707b74c036c0> CORE::BYTES::UPDATES_IN 25827588
<INFO 707d75ada2c0> CORE::RUSAGE::MAX_RSS_KB 8393816
<INFO 707d75ada2c0> CORE::RUSAGE::MINFLT 2097515
<INFO 707d75ada2c0> CORE::RUSAGE::MAJFLT 0
<INFO 707d75ada2c0> CORE::RUSAGE::MAJFLT 0
<INFO 707d75ada2c0> CORE::RUSAGE::INBLK 79392
<INFO 707d75ada2c0> CORE::RUSAGE::OUBLK 12632
<INFO 707d75ada2c0> CORE::UTILS::BYTES_READ 40648704
<INFO 707d75ada2c0> CORE::UTILS::BYTES_WRITTEN 6455296
<INFO 707d75ada2c0> CORE::TIME::IO_WAIT 0.125384 seconds
<INFO 707d75ada2c0> CORE::PHASES 64
<INFO 707d75ada2c0> CORE::TIME::SETUP 3.53562 seconds
<INFO 707d75ada2c0> CORE::TIME::STATE_ITER 0.012096 seconds
<INFO 707d75ada2c0> CORE::TIME::GATHER 1.77139 seconds
<INFO 707d75ada2c0> CORE::TIME::SCATTER 3.66308 seconds
<INFO 707d75ada2c0> TIME_IN_PC_FN 0.125926 seconds
<INFO 707d75ada2c0> CORE::TIME::WALL 10.5741 seconds
<INFO 707d75ada2c0> SHUTDOWN
