<INFO 796ed5ac22c0> STARTUP
<INFO 796ed5ac22c0> CORE::GRAPH cit-Patents-sym
<INFO 796ed5ac22c0> CORE::ALGORITHM mis
<INFO 796ed5ac22c0> SG-DRIVER-ORIGINAL
<WARNING 796ed5ac22c0> Disk count not specified, assuming it to be 1
<INFO 796ed5ac22c0> CORE::CONFIG::PROCESSORS 16
<INFO 796ed5ac22c0> CORE::CONFIG::PHYSICAL_MEMORY 8589934592
<INFO 796ed5ac22c0> CORE::CONFIG::VERTICES 3774768
<INFO 796ed5ac22c0> CORE::CONFIG::VERTEX_SIZE 1
<INFO 796ed5ac22c0> CORE::CONFIG::VERTEX_BUFFER 3776512
<INFO 796ed5ac22c0> CORE::CONFIG::EDGES 33037895
<INFO 796ed5ac22c0> CORE::CONFIG::PARTITIONS 32
<INFO 796ed5ac22c0> CORE::CONFIG::FANOUT 32
<INFO 796ed5ac22c0> CORE::CONFIG::SUPER_PARTITIONS 1
<INFO 796ed5ac22c0> CORE::CONFIG::STREAM_UNIT 16777216
<INFO 796ed5ac22c0> CORE::CONFIG::BUFFER_SIZE 1713871104
<INFO 796ed5ac22c0> CORE::CONFIG::IO_NUMIOQS 1
<INFO 796ed5ac22c0> CORE::CONFIG::MAX_BUFFERS 4
<INFO 796ed5ac22c0> CORE::CONFIG::MAX_STREAMS 5
<WARNING 796ed5ac22c0> No mount point specified for disk0, falling back to current directory
my size is 396454740
<INFO 796ed5ac22c0> ALGORITHM::MIS::NOT_IN_MIS 1810026
<INFO 796ed5ac22c0> CORE::PARTITIONS_PROCESSED 32
<INFO 796ed5ac22c0> CORE::BYTES::EDGES_STREAMED 446030604
<INFO 796ed5ac22c0> CORE::BYTES::UPDATES_OUT 37740772
<INFO 796ed5ac22c0> CORE::BYTES::UPDATES_IN 33303200
<INFO 796cd3c006c0> CORE::PARTITIONS_PROCESSED 28
<INFO 796ccfbf86c0> CORE::PARTITIONS_PROCESSED 31
<INFO 796cd4c026c0> CORE::PARTITIONS_PROCESSED 20
<INFO 796ccfbf86c0> CORE::BYTES::EDGES_STREAMED 346248180
<INFO 796cce3f56c0> CORE::PARTITIONS_PROCESSED 16
<INFO 796cce3f56c0> CORE::BYTES::EDGES_STREAMED 407928360
<INFO 796cd3c006c0> CORE::BYTES::EDGES_STREAMED 372572208
<INFO 796ccfbf86c0> CORE::BYTES::UPDATES_OUT 27927516
<INFO 796cce3f56c0> CORE::BYTES::UPDATES_OUT 32616808
<INFO 796cd03f96c0> CORE::PARTITIONS_PROCESSED 22
<INFO 796cd23fd6c0> CORE::PARTITIONS_PROCESSED 35
<INFO 796cd4c026c0> CORE::BYTES::EDGES_STREAMED 334702080
<INFO 796cd3c006c0> CORE::BYTES::UPDATES_OUT 30014840
<INFO 796cd3c006c0> CORE::BYTES::UPDATES_IN 27505324
<INFO 796ccfbf86c0> CORE::BYTES::UPDATES_IN 31750320
<INFO 796cd23fd6c0> CORE::BYTES::EDGES_STREAMED 359121588
<INFO 796cd23fd6c0> CORE::BYTES::UPDATES_OUT 28016200
<INFO 796cd23fd6c0> CORE::BYTES::UPDATES_IN 33582188
<INFO 796cd4c026c0> CORE::BYTES::UPDATES_OUT 26762396
<INFO 796cd4c026c0> CORE::BYTES::UPDATES_IN 22089372
<INFO 796cd03f96c0> CORE::BYTES::EDGES_STREAMED 321418728
<INFO 796ccdbf46c0> CORE::PARTITIONS_PROCESSED 25
<INFO 796cd0bfa6c0> CORE::PARTITIONS_PROCESSED 32
<INFO 796ccebf66c0> CORE::PARTITIONS_PROCESSED 34
<INFO 796ccdbf46c0> CORE::BYTES::EDGES_STREAMED 383741052
<INFO 796ccebf66c0> CORE::BYTES::EDGES_STREAMED 372720240
<INFO 796cd33ff6c0> CORE::PARTITIONS_PROCESSED 32
<INFO 796cd33ff6c0> CORE::BYTES::EDGES_STREAMED 408341220
<INFO 796ccdbf46c0> CORE::BYTES::UPDATES_OUT 30799448
<INFO 796ccdbf46c0> CORE::BYTES::UPDATES_IN 24760856
<INFO 796cd33ff6c0> CORE::BYTES::UPDATES_OUT 32733452
<INFO 796cd03f96c0> CORE::BYTES::UPDATES_OUT 26270436
<INFO 796cd03f96c0> CORE::BYTES::UPDATES_IN 22965444
<INFO 796cce3f56c0> CORE::BYTES::UPDATES_IN 16907896
<INFO 796cd0bfa6c0> CORE::BYTES::EDGES_STREAMED 346694004
<INFO 796cd44016c0> CORE::PARTITIONS_PROCESSED 25
<INFO 796cd33ff6c0> CORE::BYTES::UPDATES_IN 31186260
<INFO 796cd0bfa6c0> CORE::BYTES::UPDATES_OUT 28343092
<INFO 796cd0bfa6c0> CORE::BYTES::UPDATES_IN 32349256
<INFO 796ccf3f76c0> CORE::PARTITIONS_PROCESSED 32
<INFO 796ccf3f76c0> CORE::BYTES::EDGES_STREAMED 385327572
<INFO 796ccf3f76c0> CORE::BYTES::UPDATES_OUT 31230992
<INFO 796ccf3f76c0> CORE::BYTES::UPDATES_IN 32248568
<INFO 796cd1bfc6c0> CORE::PARTITIONS_PROCESSED 24
<INFO 796cd1bfc6c0> CORE::BYTES::EDGES_STREAMED 360021720
<INFO 796cd1bfc6c0> CORE::BYTES::UPDATES_OUT 29170096
<INFO 796cd1bfc6c0> CORE::BYTES::UPDATES_IN 24985432
<INFO 796cd13fb6c0> CORE::PARTITIONS_PROCESSED 34
<INFO 796cd13fb6c0> CORE::BYTES::EDGES_STREAMED 421196652
<INFO 796cd13fb6c0> CORE::BYTES::UPDATES_OUT 34056160
<INFO 796cd13fb6c0> CORE::BYTES::UPDATES_IN 31655148
<INFO 796cd44016c0> CORE::BYTES::EDGES_STREAMED 334768476
<INFO 796ccebf66c0> CORE::BYTES::UPDATES_OUT 29956556
<INFO 796ccebf66c0> CORE::BYTES::UPDATES_IN 33921032
<INFO 796cd2bfe6c0> CORE::PARTITIONS_PROCESSED 26
<INFO 796cd44016c0> CORE::BYTES::UPDATES_OUT 26289104
<INFO 796cd2bfe6c0> CORE::BYTES::EDGES_STREAMED 345988416
<INFO 796cd2bfe6c0> CORE::BYTES::UPDATES_OUT 27998796
<INFO 796cd2bfe6c0> CORE::BYTES::UPDATES_IN 25230796
<INFO 796cd44016c0> CORE::BYTES::UPDATES_IN 25965576
<INFO 796ed5ac22c0> CORE::RUSAGE::MAX_RSS_KB 8394088
<INFO 796ed5ac22c0> CORE::RUSAGE::MINFLT 2097514
<INFO 796ed5ac22c0> CORE::RUSAGE::MAJFLT 1
<INFO 796ed5ac22c0> CORE::RUSAGE::MAJFLT 1
<INFO 796ed5ac22c0> CORE::RUSAGE::INBLK 774416
<INFO 796ed5ac22c0> CORE::RUSAGE::OUBLK 7392
<INFO 796ed5ac22c0> CORE::UTILS::BYTES_READ 396455936
<INFO 796ed5ac22c0> CORE::UTILS::BYTES_WRITTEN 3776512
<INFO 796ed5ac22c0> CORE::TIME::IO_WAIT 0.837002 seconds
<INFO 796ed5ac22c0> CORE::PHASES 15
<INFO 796ed5ac22c0> CORE::TIME::SETUP 3.58172 seconds
<INFO 796ed5ac22c0> CORE::TIME::STATE_ITER 0.544009 seconds
<INFO 796ed5ac22c0> CORE::TIME::GATHER 0.675129 seconds
<INFO 796ed5ac22c0> CORE::TIME::SCATTER 2.3838 seconds
<INFO 796ed5ac22c0> TIME_IN_PC_FN 0.475222 seconds
<INFO 796ed5ac22c0> CORE::TIME::WALL 7.71556 seconds
<INFO 796ed5ac22c0> SHUTDOWN
