<INFO 7c1893d5d2c0> STARTUP
<INFO 7c1893d5d2c0> CORE::GRAPH cit-Patents-sym
<INFO 7c1893d5d2c0> CORE::ALGORITHM cc
<INFO 7c1893d5d2c0> SG-DRIVER-ORIGINAL
<WARNING 7c1893d5d2c0> Disk count not specified, assuming it to be 1
<INFO 7c1893d5d2c0> CORE::CONFIG::PROCESSORS 16
<INFO 7c1893d5d2c0> CORE::CONFIG::PHYSICAL_MEMORY 8589934592
<INFO 7c1893d5d2c0> CORE::CONFIG::VERTICES 3774768
<INFO 7c1893d5d2c0> CORE::CONFIG::VERTEX_SIZE 13
<INFO 7c1893d5d2c0> CORE::CONFIG::VERTEX_BUFFER 49074176
<INFO 7c1893d5d2c0> CORE::CONFIG::EDGES 33037895
<INFO 7c1893d5d2c0> CORE::CONFIG::PARTITIONS 64
<INFO 7c1893d5d2c0> CORE::CONFIG::FANOUT 64
<INFO 7c1893d5d2c0> CORE::CONFIG::SUPER_PARTITIONS 1
<INFO 7c1893d5d2c0> CORE::CONFIG::STREAM_UNIT 16777216
<INFO 7c1893d5d2c0> CORE::CONFIG::BUFFER_SIZE 1704811110
<INFO 7c1893d5d2c0> CORE::CONFIG::IO_NUMIOQS 1
<INFO 7c1893d5d2c0> CORE::CONFIG::MAX_BUFFERS 4
<INFO 7c1893d5d2c0> CORE::CONFIG::MAX_STREAMS 5
<WARNING 7c1893d5d2c0> No mount point specified for disk0, falling back to current directory
my size is 396454740
<INFO 7c1893d5d2c0> ALGORITHM::CC::CC_COUNT 3627
<INFO 7c1893d5d2c0> CORE::PARTITIONS_PROCESSED 97
<INFO 7c168cdf76c0> CORE::PARTITIONS_PROCESSED 77
<INFO 7c168fdfd6c0> CORE::PARTITIONS_PROCESSED 74
<INFO 7c1691e016c0> CORE::PARTITIONS_PROCESSED 66
<INFO 7c1691e016c0> CORE::BYTES::EDGES_STREAMED 378910992
<INFO 7c1691e016c0> CORE::BYTES::UPDATES_OUT 103791584
<INFO 7c1691e016c0> CORE::BYTES::UPDATES_IN 127525288
<INFO 7c168e5fa6c0> CORE::PARTITIONS_PROCESSED 37
<INFO 7c168e5fa6c0> CORE::BYTES::EDGES_STREAMED 407792316
<INFO 7c168e5fa6c0> CORE::BYTES::UPDATES_OUT 140860824
<INFO 7c168e5fa6c0> CORE::BYTES::UPDATES_IN 105022440
<INFO 7c1692e036c0> CORE::PARTITIONS_PROCESSED 56
<INFO 7c16916006c0> CORE::PARTITIONS_PROCESSED 94
<INFO 7c1692e036c0> CORE::BYTES::EDGES_STREAMED 403028508
<INFO 7c1692e036c0> CORE::BYTES::UPDATES_OUT 138613672
<INFO 7c1692e036c0> CORE::BYTES::UPDATES_IN 116486488
<INFO 7c168fdfd6c0> CORE::BYTES::EDGES_STREAMED 384752136
<INFO 7c168fdfd6c0> CORE::BYTES::UPDATES_OUT 118262280
<INFO 7c168fdfd6c0> CORE::BYTES::UPDATES_IN 123530872
<INFO 7c1893d5d2c0> CORE::BYTES::EDGES_STREAMED 470736420
<INFO 7c1893d5d2c0> CORE::BYTES::UPDATES_OUT 148670824
<INFO 7c1893d5d2c0> CORE::BYTES::UPDATES_IN 167351272
<INFO 7c16916006c0> CORE::BYTES::EDGES_STREAMED 501157524
<INFO 7c168c5f66c0> CORE::PARTITIONS_PROCESSED 41
<INFO 7c168cdf76c0> CORE::BYTES::EDGES_STREAMED 409752132
<INFO 7c168c5f66c0> CORE::BYTES::EDGES_STREAMED 352404408
<INFO 7c168bdf56c0> CORE::PARTITIONS_PROCESSED 67
<INFO 7c168bdf56c0> CORE::BYTES::EDGES_STREAMED 390069636
<INFO 7c168bdf56c0> CORE::BYTES::UPDATES_OUT 120831416
<INFO 7c168cdf76c0> CORE::BYTES::UPDATES_OUT 141267904
<INFO 7c16916006c0> CORE::BYTES::UPDATES_OUT 187852176
<INFO 7c16916006c0> CORE::BYTES::UPDATES_IN 221670024
<INFO 7c168bdf56c0> CORE::BYTES::UPDATES_IN 131313984
<INFO 7c168cdf76c0> CORE::BYTES::UPDATES_IN 131548104
<INFO 7c168c5f66c0> CORE::BYTES::UPDATES_OUT 112639712
<INFO 7c168c5f66c0> CORE::BYTES::UPDATES_IN 114729600
<INFO 7c168d5f86c0> CORE::PARTITIONS_PROCESSED 85
<INFO 7c168d5f86c0> CORE::BYTES::EDGES_STREAMED 484401720
<INFO 7c168d5f86c0> CORE::BYTES::UPDATES_OUT 185099984
<INFO 7c168d5f86c0> CORE::BYTES::UPDATES_IN 226461320
<INFO 7c1690dff6c0> CORE::PARTITIONS_PROCESSED 72
<INFO 7c1690dff6c0> CORE::BYTES::EDGES_STREAMED 513730416
<INFO 7c1690dff6c0> CORE::BYTES::UPDATES_OUT 143044792
<INFO 7c1690dff6c0> CORE::BYTES::UPDATES_IN 122713568
<INFO 7c16905fe6c0> CORE::PARTITIONS_PROCESSED 50
<INFO 7c16905fe6c0> CORE::BYTES::EDGES_STREAMED 396028896
<INFO 7c16905fe6c0> CORE::BYTES::UPDATES_OUT 121541440
<INFO 7c16905fe6c0> CORE::BYTES::UPDATES_IN 110727424
<INFO 7c168edfb6c0> CORE::PARTITIONS_PROCESSED 66
<INFO 7c168edfb6c0> CORE::BYTES::EDGES_STREAMED 377402376
<INFO 7c168edfb6c0> CORE::BYTES::UPDATES_OUT 134440360
<INFO 7c168edfb6c0> CORE::BYTES::UPDATES_IN 137025088
<INFO 7c16926026c0> CORE::PARTITIONS_PROCESSED 81
<INFO 7c16926026c0> CORE::BYTES::EDGES_STREAMED 446502648
<INFO 7c16926026c0> CORE::BYTES::UPDATES_OUT 126451392
<INFO 7c16926026c0> CORE::BYTES::UPDATES_IN 121283488
<INFO 7c168f5fc6c0> CORE::PARTITIONS_PROCESSED 65
<INFO 7c168f5fc6c0> CORE::BYTES::EDGES_STREAMED 377818944
<INFO 7c168f5fc6c0> CORE::BYTES::UPDATES_OUT 117427032
<INFO 7c168f5fc6c0> CORE::BYTES::UPDATES_IN 116116632
<INFO 7c168ddf96c0> CORE::PARTITIONS_PROCESSED 52
<INFO 7c168ddf96c0> CORE::BYTES::EDGES_STREAMED 457590372
<INFO 7c168ddf96c0> CORE::BYTES::UPDATES_OUT 132626464
<INFO 7c168ddf96c0> CORE::BYTES::UPDATES_IN 99916264
<INFO 7c1893d5d2c0> CORE::RUSAGE::MAX_RSS_KB 8393272
<INFO 7c1893d5d2c0> CORE::RUSAGE::MINFLT 2097581
<INFO 7c1893d5d2c0> CORE::RUSAGE::MAJFLT 63
<INFO 7c1893d5d2c0> CORE::RUSAGE::MAJFLT 63
<INFO 7c1893d5d2c0> CORE::RUSAGE::INBLK 778832
<INFO 7c1893d5d2c0> CORE::RUSAGE::OUBLK 95872
<INFO 7c1893d5d2c0> CORE::UTILS::BYTES_READ 396455936
<INFO 7c1893d5d2c0> CORE::UTILS::BYTES_WRITTEN 49074176
<INFO 7c1893d5d2c0> CORE::TIME::IO_WAIT 1.69 seconds
<INFO 7c1893d5d2c0> CORE::PHASES 21
<INFO 7c1893d5d2c0> CORE::TIME::SETUP 13.0063 seconds
<INFO 7c1893d5d2c0> CORE::TIME::STATE_ITER 0.017995 seconds
<INFO 7c1893d5d2c0> CORE::TIME::GATHER 1.52395 seconds
<INFO 7c1893d5d2c0> CORE::TIME::SCATTER 3.89884 seconds
<INFO 7c1893d5d2c0> TIME_IN_PC_FN 0.836913 seconds
<INFO 7c1893d5d2c0> CORE::TIME::WALL 19.5761 seconds
<INFO 7c1893d5d2c0> SHUTDOWN
