<INFO 7d5d656ff2c0> STARTUP
<INFO 7d5d656ff2c0> CORE::GRAPH cit-Patents-dir
<INFO 7d5d656ff2c0> CORE::ALGORITHM spmv
<INFO 7d5d656ff2c0> SG-DRIVER-ORIGINAL
<WARNING 7d5d656ff2c0> Disk count not specified, assuming it to be 1
<INFO 7d5d656ff2c0> CORE::CONFIG::PROCESSORS 16
<INFO 7d5d656ff2c0> CORE::CONFIG::PHYSICAL_MEMORY 8589934592
<INFO 7d5d656ff2c0> CORE::CONFIG::VERTICES 3774768
<INFO 7d5d656ff2c0> CORE::CONFIG::VERTEX_SIZE 8
<INFO 7d5d656ff2c0> CORE::CONFIG::VERTEX_BUFFER 30199808
<INFO 7d5d656ff2c0> CORE::CONFIG::EDGES 16518948
<INFO 7d5d656ff2c0> CORE::CONFIG::PARTITIONS 64
<INFO 7d5d656ff2c0> CORE::CONFIG::FANOUT 64
<INFO 7d5d656ff2c0> CORE::CONFIG::SUPER_PARTITIONS 1
<INFO 7d5d656ff2c0> CORE::CONFIG::STREAM_UNIT 16777216
<INFO 7d5d656ff2c0> CORE::CONFIG::BUFFER_SIZE 1708585984
<INFO 7d5d656ff2c0> CORE::CONFIG::IO_NUMIOQS 1
<INFO 7d5d656ff2c0> CORE::CONFIG::MAX_BUFFERS 4
<INFO 7d5d656ff2c0> CORE::CONFIG::MAX_STREAMS 5
<WARNING 7d5d656ff2c0> No mount point specified for disk0, falling back to current directory
my size is 198227376
<INFO 7d5d656ff2c0> CORE::PARTITIONS_PROCESSED 4
<INFO 7d5d656ff2c0> CORE::BYTES::EDGES_STREAMED 9327072
<INFO 7d5d656ff2c0> CORE::BYTES::UPDATES_OUT 6218048
<INFO 7d5d656ff2c0> CORE::BYTES::UPDATES_IN 8245800
<INFO 7d5b648016c0> CORE::PARTITIONS_PROCESSED 3
<INFO 7d5b5fff86c0> CORE::PARTITIONS_PROCESSED 8
<INFO 7d5b637ff6c0> CORE::PARTITIONS_PROCESSED 8
<INFO 7d5b648016c0> CORE::BYTES::EDGES_STREAMED 12386940
<INFO 7d5b5fff86c0> CORE::BYTES::EDGES_STREAMED 15425988
<INFO 7d5b5fff86c0> CORE::BYTES::UPDATES_OUT 10283992
<INFO 7d5b5fff86c0> CORE::BYTES::UPDATES_IN 16485720
<INFO 7d5b5e7f56c0> CORE::PARTITIONS_PROCESSED 7
<INFO 7d5b617fb6c0> CORE::PARTITIONS_PROCESSED 3
<INFO 7d5b648016c0> CORE::BYTES::UPDATES_OUT 8257960
<INFO 7d5b617fb6c0> CORE::BYTES::EDGES_STREAMED 12410712
<INFO 7d5b5d7f36c0> CORE::PARTITIONS_PROCESSED 3
<INFO 7d5b648016c0> CORE::BYTES::UPDATES_IN 6196408
<INFO 7d5b5d7f36c0> CORE::BYTES::EDGES_STREAMED 9352584
<INFO 7d5b5e7f56c0> CORE::BYTES::EDGES_STREAMED 24751716
<INFO 7d5b5e7f56c0> CORE::BYTES::UPDATES_OUT 16501144
<INFO 7d5b5e7f56c0> CORE::BYTES::UPDATES_IN 14474864
<INFO 7d5b637ff6c0> CORE::BYTES::EDGES_STREAMED 9315840
<INFO 7d5b607f96c0> CORE::PARTITIONS_PROCESSED 3
<INFO 7d5b637ff6c0> CORE::BYTES::UPDATES_OUT 6210560
<INFO 7d5b637ff6c0> CORE::BYTES::UPDATES_IN 16519448
<INFO 7d5b5eff66c0> CORE::PARTITIONS_PROCESSED 3
<INFO 7d5b5eff66c0> CORE::BYTES::EDGES_STREAMED 12387528
<INFO 7d5b627fd6c0> CORE::PARTITIONS_PROCESSED 1
<INFO 7d5b5eff66c0> CORE::BYTES::UPDATES_OUT 8258352
<INFO 7d5b5eff66c0> CORE::BYTES::UPDATES_IN 6239944
<INFO 7d5b61ffc6c0> CORE::PARTITIONS_PROCESSED 3
<INFO 7d5b61ffc6c0> CORE::BYTES::EDGES_STREAMED 9276708
<INFO 7d5b61ffc6c0> CORE::BYTES::UPDATES_OUT 6184472
<INFO 7d5b61ffc6c0> CORE::BYTES::UPDATES_IN 6179352
<INFO 7d5b627fd6c0> CORE::BYTES::EDGES_STREAMED 9334356
<INFO 7d5b627fd6c0> CORE::BYTES::UPDATES_OUT 6222904
<INFO 7d5b627fd6c0> CORE::BYTES::UPDATES_IN 2062928
<INFO 7d5b5dff46c0> CORE::PARTITIONS_PROCESSED 3
<INFO 7d5b5dff46c0> CORE::BYTES::EDGES_STREAMED 9253452
<INFO 7d5b5dff46c0> CORE::BYTES::UPDATES_OUT 6168968
<INFO 7d5b5dff46c0> CORE::BYTES::UPDATES_IN 6163808
<INFO 7d5b640006c0> CORE::PARTITIONS_PROCESSED 3
<INFO 7d5b640006c0> CORE::BYTES::EDGES_STREAMED 12390816
<INFO 7d5b640006c0> CORE::BYTES::UPDATES_OUT 8260544
<INFO 7d5b640006c0> CORE::BYTES::UPDATES_IN 6205192
<INFO 7d5b5d7f36c0> CORE::BYTES::UPDATES_OUT 6235056
<INFO 7d5b5d7f36c0> CORE::BYTES::UPDATES_IN 6189232
<INFO 7d5b62ffe6c0> CORE::PARTITIONS_PROCESSED 4
<INFO 7d5b62ffe6c0> CORE::BYTES::EDGES_STREAMED 24751740
<INFO 7d5b62ffe6c0> CORE::BYTES::UPDATES_OUT 16501160
<INFO 7d5b62ffe6c0> CORE::BYTES::UPDATES_IN 8246088
<INFO 7d5b607f96c0> CORE::BYTES::EDGES_STREAMED 9271884
<INFO 7d5b60ffa6c0> CORE::PARTITIONS_PROCESSED 4
<INFO 7d5b5f7f76c0> CORE::PARTITIONS_PROCESSED 4
<INFO 7d5b607f96c0> CORE::BYTES::UPDATES_OUT 6181256
<INFO 7d5b607f96c0> CORE::BYTES::UPDATES_IN 6215056
<INFO 7d5b60ffa6c0> CORE::BYTES::EDGES_STREAMED 9301860
<INFO 7d5b60ffa6c0> CORE::BYTES::UPDATES_OUT 6201240
<INFO 7d5b60ffa6c0> CORE::BYTES::UPDATES_IN 8251192
<INFO 7d5b5f7f76c0> CORE::BYTES::EDGES_STREAMED 9288180
<INFO 7d5b5f7f76c0> CORE::BYTES::UPDATES_OUT 6192120
<INFO 7d5b5f7f76c0> CORE::BYTES::UPDATES_IN 8261152
<INFO 7d5b617fb6c0> CORE::BYTES::UPDATES_OUT 8273808
<INFO 7d5b617fb6c0> CORE::BYTES::UPDATES_IN 6215400
<INFO 7d5d656ff2c0> CORE::RUSAGE::MAX_RSS_KB 8393836
<INFO 7d5d656ff2c0> CORE::RUSAGE::MINFLT 2097522
<INFO 7d5d656ff2c0> CORE::RUSAGE::MAJFLT 0
<INFO 7d5d656ff2c0> CORE::RUSAGE::MAJFLT 0
<INFO 7d5d656ff2c0> CORE::RUSAGE::INBLK 387176
<INFO 7d5d656ff2c0> CORE::RUSAGE::OUBLK 59000
<INFO 7d5d656ff2c0> CORE::UTILS::BYTES_READ 198230016
<INFO 7d5d656ff2c0> CORE::UTILS::BYTES_WRITTEN 30199808
<INFO 7d5d656ff2c0> CORE::TIME::IO_WAIT 0.578126 seconds
<INFO 7d5d656ff2c0> CORE::PHASES 2
<INFO 7d5d656ff2c0> CORE::TIME::SETUP 3.65639 seconds
<INFO 7d5d656ff2c0> CORE::TIME::STATE_ITER 0.024999 seconds
<INFO 7d5d656ff2c0> CORE::TIME::GATHER 0.090472 seconds
<INFO 7d5d656ff2c0> CORE::TIME::SCATTER 0.619995 seconds
<INFO 7d5d656ff2c0> TIME_IN_PC_FN 0.028194 seconds
<INFO 7d5d656ff2c0> CORE::TIME::WALL 4.63999 seconds
<INFO 7d5d656ff2c0> SHUTDOWN
