<INFO 739f4f8c42c0> STARTUP
<INFO 739f4f8c42c0> CORE::GRAPH cit-Patents-dir
<INFO 739f4f8c42c0> CORE::ALGORITHM sssp
<INFO 739f4f8c42c0> SG-DRIVER-ORIGINAL
<WARNING 739f4f8c42c0> Disk count not specified, assuming it to be 1
<INFO 739f4f8c42c0> CORE::CONFIG::PROCESSORS 16
<INFO 739f4f8c42c0> CORE::CONFIG::PHYSICAL_MEMORY 8589934592
<INFO 739f4f8c42c0> CORE::CONFIG::VERTICES 3774768
<INFO 739f4f8c42c0> CORE::CONFIG::VERTEX_SIZE 16
<INFO 739f4f8c42c0> CORE::CONFIG::VERTEX_BUFFER 60399616
<INFO 739f4f8c42c0> CORE::CONFIG::EDGES 16518948
<INFO 739f4f8c42c0> CORE::CONFIG::PARTITIONS 128
<INFO 739f4f8c42c0> CORE::CONFIG::FANOUT 128
<INFO 739f4f8c42c0> CORE::CONFIG::SUPER_PARTITIONS 1
<INFO 739f4f8c42c0> CORE::CONFIG::STREAM_UNIT 16777216
<INFO 739f4f8c42c0> CORE::CONFIG::BUFFER_SIZE 1702545100
<INFO 739f4f8c42c0> CORE::CONFIG::IO_NUMIOQS 1
<INFO 739f4f8c42c0> CORE::CONFIG::MAX_BUFFERS 4
<INFO 739f4f8c42c0> CORE::CONFIG::MAX_STREAMS 5
<WARNING 739f4f8c42c0> No mount point specified for disk0, falling back to current directory
my size is 198227376
<INFO 739f4f8c42c0> CORE::PARTITIONS_PROCESSED 0
<INFO 739f4f8c42c0> CORE::BYTES::EDGES_STREAMED 1574952
<INFO 739f4f8c42c0> CORE::BYTES::UPDATES_OUT 0
<INFO 739f4f8c42c0> CORE::BYTES::UPDATES_IN 0
<INFO 739d4da016c0> CORE::PARTITIONS_PROCESSED 0
<INFO 739d4da016c0> CORE::BYTES::EDGES_STREAMED 0
<INFO 739d4da016c0> CORE::BYTES::UPDATES_OUT 0
<INFO 739d4da016c0> CORE::BYTES::UPDATES_IN 0
<INFO 739d4a9fb6c0> CORE::PARTITIONS_PROCESSED 0
<INFO 739d4a9fb6c0> CORE::BYTES::EDGES_STREAMED 0
<INFO 739d499f96c0> CORE::PARTITIONS_PROCESSED 0
<INFO 739d4b1fc6c0> CORE::PARTITIONS_PROCESSED 0
<INFO 739d499f96c0> CORE::BYTES::EDGES_STREAMED 0
<INFO 739d499f96c0> CORE::BYTES::UPDATES_OUT 0
<INFO 739d4a9fb6c0> CORE::BYTES::UPDATES_OUT 0
<INFO 739d4a9fb6c0> CORE::BYTES::UPDATES_IN 0
<INFO 739d479f56c0> CORE::PARTITIONS_PROCESSED 0
<INFO 739d479f56c0> CORE::BYTES::EDGES_STREAMED 0
<INFO 739d479f56c0> CORE::BYTES::UPDATES_OUT 0
<INFO 739d479f56c0> CORE::BYTES::UPDATES_IN 0
<INFO 739d4a1fa6c0> CORE::PARTITIONS_PROCESSED 0
<INFO 739d4a1fa6c0> CORE::BYTES::EDGES_STREAMED 0
<INFO 739d4c9ff6c0> CORE::PARTITIONS_PROCESSED 0
<INFO 739d4c9ff6c0> CORE::BYTES::EDGES_STREAMED 0
<INFO 739d481f66c0> CORE::PARTITIONS_PROCESSED 0
<INFO 739d499f96c0> CORE::BYTES::UPDATES_IN 0
<INFO 739d4b1fc6c0> CORE::BYTES::EDGES_STREAMED 0
<INFO 739d4b9fd6c0> CORE::PARTITIONS_PROCESSED 0
<INFO 739d4b9fd6c0> CORE::BYTES::EDGES_STREAMED 0
<INFO 739d4a1fa6c0> CORE::BYTES::UPDATES_OUT 0
<INFO 739d4ea036c0> CORE::PARTITIONS_PROCESSED 0
<INFO 739d4d2006c0> CORE::PARTITIONS_PROCESSED 0
<INFO 739d4a1fa6c0> CORE::BYTES::UPDATES_IN 0
<INFO 739d4d2006c0> CORE::BYTES::EDGES_STREAMED 0
<INFO 739d4b9fd6c0> CORE::BYTES::UPDATES_OUT 0
<INFO 739d491f86c0> CORE::PARTITIONS_PROCESSED 0
<INFO 739d491f86c0> CORE::BYTES::EDGES_STREAMED 0
<INFO 739d4c9ff6c0> CORE::BYTES::UPDATES_OUT 0
<INFO 739d4ea036c0> CORE::BYTES::EDGES_STREAMED 0
<INFO 739d4c9ff6c0> CORE::BYTES::UPDATES_IN 0
<INFO 739d4b1fc6c0> CORE::BYTES::UPDATES_OUT 0
<INFO 739d4b1fc6c0> CORE::BYTES::UPDATES_IN 0
<INFO 739d4b9fd6c0> CORE::BYTES::UPDATES_IN 0
<INFO 739d489f76c0> CORE::PARTITIONS_PROCESSED 0
<INFO 739d489f76c0> CORE::BYTES::EDGES_STREAMED 0
<INFO 739d489f76c0> CORE::BYTES::UPDATES_OUT 0
<INFO 739d489f76c0> CORE::BYTES::UPDATES_IN 0
<INFO 739d4e2026c0> CORE::PARTITIONS_PROCESSED 0
<INFO 739d4e2026c0> CORE::BYTES::EDGES_STREAMED 0
<INFO 739d4e2026c0> CORE::BYTES::UPDATES_OUT 0
<INFO 739d4e2026c0> CORE::BYTES::UPDATES_IN 0
<INFO 739d4c1fe6c0> CORE::PARTITIONS_PROCESSED 0
<INFO 739d4c1fe6c0> CORE::BYTES::EDGES_STREAMED 0
<INFO 739d4c1fe6c0> CORE::BYTES::UPDATES_OUT 0
<INFO 739d491f86c0> CORE::BYTES::UPDATES_OUT 0
<INFO 739d4d2006c0> CORE::BYTES::UPDATES_OUT 0
<INFO 739d4d2006c0> CORE::BYTES::UPDATES_IN 0
<INFO 739d4ea036c0> CORE::BYTES::UPDATES_OUT 0
<INFO 739d4c1fe6c0> CORE::BYTES::UPDATES_IN 0
<INFO 739d481f66c0> CORE::BYTES::EDGES_STREAMED 0
<INFO 739d481f66c0> CORE::BYTES::UPDATES_OUT 0
<INFO 739d481f66c0> CORE::BYTES::UPDATES_IN 0
<INFO 739d491f86c0> CORE::BYTES::UPDATES_IN 0
<INFO 739d4ea036c0> CORE::BYTES::UPDATES_IN 0
<INFO 739f4f8c42c0> CORE::RUSAGE::MAX_RSS_KB 8393780
<INFO 739f4f8c42c0> CORE::RUSAGE::MINFLT 2097514
<INFO 739f4f8c42c0> CORE::RUSAGE::MAJFLT 0
<INFO 739f4f8c42c0> CORE::RUSAGE::MAJFLT 0
<INFO 739f4f8c42c0> CORE::RUSAGE::INBLK 387368
<INFO 739f4f8c42c0> CORE::RUSAGE::OUBLK 117984
<INFO 739f4f8c42c0> CORE::UTILS::BYTES_READ 198230016
<INFO 739f4f8c42c0> CORE::UTILS::BYTES_WRITTEN 60399616
<INFO 739f4f8c42c0> CORE::TIME::IO_WAIT 0.586995 seconds
<INFO 739f4f8c42c0> CORE::PHASES 2
<INFO 739f4f8c42c0> CORE::TIME::SETUP 5.04906 seconds
<INFO 739f4f8c42c0> CORE::TIME::STATE_ITER 0.026993 seconds
<INFO 739f4f8c42c0> CORE::TIME::GATHER 0 seconds
<INFO 739f4f8c42c0> CORE::TIME::SCATTER 0.606999 seconds
<INFO 739f4f8c42c0> TIME_IN_PC_FN 0.000309 seconds
<INFO 739f4f8c42c0> CORE::TIME::WALL 5.91849 seconds
<INFO 739f4f8c42c0> SHUTDOWN
