<INFO 70f410a912c0> STARTUP
<INFO 70f410a912c0> CORE::GRAPH soc-LiveJournal1-sym
<INFO 70f410a912c0> CORE::ALGORITHM mis
<INFO 70f410a912c0> SG-DRIVER-ORIGINAL
<WARNING 70f410a912c0> Disk count not specified, assuming it to be 1
<INFO 70f410a912c0> CORE::CONFIG::PROCESSORS 16
<INFO 70f410a912c0> CORE::CONFIG::PHYSICAL_MEMORY 8589934592
<INFO 70f410a912c0> CORE::CONFIG::VERTICES 4847571
<INFO 70f410a912c0> CORE::CONFIG::VERTEX_SIZE 1
<INFO 70f410a912c0> CORE::CONFIG::VERTEX_BUFFER 4849664
<INFO 70f410a912c0> CORE::CONFIG::EDGES 137469164
<INFO 70f410a912c0> CORE::CONFIG::PARTITIONS 64
<INFO 70f410a912c0> CORE::CONFIG::FANOUT 64
<INFO 70f410a912c0> CORE::CONFIG::SUPER_PARTITIONS 1
<INFO 70f410a912c0> CORE::CONFIG::STREAM_UNIT 16777216
<INFO 70f410a912c0> CORE::CONFIG::BUFFER_SIZE 1713656012
<INFO 70f410a912c0> CORE::CONFIG::IO_NUMIOQS 1
<INFO 70f410a912c0> CORE::CONFIG::MAX_BUFFERS 4
<INFO 70f410a912c0> CORE::CONFIG::MAX_STREAMS 5
<WARNING 70f410a912c0> No mount point specified for disk0, falling back to current directory
my size is 1649629968
<INFO 70f410a912c0> ALGORITHM::MIS::NOT_IN_MIS 2730773
<INFO 70f410a912c0> CORE::PARTITIONS_PROCESSED 214
<INFO 70f410a912c0> CORE::BYTES::EDGES_STREAMED 5528638656
<INFO 70f410a912c0> CORE::BYTES::UPDATES_OUT 217188656
<INFO 70f410a912c0> CORE::BYTES::UPDATES_IN 208679348
<INFO 70f20fc006c0> CORE::PARTITIONS_PROCESSED 214
<INFO 70f20e3fd6c0> CORE::PARTITIONS_PROCESSED 216
<INFO 70f20bbf86c0> CORE::PARTITIONS_PROCESSED 201
<INFO 70f20fc006c0> CORE::BYTES::EDGES_STREAMED 5513831832
<INFO 70f20d3fb6c0> CORE::PARTITIONS_PROCESSED 224
<INFO 70f20bbf86c0> CORE::BYTES::EDGES_STREAMED 5573782740
<INFO 70f20fc006c0> CORE::BYTES::UPDATES_OUT 217314516
<INFO 70f20f3ff6c0> CORE::PARTITIONS_PROCESSED 220
<INFO 70f209bf46c0> CORE::PARTITIONS_PROCESSED 227
<INFO 70f20f3ff6c0> CORE::BYTES::EDGES_STREAMED 5661144540
<INFO 70f20bbf86c0> CORE::BYTES::UPDATES_OUT 216984928
<INFO 70f209bf46c0> CORE::BYTES::EDGES_STREAMED 5758813260
<INFO 70f20d3fb6c0> CORE::BYTES::EDGES_STREAMED 5595050064
<INFO 70f20f3ff6c0> CORE::BYTES::UPDATES_OUT 229618380
<INFO 70f20fc006c0> CORE::BYTES::UPDATES_IN 208418260
<INFO 70f20e3fd6c0> CORE::BYTES::EDGES_STREAMED 5610722988
<INFO 70f20e3fd6c0> CORE::BYTES::UPDATES_OUT 215030116
<INFO 70f209bf46c0> CORE::BYTES::UPDATES_OUT 219907236
<INFO 70f20cbfa6c0> CORE::PARTITIONS_PROCESSED 198
<INFO 70f20bbf86c0> CORE::BYTES::UPDATES_IN 217794440
<INFO 70f20f3ff6c0> CORE::BYTES::UPDATES_IN 218122052
<INFO 70f20e3fd6c0> CORE::BYTES::UPDATES_IN 215095784
<INFO 70f209bf46c0> CORE::BYTES::UPDATES_IN 216139764
<INFO 70f20cbfa6c0> CORE::BYTES::EDGES_STREAMED 5510799900
<INFO 70f20c3f96c0> CORE::PARTITIONS_PROCESSED 219
<INFO 70f20c3f96c0> CORE::BYTES::EDGES_STREAMED 5477380776
<INFO 70f20c3f96c0> CORE::BYTES::UPDATES_OUT 209093508
<INFO 70f20cbfa6c0> CORE::BYTES::UPDATES_OUT 213768580
<INFO 70f20cbfa6c0> CORE::BYTES::UPDATES_IN 211517800
<INFO 70f20c3f96c0> CORE::BYTES::UPDATES_IN 215512480
<INFO 70f20d3fb6c0> CORE::BYTES::UPDATES_OUT 216529744
<INFO 70f20d3fb6c0> CORE::BYTES::UPDATES_IN 216633964
<INFO 70f20dbfc6c0> CORE::PARTITIONS_PROCESSED 223
<INFO 70f20dbfc6c0> CORE::BYTES::EDGES_STREAMED 5427807096
<INFO 70f20dbfc6c0> CORE::BYTES::UPDATES_OUT 210916904
<INFO 70f20dbfc6c0> CORE::BYTES::UPDATES_IN 217558208
<INFO 70f20a3f56c0> CORE::PARTITIONS_PROCESSED 227
<INFO 70f20a3f56c0> CORE::BYTES::EDGES_STREAMED 5428122732
<INFO 70f20a3f56c0> CORE::BYTES::UPDATES_OUT 218123248
<INFO 70f20a3f56c0> CORE::BYTES::UPDATES_IN 230291132
<INFO 70f2093f36c0> CORE::PARTITIONS_PROCESSED 197
<INFO 70f20b3f76c0> CORE::PARTITIONS_PROCESSED 204
<INFO 70f2093f36c0> CORE::BYTES::EDGES_STREAMED 5416617696
<INFO 70f2093f36c0> CORE::BYTES::UPDATES_OUT 214414192
<INFO 70f2093f36c0> CORE::BYTES::UPDATES_IN 210532168
<INFO 70f20ebfe6c0> CORE::PARTITIONS_PROCESSED 222
<INFO 70f20ebfe6c0> CORE::BYTES::EDGES_STREAMED 5552894868
<INFO 70f20ebfe6c0> CORE::BYTES::UPDATES_OUT 225167156
<INFO 70f20ebfe6c0> CORE::BYTES::UPDATES_IN 217327032
<INFO 70f20b3f76c0> CORE::BYTES::EDGES_STREAMED 5697359136
<INFO 70f20b3f76c0> CORE::BYTES::UPDATES_OUT 224696676
<INFO 70f20b3f76c0> CORE::BYTES::UPDATES_IN 227062824
<INFO 70f208bf26c0> CORE::PARTITIONS_PROCESSED 186
<INFO 70f208bf26c0> CORE::BYTES::EDGES_STREAMED 5482889112
<INFO 70f208bf26c0> CORE::BYTES::UPDATES_OUT 207579092
<INFO 70f208bf26c0> CORE::BYTES::UPDATES_IN 212754232
<INFO 70f20abf66c0> CORE::PARTITIONS_PROCESSED 200
<INFO 70f20abf66c0> CORE::BYTES::EDGES_STREAMED 5844162876
<INFO 70f20abf66c0> CORE::BYTES::UPDATES_OUT 230406532
<INFO 70f20abf66c0> CORE::BYTES::UPDATES_IN 211277340
<INFO 70f410a912c0> CORE::RUSAGE::MAX_RSS_KB 8394188
<INFO 70f410a912c0> CORE::RUSAGE::MINFLT 2097516
<INFO 70f410a912c0> CORE::RUSAGE::MAJFLT 0
<INFO 70f410a912c0> CORE::RUSAGE::MAJFLT 0
<INFO 70f410a912c0> CORE::RUSAGE::INBLK 3221936
<INFO 70f410a912c0> CORE::RUSAGE::OUBLK 9488
<INFO 70f410a912c0> CORE::UTILS::BYTES_READ 1649631232
<INFO 70f410a912c0> CORE::UTILS::BYTES_WRITTEN 4849664
<INFO 70f410a912c0> CORE::TIME::IO_WAIT 3.74749 seconds
<INFO 70f410a912c0> CORE::PHASES 54
<INFO 70f410a912c0> CORE::TIME::SETUP 3.53338 seconds
<INFO 70f410a912c0> CORE::TIME::STATE_ITER 1.74052 seconds
<INFO 70f410a912c0> CORE::TIME::GATHER 2.65255 seconds
<INFO 70f410a912c0> CORE::TIME::SCATTER 11.3371 seconds
<INFO 70f410a912c0> TIME_IN_PC_FN 4.85723 seconds
<INFO 70f410a912c0> CORE::TIME::WALL 20.4827 seconds
<INFO 70f410a912c0> SHUTDOWN
