<INFO 7022b6d602c0> STARTUP
<INFO 7022b6d602c0> CORE::GRAPH soc-LiveJournal1-sym
<INFO 7022b6d602c0> CORE::ALGORITHM cc
<INFO 7022b6d602c0> SG-DRIVER-ORIGINAL
<WARNING 7022b6d602c0> Disk count not specified, assuming it to be 1
<INFO 7022b6d602c0> CORE::CONFIG::PROCESSORS 16
<INFO 7022b6d602c0> CORE::CONFIG::PHYSICAL_MEMORY 8589934592
<INFO 7022b6d602c0> CORE::CONFIG::VERTICES 4847571
<INFO 7022b6d602c0> CORE::CONFIG::VERTEX_SIZE 13
<INFO 7022b6d602c0> CORE::CONFIG::VERTEX_BUFFER 63021056
<INFO 7022b6d602c0> CORE::CONFIG::EDGES 137469164
<INFO 7022b6d602c0> CORE::CONFIG::PARTITIONS 128
<INFO 7022b6d602c0> CORE::CONFIG::FANOUT 128
<INFO 7022b6d602c0> CORE::CONFIG::SUPER_PARTITIONS 1
<INFO 7022b6d602c0> CORE::CONFIG::STREAM_UNIT 16777216
<INFO 7022b6d602c0> CORE::CONFIG::BUFFER_SIZE 1702020812
<INFO 7022b6d602c0> CORE::CONFIG::IO_NUMIOQS 1
<INFO 7022b6d602c0> CORE::CONFIG::MAX_BUFFERS 4
<INFO 7022b6d602c0> CORE::CONFIG::MAX_STREAMS 5
<WARNING 7022b6d602c0> No mount point specified for disk0, falling back to current directory
my size is 1649629968
<INFO 7022b6d602c0> ALGORITHM::CC::CC_COUNT 1876
<INFO 7022b6d602c0> CORE::PARTITIONS_PROCESSED 79
<INFO 7022b6d602c0> CORE::BYTES::EDGES_STREAMED 1105766184
<INFO 7022b6d602c0> CORE::BYTES::UPDATES_OUT 309623136
<INFO 7022b6d602c0> CORE::BYTES::UPDATES_IN 294528312
<INFO 7020b05f86c0> CORE::PARTITIONS_PROCESSED 92
<INFO 7020b2dfd6c0> CORE::PARTITIONS_PROCESSED 105
<INFO 7020b25fc6c0> CORE::PARTITIONS_PROCESSED 111
<INFO 7020b05f86c0> CORE::BYTES::EDGES_STREAMED 1229488560
<INFO 7020b15fa6c0> CORE::PARTITIONS_PROCESSED 83
<INFO 7020b2dfd6c0> CORE::BYTES::EDGES_STREAMED 1228609812
<INFO 7020b2dfd6c0> CORE::BYTES::UPDATES_OUT 371709320
<INFO 7020aedf56c0> CORE::PARTITIONS_PROCESSED 75
<INFO 7020aedf56c0> CORE::BYTES::EDGES_STREAMED 1080571140
<INFO 7020aedf56c0> CORE::BYTES::UPDATES_OUT 301461528
<INFO 7020aedf56c0> CORE::BYTES::UPDATES_IN 286588904
<INFO 7020b5e036c0> CORE::PARTITIONS_PROCESSED 94
<INFO 7020b15fa6c0> CORE::BYTES::EDGES_STREAMED 1095859680
<INFO 7020b4e016c0> CORE::PARTITIONS_PROCESSED 71
<INFO 7020b4e016c0> CORE::BYTES::EDGES_STREAMED 1096928280
<INFO 7020b4e016c0> CORE::BYTES::UPDATES_OUT 328602736
<INFO 7020b4e016c0> CORE::BYTES::UPDATES_IN 292354352
<INFO 7020b2dfd6c0> CORE::BYTES::UPDATES_IN 416234224
<INFO 7020b05f86c0> CORE::BYTES::UPDATES_OUT 360234728
<INFO 7020b05f86c0> CORE::BYTES::UPDATES_IN 375815016
<INFO 7020af5f66c0> CORE::PARTITIONS_PROCESSED 106
<INFO 7020b5e036c0> CORE::BYTES::EDGES_STREAMED 1250457456
<INFO 7020b5e036c0> CORE::BYTES::UPDATES_OUT 369481152
<INFO 7020b15fa6c0> CORE::BYTES::UPDATES_OUT 310450592
<INFO 7020b25fc6c0> CORE::BYTES::EDGES_STREAMED 1157588964
<INFO 7020b25fc6c0> CORE::BYTES::UPDATES_OUT 352037096
<INFO 7020b25fc6c0> CORE::BYTES::UPDATES_IN 351899664
<INFO 7020b15fa6c0> CORE::BYTES::UPDATES_IN 317441408
<INFO 7020b3dff6c0> CORE::PARTITIONS_PROCESSED 111
<INFO 7020b3dff6c0> CORE::BYTES::EDGES_STREAMED 1033959072
<INFO 7020b3dff6c0> CORE::BYTES::UPDATES_OUT 294491968
<INFO 7020b3dff6c0> CORE::BYTES::UPDATES_IN 357676944
<INFO 7020af5f66c0> CORE::BYTES::EDGES_STREAMED 1078145988
<INFO 7020af5f66c0> CORE::BYTES::UPDATES_OUT 300917784
<INFO 7020af5f66c0> CORE::BYTES::UPDATES_IN 284750344
<INFO 7020b35fe6c0> CORE::PARTITIONS_PROCESSED 68
<INFO 7020b35fe6c0> CORE::BYTES::EDGES_STREAMED 1057244148
<INFO 7020b35fe6c0> CORE::BYTES::UPDATES_OUT 285184960
<INFO 7020b35fe6c0> CORE::BYTES::UPDATES_IN 354101464
<INFO 7020b5e036c0> CORE::BYTES::UPDATES_IN 280246800
<INFO 7020b56026c0> CORE::PARTITIONS_PROCESSED 109
<INFO 7020afdf76c0> CORE::PARTITIONS_PROCESSED 87
<INFO 7020afdf76c0> CORE::BYTES::EDGES_STREAMED 1085073648
<INFO 7020afdf76c0> CORE::BYTES::UPDATES_OUT 311159120
<INFO 7020afdf76c0> CORE::BYTES::UPDATES_IN 294891584
<INFO 7020b56026c0> CORE::BYTES::EDGES_STREAMED 1106686704
<INFO 7020b56026c0> CORE::BYTES::UPDATES_OUT 275700048
<INFO 7020b56026c0> CORE::BYTES::UPDATES_IN 302988688
<INFO 7020b46006c0> CORE::PARTITIONS_PROCESSED 60
<INFO 7020b46006c0> CORE::BYTES::EDGES_STREAMED 1085640996
<INFO 7020b46006c0> CORE::BYTES::UPDATES_OUT 294296504
<INFO 7020b46006c0> CORE::BYTES::UPDATES_IN 292942136
<INFO 7020b1dfb6c0> CORE::PARTITIONS_PROCESSED 47
<INFO 7020b1dfb6c0> CORE::BYTES::EDGES_STREAMED 1140808140
<INFO 7020b1dfb6c0> CORE::BYTES::UPDATES_OUT 336876888
<INFO 7020b1dfb6c0> CORE::BYTES::UPDATES_IN 301870480
<INFO 7020b0df96c0> CORE::PARTITIONS_PROCESSED 85
<INFO 7020b0df96c0> CORE::BYTES::EDGES_STREAMED 1094508204
<INFO 7020b0df96c0> CORE::BYTES::UPDATES_OUT 301714976
<INFO 7020b0df96c0> CORE::BYTES::UPDATES_IN 299612216
<INFO 7022b6d602c0> CORE::RUSAGE::MAX_RSS_KB 8393888
<INFO 7022b6d602c0> CORE::RUSAGE::MINFLT 2097529
<INFO 7022b6d602c0> CORE::RUSAGE::MAJFLT 0
<INFO 7022b6d602c0> CORE::RUSAGE::MAJFLT 0
<INFO 7022b6d602c0> CORE::RUSAGE::INBLK 3221936
<INFO 7022b6d602c0> CORE::RUSAGE::OUBLK 123104
<INFO 7022b6d602c0> CORE::UTILS::BYTES_READ 1649631232
<INFO 7022b6d602c0> CORE::UTILS::BYTES_WRITTEN 63021056
<INFO 7022b6d602c0> CORE::TIME::IO_WAIT 3.87579 seconds
<INFO 7022b6d602c0> CORE::PHASES 13
<INFO 7022b6d602c0> CORE::TIME::SETUP 3.64075 seconds
<INFO 7022b6d602c0> CORE::TIME::STATE_ITER 0.01929 seconds
<INFO 7022b6d602c0> CORE::TIME::GATHER 1.75125 seconds
<INFO 7022b6d602c0> CORE::TIME::SCATTER 6.095 seconds
<INFO 7022b6d602c0> TIME_IN_PC_FN 1.47911 seconds
<INFO 7022b6d602c0> CORE::TIME::WALL 12.0123 seconds
<INFO 7022b6d602c0> SHUTDOWN
