<INFO 7b08caa9e2c0> STARTUP
<INFO 7b08caa9e2c0> CORE::GRAPH soc-LiveJournal1-dir
<INFO 7b08caa9e2c0> CORE::ALGORITHM spmv
<INFO 7b08caa9e2c0> SG-DRIVER-ORIGINAL
<WARNING 7b08caa9e2c0> Disk count not specified, assuming it to be 1
<INFO 7b08caa9e2c0> CORE::CONFIG::PROCESSORS 16
<INFO 7b08caa9e2c0> CORE::CONFIG::PHYSICAL_MEMORY 8589934592
<INFO 7b08caa9e2c0> CORE::CONFIG::VERTICES 4847571
<INFO 7b08caa9e2c0> CORE::CONFIG::VERTEX_SIZE 8
<INFO 7b08caa9e2c0> CORE::CONFIG::VERTEX_BUFFER 38780928
<INFO 7b08caa9e2c0> CORE::CONFIG::EDGES 68993773
<INFO 7b08caa9e2c0> CORE::CONFIG::PARTITIONS 128
<INFO 7b08caa9e2c0> CORE::CONFIG::FANOUT 128
<INFO 7b08caa9e2c0> CORE::CONFIG::SUPER_PARTITIONS 1
<INFO 7b08caa9e2c0> CORE::CONFIG::STREAM_UNIT 16777216
<INFO 7b08caa9e2c0> CORE::CONFIG::BUFFER_SIZE 1706868838
<INFO 7b08caa9e2c0> CORE::CONFIG::IO_NUMIOQS 1
<INFO 7b08caa9e2c0> CORE::CONFIG::MAX_BUFFERS 4
<INFO 7b08caa9e2c0> CORE::CONFIG::MAX_STREAMS 5
<WARNING 7b08caa9e2c0> No mount point specified for disk0, falling back to current directory
my size is 827925276
<INFO 7b08caa9e2c0> CORE::PARTITIONS_PROCESSED 7
<INFO 7b08caa9e2c0> CORE::BYTES::EDGES_STREAMED 38574492
<INFO 7b08caa9e2c0> CORE::BYTES::UPDATES_OUT 25716328
<INFO 7b08caa9e2c0> CORE::BYTES::UPDATES_IN 30248696
<INFO 7b06c63fa6c0> CORE::PARTITIONS_PROCESSED 8
<INFO 7b06c83fe6c0> CORE::PARTITIONS_PROCESSED 8
<INFO 7b06c83fe6c0> CORE::BYTES::EDGES_STREAMED 51800088
<INFO 7b06c43f66c0> CORE::PARTITIONS_PROCESSED 8
<INFO 7b06c6bfb6c0> CORE::PARTITIONS_PROCESSED 11
<INFO 7b06c43f66c0> CORE::BYTES::EDGES_STREAMED 102867912
<INFO 7b06c6bfb6c0> CORE::BYTES::EDGES_STREAMED 32509452
<INFO 7b06c43f66c0> CORE::BYTES::UPDATES_OUT 68578608
<INFO 7b06c83fe6c0> CORE::BYTES::UPDATES_OUT 34533392
<INFO 7b06c83fe6c0> CORE::BYTES::UPDATES_IN 34676632
<INFO 7b06c3bf56c0> CORE::PARTITIONS_PROCESSED 8
<INFO 7b06c94006c0> CORE::PARTITIONS_PROCESSED 9
<INFO 7b06c6bfb6c0> CORE::BYTES::UPDATES_OUT 21672968
<INFO 7b06c2bf36c0> CORE::PARTITIONS_PROCESSED 8
<INFO 7b06c6bfb6c0> CORE::BYTES::UPDATES_IN 47432008
<INFO 7b06c3bf56c0> CORE::BYTES::EDGES_STREAMED 51882228
<INFO 7b06c43f66c0> CORE::BYTES::UPDATES_IN 34213784
<INFO 7b06c94006c0> CORE::BYTES::EDGES_STREAMED 51593616
<INFO 7b06c63fa6c0> CORE::BYTES::EDGES_STREAMED 45108972
<INFO 7b06c63fa6c0> CORE::BYTES::UPDATES_OUT 30072648
<INFO 7b06c63fa6c0> CORE::BYTES::UPDATES_IN 34410200
<INFO 7b06c3bf56c0> CORE::BYTES::UPDATES_OUT 34588152
<INFO 7b06c3bf56c0> CORE::BYTES::UPDATES_IN 34615528
<INFO 7b06c94006c0> CORE::BYTES::UPDATES_OUT 34395744
<INFO 7b06c94006c0> CORE::BYTES::UPDATES_IN 38702952
<INFO 7b06c2bf36c0> CORE::BYTES::EDGES_STREAMED 38581740
<INFO 7b06c2bf36c0> CORE::BYTES::UPDATES_OUT 25721160
<INFO 7b06c2bf36c0> CORE::BYTES::UPDATES_IN 34492512
<INFO 7b06c4bf76c0> CORE::PARTITIONS_PROCESSED 7
<INFO 7b06c4bf76c0> CORE::BYTES::EDGES_STREAMED 38839992
<INFO 7b06c4bf76c0> CORE::BYTES::UPDATES_OUT 25893328
<INFO 7b06c4bf76c0> CORE::BYTES::UPDATES_IN 30097416
<INFO 7b06c8bff6c0> CORE::PARTITIONS_PROCESSED 7
<INFO 7b06c8bff6c0> CORE::BYTES::EDGES_STREAMED 51719928
<INFO 7b06c8bff6c0> CORE::BYTES::UPDATES_OUT 34479952
<INFO 7b06c8bff6c0> CORE::BYTES::UPDATES_IN 30424328
<INFO 7b06c33f46c0> CORE::PARTITIONS_PROCESSED 8
<INFO 7b06c33f46c0> CORE::BYTES::EDGES_STREAMED 51794364
<INFO 7b06c33f46c0> CORE::BYTES::UPDATES_OUT 34529576
<INFO 7b06c33f46c0> CORE::BYTES::UPDATES_IN 34320312
<INFO 7b06c53f86c0> CORE::PARTITIONS_PROCESSED 6
<INFO 7b06c53f86c0> CORE::BYTES::EDGES_STREAMED 32534244
<INFO 7b06c53f86c0> CORE::BYTES::UPDATES_OUT 21689496
<INFO 7b06c53f86c0> CORE::BYTES::UPDATES_IN 25893448
<INFO 7b06c9c016c0> CORE::PARTITIONS_PROCESSED 8
<INFO 7b06c9c016c0> CORE::BYTES::EDGES_STREAMED 51778440
<INFO 7b06c9c016c0> CORE::BYTES::UPDATES_OUT 34518960
<INFO 7b06c9c016c0> CORE::BYTES::UPDATES_IN 34449536
<INFO 7b06c7bfd6c0> CORE::PARTITIONS_PROCESSED 13
<INFO 7b06c7bfd6c0> CORE::BYTES::EDGES_STREAMED 97285788
<INFO 7b06c7bfd6c0> CORE::BYTES::UPDATES_OUT 64857192
<INFO 7b06c7bfd6c0> CORE::BYTES::UPDATES_IN 56072912
<INFO 7b06c73fc6c0> CORE::PARTITIONS_PROCESSED 7
<INFO 7b06c73fc6c0> CORE::BYTES::EDGES_STREAMED 51877644
<INFO 7b06c73fc6c0> CORE::BYTES::UPDATES_OUT 34585096
<INFO 7b06c73fc6c0> CORE::BYTES::UPDATES_IN 30246824
<INFO 7b06c5bf96c0> CORE::PARTITIONS_PROCESSED 5
<INFO 7b06c5bf96c0> CORE::BYTES::EDGES_STREAMED 39176376
<INFO 7b06c5bf96c0> CORE::BYTES::UPDATES_OUT 26117584
<INFO 7b06c5bf96c0> CORE::BYTES::UPDATES_IN 21653096
<INFO 7b08caa9e2c0> CORE::RUSAGE::MAX_RSS_KB 8394244
<INFO 7b08caa9e2c0> CORE::RUSAGE::MINFLT 2097526
<INFO 7b08caa9e2c0> CORE::RUSAGE::MAJFLT 0
<INFO 7b08caa9e2c0> CORE::RUSAGE::MAJFLT 0
<INFO 7b08caa9e2c0> CORE::RUSAGE::INBLK 1617048
<INFO 7b08caa9e2c0> CORE::RUSAGE::OUBLK 75760
<INFO 7b08caa9e2c0> CORE::UTILS::BYTES_READ 827928576
<INFO 7b08caa9e2c0> CORE::UTILS::BYTES_WRITTEN 38780928
<INFO 7b08caa9e2c0> CORE::TIME::IO_WAIT 1.96827 seconds
<INFO 7b08caa9e2c0> CORE::PHASES 2
<INFO 7b08caa9e2c0> CORE::TIME::SETUP 3.53003 seconds
<INFO 7b08caa9e2c0> CORE::TIME::STATE_ITER 0.021996 seconds
<INFO 7b08caa9e2c0> CORE::TIME::GATHER 0.178742 seconds
<INFO 7b08caa9e2c0> CORE::TIME::SCATTER 2.236 seconds
<INFO 7b08caa9e2c0> TIME_IN_PC_FN 0.093734 seconds
<INFO 7b08caa9e2c0> CORE::TIME::WALL 6.14259 seconds
<INFO 7b08caa9e2c0> SHUTDOWN
