<INFO 74daefa8d2c0> STARTUP
<INFO 74daefa8d2c0> CORE::GRAPH soc-LiveJournal1-sym
<INFO 74daefa8d2c0> CORE::ALGORITHM cc
<INFO 74daefa8d2c0> SG-DRIVER-ORIGINAL
<WARNING 74daefa8d2c0> Disk count not specified, assuming it to be 1
<INFO 74daefa8d2c0> CORE::CONFIG::PROCESSORS 16
<INFO 74daefa8d2c0> CORE::CONFIG::PHYSICAL_MEMORY 536870912
<INFO 74daefa8d2c0> CORE::CONFIG::VERTICES 4847571
<INFO 74daefa8d2c0> CORE::CONFIG::VERTEX_SIZE 13
<INFO 74daefa8d2c0> CORE::CONFIG::VERTEX_BUFFER 63021056
<INFO 74daefa8d2c0> CORE::CONFIG::EDGES 137469164
<INFO 74daefa8d2c0> CORE::CONFIG::PARTITIONS 128
<INFO 74daefa8d2c0> CORE::CONFIG::FANOUT 128
<INFO 74daefa8d2c0> CORE::CONFIG::SUPER_PARTITIONS 1
<INFO 74daefa8d2c0> CORE::CONFIG::STREAM_UNIT 16777216
<INFO 74daefa8d2c0> CORE::CONFIG::BUFFER_SIZE 91408076
<INFO 74daefa8d2c0> CORE::CONFIG::IO_NUMIOQS 1
<INFO 74daefa8d2c0> CORE::CONFIG::MAX_BUFFERS 4
<INFO 74daefa8d2c0> CORE::CONFIG::MAX_STREAMS 5
<WARNING 74daefa8d2c0> No mount point specified for disk0, falling back to current directory
my size is 1649629968
<INFO 74daefa8d2c0> ALGORITHM::CC::CC_COUNT 1876
<INFO 74daefa8d2c0> CORE::PARTITIONS_PROCESSED 516
<INFO 74daefa8d2c0> CORE::BYTES::EDGES_STREAMED 1059699852
<INFO 74daefa8d2c0> CORE::BYTES::UPDATES_OUT 292395928
<INFO 74daefa8d2c0> CORE::BYTES::UPDATES_IN 329536016
<INFO 74dacabfb6c0> CORE::PARTITIONS_PROCESSED 487
<INFO 74dacbbfd6c0> CORE::PARTITIONS_PROCESSED 538
<INFO 74dacc3fe6c0> CORE::PARTITIONS_PROCESSED 460
<INFO 74dacbbfd6c0> CORE::BYTES::EDGES_STREAMED 1095587232
<INFO 74dacbbfd6c0> CORE::BYTES::UPDATES_OUT 315637800
<INFO 74dacabfb6c0> CORE::BYTES::EDGES_STREAMED 1121851512
<INFO 74dacabfb6c0> CORE::BYTES::UPDATES_OUT 317095768
<INFO 74dac7bf56c0> CORE::PARTITIONS_PROCESSED 502
<INFO 74dacbbfd6c0> CORE::BYTES::UPDATES_IN 336847976
<INFO 74dacec036c0> CORE::PARTITIONS_PROCESSED 489
<INFO 74dacabfb6c0> CORE::BYTES::UPDATES_IN 309176320
<INFO 74dac8bf76c0> CORE::PARTITIONS_PROCESSED 539
<INFO 74dac8bf76c0> CORE::BYTES::EDGES_STREAMED 1102447332
<INFO 74dac8bf76c0> CORE::BYTES::UPDATES_OUT 317097072
<INFO 74dac8bf76c0> CORE::BYTES::UPDATES_IN 323473320
<INFO 74dacb3fc6c0> CORE::PARTITIONS_PROCESSED 541
<INFO 74dac7bf56c0> CORE::BYTES::EDGES_STREAMED 1085973420
<INFO 74dac93f86c0> CORE::PARTITIONS_PROCESSED 570
<INFO 74dacec036c0> CORE::BYTES::EDGES_STREAMED 1146902316
<INFO 74daccbff6c0> CORE::PARTITIONS_PROCESSED 561
<INFO 74dace4026c0> CORE::PARTITIONS_PROCESSED 588
<INFO 74dacd4006c0> CORE::PARTITIONS_PROCESSED 488
<INFO 74daca3fa6c0> CORE::PARTITIONS_PROCESSED 499
<INFO 74dacd4006c0> CORE::BYTES::EDGES_STREAMED 1161194520
<INFO 74dacd4006c0> CORE::BYTES::UPDATES_OUT 314736280
<INFO 74daca3fa6c0> CORE::BYTES::EDGES_STREAMED 1106701644
<INFO 74dac93f86c0> CORE::BYTES::EDGES_STREAMED 1170941352
<INFO 74dac83f66c0> CORE::PARTITIONS_PROCESSED 520
<INFO 74dac83f66c0> CORE::BYTES::EDGES_STREAMED 1104228192
<INFO 74dacd4006c0> CORE::BYTES::UPDATES_IN 321041104
<INFO 74dacec036c0> CORE::BYTES::UPDATES_OUT 325999712
<INFO 74dacdc016c0> CORE::PARTITIONS_PROCESSED 497
<INFO 74dac7bf56c0> CORE::BYTES::UPDATES_OUT 318286576
<INFO 74dac7bf56c0> CORE::BYTES::UPDATES_IN 301180976
<INFO 74dacc3fe6c0> CORE::BYTES::EDGES_STREAMED 1147957644
<INFO 74daccbff6c0> CORE::BYTES::EDGES_STREAMED 1156688808
<INFO 74daccbff6c0> CORE::BYTES::UPDATES_OUT 334970928
<INFO 74dac83f66c0> CORE::BYTES::UPDATES_OUT 315377384
<INFO 74dace4026c0> CORE::BYTES::EDGES_STREAMED 1103863404
<INFO 74dacdc016c0> CORE::BYTES::EDGES_STREAMED 1130341812
<INFO 74daca3fa6c0> CORE::BYTES::UPDATES_OUT 316545976
<INFO 74dace4026c0> CORE::BYTES::UPDATES_OUT 321014808
<INFO 74dacec036c0> CORE::BYTES::UPDATES_IN 313888520
<INFO 74dacc3fe6c0> CORE::BYTES::UPDATES_OUT 324897128
<INFO 74dacb3fc6c0> CORE::BYTES::EDGES_STREAMED 1124905128
<INFO 74dacb3fc6c0> CORE::BYTES::UPDATES_OUT 317039248
<INFO 74dacc3fe6c0> CORE::BYTES::UPDATES_IN 296310616
<INFO 74dacdc016c0> CORE::BYTES::UPDATES_OUT 321562752
<INFO 74dacdc016c0> CORE::BYTES::UPDATES_IN 292713512
<INFO 74dacb3fc6c0> CORE::BYTES::UPDATES_IN 333886824
<INFO 74daca3fa6c0> CORE::BYTES::UPDATES_IN 299782152
<INFO 74dac93f86c0> CORE::BYTES::UPDATES_OUT 333345144
<INFO 74dac93f86c0> CORE::BYTES::UPDATES_IN 343095776
<INFO 74dac9bf96c0> CORE::PARTITIONS_PROCESSED 500
<INFO 74daccbff6c0> CORE::BYTES::UPDATES_IN 318720752
<INFO 74dac9bf96c0> CORE::BYTES::EDGES_STREAMED 1108052808
<INFO 74dac9bf96c0> CORE::BYTES::UPDATES_OUT 317940032
<INFO 74dac9bf96c0> CORE::BYTES::UPDATES_IN 315601792
<INFO 74dace4026c0> CORE::BYTES::UPDATES_IN 354309496
<INFO 74dac83f66c0> CORE::BYTES::UPDATES_IN 314377384
<INFO 74daefa8d2c0> CORE::RUSAGE::MAX_RSS_KB 529808
<INFO 74daefa8d2c0> CORE::RUSAGE::MINFLT 131455
<INFO 74daefa8d2c0> CORE::RUSAGE::MAJFLT 0
<INFO 74daefa8d2c0> CORE::RUSAGE::MAJFLT 0
<INFO 74daefa8d2c0> CORE::RUSAGE::INBLK 51853848
<INFO 74daefa8d2c0> CORE::RUSAGE::OUBLK 10091792
<INFO 74daefa8d2c0> CORE::UTILS::BYTES_READ 26549170176
<INFO 74daefa8d2c0> CORE::UTILS::BYTES_WRITTEN 5166985216
<INFO 74daefa8d2c0> CORE::TIME::IO_WAIT 95.8768 seconds
<INFO 74daefa8d2c0> CORE::PHASES 13
<INFO 74daefa8d2c0> CORE::TIME::SETUP 0.230042 seconds
<INFO 74daefa8d2c0> CORE::TIME::STATE_ITER 0.023229 seconds
<INFO 74daefa8d2c0> CORE::TIME::GATHER 12.6172 seconds
<INFO 74daefa8d2c0> CORE::TIME::SCATTER 103.553 seconds
<INFO 74daefa8d2c0> TIME_IN_PC_FN 2.02842 seconds
<INFO 74daefa8d2c0> CORE::TIME::WALL 117.186 seconds
<INFO 74daefa8d2c0> SHUTDOWN
