<INFO 7501850802c0> STARTUP
<INFO 7501850802c0> CORE::GRAPH soc-LiveJournal1-dir
<INFO 7501850802c0> CORE::ALGORITHM spmv
<INFO 7501850802c0> SG-DRIVER-ORIGINAL
<WARNING 7501850802c0> Disk count not specified, assuming it to be 1
<INFO 7501850802c0> CORE::CONFIG::PROCESSORS 16
<INFO 7501850802c0> CORE::CONFIG::PHYSICAL_MEMORY 67108864
<INFO 7501850802c0> CORE::CONFIG::VERTICES 4847571
<INFO 7501850802c0> CORE::CONFIG::VERTEX_SIZE 8
<INFO 7501850802c0> CORE::CONFIG::VERTEX_BUFFER 38780928
<INFO 7501850802c0> CORE::CONFIG::EDGES 68993773
<INFO 7501850802c0> CORE::CONFIG::PARTITIONS 128
<INFO 7501850802c0> CORE::CONFIG::FANOUT 128
<INFO 7501850802c0> CORE::CONFIG::SUPER_PARTITIONS 1
<INFO 7501850802c0> CORE::CONFIG::STREAM_UNIT 4194304
<INFO 7501850802c0> CORE::CONFIG::BUFFER_SIZE 4820275
<INFO 7501850802c0> CORE::CONFIG::IO_NUMIOQS 1
<INFO 7501850802c0> CORE::CONFIG::MAX_BUFFERS 4
<INFO 7501850802c0> CORE::CONFIG::MAX_STREAMS 5
<WARNING 7501850802c0> No mount point specified for disk0, falling back to current directory
my size is 827925276
<INFO 7501850802c0> CORE::PARTITIONS_PROCESSED 807
<INFO 7501850802c0> CORE::BYTES::EDGES_STREAMED 48746664
<INFO 7501850802c0> CORE::BYTES::UPDATES_OUT 32497776
<INFO 7501850802c0> CORE::BYTES::UPDATES_IN 29999992
<INFO 7501802056c0> CORE::PARTITIONS_PROCESSED 868
<INFO 75017ea026c0> CORE::PARTITIONS_PROCESSED 928
<INFO 75017ea026c0> CORE::BYTES::EDGES_STREAMED 45399636
<INFO 75017d1ff6c0> CORE::PARTITIONS_PROCESSED 942
<INFO 75017c9fe6c0> CORE::PARTITIONS_PROCESSED 919
<INFO 75017a1f96c0> CORE::PARTITIONS_PROCESSED 834
<INFO 75017ea026c0> CORE::BYTES::UPDATES_OUT 30266424
<INFO 75017e2016c0> CORE::PARTITIONS_PROCESSED 921
<INFO 75017b1fb6c0> CORE::PARTITIONS_PROCESSED 892
<INFO 7501802056c0> CORE::BYTES::EDGES_STREAMED 56588832
<INFO 75017e2016c0> CORE::BYTES::EDGES_STREAMED 52826472
<INFO 75017d1ff6c0> CORE::BYTES::EDGES_STREAMED 51583644
<INFO 75017b9fc6c0> CORE::PARTITIONS_PROCESSED 973
<INFO 75017a1f96c0> CORE::BYTES::EDGES_STREAMED 48743844
<INFO 75017b1fb6c0> CORE::BYTES::EDGES_STREAMED 55632720
<INFO 75017b1fb6c0> CORE::BYTES::UPDATES_OUT 37088480
<INFO 75017b1fb6c0> CORE::BYTES::UPDATES_IN 33281712
<INFO 75017e2016c0> CORE::BYTES::UPDATES_OUT 35217648
<INFO 75017c1fd6c0> CORE::PARTITIONS_PROCESSED 902
<INFO 75017a1f96c0> CORE::BYTES::UPDATES_OUT 32495896
<INFO 75017c1fd6c0> CORE::BYTES::EDGES_STREAMED 50406288
<INFO 7501802056c0> CORE::BYTES::UPDATES_OUT 37725888
<INFO 75017a1f96c0> CORE::BYTES::UPDATES_IN 31438184
<INFO 7501802056c0> CORE::BYTES::UPDATES_IN 32701752
<INFO 75017e2016c0> CORE::BYTES::UPDATES_IN 34719312
<INFO 75017b9fc6c0> CORE::BYTES::EDGES_STREAMED 51194028
<INFO 75017c1fd6c0> CORE::BYTES::UPDATES_OUT 33604192
<INFO 75017c1fd6c0> CORE::BYTES::UPDATES_IN 33764040
<INFO 75017ea026c0> CORE::BYTES::UPDATES_IN 35054528
<INFO 75017d1ff6c0> CORE::BYTES::UPDATES_OUT 34389096
<INFO 75017c9fe6c0> CORE::BYTES::EDGES_STREAMED 52919688
<INFO 75017d1ff6c0> CORE::BYTES::UPDATES_IN 35470000
<INFO 75017da006c0> CORE::PARTITIONS_PROCESSED 994
<INFO 7501791f76c0> CORE::PARTITIONS_PROCESSED 915
<INFO 75017da006c0> CORE::BYTES::EDGES_STREAMED 55727016
<INFO 7501791f76c0> CORE::BYTES::EDGES_STREAMED 49485120
<INFO 75017c9fe6c0> CORE::BYTES::UPDATES_OUT 35279792
<INFO 75017c9fe6c0> CORE::BYTES::UPDATES_IN 34271936
<INFO 7501799f86c0> CORE::PARTITIONS_PROCESSED 852
<INFO 75017b9fc6c0> CORE::BYTES::UPDATES_OUT 34129352
<INFO 7501799f86c0> CORE::BYTES::EDGES_STREAMED 46601340
<INFO 75017da006c0> CORE::BYTES::UPDATES_OUT 37151344
<INFO 75017da006c0> CORE::BYTES::UPDATES_IN 37476752
<INFO 75017f2036c0> CORE::PARTITIONS_PROCESSED 951
<INFO 75017fa046c0> CORE::PARTITIONS_PROCESSED 1012
<INFO 75017b9fc6c0> CORE::BYTES::UPDATES_IN 36306376
<INFO 75017fa046c0> CORE::BYTES::EDGES_STREAMED 53304708
<INFO 75017fa046c0> CORE::BYTES::UPDATES_OUT 35536472
<INFO 75017fa046c0> CORE::BYTES::UPDATES_IN 38090216
<INFO 7501799f86c0> CORE::BYTES::UPDATES_OUT 31067560
<INFO 7501799f86c0> CORE::BYTES::UPDATES_IN 31647776
<INFO 7501791f76c0> CORE::BYTES::UPDATES_OUT 32990080
<INFO 7501791f76c0> CORE::BYTES::UPDATES_IN 34190632
<INFO 75017a9fa6c0> CORE::PARTITIONS_PROCESSED 1010
<INFO 75017a9fa6c0> CORE::BYTES::EDGES_STREAMED 53989452
<INFO 75017a9fa6c0> CORE::BYTES::UPDATES_OUT 35992968
<INFO 75017a9fa6c0> CORE::BYTES::UPDATES_IN 37681856
<INFO 75017f2036c0> CORE::BYTES::EDGES_STREAMED 54775824
<INFO 75017f2036c0> CORE::BYTES::UPDATES_OUT 36517216
<INFO 75017f2036c0> CORE::BYTES::UPDATES_IN 35855120
<INFO 7501850802c0> CORE::RUSAGE::MAX_RSS_KB 70996
<INFO 7501850802c0> CORE::RUSAGE::MINFLT 16751
<INFO 7501850802c0> CORE::RUSAGE::MAJFLT 0
<INFO 7501850802c0> CORE::RUSAGE::MAJFLT 0
<INFO 7501850802c0> CORE::RUSAGE::INBLK 4312128
<INFO 7501850802c0> CORE::RUSAGE::OUBLK 1153792
<INFO 7501850802c0> CORE::UTILS::BYTES_READ 2207809536
<INFO 7501850802c0> CORE::UTILS::BYTES_WRITTEN 590733312
<INFO 7501850802c0> CORE::TIME::IO_WAIT 2.91988 seconds
<INFO 7501850802c0> CORE::PHASES 2
<INFO 7501850802c0> CORE::TIME::SETUP 0.042758 seconds
<INFO 7501850802c0> CORE::TIME::STATE_ITER 0.02699 seconds
<INFO 7501850802c0> CORE::TIME::GATHER 3.762 seconds
<INFO 7501850802c0> CORE::TIME::SCATTER 17.551 seconds
<INFO 7501850802c0> TIME_IN_PC_FN 0.132963 seconds
<INFO 7501850802c0> CORE::TIME::WALL 21.5266 seconds
<INFO 7501850802c0> SHUTDOWN
