<INFO 76a09290d2c0> STARTUP
<INFO 76a09290d2c0> CORE::GRAPH soc-LiveJournal1-dir
<INFO 76a09290d2c0> CORE::ALGORITHM pagerank
<INFO 76a09290d2c0> SG-DRIVER-ORIGINAL
<WARNING 76a09290d2c0> Disk count not specified, assuming it to be 1
<INFO 76a09290d2c0> CORE::CONFIG::PROCESSORS 16
<INFO 76a09290d2c0> CORE::CONFIG::PHYSICAL_MEMORY 1073741824
<INFO 76a09290d2c0> CORE::CONFIG::VERTICES 4847571
<INFO 76a09290d2c0> CORE::CONFIG::VERTEX_SIZE 12
<INFO 76a09290d2c0> CORE::CONFIG::VERTEX_BUFFER 58171392
<INFO 76a09290d2c0> CORE::CONFIG::EDGES 68993773
<INFO 76a09290d2c0> CORE::CONFIG::PARTITIONS 128
<INFO 76a09290d2c0> CORE::CONFIG::FANOUT 128
<INFO 76a09290d2c0> CORE::CONFIG::SUPER_PARTITIONS 1
<INFO 76a09290d2c0> CORE::CONFIG::STREAM_UNIT 16777216
<INFO 76a09290d2c0> CORE::CONFIG::BUFFER_SIZE 199752192
<INFO 76a09290d2c0> CORE::CONFIG::IO_NUMIOQS 1
<INFO 76a09290d2c0> CORE::CONFIG::MAX_BUFFERS 4
<INFO 76a09290d2c0> CORE::CONFIG::MAX_STREAMS 5
<WARNING 76a09290d2c0> No mount point specified for disk0, falling back to current directory
my size is 827925276
<INFO 76a09290d2c0> CORE::PARTITIONS_PROCESSED 472
<INFO 76a09290d2c0> CORE::BYTES::EDGES_STREAMED 1105824792
<INFO 76a09290d2c0> CORE::BYTES::UPDATES_OUT 704982392
<INFO 76a09290d2c0> CORE::BYTES::UPDATES_IN 677001208
<INFO 76a050a026c0> CORE::PARTITIONS_PROCESSED 462
<INFO 76a04d1fb6c0> CORE::PARTITIONS_PROCESSED 496
<INFO 76a0512036c0> CORE::PARTITIONS_PROCESSED 487
<INFO 76a04d9fc6c0> CORE::PARTITIONS_PROCESSED 479
<INFO 76a050a026c0> CORE::BYTES::EDGES_STREAMED 1157429316
<INFO 76a04d9fc6c0> CORE::BYTES::EDGES_STREAMED 1164956460
<INFO 76a050a026c0> CORE::BYTES::UPDATES_OUT 737157928
<INFO 76a050a026c0> CORE::BYTES::UPDATES_IN 666546904
<INFO 76a04d9fc6c0> CORE::BYTES::UPDATES_OUT 746083376
<INFO 76a04d9fc6c0> CORE::BYTES::UPDATES_IN 687902264
<INFO 76a051a046c0> CORE::PARTITIONS_PROCESSED 476
<INFO 76a04d1fb6c0> CORE::BYTES::EDGES_STREAMED 1160184516
<INFO 76a04fa006c0> CORE::PARTITIONS_PROCESSED 476
<INFO 76a04c9fa6c0> CORE::PARTITIONS_PROCESSED 510
<INFO 76a0502016c0> CORE::PARTITIONS_PROCESSED 468
<INFO 76a0512036c0> CORE::BYTES::EDGES_STREAMED 1168277556
<INFO 76a04d1fb6c0> CORE::BYTES::UPDATES_OUT 740150000
<INFO 76a051a046c0> CORE::BYTES::EDGES_STREAMED 1113832740
<INFO 76a04e9fe6c0> CORE::PARTITIONS_PROCESSED 506
<INFO 76a04fa006c0> CORE::BYTES::EDGES_STREAMED 1139112312
<INFO 76a0502016c0> CORE::BYTES::EDGES_STREAMED 1145871108
<INFO 76a04f1ff6c0> CORE::PARTITIONS_PROCESSED 488
<INFO 76a04c1f96c0> CORE::PARTITIONS_PROCESSED 502
<INFO 76a04c1f96c0> CORE::BYTES::EDGES_STREAMED 1192671540
<INFO 76a04b1f76c0> CORE::PARTITIONS_PROCESSED 480
<INFO 76a04c9fa6c0> CORE::BYTES::EDGES_STREAMED 1111579260
<INFO 76a04b1f76c0> CORE::BYTES::EDGES_STREAMED 1133978400
<INFO 76a04c9fa6c0> CORE::BYTES::UPDATES_OUT 702261568
<INFO 76a04e1fd6c0> CORE::PARTITIONS_PROCESSED 444
<INFO 76a04b9f86c0> CORE::PARTITIONS_PROCESSED 455
<INFO 76a0502016c0> CORE::BYTES::UPDATES_OUT 729270000
<INFO 76a04c9fa6c0> CORE::BYTES::UPDATES_IN 728029552
<INFO 76a0512036c0> CORE::BYTES::UPDATES_OUT 732991784
<INFO 76a04c1f96c0> CORE::BYTES::UPDATES_OUT 763707256
<INFO 76a04d1fb6c0> CORE::BYTES::UPDATES_IN 713527904
<INFO 76a04fa006c0> CORE::BYTES::UPDATES_OUT 727784408
<INFO 76a04b1f76c0> CORE::BYTES::UPDATES_OUT 726787680
<INFO 76a04b1f76c0> CORE::BYTES::UPDATES_IN 689600080
<INFO 76a04a9f66c0> CORE::PARTITIONS_PROCESSED 479
<INFO 76a04a9f66c0> CORE::BYTES::EDGES_STREAMED 1134801456
<INFO 76a04a9f66c0> CORE::BYTES::UPDATES_OUT 721113840
<INFO 76a04a9f66c0> CORE::BYTES::UPDATES_IN 685037304
<INFO 76a04fa006c0> CORE::BYTES::UPDATES_IN 686160128
<INFO 76a0512036c0> CORE::BYTES::UPDATES_IN 694933064
<INFO 76a0502016c0> CORE::BYTES::UPDATES_IN 678705904
<INFO 76a051a046c0> CORE::BYTES::UPDATES_OUT 709990992
<INFO 76a051a046c0> CORE::BYTES::UPDATES_IN 686700880
<INFO 76a04e1fd6c0> CORE::BYTES::EDGES_STREAMED 1116950508
<INFO 76a04e1fd6c0> CORE::BYTES::UPDATES_OUT 705213688
<INFO 76a04e1fd6c0> CORE::BYTES::UPDATES_IN 637867608
<INFO 76a04b9f86c0> CORE::BYTES::EDGES_STREAMED 1087616940
<INFO 76a04b9f86c0> CORE::BYTES::UPDATES_OUT 697882600
<INFO 76a04b9f86c0> CORE::BYTES::UPDATES_IN 657194472
<INFO 76a04f1ff6c0> CORE::BYTES::EDGES_STREAMED 1153080336
<INFO 76a04f1ff6c0> CORE::BYTES::UPDATES_OUT 728284352
<INFO 76a04f1ff6c0> CORE::BYTES::UPDATES_IN 703286624
<INFO 76a04c1f96c0> CORE::BYTES::UPDATES_IN 715843280
<INFO 76a04e9fe6c0> CORE::BYTES::EDGES_STREAMED 1128188832
<INFO 76a04e9fe6c0> CORE::BYTES::UPDATES_OUT 717292000
<INFO 76a04e9fe6c0> CORE::BYTES::UPDATES_IN 730666504
<INFO 76a09290d2c0> CORE::RUSAGE::MAX_RSS_KB 1054324
<INFO 76a09290d2c0> CORE::RUSAGE::MINFLT 262526
<INFO 76a09290d2c0> CORE::RUSAGE::MAJFLT 0
<INFO 76a09290d2c0> CORE::RUSAGE::MAJFLT 0
<INFO 76a09290d2c0> CORE::RUSAGE::INBLK 57135696
<INFO 76a09290d2c0> CORE::RUSAGE::OUBLK 22752312
<INFO 76a09290d2c0> CORE::UTILS::BYTES_READ 29253476352
<INFO 76a09290d2c0> CORE::UTILS::BYTES_WRITTEN 11649171456
<INFO 76a09290d2c0> CORE::TIME::IO_WAIT 148.684 seconds
<INFO 76a09290d2c0> CORE::PHASES 22
<INFO 76a09290d2c0> CORE::TIME::SETUP 0.446984 seconds
<INFO 76a09290d2c0> CORE::TIME::STATE_ITER 0.33602 seconds
<INFO 76a09290d2c0> CORE::TIME::GATHER 34.8434 seconds
<INFO 76a09290d2c0> CORE::TIME::SCATTER 129.104 seconds
<INFO 76a09290d2c0> TIME_IN_PC_FN 2.32578 seconds
<INFO 76a09290d2c0> CORE::TIME::WALL 167.331 seconds
<INFO 76a09290d2c0> SHUTDOWN
