<INFO 789f1172b2c0> STARTUP
<INFO 789f1172b2c0> CORE::GRAPH soc-LiveJournal1-sym
<INFO 789f1172b2c0> CORE::ALGORITHM cc
<INFO 789f1172b2c0> SG-DRIVER-ORIGINAL
<WARNING 789f1172b2c0> Disk count not specified, assuming it to be 1
<INFO 789f1172b2c0> CORE::CONFIG::PROCESSORS 16
<INFO 789f1172b2c0> CORE::CONFIG::PHYSICAL_MEMORY 67108864
<INFO 789f1172b2c0> CORE::CONFIG::VERTICES 4847571
<INFO 789f1172b2c0> CORE::CONFIG::VERTEX_SIZE 13
<INFO 789f1172b2c0> CORE::CONFIG::VERTEX_BUFFER 31510528
<INFO 789f1172b2c0> CORE::CONFIG::EDGES 137469164
<INFO 789f1172b2c0> CORE::CONFIG::PARTITIONS 64
<INFO 789f1172b2c0> CORE::CONFIG::FANOUT 64
<INFO 789f1172b2c0> CORE::CONFIG::SUPER_PARTITIONS 2
<INFO 789f1172b2c0> CORE::CONFIG::STREAM_UNIT 2097152
<INFO 789f1172b2c0> CORE::CONFIG::BUFFER_SIZE 6694707
<INFO 789f1172b2c0> CORE::CONFIG::IO_NUMIOQS 1
<INFO 789f1172b2c0> CORE::CONFIG::MAX_BUFFERS 4
<INFO 789f1172b2c0> CORE::CONFIG::MAX_STREAMS 5
<WARNING 789f1172b2c0> No mount point specified for disk0, falling back to current directory
my size is 1649629968
<INFO 789f1172b2c0> ALGORITHM::CC::CC_COUNT 1876
<INFO 789f1172b2c0> CORE::PARTITIONS_PROCESSED 3301
<INFO 789f1172b2c0> CORE::BYTES::EDGES_STREAMED 1095941712
<INFO 789f1172b2c0> CORE::BYTES::UPDATES_OUT 293900840
<INFO 789f1172b2c0> CORE::BYTES::UPDATES_IN 337365888
<INFO 789f06ff76c0> CORE::PARTITIONS_PROCESSED 3098
<INFO 789f097fc6c0> CORE::PARTITIONS_PROCESSED 2806
<INFO 789f057f46c0> CORE::PARTITIONS_PROCESSED 3274
<INFO 789f057f46c0> CORE::BYTES::EDGES_STREAMED 1137548568
<INFO 789f057f46c0> CORE::BYTES::UPDATES_OUT 327589896
<INFO 789f057f46c0> CORE::BYTES::UPDATES_IN 338134648
<INFO 789f067f66c0> CORE::PARTITIONS_PROCESSED 2930
<INFO 789f067f66c0> CORE::BYTES::EDGES_STREAMED 1083955644
<INFO 789f067f66c0> CORE::BYTES::UPDATES_OUT 313426680
<INFO 789f067f66c0> CORE::BYTES::UPDATES_IN 301742696
<INFO 789f0a7fe6c0> CORE::PARTITIONS_PROCESSED 3006
<INFO 789f08ffb6c0> CORE::PARTITIONS_PROCESSED 3161
<INFO 789f097fc6c0> CORE::BYTES::EDGES_STREAMED 1108787196
<INFO 789f08ffb6c0> CORE::BYTES::EDGES_STREAMED 1115182560
<INFO 789f0c8026c0> CORE::PARTITIONS_PROCESSED 3075
<INFO 789f0a7fe6c0> CORE::BYTES::EDGES_STREAMED 1092681948
<INFO 789f0c8026c0> CORE::BYTES::EDGES_STREAMED 1137442692
<INFO 789f0b8006c0> CORE::PARTITIONS_PROCESSED 3141
<INFO 789f0a7fe6c0> CORE::BYTES::UPDATES_OUT 319188888
<INFO 789f0b8006c0> CORE::BYTES::EDGES_STREAMED 1088414628
<INFO 789f0b8006c0> CORE::BYTES::UPDATES_OUT 310047744
<INFO 789f06ff76c0> CORE::BYTES::EDGES_STREAMED 1128106680
<INFO 789f0c8026c0> CORE::BYTES::UPDATES_OUT 324146200
<INFO 789f0a7fe6c0> CORE::BYTES::UPDATES_IN 311898184
<INFO 789f08ffb6c0> CORE::BYTES::UPDATES_OUT 325158888
<INFO 789f08ffb6c0> CORE::BYTES::UPDATES_IN 324011456
<INFO 789f0c8026c0> CORE::BYTES::UPDATES_IN 317057424
<INFO 789f0afff6c0> CORE::PARTITIONS_PROCESSED 3141
<INFO 789f0afff6c0> CORE::BYTES::EDGES_STREAMED 1129848096
<INFO 789f0b8006c0> CORE::BYTES::UPDATES_IN 326292600
<INFO 789f097fc6c0> CORE::BYTES::UPDATES_OUT 310056368
<INFO 789f097fc6c0> CORE::BYTES::UPDATES_IN 288126504
<INFO 789f07ff96c0> CORE::PARTITIONS_PROCESSED 2983
<INFO 789f087fa6c0> CORE::PARTITIONS_PROCESSED 2943
<INFO 789f09ffd6c0> CORE::PARTITIONS_PROCESSED 3263
<INFO 789f09ffd6c0> CORE::BYTES::EDGES_STREAMED 1108167756
<INFO 789f09ffd6c0> CORE::BYTES::UPDATES_OUT 302060304
<INFO 789f09ffd6c0> CORE::BYTES::UPDATES_IN 335092304
<INFO 789f077f86c0> CORE::PARTITIONS_PROCESSED 3035
<INFO 789f077f86c0> CORE::BYTES::EDGES_STREAMED 1187871024
<INFO 789f077f86c0> CORE::BYTES::UPDATES_OUT 339028272
<INFO 789f077f86c0> CORE::BYTES::UPDATES_IN 311277816
<INFO 789f06ff76c0> CORE::BYTES::UPDATES_OUT 312268352
<INFO 789f06ff76c0> CORE::BYTES::UPDATES_IN 321213944
<INFO 789f087fa6c0> CORE::BYTES::EDGES_STREAMED 1109588832
<INFO 789f0c0016c0> CORE::PARTITIONS_PROCESSED 3430
<INFO 789f087fa6c0> CORE::BYTES::UPDATES_OUT 326901720
<INFO 789f07ff96c0> CORE::BYTES::EDGES_STREAMED 1162826952
<INFO 789f05ff56c0> CORE::PARTITIONS_PROCESSED 2924
<INFO 789f07ff96c0> CORE::BYTES::UPDATES_OUT 327278712
<INFO 789f05ff56c0> CORE::BYTES::EDGES_STREAMED 1149118896
<INFO 789f05ff56c0> CORE::BYTES::UPDATES_OUT 324352144
<INFO 789f05ff56c0> CORE::BYTES::UPDATES_IN 300661352
<INFO 789f0c0016c0> CORE::BYTES::EDGES_STREAMED 1091853792
<INFO 789f0c0016c0> CORE::BYTES::UPDATES_OUT 316807904
<INFO 789f0c0016c0> CORE::BYTES::UPDATES_IN 353291488
<INFO 789f087fa6c0> CORE::BYTES::UPDATES_IN 306108416
<INFO 789f07ff96c0> CORE::BYTES::UPDATES_IN 307487936
<INFO 789f0afff6c0> CORE::BYTES::UPDATES_OUT 331729624
<INFO 789f0afff6c0> CORE::BYTES::UPDATES_IN 324179880
<INFO 789f1172b2c0> CORE::RUSAGE::MAX_RSS_KB 71076
<INFO 789f1172b2c0> CORE::RUSAGE::MINFLT 16757
<INFO 789f1172b2c0> CORE::RUSAGE::MAJFLT 0
<INFO 789f1172b2c0> CORE::RUSAGE::MAJFLT 0
<INFO 789f1172b2c0> CORE::RUSAGE::INBLK 56553000
<INFO 789f1172b2c0> CORE::RUSAGE::OUBLK 14790952
<INFO 789f1172b2c0> CORE::UTILS::BYTES_READ 28955136000
<INFO 789f1172b2c0> CORE::UTILS::BYTES_WRITTEN 7572955136
<INFO 789f1172b2c0> CORE::TIME::IO_WAIT 57.8735 seconds
<INFO 789f1172b2c0> CORE::PHASES 13
<INFO 789f1172b2c0> CORE::TIME::SETUP 0.041848 seconds
<INFO 789f1172b2c0> CORE::TIME::STATE_ITER 0.041834 seconds
<INFO 789f1172b2c0> CORE::TIME::GATHER 37.9135 seconds
<INFO 789f1172b2c0> CORE::TIME::SCATTER 182.992 seconds
<INFO 789f1172b2c0> TIME_IN_PC_FN 2.77379 seconds
<INFO 789f1172b2c0> CORE::TIME::WALL 246.645 seconds
<INFO 789f1172b2c0> SHUTDOWN
