<INFO 73bfd768e2c0> STARTUP
<INFO 73bfd768e2c0> CORE::GRAPH soc-LiveJournal1-dir
<INFO 73bfd768e2c0> CORE::ALGORITHM pagerank
<INFO 73bfd768e2c0> SG-DRIVER-ORIGINAL
<WARNING 73bfd768e2c0> Disk count not specified, assuming it to be 1
<INFO 73bfd768e2c0> CORE::CONFIG::PROCESSORS 16
<INFO 73bfd768e2c0> CORE::CONFIG::PHYSICAL_MEMORY 1073741824
<INFO 73bfd768e2c0> CORE::CONFIG::VERTICES 4847571
<INFO 73bfd768e2c0> CORE::CONFIG::VERTEX_SIZE 12
<INFO 73bfd768e2c0> CORE::CONFIG::VERTEX_BUFFER 58171392
<INFO 73bfd768e2c0> CORE::CONFIG::EDGES 68993773
<INFO 73bfd768e2c0> CORE::CONFIG::PARTITIONS 128
<INFO 73bfd768e2c0> CORE::CONFIG::FANOUT 128
<INFO 73bfd768e2c0> CORE::CONFIG::SUPER_PARTITIONS 1
<INFO 73bfd768e2c0> CORE::CONFIG::STREAM_UNIT 16777216
<INFO 73bfd768e2c0> CORE::CONFIG::BUFFER_SIZE 199752192
<INFO 73bfd768e2c0> CORE::CONFIG::IO_NUMIOQS 1
<INFO 73bfd768e2c0> CORE::CONFIG::MAX_BUFFERS 4
<INFO 73bfd768e2c0> CORE::CONFIG::MAX_STREAMS 5
<WARNING 73bfd768e2c0> No mount point specified for disk0, falling back to current directory
my size is 827925276
<INFO 73bfd768e2c0> CORE::PARTITIONS_PROCESSED 481
<INFO 73bfd768e2c0> CORE::BYTES::EDGES_STREAMED 1176995592
<INFO 73bfd768e2c0> CORE::BYTES::UPDATES_OUT 755244048
<INFO 73bfd768e2c0> CORE::BYTES::UPDATES_IN 690039904
<INFO 73bf950016c0> CORE::PARTITIONS_PROCESSED 470
<INFO 73bf90ff96c0> CORE::PARTITIONS_PROCESSED 490
<INFO 73bf90ff96c0> CORE::BYTES::EDGES_STREAMED 1157073384
<INFO 73bf968046c0> CORE::PARTITIONS_PROCESSED 477
<INFO 73bf937fe6c0> CORE::PARTITIONS_PROCESSED 493
<INFO 73bf950016c0> CORE::BYTES::EDGES_STREAMED 1182282216
<INFO 73bf90ff96c0> CORE::BYTES::UPDATES_OUT 734813864
<INFO 73bf90ff96c0> CORE::BYTES::UPDATES_IN 699918576
<INFO 73bf937fe6c0> CORE::BYTES::EDGES_STREAMED 1100970528
<INFO 73bf968046c0> CORE::BYTES::EDGES_STREAMED 1138235640
<INFO 73bf968046c0> CORE::BYTES::UPDATES_OUT 711684840
<INFO 73bf948006c0> CORE::PARTITIONS_PROCESSED 473
<INFO 73bf948006c0> CORE::BYTES::EDGES_STREAMED 1178290524
<INFO 73bf948006c0> CORE::BYTES::UPDATES_OUT 755184904
<INFO 73bf960036c0> CORE::PARTITIONS_PROCESSED 474
<INFO 73bf950016c0> CORE::BYTES::UPDATES_OUT 743024368
<INFO 73bf950016c0> CORE::BYTES::UPDATES_IN 681912200
<INFO 73bf968046c0> CORE::BYTES::UPDATES_IN 687262640
<INFO 73bf937fe6c0> CORE::BYTES::UPDATES_OUT 706445000
<INFO 73bf927fc6c0> CORE::PARTITIONS_PROCESSED 477
<INFO 73bf927fc6c0> CORE::BYTES::EDGES_STREAMED 1124727480
<INFO 73bf927fc6c0> CORE::BYTES::UPDATES_OUT 715259024
<INFO 73bf960036c0> CORE::BYTES::EDGES_STREAMED 1144056720
<INFO 73bf948006c0> CORE::BYTES::UPDATES_IN 679869360
<INFO 73bf960036c0> CORE::BYTES::UPDATES_OUT 728535776
<INFO 73bf960036c0> CORE::BYTES::UPDATES_IN 681931936
<INFO 73bf93fff6c0> CORE::PARTITIONS_PROCESSED 473
<INFO 73bf93fff6c0> CORE::BYTES::EDGES_STREAMED 1140604032
<INFO 73bf93fff6c0> CORE::BYTES::UPDATES_OUT 731280872
<INFO 73bf93fff6c0> CORE::BYTES::UPDATES_IN 679973544
<INFO 73bf8f7f66c0> CORE::PARTITIONS_PROCESSED 475
<INFO 73bf8f7f66c0> CORE::BYTES::EDGES_STREAMED 1104055668
<INFO 73bf8f7f66c0> CORE::BYTES::UPDATES_OUT 701924672
<INFO 73bf8f7f66c0> CORE::BYTES::UPDATES_IN 681203896
<INFO 73bf927fc6c0> CORE::BYTES::UPDATES_IN 688552872
<INFO 73bf91ffb6c0> CORE::PARTITIONS_PROCESSED 477
<INFO 73bf937fe6c0> CORE::BYTES::UPDATES_IN 707763856
<INFO 73bf8fff76c0> CORE::PARTITIONS_PROCESSED 489
<INFO 73bf907f86c0> CORE::PARTITIONS_PROCESSED 501
<INFO 73bf907f86c0> CORE::BYTES::EDGES_STREAMED 1151481648
<INFO 73bf92ffd6c0> CORE::PARTITIONS_PROCESSED 481
<INFO 73bf91ffb6c0> CORE::BYTES::EDGES_STREAMED 1106443428
<INFO 73bf8fff76c0> CORE::BYTES::EDGES_STREAMED 1119933348
<INFO 73bf8fff76c0> CORE::BYTES::UPDATES_OUT 716466040
<INFO 73bf907f86c0> CORE::BYTES::UPDATES_OUT 726651008
<INFO 73bf92ffd6c0> CORE::BYTES::EDGES_STREAMED 1108760388
<INFO 73bf8fff76c0> CORE::BYTES::UPDATES_IN 698196928
<INFO 73bf907f86c0> CORE::BYTES::UPDATES_IN 722251712
<INFO 73bf92ffd6c0> CORE::BYTES::UPDATES_OUT 708728000
<INFO 73bf92ffd6c0> CORE::BYTES::UPDATES_IN 689533472
<INFO 73bf91ffb6c0> CORE::BYTES::UPDATES_OUT 708487128
<INFO 73bf91ffb6c0> CORE::BYTES::UPDATES_IN 685970736
<INFO 73bf917fa6c0> CORE::PARTITIONS_PROCESSED 466
<INFO 73bf917fa6c0> CORE::BYTES::EDGES_STREAMED 1124835936
<INFO 73bf917fa6c0> CORE::BYTES::UPDATES_OUT 712303800
<INFO 73bf917fa6c0> CORE::BYTES::UPDATES_IN 667493208
<INFO 73bf958026c0> CORE::PARTITIONS_PROCESSED 483
<INFO 73bf958026c0> CORE::BYTES::EDGES_STREAMED 1155609540
<INFO 73bf958026c0> CORE::BYTES::UPDATES_OUT 734920520
<INFO 73bf958026c0> CORE::BYTES::UPDATES_IN 697128840
<INFO 73bfd768e2c0> CORE::RUSAGE::MAX_RSS_KB 1054180
<INFO 73bfd768e2c0> CORE::RUSAGE::MINFLT 262527
<INFO 73bfd768e2c0> CORE::RUSAGE::MAJFLT 0
<INFO 73bfd768e2c0> CORE::RUSAGE::MAJFLT 0
<INFO 73bfd768e2c0> CORE::RUSAGE::INBLK 57135696
<INFO 73bfd768e2c0> CORE::RUSAGE::OUBLK 22752312
<INFO 73bfd768e2c0> CORE::UTILS::BYTES_READ 29253476352
<INFO 73bfd768e2c0> CORE::UTILS::BYTES_WRITTEN 11649171456
<INFO 73bfd768e2c0> CORE::TIME::IO_WAIT 124.24 seconds
<INFO 73bfd768e2c0> CORE::PHASES 22
<INFO 73bfd768e2c0> CORE::TIME::SETUP 0.43997 seconds
<INFO 73bfd768e2c0> CORE::TIME::STATE_ITER 0.32307 seconds
<INFO 73bfd768e2c0> CORE::TIME::GATHER 25.6017 seconds
<INFO 73bfd768e2c0> CORE::TIME::SCATTER 113.481 seconds
<INFO 73bfd768e2c0> TIME_IN_PC_FN 2.41481 seconds
<INFO 73bfd768e2c0> CORE::TIME::WALL 140.914 seconds
<INFO 73bfd768e2c0> SHUTDOWN
