<INFO 78542a6fe2c0> STARTUP
<INFO 78542a6fe2c0> CORE::GRAPH soc-LiveJournal1-dir
<INFO 78542a6fe2c0> CORE::ALGORITHM spmv
<INFO 78542a6fe2c0> SG-DRIVER-ORIGINAL
<WARNING 78542a6fe2c0> Disk count not specified, assuming it to be 1
<INFO 78542a6fe2c0> CORE::CONFIG::PROCESSORS 16
<INFO 78542a6fe2c0> CORE::CONFIG::PHYSICAL_MEMORY 134217728
<INFO 78542a6fe2c0> CORE::CONFIG::VERTICES 4847571
<INFO 78542a6fe2c0> CORE::CONFIG::VERTEX_SIZE 8
<INFO 78542a6fe2c0> CORE::CONFIG::VERTEX_BUFFER 38780928
<INFO 78542a6fe2c0> CORE::CONFIG::EDGES 68993773
<INFO 78542a6fe2c0> CORE::CONFIG::PARTITIONS 128
<INFO 78542a6fe2c0> CORE::CONFIG::FANOUT 128
<INFO 78542a6fe2c0> CORE::CONFIG::SUPER_PARTITIONS 1
<INFO 78542a6fe2c0> CORE::CONFIG::STREAM_UNIT 8388608
<INFO 78542a6fe2c0> CORE::CONFIG::BUFFER_SIZE 17403187
<INFO 78542a6fe2c0> CORE::CONFIG::IO_NUMIOQS 1
<INFO 78542a6fe2c0> CORE::CONFIG::MAX_BUFFERS 4
<INFO 78542a6fe2c0> CORE::CONFIG::MAX_STREAMS 5
<WARNING 78542a6fe2c0> No mount point specified for disk0, falling back to current directory
my size is 827925276
<INFO 78542a6fe2c0> CORE::PARTITIONS_PROCESSED 327
<INFO 78542a6fe2c0> CORE::BYTES::EDGES_STREAMED 48073500
<INFO 78542a6fe2c0> CORE::BYTES::UPDATES_OUT 32049000
<INFO 78542a6fe2c0> CORE::BYTES::UPDATES_IN 43971024
<INFO 78541cffc6c0> CORE::PARTITIONS_PROCESSED 217
<INFO 78541cffc6c0> CORE::BYTES::EDGES_STREAMED 42579864
<INFO 78541cffc6c0> CORE::BYTES::UPDATES_OUT 28386576
<INFO 78541cffc6c0> CORE::BYTES::UPDATES_IN 29039184
<INFO 78541dffe6c0> CORE::PARTITIONS_PROCESSED 290
<INFO 78541dffe6c0> CORE::BYTES::EDGES_STREAMED 51162324
<INFO 78541dffe6c0> CORE::BYTES::UPDATES_OUT 34108216
<INFO 78541dffe6c0> CORE::BYTES::UPDATES_IN 39138360
<INFO 78541bffa6c0> CORE::PARTITIONS_PROCESSED 212
<INFO 78541bffa6c0> CORE::BYTES::EDGES_STREAMED 66919128
<INFO 78541bffa6c0> CORE::BYTES::UPDATES_OUT 44612752
<INFO 78541bffa6c0> CORE::BYTES::UPDATES_IN 28784344
<INFO 7854210046c0> CORE::PARTITIONS_PROCESSED 274
<INFO 7854210046c0> CORE::BYTES::EDGES_STREAMED 63968004
<INFO 7854210046c0> CORE::BYTES::UPDATES_OUT 42645336
<INFO 7854210046c0> CORE::BYTES::UPDATES_IN 37369384
<INFO 78541c7fb6c0> CORE::PARTITIONS_PROCESSED 283
<INFO 78541c7fb6c0> CORE::BYTES::EDGES_STREAMED 59412972
<INFO 78541c7fb6c0> CORE::BYTES::UPDATES_OUT 39608648
<INFO 78541c7fb6c0> CORE::BYTES::UPDATES_IN 37999832
<INFO 78541f8016c0> CORE::PARTITIONS_PROCESSED 217
<INFO 78541f8016c0> CORE::BYTES::EDGES_STREAMED 49627656
<INFO 78541f8016c0> CORE::BYTES::UPDATES_OUT 33085104
<INFO 78541f8016c0> CORE::BYTES::UPDATES_IN 29001672
<INFO 7854218056c0> CORE::PARTITIONS_PROCESSED 262
<INFO 7854218056c0> CORE::BYTES::EDGES_STREAMED 55697400
<INFO 7854218056c0> CORE::BYTES::UPDATES_OUT 37131600
<INFO 7854218056c0> CORE::BYTES::UPDATES_IN 35598688
<INFO 78541aff86c0> CORE::PARTITIONS_PROCESSED 239
<INFO 78541aff86c0> CORE::BYTES::EDGES_STREAMED 58211748
<INFO 78541aff86c0> CORE::BYTES::UPDATES_OUT 38807832
<INFO 78541aff86c0> CORE::BYTES::UPDATES_IN 32068168
<INFO 78541a7f76c0> CORE::PARTITIONS_PROCESSED 139
<INFO 78541a7f76c0> CORE::BYTES::EDGES_STREAMED 52105224
<INFO 78541a7f76c0> CORE::BYTES::UPDATES_OUT 34736816
<INFO 78541a7f76c0> CORE::BYTES::UPDATES_IN 18331480
<INFO 7854200026c0> CORE::PARTITIONS_PROCESSED 293
<INFO 7854208036c0> CORE::PARTITIONS_PROCESSED 189
<INFO 7854200026c0> CORE::BYTES::EDGES_STREAMED 45143268
<INFO 7854200026c0> CORE::BYTES::UPDATES_OUT 30095512
<INFO 78541d7fd6c0> CORE::PARTITIONS_PROCESSED 351
<INFO 78541d7fd6c0> CORE::BYTES::EDGES_STREAMED 48889488
<INFO 78541b7f96c0> CORE::PARTITIONS_PROCESSED 264
<INFO 78541b7f96c0> CORE::BYTES::EDGES_STREAMED 40340112
<INFO 78541d7fd6c0> CORE::BYTES::UPDATES_OUT 32592992
<INFO 7854200026c0> CORE::BYTES::UPDATES_IN 39651672
<INFO 7854208036c0> CORE::BYTES::EDGES_STREAMED 56488884
<INFO 78541e7ff6c0> CORE::PARTITIONS_PROCESSED 263
<INFO 78541f0006c0> CORE::PARTITIONS_PROCESSED 276
<INFO 78541e7ff6c0> CORE::BYTES::EDGES_STREAMED 44870676
<INFO 78541e7ff6c0> CORE::BYTES::UPDATES_OUT 29913784
<INFO 78541d7fd6c0> CORE::BYTES::UPDATES_IN 47466416
<INFO 78541e7ff6c0> CORE::BYTES::UPDATES_IN 35169088
<INFO 78541f0006c0> CORE::BYTES::EDGES_STREAMED 44435028
<INFO 78541f0006c0> CORE::BYTES::UPDATES_OUT 29623352
<INFO 78541f0006c0> CORE::BYTES::UPDATES_IN 37413560
<INFO 7854208036c0> CORE::BYTES::UPDATES_OUT 37659256
<INFO 7854208036c0> CORE::BYTES::UPDATES_IN 25204368
<INFO 78541b7f96c0> CORE::BYTES::UPDATES_OUT 26893408
<INFO 78541b7f96c0> CORE::BYTES::UPDATES_IN 35742944
<INFO 78542a6fe2c0> CORE::RUSAGE::MAX_RSS_KB 136620
<INFO 78542a6fe2c0> CORE::RUSAGE::MINFLT 33156
<INFO 78542a6fe2c0> CORE::RUSAGE::MAJFLT 0
<INFO 78542a6fe2c0> CORE::RUSAGE::MAJFLT 0
<INFO 78542a6fe2c0> CORE::RUSAGE::INBLK 4312128
<INFO 78542a6fe2c0> CORE::RUSAGE::OUBLK 1153792
<INFO 78542a6fe2c0> CORE::UTILS::BYTES_READ 2207809536
<INFO 78542a6fe2c0> CORE::UTILS::BYTES_WRITTEN 590733312
<INFO 78542a6fe2c0> CORE::TIME::IO_WAIT 8.63848 seconds
<INFO 78542a6fe2c0> CORE::PHASES 2
<INFO 78542a6fe2c0> CORE::TIME::SETUP 0.067609 seconds
<INFO 78542a6fe2c0> CORE::TIME::STATE_ITER 0.01512 seconds
<INFO 78542a6fe2c0> CORE::TIME::GATHER 2.88006 seconds
<INFO 78542a6fe2c0> CORE::TIME::SCATTER 12.455 seconds
<INFO 78542a6fe2c0> TIME_IN_PC_FN 0.124964 seconds
<INFO 78542a6fe2c0> CORE::TIME::WALL 16.0005 seconds
<INFO 78542a6fe2c0> SHUTDOWN
