<INFO 7d2b178bd2c0> STARTUP
<INFO 7d2b178bd2c0> CORE::GRAPH soc-LiveJournal1-sym
<INFO 7d2b178bd2c0> CORE::ALGORITHM cc
<INFO 7d2b178bd2c0> SG-DRIVER-ORIGINAL
<WARNING 7d2b178bd2c0> Disk count not specified, assuming it to be 1
<INFO 7d2b178bd2c0> CORE::CONFIG::PROCESSORS 16
<INFO 7d2b178bd2c0> CORE::CONFIG::PHYSICAL_MEMORY 4294967296
<INFO 7d2b178bd2c0> CORE::CONFIG::VERTICES 4847571
<INFO 7d2b178bd2c0> CORE::CONFIG::VERTEX_SIZE 13
<INFO 7d2b178bd2c0> CORE::CONFIG::VERTEX_BUFFER 63021056
<INFO 7d2b178bd2c0> CORE::CONFIG::EDGES 137469164
<INFO 7d2b178bd2c0> CORE::CONFIG::PARTITIONS 128
<INFO 7d2b178bd2c0> CORE::CONFIG::FANOUT 128
<INFO 7d2b178bd2c0> CORE::CONFIG::SUPER_PARTITIONS 1
<INFO 7d2b178bd2c0> CORE::CONFIG::STREAM_UNIT 16777216
<INFO 7d2b178bd2c0> CORE::CONFIG::BUFFER_SIZE 843027353
<INFO 7d2b178bd2c0> CORE::CONFIG::IO_NUMIOQS 1
<INFO 7d2b178bd2c0> CORE::CONFIG::MAX_BUFFERS 4
<INFO 7d2b178bd2c0> CORE::CONFIG::MAX_STREAMS 5
<WARNING 7d2b178bd2c0> No mount point specified for disk0, falling back to current directory
my size is 1649629968
<INFO 7d2b178bd2c0> ALGORITHM::CC::CC_COUNT 1876
<INFO 7d2b178bd2c0> CORE::PARTITIONS_PROCESSED 111
<INFO 7d2b178bd2c0> CORE::BYTES::EDGES_STREAMED 1296131352
<INFO 7d2b178bd2c0> CORE::BYTES::UPDATES_OUT 336268880
<INFO 7d2b178bd2c0> CORE::BYTES::UPDATES_IN 310743288
<INFO 7d2a109f66c0> CORE::PARTITIONS_PROCESSED 111
<INFO 7d2a121f96c0> CORE::PARTITIONS_PROCESSED 94
<INFO 7d2a151ff6c0> CORE::PARTITIONS_PROCESSED 134
<INFO 7d2a101f56c0> CORE::PARTITIONS_PROCESSED 121
<INFO 7d2a151ff6c0> CORE::BYTES::EDGES_STREAMED 1066894200
<INFO 7d2a151ff6c0> CORE::BYTES::UPDATES_OUT 310592136
<INFO 7d2a151ff6c0> CORE::BYTES::UPDATES_IN 296420488
<INFO 7d2a109f66c0> CORE::BYTES::EDGES_STREAMED 1195861704
<INFO 7d2a109f66c0> CORE::BYTES::UPDATES_OUT 319912752
<INFO 7d2a109f66c0> CORE::BYTES::UPDATES_IN 316177456
<INFO 7d2a101f56c0> CORE::BYTES::EDGES_STREAMED 1244841756
<INFO 7d2a101f56c0> CORE::BYTES::UPDATES_OUT 332174912
<INFO 7d2a101f56c0> CORE::BYTES::UPDATES_IN 285741208
<INFO 7d2a149fe6c0> CORE::PARTITIONS_PROCESSED 122
<INFO 7d2a149fe6c0> CORE::BYTES::EDGES_STREAMED 1124417724
<INFO 7d2a149fe6c0> CORE::BYTES::UPDATES_OUT 319800640
<INFO 7d2a149fe6c0> CORE::BYTES::UPDATES_IN 317112408
<INFO 7d2a129fa6c0> CORE::PARTITIONS_PROCESSED 125
<INFO 7d2a129fa6c0> CORE::BYTES::EDGES_STREAMED 1090569408
<INFO 7d2a131fb6c0> CORE::PARTITIONS_PROCESSED 123
<INFO 7d2a129fa6c0> CORE::BYTES::UPDATES_OUT 299701464
<INFO 7d2a129fa6c0> CORE::BYTES::UPDATES_IN 304628472
<INFO 7d2a131fb6c0> CORE::BYTES::EDGES_STREAMED 1225099188
<INFO 7d2a131fb6c0> CORE::BYTES::UPDATES_OUT 385415248
<INFO 7d2a131fb6c0> CORE::BYTES::UPDATES_IN 319045904
<INFO 7d2a141fd6c0> CORE::PARTITIONS_PROCESSED 121
<INFO 7d2a141fd6c0> CORE::BYTES::EDGES_STREAMED 1097767836
<INFO 7d2a141fd6c0> CORE::BYTES::UPDATES_OUT 310651064
<INFO 7d2a141fd6c0> CORE::BYTES::UPDATES_IN 312962384
<INFO 7d2a0f9f46c0> CORE::PARTITIONS_PROCESSED 102
<INFO 7d2a121f96c0> CORE::BYTES::EDGES_STREAMED 1052014212
<INFO 7d2a121f96c0> CORE::BYTES::UPDATES_OUT 301897632
<INFO 7d2a15a006c0> CORE::PARTITIONS_PROCESSED 94
<INFO 7d2a121f96c0> CORE::BYTES::UPDATES_IN 296585480
<INFO 7d2a15a006c0> CORE::BYTES::EDGES_STREAMED 1097820300
<INFO 7d2a15a006c0> CORE::BYTES::UPDATES_OUT 298422888
<INFO 7d2a15a006c0> CORE::BYTES::UPDATES_IN 277924576
<INFO 7d2a111f76c0> CORE::PARTITIONS_PROCESSED 112
<INFO 7d2a111f76c0> CORE::BYTES::EDGES_STREAMED 1042664796
<INFO 7d2a111f76c0> CORE::BYTES::UPDATES_OUT 314277608
<INFO 7d2a111f76c0> CORE::BYTES::UPDATES_IN 310350400
<INFO 7d2a139fc6c0> CORE::PARTITIONS_PROCESSED 112
<INFO 7d2a139fc6c0> CORE::BYTES::EDGES_STREAMED 1080595284
<INFO 7d2a139fc6c0> CORE::BYTES::UPDATES_OUT 328637968
<INFO 7d2a139fc6c0> CORE::BYTES::UPDATES_IN 315152192
<INFO 7d2a0f9f46c0> CORE::BYTES::EDGES_STREAMED 1101272964
<INFO 7d2a0f9f46c0> CORE::BYTES::UPDATES_OUT 310261360
<INFO 7d2a0f9f46c0> CORE::BYTES::UPDATES_IN 306573336
<INFO 7d2a119f86c0> CORE::PARTITIONS_PROCESSED 122
<INFO 7d2a119f86c0> CORE::BYTES::EDGES_STREAMED 1120181856
<INFO 7d2a119f86c0> CORE::BYTES::UPDATES_OUT 319007744
<INFO 7d2a119f86c0> CORE::BYTES::UPDATES_IN 408791760
<INFO 7d2a16a026c0> CORE::PARTITIONS_PROCESSED 140
<INFO 7d2a16a026c0> CORE::BYTES::EDGES_STREAMED 1081497696
<INFO 7d2a16a026c0> CORE::BYTES::UPDATES_OUT 317075392
<INFO 7d2a16a026c0> CORE::BYTES::UPDATES_IN 423824872
<INFO 7d2a162016c0> CORE::PARTITIONS_PROCESSED 151
<INFO 7d2a162016c0> CORE::BYTES::EDGES_STREAMED 1009706700
<INFO 7d2a162016c0> CORE::BYTES::UPDATES_OUT 299844848
<INFO 7d2a162016c0> CORE::BYTES::UPDATES_IN 301908312
<INFO 7d2b178bd2c0> CORE::RUSAGE::MAX_RSS_KB 4199792
<INFO 7d2b178bd2c0> CORE::RUSAGE::MINFLT 1048964
<INFO 7d2b178bd2c0> CORE::RUSAGE::MAJFLT 0
<INFO 7d2b178bd2c0> CORE::RUSAGE::MAJFLT 0
<INFO 7d2b178bd2c0> CORE::RUSAGE::INBLK 51853840
<INFO 7d2b178bd2c0> CORE::RUSAGE::OUBLK 10091784
<INFO 7d2b178bd2c0> CORE::UTILS::BYTES_READ 26549166080
<INFO 7d2b178bd2c0> CORE::UTILS::BYTES_WRITTEN 5166981120
<INFO 7d2b178bd2c0> CORE::TIME::IO_WAIT 94.3573 seconds
<INFO 7d2b178bd2c0> CORE::PHASES 13
<INFO 7d2b178bd2c0> CORE::TIME::SETUP 1.72543 seconds
<INFO 7d2b178bd2c0> CORE::TIME::STATE_ITER 0.022564 seconds
<INFO 7d2b178bd2c0> CORE::TIME::GATHER 10.4203 seconds
<INFO 7d2b178bd2c0> CORE::TIME::SCATTER 92.184 seconds
<INFO 7d2b178bd2c0> TIME_IN_PC_FN 1.52039 seconds
<INFO 7d2b178bd2c0> CORE::TIME::WALL 111.508 seconds
<INFO 7d2b178bd2c0> SHUTDOWN
