<INFO 7f153bb172c0> STARTUP
<INFO 7f153bb172c0> CORE::GRAPH soc-LiveJournal1-dir
<INFO 7f153bb172c0> CORE::ALGORITHM spmv
<INFO 7f153bb172c0> SG-DRIVER-ORIGINAL
<WARNING 7f153bb172c0> Disk count not specified, assuming it to be 1
<INFO 7f153bb172c0> CORE::CONFIG::PROCESSORS 16
<INFO 7f153bb172c0> CORE::CONFIG::PHYSICAL_MEMORY 268435456
<INFO 7f153bb172c0> CORE::CONFIG::VERTICES 4847571
<INFO 7f153bb172c0> CORE::CONFIG::VERTEX_SIZE 8
<INFO 7f153bb172c0> CORE::CONFIG::VERTEX_BUFFER 38780928
<INFO 7f153bb172c0> CORE::CONFIG::EDGES 68993773
<INFO 7f153bb172c0> CORE::CONFIG::PARTITIONS 128
<INFO 7f153bb172c0> CORE::CONFIG::FANOUT 128
<INFO 7f153bb172c0> CORE::CONFIG::SUPER_PARTITIONS 1
<INFO 7f153bb172c0> CORE::CONFIG::STREAM_UNIT 16777216
<INFO 7f153bb172c0> CORE::CONFIG::BUFFER_SIZE 42569011
<INFO 7f153bb172c0> CORE::CONFIG::IO_NUMIOQS 1
<INFO 7f153bb172c0> CORE::CONFIG::MAX_BUFFERS 4
<INFO 7f153bb172c0> CORE::CONFIG::MAX_STREAMS 5
<WARNING 7f153bb172c0> No mount point specified for disk0, falling back to current directory
my size is 827925276
<INFO 7f153bb172c0> CORE::PARTITIONS_PROCESSED 104
<INFO 7f153bb172c0> CORE::BYTES::EDGES_STREAMED 65790684
<INFO 7f153bb172c0> CORE::BYTES::UPDATES_OUT 43860456
<INFO 7f153bb172c0> CORE::BYTES::UPDATES_IN 34502264
<INFO 7f1524bf96c0> CORE::PARTITIONS_PROCESSED 113
<INFO 7f1523bf76c0> CORE::PARTITIONS_PROCESSED 99
<INFO 7f1523bf76c0> CORE::BYTES::EDGES_STREAMED 58908216
<INFO 7f15263fc6c0> CORE::PARTITIONS_PROCESSED 100
<INFO 7f152a4046c0> CORE::PARTITIONS_PROCESSED 110
<INFO 7f1525bfb6c0> CORE::PARTITIONS_PROCESSED 96
<INFO 7f1525bfb6c0> CORE::BYTES::EDGES_STREAMED 45126816
<INFO 7f152a4046c0> CORE::BYTES::EDGES_STREAMED 44631468
<INFO 7f152a4046c0> CORE::BYTES::UPDATES_OUT 29754312
<INFO 7f152a4046c0> CORE::BYTES::UPDATES_IN 36419096
<INFO 7f1525bfb6c0> CORE::BYTES::UPDATES_OUT 30084544
<INFO 7f1525bfb6c0> CORE::BYTES::UPDATES_IN 31854904
<INFO 7f1523bf76c0> CORE::BYTES::UPDATES_OUT 39272144
<INFO 7f15263fc6c0> CORE::BYTES::EDGES_STREAMED 47573496
<INFO 7f1524bf96c0> CORE::BYTES::EDGES_STREAMED 56806272
<INFO 7f1523bf76c0> CORE::BYTES::UPDATES_IN 32815872
<INFO 7f15284006c0> CORE::PARTITIONS_PROCESSED 86
<INFO 7f1529c036c0> CORE::PARTITIONS_PROCESSED 109
<INFO 7f15263fc6c0> CORE::BYTES::UPDATES_OUT 31715664
<INFO 7f1524bf96c0> CORE::BYTES::UPDATES_OUT 37870848
<INFO 7f1524bf96c0> CORE::BYTES::UPDATES_IN 37522632
<INFO 7f1529c036c0> CORE::BYTES::EDGES_STREAMED 48457068
<INFO 7f15284006c0> CORE::BYTES::EDGES_STREAMED 47778684
<INFO 7f15284006c0> CORE::BYTES::UPDATES_OUT 31852456
<INFO 7f15284006c0> CORE::BYTES::UPDATES_IN 28510272
<INFO 7f15263fc6c0> CORE::BYTES::UPDATES_IN 33089944
<INFO 7f152ac056c0> CORE::PARTITIONS_PROCESSED 113
<INFO 7f152ac056c0> CORE::BYTES::EDGES_STREAMED 45668448
<INFO 7f152ac056c0> CORE::BYTES::UPDATES_OUT 30445632
<INFO 7f1529c036c0> CORE::BYTES::UPDATES_OUT 32304712
<INFO 7f1526bfd6c0> CORE::PARTITIONS_PROCESSED 104
<INFO 7f1526bfd6c0> CORE::BYTES::EDGES_STREAMED 55105296
<INFO 7f1526bfd6c0> CORE::BYTES::UPDATES_OUT 36736864
<INFO 7f1529c036c0> CORE::BYTES::UPDATES_IN 36357824
<INFO 7f15253fa6c0> CORE::PARTITIONS_PROCESSED 120
<INFO 7f15253fa6c0> CORE::BYTES::EDGES_STREAMED 58408380
<INFO 7f15253fa6c0> CORE::BYTES::UPDATES_OUT 38938920
<INFO 7f15253fa6c0> CORE::BYTES::UPDATES_IN 39552720
<INFO 7f152ac056c0> CORE::BYTES::UPDATES_IN 37478432
<INFO 7f15273fe6c0> CORE::PARTITIONS_PROCESSED 104
<INFO 7f15273fe6c0> CORE::BYTES::EDGES_STREAMED 47056272
<INFO 7f15273fe6c0> CORE::BYTES::UPDATES_OUT 31370848
<INFO 7f15273fe6c0> CORE::BYTES::UPDATES_IN 34424736
<INFO 7f1528c016c0> CORE::PARTITIONS_PROCESSED 98
<INFO 7f1528c016c0> CORE::BYTES::EDGES_STREAMED 56468196
<INFO 7f1528c016c0> CORE::BYTES::UPDATES_OUT 37645464
<INFO 7f1528c016c0> CORE::BYTES::UPDATES_IN 32589528
<INFO 7f1526bfd6c0> CORE::BYTES::UPDATES_IN 34586272
<INFO 7f15294026c0> CORE::PARTITIONS_PROCESSED 114
<INFO 7f15294026c0> CORE::BYTES::EDGES_STREAMED 42043800
<INFO 7f15294026c0> CORE::BYTES::UPDATES_OUT 28029200
<INFO 7f15294026c0> CORE::BYTES::UPDATES_IN 38004336
<INFO 7f1527bff6c0> CORE::PARTITIONS_PROCESSED 96
<INFO 7f15243f86c0> CORE::PARTITIONS_PROCESSED 98
<INFO 7f1527bff6c0> CORE::BYTES::EDGES_STREAMED 61286124
<INFO 7f1527bff6c0> CORE::BYTES::UPDATES_OUT 40857416
<INFO 7f1527bff6c0> CORE::BYTES::UPDATES_IN 31830768
<INFO 7f15243f86c0> CORE::BYTES::EDGES_STREAMED 46816056
<INFO 7f15243f86c0> CORE::BYTES::UPDATES_OUT 31210704
<INFO 7f15243f86c0> CORE::BYTES::UPDATES_IN 32410584
<INFO 7f153bb172c0> CORE::RUSAGE::MAX_RSS_KB 267800
<INFO 7f153bb172c0> CORE::RUSAGE::MINFLT 65920
<INFO 7f153bb172c0> CORE::RUSAGE::MAJFLT 0
<INFO 7f153bb172c0> CORE::RUSAGE::MAJFLT 0
<INFO 7f153bb172c0> CORE::RUSAGE::INBLK 4312128
<INFO 7f153bb172c0> CORE::RUSAGE::OUBLK 1153792
<INFO 7f153bb172c0> CORE::UTILS::BYTES_READ 2207809536
<INFO 7f153bb172c0> CORE::UTILS::BYTES_WRITTEN 590733312
<INFO 7f153bb172c0> CORE::TIME::IO_WAIT 9.08092 seconds
<INFO 7f153bb172c0> CORE::PHASES 2
<INFO 7f153bb172c0> CORE::TIME::SETUP 0.120796 seconds
<INFO 7f153bb172c0> CORE::TIME::STATE_ITER 0.026997 seconds
<INFO 7f153bb172c0> CORE::TIME::GATHER 1.152 seconds
<INFO 7f153bb172c0> CORE::TIME::SCATTER 10.512 seconds
<INFO 7f153bb172c0> TIME_IN_PC_FN 0.103404 seconds
<INFO 7f153bb172c0> CORE::TIME::WALL 12.0997 seconds
<INFO 7f153bb172c0> SHUTDOWN
