<INFO 7797f9a882c0> STARTUP
<INFO 7797f9a882c0> CORE::GRAPH soc-LiveJournal1-sym
<INFO 7797f9a882c0> CORE::ALGORITHM cc
<INFO 7797f9a882c0> SG-DRIVER-ORIGINAL
<WARNING 7797f9a882c0> Disk count not specified, assuming it to be 1
<INFO 7797f9a882c0> CORE::CONFIG::PROCESSORS 16
<INFO 7797f9a882c0> CORE::CONFIG::PHYSICAL_MEMORY 2147483648
<INFO 7797f9a882c0> CORE::CONFIG::VERTICES 4847571
<INFO 7797f9a882c0> CORE::CONFIG::VERTEX_SIZE 13
<INFO 7797f9a882c0> CORE::CONFIG::VERTEX_BUFFER 63021056
<INFO 7797f9a882c0> CORE::CONFIG::EDGES 137469164
<INFO 7797f9a882c0> CORE::CONFIG::PARTITIONS 128
<INFO 7797f9a882c0> CORE::CONFIG::FANOUT 128
<INFO 7797f9a882c0> CORE::CONFIG::SUPER_PARTITIONS 1
<INFO 7797f9a882c0> CORE::CONFIG::STREAM_UNIT 16777216
<INFO 7797f9a882c0> CORE::CONFIG::BUFFER_SIZE 413530624
<INFO 7797f9a882c0> CORE::CONFIG::IO_NUMIOQS 1
<INFO 7797f9a882c0> CORE::CONFIG::MAX_BUFFERS 4
<INFO 7797f9a882c0> CORE::CONFIG::MAX_STREAMS 5
<WARNING 7797f9a882c0> No mount point specified for disk0, falling back to current directory
my size is 1649629968
<INFO 7797f9a882c0> ALGORITHM::CC::CC_COUNT 1876
<INFO 7797f9a882c0> CORE::PARTITIONS_PROCESSED 120
<INFO 7797f9a882c0> CORE::BYTES::EDGES_STREAMED 1105182072
<INFO 7797f9a882c0> CORE::BYTES::UPDATES_OUT 311203784
<INFO 7797f9a882c0> CORE::BYTES::UPDATES_IN 311107792
<INFO 7797723f76c0> CORE::PARTITIONS_PROCESSED 145
<INFO 779778c046c0> CORE::PARTITIONS_PROCESSED 162
<INFO 779771bf66c0> CORE::PARTITIONS_PROCESSED 177
<INFO 779771bf66c0> CORE::BYTES::EDGES_STREAMED 1130022696
<INFO 779771bf66c0> CORE::BYTES::UPDATES_OUT 322802880
<INFO 779771bf66c0> CORE::BYTES::UPDATES_IN 336942704
<INFO 779778c046c0> CORE::BYTES::EDGES_STREAMED 1140637092
<INFO 779778c046c0> CORE::BYTES::UPDATES_OUT 326986128
<INFO 779778c046c0> CORE::BYTES::UPDATES_IN 329261552
<INFO 7797753fd6c0> CORE::PARTITIONS_PROCESSED 138
<INFO 779776c006c0> CORE::PARTITIONS_PROCESSED 124
<INFO 779776c006c0> CORE::BYTES::EDGES_STREAMED 1165507512
<INFO 779776c006c0> CORE::BYTES::UPDATES_OUT 332065568
<INFO 779776c006c0> CORE::BYTES::UPDATES_IN 299029208
<INFO 779772bf86c0> CORE::PARTITIONS_PROCESSED 129
<INFO 7797753fd6c0> CORE::BYTES::EDGES_STREAMED 1173672384
<INFO 7797753fd6c0> CORE::BYTES::UPDATES_OUT 345439760
<INFO 7797723f76c0> CORE::BYTES::EDGES_STREAMED 1078017672
<INFO 779775bfe6c0> CORE::PARTITIONS_PROCESSED 188
<INFO 779777c026c0> CORE::PARTITIONS_PROCESSED 176
<INFO 779772bf86c0> CORE::BYTES::EDGES_STREAMED 1084820304
<INFO 779777c026c0> CORE::BYTES::EDGES_STREAMED 1109871348
<INFO 7797763ff6c0> CORE::PARTITIONS_PROCESSED 165
<INFO 7797784036c0> CORE::PARTITIONS_PROCESSED 158
<INFO 7797763ff6c0> CORE::BYTES::EDGES_STREAMED 1086829800
<INFO 7797723f76c0> CORE::BYTES::UPDATES_OUT 295792328
<INFO 7797723f76c0> CORE::BYTES::UPDATES_IN 313829448
<INFO 7797753fd6c0> CORE::BYTES::UPDATES_IN 321092000
<INFO 779774bfc6c0> CORE::PARTITIONS_PROCESSED 139
<INFO 779775bfe6c0> CORE::BYTES::EDGES_STREAMED 1087396020
<INFO 779777c026c0> CORE::BYTES::UPDATES_OUT 306712520
<INFO 779777c026c0> CORE::BYTES::UPDATES_IN 305076944
<INFO 7797763ff6c0> CORE::BYTES::UPDATES_OUT 313848872
<INFO 779772bf86c0> CORE::BYTES::UPDATES_OUT 325194080
<INFO 779772bf86c0> CORE::BYTES::UPDATES_IN 302238712
<INFO 779773bfa6c0> CORE::PARTITIONS_PROCESSED 155
<INFO 779773bfa6c0> CORE::BYTES::EDGES_STREAMED 1200068304
<INFO 779773bfa6c0> CORE::BYTES::UPDATES_OUT 338109192
<INFO 779773bfa6c0> CORE::BYTES::UPDATES_IN 302797064
<INFO 7797774016c0> CORE::PARTITIONS_PROCESSED 169
<INFO 7797774016c0> CORE::BYTES::EDGES_STREAMED 1146426144
<INFO 7797774016c0> CORE::BYTES::UPDATES_OUT 310896480
<INFO 7797774016c0> CORE::BYTES::UPDATES_IN 337243800
<INFO 7797733f96c0> CORE::PARTITIONS_PROCESSED 206
<INFO 7797784036c0> CORE::BYTES::EDGES_STREAMED 1139201952
<INFO 7797763ff6c0> CORE::BYTES::UPDATES_IN 340656176
<INFO 7797784036c0> CORE::BYTES::UPDATES_OUT 338293736
<INFO 7797784036c0> CORE::BYTES::UPDATES_IN 288211672
<INFO 779774bfc6c0> CORE::BYTES::EDGES_STREAMED 1069635720
<INFO 779774bfc6c0> CORE::BYTES::UPDATES_OUT 308012320
<INFO 779774bfc6c0> CORE::BYTES::UPDATES_IN 299070008
<INFO 7797743fb6c0> CORE::PARTITIONS_PROCESSED 184
<INFO 7797743fb6c0> CORE::BYTES::EDGES_STREAMED 1073135436
<INFO 779775bfe6c0> CORE::BYTES::UPDATES_OUT 324569432
<INFO 7797733f96c0> CORE::BYTES::EDGES_STREAMED 1136912520
<INFO 7797733f96c0> CORE::BYTES::UPDATES_OUT 300402000
<INFO 7797733f96c0> CORE::BYTES::UPDATES_IN 350804760
<INFO 779775bfe6c0> CORE::BYTES::UPDATES_IN 342611656
<INFO 7797743fb6c0> CORE::BYTES::UPDATES_OUT 303613456
<INFO 7797743fb6c0> CORE::BYTES::UPDATES_IN 323969040
<INFO 7797f9a882c0> CORE::RUSAGE::MAX_RSS_KB 2102756
<INFO 7797f9a882c0> CORE::RUSAGE::MINFLT 524667
<INFO 7797f9a882c0> CORE::RUSAGE::MAJFLT 0
<INFO 7797f9a882c0> CORE::RUSAGE::MAJFLT 0
<INFO 7797f9a882c0> CORE::RUSAGE::INBLK 51853848
<INFO 7797f9a882c0> CORE::RUSAGE::OUBLK 10091792
<INFO 7797f9a882c0> CORE::UTILS::BYTES_READ 26549170176
<INFO 7797f9a882c0> CORE::UTILS::BYTES_WRITTEN 5166985216
<INFO 7797f9a882c0> CORE::TIME::IO_WAIT 102.488 seconds
<INFO 7797f9a882c0> CORE::PHASES 13
<INFO 7797f9a882c0> CORE::TIME::SETUP 0.87175 seconds
<INFO 7797f9a882c0> CORE::TIME::STATE_ITER 0.019341 seconds
<INFO 7797f9a882c0> CORE::TIME::GATHER 14.3627 seconds
<INFO 7797f9a882c0> CORE::TIME::SCATTER 97.641 seconds
<INFO 7797f9a882c0> TIME_IN_PC_FN 1.60716 seconds
<INFO 7797f9a882c0> CORE::TIME::WALL 120.59 seconds
<INFO 7797f9a882c0> SHUTDOWN
