<INFO 71c8c674c2c0> STARTUP
<INFO 71c8c674c2c0> CORE::GRAPH soc-LiveJournal1-dir
<INFO 71c8c674c2c0> CORE::ALGORITHM spmv
<INFO 71c8c674c2c0> SG-DRIVER-ORIGINAL
<WARNING 71c8c674c2c0> Disk count not specified, assuming it to be 1
<INFO 71c8c674c2c0> CORE::CONFIG::PROCESSORS 16
<INFO 71c8c674c2c0> CORE::CONFIG::PHYSICAL_MEMORY 4294967296
<INFO 71c8c674c2c0> CORE::CONFIG::VERTICES 4847571
<INFO 71c8c674c2c0> CORE::CONFIG::VERTEX_SIZE 8
<INFO 71c8c674c2c0> CORE::CONFIG::VERTEX_BUFFER 38780928
<INFO 71c8c674c2c0> CORE::CONFIG::EDGES 68993773
<INFO 71c8c674c2c0> CORE::CONFIG::PARTITIONS 128
<INFO 71c8c674c2c0> CORE::CONFIG::FANOUT 128
<INFO 71c8c674c2c0> CORE::CONFIG::SUPER_PARTITIONS 1
<INFO 71c8c674c2c0> CORE::CONFIG::STREAM_UNIT 16777216
<INFO 71c8c674c2c0> CORE::CONFIG::BUFFER_SIZE 847875379
<INFO 71c8c674c2c0> CORE::CONFIG::IO_NUMIOQS 1
<INFO 71c8c674c2c0> CORE::CONFIG::MAX_BUFFERS 4
<INFO 71c8c674c2c0> CORE::CONFIG::MAX_STREAMS 5
<WARNING 71c8c674c2c0> No mount point specified for disk0, falling back to current directory
my size is 827925276
<INFO 71c8c674c2c0> CORE::PARTITIONS_PROCESSED 8
<INFO 71c8c674c2c0> CORE::BYTES::EDGES_STREAMED 51550260
<INFO 71c8c674c2c0> CORE::BYTES::UPDATES_OUT 34366840
<INFO 71c8c674c2c0> CORE::BYTES::UPDATES_IN 34458576
<INFO 71c7c07fb6c0> CORE::PARTITIONS_PROCESSED 8
<INFO 71c7c07fb6c0> CORE::BYTES::EDGES_STREAMED 51696588
<INFO 71c7c1ffe6c0> CORE::PARTITIONS_PROCESSED 7
<INFO 71c7c17fd6c0> CORE::PARTITIONS_PROCESSED 8
<INFO 71c7c1ffe6c0> CORE::BYTES::EDGES_STREAMED 51659472
<INFO 71c7c07fb6c0> CORE::BYTES::UPDATES_OUT 34464392
<INFO 71c7c48036c0> CORE::PARTITIONS_PROCESSED 8
<INFO 71c7c17fd6c0> CORE::BYTES::EDGES_STREAMED 52129848
<INFO 71c7c1ffe6c0> CORE::BYTES::UPDATES_OUT 34439648
<INFO 71c7c1ffe6c0> CORE::BYTES::UPDATES_IN 30058432
<INFO 71c7c48036c0> CORE::BYTES::EDGES_STREAMED 51719928
<INFO 71c7c30006c0> CORE::PARTITIONS_PROCESSED 9
<INFO 71c7c58056c0> CORE::PARTITIONS_PROCESSED 8
<INFO 71c7bf7f96c0> CORE::PARTITIONS_PROCESSED 8
<INFO 71c7c30006c0> CORE::BYTES::EDGES_STREAMED 51734100
<INFO 71c7bf7f96c0> CORE::BYTES::EDGES_STREAMED 45410496
<INFO 71c7c30006c0> CORE::BYTES::UPDATES_OUT 34489400
<INFO 71c7c30006c0> CORE::BYTES::UPDATES_IN 38862992
<INFO 71c7c17fd6c0> CORE::BYTES::UPDATES_OUT 34753232
<INFO 71c7be7f76c0> CORE::PARTITIONS_PROCESSED 7
<INFO 71c7be7f76c0> CORE::BYTES::EDGES_STREAMED 51608592
<INFO 71c7c17fd6c0> CORE::BYTES::UPDATES_IN 34644480
<INFO 71c7c07fb6c0> CORE::BYTES::UPDATES_IN 34449184
<INFO 71c7bf7f96c0> CORE::BYTES::UPDATES_OUT 30273664
<INFO 71c7c48036c0> CORE::BYTES::UPDATES_OUT 34479952
<INFO 71c7c58056c0> CORE::BYTES::EDGES_STREAMED 51778440
<INFO 71c7c58056c0> CORE::BYTES::UPDATES_OUT 34518960
<INFO 71c7c48036c0> CORE::BYTES::UPDATES_IN 34652440
<INFO 71c7bf7f96c0> CORE::BYTES::UPDATES_IN 34574416
<INFO 71c7beff86c0> CORE::PARTITIONS_PROCESSED 8
<INFO 71c7be7f76c0> CORE::BYTES::UPDATES_OUT 34405728
<INFO 71c7be7f76c0> CORE::BYTES::UPDATES_IN 30196400
<INFO 71c7beff86c0> CORE::BYTES::EDGES_STREAMED 51568200
<INFO 71c7beff86c0> CORE::BYTES::UPDATES_OUT 34378800
<INFO 71c7beff86c0> CORE::BYTES::UPDATES_IN 34320312
<INFO 71c7c58056c0> CORE::BYTES::UPDATES_IN 34449536
<INFO 71c7c0ffc6c0> CORE::PARTITIONS_PROCESSED 9
<INFO 71c7c0ffc6c0> CORE::BYTES::EDGES_STREAMED 58251096
<INFO 71c7c0ffc6c0> CORE::BYTES::UPDATES_OUT 38834064
<INFO 71c7c0ffc6c0> CORE::BYTES::UPDATES_IN 38749880
<INFO 71c7c27ff6c0> CORE::PARTITIONS_PROCESSED 8
<INFO 71c7c27ff6c0> CORE::BYTES::EDGES_STREAMED 52015332
<INFO 71c7c27ff6c0> CORE::BYTES::UPDATES_OUT 34676888
<INFO 71c7c27ff6c0> CORE::BYTES::UPDATES_IN 34582944
<INFO 71c7c38016c0> CORE::PARTITIONS_PROCESSED 8
<INFO 71c7c38016c0> CORE::BYTES::EDGES_STREAMED 51943440
<INFO 71c7c38016c0> CORE::BYTES::UPDATES_OUT 34628960
<INFO 71c7c38016c0> CORE::BYTES::UPDATES_IN 34557984
<INFO 71c7c40026c0> CORE::PARTITIONS_PROCESSED 7
<INFO 71c7c40026c0> CORE::BYTES::EDGES_STREAMED 51800088
<INFO 71c7c40026c0> CORE::BYTES::UPDATES_OUT 34533392
<INFO 71c7c40026c0> CORE::BYTES::UPDATES_IN 30437472
<INFO 71c7c50046c0> CORE::PARTITIONS_PROCESSED 9
<INFO 71c7c50046c0> CORE::BYTES::EDGES_STREAMED 51593616
<INFO 71c7c50046c0> CORE::BYTES::UPDATES_OUT 34395744
<INFO 71c7c50046c0> CORE::BYTES::UPDATES_IN 38714000
<INFO 71c7bfffa6c0> CORE::PARTITIONS_PROCESSED 8
<INFO 71c7bfffa6c0> CORE::BYTES::EDGES_STREAMED 51465780
<INFO 71c7bfffa6c0> CORE::BYTES::UPDATES_OUT 34310520
<INFO 71c7bfffa6c0> CORE::BYTES::UPDATES_IN 34241136
<INFO 71c8c674c2c0> CORE::RUSAGE::MAX_RSS_KB 4199468
<INFO 71c8c674c2c0> CORE::RUSAGE::MINFLT 1048953
<INFO 71c8c674c2c0> CORE::RUSAGE::MAJFLT 0
<INFO 71c8c674c2c0> CORE::RUSAGE::MAJFLT 0
<INFO 71c8c674c2c0> CORE::RUSAGE::INBLK 1617048
<INFO 71c8c674c2c0> CORE::RUSAGE::OUBLK 75760
<INFO 71c8c674c2c0> CORE::UTILS::BYTES_READ 827928576
<INFO 71c8c674c2c0> CORE::UTILS::BYTES_WRITTEN 38780928
<INFO 71c8c674c2c0> CORE::TIME::IO_WAIT 1.963 seconds
<INFO 71c8c674c2c0> CORE::PHASES 2
<INFO 71c8c674c2c0> CORE::TIME::SETUP 1.72712 seconds
<INFO 71c8c674c2c0> CORE::TIME::STATE_ITER 0.022995 seconds
<INFO 71c8c674c2c0> CORE::TIME::GATHER 0.161036 seconds
<INFO 71c8c674c2c0> CORE::TIME::SCATTER 2.181 seconds
<INFO 71c8c674c2c0> TIME_IN_PC_FN 0.087745 seconds
<INFO 71c8c674c2c0> CORE::TIME::WALL 4.27529 seconds
<INFO 71c8c674c2c0> SHUTDOWN
