<INFO 7235d6c862c0> STARTUP
<INFO 7235d6c862c0> CORE::GRAPH soc-LiveJournal1-dir
<INFO 7235d6c862c0> CORE::ALGORITHM spmv
<INFO 7235d6c862c0> SG-DRIVER-ORIGINAL
<WARNING 7235d6c862c0> Disk count not specified, assuming it to be 1
<INFO 7235d6c862c0> CORE::CONFIG::PROCESSORS 16
<INFO 7235d6c862c0> CORE::CONFIG::PHYSICAL_MEMORY 134217728
<INFO 7235d6c862c0> CORE::CONFIG::VERTICES 4847571
<INFO 7235d6c862c0> CORE::CONFIG::VERTEX_SIZE 8
<INFO 7235d6c862c0> CORE::CONFIG::VERTEX_BUFFER 38780928
<INFO 7235d6c862c0> CORE::CONFIG::EDGES 68993773
<INFO 7235d6c862c0> CORE::CONFIG::PARTITIONS 128
<INFO 7235d6c862c0> CORE::CONFIG::FANOUT 128
<INFO 7235d6c862c0> CORE::CONFIG::SUPER_PARTITIONS 1
<INFO 7235d6c862c0> CORE::CONFIG::STREAM_UNIT 8388608
<INFO 7235d6c862c0> CORE::CONFIG::BUFFER_SIZE 17403187
<INFO 7235d6c862c0> CORE::CONFIG::IO_NUMIOQS 1
<INFO 7235d6c862c0> CORE::CONFIG::MAX_BUFFERS 4
<INFO 7235d6c862c0> CORE::CONFIG::MAX_STREAMS 5
<WARNING 7235d6c862c0> No mount point specified for disk0, falling back to current directory
my size is 827925276
<INFO 7235d6c862c0> CORE::PARTITIONS_PROCESSED 223
<INFO 7235d6c862c0> CORE::BYTES::EDGES_STREAMED 43584648
<INFO 7235d6c862c0> CORE::BYTES::UPDATES_OUT 29056432
<INFO 7235d6c862c0> CORE::BYTES::UPDATES_IN 29985416
<INFO 7235cce036c0> CORE::PARTITIONS_PROCESSED 238
<INFO 7235cadff6c0> CORE::PARTITIONS_PROCESSED 227
<INFO 7235cce036c0> CORE::BYTES::EDGES_STREAMED 62407176
<INFO 7235cadff6c0> CORE::BYTES::EDGES_STREAMED 50377344
<INFO 7235cbe016c0> CORE::PARTITIONS_PROCESSED 233
<INFO 7235c8dfb6c0> CORE::PARTITIONS_PROCESSED 342
<INFO 7235cce036c0> CORE::BYTES::UPDATES_OUT 41604784
<INFO 7235cce036c0> CORE::BYTES::UPDATES_IN 32154256
<INFO 7235cadff6c0> CORE::BYTES::UPDATES_OUT 33584896
<INFO 7235cadff6c0> CORE::BYTES::UPDATES_IN 30928328
<INFO 7235c8dfb6c0> CORE::BYTES::EDGES_STREAMED 53415564
<INFO 7235c8dfb6c0> CORE::BYTES::UPDATES_OUT 35610376
<INFO 7235c9dfd6c0> CORE::PARTITIONS_PROCESSED 284
<INFO 7235ca5fe6c0> CORE::PARTITIONS_PROCESSED 206
<INFO 7235c9dfd6c0> CORE::BYTES::EDGES_STREAMED 50430780
<INFO 7235c8dfb6c0> CORE::BYTES::UPDATES_IN 45785112
<INFO 7235c9dfd6c0> CORE::BYTES::UPDATES_OUT 33620520
<INFO 7235c9dfd6c0> CORE::BYTES::UPDATES_IN 38405088
<INFO 7235ca5fe6c0> CORE::BYTES::EDGES_STREAMED 57824748
<INFO 7235cbe016c0> CORE::BYTES::EDGES_STREAMED 39548592
<INFO 7235cbe016c0> CORE::BYTES::UPDATES_OUT 26365728
<INFO 7235ca5fe6c0> CORE::BYTES::UPDATES_OUT 38549832
<INFO 7235ca5fe6c0> CORE::BYTES::UPDATES_IN 27707728
<INFO 7235cbe016c0> CORE::BYTES::UPDATES_IN 31233136
<INFO 7235c85fa6c0> CORE::PARTITIONS_PROCESSED 296
<INFO 7235c85fa6c0> CORE::BYTES::EDGES_STREAMED 53184372
<INFO 7235c85fa6c0> CORE::BYTES::UPDATES_OUT 35456248
<INFO 7235c85fa6c0> CORE::BYTES::UPDATES_IN 39564800
<INFO 7235cde056c0> CORE::PARTITIONS_PROCESSED 254
<INFO 7235cde056c0> CORE::BYTES::EDGES_STREAMED 51921516
<INFO 7235cde056c0> CORE::BYTES::UPDATES_OUT 34614344
<INFO 7235cc6026c0> CORE::PARTITIONS_PROCESSED 251
<INFO 7235cd6046c0> CORE::PARTITIONS_PROCESSED 234
<INFO 7235cc6026c0> CORE::BYTES::EDGES_STREAMED 43616364
<INFO 7235cde056c0> CORE::BYTES::UPDATES_IN 34355568
<INFO 7235cc6026c0> CORE::BYTES::UPDATES_OUT 29077576
<INFO 7235cc6026c0> CORE::BYTES::UPDATES_IN 34095488
<INFO 7235cd6046c0> CORE::BYTES::EDGES_STREAMED 55938684
<INFO 7235cd6046c0> CORE::BYTES::UPDATES_OUT 37292456
<INFO 7235cd6046c0> CORE::BYTES::UPDATES_IN 31503032
<INFO 7235c95fc6c0> CORE::PARTITIONS_PROCESSED 274
<INFO 7235c95fc6c0> CORE::BYTES::EDGES_STREAMED 57392472
<INFO 7235c95fc6c0> CORE::BYTES::UPDATES_OUT 38261648
<INFO 7235c95fc6c0> CORE::BYTES::UPDATES_IN 37144760
<INFO 7235cb6006c0> CORE::PARTITIONS_PROCESSED 189
<INFO 7235cb6006c0> CORE::BYTES::EDGES_STREAMED 65983512
<INFO 7235cb6006c0> CORE::BYTES::UPDATES_OUT 43989008
<INFO 7235cb6006c0> CORE::BYTES::UPDATES_IN 25529256
<INFO 7235c6df76c0> CORE::PARTITIONS_PROCESSED 264
<INFO 7235c6df76c0> CORE::BYTES::EDGES_STREAMED 36425328
<INFO 7235c6df76c0> CORE::BYTES::UPDATES_OUT 24283552
<INFO 7235c6df76c0> CORE::BYTES::UPDATES_IN 35423200
<INFO 7235c7df96c0> CORE::PARTITIONS_PROCESSED 332
<INFO 7235c75f86c0> CORE::PARTITIONS_PROCESSED 249
<INFO 7235c7df96c0> CORE::BYTES::EDGES_STREAMED 56370516
<INFO 7235c7df96c0> CORE::BYTES::UPDATES_OUT 37580344
<INFO 7235c7df96c0> CORE::BYTES::UPDATES_IN 45046320
<INFO 7235c75f86c0> CORE::BYTES::EDGES_STREAMED 49503660
<INFO 7235c75f86c0> CORE::BYTES::UPDATES_OUT 33002440
<INFO 7235c75f86c0> CORE::BYTES::UPDATES_IN 33088696
<INFO 7235d6c862c0> CORE::RUSAGE::MAX_RSS_KB 136660
<INFO 7235d6c862c0> CORE::RUSAGE::MINFLT 33141
<INFO 7235d6c862c0> CORE::RUSAGE::MAJFLT 0
<INFO 7235d6c862c0> CORE::RUSAGE::MAJFLT 0
<INFO 7235d6c862c0> CORE::RUSAGE::INBLK 4312128
<INFO 7235d6c862c0> CORE::RUSAGE::OUBLK 1153792
<INFO 7235d6c862c0> CORE::UTILS::BYTES_READ 2207809536
<INFO 7235d6c862c0> CORE::UTILS::BYTES_WRITTEN 590733312
<INFO 7235d6c862c0> CORE::TIME::IO_WAIT 4.44949 seconds
<INFO 7235d6c862c0> CORE::PHASES 2
<INFO 7235d6c862c0> CORE::TIME::SETUP 0.067783 seconds
<INFO 7235d6c862c0> CORE::TIME::STATE_ITER 0.026996 seconds
<INFO 7235d6c862c0> CORE::TIME::GATHER 2.491 seconds
<INFO 7235d6c862c0> CORE::TIME::SCATTER 7.741 seconds
<INFO 7235d6c862c0> TIME_IN_PC_FN 0.098029 seconds
<INFO 7235d6c862c0> CORE::TIME::WALL 10.4718 seconds
<INFO 7235d6c862c0> SHUTDOWN
