<INFO 7ea3c8ead2c0> STARTUP
<INFO 7ea3c8ead2c0> CORE::GRAPH soc-LiveJournal1-sym
<INFO 7ea3c8ead2c0> CORE::ALGORITHM cc
<INFO 7ea3c8ead2c0> SG-DRIVER-ORIGINAL
<WARNING 7ea3c8ead2c0> Disk count not specified, assuming it to be 1
<INFO 7ea3c8ead2c0> CORE::CONFIG::PROCESSORS 16
<INFO 7ea3c8ead2c0> CORE::CONFIG::PHYSICAL_MEMORY 1073741824
<INFO 7ea3c8ead2c0> CORE::CONFIG::VERTICES 4847571
<INFO 7ea3c8ead2c0> CORE::CONFIG::VERTEX_SIZE 13
<INFO 7ea3c8ead2c0> CORE::CONFIG::VERTEX_BUFFER 63021056
<INFO 7ea3c8ead2c0> CORE::CONFIG::EDGES 137469164
<INFO 7ea3c8ead2c0> CORE::CONFIG::PARTITIONS 128
<INFO 7ea3c8ead2c0> CORE::CONFIG::FANOUT 128
<INFO 7ea3c8ead2c0> CORE::CONFIG::SUPER_PARTITIONS 1
<INFO 7ea3c8ead2c0> CORE::CONFIG::STREAM_UNIT 16777216
<INFO 7ea3c8ead2c0> CORE::CONFIG::BUFFER_SIZE 198782259
<INFO 7ea3c8ead2c0> CORE::CONFIG::IO_NUMIOQS 1
<INFO 7ea3c8ead2c0> CORE::CONFIG::MAX_BUFFERS 4
<INFO 7ea3c8ead2c0> CORE::CONFIG::MAX_STREAMS 5
<WARNING 7ea3c8ead2c0> No mount point specified for disk0, falling back to current directory
my size is 1649629968
<INFO 7ea3c8ead2c0> ALGORITHM::CC::CC_COUNT 1876
<INFO 7ea3c8ead2c0> CORE::PARTITIONS_PROCESSED 254
<INFO 7ea3c8ead2c0> CORE::BYTES::EDGES_STREAMED 1180596732
<INFO 7ea3c8ead2c0> CORE::BYTES::UPDATES_OUT 319177712
<INFO 7ea3c8ead2c0> CORE::BYTES::UPDATES_IN 318972368
<INFO 7ea3858006c0> CORE::PARTITIONS_PROCESSED 286
<INFO 7ea384fff6c0> CORE::PARTITIONS_PROCESSED 276
<INFO 7ea384fff6c0> CORE::BYTES::EDGES_STREAMED 1083652944
<INFO 7ea384fff6c0> CORE::BYTES::UPDATES_OUT 312116168
<INFO 7ea384fff6c0> CORE::BYTES::UPDATES_IN 325128760
<INFO 7ea380ff76c0> CORE::PARTITIONS_PROCESSED 275
<INFO 7ea3868026c0> CORE::PARTITIONS_PROCESSED 294
<INFO 7ea3868026c0> CORE::BYTES::EDGES_STREAMED 1117679124
<INFO 7ea380ff76c0> CORE::BYTES::EDGES_STREAMED 1113486048
<INFO 7ea3860016c0> CORE::PARTITIONS_PROCESSED 281
<INFO 7ea3868026c0> CORE::BYTES::UPDATES_OUT 335891944
<INFO 7ea3858006c0> CORE::BYTES::EDGES_STREAMED 1122532596
<INFO 7ea3858006c0> CORE::BYTES::UPDATES_OUT 319617688
<INFO 7ea3858006c0> CORE::BYTES::UPDATES_IN 339797568
<INFO 7ea3868026c0> CORE::BYTES::UPDATES_IN 338658216
<INFO 7ea380ff76c0> CORE::BYTES::UPDATES_OUT 316485216
<INFO 7ea3860016c0> CORE::BYTES::EDGES_STREAMED 1094728800
<INFO 7ea3860016c0> CORE::BYTES::UPDATES_OUT 314373016
<INFO 7ea3860016c0> CORE::BYTES::UPDATES_IN 315842464
<INFO 7ea380ff76c0> CORE::BYTES::UPDATES_IN 347547792
<INFO 7ea3878046c0> CORE::PARTITIONS_PROCESSED 260
<INFO 7ea382ffb6c0> CORE::PARTITIONS_PROCESSED 267
<INFO 7ea383ffd6c0> CORE::PARTITIONS_PROCESSED 263
<INFO 7ea3827fa6c0> CORE::PARTITIONS_PROCESSED 250
<INFO 7ea3817f86c0> CORE::PARTITIONS_PROCESSED 258
<INFO 7ea3878046c0> CORE::BYTES::EDGES_STREAMED 1138732980
<INFO 7ea3870036c0> CORE::PARTITIONS_PROCESSED 258
<INFO 7ea3817f86c0> CORE::BYTES::EDGES_STREAMED 1063020864
<INFO 7ea3817f86c0> CORE::BYTES::UPDATES_OUT 299333496
<INFO 7ea382ffb6c0> CORE::BYTES::EDGES_STREAMED 1151880108
<INFO 7ea382ffb6c0> CORE::BYTES::UPDATES_OUT 325546464
<INFO 7ea3847fe6c0> CORE::PARTITIONS_PROCESSED 261
<INFO 7ea383ffd6c0> CORE::BYTES::EDGES_STREAMED 1154792220
<INFO 7ea3837fc6c0> CORE::PARTITIONS_PROCESSED 281
<INFO 7ea3817f86c0> CORE::BYTES::UPDATES_IN 338010576
<INFO 7ea3837fc6c0> CORE::BYTES::EDGES_STREAMED 1092034200
<INFO 7ea3837fc6c0> CORE::BYTES::UPDATES_OUT 324580024
<INFO 7ea3837fc6c0> CORE::BYTES::UPDATES_IN 311743032
<INFO 7ea382ffb6c0> CORE::BYTES::UPDATES_IN 315665560
<INFO 7ea3827fa6c0> CORE::BYTES::EDGES_STREAMED 1122511764
<INFO 7ea3870036c0> CORE::BYTES::EDGES_STREAMED 1110295896
<INFO 7ea3847fe6c0> CORE::BYTES::EDGES_STREAMED 1124530500
<INFO 7ea3878046c0> CORE::BYTES::UPDATES_OUT 348551872
<INFO 7ea3880056c0> CORE::PARTITIONS_PROCESSED 276
<INFO 7ea3878046c0> CORE::BYTES::UPDATES_IN 308200520
<INFO 7ea3880056c0> CORE::BYTES::EDGES_STREAMED 1111895760
<INFO 7ea3827fa6c0> CORE::BYTES::UPDATES_OUT 315969704
<INFO 7ea3827fa6c0> CORE::BYTES::UPDATES_IN 302740032
<INFO 7ea3880056c0> CORE::BYTES::UPDATES_OUT 321266240
<INFO 7ea3880056c0> CORE::BYTES::UPDATES_IN 294358064
<INFO 7ea381ff96c0> CORE::PARTITIONS_PROCESSED 287
<INFO 7ea381ff96c0> CORE::BYTES::EDGES_STREAMED 1144966440
<INFO 7ea381ff96c0> CORE::BYTES::UPDATES_OUT 309751280
<INFO 7ea381ff96c0> CORE::BYTES::UPDATES_IN 304296880
<INFO 7ea383ffd6c0> CORE::BYTES::UPDATES_OUT 319407328
<INFO 7ea383ffd6c0> CORE::BYTES::UPDATES_IN 318671088
<INFO 7ea3847fe6c0> CORE::BYTES::UPDATES_OUT 315455984
<INFO 7ea3847fe6c0> CORE::BYTES::UPDATES_IN 310738848
<INFO 7ea3870036c0> CORE::BYTES::UPDATES_OUT 306418400
<INFO 7ea3870036c0> CORE::BYTES::UPDATES_IN 313570768
<INFO 7ea3c8ead2c0> CORE::RUSAGE::MAX_RSS_KB 1054288
<INFO 7ea3c8ead2c0> CORE::RUSAGE::MINFLT 262526
<INFO 7ea3c8ead2c0> CORE::RUSAGE::MAJFLT 0
<INFO 7ea3c8ead2c0> CORE::RUSAGE::MAJFLT 0
<INFO 7ea3c8ead2c0> CORE::RUSAGE::INBLK 51853848
<INFO 7ea3c8ead2c0> CORE::RUSAGE::OUBLK 10091792
<INFO 7ea3c8ead2c0> CORE::UTILS::BYTES_READ 26549170176
<INFO 7ea3c8ead2c0> CORE::UTILS::BYTES_WRITTEN 5166985216
<INFO 7ea3c8ead2c0> CORE::TIME::IO_WAIT 90.0758 seconds
<INFO 7ea3c8ead2c0> CORE::PHASES 13
<INFO 7ea3c8ead2c0> CORE::TIME::SETUP 0.448105 seconds
<INFO 7ea3c8ead2c0> CORE::TIME::STATE_ITER 0.023996 seconds
<INFO 7ea3c8ead2c0> CORE::TIME::GATHER 10.5502 seconds
<INFO 7ea3c8ead2c0> CORE::TIME::SCATTER 92.7401 seconds
<INFO 7ea3c8ead2c0> TIME_IN_PC_FN 1.778 seconds
<INFO 7ea3c8ead2c0> CORE::TIME::WALL 104.789 seconds
<INFO 7ea3c8ead2c0> SHUTDOWN
