<INFO 7da2e3b102c0> STARTUP
<INFO 7da2e3b102c0> CORE::GRAPH soc-LiveJournal1-sym
<INFO 7da2e3b102c0> CORE::ALGORITHM cc
<INFO 7da2e3b102c0> SG-DRIVER-ORIGINAL
<WARNING 7da2e3b102c0> Disk count not specified, assuming it to be 1
<INFO 7da2e3b102c0> CORE::CONFIG::PROCESSORS 16
<INFO 7da2e3b102c0> CORE::CONFIG::PHYSICAL_MEMORY 134217728
<INFO 7da2e3b102c0> CORE::CONFIG::VERTICES 4847571
<INFO 7da2e3b102c0> CORE::CONFIG::VERTEX_SIZE 13
<INFO 7da2e3b102c0> CORE::CONFIG::VERTEX_BUFFER 63021056
<INFO 7da2e3b102c0> CORE::CONFIG::EDGES 137469164
<INFO 7da2e3b102c0> CORE::CONFIG::PARTITIONS 128
<INFO 7da2e3b102c0> CORE::CONFIG::FANOUT 128
<INFO 7da2e3b102c0> CORE::CONFIG::SUPER_PARTITIONS 1
<INFO 7da2e3b102c0> CORE::CONFIG::STREAM_UNIT 8388608
<INFO 7da2e3b102c0> CORE::CONFIG::BUFFER_SIZE 12555161
<INFO 7da2e3b102c0> CORE::CONFIG::IO_NUMIOQS 1
<INFO 7da2e3b102c0> CORE::CONFIG::MAX_BUFFERS 4
<INFO 7da2e3b102c0> CORE::CONFIG::MAX_STREAMS 5
<WARNING 7da2e3b102c0> No mount point specified for disk0, falling back to current directory
my size is 1649629968
<INFO 7da2e3b102c0> ALGORITHM::CC::CC_COUNT 1876
<INFO 7da2e3b102c0> CORE::PARTITIONS_PROCESSED 3180
<INFO 7da2e3b102c0> CORE::BYTES::EDGES_STREAMED 863251116
<INFO 7da2e3b102c0> CORE::BYTES::UPDATES_OUT 233950512
<INFO 7da2e3b102c0> CORE::BYTES::UPDATES_IN 307266296
<INFO 7da2d9c006c0> CORE::PARTITIONS_PROCESSED 3480
<INFO 7da2da4016c0> CORE::PARTITIONS_PROCESSED 3561
<INFO 7da2da4016c0> CORE::BYTES::EDGES_STREAMED 1097818164
<INFO 7da2d8bfe6c0> CORE::PARTITIONS_PROCESSED 3312
<INFO 7da2d7bfc6c0> CORE::PARTITIONS_PROCESSED 3110
<INFO 7da2da4016c0> CORE::BYTES::UPDATES_OUT 318351528
<INFO 7da2d7bfc6c0> CORE::BYTES::EDGES_STREAMED 1190239944
<INFO 7da2d7bfc6c0> CORE::BYTES::UPDATES_OUT 348621880
<INFO 7da2d8bfe6c0> CORE::BYTES::EDGES_STREAMED 1077988488
<INFO 7da2d9c006c0> CORE::BYTES::EDGES_STREAMED 1119504744
<INFO 7da2d53f76c0> CORE::PARTITIONS_PROCESSED 3777
<INFO 7da2d7bfc6c0> CORE::BYTES::UPDATES_IN 302715536
<INFO 7da2d73fb6c0> CORE::PARTITIONS_PROCESSED 3243
<INFO 7da2d73fb6c0> CORE::BYTES::EDGES_STREAMED 1128618720
<INFO 7da2d73fb6c0> CORE::BYTES::UPDATES_OUT 330492696
<INFO 7da2d73fb6c0> CORE::BYTES::UPDATES_IN 310275792
<INFO 7da2d3bf46c0> CORE::PARTITIONS_PROCESSED 3202
<INFO 7da2d3bf46c0> CORE::BYTES::EDGES_STREAMED 1167951840
<INFO 7da2d9c006c0> CORE::BYTES::UPDATES_OUT 332458768
<INFO 7da2d9c006c0> CORE::BYTES::UPDATES_IN 338344944
<INFO 7da2d53f76c0> CORE::BYTES::EDGES_STREAMED 1127244516
<INFO 7da2d93ff6c0> CORE::PARTITIONS_PROCESSED 3077
<INFO 7da2d93ff6c0> CORE::BYTES::EDGES_STREAMED 1124506644
<INFO 7da2d8bfe6c0> CORE::BYTES::UPDATES_OUT 313031840
<INFO 7da2d8bfe6c0> CORE::BYTES::UPDATES_IN 320633272
<INFO 7da2d43f56c0> CORE::PARTITIONS_PROCESSED 3445
<INFO 7da2d83fd6c0> CORE::PARTITIONS_PROCESSED 3402
<INFO 7da2d6bfa6c0> CORE::PARTITIONS_PROCESSED 3095
<INFO 7da2d3bf46c0> CORE::BYTES::UPDATES_OUT 316192112
<INFO 7da2da4016c0> CORE::BYTES::UPDATES_IN 343462320
<INFO 7da2d53f76c0> CORE::BYTES::UPDATES_OUT 333845160
<INFO 7da2d93ff6c0> CORE::BYTES::UPDATES_OUT 307189024
<INFO 7da2d93ff6c0> CORE::BYTES::UPDATES_IN 299937344
<INFO 7da2d43f56c0> CORE::BYTES::EDGES_STREAMED 1126821912
<INFO 7da2d43f56c0> CORE::BYTES::UPDATES_OUT 323555000
<INFO 7da2d43f56c0> CORE::BYTES::UPDATES_IN 332863968
<INFO 7da2d5bf86c0> CORE::PARTITIONS_PROCESSED 3317
<INFO 7da2d5bf86c0> CORE::BYTES::EDGES_STREAMED 1160344452
<INFO 7da2d5bf86c0> CORE::BYTES::UPDATES_OUT 329219840
<INFO 7da2d5bf86c0> CORE::BYTES::UPDATES_IN 319768544
<INFO 7da2d83fd6c0> CORE::BYTES::EDGES_STREAMED 1113767772
<INFO 7da2d3bf46c0> CORE::BYTES::UPDATES_IN 308348392
<INFO 7da2d4bf66c0> CORE::PARTITIONS_PROCESSED 3387
<INFO 7da2d4bf66c0> CORE::BYTES::EDGES_STREAMED 1166299680
<INFO 7da2d4bf66c0> CORE::BYTES::UPDATES_OUT 320010688
<INFO 7da2d4bf66c0> CORE::BYTES::UPDATES_IN 326749400
<INFO 7da2dac026c0> CORE::PARTITIONS_PROCESSED 2864
<INFO 7da2dac026c0> CORE::BYTES::EDGES_STREAMED 1177949040
<INFO 7da2dac026c0> CORE::BYTES::UPDATES_OUT 319594416
<INFO 7da2dac026c0> CORE::BYTES::UPDATES_IN 275837336
<INFO 7da2d83fd6c0> CORE::BYTES::UPDATES_OUT 308820064
<INFO 7da2d83fd6c0> CORE::BYTES::UPDATES_IN 325799368
<INFO 7da2d53f76c0> CORE::BYTES::UPDATES_IN 362738776
<INFO 7da2d63f96c0> CORE::PARTITIONS_PROCESSED 3387
<INFO 7da2d63f96c0> CORE::BYTES::EDGES_STREAMED 1102904508
<INFO 7da2d63f96c0> CORE::BYTES::UPDATES_OUT 315314504
<INFO 7da2d63f96c0> CORE::BYTES::UPDATES_IN 328708464
<INFO 7da2d6bfa6c0> CORE::BYTES::EDGES_STREAMED 1182125436
<INFO 7da2d6bfa6c0> CORE::BYTES::UPDATES_OUT 353294504
<INFO 7da2d6bfa6c0> CORE::BYTES::UPDATES_IN 300492784
<INFO 7da2e3b102c0> CORE::RUSAGE::MAX_RSS_KB 136668
<INFO 7da2e3b102c0> CORE::RUSAGE::MINFLT 33154
<INFO 7da2e3b102c0> CORE::RUSAGE::MAJFLT 0
<INFO 7da2e3b102c0> CORE::RUSAGE::MAJFLT 0
<INFO 7da2e3b102c0> CORE::RUSAGE::INBLK 51853848
<INFO 7da2e3b102c0> CORE::RUSAGE::OUBLK 10091792
<INFO 7da2e3b102c0> CORE::UTILS::BYTES_READ 26549170176
<INFO 7da2e3b102c0> CORE::UTILS::BYTES_WRITTEN 5166985216
<INFO 7da2e3b102c0> CORE::TIME::IO_WAIT 49.5483 seconds
<INFO 7da2e3b102c0> CORE::PHASES 13
<INFO 7da2e3b102c0> CORE::TIME::SETUP 0.070572 seconds
<INFO 7da2e3b102c0> CORE::TIME::STATE_ITER 0.022989 seconds
<INFO 7da2e3b102c0> CORE::TIME::GATHER 17.12 seconds
<INFO 7da2e3b102c0> CORE::TIME::SCATTER 126.853 seconds
<INFO 7da2e3b102c0> TIME_IN_PC_FN 2.28061 seconds
<INFO 7da2e3b102c0> CORE::TIME::WALL 144.511 seconds
<INFO 7da2e3b102c0> SHUTDOWN
