<INFO 716e9e52b2c0> STARTUP
<INFO 716e9e52b2c0> CORE::GRAPH soc-LiveJournal1-dir
<INFO 716e9e52b2c0> CORE::ALGORITHM pagerank
<INFO 716e9e52b2c0> SG-DRIVER-ORIGINAL
<WARNING 716e9e52b2c0> Disk count not specified, assuming it to be 1
<INFO 716e9e52b2c0> CORE::CONFIG::PROCESSORS 16
<INFO 716e9e52b2c0> CORE::CONFIG::PHYSICAL_MEMORY 2147483648
<INFO 716e9e52b2c0> CORE::CONFIG::VERTICES 4847571
<INFO 716e9e52b2c0> CORE::CONFIG::VERTEX_SIZE 12
<INFO 716e9e52b2c0> CORE::CONFIG::VERTEX_BUFFER 58171392
<INFO 716e9e52b2c0> CORE::CONFIG::EDGES 68993773
<INFO 716e9e52b2c0> CORE::CONFIG::PARTITIONS 128
<INFO 716e9e52b2c0> CORE::CONFIG::FANOUT 128
<INFO 716e9e52b2c0> CORE::CONFIG::SUPER_PARTITIONS 1
<INFO 716e9e52b2c0> CORE::CONFIG::STREAM_UNIT 16777216
<INFO 716e9e52b2c0> CORE::CONFIG::BUFFER_SIZE 414500556
<INFO 716e9e52b2c0> CORE::CONFIG::IO_NUMIOQS 1
<INFO 716e9e52b2c0> CORE::CONFIG::MAX_BUFFERS 4
<INFO 716e9e52b2c0> CORE::CONFIG::MAX_STREAMS 5
<WARNING 716e9e52b2c0> No mount point specified for disk0, falling back to current directory
my size is 827925276
<INFO 716e9e52b2c0> CORE::PARTITIONS_PROCESSED 312
<INFO 716e9e52b2c0> CORE::BYTES::EDGES_STREAMED 1186726164
<INFO 716e9e52b2c0> CORE::BYTES::UPDATES_OUT 758906632
<INFO 716e9e52b2c0> CORE::BYTES::UPDATES_IN 672031200
<INFO 716e1a5fd6c0> CORE::PARTITIONS_PROCESSED 317
<INFO 716e185f96c0> CORE::PARTITIONS_PROCESSED 309
<INFO 716e19dfc6c0> CORE::PARTITIONS_PROCESSED 321
<INFO 716e19dfc6c0> CORE::BYTES::EDGES_STREAMED 1203949752
<INFO 716e1ce026c0> CORE::PARTITIONS_PROCESSED 327
<INFO 716e165f56c0> CORE::PARTITIONS_PROCESSED 304
<INFO 716e16df66c0> CORE::PARTITIONS_PROCESSED 319
<INFO 716e1adfe6c0> CORE::PARTITIONS_PROCESSED 334
<INFO 716e1adfe6c0> CORE::BYTES::EDGES_STREAMED 1047955908
<INFO 716e1adfe6c0> CORE::BYTES::UPDATES_OUT 666317256
<INFO 716e1adfe6c0> CORE::BYTES::UPDATES_IN 727338120
<INFO 716e1a5fd6c0> CORE::BYTES::EDGES_STREAMED 1141005720
<INFO 716e1a5fd6c0> CORE::BYTES::UPDATES_OUT 728158368
<INFO 716e1a5fd6c0> CORE::BYTES::UPDATES_IN 687969384
<INFO 716e165f56c0> CORE::BYTES::EDGES_STREAMED 1103400216
<INFO 716e1ce026c0> CORE::BYTES::EDGES_STREAMED 1128990276
<INFO 716e19dfc6c0> CORE::BYTES::UPDATES_OUT 766070824
<INFO 716e16df66c0> CORE::BYTES::EDGES_STREAMED 1121241276
<INFO 716e16df66c0> CORE::BYTES::UPDATES_OUT 717355016
<INFO 716e16df66c0> CORE::BYTES::UPDATES_IN 689749408
<INFO 716e1ce026c0> CORE::BYTES::UPDATES_OUT 720248768
<INFO 716e165f56c0> CORE::BYTES::UPDATES_OUT 703363280
<INFO 716e165f56c0> CORE::BYTES::UPDATES_IN 661980176
<INFO 716e1ce026c0> CORE::BYTES::UPDATES_IN 695084080
<INFO 716e19dfc6c0> CORE::BYTES::UPDATES_IN 690731248
<INFO 716e185f96c0> CORE::BYTES::EDGES_STREAMED 1143745728
<INFO 716e185f96c0> CORE::BYTES::UPDATES_OUT 725863896
<INFO 716e185f96c0> CORE::BYTES::UPDATES_IN 674523752
<INFO 716e17df86c0> CORE::PARTITIONS_PROCESSED 345
<INFO 716e17df86c0> CORE::BYTES::EDGES_STREAMED 1132870440
<INFO 716e17df86c0> CORE::BYTES::UPDATES_OUT 718765072
<INFO 716e17df86c0> CORE::BYTES::UPDATES_IN 719735216
<INFO 716e175f76c0> CORE::PARTITIONS_PROCESSED 328
<INFO 716e175f76c0> CORE::BYTES::EDGES_STREAMED 1093952124
<INFO 716e175f76c0> CORE::BYTES::UPDATES_OUT 692699112
<INFO 716e175f76c0> CORE::BYTES::UPDATES_IN 715324936
<INFO 716e1d6036c0> CORE::PARTITIONS_PROCESSED 320
<INFO 716e1be006c0> CORE::PARTITIONS_PROCESSED 312
<INFO 716e1be006c0> CORE::BYTES::EDGES_STREAMED 1249150536
<INFO 716e1be006c0> CORE::BYTES::UPDATES_OUT 800442168
<INFO 716e1be006c0> CORE::BYTES::UPDATES_IN 668097128
<INFO 716e195fb6c0> CORE::PARTITIONS_PROCESSED 324
<INFO 716e195fb6c0> CORE::BYTES::EDGES_STREAMED 1217786388
<INFO 716e195fb6c0> CORE::BYTES::UPDATES_OUT 777104360
<INFO 716e195fb6c0> CORE::BYTES::UPDATES_IN 686266664
<INFO 716e1d6036c0> CORE::BYTES::EDGES_STREAMED 1123221096
<INFO 716e1d6036c0> CORE::BYTES::UPDATES_OUT 697050384
<INFO 716e1d6036c0> CORE::BYTES::UPDATES_IN 690842432
<INFO 716e1c6016c0> CORE::PARTITIONS_PROCESSED 316
<INFO 716e1c6016c0> CORE::BYTES::EDGES_STREAMED 1041296748
<INFO 716e1c6016c0> CORE::BYTES::UPDATES_OUT 657588576
<INFO 716e1c6016c0> CORE::BYTES::UPDATES_IN 678546536
<INFO 716e1b5ff6c0> CORE::PARTITIONS_PROCESSED 316
<INFO 716e1b5ff6c0> CORE::BYTES::EDGES_STREAMED 1129588692
<INFO 716e1b5ff6c0> CORE::BYTES::UPDATES_OUT 729277168
<INFO 716e1b5ff6c0> CORE::BYTES::UPDATES_IN 700238136
<INFO 716e18dfa6c0> CORE::PARTITIONS_PROCESSED 316
<INFO 716e18dfa6c0> CORE::BYTES::EDGES_STREAMED 1149475008
<INFO 716e18dfa6c0> CORE::BYTES::UPDATES_OUT 731742984
<INFO 716e18dfa6c0> CORE::BYTES::UPDATES_IN 680545264
<INFO 716e9e52b2c0> CORE::RUSAGE::MAX_RSS_KB 2102564
<INFO 716e9e52b2c0> CORE::RUSAGE::MINFLT 524670
<INFO 716e9e52b2c0> CORE::RUSAGE::MAJFLT 0
<INFO 716e9e52b2c0> CORE::RUSAGE::MAJFLT 0
<INFO 716e9e52b2c0> CORE::RUSAGE::INBLK 57135696
<INFO 716e9e52b2c0> CORE::RUSAGE::OUBLK 22752312
<INFO 716e9e52b2c0> CORE::UTILS::BYTES_READ 29253476352
<INFO 716e9e52b2c0> CORE::UTILS::BYTES_WRITTEN 11649171456
<INFO 716e9e52b2c0> CORE::TIME::IO_WAIT 112.248 seconds
<INFO 716e9e52b2c0> CORE::PHASES 22
<INFO 716e9e52b2c0> CORE::TIME::SETUP 0.872348 seconds
<INFO 716e9e52b2c0> CORE::TIME::STATE_ITER 0.317025 seconds
<INFO 716e9e52b2c0> CORE::TIME::GATHER 23.7261 seconds
<INFO 716e9e52b2c0> CORE::TIME::SCATTER 99.7601 seconds
<INFO 716e9e52b2c0> TIME_IN_PC_FN 2.35281 seconds
<INFO 716e9e52b2c0> CORE::TIME::WALL 138.253 seconds
<INFO 716e9e52b2c0> SHUTDOWN
