<INFO 7458eb6a52c0> STARTUP
<INFO 7458eb6a52c0> CORE::GRAPH soc-LiveJournal1-sym
<INFO 7458eb6a52c0> CORE::ALGORITHM cc
<INFO 7458eb6a52c0> SG-DRIVER-ORIGINAL
<WARNING 7458eb6a52c0> Disk count not specified, assuming it to be 1
<INFO 7458eb6a52c0> CORE::CONFIG::PROCESSORS 16
<INFO 7458eb6a52c0> CORE::CONFIG::PHYSICAL_MEMORY 2147483648
<INFO 7458eb6a52c0> CORE::CONFIG::VERTICES 4847571
<INFO 7458eb6a52c0> CORE::CONFIG::VERTEX_SIZE 13
<INFO 7458eb6a52c0> CORE::CONFIG::VERTEX_BUFFER 63021056
<INFO 7458eb6a52c0> CORE::CONFIG::EDGES 137469164
<INFO 7458eb6a52c0> CORE::CONFIG::PARTITIONS 128
<INFO 7458eb6a52c0> CORE::CONFIG::FANOUT 128
<INFO 7458eb6a52c0> CORE::CONFIG::SUPER_PARTITIONS 1
<INFO 7458eb6a52c0> CORE::CONFIG::STREAM_UNIT 16777216
<INFO 7458eb6a52c0> CORE::CONFIG::BUFFER_SIZE 413530624
<INFO 7458eb6a52c0> CORE::CONFIG::IO_NUMIOQS 1
<INFO 7458eb6a52c0> CORE::CONFIG::MAX_BUFFERS 4
<INFO 7458eb6a52c0> CORE::CONFIG::MAX_STREAMS 5
<WARNING 7458eb6a52c0> No mount point specified for disk0, falling back to current directory
my size is 1649629968
<INFO 7458eb6a52c0> ALGORITHM::CC::CC_COUNT 1876
<INFO 7458eb6a52c0> CORE::PARTITIONS_PROCESSED 160
<INFO 7458eb6a52c0> CORE::BYTES::EDGES_STREAMED 1196840484
<INFO 7458eb6a52c0> CORE::BYTES::UPDATES_OUT 319951888
<INFO 7458eb6a52c0> CORE::BYTES::UPDATES_IN 332159128
<INFO 7458637f66c0> CORE::PARTITIONS_PROCESSED 193
<INFO 745864ff96c0> CORE::PARTITIONS_PROCESSED 135
<INFO 7458637f66c0> CORE::BYTES::EDGES_STREAMED 1168796892
<INFO 7458637f66c0> CORE::BYTES::UPDATES_OUT 346186464
<INFO 7458688006c0> CORE::PARTITIONS_PROCESSED 113
<INFO 7458637f66c0> CORE::BYTES::UPDATES_IN 345381288
<INFO 74586a0036c0> CORE::PARTITIONS_PROCESSED 139
<INFO 74586a0036c0> CORE::BYTES::EDGES_STREAMED 1103018952
<INFO 7458657fa6c0> CORE::PARTITIONS_PROCESSED 158
<INFO 7458688006c0> CORE::BYTES::EDGES_STREAMED 1175792904
<INFO 7458688006c0> CORE::BYTES::UPDATES_OUT 342597552
<INFO 745865ffb6c0> CORE::PARTITIONS_PROCESSED 147
<INFO 74586a0036c0> CORE::BYTES::UPDATES_OUT 329265944
<INFO 745865ffb6c0> CORE::BYTES::EDGES_STREAMED 1069844952
<INFO 74586a0036c0> CORE::BYTES::UPDATES_IN 307950552
<INFO 74586a8046c0> CORE::PARTITIONS_PROCESSED 148
<INFO 745864ff96c0> CORE::BYTES::EDGES_STREAMED 1100860212
<INFO 745865ffb6c0> CORE::BYTES::UPDATES_OUT 313211640
<INFO 745865ffb6c0> CORE::BYTES::UPDATES_IN 310412576
<INFO 7458688006c0> CORE::BYTES::UPDATES_IN 305825088
<INFO 7458677fe6c0> CORE::PARTITIONS_PROCESSED 172
<INFO 7458657fa6c0> CORE::BYTES::EDGES_STREAMED 1135748616
<INFO 7458690016c0> CORE::PARTITIONS_PROCESSED 162
<INFO 7458690016c0> CORE::BYTES::EDGES_STREAMED 1118375988
<INFO 745864ff96c0> CORE::BYTES::UPDATES_OUT 299540232
<INFO 7458690016c0> CORE::BYTES::UPDATES_OUT 324729344
<INFO 745864ff96c0> CORE::BYTES::UPDATES_IN 301517312
<INFO 74586a8046c0> CORE::BYTES::EDGES_STREAMED 1182366780
<INFO 74586a8046c0> CORE::BYTES::UPDATES_OUT 350160840
<INFO 74586a8046c0> CORE::BYTES::UPDATES_IN 362271264
<INFO 7458677fe6c0> CORE::BYTES::EDGES_STREAMED 1044130716
<INFO 7458677fe6c0> CORE::BYTES::UPDATES_OUT 294488000
<INFO 7458677fe6c0> CORE::BYTES::UPDATES_IN 327660704
<INFO 745863ff76c0> CORE::PARTITIONS_PROCESSED 147
<INFO 745863ff76c0> CORE::BYTES::EDGES_STREAMED 1132170216
<INFO 745863ff76c0> CORE::BYTES::UPDATES_OUT 303110488
<INFO 745863ff76c0> CORE::BYTES::UPDATES_IN 325806136
<INFO 7458690016c0> CORE::BYTES::UPDATES_IN 308599648
<INFO 745866ffd6c0> CORE::PARTITIONS_PROCESSED 166
<INFO 745866ffd6c0> CORE::BYTES::EDGES_STREAMED 1134565776
<INFO 745867fff6c0> CORE::PARTITIONS_PROCESSED 194
<INFO 7458698026c0> CORE::PARTITIONS_PROCESSED 126
<INFO 745867fff6c0> CORE::BYTES::EDGES_STREAMED 1068127248
<INFO 745866ffd6c0> CORE::BYTES::UPDATES_OUT 329174096
<INFO 745866ffd6c0> CORE::BYTES::UPDATES_IN 322371328
<INFO 7458667fc6c0> CORE::PARTITIONS_PROCESSED 194
<INFO 7458698026c0> CORE::BYTES::EDGES_STREAMED 1065381312
<INFO 745867fff6c0> CORE::BYTES::UPDATES_OUT 303983240
<INFO 7458647f86c0> CORE::PARTITIONS_PROCESSED 181
<INFO 745867fff6c0> CORE::BYTES::UPDATES_IN 313800040
<INFO 7458647f86c0> CORE::BYTES::EDGES_STREAMED 1088551836
<INFO 7458647f86c0> CORE::BYTES::UPDATES_OUT 296836808
<INFO 7458647f86c0> CORE::BYTES::UPDATES_IN 327135744
<INFO 7458667fc6c0> CORE::BYTES::EDGES_STREAMED 1142764092
<INFO 7458667fc6c0> CORE::BYTES::UPDATES_OUT 329522936
<INFO 7458667fc6c0> CORE::BYTES::UPDATES_IN 312732472
<INFO 7458698026c0> CORE::BYTES::UPDATES_OUT 303031848
<INFO 7458698026c0> CORE::BYTES::UPDATES_IN 297734664
<INFO 7458657fa6c0> CORE::BYTES::UPDATES_OUT 318151216
<INFO 7458657fa6c0> CORE::BYTES::UPDATES_IN 302584592
<INFO 7458eb6a52c0> CORE::RUSAGE::MAX_RSS_KB 2102900
<INFO 7458eb6a52c0> CORE::RUSAGE::MINFLT 524663
<INFO 7458eb6a52c0> CORE::RUSAGE::MAJFLT 0
<INFO 7458eb6a52c0> CORE::RUSAGE::MAJFLT 0
<INFO 7458eb6a52c0> CORE::RUSAGE::INBLK 51853848
<INFO 7458eb6a52c0> CORE::RUSAGE::OUBLK 10091792
<INFO 7458eb6a52c0> CORE::UTILS::BYTES_READ 26549170176
<INFO 7458eb6a52c0> CORE::UTILS::BYTES_WRITTEN 5166985216
<INFO 7458eb6a52c0> CORE::TIME::IO_WAIT 85.7492 seconds
<INFO 7458eb6a52c0> CORE::PHASES 13
<INFO 7458eb6a52c0> CORE::TIME::SETUP 0.872344 seconds
<INFO 7458eb6a52c0> CORE::TIME::STATE_ITER 0.018674 seconds
<INFO 7458eb6a52c0> CORE::TIME::GATHER 10.1778 seconds
<INFO 7458eb6a52c0> CORE::TIME::SCATTER 85.3046 seconds
<INFO 7458eb6a52c0> TIME_IN_PC_FN 1.58767 seconds
<INFO 7458eb6a52c0> CORE::TIME::WALL 99.6745 seconds
<INFO 7458eb6a52c0> SHUTDOWN
