<INFO 7a57963342c0> STARTUP
<INFO 7a57963342c0> CORE::GRAPH soc-LiveJournal1-sym
<INFO 7a57963342c0> CORE::ALGORITHM cc
<INFO 7a57963342c0> SG-DRIVER-ORIGINAL
<WARNING 7a57963342c0> Disk count not specified, assuming it to be 1
<INFO 7a57963342c0> CORE::CONFIG::PROCESSORS 16
<INFO 7a57963342c0> CORE::CONFIG::PHYSICAL_MEMORY 134217728
<INFO 7a57963342c0> CORE::CONFIG::VERTICES 4847571
<INFO 7a57963342c0> CORE::CONFIG::VERTEX_SIZE 13
<INFO 7a57963342c0> CORE::CONFIG::VERTEX_BUFFER 63021056
<INFO 7a57963342c0> CORE::CONFIG::EDGES 137469164
<INFO 7a57963342c0> CORE::CONFIG::PARTITIONS 128
<INFO 7a57963342c0> CORE::CONFIG::FANOUT 128
<INFO 7a57963342c0> CORE::CONFIG::SUPER_PARTITIONS 1
<INFO 7a57963342c0> CORE::CONFIG::STREAM_UNIT 8388608
<INFO 7a57963342c0> CORE::CONFIG::BUFFER_SIZE 12555161
<INFO 7a57963342c0> CORE::CONFIG::IO_NUMIOQS 1
<INFO 7a57963342c0> CORE::CONFIG::MAX_BUFFERS 4
<INFO 7a57963342c0> CORE::CONFIG::MAX_STREAMS 5
<WARNING 7a57963342c0> No mount point specified for disk0, falling back to current directory
my size is 1649629968
<INFO 7a57963342c0> ALGORITHM::CC::CC_COUNT 1876
<INFO 7a57963342c0> CORE::PARTITIONS_PROCESSED 3550
<INFO 7a57963342c0> CORE::BYTES::EDGES_STREAMED 909461700
<INFO 7a57963342c0> CORE::BYTES::UPDATES_OUT 240100760
<INFO 7a57963342c0> CORE::BYTES::UPDATES_IN 344454472
<INFO 7a5789bfb6c0> CORE::PARTITIONS_PROCESSED 3122
<INFO 7a578cc016c0> CORE::PARTITIONS_PROCESSED 3188
<INFO 7a57883f86c0> CORE::PARTITIONS_PROCESSED 3059
<INFO 7a57883f86c0> CORE::BYTES::EDGES_STREAMED 1158941868
<INFO 7a57883f86c0> CORE::BYTES::UPDATES_OUT 315115120
<INFO 7a578cc016c0> CORE::BYTES::EDGES_STREAMED 1144111944
<INFO 7a57883f86c0> CORE::BYTES::UPDATES_IN 292997224
<INFO 7a578cc016c0> CORE::BYTES::UPDATES_OUT 332690304
<INFO 7a578cc016c0> CORE::BYTES::UPDATES_IN 307568056
<INFO 7a5789bfb6c0> CORE::BYTES::EDGES_STREAMED 1088035860
<INFO 7a5789bfb6c0> CORE::BYTES::UPDATES_OUT 306466464
<INFO 7a5789bfb6c0> CORE::BYTES::UPDATES_IN 301896656
<INFO 7a57863f46c0> CORE::PARTITIONS_PROCESSED 3364
<INFO 7a5786bf56c0> CORE::PARTITIONS_PROCESSED 3548
<INFO 7a578d4026c0> CORE::PARTITIONS_PROCESSED 3293
<INFO 7a578a3fc6c0> CORE::PARTITIONS_PROCESSED 3363
<INFO 7a578c4006c0> CORE::PARTITIONS_PROCESSED 3166
<INFO 7a5786bf56c0> CORE::BYTES::EDGES_STREAMED 1137989388
<INFO 7a578bbff6c0> CORE::PARTITIONS_PROCESSED 3073
<INFO 7a578bbff6c0> CORE::BYTES::EDGES_STREAMED 1134008184
<INFO 7a57863f46c0> CORE::BYTES::EDGES_STREAMED 1127777976
<INFO 7a578d4026c0> CORE::BYTES::EDGES_STREAMED 1104030816
<INFO 7a57893fa6c0> CORE::PARTITIONS_PROCESSED 3382
<INFO 7a5786bf56c0> CORE::BYTES::UPDATES_OUT 313337664
<INFO 7a578c4006c0> CORE::BYTES::EDGES_STREAMED 1161941880
<INFO 7a578c4006c0> CORE::BYTES::UPDATES_OUT 341740872
<INFO 7a578a3fc6c0> CORE::BYTES::EDGES_STREAMED 1146605388
<INFO 7a578a3fc6c0> CORE::BYTES::UPDATES_OUT 329074200
<INFO 7a578a3fc6c0> CORE::BYTES::UPDATES_IN 325782840
<INFO 7a5786bf56c0> CORE::BYTES::UPDATES_IN 340808800
<INFO 7a578d4026c0> CORE::BYTES::UPDATES_OUT 327463184
<INFO 7a578d4026c0> CORE::BYTES::UPDATES_IN 316304976
<INFO 7a578bbff6c0> CORE::BYTES::UPDATES_OUT 315775184
<INFO 7a578abfd6c0> CORE::PARTITIONS_PROCESSED 3397
<INFO 7a578abfd6c0> CORE::BYTES::EDGES_STREAMED 1124637408
<INFO 7a578abfd6c0> CORE::BYTES::UPDATES_OUT 323072312
<INFO 7a578abfd6c0> CORE::BYTES::UPDATES_IN 329818648
<INFO 7a578c4006c0> CORE::BYTES::UPDATES_IN 309185088
<INFO 7a578bbff6c0> CORE::BYTES::UPDATES_IN 293559104
<INFO 7a57893fa6c0> CORE::BYTES::EDGES_STREAMED 1035234204
<INFO 7a57893fa6c0> CORE::BYTES::UPDATES_OUT 288367184
<INFO 7a57893fa6c0> CORE::BYTES::UPDATES_IN 328579672
<INFO 7a578b3fe6c0> CORE::PARTITIONS_PROCESSED 3196
<INFO 7a578b3fe6c0> CORE::BYTES::EDGES_STREAMED 1087698636
<INFO 7a578b3fe6c0> CORE::BYTES::UPDATES_OUT 296369760
<INFO 7a578b3fe6c0> CORE::BYTES::UPDATES_IN 309869864
<INFO 7a57863f46c0> CORE::BYTES::UPDATES_OUT 336348872
<INFO 7a57863f46c0> CORE::BYTES::UPDATES_IN 328855816
<INFO 7a5787bf76c0> CORE::PARTITIONS_PROCESSED 3478
<INFO 7a5787bf76c0> CORE::BYTES::EDGES_STREAMED 1165350816
<INFO 7a5787bf76c0> CORE::BYTES::UPDATES_OUT 326285152
<INFO 7a5787bf76c0> CORE::BYTES::UPDATES_IN 333681360
<INFO 7a57873f66c0> CORE::PARTITIONS_PROCESSED 3223
<INFO 7a5788bf96c0> CORE::PARTITIONS_PROCESSED 3437
<INFO 7a57873f66c0> CORE::BYTES::EDGES_STREAMED 1245331452
<INFO 7a57873f66c0> CORE::BYTES::UPDATES_OUT 363218064
<INFO 7a57873f66c0> CORE::BYTES::UPDATES_IN 309716440
<INFO 7a5788bf96c0> CORE::BYTES::EDGES_STREAMED 1156179456
<INFO 7a5788bf96c0> CORE::BYTES::UPDATES_OUT 348517440
<INFO 7a5788bf96c0> CORE::BYTES::UPDATES_IN 330863520
<INFO 7a57963342c0> CORE::RUSAGE::MAX_RSS_KB 136456
<INFO 7a57963342c0> CORE::RUSAGE::MINFLT 33149
<INFO 7a57963342c0> CORE::RUSAGE::MAJFLT 0
<INFO 7a57963342c0> CORE::RUSAGE::MAJFLT 0
<INFO 7a57963342c0> CORE::RUSAGE::INBLK 51853848
<INFO 7a57963342c0> CORE::RUSAGE::OUBLK 10091792
<INFO 7a57963342c0> CORE::UTILS::BYTES_READ 26549170176
<INFO 7a57963342c0> CORE::UTILS::BYTES_WRITTEN 5166985216
<INFO 7a57963342c0> CORE::TIME::IO_WAIT 47.4183 seconds
<INFO 7a57963342c0> CORE::PHASES 13
<INFO 7a57963342c0> CORE::TIME::SETUP 0.064879 seconds
<INFO 7a57963342c0> CORE::TIME::STATE_ITER 0.026984 seconds
<INFO 7a57963342c0> CORE::TIME::GATHER 17.0531 seconds
<INFO 7a57963342c0> CORE::TIME::SCATTER 121.313 seconds
<INFO 7a57963342c0> TIME_IN_PC_FN 2.41907 seconds
<INFO 7a57963342c0> CORE::TIME::WALL 138.909 seconds
<INFO 7a57963342c0> SHUTDOWN
