<INFO 70b8e052b2c0> STARTUP
<INFO 70b8e052b2c0> CORE::GRAPH soc-LiveJournal1-dir
<INFO 70b8e052b2c0> CORE::ALGORITHM pagerank
<INFO 70b8e052b2c0> SG-DRIVER-ORIGINAL
<WARNING 70b8e052b2c0> Disk count not specified, assuming it to be 1
<INFO 70b8e052b2c0> CORE::CONFIG::PROCESSORS 16
<INFO 70b8e052b2c0> CORE::CONFIG::PHYSICAL_MEMORY 268435456
<INFO 70b8e052b2c0> CORE::CONFIG::VERTICES 4847571
<INFO 70b8e052b2c0> CORE::CONFIG::VERTEX_SIZE 12
<INFO 70b8e052b2c0> CORE::CONFIG::VERTEX_BUFFER 58171392
<INFO 70b8e052b2c0> CORE::CONFIG::EDGES 68993773
<INFO 70b8e052b2c0> CORE::CONFIG::PARTITIONS 128
<INFO 70b8e052b2c0> CORE::CONFIG::FANOUT 128
<INFO 70b8e052b2c0> CORE::CONFIG::SUPER_PARTITIONS 1
<INFO 70b8e052b2c0> CORE::CONFIG::STREAM_UNIT 16777216
<INFO 70b8e052b2c0> CORE::CONFIG::BUFFER_SIZE 38690918
<INFO 70b8e052b2c0> CORE::CONFIG::IO_NUMIOQS 1
<INFO 70b8e052b2c0> CORE::CONFIG::MAX_BUFFERS 4
<INFO 70b8e052b2c0> CORE::CONFIG::MAX_STREAMS 5
<WARNING 70b8e052b2c0> No mount point specified for disk0, falling back to current directory
my size is 827925276
<INFO 70b8e052b2c0> CORE::PARTITIONS_PROCESSED 2463
<INFO 70b8e052b2c0> CORE::BYTES::EDGES_STREAMED 1010084196
<INFO 70b8e052b2c0> CORE::BYTES::UPDATES_OUT 637993440
<INFO 70b8e052b2c0> CORE::BYTES::UPDATES_IN 711705624
<INFO 70b8c95f56c0> CORE::PARTITIONS_PROCESSED 2418
<INFO 70b8c95f56c0> CORE::BYTES::EDGES_STREAMED 1136082060
<INFO 70b8cd5fd6c0> CORE::PARTITIONS_PROCESSED 2380
<INFO 70b8cadf86c0> CORE::PARTITIONS_PROCESSED 2425
<INFO 70b8cadf86c0> CORE::BYTES::EDGES_STREAMED 1158580272
<INFO 70b8cbdfa6c0> CORE::PARTITIONS_PROCESSED 2436
<INFO 70b8cadf86c0> CORE::BYTES::UPDATES_OUT 744094080
<INFO 70b8cbdfa6c0> CORE::BYTES::EDGES_STREAMED 1141294524
<INFO 70b8c95f56c0> CORE::BYTES::UPDATES_OUT 731976200
<INFO 70b8cbdfa6c0> CORE::BYTES::UPDATES_OUT 722310864
<INFO 70b8ce5ff6c0> CORE::PARTITIONS_PROCESSED 2312
<INFO 70b8cbdfa6c0> CORE::BYTES::UPDATES_IN 698851552
<INFO 70b8c95f56c0> CORE::BYTES::UPDATES_IN 705104424
<INFO 70b8c85f36c0> CORE::PARTITIONS_PROCESSED 2373
<INFO 70b8cd5fd6c0> CORE::BYTES::EDGES_STREAMED 1187458140
<INFO 70b8cd5fd6c0> CORE::BYTES::UPDATES_OUT 740308040
<INFO 70b8cd5fd6c0> CORE::BYTES::UPDATES_IN 686493352
<INFO 70b8cc5fb6c0> CORE::PARTITIONS_PROCESSED 2466
<INFO 70b8cb5f96c0> CORE::PARTITIONS_PROCESSED 2401
<INFO 70b8c85f36c0> CORE::BYTES::EDGES_STREAMED 1160975400
<INFO 70b8cadf86c0> CORE::BYTES::UPDATES_IN 700125704
<INFO 70b8c8df46c0> CORE::PARTITIONS_PROCESSED 2425
<INFO 70b8cc5fb6c0> CORE::BYTES::EDGES_STREAMED 1143337056
<INFO 70b8cc5fb6c0> CORE::BYTES::UPDATES_OUT 725198528
<INFO 70b8cc5fb6c0> CORE::BYTES::UPDATES_IN 697627632
<INFO 70b8c8df46c0> CORE::BYTES::EDGES_STREAMED 1112103720
<INFO 70b8c8df46c0> CORE::BYTES::UPDATES_OUT 709915864
<INFO 70b8c8df46c0> CORE::BYTES::UPDATES_IN 691113896
<INFO 70b8cf6016c0> CORE::PARTITIONS_PROCESSED 2307
<INFO 70b8cf6016c0> CORE::BYTES::EDGES_STREAMED 1142872932
<INFO 70b8ccdfc6c0> CORE::PARTITIONS_PROCESSED 2275
<INFO 70b8cf6016c0> CORE::BYTES::UPDATES_OUT 729480216
<INFO 70b8ccdfc6c0> CORE::BYTES::EDGES_STREAMED 1131868932
<INFO 70b8ccdfc6c0> CORE::BYTES::UPDATES_OUT 733919744
<INFO 70b8ccdfc6c0> CORE::BYTES::UPDATES_IN 662332656
<INFO 70b8cf6016c0> CORE::BYTES::UPDATES_IN 662380416
<INFO 70b8c9df66c0> CORE::PARTITIONS_PROCESSED 2585
<INFO 70b8c9df66c0> CORE::BYTES::EDGES_STREAMED 1148662236
<INFO 70b8c9df66c0> CORE::BYTES::UPDATES_OUT 729929808
<INFO 70b8cb5f96c0> CORE::BYTES::EDGES_STREAMED 1175993652
<INFO 70b8cddfe6c0> CORE::PARTITIONS_PROCESSED 2387
<INFO 70b8cee006c0> CORE::PARTITIONS_PROCESSED 2426
<INFO 70b8cee006c0> CORE::BYTES::EDGES_STREAMED 1175701680
<INFO 70b8c9df66c0> CORE::BYTES::UPDATES_IN 728757984
<INFO 70b8cee006c0> CORE::BYTES::UPDATES_OUT 737426408
<INFO 70b8cee006c0> CORE::BYTES::UPDATES_IN 696369720
<INFO 70b8cddfe6c0> CORE::BYTES::EDGES_STREAMED 1162960188
<INFO 70b8cddfe6c0> CORE::BYTES::UPDATES_OUT 738160448
<INFO 70b8cddfe6c0> CORE::BYTES::UPDATES_IN 692147840
<INFO 70b8ca5f76c0> CORE::PARTITIONS_PROCESSED 2321
<INFO 70b8ca5f76c0> CORE::BYTES::EDGES_STREAMED 1094308080
<INFO 70b8ca5f76c0> CORE::BYTES::UPDATES_OUT 701728072
<INFO 70b8ca5f76c0> CORE::BYTES::UPDATES_IN 670639344
<INFO 70b8c85f36c0> CORE::BYTES::UPDATES_OUT 740533728
<INFO 70b8c85f36c0> CORE::BYTES::UPDATES_IN 679551096
<INFO 70b8ce5ff6c0> CORE::BYTES::EDGES_STREAMED 1132073004
<INFO 70b8ce5ff6c0> CORE::BYTES::UPDATES_OUT 716304624
<INFO 70b8ce5ff6c0> CORE::BYTES::UPDATES_IN 666900656
<INFO 70b8cb5f96c0> CORE::BYTES::UPDATES_OUT 751673800
<INFO 70b8cb5f96c0> CORE::BYTES::UPDATES_IN 688901784
<INFO 70b8e052b2c0> CORE::RUSAGE::MAX_RSS_KB 267620
<INFO 70b8e052b2c0> CORE::RUSAGE::MINFLT 65913
<INFO 70b8e052b2c0> CORE::RUSAGE::MAJFLT 0
<INFO 70b8e052b2c0> CORE::RUSAGE::MAJFLT 0
<INFO 70b8e052b2c0> CORE::RUSAGE::INBLK 57135696
<INFO 70b8e052b2c0> CORE::RUSAGE::OUBLK 22752312
<INFO 70b8e052b2c0> CORE::UTILS::BYTES_READ 29253476352
<INFO 70b8e052b2c0> CORE::UTILS::BYTES_WRITTEN 11649171456
<INFO 70b8e052b2c0> CORE::TIME::IO_WAIT 139.061 seconds
<INFO 70b8e052b2c0> CORE::PHASES 22
<INFO 70b8e052b2c0> CORE::TIME::SETUP 0.120094 seconds
<INFO 70b8e052b2c0> CORE::TIME::STATE_ITER 0.332362 seconds
<INFO 70b8e052b2c0> CORE::TIME::GATHER 35.7713 seconds
<INFO 70b8e052b2c0> CORE::TIME::SCATTER 143.458 seconds
<INFO 70b8e052b2c0> TIME_IN_PC_FN 2.58426 seconds
<INFO 70b8e052b2c0> CORE::TIME::WALL 181.342 seconds
<INFO 70b8e052b2c0> SHUTDOWN
