<INFO 7a763e91e2c0> STARTUP
<INFO 7a763e91e2c0> CORE::GRAPH soc-LiveJournal1-sym
<INFO 7a763e91e2c0> CORE::ALGORITHM cc
<INFO 7a763e91e2c0> SG-DRIVER-ORIGINAL
<WARNING 7a763e91e2c0> Disk count not specified, assuming it to be 1
<INFO 7a763e91e2c0> CORE::CONFIG::PROCESSORS 16
<INFO 7a763e91e2c0> CORE::CONFIG::PHYSICAL_MEMORY 4294967296
<INFO 7a763e91e2c0> CORE::CONFIG::VERTICES 4847571
<INFO 7a763e91e2c0> CORE::CONFIG::VERTEX_SIZE 13
<INFO 7a763e91e2c0> CORE::CONFIG::VERTEX_BUFFER 63021056
<INFO 7a763e91e2c0> CORE::CONFIG::EDGES 137469164
<INFO 7a763e91e2c0> CORE::CONFIG::PARTITIONS 128
<INFO 7a763e91e2c0> CORE::CONFIG::FANOUT 128
<INFO 7a763e91e2c0> CORE::CONFIG::SUPER_PARTITIONS 1
<INFO 7a763e91e2c0> CORE::CONFIG::STREAM_UNIT 16777216
<INFO 7a763e91e2c0> CORE::CONFIG::BUFFER_SIZE 843027353
<INFO 7a763e91e2c0> CORE::CONFIG::IO_NUMIOQS 1
<INFO 7a763e91e2c0> CORE::CONFIG::MAX_BUFFERS 4
<INFO 7a763e91e2c0> CORE::CONFIG::MAX_STREAMS 5
<WARNING 7a763e91e2c0> No mount point specified for disk0, falling back to current directory
my size is 1649629968
<INFO 7a763e91e2c0> ALGORITHM::CC::CC_COUNT 1876
<INFO 7a763e91e2c0> CORE::PARTITIONS_PROCESSED 125
<INFO 7a763e91e2c0> CORE::BYTES::EDGES_STREAMED 1105913676
<INFO 7a763e91e2c0> CORE::BYTES::UPDATES_OUT 330868152
<INFO 7a763e91e2c0> CORE::BYTES::UPDATES_IN 309211376
<INFO 7a75389f86c0> CORE::PARTITIONS_PROCESSED 128
<INFO 7a75389f86c0> CORE::BYTES::EDGES_STREAMED 1029117600
<INFO 7a75389f86c0> CORE::BYTES::UPDATES_OUT 284948928
<INFO 7a75389f86c0> CORE::BYTES::UPDATES_IN 311018904
<INFO 7a75371f56c0> CORE::PARTITIONS_PROCESSED 139
<INFO 7a75371f56c0> CORE::BYTES::EDGES_STREAMED 1318732260
<INFO 7a75371f56c0> CORE::BYTES::UPDATES_OUT 356565856
<INFO 7a75371f56c0> CORE::BYTES::UPDATES_IN 317553008
<INFO 7a753a1fb6c0> CORE::PARTITIONS_PROCESSED 85
<INFO 7a753b9fe6c0> CORE::PARTITIONS_PROCESSED 111
<INFO 7a75379f66c0> CORE::PARTITIONS_PROCESSED 106
<INFO 7a753b1fd6c0> CORE::PARTITIONS_PROCESSED 124
<INFO 7a75369f46c0> CORE::PARTITIONS_PROCESSED 142
<INFO 7a753b1fd6c0> CORE::BYTES::EDGES_STREAMED 1090558812
<INFO 7a753a1fb6c0> CORE::BYTES::EDGES_STREAMED 1142504856
<INFO 7a75399fa6c0> CORE::PARTITIONS_PROCESSED 129
<INFO 7a753a1fb6c0> CORE::BYTES::UPDATES_OUT 330937600
<INFO 7a75381f76c0> CORE::PARTITIONS_PROCESSED 110
<INFO 7a753b9fe6c0> CORE::BYTES::EDGES_STREAMED 1109594856
<INFO 7a75379f66c0> CORE::BYTES::EDGES_STREAMED 1136406156
<INFO 7a75369f46c0> CORE::BYTES::EDGES_STREAMED 1159648116
<INFO 7a75379f66c0> CORE::BYTES::UPDATES_OUT 312952624
<INFO 7a75399fa6c0> CORE::BYTES::EDGES_STREAMED 1036385148
<INFO 7a75379f66c0> CORE::BYTES::UPDATES_IN 308011712
<INFO 7a753a9fc6c0> CORE::PARTITIONS_PROCESSED 77
<INFO 7a75381f76c0> CORE::BYTES::EDGES_STREAMED 1081200696
<INFO 7a753a1fb6c0> CORE::BYTES::UPDATES_IN 318126584
<INFO 7a753d2016c0> CORE::PARTITIONS_PROCESSED 146
<INFO 7a75369f46c0> CORE::BYTES::UPDATES_OUT 356100872
<INFO 7a753c1ff6c0> CORE::PARTITIONS_PROCESSED 112
<INFO 7a753da026c0> CORE::PARTITIONS_PROCESSED 131
<INFO 7a75391f96c0> CORE::PARTITIONS_PROCESSED 110
<INFO 7a753d2016c0> CORE::BYTES::EDGES_STREAMED 1183601340
<INFO 7a75381f76c0> CORE::BYTES::UPDATES_OUT 314084280
<INFO 7a75381f76c0> CORE::BYTES::UPDATES_IN 313580032
<INFO 7a75369f46c0> CORE::BYTES::UPDATES_IN 323887176
<INFO 7a753c1ff6c0> CORE::BYTES::EDGES_STREAMED 1027178112
<INFO 7a753da026c0> CORE::BYTES::EDGES_STREAMED 1134187608
<INFO 7a753d2016c0> CORE::BYTES::UPDATES_OUT 334660520
<INFO 7a753ca006c0> CORE::PARTITIONS_PROCESSED 120
<INFO 7a75399fa6c0> CORE::BYTES::UPDATES_OUT 293220928
<INFO 7a75399fa6c0> CORE::BYTES::UPDATES_IN 316720464
<INFO 7a753da026c0> CORE::BYTES::UPDATES_OUT 326876864
<INFO 7a753c1ff6c0> CORE::BYTES::UPDATES_OUT 295179872
<INFO 7a753b1fd6c0> CORE::BYTES::UPDATES_OUT 293846488
<INFO 7a753b1fd6c0> CORE::BYTES::UPDATES_IN 319465864
<INFO 7a753da026c0> CORE::BYTES::UPDATES_IN 311907944
<INFO 7a753ca006c0> CORE::BYTES::EDGES_STREAMED 1171030776
<INFO 7a753ca006c0> CORE::BYTES::UPDATES_OUT 337365104
<INFO 7a753ca006c0> CORE::BYTES::UPDATES_IN 311316232
<INFO 7a753d2016c0> CORE::BYTES::UPDATES_IN 317664232
<INFO 7a753a9fc6c0> CORE::BYTES::EDGES_STREAMED 1040248716
<INFO 7a753a9fc6c0> CORE::BYTES::UPDATES_OUT 287047072
<INFO 7a753a9fc6c0> CORE::BYTES::UPDATES_IN 303227096
<INFO 7a753c1ff6c0> CORE::BYTES::UPDATES_IN 315298376
<INFO 7a753b9fe6c0> CORE::BYTES::UPDATES_OUT 296581304
<INFO 7a75391f96c0> CORE::BYTES::EDGES_STREAMED 1161028248
<INFO 7a753b9fe6c0> CORE::BYTES::UPDATES_IN 321855480
<INFO 7a75391f96c0> CORE::BYTES::UPDATES_OUT 352706072
<INFO 7a75391f96c0> CORE::BYTES::UPDATES_IN 385098056
<INFO 7a763e91e2c0> CORE::RUSAGE::MAX_RSS_KB 4199908
<INFO 7a763e91e2c0> CORE::RUSAGE::MINFLT 1048958
<INFO 7a763e91e2c0> CORE::RUSAGE::MAJFLT 0
<INFO 7a763e91e2c0> CORE::RUSAGE::MAJFLT 0
<INFO 7a763e91e2c0> CORE::RUSAGE::INBLK 51853840
<INFO 7a763e91e2c0> CORE::RUSAGE::OUBLK 10091784
<INFO 7a763e91e2c0> CORE::UTILS::BYTES_READ 26549166080
<INFO 7a763e91e2c0> CORE::UTILS::BYTES_WRITTEN 5166981120
<INFO 7a763e91e2c0> CORE::TIME::IO_WAIT 91.702 seconds
<INFO 7a763e91e2c0> CORE::PHASES 13
<INFO 7a763e91e2c0> CORE::TIME::SETUP 1.7273 seconds
<INFO 7a763e91e2c0> CORE::TIME::STATE_ITER 0.02399 seconds
<INFO 7a763e91e2c0> CORE::TIME::GATHER 10.1286 seconds
<INFO 7a763e91e2c0> CORE::TIME::SCATTER 89.824 seconds
<INFO 7a763e91e2c0> TIME_IN_PC_FN 1.50613 seconds
<INFO 7a763e91e2c0> CORE::TIME::WALL 108.875 seconds
<INFO 7a763e91e2c0> SHUTDOWN
