<INFO 70842df1a2c0> STARTUP
<INFO 70842df1a2c0> CORE::GRAPH soc-LiveJournal1-dir
<INFO 70842df1a2c0> CORE::ALGORITHM pagerank
<INFO 70842df1a2c0> SG-DRIVER-ORIGINAL
<WARNING 70842df1a2c0> Disk count not specified, assuming it to be 1
<INFO 70842df1a2c0> CORE::CONFIG::PROCESSORS 16
<INFO 70842df1a2c0> CORE::CONFIG::PHYSICAL_MEMORY 134217728
<INFO 70842df1a2c0> CORE::CONFIG::VERTICES 4847571
<INFO 70842df1a2c0> CORE::CONFIG::VERTEX_SIZE 12
<INFO 70842df1a2c0> CORE::CONFIG::VERTEX_BUFFER 58171392
<INFO 70842df1a2c0> CORE::CONFIG::EDGES 68993773
<INFO 70842df1a2c0> CORE::CONFIG::PARTITIONS 128
<INFO 70842df1a2c0> CORE::CONFIG::FANOUT 128
<INFO 70842df1a2c0> CORE::CONFIG::SUPER_PARTITIONS 1
<INFO 70842df1a2c0> CORE::CONFIG::STREAM_UNIT 8388608
<INFO 70842df1a2c0> CORE::CONFIG::BUFFER_SIZE 13525094
<INFO 70842df1a2c0> CORE::CONFIG::IO_NUMIOQS 1
<INFO 70842df1a2c0> CORE::CONFIG::MAX_BUFFERS 4
<INFO 70842df1a2c0> CORE::CONFIG::MAX_STREAMS 5
<WARNING 70842df1a2c0> No mount point specified for disk0, falling back to current directory
my size is 827925276
<INFO 70842df1a2c0> CORE::PARTITIONS_PROCESSED 7046
<INFO 70842df1a2c0> CORE::BYTES::EDGES_STREAMED 775846284
<INFO 70842df1a2c0> CORE::BYTES::UPDATES_OUT 491659184
<INFO 70842df1a2c0> CORE::BYTES::UPDATES_IN 740887144
<INFO 708422ffd6c0> CORE::PARTITIONS_PROCESSED 6495
<INFO 708420ff96c0> CORE::PARTITIONS_PROCESSED 6831
<INFO 708420ff96c0> CORE::BYTES::EDGES_STREAMED 1071766500
<INFO 708420ff96c0> CORE::BYTES::UPDATES_OUT 685625288
<INFO 708420ff96c0> CORE::BYTES::UPDATES_IN 720146088
<INFO 7084227fc6c0> CORE::PARTITIONS_PROCESSED 6473
<INFO 7084227fc6c0> CORE::BYTES::EDGES_STREAMED 1202541384
<INFO 7084227fc6c0> CORE::BYTES::UPDATES_OUT 747280232
<INFO 708423fff6c0> CORE::PARTITIONS_PROCESSED 6301
<INFO 7084237fe6c0> CORE::PARTITIONS_PROCESSED 6699
<INFO 70841fff76c0> CORE::PARTITIONS_PROCESSED 6602
<INFO 7084227fc6c0> CORE::BYTES::UPDATES_IN 680925008
<INFO 708423fff6c0> CORE::BYTES::EDGES_STREAMED 1076341692
<INFO 7084237fe6c0> CORE::BYTES::EDGES_STREAMED 1155264504
<INFO 70841eff56c0> CORE::PARTITIONS_PROCESSED 6370
<INFO 70841fff76c0> CORE::BYTES::EDGES_STREAMED 1195277280
<INFO 708423fff6c0> CORE::BYTES::UPDATES_OUT 687019656
<INFO 708422ffd6c0> CORE::BYTES::EDGES_STREAMED 1156233420
<INFO 70841eff56c0> CORE::BYTES::EDGES_STREAMED 1072985052
<INFO 70841e7f46c0> CORE::PARTITIONS_PROCESSED 6356
<INFO 7084217fa6c0> CORE::PARTITIONS_PROCESSED 6684
<INFO 7084207f86c0> CORE::PARTITIONS_PROCESSED 6759
<INFO 7084237fe6c0> CORE::BYTES::UPDATES_OUT 728870600
<INFO 7084237fe6c0> CORE::BYTES::UPDATES_IN 706523832
<INFO 708422ffd6c0> CORE::BYTES::UPDATES_OUT 749889776
<INFO 70841eff56c0> CORE::BYTES::UPDATES_OUT 670177824
<INFO 70841fff76c0> CORE::BYTES::UPDATES_OUT 764067864
<INFO 70841fff76c0> CORE::BYTES::UPDATES_IN 693706008
<INFO 708421ffb6c0> CORE::PARTITIONS_PROCESSED 6475
<INFO 708421ffb6c0> CORE::BYTES::EDGES_STREAMED 1150593948
<INFO 708421ffb6c0> CORE::BYTES::UPDATES_OUT 717703960
<INFO 708421ffb6c0> CORE::BYTES::UPDATES_IN 682266320
<INFO 7084217fa6c0> CORE::BYTES::EDGES_STREAMED 1121245548
<INFO 70841eff56c0> CORE::BYTES::UPDATES_IN 670479904
<INFO 7084207f86c0> CORE::BYTES::EDGES_STREAMED 1177998708
<INFO 7084207f86c0> CORE::BYTES::UPDATES_OUT 756061520
<INFO 7084207f86c0> CORE::BYTES::UPDATES_IN 710202512
<INFO 7084248006c0> CORE::PARTITIONS_PROCESSED 6378
<INFO 7084248006c0> CORE::BYTES::EDGES_STREAMED 1215525756
<INFO 7084248006c0> CORE::BYTES::UPDATES_OUT 781910640
<INFO 7084248006c0> CORE::BYTES::UPDATES_IN 671121944
<INFO 7084250016c0> CORE::PARTITIONS_PROCESSED 6460
<INFO 7084250016c0> CORE::BYTES::EDGES_STREAMED 1181382720
<INFO 7084250016c0> CORE::BYTES::UPDATES_OUT 760445024
<INFO 7084250016c0> CORE::BYTES::UPDATES_IN 678516040
<INFO 708422ffd6c0> CORE::BYTES::UPDATES_IN 683565832
<INFO 70841dff36c0> CORE::PARTITIONS_PROCESSED 6476
<INFO 70841dff36c0> CORE::BYTES::EDGES_STREAMED 1281142440
<INFO 70841dff36c0> CORE::BYTES::UPDATES_OUT 821818200
<INFO 70841dff36c0> CORE::BYTES::UPDATES_IN 680728536
<INFO 708423fff6c0> CORE::BYTES::UPDATES_IN 665999712
<INFO 7084217fa6c0> CORE::BYTES::UPDATES_OUT 720297280
<INFO 7084217fa6c0> CORE::BYTES::UPDATES_IN 701966128
<INFO 70841e7f46c0> CORE::BYTES::EDGES_STREAMED 1203880992
<INFO 70841e7f46c0> CORE::BYTES::UPDATES_OUT 762811752
<INFO 70841e7f46c0> CORE::BYTES::UPDATES_IN 666510208
<INFO 70841f7f66c0> CORE::PARTITIONS_PROCESSED 6555
<INFO 70841f7f66c0> CORE::BYTES::EDGES_STREAMED 1176329844
<INFO 70841f7f66c0> CORE::BYTES::UPDATES_OUT 745315064
<INFO 70841f7f66c0> CORE::BYTES::UPDATES_IN 685458464
<INFO 70842df1a2c0> CORE::RUSAGE::MAX_RSS_KB 136512
<INFO 70842df1a2c0> CORE::RUSAGE::MINFLT 33151
<INFO 70842df1a2c0> CORE::RUSAGE::MAJFLT 0
<INFO 70842df1a2c0> CORE::RUSAGE::MAJFLT 0
<INFO 70842df1a2c0> CORE::RUSAGE::INBLK 57135696
<INFO 70842df1a2c0> CORE::RUSAGE::OUBLK 22752312
<INFO 70842df1a2c0> CORE::UTILS::BYTES_READ 29253476352
<INFO 70842df1a2c0> CORE::UTILS::BYTES_WRITTEN 11649171456
<INFO 70842df1a2c0> CORE::TIME::IO_WAIT 88.2293 seconds
<INFO 70842df1a2c0> CORE::PHASES 22
<INFO 70842df1a2c0> CORE::TIME::SETUP 0.067107 seconds
<INFO 70842df1a2c0> CORE::TIME::STATE_ITER 0.315327 seconds
<INFO 70842df1a2c0> CORE::TIME::GATHER 46.0619 seconds
<INFO 70842df1a2c0> CORE::TIME::SCATTER 130.812 seconds
<INFO 70842df1a2c0> TIME_IN_PC_FN 2.95058 seconds
<INFO 70842df1a2c0> CORE::TIME::WALL 178.157 seconds
<INFO 70842df1a2c0> SHUTDOWN
