<INFO 7d39c3c9c2c0> STARTUP
<INFO 7d39c3c9c2c0> CORE::GRAPH soc-LiveJournal1-dir
<INFO 7d39c3c9c2c0> CORE::ALGORITHM pagerank
<INFO 7d39c3c9c2c0> SG-DRIVER-ORIGINAL
<WARNING 7d39c3c9c2c0> Disk count not specified, assuming it to be 1
<INFO 7d39c3c9c2c0> CORE::CONFIG::PROCESSORS 16
<INFO 7d39c3c9c2c0> CORE::CONFIG::PHYSICAL_MEMORY 134217728
<INFO 7d39c3c9c2c0> CORE::CONFIG::VERTICES 4847571
<INFO 7d39c3c9c2c0> CORE::CONFIG::VERTEX_SIZE 12
<INFO 7d39c3c9c2c0> CORE::CONFIG::VERTEX_BUFFER 58171392
<INFO 7d39c3c9c2c0> CORE::CONFIG::EDGES 68993773
<INFO 7d39c3c9c2c0> CORE::CONFIG::PARTITIONS 128
<INFO 7d39c3c9c2c0> CORE::CONFIG::FANOUT 128
<INFO 7d39c3c9c2c0> CORE::CONFIG::SUPER_PARTITIONS 1
<INFO 7d39c3c9c2c0> CORE::CONFIG::STREAM_UNIT 8388608
<INFO 7d39c3c9c2c0> CORE::CONFIG::BUFFER_SIZE 13525094
<INFO 7d39c3c9c2c0> CORE::CONFIG::IO_NUMIOQS 1
<INFO 7d39c3c9c2c0> CORE::CONFIG::MAX_BUFFERS 4
<INFO 7d39c3c9c2c0> CORE::CONFIG::MAX_STREAMS 5
<WARNING 7d39c3c9c2c0> No mount point specified for disk0, falling back to current directory
my size is 827925276
<INFO 7d39c3c9c2c0> CORE::PARTITIONS_PROCESSED 6860
<INFO 7d39c3c9c2c0> CORE::BYTES::EDGES_STREAMED 959725452
<INFO 7d39c3c9c2c0> CORE::BYTES::UPDATES_OUT 614366600
<INFO 7d39c3c9c2c0> CORE::BYTES::UPDATES_IN 720966360
<INFO 7d39b55f66c0> CORE::PARTITIONS_PROCESSED 6440
<INFO 7d39b65f86c0> CORE::PARTITIONS_PROCESSED 6750
<INFO 7d39b4df56c0> CORE::PARTITIONS_PROCESSED 6529
<INFO 7d39b45f46c0> CORE::PARTITIONS_PROCESSED 6962
<INFO 7d39b55f66c0> CORE::BYTES::EDGES_STREAMED 1144197540
<INFO 7d39ba6006c0> CORE::PARTITIONS_PROCESSED 6834
<INFO 7d39b3df36c0> CORE::PARTITIONS_PROCESSED 6548
<INFO 7d39b3df36c0> CORE::BYTES::EDGES_STREAMED 1296719736
<INFO 7d39b3df36c0> CORE::BYTES::UPDATES_OUT 826705200
<INFO 7d39b45f46c0> CORE::BYTES::EDGES_STREAMED 1144428612
<INFO 7d39b55f66c0> CORE::BYTES::UPDATES_OUT 729070864
<INFO 7d39b55f66c0> CORE::BYTES::UPDATES_IN 672937808
<INFO 7d39b7dfb6c0> CORE::PARTITIONS_PROCESSED 6478
<INFO 7d39b5df76c0> CORE::PARTITIONS_PROCESSED 6300
<INFO 7d39b7dfb6c0> CORE::BYTES::EDGES_STREAMED 1106260572
<INFO 7d39b7dfb6c0> CORE::BYTES::UPDATES_OUT 697724392
<INFO 7d39b85fc6c0> CORE::PARTITIONS_PROCESSED 6042
<INFO 7d39b3df36c0> CORE::BYTES::UPDATES_IN 688707528
<INFO 7d39b4df56c0> CORE::BYTES::EDGES_STREAMED 1117485612
<INFO 7d39b9dff6c0> CORE::PARTITIONS_PROCESSED 6415
<INFO 7d39bae016c0> CORE::PARTITIONS_PROCESSED 6399
<INFO 7d39b8dfd6c0> CORE::PARTITIONS_PROCESSED 6805
<INFO 7d39ba6006c0> CORE::BYTES::EDGES_STREAMED 1140179124
<INFO 7d39b85fc6c0> CORE::BYTES::EDGES_STREAMED 1196850672
<INFO 7d39b45f46c0> CORE::BYTES::UPDATES_OUT 730560856
<INFO 7d39b65f86c0> CORE::BYTES::EDGES_STREAMED 1077246420
<INFO 7d39b4df56c0> CORE::BYTES::UPDATES_OUT 705836256
<INFO 7d39b75fa6c0> CORE::PARTITIONS_PROCESSED 6623
<INFO 7d39b95fe6c0> CORE::PARTITIONS_PROCESSED 6369
<INFO 7d39bae016c0> CORE::BYTES::EDGES_STREAMED 1156755624
<INFO 7d39b7dfb6c0> CORE::BYTES::UPDATES_IN 682245336
<INFO 7d39b95fe6c0> CORE::BYTES::EDGES_STREAMED 1130329884
<INFO 7d39b95fe6c0> CORE::BYTES::UPDATES_OUT 720703496
<INFO 7d39b95fe6c0> CORE::BYTES::UPDATES_IN 671522024
<INFO 7d39b5df76c0> CORE::BYTES::EDGES_STREAMED 1166072328
<INFO 7d39b5df76c0> CORE::BYTES::UPDATES_OUT 744350016
<INFO 7d39b5df76c0> CORE::BYTES::UPDATES_IN 661717232
<INFO 7d39b45f46c0> CORE::BYTES::UPDATES_IN 729882920
<INFO 7d39b75fa6c0> CORE::BYTES::EDGES_STREAMED 1172928888
<INFO 7d39b6df96c0> CORE::PARTITIONS_PROCESSED 6606
<INFO 7d39b8dfd6c0> CORE::BYTES::EDGES_STREAMED 1094986968
<INFO 7d39ba6006c0> CORE::BYTES::UPDATES_OUT 726069536
<INFO 7d39ba6006c0> CORE::BYTES::UPDATES_IN 719985488
<INFO 7d39b65f86c0> CORE::BYTES::UPDATES_OUT 688065672
<INFO 7d39b65f86c0> CORE::BYTES::UPDATES_IN 708533784
<INFO 7d39b9dff6c0> CORE::BYTES::EDGES_STREAMED 1165811856
<INFO 7d39b9dff6c0> CORE::BYTES::UPDATES_OUT 731679992
<INFO 7d39b9dff6c0> CORE::BYTES::UPDATES_IN 677019528
<INFO 7d39bae016c0> CORE::BYTES::UPDATES_OUT 737068800
<INFO 7d39bae016c0> CORE::BYTES::UPDATES_IN 672777864
<INFO 7d39b75fa6c0> CORE::BYTES::UPDATES_OUT 750298600
<INFO 7d39b75fa6c0> CORE::BYTES::UPDATES_IN 695500528
<INFO 7d39b4df56c0> CORE::BYTES::UPDATES_IN 687757104
<INFO 7d39b8dfd6c0> CORE::BYTES::UPDATES_OUT 695887512
<INFO 7d39b8dfd6c0> CORE::BYTES::UPDATES_IN 717333272
<INFO 7d39b85fc6c0> CORE::BYTES::UPDATES_OUT 764165056
<INFO 7d39b85fc6c0> CORE::BYTES::UPDATES_IN 635216104
<INFO 7d39b6df96c0> CORE::BYTES::EDGES_STREAMED 1144376784
<INFO 7d39b6df96c0> CORE::BYTES::UPDATES_OUT 728401016
<INFO 7d39b6df96c0> CORE::BYTES::UPDATES_IN 696900800
<INFO 7d39c3c9c2c0> CORE::RUSAGE::MAX_RSS_KB 136828
<INFO 7d39c3c9c2c0> CORE::RUSAGE::MINFLT 33144
<INFO 7d39c3c9c2c0> CORE::RUSAGE::MAJFLT 0
<INFO 7d39c3c9c2c0> CORE::RUSAGE::MAJFLT 0
<INFO 7d39c3c9c2c0> CORE::RUSAGE::INBLK 57135696
<INFO 7d39c3c9c2c0> CORE::RUSAGE::OUBLK 22752312
<INFO 7d39c3c9c2c0> CORE::UTILS::BYTES_READ 29253476352
<INFO 7d39c3c9c2c0> CORE::UTILS::BYTES_WRITTEN 11649171456
<INFO 7d39c3c9c2c0> CORE::TIME::IO_WAIT 63.5126 seconds
<INFO 7d39c3c9c2c0> CORE::PHASES 22
<INFO 7d39c3c9c2c0> CORE::TIME::SETUP 0.068711 seconds
<INFO 7d39c3c9c2c0> CORE::TIME::STATE_ITER 0.317886 seconds
<INFO 7d39c3c9c2c0> CORE::TIME::GATHER 48.9924 seconds
<INFO 7d39c3c9c2c0> CORE::TIME::SCATTER 115.532 seconds
<INFO 7d39c3c9c2c0> TIME_IN_PC_FN 3.00264 seconds
<INFO 7d39c3c9c2c0> CORE::TIME::WALL 165.873 seconds
<INFO 7d39c3c9c2c0> SHUTDOWN
