<INFO 733224e9c2c0> STARTUP
<INFO 733224e9c2c0> CORE::GRAPH soc-LiveJournal1-dir
<INFO 733224e9c2c0> CORE::ALGORITHM pagerank
<INFO 733224e9c2c0> SG-DRIVER-ORIGINAL
<WARNING 733224e9c2c0> Disk count not specified, assuming it to be 1
<INFO 733224e9c2c0> CORE::CONFIG::PROCESSORS 16
<INFO 733224e9c2c0> CORE::CONFIG::PHYSICAL_MEMORY 2147483648
<INFO 733224e9c2c0> CORE::CONFIG::VERTICES 4847571
<INFO 733224e9c2c0> CORE::CONFIG::VERTEX_SIZE 12
<INFO 733224e9c2c0> CORE::CONFIG::VERTEX_BUFFER 58171392
<INFO 733224e9c2c0> CORE::CONFIG::EDGES 68993773
<INFO 733224e9c2c0> CORE::CONFIG::PARTITIONS 128
<INFO 733224e9c2c0> CORE::CONFIG::FANOUT 128
<INFO 733224e9c2c0> CORE::CONFIG::SUPER_PARTITIONS 1
<INFO 733224e9c2c0> CORE::CONFIG::STREAM_UNIT 16777216
<INFO 733224e9c2c0> CORE::CONFIG::BUFFER_SIZE 414500556
<INFO 733224e9c2c0> CORE::CONFIG::IO_NUMIOQS 1
<INFO 733224e9c2c0> CORE::CONFIG::MAX_BUFFERS 4
<INFO 733224e9c2c0> CORE::CONFIG::MAX_STREAMS 5
<WARNING 733224e9c2c0> No mount point specified for disk0, falling back to current directory
my size is 827925276
<INFO 733224e9c2c0> CORE::PARTITIONS_PROCESSED 297
<INFO 733224e9c2c0> CORE::BYTES::EDGES_STREAMED 1163807844
<INFO 733224e9c2c0> CORE::BYTES::UPDATES_OUT 737180392
<INFO 733224e9c2c0> CORE::BYTES::UPDATES_IN 651961632
<INFO 73319e7f86c0> CORE::PARTITIONS_PROCESSED 323
<INFO 73319e7f86c0> CORE::BYTES::EDGES_STREAMED 1113604188
<INFO 73319e7f86c0> CORE::BYTES::UPDATES_OUT 705962600
<INFO 73319e7f86c0> CORE::BYTES::UPDATES_IN 689753048
<INFO 73319d7f66c0> CORE::PARTITIONS_PROCESSED 339
<INFO 73319d7f66c0> CORE::BYTES::EDGES_STREAMED 1115161152
<INFO 73319d7f66c0> CORE::BYTES::UPDATES_OUT 713361376
<INFO 73319d7f66c0> CORE::BYTES::UPDATES_IN 735832840
<INFO 73319fffb6c0> CORE::PARTITIONS_PROCESSED 325
<INFO 73319fffb6c0> CORE::BYTES::EDGES_STREAMED 1200520188
<INFO 73319fffb6c0> CORE::BYTES::UPDATES_OUT 765531936
<INFO 73319fffb6c0> CORE::BYTES::UPDATES_IN 719249128
<INFO 73319eff96c0> CORE::PARTITIONS_PROCESSED 317
<INFO 73319eff96c0> CORE::BYTES::EDGES_STREAMED 1146739920
<INFO 73319eff96c0> CORE::BYTES::UPDATES_OUT 732239744
<INFO 7331a38026c0> CORE::PARTITIONS_PROCESSED 330
<INFO 73319dff76c0> CORE::PARTITIONS_PROCESSED 305
<INFO 73319eff96c0> CORE::BYTES::UPDATES_IN 689529864
<INFO 7331a38026c0> CORE::BYTES::EDGES_STREAMED 1190168844
<INFO 7331a28006c0> CORE::PARTITIONS_PROCESSED 300
<INFO 73319f7fa6c0> CORE::PARTITIONS_PROCESSED 318
<INFO 7331a40036c0> CORE::PARTITIONS_PROCESSED 329
<INFO 73319f7fa6c0> CORE::BYTES::EDGES_STREAMED 1143828180
<INFO 73319f7fa6c0> CORE::BYTES::UPDATES_OUT 717277952
<INFO 7331a0ffd6c0> CORE::PARTITIONS_PROCESSED 310
<INFO 7331a0ffd6c0> CORE::BYTES::EDGES_STREAMED 1153071960
<INFO 73319dff76c0> CORE::BYTES::EDGES_STREAMED 1129805772
<INFO 7331a1fff6c0> CORE::PARTITIONS_PROCESSED 316
<INFO 7331a28006c0> CORE::BYTES::EDGES_STREAMED 1126804608
<INFO 7331a1fff6c0> CORE::BYTES::EDGES_STREAMED 1130125752
<INFO 7331a1fff6c0> CORE::BYTES::UPDATES_OUT 718793984
<INFO 7331a1fff6c0> CORE::BYTES::UPDATES_IN 676435496
<INFO 7331a07fc6c0> CORE::PARTITIONS_PROCESSED 324
<INFO 7331a40036c0> CORE::BYTES::EDGES_STREAMED 1103846088
<INFO 7331a40036c0> CORE::BYTES::UPDATES_OUT 690637568
<INFO 7331a40036c0> CORE::BYTES::UPDATES_IN 692328904
<INFO 7331a17fe6c0> CORE::PARTITIONS_PROCESSED 333
<INFO 73319f7fa6c0> CORE::BYTES::UPDATES_IN 689084400
<INFO 7331a30016c0> CORE::PARTITIONS_PROCESSED 323
<INFO 7331a0ffd6c0> CORE::BYTES::UPDATES_OUT 716879520
<INFO 7331a0ffd6c0> CORE::BYTES::UPDATES_IN 678518200
<INFO 7331a30016c0> CORE::BYTES::EDGES_STREAMED 1112344620
<INFO 73319dff76c0> CORE::BYTES::UPDATES_OUT 722918176
<INFO 7331a07fc6c0> CORE::BYTES::EDGES_STREAMED 1137022092
<INFO 7331a07fc6c0> CORE::BYTES::UPDATES_OUT 723514928
<INFO 7331a17fe6c0> CORE::BYTES::EDGES_STREAMED 1102249080
<INFO 7331a17fe6c0> CORE::BYTES::UPDATES_OUT 715425616
<INFO 7331a17fe6c0> CORE::BYTES::UPDATES_IN 700037864
<INFO 7331a30016c0> CORE::BYTES::UPDATES_OUT 717845544
<INFO 7331a30016c0> CORE::BYTES::UPDATES_IN 700832696
<INFO 73319cff56c0> CORE::PARTITIONS_PROCESSED 331
<INFO 7331a28006c0> CORE::BYTES::UPDATES_OUT 723084136
<INFO 7331a28006c0> CORE::BYTES::UPDATES_IN 647689024
<INFO 73319dff76c0> CORE::BYTES::UPDATES_IN 658494784
<INFO 73319cff56c0> CORE::BYTES::EDGES_STREAMED 1145255784
<INFO 73319cff56c0> CORE::BYTES::UPDATES_OUT 729129992
<INFO 73319cff56c0> CORE::BYTES::UPDATES_IN 695322248
<INFO 7331a38026c0> CORE::BYTES::UPDATES_OUT 761170400
<INFO 7331a38026c0> CORE::BYTES::UPDATES_IN 711085008
<INFO 7331a07fc6c0> CORE::BYTES::UPDATES_IN 702848544
<INFO 733224e9c2c0> CORE::RUSAGE::MAX_RSS_KB 2102728
<INFO 733224e9c2c0> CORE::RUSAGE::MINFLT 524680
<INFO 733224e9c2c0> CORE::RUSAGE::MAJFLT 0
<INFO 733224e9c2c0> CORE::RUSAGE::MAJFLT 0
<INFO 733224e9c2c0> CORE::RUSAGE::INBLK 57135696
<INFO 733224e9c2c0> CORE::RUSAGE::OUBLK 22752312
<INFO 733224e9c2c0> CORE::UTILS::BYTES_READ 29253476352
<INFO 733224e9c2c0> CORE::UTILS::BYTES_WRITTEN 11649171456
<INFO 733224e9c2c0> CORE::TIME::IO_WAIT 129.261 seconds
<INFO 733224e9c2c0> CORE::PHASES 22
<INFO 733224e9c2c0> CORE::TIME::SETUP 0.8762 seconds
<INFO 733224e9c2c0> CORE::TIME::STATE_ITER 0.328036 seconds
<INFO 733224e9c2c0> CORE::TIME::GATHER 29.2253 seconds
<INFO 733224e9c2c0> CORE::TIME::SCATTER 110.93 seconds
<INFO 733224e9c2c0> TIME_IN_PC_FN 2.2923 seconds
<INFO 733224e9c2c0> CORE::TIME::WALL 174.937 seconds
<INFO 733224e9c2c0> SHUTDOWN
