<INFO 7357bbae02c0> STARTUP
<INFO 7357bbae02c0> CORE::GRAPH soc-LiveJournal1-sym
<INFO 7357bbae02c0> CORE::ALGORITHM cc
<INFO 7357bbae02c0> SG-DRIVER-ORIGINAL
<WARNING 7357bbae02c0> Disk count not specified, assuming it to be 1
<INFO 7357bbae02c0> CORE::CONFIG::PROCESSORS 16
<INFO 7357bbae02c0> CORE::CONFIG::PHYSICAL_MEMORY 268435456
<INFO 7357bbae02c0> CORE::CONFIG::VERTICES 4847571
<INFO 7357bbae02c0> CORE::CONFIG::VERTEX_SIZE 13
<INFO 7357bbae02c0> CORE::CONFIG::VERTEX_BUFFER 63021056
<INFO 7357bbae02c0> CORE::CONFIG::EDGES 137469164
<INFO 7357bbae02c0> CORE::CONFIG::PARTITIONS 128
<INFO 7357bbae02c0> CORE::CONFIG::FANOUT 128
<INFO 7357bbae02c0> CORE::CONFIG::SUPER_PARTITIONS 1
<INFO 7357bbae02c0> CORE::CONFIG::STREAM_UNIT 16777216
<INFO 7357bbae02c0> CORE::CONFIG::BUFFER_SIZE 37720985
<INFO 7357bbae02c0> CORE::CONFIG::IO_NUMIOQS 1
<INFO 7357bbae02c0> CORE::CONFIG::MAX_BUFFERS 4
<INFO 7357bbae02c0> CORE::CONFIG::MAX_STREAMS 5
<WARNING 7357bbae02c0> No mount point specified for disk0, falling back to current directory
my size is 1649629968
<INFO 7357bbae02c0> ALGORITHM::CC::CC_COUNT 1876
<INFO 7357bbae02c0> CORE::PARTITIONS_PROCESSED 1042
<INFO 7357bbae02c0> CORE::BYTES::EDGES_STREAMED 1004724264
<INFO 7357bbae02c0> CORE::BYTES::UPDATES_OUT 329796208
<INFO 7357bbae02c0> CORE::BYTES::UPDATES_IN 294489280
<INFO 7357a83fd6c0> CORE::PARTITIONS_PROCESSED 1218
<INFO 7357a83fd6c0> CORE::BYTES::EDGES_STREAMED 1098113472
<INFO 7357a83fd6c0> CORE::BYTES::UPDATES_OUT 304020536
<INFO 7357a83fd6c0> CORE::BYTES::UPDATES_IN 344293776
<INFO 7357a7bfc6c0> CORE::PARTITIONS_PROCESSED 1156
<INFO 7357a7bfc6c0> CORE::BYTES::EDGES_STREAMED 1166191620
<INFO 7357a7bfc6c0> CORE::BYTES::UPDATES_OUT 322929240
<INFO 7357a7bfc6c0> CORE::BYTES::UPDATES_IN 312507728
<INFO 7357a63f96c0> CORE::PARTITIONS_PROCESSED 1176
<INFO 7357a63f96c0> CORE::BYTES::EDGES_STREAMED 1127685048
<INFO 7357a63f96c0> CORE::BYTES::UPDATES_OUT 316344856
<INFO 7357a63f96c0> CORE::BYTES::UPDATES_IN 325335536
<INFO 7357a4bf66c0> CORE::PARTITIONS_PROCESSED 1067
<INFO 7357a4bf66c0> CORE::BYTES::EDGES_STREAMED 1102032012
<INFO 7357a4bf66c0> CORE::BYTES::UPDATES_OUT 310255376
<INFO 7357a4bf66c0> CORE::BYTES::UPDATES_IN 301502928
<INFO 7357a9c006c0> CORE::PARTITIONS_PROCESSED 1222
<INFO 7357a9c006c0> CORE::BYTES::EDGES_STREAMED 1154844612
<INFO 7357a9c006c0> CORE::BYTES::UPDATES_OUT 338796064
<INFO 7357a9c006c0> CORE::BYTES::UPDATES_IN 341698392
<INFO 7357aac026c0> CORE::PARTITIONS_PROCESSED 1096
<INFO 7357a5bf86c0> CORE::PARTITIONS_PROCESSED 1180
<INFO 7357aac026c0> CORE::BYTES::EDGES_STREAMED 1172626632
<INFO 7357a5bf86c0> CORE::BYTES::EDGES_STREAMED 1123683768
<INFO 7357a5bf86c0> CORE::BYTES::UPDATES_OUT 311696488
<INFO 7357aac026c0> CORE::BYTES::UPDATES_OUT 332756344
<INFO 7357aac026c0> CORE::BYTES::UPDATES_IN 300402208
<INFO 7357a3bf46c0> CORE::PARTITIONS_PROCESSED 1137
<INFO 7357a73fb6c0> CORE::PARTITIONS_PROCESSED 1098
<INFO 7357a73fb6c0> CORE::BYTES::EDGES_STREAMED 1092580680
<INFO 7357a73fb6c0> CORE::BYTES::UPDATES_OUT 320501680
<INFO 7357a73fb6c0> CORE::BYTES::UPDATES_IN 309274888
<INFO 7357a8bfe6c0> CORE::PARTITIONS_PROCESSED 1243
<INFO 7357a6bfa6c0> CORE::PARTITIONS_PROCESSED 1254
<INFO 7357a8bfe6c0> CORE::BYTES::EDGES_STREAMED 1126151892
<INFO 7357a6bfa6c0> CORE::BYTES::EDGES_STREAMED 1150646172
<INFO 7357a6bfa6c0> CORE::BYTES::UPDATES_OUT 317437936
<INFO 7357a6bfa6c0> CORE::BYTES::UPDATES_IN 347574312
<INFO 7357a8bfe6c0> CORE::BYTES::UPDATES_OUT 319526000
<INFO 7357a8bfe6c0> CORE::BYTES::UPDATES_IN 358416504
<INFO 7357a3bf46c0> CORE::BYTES::EDGES_STREAMED 1146768372
<INFO 7357a3bf46c0> CORE::BYTES::UPDATES_OUT 336991712
<INFO 7357aa4016c0> CORE::PARTITIONS_PROCESSED 1132
<INFO 7357a5bf86c0> CORE::BYTES::UPDATES_IN 310502808
<INFO 7357aa4016c0> CORE::BYTES::EDGES_STREAMED 1095434976
<INFO 7357a53f76c0> CORE::PARTITIONS_PROCESSED 1063
<INFO 7357aa4016c0> CORE::BYTES::UPDATES_OUT 306357280
<INFO 7357a3bf46c0> CORE::BYTES::UPDATES_IN 314066008
<INFO 7357aa4016c0> CORE::BYTES::UPDATES_IN 301716136
<INFO 7357a53f76c0> CORE::BYTES::EDGES_STREAMED 1129357848
<INFO 7357a53f76c0> CORE::BYTES::UPDATES_OUT 315082936
<INFO 7357a53f76c0> CORE::BYTES::UPDATES_IN 294594888
<INFO 7357a93ff6c0> CORE::PARTITIONS_PROCESSED 1201
<INFO 7357a93ff6c0> CORE::BYTES::EDGES_STREAMED 1131084000
<INFO 7357a93ff6c0> CORE::BYTES::UPDATES_OUT 335103928
<INFO 7357a93ff6c0> CORE::BYTES::UPDATES_IN 338953504
<INFO 7357a43f56c0> CORE::PARTITIONS_PROCESSED 1122
<INFO 7357a43f56c0> CORE::BYTES::EDGES_STREAMED 1105411608
<INFO 7357a43f56c0> CORE::BYTES::UPDATES_OUT 286345952
<INFO 7357a43f56c0> CORE::BYTES::UPDATES_IN 308613640
<INFO 7357bbae02c0> CORE::RUSAGE::MAX_RSS_KB 267532
<INFO 7357bbae02c0> CORE::RUSAGE::MINFLT 65905
<INFO 7357bbae02c0> CORE::RUSAGE::MAJFLT 0
<INFO 7357bbae02c0> CORE::RUSAGE::MAJFLT 0
<INFO 7357bbae02c0> CORE::RUSAGE::INBLK 51853848
<INFO 7357bbae02c0> CORE::RUSAGE::OUBLK 10091792
<INFO 7357bbae02c0> CORE::UTILS::BYTES_READ 26549170176
<INFO 7357bbae02c0> CORE::UTILS::BYTES_WRITTEN 5166985216
<INFO 7357bbae02c0> CORE::TIME::IO_WAIT 92.2775 seconds
<INFO 7357bbae02c0> CORE::PHASES 13
<INFO 7357bbae02c0> CORE::TIME::SETUP 0.125299 seconds
<INFO 7357bbae02c0> CORE::TIME::STATE_ITER 0.028202 seconds
<INFO 7357bbae02c0> CORE::TIME::GATHER 14.2702 seconds
<INFO 7357bbae02c0> CORE::TIME::SCATTER 115.915 seconds
<INFO 7357bbae02c0> TIME_IN_PC_FN 1.92368 seconds
<INFO 7357bbae02c0> CORE::TIME::WALL 131.342 seconds
<INFO 7357bbae02c0> SHUTDOWN
