<INFO 73da7daed2c0> STARTUP
<INFO 73da7daed2c0> CORE::GRAPH soc-LiveJournal1-sym
<INFO 73da7daed2c0> CORE::ALGORITHM cc
<INFO 73da7daed2c0> SG-DRIVER-ORIGINAL
<WARNING 73da7daed2c0> Disk count not specified, assuming it to be 1
<INFO 73da7daed2c0> CORE::CONFIG::PROCESSORS 16
<INFO 73da7daed2c0> CORE::CONFIG::PHYSICAL_MEMORY 536870912
<INFO 73da7daed2c0> CORE::CONFIG::VERTICES 4847571
<INFO 73da7daed2c0> CORE::CONFIG::VERTEX_SIZE 13
<INFO 73da7daed2c0> CORE::CONFIG::VERTEX_BUFFER 63021056
<INFO 73da7daed2c0> CORE::CONFIG::EDGES 137469164
<INFO 73da7daed2c0> CORE::CONFIG::PARTITIONS 128
<INFO 73da7daed2c0> CORE::CONFIG::FANOUT 128
<INFO 73da7daed2c0> CORE::CONFIG::SUPER_PARTITIONS 1
<INFO 73da7daed2c0> CORE::CONFIG::STREAM_UNIT 16777216
<INFO 73da7daed2c0> CORE::CONFIG::BUFFER_SIZE 91408076
<INFO 73da7daed2c0> CORE::CONFIG::IO_NUMIOQS 1
<INFO 73da7daed2c0> CORE::CONFIG::MAX_BUFFERS 4
<INFO 73da7daed2c0> CORE::CONFIG::MAX_STREAMS 5
<WARNING 73da7daed2c0> No mount point specified for disk0, falling back to current directory
my size is 1649629968
<INFO 73da7daed2c0> ALGORITHM::CC::CC_COUNT 1876
<INFO 73da7daed2c0> CORE::PARTITIONS_PROCESSED 499
<INFO 73da7daed2c0> CORE::BYTES::EDGES_STREAMED 1140651888
<INFO 73da7daed2c0> CORE::BYTES::UPDATES_OUT 326309032
<INFO 73da7daed2c0> CORE::BYTES::UPDATES_IN 326935216
<INFO 73da5cc036c0> CORE::PARTITIONS_PROCESSED 537
<INFO 73da583fa6c0> CORE::PARTITIONS_PROCESSED 520
<INFO 73da5abff6c0> CORE::PARTITIONS_PROCESSED 456
<INFO 73da57bf96c0> CORE::PARTITIONS_PROCESSED 551
<INFO 73da57bf96c0> CORE::BYTES::EDGES_STREAMED 1119018912
<INFO 73da583fa6c0> CORE::BYTES::EDGES_STREAMED 1101024768
<INFO 73da583fa6c0> CORE::BYTES::UPDATES_OUT 301891576
<INFO 73da5abff6c0> CORE::BYTES::EDGES_STREAMED 1102188300
<INFO 73da5a3fe6c0> CORE::PARTITIONS_PROCESSED 474
<INFO 73da5c4026c0> CORE::PARTITIONS_PROCESSED 520
<INFO 73da563f66c0> CORE::PARTITIONS_PROCESSED 513
<INFO 73da563f66c0> CORE::BYTES::EDGES_STREAMED 1106542404
<INFO 73da563f66c0> CORE::BYTES::UPDATES_OUT 310287920
<INFO 73da563f66c0> CORE::BYTES::UPDATES_IN 315758024
<INFO 73da57bf96c0> CORE::BYTES::UPDATES_OUT 319060248
<INFO 73da57bf96c0> CORE::BYTES::UPDATES_IN 329617864
<INFO 73da5b4006c0> CORE::PARTITIONS_PROCESSED 585
<INFO 73da5b4006c0> CORE::BYTES::EDGES_STREAMED 1145331600
<INFO 73da5a3fe6c0> CORE::BYTES::EDGES_STREAMED 1052154312
<INFO 73da583fa6c0> CORE::BYTES::UPDATES_IN 319134136
<INFO 73da5bc016c0> CORE::PARTITIONS_PROCESSED 538
<INFO 73da59bfd6c0> CORE::PARTITIONS_PROCESSED 569
<INFO 73da5a3fe6c0> CORE::BYTES::UPDATES_OUT 297530304
<INFO 73da5a3fe6c0> CORE::BYTES::UPDATES_IN 285831784
<INFO 73da59bfd6c0> CORE::BYTES::EDGES_STREAMED 1136091372
<INFO 73da58bfb6c0> CORE::PARTITIONS_PROCESSED 516
<INFO 73da5abff6c0> CORE::BYTES::UPDATES_OUT 317928920
<INFO 73da5c4026c0> CORE::BYTES::EDGES_STREAMED 1139839464
<INFO 73da5b4006c0> CORE::BYTES::UPDATES_OUT 327925864
<INFO 73da5b4006c0> CORE::BYTES::UPDATES_IN 360843584
<INFO 73da56bf76c0> CORE::PARTITIONS_PROCESSED 514
<INFO 73da593fc6c0> CORE::PARTITIONS_PROCESSED 499
<INFO 73da58bfb6c0> CORE::BYTES::EDGES_STREAMED 1099454700
<INFO 73da58bfb6c0> CORE::BYTES::UPDATES_OUT 309276336
<INFO 73da5c4026c0> CORE::BYTES::UPDATES_OUT 327224840
<INFO 73da5bc016c0> CORE::BYTES::EDGES_STREAMED 1159857300
<INFO 73da5cc036c0> CORE::BYTES::EDGES_STREAMED 1172089236
<INFO 73da5cc036c0> CORE::BYTES::UPDATES_OUT 347833248
<INFO 73da55bf56c0> CORE::PARTITIONS_PROCESSED 485
<INFO 73da58bfb6c0> CORE::BYTES::UPDATES_IN 308627608
<INFO 73da55bf56c0> CORE::BYTES::EDGES_STREAMED 1116050388
<INFO 73da55bf56c0> CORE::BYTES::UPDATES_OUT 315705160
<INFO 73da55bf56c0> CORE::BYTES::UPDATES_IN 304461360
<INFO 73da56bf76c0> CORE::BYTES::EDGES_STREAMED 1109375292
<INFO 73da56bf76c0> CORE::BYTES::UPDATES_OUT 316812776
<INFO 73da5bc016c0> CORE::BYTES::UPDATES_OUT 337825568
<INFO 73da5bc016c0> CORE::BYTES::UPDATES_IN 336183424
<INFO 73da59bfd6c0> CORE::BYTES::UPDATES_OUT 323069280
<INFO 73da59bfd6c0> CORE::BYTES::UPDATES_IN 341352640
<INFO 73da573f86c0> CORE::PARTITIONS_PROCESSED 519
<INFO 73da573f86c0> CORE::BYTES::EDGES_STREAMED 1128694896
<INFO 73da573f86c0> CORE::BYTES::UPDATES_OUT 313620400
<INFO 73da573f86c0> CORE::BYTES::UPDATES_IN 313692416
<INFO 73da5c4026c0> CORE::BYTES::UPDATES_IN 310793176
<INFO 73da593fc6c0> CORE::BYTES::EDGES_STREAMED 1098972144
<INFO 73da593fc6c0> CORE::BYTES::UPDATES_OUT 311641064
<INFO 73da593fc6c0> CORE::BYTES::UPDATES_IN 310027968
<INFO 73da56bf76c0> CORE::BYTES::UPDATES_IN 325664648
<INFO 73da5abff6c0> CORE::BYTES::UPDATES_IN 290162816
<INFO 73da5cc036c0> CORE::BYTES::UPDATES_IN 324855872
<INFO 73da7daed2c0> CORE::RUSAGE::MAX_RSS_KB 530012
<INFO 73da7daed2c0> CORE::RUSAGE::MINFLT 131451
<INFO 73da7daed2c0> CORE::RUSAGE::MAJFLT 0
<INFO 73da7daed2c0> CORE::RUSAGE::MAJFLT 0
<INFO 73da7daed2c0> CORE::RUSAGE::INBLK 51853848
<INFO 73da7daed2c0> CORE::RUSAGE::OUBLK 10091792
<INFO 73da7daed2c0> CORE::UTILS::BYTES_READ 26549170176
<INFO 73da7daed2c0> CORE::UTILS::BYTES_WRITTEN 5166985216
<INFO 73da7daed2c0> CORE::TIME::IO_WAIT 91.2817 seconds
<INFO 73da7daed2c0> CORE::PHASES 13
<INFO 73da7daed2c0> CORE::TIME::SETUP 0.229025 seconds
<INFO 73da7daed2c0> CORE::TIME::STATE_ITER 0.020677 seconds
<INFO 73da7daed2c0> CORE::TIME::GATHER 12.1801 seconds
<INFO 73da7daed2c0> CORE::TIME::SCATTER 98.529 seconds
<INFO 73da7daed2c0> TIME_IN_PC_FN 2.07596 seconds
<INFO 73da7daed2c0> CORE::TIME::WALL 111.402 seconds
<INFO 73da7daed2c0> SHUTDOWN
