<INFO 78eeed7442c0> STARTUP
<INFO 78eeed7442c0> CORE::GRAPH soc-LiveJournal1-dir
<INFO 78eeed7442c0> CORE::ALGORITHM pagerank
<INFO 78eeed7442c0> SG-DRIVER-ORIGINAL
<WARNING 78eeed7442c0> Disk count not specified, assuming it to be 1
<INFO 78eeed7442c0> CORE::CONFIG::PROCESSORS 16
<INFO 78eeed7442c0> CORE::CONFIG::PHYSICAL_MEMORY 536870912
<INFO 78eeed7442c0> CORE::CONFIG::VERTICES 4847571
<INFO 78eeed7442c0> CORE::CONFIG::VERTEX_SIZE 12
<INFO 78eeed7442c0> CORE::CONFIG::VERTEX_BUFFER 58171392
<INFO 78eeed7442c0> CORE::CONFIG::EDGES 68993773
<INFO 78eeed7442c0> CORE::CONFIG::PARTITIONS 128
<INFO 78eeed7442c0> CORE::CONFIG::FANOUT 128
<INFO 78eeed7442c0> CORE::CONFIG::SUPER_PARTITIONS 1
<INFO 78eeed7442c0> CORE::CONFIG::STREAM_UNIT 16777216
<INFO 78eeed7442c0> CORE::CONFIG::BUFFER_SIZE 92378009
<INFO 78eeed7442c0> CORE::CONFIG::IO_NUMIOQS 1
<INFO 78eeed7442c0> CORE::CONFIG::MAX_BUFFERS 4
<INFO 78eeed7442c0> CORE::CONFIG::MAX_STREAMS 5
<WARNING 78eeed7442c0> No mount point specified for disk0, falling back to current directory
my size is 827925276
<INFO 78eeed7442c0> CORE::PARTITIONS_PROCESSED 1045
<INFO 78eeed7442c0> CORE::BYTES::EDGES_STREAMED 1186074396
<INFO 78eeed7442c0> CORE::BYTES::UPDATES_OUT 769272888
<INFO 78eeed7442c0> CORE::BYTES::UPDATES_IN 751074928
<INFO 78eec57f46c0> CORE::PARTITIONS_PROCESSED 925
<INFO 78eec97fc6c0> CORE::PARTITIONS_PROCESSED 984
<INFO 78eeca7fe6c0> CORE::PARTITIONS_PROCESSED 984
<INFO 78eeca7fe6c0> CORE::BYTES::EDGES_STREAMED 1110746676
<INFO 78eeca7fe6c0> CORE::BYTES::UPDATES_OUT 711719520
<INFO 78eec97fc6c0> CORE::BYTES::EDGES_STREAMED 1194109212
<INFO 78eec7ff96c0> CORE::PARTITIONS_PROCESSED 960
<INFO 78eec7ff96c0> CORE::BYTES::EDGES_STREAMED 1108240140
<INFO 78eec7ff96c0> CORE::BYTES::UPDATES_OUT 708666328
<INFO 78eec7ff96c0> CORE::BYTES::UPDATES_IN 689345640
<INFO 78eec9ffd6c0> CORE::PARTITIONS_PROCESSED 967
<INFO 78eec67f66c0> CORE::PARTITIONS_PROCESSED 928
<INFO 78eec9ffd6c0> CORE::BYTES::EDGES_STREAMED 1139313996
<INFO 78eec9ffd6c0> CORE::BYTES::UPDATES_OUT 715993584
<INFO 78eec8ffb6c0> CORE::PARTITIONS_PROCESSED 950
<INFO 78eec57f46c0> CORE::BYTES::EDGES_STREAMED 1091626860
<INFO 78eecb8006c0> CORE::PARTITIONS_PROCESSED 932
<INFO 78eecb8006c0> CORE::BYTES::EDGES_STREAMED 1214116440
<INFO 78eecb8006c0> CORE::BYTES::UPDATES_OUT 764123248
<INFO 78eec97fc6c0> CORE::BYTES::UPDATES_OUT 761450104
<INFO 78eec57f46c0> CORE::BYTES::UPDATES_OUT 693358304
<INFO 78eec57f46c0> CORE::BYTES::UPDATES_IN 664601832
<INFO 78eec8ffb6c0> CORE::BYTES::EDGES_STREAMED 1143581928
<INFO 78eec8ffb6c0> CORE::BYTES::UPDATES_OUT 716543104
<INFO 78eeca7fe6c0> CORE::BYTES::UPDATES_IN 708953376
<INFO 78eecb8006c0> CORE::BYTES::UPDATES_IN 672903696
<INFO 78eec77f86c0> CORE::PARTITIONS_PROCESSED 894
<INFO 78eec77f86c0> CORE::BYTES::EDGES_STREAMED 1157684328
<INFO 78eecc8026c0> CORE::PARTITIONS_PROCESSED 925
<INFO 78eec67f66c0> CORE::BYTES::EDGES_STREAMED 1122183408
<INFO 78eecc0016c0> CORE::PARTITIONS_PROCESSED 945
<INFO 78eec6ff76c0> CORE::PARTITIONS_PROCESSED 976
<INFO 78eec67f66c0> CORE::BYTES::UPDATES_OUT 725894704
<INFO 78eecc8026c0> CORE::BYTES::EDGES_STREAMED 1115630220
<INFO 78eec67f66c0> CORE::BYTES::UPDATES_IN 668533896
<INFO 78eec5ff56c0> CORE::PARTITIONS_PROCESSED 1039
<INFO 78eec97fc6c0> CORE::BYTES::UPDATES_IN 708023464
<INFO 78eec87fa6c0> CORE::PARTITIONS_PROCESSED 936
<INFO 78eec5ff56c0> CORE::BYTES::EDGES_STREAMED 1153605420
<INFO 78eecafff6c0> CORE::PARTITIONS_PROCESSED 970
<INFO 78eecc0016c0> CORE::BYTES::EDGES_STREAMED 1144410240
<INFO 78eecc0016c0> CORE::BYTES::UPDATES_OUT 729574512
<INFO 78eec8ffb6c0> CORE::BYTES::UPDATES_IN 680930520
<INFO 78eec5ff56c0> CORE::BYTES::UPDATES_OUT 727476312
<INFO 78eec5ff56c0> CORE::BYTES::UPDATES_IN 743694824
<INFO 78eecc8026c0> CORE::BYTES::UPDATES_OUT 712741136
<INFO 78eecc8026c0> CORE::BYTES::UPDATES_IN 664323000
<INFO 78eecc0016c0> CORE::BYTES::UPDATES_IN 678707624
<INFO 78eec87fa6c0> CORE::BYTES::EDGES_STREAMED 1109469864
<INFO 78eec87fa6c0> CORE::BYTES::UPDATES_OUT 707286168
<INFO 78eec87fa6c0> CORE::BYTES::UPDATES_IN 674874008
<INFO 78eecafff6c0> CORE::BYTES::EDGES_STREAMED 1076687436
<INFO 78eecafff6c0> CORE::BYTES::UPDATES_OUT 678190952
<INFO 78eecafff6c0> CORE::BYTES::UPDATES_IN 700368144
<INFO 78eec6ff76c0> CORE::BYTES::EDGES_STREAMED 1146875508
<INFO 78eec6ff76c0> CORE::BYTES::UPDATES_OUT 734689768
<INFO 78eec6ff76c0> CORE::BYTES::UPDATES_IN 695862952
<INFO 78eec9ffd6c0> CORE::BYTES::UPDATES_IN 695105656
<INFO 78eec77f86c0> CORE::BYTES::UPDATES_OUT 733973232
<INFO 78eec77f86c0> CORE::BYTES::UPDATES_IN 641700120
<INFO 78eeed7442c0> CORE::RUSAGE::MAX_RSS_KB 529816
<INFO 78eeed7442c0> CORE::RUSAGE::MINFLT 131451
<INFO 78eeed7442c0> CORE::RUSAGE::MAJFLT 0
<INFO 78eeed7442c0> CORE::RUSAGE::MAJFLT 0
<INFO 78eeed7442c0> CORE::RUSAGE::INBLK 57135696
<INFO 78eeed7442c0> CORE::RUSAGE::OUBLK 22752312
<INFO 78eeed7442c0> CORE::UTILS::BYTES_READ 29253476352
<INFO 78eeed7442c0> CORE::UTILS::BYTES_WRITTEN 11649171456
<INFO 78eeed7442c0> CORE::TIME::IO_WAIT 154.338 seconds
<INFO 78eeed7442c0> CORE::PHASES 22
<INFO 78eeed7442c0> CORE::TIME::SETUP 0.230569 seconds
<INFO 78eeed7442c0> CORE::TIME::STATE_ITER 0.391086 seconds
<INFO 78eeed7442c0> CORE::TIME::GATHER 41.336 seconds
<INFO 78eeed7442c0> CORE::TIME::SCATTER 135.598 seconds
<INFO 78eeed7442c0> TIME_IN_PC_FN 2.62526 seconds
<INFO 78eeed7442c0> CORE::TIME::WALL 185.449 seconds
<INFO 78eeed7442c0> SHUTDOWN
