<INFO 70e777b5a2c0> STARTUP
<INFO 70e777b5a2c0> CORE::GRAPH soc-LiveJournal1-sym
<INFO 70e777b5a2c0> CORE::ALGORITHM cc
<INFO 70e777b5a2c0> SG-DRIVER-ORIGINAL
<WARNING 70e777b5a2c0> Disk count not specified, assuming it to be 1
<INFO 70e777b5a2c0> CORE::CONFIG::PROCESSORS 16
<INFO 70e777b5a2c0> CORE::CONFIG::PHYSICAL_MEMORY 8589934592
<INFO 70e777b5a2c0> CORE::CONFIG::VERTICES 4847571
<INFO 70e777b5a2c0> CORE::CONFIG::VERTEX_SIZE 13
<INFO 70e777b5a2c0> CORE::CONFIG::VERTEX_BUFFER 63021056
<INFO 70e777b5a2c0> CORE::CONFIG::EDGES 137469164
<INFO 70e777b5a2c0> CORE::CONFIG::PARTITIONS 128
<INFO 70e777b5a2c0> CORE::CONFIG::FANOUT 128
<INFO 70e777b5a2c0> CORE::CONFIG::SUPER_PARTITIONS 1
<INFO 70e777b5a2c0> CORE::CONFIG::STREAM_UNIT 16777216
<INFO 70e777b5a2c0> CORE::CONFIG::BUFFER_SIZE 1702020812
<INFO 70e777b5a2c0> CORE::CONFIG::IO_NUMIOQS 1
<INFO 70e777b5a2c0> CORE::CONFIG::MAX_BUFFERS 4
<INFO 70e777b5a2c0> CORE::CONFIG::MAX_STREAMS 5
<WARNING 70e777b5a2c0> No mount point specified for disk0, falling back to current directory
my size is 1649629968
<INFO 70e777b5a2c0> ALGORITHM::CC::CC_COUNT 1876
<INFO 70e777b5a2c0> CORE::PARTITIONS_PROCESSED 78
<INFO 70e777b5a2c0> CORE::BYTES::EDGES_STREAMED 1208882004
<INFO 70e777b5a2c0> CORE::BYTES::UPDATES_OUT 377719920
<INFO 70e777b5a2c0> CORE::BYTES::UPDATES_IN 320067296
<INFO 70e5713f86c0> CORE::PARTITIONS_PROCESSED 92
<INFO 70e5733fc6c0> CORE::PARTITIONS_PROCESSED 98
<INFO 70e5713f86c0> CORE::BYTES::EDGES_STREAMED 1217708736
<INFO 70e5713f86c0> CORE::BYTES::UPDATES_OUT 374120128
<INFO 70e5733fc6c0> CORE::BYTES::EDGES_STREAMED 1066757664
<INFO 70e574bff6c0> CORE::PARTITIONS_PROCESSED 89
<INFO 70e576c036c0> CORE::PARTITIONS_PROCESSED 84
<INFO 70e5713f86c0> CORE::BYTES::UPDATES_IN 289056528
<INFO 70e576c036c0> CORE::BYTES::EDGES_STREAMED 1082452056
<INFO 70e576c036c0> CORE::BYTES::UPDATES_OUT 305729688
<INFO 70e573bfd6c0> CORE::PARTITIONS_PROCESSED 100
<INFO 70e5703f66c0> CORE::PARTITIONS_PROCESSED 88
<INFO 70e576c036c0> CORE::BYTES::UPDATES_IN 317157312
<INFO 70e5733fc6c0> CORE::BYTES::UPDATES_OUT 279555720
<INFO 70e574bff6c0> CORE::BYTES::EDGES_STREAMED 1137016992
<INFO 70e5733fc6c0> CORE::BYTES::UPDATES_IN 291963120
<INFO 70e5703f66c0> CORE::BYTES::EDGES_STREAMED 1065115308
<INFO 70e572bfb6c0> CORE::PARTITIONS_PROCESSED 87
<INFO 70e56fbf56c0> CORE::PARTITIONS_PROCESSED 65
<INFO 70e572bfb6c0> CORE::BYTES::EDGES_STREAMED 1101907092
<INFO 70e56fbf56c0> CORE::BYTES::EDGES_STREAMED 1158588732
<INFO 70e56fbf56c0> CORE::BYTES::UPDATES_OUT 324344456
<INFO 70e56fbf56c0> CORE::BYTES::UPDATES_IN 317826424
<INFO 70e572bfb6c0> CORE::BYTES::UPDATES_OUT 311058600
<INFO 70e571bf96c0> CORE::PARTITIONS_PROCESSED 67
<INFO 70e572bfb6c0> CORE::BYTES::UPDATES_IN 267445256
<INFO 70e5703f66c0> CORE::BYTES::UPDATES_OUT 296012608
<INFO 70e5703f66c0> CORE::BYTES::UPDATES_IN 299268600
<INFO 70e5723fa6c0> CORE::PARTITIONS_PROCESSED 96
<INFO 70e5723fa6c0> CORE::BYTES::EDGES_STREAMED 1095878172
<INFO 70e5723fa6c0> CORE::BYTES::UPDATES_OUT 301863888
<INFO 70e5723fa6c0> CORE::BYTES::UPDATES_IN 364843024
<INFO 70e575c016c0> CORE::PARTITIONS_PROCESSED 125
<INFO 70e575c016c0> CORE::BYTES::EDGES_STREAMED 1084547088
<INFO 70e5754006c0> CORE::PARTITIONS_PROCESSED 75
<INFO 70e571bf96c0> CORE::BYTES::EDGES_STREAMED 1055844480
<INFO 70e574bff6c0> CORE::BYTES::UPDATES_OUT 319626296
<INFO 70e573bfd6c0> CORE::BYTES::EDGES_STREAMED 1034556444
<INFO 70e575c016c0> CORE::BYTES::UPDATES_OUT 302332152
<INFO 70e575c016c0> CORE::BYTES::UPDATES_IN 439333144
<INFO 70e5754006c0> CORE::BYTES::EDGES_STREAMED 1046967420
<INFO 70e5754006c0> CORE::BYTES::UPDATES_OUT 268416336
<INFO 70e571bf96c0> CORE::BYTES::UPDATES_OUT 271311656
<INFO 70e573bfd6c0> CORE::BYTES::UPDATES_OUT 276042072
<INFO 70e573bfd6c0> CORE::BYTES::UPDATES_IN 287854576
<INFO 70e574bff6c0> CORE::BYTES::UPDATES_IN 322073264
<INFO 70e571bf96c0> CORE::BYTES::UPDATES_IN 307429688
<INFO 70e5764026c0> CORE::PARTITIONS_PROCESSED 83
<INFO 70e5764026c0> CORE::BYTES::EDGES_STREAMED 1223367516
<INFO 70e5764026c0> CORE::BYTES::UPDATES_OUT 387847824
<INFO 70e5764026c0> CORE::BYTES::UPDATES_IN 337998760
<INFO 70e5754006c0> CORE::BYTES::UPDATES_IN 313174872
<INFO 70e570bf76c0> CORE::PARTITIONS_PROCESSED 85
<INFO 70e5743fe6c0> CORE::PARTITIONS_PROCESSED 71
<INFO 70e570bf76c0> CORE::BYTES::EDGES_STREAMED 1110192900
<INFO 70e570bf76c0> CORE::BYTES::UPDATES_OUT 311164096
<INFO 70e570bf76c0> CORE::BYTES::UPDATES_IN 317456008
<INFO 70e5743fe6c0> CORE::BYTES::EDGES_STREAMED 1237554372
<INFO 70e5743fe6c0> CORE::BYTES::UPDATES_OUT 396797096
<INFO 70e5743fe6c0> CORE::BYTES::UPDATES_IN 310994664
<INFO 70e777b5a2c0> CORE::RUSAGE::MAX_RSS_KB 8394040
<INFO 70e777b5a2c0> CORE::RUSAGE::MINFLT 2097540
<INFO 70e777b5a2c0> CORE::RUSAGE::MAJFLT 0
<INFO 70e777b5a2c0> CORE::RUSAGE::MAJFLT 0
<INFO 70e777b5a2c0> CORE::RUSAGE::INBLK 3221936
<INFO 70e777b5a2c0> CORE::RUSAGE::OUBLK 123104
<INFO 70e777b5a2c0> CORE::UTILS::BYTES_READ 1649631232
<INFO 70e777b5a2c0> CORE::UTILS::BYTES_WRITTEN 63021056
<INFO 70e777b5a2c0> CORE::TIME::IO_WAIT 6.12701 seconds
<INFO 70e777b5a2c0> CORE::PHASES 13
<INFO 70e777b5a2c0> CORE::TIME::SETUP 3.43577 seconds
<INFO 70e777b5a2c0> CORE::TIME::STATE_ITER 0.022997 seconds
<INFO 70e777b5a2c0> CORE::TIME::GATHER 1.64126 seconds
<INFO 70e777b5a2c0> CORE::TIME::SCATTER 8.24301 seconds
<INFO 70e777b5a2c0> TIME_IN_PC_FN 1.46712 seconds
<INFO 70e777b5a2c0> CORE::TIME::WALL 13.7843 seconds
<INFO 70e777b5a2c0> SHUTDOWN
