<INFO 7238670932c0> STARTUP
<INFO 7238670932c0> CORE::GRAPH soc-LiveJournal1-sym
<INFO 7238670932c0> CORE::ALGORITHM cc
<INFO 7238670932c0> SG-DRIVER-ORIGINAL
<WARNING 7238670932c0> Disk count not specified, assuming it to be 1
<INFO 7238670932c0> CORE::CONFIG::PROCESSORS 16
<INFO 7238670932c0> CORE::CONFIG::PHYSICAL_MEMORY 2147483648
<INFO 7238670932c0> CORE::CONFIG::VERTICES 4847571
<INFO 7238670932c0> CORE::CONFIG::VERTEX_SIZE 13
<INFO 7238670932c0> CORE::CONFIG::VERTEX_BUFFER 63021056
<INFO 7238670932c0> CORE::CONFIG::EDGES 137469164
<INFO 7238670932c0> CORE::CONFIG::PARTITIONS 128
<INFO 7238670932c0> CORE::CONFIG::FANOUT 128
<INFO 7238670932c0> CORE::CONFIG::SUPER_PARTITIONS 1
<INFO 7238670932c0> CORE::CONFIG::STREAM_UNIT 16777216
<INFO 7238670932c0> CORE::CONFIG::BUFFER_SIZE 413530624
<INFO 7238670932c0> CORE::CONFIG::IO_NUMIOQS 1
<INFO 7238670932c0> CORE::CONFIG::MAX_BUFFERS 4
<INFO 7238670932c0> CORE::CONFIG::MAX_STREAMS 5
<WARNING 7238670932c0> No mount point specified for disk0, falling back to current directory
my size is 1649629968
<INFO 7238670932c0> ALGORITHM::CC::CC_COUNT 1876
<INFO 7238670932c0> CORE::PARTITIONS_PROCESSED 133
<INFO 7238670932c0> CORE::BYTES::EDGES_STREAMED 1112482908
<INFO 7238670932c0> CORE::BYTES::UPDATES_OUT 303042624
<INFO 7238670932c0> CORE::BYTES::UPDATES_IN 310306016
<INFO 7237e31fe6c0> CORE::PARTITIONS_PROCESSED 157
<INFO 7237e01f86c0> CORE::PARTITIONS_PROCESSED 176
<INFO 7237df9f76c0> CORE::PARTITIONS_PROCESSED 166
<INFO 7237e31fe6c0> CORE::BYTES::EDGES_STREAMED 1069380636
<INFO 7237df9f76c0> CORE::BYTES::EDGES_STREAMED 1204456200
<INFO 7237e31fe6c0> CORE::BYTES::UPDATES_OUT 308592976
<INFO 7237e31fe6c0> CORE::BYTES::UPDATES_IN 335671616
<INFO 7237df9f76c0> CORE::BYTES::UPDATES_OUT 362187768
<INFO 7237df9f76c0> CORE::BYTES::UPDATES_IN 355788592
<INFO 7237e21fc6c0> CORE::PARTITIONS_PROCESSED 149
<INFO 7237e39ff6c0> CORE::PARTITIONS_PROCESSED 197
<INFO 7237e62046c0> CORE::PARTITIONS_PROCESSED 146
<INFO 7237e01f86c0> CORE::BYTES::EDGES_STREAMED 1123860312
<INFO 7237e01f86c0> CORE::BYTES::UPDATES_OUT 330701448
<INFO 7237e01f86c0> CORE::BYTES::UPDATES_IN 319445872
<INFO 7237e29fd6c0> CORE::PARTITIONS_PROCESSED 152
<INFO 7237e21fc6c0> CORE::BYTES::EDGES_STREAMED 1098732744
<INFO 7237e21fc6c0> CORE::BYTES::UPDATES_OUT 310885472
<INFO 7237e21fc6c0> CORE::BYTES::UPDATES_IN 302929216
<INFO 7237e42006c0> CORE::PARTITIONS_PROCESSED 144
<INFO 7237e52026c0> CORE::PARTITIONS_PROCESSED 158
<INFO 7237e4a016c0> CORE::PARTITIONS_PROCESSED 147
<INFO 7237e52026c0> CORE::BYTES::EDGES_STREAMED 1061616060
<INFO 7237e4a016c0> CORE::BYTES::EDGES_STREAMED 1147160964
<INFO 7237e19fb6c0> CORE::PARTITIONS_PROCESSED 176
<INFO 7237e19fb6c0> CORE::BYTES::EDGES_STREAMED 1101682320
<INFO 7237e19fb6c0> CORE::BYTES::UPDATES_OUT 297092256
<INFO 7237e19fb6c0> CORE::BYTES::UPDATES_IN 306647024
<INFO 7237e5a036c0> CORE::PARTITIONS_PROCESSED 159
<INFO 7237e5a036c0> CORE::BYTES::EDGES_STREAMED 1112612220
<INFO 7237e5a036c0> CORE::BYTES::UPDATES_OUT 307524048
<INFO 7237e5a036c0> CORE::BYTES::UPDATES_IN 340437592
<INFO 7237e11fa6c0> CORE::PARTITIONS_PROCESSED 160
<INFO 7237e11fa6c0> CORE::BYTES::EDGES_STREAMED 1113759144
<INFO 7237e11fa6c0> CORE::BYTES::UPDATES_OUT 302817392
<INFO 7237e11fa6c0> CORE::BYTES::UPDATES_IN 293161760
<INFO 7237e29fd6c0> CORE::BYTES::EDGES_STREAMED 1154149200
<INFO 7237e29fd6c0> CORE::BYTES::UPDATES_OUT 366092392
<INFO 7237e29fd6c0> CORE::BYTES::UPDATES_IN 318396248
<INFO 7237e52026c0> CORE::BYTES::UPDATES_OUT 294776736
<INFO 7237e52026c0> CORE::BYTES::UPDATES_IN 298287784
<INFO 7237e4a016c0> CORE::BYTES::UPDATES_OUT 331812840
<INFO 7237e4a016c0> CORE::BYTES::UPDATES_IN 309330464
<INFO 7237e62046c0> CORE::BYTES::EDGES_STREAMED 1237103796
<INFO 7237e62046c0> CORE::BYTES::UPDATES_OUT 340741944
<INFO 7237e62046c0> CORE::BYTES::UPDATES_IN 304891952
<INFO 7237df1f66c0> CORE::PARTITIONS_PROCESSED 158
<INFO 7237df1f66c0> CORE::BYTES::EDGES_STREAMED 1055483376
<INFO 7237df1f66c0> CORE::BYTES::UPDATES_OUT 313030528
<INFO 7237df1f66c0> CORE::BYTES::UPDATES_IN 343396608
<INFO 7237e42006c0> CORE::BYTES::EDGES_STREAMED 1072459548
<INFO 7237e42006c0> CORE::BYTES::UPDATES_OUT 304900768
<INFO 7237e42006c0> CORE::BYTES::UPDATES_IN 292964576
<INFO 7237e09f96c0> CORE::PARTITIONS_PROCESSED 157
<INFO 7237e09f96c0> CORE::BYTES::EDGES_STREAMED 1149029484
<INFO 7237e09f96c0> CORE::BYTES::UPDATES_OUT 309734176
<INFO 7237e09f96c0> CORE::BYTES::UPDATES_IN 301109656
<INFO 7237e39ff6c0> CORE::BYTES::EDGES_STREAMED 1113368064
<INFO 7237e39ff6c0> CORE::BYTES::UPDATES_OUT 320009168
<INFO 7237e39ff6c0> CORE::BYTES::UPDATES_IN 371177560
<INFO 7238670932c0> CORE::RUSAGE::MAX_RSS_KB 2102660
<INFO 7238670932c0> CORE::RUSAGE::MINFLT 524666
<INFO 7238670932c0> CORE::RUSAGE::MAJFLT 0
<INFO 7238670932c0> CORE::RUSAGE::MAJFLT 0
<INFO 7238670932c0> CORE::RUSAGE::INBLK 51853848
<INFO 7238670932c0> CORE::RUSAGE::OUBLK 10091792
<INFO 7238670932c0> CORE::UTILS::BYTES_READ 26549170176
<INFO 7238670932c0> CORE::UTILS::BYTES_WRITTEN 5166985216
<INFO 7238670932c0> CORE::TIME::IO_WAIT 92.552 seconds
<INFO 7238670932c0> CORE::PHASES 13
<INFO 7238670932c0> CORE::TIME::SETUP 0.870203 seconds
<INFO 7238670932c0> CORE::TIME::STATE_ITER 0.02101 seconds
<INFO 7238670932c0> CORE::TIME::GATHER 11.6613 seconds
<INFO 7238670932c0> CORE::TIME::SCATTER 90.835 seconds
<INFO 7238670932c0> TIME_IN_PC_FN 1.61915 seconds
<INFO 7238670932c0> CORE::TIME::WALL 108.072 seconds
<INFO 7238670932c0> SHUTDOWN
