<INFO 70756a1092c0> STARTUP
<INFO 70756a1092c0> CORE::GRAPH soc-LiveJournal1-dir
<INFO 70756a1092c0> CORE::ALGORITHM pagerank
<INFO 70756a1092c0> SG-DRIVER-ORIGINAL
<WARNING 70756a1092c0> Disk count not specified, assuming it to be 1
<INFO 70756a1092c0> CORE::CONFIG::PROCESSORS 16
<INFO 70756a1092c0> CORE::CONFIG::PHYSICAL_MEMORY 8589934592
<INFO 70756a1092c0> CORE::CONFIG::VERTICES 4847571
<INFO 70756a1092c0> CORE::CONFIG::VERTEX_SIZE 12
<INFO 70756a1092c0> CORE::CONFIG::VERTEX_BUFFER 58171392
<INFO 70756a1092c0> CORE::CONFIG::EDGES 68993773
<INFO 70756a1092c0> CORE::CONFIG::PARTITIONS 128
<INFO 70756a1092c0> CORE::CONFIG::FANOUT 128
<INFO 70756a1092c0> CORE::CONFIG::SUPER_PARTITIONS 1
<INFO 70756a1092c0> CORE::CONFIG::STREAM_UNIT 16777216
<INFO 70756a1092c0> CORE::CONFIG::BUFFER_SIZE 1702990745
<INFO 70756a1092c0> CORE::CONFIG::IO_NUMIOQS 1
<INFO 70756a1092c0> CORE::CONFIG::MAX_BUFFERS 4
<INFO 70756a1092c0> CORE::CONFIG::MAX_STREAMS 5
<WARNING 70756a1092c0> No mount point specified for disk0, falling back to current directory
my size is 827925276
<INFO 70756a1092c0> CORE::PARTITIONS_PROCESSED 160
<INFO 70756a1092c0> CORE::BYTES::EDGES_STREAMED 1121501556
<INFO 70756a1092c0> CORE::BYTES::UPDATES_OUT 713256056
<INFO 70756a1092c0> CORE::BYTES::UPDATES_IN 689330008
<INFO 7073682006c0> CORE::PARTITIONS_PROCESSED 154
<INFO 7073649f96c0> CORE::PARTITIONS_PROCESSED 151
<INFO 7073661fc6c0> CORE::PARTITIONS_PROCESSED 172
<INFO 7073671fe6c0> CORE::PARTITIONS_PROCESSED 159
<INFO 7073669fd6c0> CORE::PARTITIONS_PROCESSED 155
<INFO 7073631f66c0> CORE::PARTITIONS_PROCESSED 158
<INFO 7073649f96c0> CORE::BYTES::EDGES_STREAMED 1101925176
<INFO 7073661fc6c0> CORE::BYTES::EDGES_STREAMED 1241393472
<INFO 7073631f66c0> CORE::BYTES::EDGES_STREAMED 1281358500
<INFO 7073671fe6c0> CORE::BYTES::EDGES_STREAMED 1142687724
<INFO 7073661fc6c0> CORE::BYTES::UPDATES_OUT 792918760
<INFO 7073649f96c0> CORE::BYTES::UPDATES_OUT 700043096
<INFO 7073649f96c0> CORE::BYTES::UPDATES_IN 650358216
<INFO 7073682006c0> CORE::BYTES::EDGES_STREAMED 1079648604
<INFO 7073631f66c0> CORE::BYTES::UPDATES_OUT 789583000
<INFO 7073631f66c0> CORE::BYTES::UPDATES_IN 683521720
<INFO 7073669fd6c0> CORE::BYTES::EDGES_STREAMED 1092602532
<INFO 7073682006c0> CORE::BYTES::UPDATES_OUT 685285784
<INFO 7073682006c0> CORE::BYTES::UPDATES_IN 666759744
<INFO 7073669fd6c0> CORE::BYTES::UPDATES_OUT 706873584
<INFO 7073671fe6c0> CORE::BYTES::UPDATES_OUT 727173168
<INFO 7073669fd6c0> CORE::BYTES::UPDATES_IN 668841680
<INFO 7073661fc6c0> CORE::BYTES::UPDATES_IN 743215520
<INFO 707368a016c0> CORE::PARTITIONS_PROCESSED 165
<INFO 7073692026c0> CORE::PARTITIONS_PROCESSED 157
<INFO 7073671fe6c0> CORE::BYTES::UPDATES_IN 686957616
<INFO 7073692026c0> CORE::BYTES::EDGES_STREAMED 1126386228
<INFO 7073692026c0> CORE::BYTES::UPDATES_OUT 716379744
<INFO 7073692026c0> CORE::BYTES::UPDATES_IN 676218632
<INFO 7073639f76c0> CORE::PARTITIONS_PROCESSED 183
<INFO 7073639f76c0> CORE::BYTES::EDGES_STREAMED 1196795100
<INFO 7073639f76c0> CORE::BYTES::UPDATES_OUT 763552880
<INFO 7073639f76c0> CORE::BYTES::UPDATES_IN 783195552
<INFO 707368a016c0> CORE::BYTES::EDGES_STREAMED 1115874768
<INFO 707368a016c0> CORE::BYTES::UPDATES_OUT 718078104
<INFO 707368a016c0> CORE::BYTES::UPDATES_IN 711399968
<INFO 7073621f46c0> CORE::PARTITIONS_PROCESSED 158
<INFO 7073621f46c0> CORE::BYTES::EDGES_STREAMED 1122620508
<INFO 7073621f46c0> CORE::BYTES::UPDATES_OUT 714072768
<INFO 7073621f46c0> CORE::BYTES::UPDATES_IN 681336512
<INFO 7073659fb6c0> CORE::PARTITIONS_PROCESSED 157
<INFO 7073659fb6c0> CORE::BYTES::EDGES_STREAMED 1085257860
<INFO 7073659fb6c0> CORE::BYTES::UPDATES_OUT 697660000
<INFO 7073659fb6c0> CORE::BYTES::UPDATES_IN 675021720
<INFO 7073679ff6c0> CORE::PARTITIONS_PROCESSED 160
<INFO 7073679ff6c0> CORE::BYTES::EDGES_STREAMED 1126268112
<INFO 7073679ff6c0> CORE::BYTES::UPDATES_OUT 716296632
<INFO 7073679ff6c0> CORE::BYTES::UPDATES_IN 693624592
<INFO 7073641f86c0> CORE::PARTITIONS_PROCESSED 154
<INFO 7073641f86c0> CORE::BYTES::EDGES_STREAMED 1085881140
<INFO 7073651fa6c0> CORE::PARTITIONS_PROCESSED 160
<INFO 7073641f86c0> CORE::BYTES::UPDATES_OUT 689456368
<INFO 7073651fa6c0> CORE::BYTES::EDGES_STREAMED 1172566020
<INFO 7073641f86c0> CORE::BYTES::UPDATES_IN 663020896
<INFO 7073651fa6c0> CORE::BYTES::UPDATES_OUT 746957448
<INFO 7073651fa6c0> CORE::BYTES::UPDATES_IN 692659184
<INFO 7073629f56c0> CORE::PARTITIONS_PROCESSED 157
<INFO 7073629f56c0> CORE::BYTES::EDGES_STREAMED 1121588772
<INFO 7073629f56c0> CORE::BYTES::UPDATES_OUT 713366472
<INFO 7073629f56c0> CORE::BYTES::UPDATES_IN 673542120
<INFO 70756a1092c0> CORE::RUSAGE::MAX_RSS_KB 8394172
<INFO 70756a1092c0> CORE::RUSAGE::MINFLT 2097536
<INFO 70756a1092c0> CORE::RUSAGE::MAJFLT 0
<INFO 70756a1092c0> CORE::RUSAGE::MAJFLT 0
<INFO 70756a1092c0> CORE::RUSAGE::INBLK 1617048
<INFO 70756a1092c0> CORE::RUSAGE::OUBLK 113632
<INFO 70756a1092c0> CORE::UTILS::BYTES_READ 827928576
<INFO 70756a1092c0> CORE::UTILS::BYTES_WRITTEN 58171392
<INFO 70756a1092c0> CORE::TIME::IO_WAIT 2.27501 seconds
<INFO 70756a1092c0> CORE::PHASES 22
<INFO 70756a1092c0> CORE::TIME::SETUP 3.43559 seconds
<INFO 70756a1092c0> CORE::TIME::STATE_ITER 0.322173 seconds
<INFO 70756a1092c0> CORE::TIME::GATHER 3.49896 seconds
<INFO 70756a1092c0> CORE::TIME::SCATTER 5.08299 seconds
<INFO 70756a1092c0> TIME_IN_PC_FN 2.23711 seconds
<INFO 70756a1092c0> CORE::TIME::WALL 12.9727 seconds
<INFO 70756a1092c0> SHUTDOWN
