<INFO 738a066a62c0> STARTUP
<INFO 738a066a62c0> CORE::GRAPH soc-LiveJournal1-dir
<INFO 738a066a62c0> CORE::ALGORITHM spmv
<INFO 738a066a62c0> SG-DRIVER-ORIGINAL
<WARNING 738a066a62c0> Disk count not specified, assuming it to be 1
<INFO 738a066a62c0> CORE::CONFIG::PROCESSORS 16
<INFO 738a066a62c0> CORE::CONFIG::PHYSICAL_MEMORY 2147483648
<INFO 738a066a62c0> CORE::CONFIG::VERTICES 4847571
<INFO 738a066a62c0> CORE::CONFIG::VERTEX_SIZE 8
<INFO 738a066a62c0> CORE::CONFIG::VERTEX_BUFFER 38780928
<INFO 738a066a62c0> CORE::CONFIG::EDGES 68993773
<INFO 738a066a62c0> CORE::CONFIG::PARTITIONS 128
<INFO 738a066a62c0> CORE::CONFIG::FANOUT 128
<INFO 738a066a62c0> CORE::CONFIG::SUPER_PARTITIONS 1
<INFO 738a066a62c0> CORE::CONFIG::STREAM_UNIT 16777216
<INFO 738a066a62c0> CORE::CONFIG::BUFFER_SIZE 418378649
<INFO 738a066a62c0> CORE::CONFIG::IO_NUMIOQS 1
<INFO 738a066a62c0> CORE::CONFIG::MAX_BUFFERS 4
<INFO 738a066a62c0> CORE::CONFIG::MAX_STREAMS 5
<WARNING 738a066a62c0> No mount point specified for disk0, falling back to current directory
my size is 827925276
<INFO 738a066a62c0> CORE::PARTITIONS_PROCESSED 15
<INFO 738a066a62c0> CORE::BYTES::EDGES_STREAMED 45220104
<INFO 738a066a62c0> CORE::BYTES::UPDATES_OUT 30146736
<INFO 738a066a62c0> CORE::BYTES::UPDATES_IN 35469064
<INFO 73897fff76c0> CORE::PARTITIONS_PROCESSED 16
<INFO 73897fff76c0> CORE::BYTES::EDGES_STREAMED 73931208
<INFO 73897fff76c0> CORE::BYTES::UPDATES_OUT 49287472
<INFO 73897fff76c0> CORE::BYTES::UPDATES_IN 34211024
<INFO 7389837fe6c0> CORE::PARTITIONS_PROCESSED 15
<INFO 7389837fe6c0> CORE::BYTES::EDGES_STREAMED 45550332
<INFO 7389837fe6c0> CORE::BYTES::UPDATES_OUT 30366888
<INFO 7389837fe6c0> CORE::BYTES::UPDATES_IN 35565872
<INFO 7389848006c0> CORE::PARTITIONS_PROCESSED 17
<INFO 7389848006c0> CORE::BYTES::EDGES_STREAMED 51644328
<INFO 7389848006c0> CORE::BYTES::UPDATES_OUT 34429552
<INFO 7389848006c0> CORE::BYTES::UPDATES_IN 33710016
<INFO 73897eff56c0> CORE::PARTITIONS_PROCESSED 17
<INFO 73897eff56c0> CORE::BYTES::EDGES_STREAMED 41967156
<INFO 73897eff56c0> CORE::BYTES::UPDATES_OUT 27978104
<INFO 73897eff56c0> CORE::BYTES::UPDATES_IN 33400392
<INFO 7389817fa6c0> CORE::PARTITIONS_PROCESSED 17
<INFO 7389817fa6c0> CORE::BYTES::EDGES_STREAMED 52129848
<INFO 7389817fa6c0> CORE::BYTES::UPDATES_OUT 34753232
<INFO 7389817fa6c0> CORE::BYTES::UPDATES_IN 33619856
<INFO 73897e7f46c0> CORE::PARTITIONS_PROCESSED 16
<INFO 73897e7f46c0> CORE::BYTES::EDGES_STREAMED 42022740
<INFO 73897e7f46c0> CORE::BYTES::UPDATES_OUT 28015160
<INFO 73897e7f46c0> CORE::BYTES::UPDATES_IN 32355072
<INFO 7389807f86c0> CORE::PARTITIONS_PROCESSED 16
<INFO 7389807f86c0> CORE::BYTES::EDGES_STREAMED 51744972
<INFO 7389807f86c0> CORE::BYTES::UPDATES_OUT 34496648
<INFO 7389807f86c0> CORE::BYTES::UPDATES_IN 34449184
<INFO 7389850016c0> CORE::PARTITIONS_PROCESSED 16
<INFO 7389850016c0> CORE::BYTES::EDGES_STREAMED 45231060
<INFO 7389850016c0> CORE::BYTES::UPDATES_OUT 30154040
<INFO 7389850016c0> CORE::BYTES::UPDATES_IN 36525440
<INFO 738981ffb6c0> CORE::PARTITIONS_PROCESSED 15
<INFO 73897f7f66c0> CORE::PARTITIONS_PROCESSED 16
<INFO 738981ffb6c0> CORE::BYTES::EDGES_STREAMED 42067776
<INFO 738981ffb6c0> CORE::BYTES::UPDATES_OUT 28045184
<INFO 7389858026c0> CORE::PARTITIONS_PROCESSED 16
<INFO 73897f7f66c0> CORE::BYTES::EDGES_STREAMED 51644628
<INFO 73897f7f66c0> CORE::BYTES::UPDATES_OUT 34429752
<INFO 7389858026c0> CORE::BYTES::EDGES_STREAMED 51733752
<INFO 7389858026c0> CORE::BYTES::UPDATES_OUT 34489168
<INFO 738981ffb6c0> CORE::BYTES::UPDATES_IN 35472560
<INFO 7389858026c0> CORE::BYTES::UPDATES_IN 34410736
<INFO 73897f7f66c0> CORE::BYTES::UPDATES_IN 32445888
<INFO 738982ffd6c0> CORE::PARTITIONS_PROCESSED 16
<INFO 7389827fc6c0> CORE::PARTITIONS_PROCESSED 16
<INFO 738982ffd6c0> CORE::BYTES::EDGES_STREAMED 51734100
<INFO 7389827fc6c0> CORE::BYTES::EDGES_STREAMED 52015332
<INFO 7389827fc6c0> CORE::BYTES::UPDATES_OUT 34676888
<INFO 7389827fc6c0> CORE::BYTES::UPDATES_IN 36727456
<INFO 738982ffd6c0> CORE::BYTES::UPDATES_OUT 34489400
<INFO 738982ffd6c0> CORE::BYTES::UPDATES_IN 34478768
<INFO 738980ff96c0> CORE::PARTITIONS_PROCESSED 16
<INFO 738980ff96c0> CORE::BYTES::EDGES_STREAMED 77487852
<INFO 738980ff96c0> CORE::BYTES::UPDATES_OUT 51658568
<INFO 738980ff96c0> CORE::BYTES::UPDATES_IN 32365320
<INFO 738983fff6c0> CORE::PARTITIONS_PROCESSED 16
<INFO 738983fff6c0> CORE::BYTES::EDGES_STREAMED 51800088
<INFO 738983fff6c0> CORE::BYTES::UPDATES_OUT 34533392
<INFO 738983fff6c0> CORE::BYTES::UPDATES_IN 36743536
<INFO 738a066a62c0> CORE::RUSAGE::MAX_RSS_KB 2102416
<INFO 738a066a62c0> CORE::RUSAGE::MINFLT 524671
<INFO 738a066a62c0> CORE::RUSAGE::MAJFLT 0
<INFO 738a066a62c0> CORE::RUSAGE::MAJFLT 0
<INFO 738a066a62c0> CORE::RUSAGE::INBLK 4312128
<INFO 738a066a62c0> CORE::RUSAGE::OUBLK 1153792
<INFO 738a066a62c0> CORE::UTILS::BYTES_READ 2207809536
<INFO 738a066a62c0> CORE::UTILS::BYTES_WRITTEN 590733312
<INFO 738a066a62c0> CORE::TIME::IO_WAIT 10.3808 seconds
<INFO 738a066a62c0> CORE::PHASES 2
<INFO 738a066a62c0> CORE::TIME::SETUP 0.873371 seconds
<INFO 738a066a62c0> CORE::TIME::STATE_ITER 0.023009 seconds
<INFO 738a066a62c0> CORE::TIME::GATHER 1.058 seconds
<INFO 738a066a62c0> CORE::TIME::SCATTER 9.83801 seconds
<INFO 738a066a62c0> TIME_IN_PC_FN 0.089934 seconds
<INFO 738a066a62c0> CORE::TIME::WALL 12.6132 seconds
<INFO 738a066a62c0> SHUTDOWN
