<INFO 783fcb8922c0> STARTUP
<INFO 783fcb8922c0> CORE::GRAPH soc-LiveJournal1-dir
<INFO 783fcb8922c0> CORE::ALGORITHM pagerank
<INFO 783fcb8922c0> SG-DRIVER-ORIGINAL
<WARNING 783fcb8922c0> Disk count not specified, assuming it to be 1
<INFO 783fcb8922c0> CORE::CONFIG::PROCESSORS 16
<INFO 783fcb8922c0> CORE::CONFIG::PHYSICAL_MEMORY 268435456
<INFO 783fcb8922c0> CORE::CONFIG::VERTICES 4847571
<INFO 783fcb8922c0> CORE::CONFIG::VERTEX_SIZE 12
<INFO 783fcb8922c0> CORE::CONFIG::VERTEX_BUFFER 58171392
<INFO 783fcb8922c0> CORE::CONFIG::EDGES 68993773
<INFO 783fcb8922c0> CORE::CONFIG::PARTITIONS 128
<INFO 783fcb8922c0> CORE::CONFIG::FANOUT 128
<INFO 783fcb8922c0> CORE::CONFIG::SUPER_PARTITIONS 1
<INFO 783fcb8922c0> CORE::CONFIG::STREAM_UNIT 16777216
<INFO 783fcb8922c0> CORE::CONFIG::BUFFER_SIZE 38690918
<INFO 783fcb8922c0> CORE::CONFIG::IO_NUMIOQS 1
<INFO 783fcb8922c0> CORE::CONFIG::MAX_BUFFERS 4
<INFO 783fcb8922c0> CORE::CONFIG::MAX_STREAMS 5
<WARNING 783fcb8922c0> No mount point specified for disk0, falling back to current directory
my size is 827925276
<INFO 783fcb8922c0> CORE::PARTITIONS_PROCESSED 2431
<INFO 783fcb8922c0> CORE::BYTES::EDGES_STREAMED 1038228240
<INFO 783fcb8922c0> CORE::BYTES::UPDATES_OUT 653364776
<INFO 783fcb8922c0> CORE::BYTES::UPDATES_IN 702634944
<INFO 783fb99ff6c0> CORE::PARTITIONS_PROCESSED 2433
<INFO 783fb79fb6c0> CORE::PARTITIONS_PROCESSED 2381
<INFO 783fb41f46c0> CORE::PARTITIONS_PROCESSED 2414
<INFO 783fb49f56c0> CORE::PARTITIONS_PROCESSED 2365
<INFO 783fb99ff6c0> CORE::BYTES::EDGES_STREAMED 1198582932
<INFO 783fb79fb6c0> CORE::BYTES::EDGES_STREAMED 1169745768
<INFO 783fb61f86c0> CORE::PARTITIONS_PROCESSED 2435
<INFO 783fb49f56c0> CORE::BYTES::EDGES_STREAMED 1127335344
<INFO 783fb41f46c0> CORE::BYTES::EDGES_STREAMED 1117011276
<INFO 783fb61f86c0> CORE::BYTES::EDGES_STREAMED 1165813596
<INFO 783fb79fb6c0> CORE::BYTES::UPDATES_OUT 751395488
<INFO 783fb79fb6c0> CORE::BYTES::UPDATES_IN 688385840
<INFO 783fb61f86c0> CORE::BYTES::UPDATES_OUT 742399448
<INFO 783fb41f46c0> CORE::BYTES::UPDATES_OUT 700183008
<INFO 783fb61f86c0> CORE::BYTES::UPDATES_IN 698807616
<INFO 783fb99ff6c0> CORE::BYTES::UPDATES_OUT 758469320
<INFO 783fbaa016c0> CORE::PARTITIONS_PROCESSED 2362
<INFO 783fb41f46c0> CORE::BYTES::UPDATES_IN 690658312
<INFO 783fb71fa6c0> CORE::PARTITIONS_PROCESSED 2445
<INFO 783fb49f56c0> CORE::BYTES::UPDATES_OUT 712413112
<INFO 783fba2006c0> CORE::PARTITIONS_PROCESSED 2421
<INFO 783fb49f56c0> CORE::BYTES::UPDATES_IN 679908296
<INFO 783fbaa016c0> CORE::BYTES::EDGES_STREAMED 1097095716
<INFO 783fbaa016c0> CORE::BYTES::UPDATES_OUT 700662248
<INFO 783fbaa016c0> CORE::BYTES::UPDATES_IN 678826264
<INFO 783fb71fa6c0> CORE::BYTES::EDGES_STREAMED 1141831812
<INFO 783fb71fa6c0> CORE::BYTES::UPDATES_OUT 744103808
<INFO 783fba2006c0> CORE::BYTES::EDGES_STREAMED 1158457284
<INFO 783fba2006c0> CORE::BYTES::UPDATES_OUT 734140480
<INFO 783fba2006c0> CORE::BYTES::UPDATES_IN 685098240
<INFO 783fb81fc6c0> CORE::PARTITIONS_PROCESSED 2413
<INFO 783fb39f36c0> CORE::PARTITIONS_PROCESSED 2392
<INFO 783fb81fc6c0> CORE::BYTES::EDGES_STREAMED 1197905148
<INFO 783fb81fc6c0> CORE::BYTES::UPDATES_OUT 758237680
<INFO 783fb81fc6c0> CORE::BYTES::UPDATES_IN 691180864
<INFO 783fb39f36c0> CORE::BYTES::EDGES_STREAMED 1148500116
<INFO 783fb39f36c0> CORE::BYTES::UPDATES_OUT 736723848
<INFO 783fb39f36c0> CORE::BYTES::UPDATES_IN 687776688
<INFO 783fb59f76c0> CORE::PARTITIONS_PROCESSED 2325
<INFO 783fb59f76c0> CORE::BYTES::EDGES_STREAMED 1092326592
<INFO 783fb59f76c0> CORE::BYTES::UPDATES_OUT 692668896
<INFO 783fb59f76c0> CORE::BYTES::UPDATES_IN 670209440
<INFO 783fb51f66c0> CORE::PARTITIONS_PROCESSED 2386
<INFO 783fb51f66c0> CORE::BYTES::EDGES_STREAMED 1139079744
<INFO 783fb51f66c0> CORE::BYTES::UPDATES_OUT 725289864
<INFO 783fb51f66c0> CORE::BYTES::UPDATES_IN 678326464
<INFO 783fb71fa6c0> CORE::BYTES::UPDATES_IN 700461096
<INFO 783fb89fd6c0> CORE::PARTITIONS_PROCESSED 2413
<INFO 783fb89fd6c0> CORE::BYTES::EDGES_STREAMED 1156876620
<INFO 783fb89fd6c0> CORE::BYTES::UPDATES_OUT 736888896
<INFO 783fb89fd6c0> CORE::BYTES::UPDATES_IN 697015536
<INFO 783fb91fe6c0> CORE::PARTITIONS_PROCESSED 2306
<INFO 783fb69f96c0> CORE::PARTITIONS_PROCESSED 2478
<INFO 783fb91fe6c0> CORE::BYTES::EDGES_STREAMED 1158412404
<INFO 783fb91fe6c0> CORE::BYTES::UPDATES_OUT 745538320
<INFO 783fb91fe6c0> CORE::BYTES::UPDATES_IN 674197696
<INFO 783fb69f96c0> CORE::BYTES::EDGES_STREAMED 1107153480
<INFO 783fb69f96c0> CORE::BYTES::UPDATES_OUT 698474672
<INFO 783fb69f96c0> CORE::BYTES::UPDATES_IN 718908984
<INFO 783fb99ff6c0> CORE::BYTES::UPDATES_IN 696607400
<INFO 783fcb8922c0> CORE::RUSAGE::MAX_RSS_KB 267468
<INFO 783fcb8922c0> CORE::RUSAGE::MINFLT 65920
<INFO 783fcb8922c0> CORE::RUSAGE::MAJFLT 0
<INFO 783fcb8922c0> CORE::RUSAGE::MAJFLT 0
<INFO 783fcb8922c0> CORE::RUSAGE::INBLK 57135696
<INFO 783fcb8922c0> CORE::RUSAGE::OUBLK 22752312
<INFO 783fcb8922c0> CORE::UTILS::BYTES_READ 29253476352
<INFO 783fcb8922c0> CORE::UTILS::BYTES_WRITTEN 11649171456
<INFO 783fcb8922c0> CORE::TIME::IO_WAIT 91.1731 seconds
<INFO 783fcb8922c0> CORE::PHASES 22
<INFO 783fcb8922c0> CORE::TIME::SETUP 0.123118 seconds
<INFO 783fcb8922c0> CORE::TIME::STATE_ITER 0.32025 seconds
<INFO 783fcb8922c0> CORE::TIME::GATHER 27.1613 seconds
<INFO 783fcb8922c0> CORE::TIME::SCATTER 104.951 seconds
<INFO 783fcb8922c0> TIME_IN_PC_FN 2.74868 seconds
<INFO 783fcb8922c0> CORE::TIME::WALL 133.322 seconds
<INFO 783fcb8922c0> SHUTDOWN
