<INFO 74e39811d2c0> STARTUP
<INFO 74e39811d2c0> CORE::GRAPH soc-LiveJournal1-sym
<INFO 74e39811d2c0> CORE::ALGORITHM cc
<INFO 74e39811d2c0> SG-DRIVER-ORIGINAL
<WARNING 74e39811d2c0> Disk count not specified, assuming it to be 1
<INFO 74e39811d2c0> CORE::CONFIG::PROCESSORS 16
<INFO 74e39811d2c0> CORE::CONFIG::PHYSICAL_MEMORY 67108864
<INFO 74e39811d2c0> CORE::CONFIG::VERTICES 4847571
<INFO 74e39811d2c0> CORE::CONFIG::VERTEX_SIZE 13
<INFO 74e39811d2c0> CORE::CONFIG::VERTEX_BUFFER 31510528
<INFO 74e39811d2c0> CORE::CONFIG::EDGES 137469164
<INFO 74e39811d2c0> CORE::CONFIG::PARTITIONS 64
<INFO 74e39811d2c0> CORE::CONFIG::FANOUT 64
<INFO 74e39811d2c0> CORE::CONFIG::SUPER_PARTITIONS 2
<INFO 74e39811d2c0> CORE::CONFIG::STREAM_UNIT 2097152
<INFO 74e39811d2c0> CORE::CONFIG::BUFFER_SIZE 6694707
<INFO 74e39811d2c0> CORE::CONFIG::IO_NUMIOQS 1
<INFO 74e39811d2c0> CORE::CONFIG::MAX_BUFFERS 4
<INFO 74e39811d2c0> CORE::CONFIG::MAX_STREAMS 5
<WARNING 74e39811d2c0> No mount point specified for disk0, falling back to current directory
my size is 1649629968
<INFO 74e39811d2c0> ALGORITHM::CC::CC_COUNT 1876
<INFO 74e39811d2c0> CORE::PARTITIONS_PROCESSED 3285
<INFO 74e39811d2c0> CORE::BYTES::EDGES_STREAMED 1096666860
<INFO 74e39811d2c0> CORE::BYTES::UPDATES_OUT 293115720
<INFO 74e39811d2c0> CORE::BYTES::UPDATES_IN 337483504
<INFO 74e392a016c0> CORE::PARTITIONS_PROCESSED 2997
<INFO 74e3922006c0> CORE::PARTITIONS_PROCESSED 3106
<INFO 74e38f1fa6c0> CORE::PARTITIONS_PROCESSED 3097
<INFO 74e38d9f76c0> CORE::PARTITIONS_PROCESSED 3073
<INFO 74e38e9f96c0> CORE::PARTITIONS_PROCESSED 2910
<INFO 74e3911fe6c0> CORE::PARTITIONS_PROCESSED 2961
<INFO 74e3911fe6c0> CORE::BYTES::EDGES_STREAMED 1116514692
<INFO 74e38d1f66c0> CORE::PARTITIONS_PROCESSED 2981
<INFO 74e38e1f86c0> CORE::PARTITIONS_PROCESSED 3282
<INFO 74e38e1f86c0> CORE::BYTES::EDGES_STREAMED 1117541472
<INFO 74e3919ff6c0> CORE::PARTITIONS_PROCESSED 2902
<INFO 74e3919ff6c0> CORE::BYTES::EDGES_STREAMED 1109926056
<INFO 74e3919ff6c0> CORE::BYTES::UPDATES_OUT 314774024
<INFO 74e3919ff6c0> CORE::BYTES::UPDATES_IN 298630952
<INFO 74e38c1f46c0> CORE::PARTITIONS_PROCESSED 3039
<INFO 74e3932026c0> CORE::PARTITIONS_PROCESSED 3107
<INFO 74e38c9f56c0> CORE::PARTITIONS_PROCESSED 3170
<INFO 74e3932026c0> CORE::BYTES::EDGES_STREAMED 1134378660
<INFO 74e392a016c0> CORE::BYTES::EDGES_STREAMED 1127123412
<INFO 74e3932026c0> CORE::BYTES::UPDATES_OUT 329636408
<INFO 74e3911fe6c0> CORE::BYTES::UPDATES_OUT 318970880
<INFO 74e3911fe6c0> CORE::BYTES::UPDATES_IN 306094288
<INFO 74e3922006c0> CORE::BYTES::EDGES_STREAMED 1100264532
<INFO 74e3922006c0> CORE::BYTES::UPDATES_OUT 319211680
<INFO 74e3922006c0> CORE::BYTES::UPDATES_IN 320659224
<INFO 74e38f9fb6c0> CORE::PARTITIONS_PROCESSED 3006
<INFO 74e38e1f86c0> CORE::BYTES::UPDATES_OUT 322521512
<INFO 74e38e1f86c0> CORE::BYTES::UPDATES_IN 338974952
<INFO 74e38f1fa6c0> CORE::BYTES::EDGES_STREAMED 1154449824
<INFO 74e3909fd6c0> CORE::PARTITIONS_PROCESSED 3216
<INFO 74e38d9f76c0> CORE::BYTES::EDGES_STREAMED 1155132072
<INFO 74e38d9f76c0> CORE::BYTES::UPDATES_OUT 318541008
<INFO 74e38d9f76c0> CORE::BYTES::UPDATES_IN 316663832
<INFO 74e392a016c0> CORE::BYTES::UPDATES_OUT 338140232
<INFO 74e38c9f56c0> CORE::BYTES::EDGES_STREAMED 1133082828
<INFO 74e38c9f56c0> CORE::BYTES::UPDATES_OUT 327967552
<INFO 74e38d1f66c0> CORE::BYTES::EDGES_STREAMED 1134355560
<INFO 74e38d1f66c0> CORE::BYTES::UPDATES_OUT 323950768
<INFO 74e3909fd6c0> CORE::BYTES::EDGES_STREAMED 1115633640
<INFO 74e38f1fa6c0> CORE::BYTES::UPDATES_OUT 325699880
<INFO 74e38f1fa6c0> CORE::BYTES::UPDATES_IN 321105032
<INFO 74e3909fd6c0> CORE::BYTES::UPDATES_OUT 323871272
<INFO 74e38d1f66c0> CORE::BYTES::UPDATES_IN 307395936
<INFO 74e3909fd6c0> CORE::BYTES::UPDATES_IN 332308784
<INFO 74e38c9f56c0> CORE::BYTES::UPDATES_IN 325959552
<INFO 74e38e9f96c0> CORE::BYTES::EDGES_STREAMED 1118806104
<INFO 74e38e9f96c0> CORE::BYTES::UPDATES_OUT 317654584
<INFO 74e38f9fb6c0> CORE::BYTES::EDGES_STREAMED 1095509412
<INFO 74e3901fc6c0> CORE::PARTITIONS_PROCESSED 3379
<INFO 74e3932026c0> CORE::BYTES::UPDATES_IN 318060392
<INFO 74e38e9f96c0> CORE::BYTES::UPDATES_IN 301950312
<INFO 74e38f9fb6c0> CORE::BYTES::UPDATES_OUT 311399328
<INFO 74e38f9fb6c0> CORE::BYTES::UPDATES_IN 310479720
<INFO 74e392a016c0> CORE::BYTES::UPDATES_IN 307863696
<INFO 74e3901fc6c0> CORE::BYTES::EDGES_STREAMED 1120838472
<INFO 74e38c1f46c0> CORE::BYTES::EDGES_STREAMED 1097113380
<INFO 74e38c1f46c0> CORE::BYTES::UPDATES_OUT 298726960
<INFO 74e38c1f46c0> CORE::BYTES::UPDATES_IN 312853384
<INFO 74e3901fc6c0> CORE::BYTES::UPDATES_OUT 319760728
<INFO 74e3901fc6c0> CORE::BYTES::UPDATES_IN 347458976
<INFO 74e39811d2c0> CORE::RUSAGE::MAX_RSS_KB 71016
<INFO 74e39811d2c0> CORE::RUSAGE::MINFLT 16756
<INFO 74e39811d2c0> CORE::RUSAGE::MAJFLT 0
<INFO 74e39811d2c0> CORE::RUSAGE::MAJFLT 0
<INFO 74e39811d2c0> CORE::RUSAGE::INBLK 56553000
<INFO 74e39811d2c0> CORE::RUSAGE::OUBLK 14790952
<INFO 74e39811d2c0> CORE::UTILS::BYTES_READ 28955136000
<INFO 74e39811d2c0> CORE::UTILS::BYTES_WRITTEN 7572955136
<INFO 74e39811d2c0> CORE::TIME::IO_WAIT 57.5337 seconds
<INFO 74e39811d2c0> CORE::PHASES 13
<INFO 74e39811d2c0> CORE::TIME::SETUP 0.039573 seconds
<INFO 74e39811d2c0> CORE::TIME::STATE_ITER 0.025518 seconds
<INFO 74e39811d2c0> CORE::TIME::GATHER 31.5782 seconds
<INFO 74e39811d2c0> CORE::TIME::SCATTER 181.326 seconds
<INFO 74e39811d2c0> TIME_IN_PC_FN 2.78111 seconds
<INFO 74e39811d2c0> CORE::TIME::WALL 235.473 seconds
<INFO 74e39811d2c0> SHUTDOWN
