<INFO 74d1d94932c0> STARTUP
<INFO 74d1d94932c0> CORE::GRAPH soc-LiveJournal1-dir
<INFO 74d1d94932c0> CORE::ALGORITHM spmv
<INFO 74d1d94932c0> SG-DRIVER-ORIGINAL
<WARNING 74d1d94932c0> Disk count not specified, assuming it to be 1
<INFO 74d1d94932c0> CORE::CONFIG::PROCESSORS 16
<INFO 74d1d94932c0> CORE::CONFIG::PHYSICAL_MEMORY 8589934592
<INFO 74d1d94932c0> CORE::CONFIG::VERTICES 4847571
<INFO 74d1d94932c0> CORE::CONFIG::VERTEX_SIZE 8
<INFO 74d1d94932c0> CORE::CONFIG::VERTEX_BUFFER 38780928
<INFO 74d1d94932c0> CORE::CONFIG::EDGES 68993773
<INFO 74d1d94932c0> CORE::CONFIG::PARTITIONS 128
<INFO 74d1d94932c0> CORE::CONFIG::FANOUT 128
<INFO 74d1d94932c0> CORE::CONFIG::SUPER_PARTITIONS 1
<INFO 74d1d94932c0> CORE::CONFIG::STREAM_UNIT 16777216
<INFO 74d1d94932c0> CORE::CONFIG::BUFFER_SIZE 1706868838
<INFO 74d1d94932c0> CORE::CONFIG::IO_NUMIOQS 1
<INFO 74d1d94932c0> CORE::CONFIG::MAX_BUFFERS 4
<INFO 74d1d94932c0> CORE::CONFIG::MAX_STREAMS 5
<WARNING 74d1d94932c0> No mount point specified for disk0, falling back to current directory
my size is 827925276
<INFO 74d1d94932c0> CORE::PARTITIONS_PROCESSED 8
<INFO 74d1d94932c0> CORE::BYTES::EDGES_STREAMED 51550260
<INFO 74d1d94932c0> CORE::BYTES::UPDATES_OUT 34366840
<INFO 74d1d94932c0> CORE::BYTES::UPDATES_IN 34487856
<INFO 74cfd25f56c0> CORE::PARTITIONS_PROCESSED 8
<INFO 74cfd2df66c0> CORE::PARTITIONS_PROCESSED 8
<INFO 74cfd75ff6c0> CORE::PARTITIONS_PROCESSED 8
<INFO 74cfd6dfe6c0> CORE::PARTITIONS_PROCESSED 7
<INFO 74cfd25f56c0> CORE::BYTES::EDGES_STREAMED 51831516
<INFO 74cfd75ff6c0> CORE::BYTES::EDGES_STREAMED 38703540
<INFO 74cfd5dfc6c0> CORE::PARTITIONS_PROCESSED 8
<INFO 74cfd25f56c0> CORE::BYTES::UPDATES_OUT 34554344
<INFO 74cfd35f76c0> CORE::PARTITIONS_PROCESSED 7
<INFO 74cfd75ff6c0> CORE::BYTES::UPDATES_OUT 25802360
<INFO 74cfd6dfe6c0> CORE::BYTES::EDGES_STREAMED 51800088
<INFO 74cfd75ff6c0> CORE::BYTES::UPDATES_IN 34652440
<INFO 74cfd5dfc6c0> CORE::BYTES::EDGES_STREAMED 103298676
<INFO 74cfd25f56c0> CORE::BYTES::UPDATES_IN 34615096
<INFO 74cfd35f76c0> CORE::BYTES::EDGES_STREAMED 38798028
<INFO 74cfd2df66c0> CORE::BYTES::EDGES_STREAMED 38485176
<INFO 74cfd2df66c0> CORE::BYTES::UPDATES_OUT 25656784
<INFO 74cfd5dfc6c0> CORE::BYTES::UPDATES_OUT 68865784
<INFO 74cfd5dfc6c0> CORE::BYTES::UPDATES_IN 34528376
<INFO 74cfd6dfe6c0> CORE::BYTES::UPDATES_OUT 34533392
<INFO 74cfd6dfe6c0> CORE::BYTES::UPDATES_IN 30437472
<INFO 74cfd7e006c0> CORE::PARTITIONS_PROCESSED 9
<INFO 74cfd7e006c0> CORE::BYTES::EDGES_STREAMED 32278224
<INFO 74cfd7e006c0> CORE::BYTES::UPDATES_OUT 21518816
<INFO 74cfd7e006c0> CORE::BYTES::UPDATES_IN 38724048
<INFO 74cfd3df86c0> CORE::PARTITIONS_PROCESSED 16
<INFO 74cfd3df86c0> CORE::BYTES::EDGES_STREAMED 103612344
<INFO 74cfd3df86c0> CORE::BYTES::UPDATES_OUT 69074896
<INFO 74cfd3df86c0> CORE::BYTES::UPDATES_IN 68731664
<INFO 74cfd2df66c0> CORE::BYTES::UPDATES_IN 34364440
<INFO 74cfd1df46c0> CORE::PARTITIONS_PROCESSED 8
<INFO 74cfd1df46c0> CORE::BYTES::EDGES_STREAMED 32308740
<INFO 74cfd1df46c0> CORE::BYTES::UPDATES_OUT 21539160
<INFO 74cfd1df46c0> CORE::BYTES::UPDATES_IN 34366736
<INFO 74cfd35f76c0> CORE::BYTES::UPDATES_OUT 25865352
<INFO 74cfd35f76c0> CORE::BYTES::UPDATES_IN 30183400
<INFO 74cfd86016c0> CORE::PARTITIONS_PROCESSED 5
<INFO 74cfd86016c0> CORE::BYTES::EDGES_STREAMED 32359008
<INFO 74cfd86016c0> CORE::BYTES::UPDATES_OUT 21572672
<INFO 74cfd86016c0> CORE::BYTES::UPDATES_IN 21429368
<INFO 74cfd55fb6c0> CORE::PARTITIONS_PROCESSED 9
<INFO 74cfd55fb6c0> CORE::BYTES::EDGES_STREAMED 51977232
<INFO 74cfd55fb6c0> CORE::BYTES::UPDATES_OUT 34651488
<INFO 74cfd55fb6c0> CORE::BYTES::UPDATES_IN 38836824
<INFO 74cfd65fd6c0> CORE::PARTITIONS_PROCESSED 6
<INFO 74cfd65fd6c0> CORE::BYTES::EDGES_STREAMED 51943440
<INFO 74cfd65fd6c0> CORE::BYTES::UPDATES_OUT 34628960
<INFO 74cfd65fd6c0> CORE::BYTES::UPDATES_IN 25835640
<INFO 74cfd45f96c0> CORE::PARTITIONS_PROCESSED 8
<INFO 74cfd45f96c0> CORE::BYTES::EDGES_STREAMED 51933324
<INFO 74cfd45f96c0> CORE::BYTES::UPDATES_OUT 34622216
<INFO 74cfd45f96c0> CORE::BYTES::UPDATES_IN 34644480
<INFO 74cfd15f36c0> CORE::PARTITIONS_PROCESSED 8
<INFO 74cfd15f36c0> CORE::BYTES::EDGES_STREAMED 45261936
<INFO 74cfd15f36c0> CORE::BYTES::UPDATES_OUT 30174624
<INFO 74cfd15f36c0> CORE::BYTES::UPDATES_IN 34557000
<INFO 74cfd4dfa6c0> CORE::PARTITIONS_PROCESSED 5
<INFO 74cfd4dfa6c0> CORE::BYTES::EDGES_STREAMED 51783744
<INFO 74cfd4dfa6c0> CORE::BYTES::UPDATES_OUT 34522496
<INFO 74cfd4dfa6c0> CORE::BYTES::UPDATES_IN 21555344
<INFO 74d1d94932c0> CORE::RUSAGE::MAX_RSS_KB 8394092
<INFO 74d1d94932c0> CORE::RUSAGE::MINFLT 2097532
<INFO 74d1d94932c0> CORE::RUSAGE::MAJFLT 0
<INFO 74d1d94932c0> CORE::RUSAGE::MAJFLT 0
<INFO 74d1d94932c0> CORE::RUSAGE::INBLK 1617048
<INFO 74d1d94932c0> CORE::RUSAGE::OUBLK 75760
<INFO 74d1d94932c0> CORE::UTILS::BYTES_READ 827928576
<INFO 74d1d94932c0> CORE::UTILS::BYTES_WRITTEN 38780928
<INFO 74d1d94932c0> CORE::TIME::IO_WAIT 2.16799 seconds
<INFO 74d1d94932c0> CORE::PHASES 2
<INFO 74d1d94932c0> CORE::TIME::SETUP 3.44076 seconds
<INFO 74d1d94932c0> CORE::TIME::STATE_ITER 0.019087 seconds
<INFO 74d1d94932c0> CORE::TIME::GATHER 0.18022 seconds
<INFO 74d1d94932c0> CORE::TIME::SCATTER 2.438 seconds
<INFO 74d1d94932c0> TIME_IN_PC_FN 0.0821 seconds
<INFO 74d1d94932c0> CORE::TIME::WALL 6.23723 seconds
<INFO 74d1d94932c0> SHUTDOWN
