<INFO 75d5a08e72c0> STARTUP
<INFO 75d5a08e72c0> CORE::GRAPH soc-LiveJournal1-dir
<INFO 75d5a08e72c0> CORE::ALGORITHM pagerank
<INFO 75d5a08e72c0> SG-DRIVER-ORIGINAL
<WARNING 75d5a08e72c0> Disk count not specified, assuming it to be 1
<INFO 75d5a08e72c0> CORE::CONFIG::PROCESSORS 16
<INFO 75d5a08e72c0> CORE::CONFIG::PHYSICAL_MEMORY 67108864
<INFO 75d5a08e72c0> CORE::CONFIG::VERTICES 4847571
<INFO 75d5a08e72c0> CORE::CONFIG::VERTEX_SIZE 12
<INFO 75d5a08e72c0> CORE::CONFIG::VERTEX_BUFFER 29085696
<INFO 75d5a08e72c0> CORE::CONFIG::EDGES 68993773
<INFO 75d5a08e72c0> CORE::CONFIG::PARTITIONS 64
<INFO 75d5a08e72c0> CORE::CONFIG::FANOUT 64
<INFO 75d5a08e72c0> CORE::CONFIG::SUPER_PARTITIONS 2
<INFO 75d5a08e72c0> CORE::CONFIG::STREAM_UNIT 2097152
<INFO 75d5a08e72c0> CORE::CONFIG::BUFFER_SIZE 7179673
<INFO 75d5a08e72c0> CORE::CONFIG::IO_NUMIOQS 1
<INFO 75d5a08e72c0> CORE::CONFIG::MAX_BUFFERS 4
<INFO 75d5a08e72c0> CORE::CONFIG::MAX_STREAMS 5
<WARNING 75d5a08e72c0> No mount point specified for disk0, falling back to current directory
my size is 827925276
<INFO 75d5a08e72c0> CORE::PARTITIONS_PROCESSED 6648
<INFO 75d5a08e72c0> CORE::BYTES::EDGES_STREAMED 1030221156
<INFO 75d5a08e72c0> CORE::BYTES::UPDATES_OUT 659557768
<INFO 75d5a08e72c0> CORE::BYTES::UPDATES_IN 735368296
<INFO 75d59ba046c0> CORE::PARTITIONS_PROCESSED 6088
<INFO 75d5989fe6c0> CORE::PARTITIONS_PROCESSED 6431
<INFO 75d5959f86c0> CORE::PARTITIONS_PROCESSED 6318
<INFO 75d5991ff6c0> CORE::PARTITIONS_PROCESSED 6204
<INFO 75d5989fe6c0> CORE::BYTES::EDGES_STREAMED 1162829928
<INFO 75d5991ff6c0> CORE::BYTES::EDGES_STREAMED 1138250712
<INFO 75d5991ff6c0> CORE::BYTES::UPDATES_OUT 722976800
<INFO 75d5991ff6c0> CORE::BYTES::UPDATES_IN 687805112
<INFO 75d5949f66c0> CORE::PARTITIONS_PROCESSED 6369
<INFO 75d59ba046c0> CORE::BYTES::EDGES_STREAMED 1154430912
<INFO 75d59a2016c0> CORE::PARTITIONS_PROCESSED 6010
<INFO 75d5989fe6c0> CORE::BYTES::UPDATES_OUT 736845872
<INFO 75d5989fe6c0> CORE::BYTES::UPDATES_IN 713020888
<INFO 75d59ba046c0> CORE::BYTES::UPDATES_OUT 736694272
<INFO 75d5981fd6c0> CORE::PARTITIONS_PROCESSED 6330
<INFO 75d5951f76c0> CORE::PARTITIONS_PROCESSED 6143
<INFO 75d5971fb6c0> CORE::PARTITIONS_PROCESSED 6056
<INFO 75d59aa026c0> CORE::PARTITIONS_PROCESSED 5910
<INFO 75d59a2016c0> CORE::BYTES::EDGES_STREAMED 1185098940
<INFO 75d5959f86c0> CORE::BYTES::EDGES_STREAMED 1149642840
<INFO 75d599a006c0> CORE::PARTITIONS_PROCESSED 6316
<INFO 75d5949f66c0> CORE::BYTES::EDGES_STREAMED 1145502804
<INFO 75d59aa026c0> CORE::BYTES::EDGES_STREAMED 1169961312
<INFO 75d59aa026c0> CORE::BYTES::UPDATES_OUT 738436264
<INFO 75d59aa026c0> CORE::BYTES::UPDATES_IN 655880528
<INFO 75d5971fb6c0> CORE::BYTES::EDGES_STREAMED 1123020816
<INFO 75d5981fd6c0> CORE::BYTES::EDGES_STREAMED 1130924124
<INFO 75d5949f66c0> CORE::BYTES::UPDATES_OUT 727590104
<INFO 75d5959f86c0> CORE::BYTES::UPDATES_OUT 726115216
<INFO 75d59a2016c0> CORE::BYTES::UPDATES_OUT 751581904
<INFO 75d59b2036c0> CORE::PARTITIONS_PROCESSED 6324
<INFO 75d59a2016c0> CORE::BYTES::UPDATES_IN 662801112
<INFO 75d59b2036c0> CORE::BYTES::EDGES_STREAMED 1169627496
<INFO 75d599a006c0> CORE::BYTES::EDGES_STREAMED 1133199660
<INFO 75d5961f96c0> CORE::PARTITIONS_PROCESSED 6359
<INFO 75d599a006c0> CORE::BYTES::UPDATES_OUT 722642704
<INFO 75d59ba046c0> CORE::BYTES::UPDATES_IN 672934072
<INFO 75d5959f86c0> CORE::BYTES::UPDATES_IN 696699712
<INFO 75d59b2036c0> CORE::BYTES::UPDATES_OUT 739902184
<INFO 75d5969fa6c0> CORE::PARTITIONS_PROCESSED 6077
<INFO 75d5949f66c0> CORE::BYTES::UPDATES_IN 704670680
<INFO 75d599a006c0> CORE::BYTES::UPDATES_IN 702141024
<INFO 75d5961f96c0> CORE::BYTES::EDGES_STREAMED 1111111056
<INFO 75d5961f96c0> CORE::BYTES::UPDATES_OUT 712933384
<INFO 75d5961f96c0> CORE::BYTES::UPDATES_IN 701132400
<INFO 75d5971fb6c0> CORE::BYTES::UPDATES_OUT 715658968
<INFO 75d5971fb6c0> CORE::BYTES::UPDATES_IN 670961288
<INFO 75d5981fd6c0> CORE::BYTES::UPDATES_OUT 722404560
<INFO 75d5969fa6c0> CORE::BYTES::EDGES_STREAMED 1139492712
<INFO 75d5951f76c0> CORE::BYTES::EDGES_STREAMED 1128439548
<INFO 75d5969fa6c0> CORE::BYTES::UPDATES_OUT 723583584
<INFO 75d5981fd6c0> CORE::BYTES::UPDATES_IN 702627216
<INFO 75d5969fa6c0> CORE::BYTES::UPDATES_IN 669678920
<INFO 75d5951f76c0> CORE::BYTES::UPDATES_OUT 720723240
<INFO 75d5951f76c0> CORE::BYTES::UPDATES_IN 674116768
<INFO 75d59b2036c0> CORE::BYTES::UPDATES_IN 696526208
<INFO 75d5979fc6c0> CORE::PARTITIONS_PROCESSED 6257
<INFO 75d5979fc6c0> CORE::BYTES::EDGES_STREAMED 1142602056
<INFO 75d5979fc6c0> CORE::BYTES::UPDATES_OUT 733307040
<INFO 75d5979fc6c0> CORE::BYTES::UPDATES_IN 692639456
<INFO 75d5a08e72c0> CORE::RUSAGE::MAX_RSS_KB 71068
<INFO 75d5a08e72c0> CORE::RUSAGE::MINFLT 16754
<INFO 75d5a08e72c0> CORE::RUSAGE::MAJFLT 0
<INFO 75d5a08e72c0> CORE::RUSAGE::MAJFLT 0
<INFO 75d5a08e72c0> CORE::RUSAGE::INBLK 61138840
<INFO 75d5a08e72c0> CORE::RUSAGE::OUBLK 26755640
<INFO 75d5a08e72c0> CORE::UTILS::BYTES_READ 31303086080
<INFO 75d5a08e72c0> CORE::UTILS::BYTES_WRITTEN 13698875392
<INFO 75d5a08e72c0> CORE::TIME::IO_WAIT 85.9265 seconds
<INFO 75d5a08e72c0> CORE::PHASES 22
<INFO 75d5a08e72c0> CORE::TIME::SETUP 0.044288 seconds
<INFO 75d5a08e72c0> CORE::TIME::STATE_ITER 0.634612 seconds
<INFO 75d5a08e72c0> CORE::TIME::GATHER 89.1984 seconds
<INFO 75d5a08e72c0> CORE::TIME::SCATTER 166.023 seconds
<INFO 75d5a08e72c0> TIME_IN_PC_FN 2.87479 seconds
<INFO 75d5a08e72c0> CORE::TIME::WALL 274.701 seconds
<INFO 75d5a08e72c0> SHUTDOWN
