<INFO 7b619088a2c0> STARTUP
<INFO 7b619088a2c0> CORE::GRAPH soc-LiveJournal1-dir
<INFO 7b619088a2c0> CORE::ALGORITHM pagerank
<INFO 7b619088a2c0> SG-DRIVER-ORIGINAL
<WARNING 7b619088a2c0> Disk count not specified, assuming it to be 1
<INFO 7b619088a2c0> CORE::CONFIG::PROCESSORS 16
<INFO 7b619088a2c0> CORE::CONFIG::PHYSICAL_MEMORY 2147483648
<INFO 7b619088a2c0> CORE::CONFIG::VERTICES 4847571
<INFO 7b619088a2c0> CORE::CONFIG::VERTEX_SIZE 12
<INFO 7b619088a2c0> CORE::CONFIG::VERTEX_BUFFER 58171392
<INFO 7b619088a2c0> CORE::CONFIG::EDGES 68993773
<INFO 7b619088a2c0> CORE::CONFIG::PARTITIONS 128
<INFO 7b619088a2c0> CORE::CONFIG::FANOUT 128
<INFO 7b619088a2c0> CORE::CONFIG::SUPER_PARTITIONS 1
<INFO 7b619088a2c0> CORE::CONFIG::STREAM_UNIT 16777216
<INFO 7b619088a2c0> CORE::CONFIG::BUFFER_SIZE 414500556
<INFO 7b619088a2c0> CORE::CONFIG::IO_NUMIOQS 1
<INFO 7b619088a2c0> CORE::CONFIG::MAX_BUFFERS 4
<INFO 7b619088a2c0> CORE::CONFIG::MAX_STREAMS 5
<WARNING 7b619088a2c0> No mount point specified for disk0, falling back to current directory
my size is 827925276
<INFO 7b619088a2c0> CORE::PARTITIONS_PROCESSED 303
<INFO 7b619088a2c0> CORE::BYTES::EDGES_STREAMED 1102527588
<INFO 7b619088a2c0> CORE::BYTES::UPDATES_OUT 700641352
<INFO 7b619088a2c0> CORE::BYTES::UPDATES_IN 662844040
<INFO 7b61099f76c0> CORE::PARTITIONS_PROCESSED 322
<INFO 7b610c9fd6c0> CORE::PARTITIONS_PROCESSED 336
<INFO 7b61099f76c0> CORE::BYTES::EDGES_STREAMED 1094282832
<INFO 7b61099f76c0> CORE::BYTES::UPDATES_OUT 699232880
<INFO 7b610c9fd6c0> CORE::BYTES::EDGES_STREAMED 1130983620
<INFO 7b61099f76c0> CORE::BYTES::UPDATES_IN 704899568
<INFO 7b610b9fb6c0> CORE::PARTITIONS_PROCESSED 315
<INFO 7b610c9fd6c0> CORE::BYTES::UPDATES_OUT 723633560
<INFO 7b610c1fc6c0> CORE::PARTITIONS_PROCESSED 320
<INFO 7b610f2026c0> CORE::PARTITIONS_PROCESSED 319
<INFO 7b610c9fd6c0> CORE::BYTES::UPDATES_IN 726291088
<INFO 7b61089f56c0> CORE::PARTITIONS_PROCESSED 309
<INFO 7b61089f56c0> CORE::BYTES::EDGES_STREAMED 1167598068
<INFO 7b610ea016c0> CORE::PARTITIONS_PROCESSED 326
<INFO 7b610f2026c0> CORE::BYTES::EDGES_STREAMED 1102934784
<INFO 7b610f2026c0> CORE::BYTES::UPDATES_OUT 707354680
<INFO 7b610f2026c0> CORE::BYTES::UPDATES_IN 694878712
<INFO 7b610a1f86c0> CORE::PARTITIONS_PROCESSED 306
<INFO 7b610a9f96c0> CORE::PARTITIONS_PROCESSED 324
<INFO 7b610c1fc6c0> CORE::BYTES::EDGES_STREAMED 1094167320
<INFO 7b61089f56c0> CORE::BYTES::UPDATES_OUT 741839648
<INFO 7b610b9fb6c0> CORE::BYTES::EDGES_STREAMED 1111125684
<INFO 7b610b9fb6c0> CORE::BYTES::UPDATES_OUT 705947032
<INFO 7b610b9fb6c0> CORE::BYTES::UPDATES_IN 682749632
<INFO 7b610a1f86c0> CORE::BYTES::EDGES_STREAMED 1193591016
<INFO 7b610a1f86c0> CORE::BYTES::UPDATES_OUT 761421304
<INFO 7b610a1f86c0> CORE::BYTES::UPDATES_IN 662374744
<INFO 7b610c1fc6c0> CORE::BYTES::UPDATES_OUT 697219984
<INFO 7b610c1fc6c0> CORE::BYTES::UPDATES_IN 683853240
<INFO 7b61089f56c0> CORE::BYTES::UPDATES_IN 663002528
<INFO 7b61091f66c0> CORE::PARTITIONS_PROCESSED 342
<INFO 7b61091f66c0> CORE::BYTES::EDGES_STREAMED 1186449624
<INFO 7b61091f66c0> CORE::BYTES::UPDATES_OUT 762979720
<INFO 7b61091f66c0> CORE::BYTES::UPDATES_IN 718826968
<INFO 7b610d9ff6c0> CORE::PARTITIONS_PROCESSED 316
<INFO 7b610d9ff6c0> CORE::BYTES::EDGES_STREAMED 1116730104
<INFO 7b610d9ff6c0> CORE::BYTES::UPDATES_OUT 711996616
<INFO 7b610d9ff6c0> CORE::BYTES::UPDATES_IN 684802824
<INFO 7b610fa036c0> CORE::PARTITIONS_PROCESSED 322
<INFO 7b610fa036c0> CORE::BYTES::EDGES_STREAMED 1129735464
<INFO 7b610fa036c0> CORE::BYTES::UPDATES_OUT 707969536
<INFO 7b610fa036c0> CORE::BYTES::UPDATES_IN 686872352
<INFO 7b610a9f96c0> CORE::BYTES::EDGES_STREAMED 1075976352
<INFO 7b610a9f96c0> CORE::BYTES::UPDATES_OUT 678479592
<INFO 7b610a9f96c0> CORE::BYTES::UPDATES_IN 699301128
<INFO 7b610b1fa6c0> CORE::PARTITIONS_PROCESSED 332
<INFO 7b610b1fa6c0> CORE::BYTES::EDGES_STREAMED 1221403284
<INFO 7b610b1fa6c0> CORE::BYTES::UPDATES_OUT 766869944
<INFO 7b610b1fa6c0> CORE::BYTES::UPDATES_IN 718983048
<INFO 7b610d1fe6c0> CORE::PARTITIONS_PROCESSED 317
<INFO 7b610d1fe6c0> CORE::BYTES::EDGES_STREAMED 1163933640
<INFO 7b610d1fe6c0> CORE::BYTES::UPDATES_OUT 741466360
<INFO 7b610d1fe6c0> CORE::BYTES::UPDATES_IN 680672952
<INFO 7b610ea016c0> CORE::BYTES::EDGES_STREAMED 1170192684
<INFO 7b610ea016c0> CORE::BYTES::UPDATES_OUT 745640008
<INFO 7b610ea016c0> CORE::BYTES::UPDATES_IN 699926024
<INFO 7b610e2006c0> CORE::PARTITIONS_PROCESSED 311
<INFO 7b610e2006c0> CORE::BYTES::EDGES_STREAMED 1152724008
<INFO 7b610e2006c0> CORE::BYTES::UPDATES_OUT 738261648
<INFO 7b610e2006c0> CORE::BYTES::UPDATES_IN 668724832
<INFO 7b619088a2c0> CORE::RUSAGE::MAX_RSS_KB 2102668
<INFO 7b619088a2c0> CORE::RUSAGE::MINFLT 524664
<INFO 7b619088a2c0> CORE::RUSAGE::MAJFLT 0
<INFO 7b619088a2c0> CORE::RUSAGE::MAJFLT 0
<INFO 7b619088a2c0> CORE::RUSAGE::INBLK 57135696
<INFO 7b619088a2c0> CORE::RUSAGE::OUBLK 22752312
<INFO 7b619088a2c0> CORE::UTILS::BYTES_READ 29253476352
<INFO 7b619088a2c0> CORE::UTILS::BYTES_WRITTEN 11649171456
<INFO 7b619088a2c0> CORE::TIME::IO_WAIT 110.036 seconds
<INFO 7b619088a2c0> CORE::PHASES 22
<INFO 7b619088a2c0> CORE::TIME::SETUP 0.876306 seconds
<INFO 7b619088a2c0> CORE::TIME::STATE_ITER 0.308227 seconds
<INFO 7b619088a2c0> CORE::TIME::GATHER 22.3535 seconds
<INFO 7b619088a2c0> CORE::TIME::SCATTER 98.6121 seconds
<INFO 7b619088a2c0> TIME_IN_PC_FN 2.30903 seconds
<INFO 7b619088a2c0> CORE::TIME::WALL 135.799 seconds
<INFO 7b619088a2c0> SHUTDOWN
