<INFO 78bb846902c0> STARTUP
<INFO 78bb846902c0> CORE::GRAPH soc-LiveJournal1-dir
<INFO 78bb846902c0> CORE::ALGORITHM pagerank
<INFO 78bb846902c0> SG-DRIVER-ORIGINAL
<WARNING 78bb846902c0> Disk count not specified, assuming it to be 1
<INFO 78bb846902c0> CORE::CONFIG::PROCESSORS 16
<INFO 78bb846902c0> CORE::CONFIG::PHYSICAL_MEMORY 536870912
<INFO 78bb846902c0> CORE::CONFIG::VERTICES 4847571
<INFO 78bb846902c0> CORE::CONFIG::VERTEX_SIZE 12
<INFO 78bb846902c0> CORE::CONFIG::VERTEX_BUFFER 58171392
<INFO 78bb846902c0> CORE::CONFIG::EDGES 68993773
<INFO 78bb846902c0> CORE::CONFIG::PARTITIONS 128
<INFO 78bb846902c0> CORE::CONFIG::FANOUT 128
<INFO 78bb846902c0> CORE::CONFIG::SUPER_PARTITIONS 1
<INFO 78bb846902c0> CORE::CONFIG::STREAM_UNIT 16777216
<INFO 78bb846902c0> CORE::CONFIG::BUFFER_SIZE 92378009
<INFO 78bb846902c0> CORE::CONFIG::IO_NUMIOQS 1
<INFO 78bb846902c0> CORE::CONFIG::MAX_BUFFERS 4
<INFO 78bb846902c0> CORE::CONFIG::MAX_STREAMS 5
<WARNING 78bb846902c0> No mount point specified for disk0, falling back to current directory
my size is 827925276
<INFO 78bb846902c0> CORE::PARTITIONS_PROCESSED 941
<INFO 78bb846902c0> CORE::BYTES::EDGES_STREAMED 1065886020
<INFO 78bb846902c0> CORE::BYTES::UPDATES_OUT 674351496
<INFO 78bb846902c0> CORE::BYTES::UPDATES_IN 676393168
<INFO 78bb638026c0> CORE::PARTITIONS_PROCESSED 924
<INFO 78bb5d7f66c0> CORE::PARTITIONS_PROCESSED 948
<INFO 78bb638026c0> CORE::BYTES::EDGES_STREAMED 1148973648
<INFO 78bb61fff6c0> CORE::PARTITIONS_PROCESSED 917
<INFO 78bb630016c0> CORE::PARTITIONS_PROCESSED 1004
<INFO 78bb5cff56c0> CORE::PARTITIONS_PROCESSED 945
<INFO 78bb5d7f66c0> CORE::BYTES::EDGES_STREAMED 1177504596
<INFO 78bb630016c0> CORE::BYTES::EDGES_STREAMED 1154661360
<INFO 78bb5e7f86c0> CORE::PARTITIONS_PROCESSED 975
<INFO 78bb617fe6c0> CORE::PARTITIONS_PROCESSED 969
<INFO 78bb617fe6c0> CORE::BYTES::EDGES_STREAMED 1171235076
<INFO 78bb5dff76c0> CORE::PARTITIONS_PROCESSED 1049
<INFO 78bb5d7f66c0> CORE::BYTES::UPDATES_OUT 753435992
<INFO 78bb5eff96c0> CORE::PARTITIONS_PROCESSED 997
<INFO 78bb5eff96c0> CORE::BYTES::EDGES_STREAMED 1156060848
<INFO 78bb5eff96c0> CORE::BYTES::UPDATES_OUT 736027232
<INFO 78bb5eff96c0> CORE::BYTES::UPDATES_IN 715715336
<INFO 78bb61fff6c0> CORE::BYTES::EDGES_STREAMED 1140944268
<INFO 78bb61fff6c0> CORE::BYTES::UPDATES_OUT 720390432
<INFO 78bb61fff6c0> CORE::BYTES::UPDATES_IN 662042384
<INFO 78bb5c7f46c0> CORE::PARTITIONS_PROCESSED 949
<INFO 78bb638026c0> CORE::BYTES::UPDATES_OUT 728132792
<INFO 78bb5d7f66c0> CORE::BYTES::UPDATES_IN 683445600
<INFO 78bb5cff56c0> CORE::BYTES::EDGES_STREAMED 1125168480
<INFO 78bb5c7f46c0> CORE::BYTES::EDGES_STREAMED 1137236892
<INFO 78bb617fe6c0> CORE::BYTES::UPDATES_OUT 740749328
<INFO 78bb607fc6c0> CORE::PARTITIONS_PROCESSED 947
<INFO 78bb630016c0> CORE::BYTES::UPDATES_OUT 725993864
<INFO 78bb5cff56c0> CORE::BYTES::UPDATES_OUT 731567168
<INFO 78bb5e7f86c0> CORE::BYTES::EDGES_STREAMED 1124909136
<INFO 78bb638026c0> CORE::BYTES::UPDATES_IN 663457280
<INFO 78bb5dff76c0> CORE::BYTES::EDGES_STREAMED 1156322160
<INFO 78bb607fc6c0> CORE::BYTES::EDGES_STREAMED 1099369416
<INFO 78bb628006c0> CORE::PARTITIONS_PROCESSED 985
<INFO 78bb617fe6c0> CORE::BYTES::UPDATES_IN 698205104
<INFO 78bb630016c0> CORE::BYTES::UPDATES_IN 721313648
<INFO 78bb5cff56c0> CORE::BYTES::UPDATES_IN 676486000
<INFO 78bb5c7f46c0> CORE::BYTES::UPDATES_OUT 729940648
<INFO 78bb60ffd6c0> CORE::PARTITIONS_PROCESSED 904
<INFO 78bb60ffd6c0> CORE::BYTES::EDGES_STREAMED 1129404120
<INFO 78bb60ffd6c0> CORE::BYTES::UPDATES_OUT 719530440
<INFO 78bb60ffd6c0> CORE::BYTES::UPDATES_IN 649557832
<INFO 78bb628006c0> CORE::BYTES::EDGES_STREAMED 1139156364
<INFO 78bb607fc6c0> CORE::BYTES::UPDATES_OUT 707590240
<INFO 78bb5dff76c0> CORE::BYTES::UPDATES_OUT 731314528
<INFO 78bb5f7fa6c0> CORE::PARTITIONS_PROCESSED 990
<INFO 78bb628006c0> CORE::BYTES::UPDATES_OUT 714969096
<INFO 78bb5f7fa6c0> CORE::BYTES::EDGES_STREAMED 1160260776
<INFO 78bb5dff76c0> CORE::BYTES::UPDATES_IN 747912816
<INFO 78bb607fc6c0> CORE::BYTES::UPDATES_IN 681380256
<INFO 78bb5fffb6c0> CORE::PARTITIONS_PROCESSED 916
<INFO 78bb5fffb6c0> CORE::BYTES::EDGES_STREAMED 1127262912
<INFO 78bb5fffb6c0> CORE::BYTES::UPDATES_OUT 726857568
<INFO 78bb5fffb6c0> CORE::BYTES::UPDATES_IN 656326552
<INFO 78bb5e7f86c0> CORE::BYTES::UPDATES_OUT 708376096
<INFO 78bb5e7f86c0> CORE::BYTES::UPDATES_IN 699905512
<INFO 78bb5c7f46c0> CORE::BYTES::UPDATES_IN 681753544
<INFO 78bb628006c0> CORE::BYTES::UPDATES_IN 711723544
<INFO 78bb5f7fa6c0> CORE::BYTES::UPDATES_OUT 741726944
<INFO 78bb5f7fa6c0> CORE::BYTES::UPDATES_IN 713385104
<INFO 78bb846902c0> CORE::RUSAGE::MAX_RSS_KB 529736
<INFO 78bb846902c0> CORE::RUSAGE::MINFLT 131453
<INFO 78bb846902c0> CORE::RUSAGE::MAJFLT 0
<INFO 78bb846902c0> CORE::RUSAGE::MAJFLT 0
<INFO 78bb846902c0> CORE::RUSAGE::INBLK 57135696
<INFO 78bb846902c0> CORE::RUSAGE::OUBLK 22752312
<INFO 78bb846902c0> CORE::UTILS::BYTES_READ 29253476352
<INFO 78bb846902c0> CORE::UTILS::BYTES_WRITTEN 11649171456
<INFO 78bb846902c0> CORE::TIME::IO_WAIT 106.358 seconds
<INFO 78bb846902c0> CORE::PHASES 22
<INFO 78bb846902c0> CORE::TIME::SETUP 0.231496 seconds
<INFO 78bb846902c0> CORE::TIME::STATE_ITER 0.317908 seconds
<INFO 78bb846902c0> CORE::TIME::GATHER 23.1561 seconds
<INFO 78bb846902c0> CORE::TIME::SCATTER 103.241 seconds
<INFO 78bb846902c0> TIME_IN_PC_FN 2.61159 seconds
<INFO 78bb846902c0> CORE::TIME::WALL 129.802 seconds
<INFO 78bb846902c0> SHUTDOWN
