<INFO 7a9f1d7162c0> STARTUP
<INFO 7a9f1d7162c0> CORE::GRAPH soc-LiveJournal1-dir
<INFO 7a9f1d7162c0> CORE::ALGORITHM spmv
<INFO 7a9f1d7162c0> SG-DRIVER-ORIGINAL
<WARNING 7a9f1d7162c0> Disk count not specified, assuming it to be 1
<INFO 7a9f1d7162c0> CORE::CONFIG::PROCESSORS 16
<INFO 7a9f1d7162c0> CORE::CONFIG::PHYSICAL_MEMORY 4294967296
<INFO 7a9f1d7162c0> CORE::CONFIG::VERTICES 4847571
<INFO 7a9f1d7162c0> CORE::CONFIG::VERTEX_SIZE 8
<INFO 7a9f1d7162c0> CORE::CONFIG::VERTEX_BUFFER 38780928
<INFO 7a9f1d7162c0> CORE::CONFIG::EDGES 68993773
<INFO 7a9f1d7162c0> CORE::CONFIG::PARTITIONS 128
<INFO 7a9f1d7162c0> CORE::CONFIG::FANOUT 128
<INFO 7a9f1d7162c0> CORE::CONFIG::SUPER_PARTITIONS 1
<INFO 7a9f1d7162c0> CORE::CONFIG::STREAM_UNIT 16777216
<INFO 7a9f1d7162c0> CORE::CONFIG::BUFFER_SIZE 847875379
<INFO 7a9f1d7162c0> CORE::CONFIG::IO_NUMIOQS 1
<INFO 7a9f1d7162c0> CORE::CONFIG::MAX_BUFFERS 4
<INFO 7a9f1d7162c0> CORE::CONFIG::MAX_STREAMS 5
<WARNING 7a9f1d7162c0> No mount point specified for disk0, falling back to current directory
my size is 827925276
<INFO 7a9f1d7162c0> CORE::PARTITIONS_PROCESSED 5
<INFO 7a9f1d7162c0> CORE::BYTES::EDGES_STREAMED 32350836
<INFO 7a9f1d7162c0> CORE::BYTES::UPDATES_OUT 21567224
<INFO 7a9f1d7162c0> CORE::BYTES::UPDATES_IN 21587360
<INFO 7a9e18ffe6c0> CORE::PARTITIONS_PROCESSED 8
<INFO 7a9e1a8016c0> CORE::PARTITIONS_PROCESSED 8
<INFO 7a9e1b8036c0> CORE::PARTITIONS_PROCESSED 8
<INFO 7a9e17ffc6c0> CORE::PARTITIONS_PROCESSED 8
<INFO 7a9e177fb6c0> CORE::PARTITIONS_PROCESSED 16
<INFO 7a9e17ffc6c0> CORE::BYTES::EDGES_STREAMED 51860532
<INFO 7a9e18ffe6c0> CORE::BYTES::EDGES_STREAMED 51669108
<INFO 7a9e1c8056c0> CORE::PARTITIONS_PROCESSED 8
<INFO 7a9e1c8056c0> CORE::BYTES::EDGES_STREAMED 51778440
<INFO 7a9e1c8056c0> CORE::BYTES::UPDATES_OUT 34518960
<INFO 7a9e1c8056c0> CORE::BYTES::UPDATES_IN 34505592
<INFO 7a9e177fb6c0> CORE::BYTES::EDGES_STREAMED 103433652
<INFO 7a9e16ffa6c0> CORE::PARTITIONS_PROCESSED 8
<INFO 7a9e17ffc6c0> CORE::BYTES::UPDATES_OUT 34573688
<INFO 7a9e17ffc6c0> CORE::BYTES::UPDATES_IN 34440008
<INFO 7a9e16ffa6c0> CORE::BYTES::EDGES_STREAMED 38651892
<INFO 7a9e1a8016c0> CORE::BYTES::EDGES_STREAMED 32511648
<INFO 7a9e1a8016c0> CORE::BYTES::UPDATES_OUT 21674432
<INFO 7a9e1a8016c0> CORE::BYTES::UPDATES_IN 34557984
<INFO 7a9e167f96c0> CORE::PARTITIONS_PROCESSED 7
<INFO 7a9e167f96c0> CORE::BYTES::EDGES_STREAMED 38672724
<INFO 7a9e167f96c0> CORE::BYTES::UPDATES_OUT 25781816
<INFO 7a9e167f96c0> CORE::BYTES::UPDATES_IN 30256648
<INFO 7a9e15ff86c0> CORE::PARTITIONS_PROCESSED 8
<INFO 7a9e15ff86c0> CORE::BYTES::EDGES_STREAMED 38497896
<INFO 7a9e15ff86c0> CORE::BYTES::UPDATES_OUT 25665264
<INFO 7a9e15ff86c0> CORE::BYTES::UPDATES_IN 34304512
<INFO 7a9e1b0026c0> CORE::PARTITIONS_PROCESSED 8
<INFO 7a9e1c0046c0> CORE::PARTITIONS_PROCESSED 9
<INFO 7a9e1b0026c0> CORE::BYTES::EDGES_STREAMED 103587336
<INFO 7a9e157f76c0> CORE::PARTITIONS_PROCESSED 8
<INFO 7a9e1c0046c0> CORE::BYTES::EDGES_STREAMED 51593616
<INFO 7a9e1c0046c0> CORE::BYTES::UPDATES_OUT 34395744
<INFO 7a9e1c0046c0> CORE::BYTES::UPDATES_IN 38772016
<INFO 7a9e1b8036c0> CORE::BYTES::EDGES_STREAMED 51719928
<INFO 7a9e197ff6c0> CORE::PARTITIONS_PROCESSED 8
<INFO 7a9e1b8036c0> CORE::BYTES::UPDATES_OUT 34479952
<INFO 7a9e1b8036c0> CORE::BYTES::UPDATES_IN 34734064
<INFO 7a9e187fd6c0> CORE::PARTITIONS_PROCESSED 6
<INFO 7a9e157f76c0> CORE::BYTES::EDGES_STREAMED 38713356
<INFO 7a9e16ffa6c0> CORE::BYTES::UPDATES_OUT 25767928
<INFO 7a9e1a0006c0> CORE::PARTITIONS_PROCESSED 5
<INFO 7a9e1a0006c0> CORE::BYTES::EDGES_STREAMED 45258960
<INFO 7a9e1a0006c0> CORE::BYTES::UPDATES_OUT 30172640
<INFO 7a9e187fd6c0> CORE::BYTES::EDGES_STREAMED 52084200
<INFO 7a9e187fd6c0> CORE::BYTES::UPDATES_OUT 34722800
<INFO 7a9e187fd6c0> CORE::BYTES::UPDATES_IN 25940256
<INFO 7a9e157f76c0> CORE::BYTES::UPDATES_OUT 25808904
<INFO 7a9e157f76c0> CORE::BYTES::UPDATES_IN 34512168
<INFO 7a9e18ffe6c0> CORE::BYTES::UPDATES_OUT 34446072
<INFO 7a9e197ff6c0> CORE::BYTES::EDGES_STREAMED 45541152
<INFO 7a9e18ffe6c0> CORE::BYTES::UPDATES_IN 34393048
<INFO 7a9e197ff6c0> CORE::BYTES::UPDATES_OUT 30360768
<INFO 7a9e197ff6c0> CORE::BYTES::UPDATES_IN 34582944
<INFO 7a9e1a0006c0> CORE::BYTES::UPDATES_IN 21488944
<INFO 7a9e16ffa6c0> CORE::BYTES::UPDATES_IN 34125232
<INFO 7a9e1b0026c0> CORE::BYTES::UPDATES_OUT 69058224
<INFO 7a9e177fb6c0> CORE::BYTES::UPDATES_OUT 68955768
<INFO 7a9e177fb6c0> CORE::BYTES::UPDATES_IN 68917448
<INFO 7a9e1b0026c0> CORE::BYTES::UPDATES_IN 34831960
<INFO 7a9f1d7162c0> CORE::RUSAGE::MAX_RSS_KB 4199836
<INFO 7a9f1d7162c0> CORE::RUSAGE::MINFLT 1048959
<INFO 7a9f1d7162c0> CORE::RUSAGE::MAJFLT 0
<INFO 7a9f1d7162c0> CORE::RUSAGE::MAJFLT 0
<INFO 7a9f1d7162c0> CORE::RUSAGE::INBLK 1617048
<INFO 7a9f1d7162c0> CORE::RUSAGE::OUBLK 75760
<INFO 7a9f1d7162c0> CORE::UTILS::BYTES_READ 827928576
<INFO 7a9f1d7162c0> CORE::UTILS::BYTES_WRITTEN 38780928
<INFO 7a9f1d7162c0> CORE::TIME::IO_WAIT 2.56694 seconds
<INFO 7a9f1d7162c0> CORE::PHASES 2
<INFO 7a9f1d7162c0> CORE::TIME::SETUP 1.73468 seconds
<INFO 7a9f1d7162c0> CORE::TIME::STATE_ITER 0.020673 seconds
<INFO 7a9f1d7162c0> CORE::TIME::GATHER 0.174181 seconds
<INFO 7a9f1d7162c0> CORE::TIME::SCATTER 2.831 seconds
<INFO 7a9f1d7162c0> TIME_IN_PC_FN 0.083183 seconds
<INFO 7a9f1d7162c0> CORE::TIME::WALL 4.90851 seconds
<INFO 7a9f1d7162c0> SHUTDOWN
