<INFO 790ca06a32c0> STARTUP
<INFO 790ca06a32c0> CORE::GRAPH soc-LiveJournal1-dir
<INFO 790ca06a32c0> CORE::ALGORITHM pagerank
<INFO 790ca06a32c0> SG-DRIVER-ORIGINAL
<WARNING 790ca06a32c0> Disk count not specified, assuming it to be 1
<INFO 790ca06a32c0> CORE::CONFIG::PROCESSORS 16
<INFO 790ca06a32c0> CORE::CONFIG::PHYSICAL_MEMORY 134217728
<INFO 790ca06a32c0> CORE::CONFIG::VERTICES 4847571
<INFO 790ca06a32c0> CORE::CONFIG::VERTEX_SIZE 12
<INFO 790ca06a32c0> CORE::CONFIG::VERTEX_BUFFER 58171392
<INFO 790ca06a32c0> CORE::CONFIG::EDGES 68993773
<INFO 790ca06a32c0> CORE::CONFIG::PARTITIONS 128
<INFO 790ca06a32c0> CORE::CONFIG::FANOUT 128
<INFO 790ca06a32c0> CORE::CONFIG::SUPER_PARTITIONS 1
<INFO 790ca06a32c0> CORE::CONFIG::STREAM_UNIT 8388608
<INFO 790ca06a32c0> CORE::CONFIG::BUFFER_SIZE 13525094
<INFO 790ca06a32c0> CORE::CONFIG::IO_NUMIOQS 1
<INFO 790ca06a32c0> CORE::CONFIG::MAX_BUFFERS 4
<INFO 790ca06a32c0> CORE::CONFIG::MAX_STREAMS 5
<WARNING 790ca06a32c0> No mount point specified for disk0, falling back to current directory
my size is 827925276
<INFO 790ca06a32c0> CORE::PARTITIONS_PROCESSED 7246
<INFO 790ca06a32c0> CORE::BYTES::EDGES_STREAMED 899300064
<INFO 790ca06a32c0> CORE::BYTES::UPDATES_OUT 565945336
<INFO 790ca06a32c0> CORE::BYTES::UPDATES_IN 761654008
<INFO 790c967ff6c0> CORE::PARTITIONS_PROCESSED 6559
<INFO 790c978016c0> CORE::PARTITIONS_PROCESSED 6311
<INFO 790c95ffe6c0> CORE::PARTITIONS_PROCESSED 6721
<INFO 790c937f96c0> CORE::PARTITIONS_PROCESSED 6874
<INFO 790c92ff86c0> CORE::PARTITIONS_PROCESSED 5774
<INFO 790c91ff66c0> CORE::PARTITIONS_PROCESSED 6599
<INFO 790c967ff6c0> CORE::BYTES::EDGES_STREAMED 1098378024
<INFO 790c967ff6c0> CORE::BYTES::UPDATES_OUT 695491000
<INFO 790c967ff6c0> CORE::BYTES::UPDATES_IN 693272312
<INFO 790c93ffa6c0> CORE::PARTITIONS_PROCESSED 6386
<INFO 790c93ffa6c0> CORE::BYTES::EDGES_STREAMED 1138366848
<INFO 790c93ffa6c0> CORE::BYTES::UPDATES_OUT 726150032
<INFO 790c93ffa6c0> CORE::BYTES::UPDATES_IN 670608088
<INFO 790c91ff66c0> CORE::BYTES::EDGES_STREAMED 1124626248
<INFO 790c91ff66c0> CORE::BYTES::UPDATES_OUT 716909560
<INFO 790c917f56c0> CORE::PARTITIONS_PROCESSED 6424
<INFO 790c907f36c0> CORE::PARTITIONS_PROCESSED 6302
<INFO 790c907f36c0> CORE::BYTES::EDGES_STREAMED 1213652532
<INFO 790c95ffe6c0> CORE::BYTES::EDGES_STREAMED 1165538664
<INFO 790c937f96c0> CORE::BYTES::EDGES_STREAMED 1177619424
<INFO 790c947fb6c0> CORE::PARTITIONS_PROCESSED 6566
<INFO 790c978016c0> CORE::BYTES::EDGES_STREAMED 1130972676
<INFO 790c978016c0> CORE::BYTES::UPDATES_OUT 717744784
<INFO 790c978016c0> CORE::BYTES::UPDATES_IN 662569864
<INFO 790c947fb6c0> CORE::BYTES::EDGES_STREAMED 1172752632
<INFO 790c90ff46c0> CORE::PARTITIONS_PROCESSED 6474
<INFO 790c947fb6c0> CORE::BYTES::UPDATES_OUT 748334248
<INFO 790c90ff46c0> CORE::BYTES::EDGES_STREAMED 1125379380
<INFO 790c917f56c0> CORE::BYTES::EDGES_STREAMED 1136737824
<INFO 790c92ff86c0> CORE::BYTES::EDGES_STREAMED 1139005740
<INFO 790c927f76c0> CORE::PARTITIONS_PROCESSED 6829
<INFO 790c937f96c0> CORE::BYTES::UPDATES_OUT 750447304
<INFO 790c94ffc6c0> CORE::PARTITIONS_PROCESSED 6653
<INFO 790c907f36c0> CORE::BYTES::UPDATES_OUT 768215520
<INFO 790c94ffc6c0> CORE::BYTES::EDGES_STREAMED 1163653992
<INFO 790c94ffc6c0> CORE::BYTES::UPDATES_OUT 748265552
<INFO 790c94ffc6c0> CORE::BYTES::UPDATES_IN 699549568
<INFO 790c957fd6c0> CORE::PARTITIONS_PROCESSED 6790
<INFO 790c957fd6c0> CORE::BYTES::EDGES_STREAMED 1217355396
<INFO 790c957fd6c0> CORE::BYTES::UPDATES_OUT 780418328
<INFO 790c957fd6c0> CORE::BYTES::UPDATES_IN 714708736
<INFO 790c970006c0> CORE::PARTITIONS_PROCESSED 6452
<INFO 790c937f96c0> CORE::BYTES::UPDATES_IN 724811552
<INFO 790c970006c0> CORE::BYTES::EDGES_STREAMED 1154987604
<INFO 790c970006c0> CORE::BYTES::UPDATES_OUT 743891384
<INFO 790c970006c0> CORE::BYTES::UPDATES_IN 679583560
<INFO 790c90ff46c0> CORE::BYTES::UPDATES_OUT 717285672
<INFO 790c95ffe6c0> CORE::BYTES::UPDATES_OUT 736395800
<INFO 790c95ffe6c0> CORE::BYTES::UPDATES_IN 709353080
<INFO 790c927f76c0> CORE::BYTES::EDGES_STREAMED 1156029024
<INFO 790c927f76c0> CORE::BYTES::UPDATES_OUT 738566360
<INFO 790c927f76c0> CORE::BYTES::UPDATES_IN 716741152
<INFO 790c92ff86c0> CORE::BYTES::UPDATES_OUT 720327128
<INFO 790c91ff66c0> CORE::BYTES::UPDATES_IN 690658808
<INFO 790c907f36c0> CORE::BYTES::UPDATES_IN 662848672
<INFO 790c947fb6c0> CORE::BYTES::UPDATES_IN 691406504
<INFO 790c92ff86c0> CORE::BYTES::UPDATES_IN 606108528
<INFO 790c917f56c0> CORE::BYTES::UPDATES_OUT 716565856
<INFO 790c917f56c0> CORE::BYTES::UPDATES_IN 676831248
<INFO 790c90ff46c0> CORE::BYTES::UPDATES_IN 678298000
<INFO 790ca06a32c0> CORE::RUSAGE::MAX_RSS_KB 136572
<INFO 790ca06a32c0> CORE::RUSAGE::MINFLT 33147
<INFO 790ca06a32c0> CORE::RUSAGE::MAJFLT 0
<INFO 790ca06a32c0> CORE::RUSAGE::MAJFLT 0
<INFO 790ca06a32c0> CORE::RUSAGE::INBLK 57135696
<INFO 790ca06a32c0> CORE::RUSAGE::OUBLK 22752312
<INFO 790ca06a32c0> CORE::UTILS::BYTES_READ 29253476352
<INFO 790ca06a32c0> CORE::UTILS::BYTES_WRITTEN 11649171456
<INFO 790ca06a32c0> CORE::TIME::IO_WAIT 44.732 seconds
<INFO 790ca06a32c0> CORE::PHASES 22
<INFO 790ca06a32c0> CORE::TIME::SETUP 0.068441 seconds
<INFO 790ca06a32c0> CORE::TIME::STATE_ITER 0.308419 seconds
<INFO 790ca06a32c0> CORE::TIME::GATHER 37.9287 seconds
<INFO 790ca06a32c0> CORE::TIME::SCATTER 109.219 seconds
<INFO 790ca06a32c0> TIME_IN_PC_FN 3.13734 seconds
<INFO 790ca06a32c0> CORE::TIME::WALL 148.174 seconds
<INFO 790ca06a32c0> SHUTDOWN
