<INFO 7420098862c0> STARTUP
<INFO 7420098862c0> CORE::GRAPH soc-LiveJournal1-dir
<INFO 7420098862c0> CORE::ALGORITHM spmv
<INFO 7420098862c0> SG-DRIVER-ORIGINAL
<WARNING 7420098862c0> Disk count not specified, assuming it to be 1
<INFO 7420098862c0> CORE::CONFIG::PROCESSORS 16
<INFO 7420098862c0> CORE::CONFIG::PHYSICAL_MEMORY 1073741824
<INFO 7420098862c0> CORE::CONFIG::VERTICES 4847571
<INFO 7420098862c0> CORE::CONFIG::VERTEX_SIZE 8
<INFO 7420098862c0> CORE::CONFIG::VERTEX_BUFFER 38780928
<INFO 7420098862c0> CORE::CONFIG::EDGES 68993773
<INFO 7420098862c0> CORE::CONFIG::PARTITIONS 128
<INFO 7420098862c0> CORE::CONFIG::FANOUT 128
<INFO 7420098862c0> CORE::CONFIG::SUPER_PARTITIONS 1
<INFO 7420098862c0> CORE::CONFIG::STREAM_UNIT 16777216
<INFO 7420098862c0> CORE::CONFIG::BUFFER_SIZE 203630284
<INFO 7420098862c0> CORE::CONFIG::IO_NUMIOQS 1
<INFO 7420098862c0> CORE::CONFIG::MAX_BUFFERS 4
<INFO 7420098862c0> CORE::CONFIG::MAX_STREAMS 5
<WARNING 7420098862c0> No mount point specified for disk0, falling back to current directory
my size is 827925276
<INFO 7420098862c0> CORE::PARTITIONS_PROCESSED 26
<INFO 7420098862c0> CORE::BYTES::EDGES_STREAMED 49153968
<INFO 7420098862c0> CORE::BYTES::UPDATES_OUT 32769312
<INFO 7420098862c0> CORE::BYTES::UPDATES_IN 37196768
<INFO 741fc8a036c0> CORE::PARTITIONS_PROCESSED 20
<INFO 741fc8a036c0> CORE::BYTES::EDGES_STREAMED 52522536
<INFO 741fc8a036c0> CORE::BYTES::UPDATES_OUT 35015024
<INFO 741fc8a036c0> CORE::BYTES::UPDATES_IN 28442944
<INFO 741fc7a016c0> CORE::PARTITIONS_PROCESSED 30
<INFO 741fc7a016c0> CORE::BYTES::EDGES_STREAMED 47780952
<INFO 741fc7a016c0> CORE::BYTES::UPDATES_OUT 31853968
<INFO 741fc7a016c0> CORE::BYTES::UPDATES_IN 45032888
<INFO 741fc51fc6c0> CORE::PARTITIONS_PROCESSED 18
<INFO 741fc51fc6c0> CORE::BYTES::EDGES_STREAMED 50899680
<INFO 741fc51fc6c0> CORE::BYTES::UPDATES_OUT 33933120
<INFO 741fc51fc6c0> CORE::BYTES::UPDATES_IN 26337960
<INFO 741fc59fd6c0> CORE::PARTITIONS_PROCESSED 22
<INFO 741fc59fd6c0> CORE::BYTES::EDGES_STREAMED 49758684
<INFO 741fc59fd6c0> CORE::BYTES::UPDATES_OUT 33172456
<INFO 741fc59fd6c0> CORE::BYTES::UPDATES_IN 31864728
<INFO 741fc49fb6c0> CORE::PARTITIONS_PROCESSED 23
<INFO 741fc49fb6c0> CORE::BYTES::EDGES_STREAMED 52990056
<INFO 741fc49fb6c0> CORE::BYTES::UPDATES_OUT 35326704
<INFO 741fc49fb6c0> CORE::BYTES::UPDATES_IN 33071880
<INFO 741fc29f76c0> CORE::PARTITIONS_PROCESSED 24
<INFO 741fc29f76c0> CORE::BYTES::EDGES_STREAMED 48219072
<INFO 741fc29f76c0> CORE::BYTES::UPDATES_OUT 32146048
<INFO 741fc29f76c0> CORE::BYTES::UPDATES_IN 34199952
<INFO 741fc39f96c0> CORE::PARTITIONS_PROCESSED 39
<INFO 741fc39f96c0> CORE::BYTES::EDGES_STREAMED 49213716
<INFO 741fc39f96c0> CORE::BYTES::UPDATES_OUT 32809144
<INFO 741fc39f96c0> CORE::BYTES::UPDATES_IN 54554056
<INFO 741fc31f86c0> CORE::PARTITIONS_PROCESSED 32
<INFO 741fc61fe6c0> CORE::PARTITIONS_PROCESSED 22
<INFO 741fc19f56c0> CORE::PARTITIONS_PROCESSED 22
<INFO 741fc41fa6c0> CORE::PARTITIONS_PROCESSED 21
<INFO 741fc41fa6c0> CORE::BYTES::EDGES_STREAMED 49419516
<INFO 741fc31f86c0> CORE::BYTES::EDGES_STREAMED 50622132
<INFO 741fc41fa6c0> CORE::BYTES::UPDATES_OUT 32946344
<INFO 741fc82026c0> CORE::PARTITIONS_PROCESSED 18
<INFO 741fc61fe6c0> CORE::BYTES::EDGES_STREAMED 52558356
<INFO 741fc61fe6c0> CORE::BYTES::UPDATES_OUT 35038904
<INFO 741fc82026c0> CORE::BYTES::EDGES_STREAMED 54017496
<INFO 741fc61fe6c0> CORE::BYTES::UPDATES_IN 30865056
<INFO 741fc31f86c0> CORE::BYTES::UPDATES_OUT 33748088
<INFO 741fc19f56c0> CORE::BYTES::EDGES_STREAMED 55215096
<INFO 741fc19f56c0> CORE::BYTES::UPDATES_OUT 36810064
<INFO 741fc19f56c0> CORE::BYTES::UPDATES_IN 32625416
<INFO 741fc31f86c0> CORE::BYTES::UPDATES_IN 43758936
<INFO 741fc41fa6c0> CORE::BYTES::UPDATES_IN 31054392
<INFO 741fc21f66c0> CORE::PARTITIONS_PROCESSED 24
<INFO 741fc82026c0> CORE::BYTES::UPDATES_OUT 36011664
<INFO 741fc21f66c0> CORE::BYTES::EDGES_STREAMED 49084308
<INFO 741fc21f66c0> CORE::BYTES::UPDATES_OUT 32722872
<INFO 741fc21f66c0> CORE::BYTES::UPDATES_IN 34842224
<INFO 741fc82026c0> CORE::BYTES::UPDATES_IN 25376896
<INFO 741fc72006c0> CORE::PARTITIONS_PROCESSED 23
<INFO 741fc72006c0> CORE::BYTES::EDGES_STREAMED 63740112
<INFO 741fc69ff6c0> CORE::PARTITIONS_PROCESSED 20
<INFO 741fc72006c0> CORE::BYTES::UPDATES_OUT 42493408
<INFO 741fc69ff6c0> CORE::BYTES::EDGES_STREAMED 52729596
<INFO 741fc69ff6c0> CORE::BYTES::UPDATES_OUT 35153064
<INFO 741fc69ff6c0> CORE::BYTES::UPDATES_IN 29639496
<INFO 741fc72006c0> CORE::BYTES::UPDATES_IN 33086592
<INFO 7420098862c0> CORE::RUSAGE::MAX_RSS_KB 1054036
<INFO 7420098862c0> CORE::RUSAGE::MINFLT 262524
<INFO 7420098862c0> CORE::RUSAGE::MAJFLT 0
<INFO 7420098862c0> CORE::RUSAGE::MAJFLT 0
<INFO 7420098862c0> CORE::RUSAGE::INBLK 4312128
<INFO 7420098862c0> CORE::RUSAGE::OUBLK 1153792
<INFO 7420098862c0> CORE::UTILS::BYTES_READ 2207809536
<INFO 7420098862c0> CORE::UTILS::BYTES_WRITTEN 590733312
<INFO 7420098862c0> CORE::TIME::IO_WAIT 8.40971 seconds
<INFO 7420098862c0> CORE::PHASES 2
<INFO 7420098862c0> CORE::TIME::SETUP 0.445279 seconds
<INFO 7420098862c0> CORE::TIME::STATE_ITER 0.018156 seconds
<INFO 7420098862c0> CORE::TIME::GATHER 1.105 seconds
<INFO 7420098862c0> CORE::TIME::SCATTER 8.164 seconds
<INFO 7420098862c0> TIME_IN_PC_FN 0.097728 seconds
<INFO 7420098862c0> CORE::TIME::WALL 10.0118 seconds
<INFO 7420098862c0> SHUTDOWN
