<INFO 76193049a2c0> STARTUP
<INFO 76193049a2c0> CORE::GRAPH soc-LiveJournal1-dir
<INFO 76193049a2c0> CORE::ALGORITHM spmv
<INFO 76193049a2c0> SG-DRIVER-ORIGINAL
<WARNING 76193049a2c0> Disk count not specified, assuming it to be 1
<INFO 76193049a2c0> CORE::CONFIG::PROCESSORS 16
<INFO 76193049a2c0> CORE::CONFIG::PHYSICAL_MEMORY 4294967296
<INFO 76193049a2c0> CORE::CONFIG::VERTICES 4847571
<INFO 76193049a2c0> CORE::CONFIG::VERTEX_SIZE 8
<INFO 76193049a2c0> CORE::CONFIG::VERTEX_BUFFER 38780928
<INFO 76193049a2c0> CORE::CONFIG::EDGES 68993773
<INFO 76193049a2c0> CORE::CONFIG::PARTITIONS 128
<INFO 76193049a2c0> CORE::CONFIG::FANOUT 128
<INFO 76193049a2c0> CORE::CONFIG::SUPER_PARTITIONS 1
<INFO 76193049a2c0> CORE::CONFIG::STREAM_UNIT 16777216
<INFO 76193049a2c0> CORE::CONFIG::BUFFER_SIZE 847875379
<INFO 76193049a2c0> CORE::CONFIG::IO_NUMIOQS 1
<INFO 76193049a2c0> CORE::CONFIG::MAX_BUFFERS 4
<INFO 76193049a2c0> CORE::CONFIG::MAX_STREAMS 5
<WARNING 76193049a2c0> No mount point specified for disk0, falling back to current directory
my size is 827925276
<INFO 76193049a2c0> CORE::PARTITIONS_PROCESSED 6
<INFO 76193049a2c0> CORE::BYTES::EDGES_STREAMED 51550260
<INFO 76193049a2c0> CORE::BYTES::UPDATES_OUT 34366840
<INFO 76193049a2c0> CORE::BYTES::UPDATES_IN 25817416
<INFO 76182de026c0> CORE::PARTITIONS_PROCESSED 16
<INFO 76182f6056c0> CORE::PARTITIONS_PROCESSED 7
<INFO 76182c5ff6c0> CORE::PARTITIONS_PROCESSED 6
<INFO 7618285f76c0> CORE::PARTITIONS_PROCESSED 8
<INFO 76182c5ff6c0> CORE::BYTES::EDGES_STREAMED 52015332
<INFO 7618285f76c0> CORE::BYTES::EDGES_STREAMED 51608592
<INFO 761828df86c0> CORE::PARTITIONS_PROCESSED 8
<INFO 761829dfa6c0> CORE::PARTITIONS_PROCESSED 7
<INFO 76182c5ff6c0> CORE::BYTES::UPDATES_OUT 34676888
<INFO 76182a5fb6c0> CORE::PARTITIONS_PROCESSED 7
<INFO 76182f6056c0> CORE::BYTES::EDGES_STREAMED 51778440
<INFO 76182a5fb6c0> CORE::BYTES::EDGES_STREAMED 51696588
<INFO 76182f6056c0> CORE::BYTES::UPDATES_OUT 34518960
<INFO 76182de026c0> CORE::BYTES::EDGES_STREAMED 51800088
<INFO 76182f6056c0> CORE::BYTES::UPDATES_IN 30183824
<INFO 76182de026c0> CORE::BYTES::UPDATES_OUT 34533392
<INFO 76182a5fb6c0> CORE::BYTES::UPDATES_OUT 34464392
<INFO 761829dfa6c0> CORE::BYTES::EDGES_STREAMED 51465780
<INFO 761829dfa6c0> CORE::BYTES::UPDATES_OUT 34310520
<INFO 761829dfa6c0> CORE::BYTES::UPDATES_IN 29903912
<INFO 761828df86c0> CORE::BYTES::EDGES_STREAMED 51568200
<INFO 761828df86c0> CORE::BYTES::UPDATES_OUT 34378800
<INFO 761828df86c0> CORE::BYTES::UPDATES_IN 34320312
<INFO 76182b5fd6c0> CORE::PARTITIONS_PROCESSED 9
<INFO 76182d6016c0> CORE::PARTITIONS_PROCESSED 7
<INFO 76182c5ff6c0> CORE::BYTES::UPDATES_IN 25803128
<INFO 76182de026c0> CORE::BYTES::UPDATES_IN 69084624
<INFO 76182b5fd6c0> CORE::BYTES::EDGES_STREAMED 52129848
<INFO 76182b5fd6c0> CORE::BYTES::UPDATES_OUT 34753232
<INFO 76182b5fd6c0> CORE::BYTES::UPDATES_IN 38984536
<INFO 76182ce006c0> CORE::PARTITIONS_PROCESSED 9
<INFO 76182ce006c0> CORE::BYTES::EDGES_STREAMED 51734100
<INFO 76182ce006c0> CORE::BYTES::UPDATES_OUT 34489400
<INFO 76182ce006c0> CORE::BYTES::UPDATES_IN 38836856
<INFO 76182a5fb6c0> CORE::BYTES::UPDATES_IN 30097416
<INFO 7618285f76c0> CORE::BYTES::UPDATES_OUT 34405728
<INFO 7618285f76c0> CORE::BYTES::UPDATES_IN 34509816
<INFO 76182bdfe6c0> CORE::PARTITIONS_PROCESSED 9
<INFO 76182bdfe6c0> CORE::BYTES::EDGES_STREAMED 51659472
<INFO 76182bdfe6c0> CORE::BYTES::UPDATES_OUT 34439648
<INFO 76182bdfe6c0> CORE::BYTES::UPDATES_IN 38621232
<INFO 76182e6036c0> CORE::PARTITIONS_PROCESSED 7
<INFO 76182e6036c0> CORE::BYTES::EDGES_STREAMED 51719928
<INFO 76182e6036c0> CORE::BYTES::UPDATES_OUT 34479952
<INFO 76182e6036c0> CORE::BYTES::UPDATES_IN 30424328
<INFO 76182d6016c0> CORE::BYTES::EDGES_STREAMED 51943440
<INFO 76182ee046c0> CORE::PARTITIONS_PROCESSED 8
<INFO 76182d6016c0> CORE::BYTES::UPDATES_OUT 34628960
<INFO 76182ee046c0> CORE::BYTES::EDGES_STREAMED 51593616
<INFO 76182ee046c0> CORE::BYTES::UPDATES_OUT 34395744
<INFO 76182ee046c0> CORE::BYTES::UPDATES_IN 34474840
<INFO 76182d6016c0> CORE::BYTES::UPDATES_IN 30363440
<INFO 76182adfc6c0> CORE::PARTITIONS_PROCESSED 5
<INFO 76182adfc6c0> CORE::BYTES::EDGES_STREAMED 51860532
<INFO 76182adfc6c0> CORE::BYTES::UPDATES_OUT 34573688
<INFO 76182adfc6c0> CORE::BYTES::UPDATES_IN 21612864
<INFO 7618295f96c0> CORE::PARTITIONS_PROCESSED 9
<INFO 7618295f96c0> CORE::BYTES::EDGES_STREAMED 51801060
<INFO 7618295f96c0> CORE::BYTES::UPDATES_OUT 34534040
<INFO 7618295f96c0> CORE::BYTES::UPDATES_IN 38911640
<INFO 76193049a2c0> CORE::RUSAGE::MAX_RSS_KB 4199764
<INFO 76193049a2c0> CORE::RUSAGE::MINFLT 1048962
<INFO 76193049a2c0> CORE::RUSAGE::MAJFLT 0
<INFO 76193049a2c0> CORE::RUSAGE::MAJFLT 0
<INFO 76193049a2c0> CORE::RUSAGE::INBLK 1617048
<INFO 76193049a2c0> CORE::RUSAGE::OUBLK 75760
<INFO 76193049a2c0> CORE::UTILS::BYTES_READ 827928576
<INFO 76193049a2c0> CORE::UTILS::BYTES_WRITTEN 38780928
<INFO 76193049a2c0> CORE::TIME::IO_WAIT 2.40551 seconds
<INFO 76193049a2c0> CORE::PHASES 2
<INFO 76193049a2c0> CORE::TIME::SETUP 1.73288 seconds
<INFO 76193049a2c0> CORE::TIME::STATE_ITER 0.024514 seconds
<INFO 76193049a2c0> CORE::TIME::GATHER 0.183196 seconds
<INFO 76193049a2c0> CORE::TIME::SCATTER 2.663 seconds
<INFO 76193049a2c0> TIME_IN_PC_FN 0.08159 seconds
<INFO 76193049a2c0> CORE::TIME::WALL 4.75115 seconds
<INFO 76193049a2c0> SHUTDOWN
