<INFO 76d97ec9f2c0> STARTUP
<INFO 76d97ec9f2c0> CORE::GRAPH soc-LiveJournal1-dir
<INFO 76d97ec9f2c0> CORE::ALGORITHM pagerank
<INFO 76d97ec9f2c0> SG-DRIVER-ORIGINAL
<WARNING 76d97ec9f2c0> Disk count not specified, assuming it to be 1
<INFO 76d97ec9f2c0> CORE::CONFIG::PROCESSORS 16
<INFO 76d97ec9f2c0> CORE::CONFIG::PHYSICAL_MEMORY 4294967296
<INFO 76d97ec9f2c0> CORE::CONFIG::VERTICES 4847571
<INFO 76d97ec9f2c0> CORE::CONFIG::VERTEX_SIZE 12
<INFO 76d97ec9f2c0> CORE::CONFIG::VERTEX_BUFFER 58171392
<INFO 76d97ec9f2c0> CORE::CONFIG::EDGES 68993773
<INFO 76d97ec9f2c0> CORE::CONFIG::PARTITIONS 128
<INFO 76d97ec9f2c0> CORE::CONFIG::FANOUT 128
<INFO 76d97ec9f2c0> CORE::CONFIG::SUPER_PARTITIONS 1
<INFO 76d97ec9f2c0> CORE::CONFIG::STREAM_UNIT 16777216
<INFO 76d97ec9f2c0> CORE::CONFIG::BUFFER_SIZE 843997286
<INFO 76d97ec9f2c0> CORE::CONFIG::IO_NUMIOQS 1
<INFO 76d97ec9f2c0> CORE::CONFIG::MAX_BUFFERS 4
<INFO 76d97ec9f2c0> CORE::CONFIG::MAX_STREAMS 5
<WARNING 76d97ec9f2c0> No mount point specified for disk0, falling back to current directory
my size is 827925276
<INFO 76d97ec9f2c0> CORE::PARTITIONS_PROCESSED 161
<INFO 76d97ec9f2c0> CORE::BYTES::EDGES_STREAMED 1134116664
<INFO 76d97ec9f2c0> CORE::BYTES::UPDATES_OUT 721703640
<INFO 76d97ec9f2c0> CORE::BYTES::UPDATES_IN 693523288
<INFO 76d8795f86c0> CORE::PARTITIONS_PROCESSED 159
<INFO 76d8795f86c0> CORE::BYTES::EDGES_STREAMED 1140931704
<INFO 76d87b5fc6c0> CORE::PARTITIONS_PROCESSED 158
<INFO 76d8795f86c0> CORE::BYTES::UPDATES_OUT 726047448
<INFO 76d8795f86c0> CORE::BYTES::UPDATES_IN 684547992
<INFO 76d877df56c0> CORE::PARTITIONS_PROCESSED 159
<INFO 76d877df56c0> CORE::BYTES::EDGES_STREAMED 1139697588
<INFO 76d877df56c0> CORE::BYTES::UPDATES_OUT 725214840
<INFO 76d877df56c0> CORE::BYTES::UPDATES_IN 687920072
<INFO 76d8775f46c0> CORE::PARTITIONS_PROCESSED 161
<INFO 76d87adfb6c0> CORE::PARTITIONS_PROCESSED 160
<INFO 76d8775f46c0> CORE::BYTES::EDGES_STREAMED 1134752892
<INFO 76d8775f46c0> CORE::BYTES::UPDATES_OUT 721954800
<INFO 76d8775f46c0> CORE::BYTES::UPDATES_IN 690690200
<INFO 76d8785f66c0> CORE::PARTITIONS_PROCESSED 160
<INFO 76d876df36c0> CORE::PARTITIONS_PROCESSED 160
<INFO 76d87de016c0> CORE::PARTITIONS_PROCESSED 160
<INFO 76d876df36c0> CORE::BYTES::EDGES_STREAMED 1135435572
<INFO 76d87adfb6c0> CORE::BYTES::EDGES_STREAMED 1131209796
<INFO 76d87a5fa6c0> CORE::PARTITIONS_PROCESSED 160
<INFO 76d87adfb6c0> CORE::BYTES::UPDATES_OUT 728214648
<INFO 76d87de016c0> CORE::BYTES::EDGES_STREAMED 1126177020
<INFO 76d87a5fa6c0> CORE::BYTES::EDGES_STREAMED 1130022396
<INFO 76d87de016c0> CORE::BYTES::UPDATES_OUT 724898160
<INFO 76d87a5fa6c0> CORE::BYTES::UPDATES_OUT 723232608
<INFO 76d879df96c0> CORE::PARTITIONS_PROCESSED 161
<INFO 76d87c5fe6c0> CORE::PARTITIONS_PROCESSED 161
<INFO 76d8785f66c0> CORE::BYTES::EDGES_STREAMED 1119239532
<INFO 76d8785f66c0> CORE::BYTES::UPDATES_OUT 720520920
<INFO 76d8785f66c0> CORE::BYTES::UPDATES_IN 684275680
<INFO 76d87adfb6c0> CORE::BYTES::UPDATES_IN 691658880
<INFO 76d87de016c0> CORE::BYTES::UPDATES_IN 688990720
<INFO 76d87cdff6c0> CORE::PARTITIONS_PROCESSED 160
<INFO 76d87cdff6c0> CORE::BYTES::EDGES_STREAMED 1131321084
<INFO 76d87cdff6c0> CORE::BYTES::UPDATES_OUT 724078992
<INFO 76d87cdff6c0> CORE::BYTES::UPDATES_IN 693048800
<INFO 76d87b5fc6c0> CORE::BYTES::EDGES_STREAMED 1144636188
<INFO 76d87b5fc6c0> CORE::BYTES::UPDATES_OUT 724277400
<INFO 76d87b5fc6c0> CORE::BYTES::UPDATES_IN 681923984
<INFO 76d878df76c0> CORE::PARTITIONS_PROCESSED 159
<INFO 76d878df76c0> CORE::BYTES::EDGES_STREAMED 1189045572
<INFO 76d878df76c0> CORE::BYTES::UPDATES_OUT 723752232
<INFO 76d878df76c0> CORE::BYTES::UPDATES_IN 684631912
<INFO 76d87c5fe6c0> CORE::BYTES::EDGES_STREAMED 1139601936
<INFO 76d876df36c0> CORE::BYTES::UPDATES_OUT 722520288
<INFO 76d87c5fe6c0> CORE::BYTES::UPDATES_OUT 725201232
<INFO 76d87c5fe6c0> CORE::BYTES::UPDATES_IN 697784808
<INFO 76d876df36c0> CORE::BYTES::UPDATES_IN 689850240
<INFO 76d87bdfd6c0> CORE::PARTITIONS_PROCESSED 160
<INFO 76d87bdfd6c0> CORE::BYTES::EDGES_STREAMED 1142755680
<INFO 76d87bdfd6c0> CORE::BYTES::UPDATES_OUT 727208160
<INFO 76d87bdfd6c0> CORE::BYTES::UPDATES_IN 691159680
<INFO 76d87d6006c0> CORE::PARTITIONS_PROCESSED 161
<INFO 76d87d6006c0> CORE::BYTES::EDGES_STREAMED 1128555792
<INFO 76d87d6006c0> CORE::BYTES::UPDATES_OUT 722310624
<INFO 76d87d6006c0> CORE::BYTES::UPDATES_IN 693909640
<INFO 76d87a5fa6c0> CORE::BYTES::UPDATES_IN 687860960
<INFO 76d879df96c0> CORE::BYTES::EDGES_STREAMED 1146856656
<INFO 76d879df96c0> CORE::BYTES::UPDATES_OUT 729817872
<INFO 76d879df96c0> CORE::BYTES::UPDATES_IN 697226824
<INFO 76d97ec9f2c0> CORE::RUSAGE::MAX_RSS_KB 4199844
<INFO 76d97ec9f2c0> CORE::RUSAGE::MINFLT 1048961
<INFO 76d97ec9f2c0> CORE::RUSAGE::MAJFLT 0
<INFO 76d97ec9f2c0> CORE::RUSAGE::MAJFLT 0
<INFO 76d97ec9f2c0> CORE::RUSAGE::INBLK 1617048
<INFO 76d97ec9f2c0> CORE::RUSAGE::OUBLK 113632
<INFO 76d97ec9f2c0> CORE::UTILS::BYTES_READ 827928576
<INFO 76d97ec9f2c0> CORE::UTILS::BYTES_WRITTEN 58171392
<INFO 76d97ec9f2c0> CORE::TIME::IO_WAIT 2.42501 seconds
<INFO 76d97ec9f2c0> CORE::PHASES 22
<INFO 76d97ec9f2c0> CORE::TIME::SETUP 1.72817 seconds
<INFO 76d97ec9f2c0> CORE::TIME::STATE_ITER 0.291342 seconds
<INFO 76d97ec9f2c0> CORE::TIME::GATHER 3.36232 seconds
<INFO 76d97ec9f2c0> CORE::TIME::SCATTER 5.00002 seconds
<INFO 76d97ec9f2c0> TIME_IN_PC_FN 2.28422 seconds
<INFO 76d97ec9f2c0> CORE::TIME::WALL 10.9116 seconds
<INFO 76d97ec9f2c0> SHUTDOWN
