<INFO 779c0fabe2c0> STARTUP
<INFO 779c0fabe2c0> CORE::GRAPH soc-LiveJournal1-dir
<INFO 779c0fabe2c0> CORE::ALGORITHM spmv
<INFO 779c0fabe2c0> SG-DRIVER-ORIGINAL
<WARNING 779c0fabe2c0> Disk count not specified, assuming it to be 1
<INFO 779c0fabe2c0> CORE::CONFIG::PROCESSORS 16
<INFO 779c0fabe2c0> CORE::CONFIG::PHYSICAL_MEMORY 2147483648
<INFO 779c0fabe2c0> CORE::CONFIG::VERTICES 4847571
<INFO 779c0fabe2c0> CORE::CONFIG::VERTEX_SIZE 8
<INFO 779c0fabe2c0> CORE::CONFIG::VERTEX_BUFFER 38780928
<INFO 779c0fabe2c0> CORE::CONFIG::EDGES 68993773
<INFO 779c0fabe2c0> CORE::CONFIG::PARTITIONS 128
<INFO 779c0fabe2c0> CORE::CONFIG::FANOUT 128
<INFO 779c0fabe2c0> CORE::CONFIG::SUPER_PARTITIONS 1
<INFO 779c0fabe2c0> CORE::CONFIG::STREAM_UNIT 16777216
<INFO 779c0fabe2c0> CORE::CONFIG::BUFFER_SIZE 418378649
<INFO 779c0fabe2c0> CORE::CONFIG::IO_NUMIOQS 1
<INFO 779c0fabe2c0> CORE::CONFIG::MAX_BUFFERS 4
<INFO 779c0fabe2c0> CORE::CONFIG::MAX_STREAMS 5
<WARNING 779c0fabe2c0> No mount point specified for disk0, falling back to current directory
my size is 827925276
<INFO 779c0fabe2c0> CORE::PARTITIONS_PROCESSED 15
<INFO 779c0fabe2c0> CORE::BYTES::EDGES_STREAMED 48430320
<INFO 779c0fabe2c0> CORE::BYTES::UPDATES_OUT 32286880
<INFO 779c0fabe2c0> CORE::BYTES::UPDATES_IN 35692968
<INFO 779b8ec026c0> CORE::PARTITIONS_PROCESSED 13
<INFO 779b8ec026c0> CORE::BYTES::EDGES_STREAMED 42117948
<INFO 779b8ec026c0> CORE::BYTES::UPDATES_OUT 28078632
<INFO 779b8ec026c0> CORE::BYTES::UPDATES_IN 31140992
<INFO 779b8abfa6c0> CORE::PARTITIONS_PROCESSED 16
<INFO 779b8c3fd6c0> CORE::PARTITIONS_PROCESSED 13
<INFO 779b87bf46c0> CORE::PARTITIONS_PROCESSED 21
<INFO 779b8cbfe6c0> CORE::PARTITIONS_PROCESSED 16
<INFO 779b8e4016c0> CORE::PARTITIONS_PROCESSED 11
<INFO 779b8abfa6c0> CORE::BYTES::EDGES_STREAMED 45766836
<INFO 779b89bf86c0> CORE::PARTITIONS_PROCESSED 15
<INFO 779b8b3fb6c0> CORE::PARTITIONS_PROCESSED 13
<INFO 779b893f76c0> CORE::PARTITIONS_PROCESSED 15
<INFO 779b8c3fd6c0> CORE::BYTES::EDGES_STREAMED 51748008
<INFO 779b893f76c0> CORE::BYTES::EDGES_STREAMED 45124788
<INFO 779b883f56c0> CORE::PARTITIONS_PROCESSED 23
<INFO 779b88bf66c0> CORE::PARTITIONS_PROCESSED 11
<INFO 779b8d3ff6c0> CORE::PARTITIONS_PROCESSED 14
<INFO 779b87bf46c0> CORE::BYTES::EDGES_STREAMED 48419676
<INFO 779b8b3fb6c0> CORE::BYTES::EDGES_STREAMED 77060892
<INFO 779b8cbfe6c0> CORE::BYTES::EDGES_STREAMED 77609472
<INFO 779b8e4016c0> CORE::BYTES::EDGES_STREAMED 42014436
<INFO 779b8abfa6c0> CORE::BYTES::UPDATES_OUT 30511224
<INFO 779b8dc006c0> CORE::PARTITIONS_PROCESSED 14
<INFO 779b8bbfc6c0> CORE::PARTITIONS_PROCESSED 18
<INFO 779b88bf66c0> CORE::BYTES::EDGES_STREAMED 42195780
<INFO 779b8bbfc6c0> CORE::BYTES::EDGES_STREAMED 51974436
<INFO 779b893f76c0> CORE::BYTES::UPDATES_OUT 30083192
<INFO 779b8b3fb6c0> CORE::BYTES::UPDATES_OUT 51373928
<INFO 779b883f56c0> CORE::BYTES::EDGES_STREAMED 45212280
<INFO 779b883f56c0> CORE::BYTES::UPDATES_OUT 30141520
<INFO 779b8abfa6c0> CORE::BYTES::UPDATES_IN 34644480
<INFO 779b8a3f96c0> CORE::PARTITIONS_PROCESSED 28
<INFO 779b88bf66c0> CORE::BYTES::UPDATES_OUT 28130520
<INFO 779b8bbfc6c0> CORE::BYTES::UPDATES_OUT 34649624
<INFO 779b8dc006c0> CORE::BYTES::EDGES_STREAMED 42096552
<INFO 779b8c3fd6c0> CORE::BYTES::UPDATES_OUT 34498672
<INFO 779b8bbfc6c0> CORE::BYTES::UPDATES_IN 36640824
<INFO 779b8e4016c0> CORE::BYTES::UPDATES_OUT 28009624
<INFO 779b893f76c0> CORE::BYTES::UPDATES_IN 31042672
<INFO 779b8cbfe6c0> CORE::BYTES::UPDATES_OUT 51739648
<INFO 779b883f56c0> CORE::BYTES::UPDATES_IN 39860632
<INFO 779b8a3f96c0> CORE::BYTES::EDGES_STREAMED 74207820
<INFO 779b8d3ff6c0> CORE::BYTES::EDGES_STREAMED 48585984
<INFO 779b8d3ff6c0> CORE::BYTES::UPDATES_OUT 32390656
<INFO 779b8d3ff6c0> CORE::BYTES::UPDATES_IN 28186760
<INFO 779b89bf86c0> CORE::BYTES::EDGES_STREAMED 45360048
<INFO 779b89bf86c0> CORE::BYTES::UPDATES_OUT 30240032
<INFO 779b89bf86c0> CORE::BYTES::UPDATES_IN 30946456
<INFO 779b8dc006c0> CORE::BYTES::UPDATES_OUT 28064368
<INFO 779b8dc006c0> CORE::BYTES::UPDATES_IN 32329544
<INFO 779b8b3fb6c0> CORE::BYTES::UPDATES_IN 28957736
<INFO 779b87bf46c0> CORE::BYTES::UPDATES_OUT 32279784
<INFO 779b87bf46c0> CORE::BYTES::UPDATES_IN 57092424
<INFO 779b88bf66c0> CORE::BYTES::UPDATES_IN 25107784
<INFO 779b8cbfe6c0> CORE::BYTES::UPDATES_IN 34557984
<INFO 779b8a3f96c0> CORE::BYTES::UPDATES_OUT 49471880
<INFO 779b8e4016c0> CORE::BYTES::UPDATES_IN 24918976
<INFO 779b8a3f96c0> CORE::BYTES::UPDATES_IN 56102728
<INFO 779b8c3fd6c0> CORE::BYTES::UPDATES_IN 24727224
<INFO 779c0fabe2c0> CORE::RUSAGE::MAX_RSS_KB 2102784
<INFO 779c0fabe2c0> CORE::RUSAGE::MINFLT 524665
<INFO 779c0fabe2c0> CORE::RUSAGE::MAJFLT 0
<INFO 779c0fabe2c0> CORE::RUSAGE::MAJFLT 0
<INFO 779c0fabe2c0> CORE::RUSAGE::INBLK 4312128
<INFO 779c0fabe2c0> CORE::RUSAGE::OUBLK 1153792
<INFO 779c0fabe2c0> CORE::UTILS::BYTES_READ 2207809536
<INFO 779c0fabe2c0> CORE::UTILS::BYTES_WRITTEN 590733312
<INFO 779c0fabe2c0> CORE::TIME::IO_WAIT 12.3407 seconds
<INFO 779c0fabe2c0> CORE::PHASES 2
<INFO 779c0fabe2c0> CORE::TIME::SETUP 0.871563 seconds
<INFO 779c0fabe2c0> CORE::TIME::STATE_ITER 0.023935 seconds
<INFO 779c0fabe2c0> CORE::TIME::GATHER 1.07216 seconds
<INFO 779c0fabe2c0> CORE::TIME::SCATTER 11.502 seconds
<INFO 779c0fabe2c0> TIME_IN_PC_FN 0.095119 seconds
<INFO 779c0fabe2c0> CORE::TIME::WALL 14.5778 seconds
<INFO 779c0fabe2c0> SHUTDOWN
