<INFO 7305c84fa2c0> STARTUP
<INFO 7305c84fa2c0> CORE::GRAPH soc-LiveJournal1-dir
<INFO 7305c84fa2c0> CORE::ALGORITHM spmv
<INFO 7305c84fa2c0> SG-DRIVER-ORIGINAL
<WARNING 7305c84fa2c0> Disk count not specified, assuming it to be 1
<INFO 7305c84fa2c0> CORE::CONFIG::PROCESSORS 16
<INFO 7305c84fa2c0> CORE::CONFIG::PHYSICAL_MEMORY 67108864
<INFO 7305c84fa2c0> CORE::CONFIG::VERTICES 4847571
<INFO 7305c84fa2c0> CORE::CONFIG::VERTEX_SIZE 8
<INFO 7305c84fa2c0> CORE::CONFIG::VERTEX_BUFFER 38780928
<INFO 7305c84fa2c0> CORE::CONFIG::EDGES 68993773
<INFO 7305c84fa2c0> CORE::CONFIG::PARTITIONS 128
<INFO 7305c84fa2c0> CORE::CONFIG::FANOUT 128
<INFO 7305c84fa2c0> CORE::CONFIG::SUPER_PARTITIONS 1
<INFO 7305c84fa2c0> CORE::CONFIG::STREAM_UNIT 4194304
<INFO 7305c84fa2c0> CORE::CONFIG::BUFFER_SIZE 4820275
<INFO 7305c84fa2c0> CORE::CONFIG::IO_NUMIOQS 1
<INFO 7305c84fa2c0> CORE::CONFIG::MAX_BUFFERS 4
<INFO 7305c84fa2c0> CORE::CONFIG::MAX_STREAMS 5
<WARNING 7305c84fa2c0> No mount point specified for disk0, falling back to current directory
my size is 827925276
<INFO 7305c84fa2c0> CORE::PARTITIONS_PROCESSED 868
<INFO 7305c84fa2c0> CORE::BYTES::EDGES_STREAMED 53707680
<INFO 7305c84fa2c0> CORE::BYTES::UPDATES_OUT 35805120
<INFO 7305c84fa2c0> CORE::BYTES::UPDATES_IN 32329344
<INFO 7305c0e006c0> CORE::PARTITIONS_PROCESSED 872
<INFO 7305c0e006c0> CORE::BYTES::EDGES_STREAMED 51013596
<INFO 7305c36056c0> CORE::PARTITIONS_PROCESSED 954
<INFO 7305bc5f76c0> CORE::PARTITIONS_PROCESSED 964
<INFO 7305c36056c0> CORE::BYTES::EDGES_STREAMED 55790196
<INFO 7305be5fb6c0> CORE::PARTITIONS_PROCESSED 1040
<INFO 7305c36056c0> CORE::BYTES::UPDATES_OUT 37193464
<INFO 7305c36056c0> CORE::BYTES::UPDATES_IN 35937552
<INFO 7305bc5f76c0> CORE::BYTES::EDGES_STREAMED 48598752
<INFO 7305c0e006c0> CORE::BYTES::UPDATES_OUT 34009064
<INFO 7305c0e006c0> CORE::BYTES::UPDATES_IN 32610688
<INFO 7305bc5f76c0> CORE::BYTES::UPDATES_OUT 32399168
<INFO 7305bc5f76c0> CORE::BYTES::UPDATES_IN 36348072
<INFO 7305c26036c0> CORE::PARTITIONS_PROCESSED 1008
<INFO 7305c26036c0> CORE::BYTES::EDGES_STREAMED 60053844
<INFO 7305c26036c0> CORE::BYTES::UPDATES_OUT 40035896
<INFO 7305c26036c0> CORE::BYTES::UPDATES_IN 38045408
<INFO 7305c05ff6c0> CORE::PARTITIONS_PROCESSED 922
<INFO 7305c05ff6c0> CORE::BYTES::EDGES_STREAMED 54273528
<INFO 7305c05ff6c0> CORE::BYTES::UPDATES_OUT 36182352
<INFO 7305c05ff6c0> CORE::BYTES::UPDATES_IN 34485008
<INFO 7305be5fb6c0> CORE::BYTES::EDGES_STREAMED 44003448
<INFO 7305bfdfe6c0> CORE::PARTITIONS_PROCESSED 966
<INFO 7305bf5fd6c0> CORE::PARTITIONS_PROCESSED 815
<INFO 7305be5fb6c0> CORE::BYTES::UPDATES_OUT 29335632
<INFO 7305bddfa6c0> CORE::PARTITIONS_PROCESSED 840
<INFO 7305bcdf86c0> CORE::PARTITIONS_PROCESSED 895
<INFO 7305bf5fd6c0> CORE::BYTES::EDGES_STREAMED 50726136
<INFO 7305c2e046c0> CORE::PARTITIONS_PROCESSED 960
<INFO 7305bddfa6c0> CORE::BYTES::EDGES_STREAMED 43977072
<INFO 7305c1e026c0> CORE::PARTITIONS_PROCESSED 1004
<INFO 7305bedfc6c0> CORE::PARTITIONS_PROCESSED 857
<INFO 7305bcdf86c0> CORE::BYTES::EDGES_STREAMED 47934216
<INFO 7305c1e026c0> CORE::BYTES::EDGES_STREAMED 57261876
<INFO 7305bedfc6c0> CORE::BYTES::EDGES_STREAMED 52556496
<INFO 7305bf5fd6c0> CORE::BYTES::UPDATES_OUT 33817424
<INFO 7305be5fb6c0> CORE::BYTES::UPDATES_IN 39035872
<INFO 7305bcdf86c0> CORE::BYTES::UPDATES_OUT 31956144
<INFO 7305bcdf86c0> CORE::BYTES::UPDATES_IN 33636488
<INFO 7305bedfc6c0> CORE::BYTES::UPDATES_OUT 35037664
<INFO 7305bedfc6c0> CORE::BYTES::UPDATES_IN 32040464
<INFO 7305bf5fd6c0> CORE::BYTES::UPDATES_IN 30687928
<INFO 7305c2e046c0> CORE::BYTES::EDGES_STREAMED 51392292
<INFO 7305c2e046c0> CORE::BYTES::UPDATES_OUT 34261528
<INFO 7305c2e046c0> CORE::BYTES::UPDATES_IN 35865848
<INFO 7305c16016c0> CORE::PARTITIONS_PROCESSED 904
<INFO 7305c1e026c0> CORE::BYTES::UPDATES_OUT 38174584
<INFO 7305c16016c0> CORE::BYTES::EDGES_STREAMED 49707000
<INFO 7305c16016c0> CORE::BYTES::UPDATES_OUT 33138000
<INFO 7305c16016c0> CORE::BYTES::UPDATES_IN 33755984
<INFO 7305bd5f96c0> CORE::PARTITIONS_PROCESSED 851
<INFO 7305bd5f96c0> CORE::BYTES::EDGES_STREAMED 53578272
<INFO 7305bd5f96c0> CORE::BYTES::UPDATES_OUT 35718848
<INFO 7305bd5f96c0> CORE::BYTES::UPDATES_IN 31771376
<INFO 7305bddfa6c0> CORE::BYTES::UPDATES_OUT 29318048
<INFO 7305bddfa6c0> CORE::BYTES::UPDATES_IN 31500248
<INFO 7305bfdfe6c0> CORE::BYTES::EDGES_STREAMED 53350872
<INFO 7305bfdfe6c0> CORE::BYTES::UPDATES_OUT 35567248
<INFO 7305bfdfe6c0> CORE::BYTES::UPDATES_IN 36033704
<INFO 7305c1e026c0> CORE::BYTES::UPDATES_IN 37866200
<INFO 7305c84fa2c0> CORE::RUSAGE::MAX_RSS_KB 71128
<INFO 7305c84fa2c0> CORE::RUSAGE::MINFLT 16757
<INFO 7305c84fa2c0> CORE::RUSAGE::MAJFLT 0
<INFO 7305c84fa2c0> CORE::RUSAGE::MAJFLT 0
<INFO 7305c84fa2c0> CORE::RUSAGE::INBLK 4312128
<INFO 7305c84fa2c0> CORE::RUSAGE::OUBLK 1153792
<INFO 7305c84fa2c0> CORE::UTILS::BYTES_READ 2207809536
<INFO 7305c84fa2c0> CORE::UTILS::BYTES_WRITTEN 590733312
<INFO 7305c84fa2c0> CORE::TIME::IO_WAIT 1.04886 seconds
<INFO 7305c84fa2c0> CORE::PHASES 2
<INFO 7305c84fa2c0> CORE::TIME::SETUP 0.0402 seconds
<INFO 7305c84fa2c0> CORE::TIME::STATE_ITER 0.026996 seconds
<INFO 7305c84fa2c0> CORE::TIME::GATHER 3.38499 seconds
<INFO 7305c84fa2c0> CORE::TIME::SCATTER 18.25 seconds
<INFO 7305c84fa2c0> TIME_IN_PC_FN 0.139443 seconds
<INFO 7305c84fa2c0> CORE::TIME::WALL 21.8367 seconds
<INFO 7305c84fa2c0> SHUTDOWN
