<INFO 72db6aedd2c0> STARTUP
<INFO 72db6aedd2c0> CORE::GRAPH soc-LiveJournal1-dir
<INFO 72db6aedd2c0> CORE::ALGORITHM spmv
<INFO 72db6aedd2c0> SG-DRIVER-ORIGINAL
<WARNING 72db6aedd2c0> Disk count not specified, assuming it to be 1
<INFO 72db6aedd2c0> CORE::CONFIG::PROCESSORS 16
<INFO 72db6aedd2c0> CORE::CONFIG::PHYSICAL_MEMORY 536870912
<INFO 72db6aedd2c0> CORE::CONFIG::VERTICES 4847571
<INFO 72db6aedd2c0> CORE::CONFIG::VERTEX_SIZE 8
<INFO 72db6aedd2c0> CORE::CONFIG::VERTEX_BUFFER 38780928
<INFO 72db6aedd2c0> CORE::CONFIG::EDGES 68993773
<INFO 72db6aedd2c0> CORE::CONFIG::PARTITIONS 128
<INFO 72db6aedd2c0> CORE::CONFIG::FANOUT 128
<INFO 72db6aedd2c0> CORE::CONFIG::SUPER_PARTITIONS 1
<INFO 72db6aedd2c0> CORE::CONFIG::STREAM_UNIT 16777216
<INFO 72db6aedd2c0> CORE::CONFIG::BUFFER_SIZE 96256102
<INFO 72db6aedd2c0> CORE::CONFIG::IO_NUMIOQS 1
<INFO 72db6aedd2c0> CORE::CONFIG::MAX_BUFFERS 4
<INFO 72db6aedd2c0> CORE::CONFIG::MAX_STREAMS 5
<WARNING 72db6aedd2c0> No mount point specified for disk0, falling back to current directory
my size is 827925276
<INFO 72db6aedd2c0> CORE::PARTITIONS_PROCESSED 48
<INFO 72db6aedd2c0> CORE::BYTES::EDGES_STREAMED 54907164
<INFO 72db6aedd2c0> CORE::BYTES::UPDATES_OUT 36604776
<INFO 72db6aedd2c0> CORE::BYTES::UPDATES_IN 34232528
<INFO 72db42ff36c0> CORE::PARTITIONS_PROCESSED 43
<INFO 72db45ff96c0> CORE::PARTITIONS_PROCESSED 46
<INFO 72db477fc6c0> CORE::PARTITIONS_PROCESSED 49
<INFO 72db42ff36c0> CORE::BYTES::EDGES_STREAMED 55421892
<INFO 72db487fe6c0> CORE::PARTITIONS_PROCESSED 51
<INFO 72db43ff56c0> CORE::PARTITIONS_PROCESSED 47
<INFO 72db43ff56c0> CORE::BYTES::EDGES_STREAMED 43577928
<INFO 72db498006c0> CORE::PARTITIONS_PROCESSED 49
<INFO 72db43ff56c0> CORE::BYTES::UPDATES_OUT 29051952
<INFO 72db42ff36c0> CORE::BYTES::UPDATES_OUT 36947928
<INFO 72db42ff36c0> CORE::BYTES::UPDATES_IN 30912488
<INFO 72db45ff96c0> CORE::BYTES::EDGES_STREAMED 44710452
<INFO 72db498006c0> CORE::BYTES::EDGES_STREAMED 42574848
<INFO 72db46ffb6c0> CORE::PARTITIONS_PROCESSED 46
<INFO 72db457f86c0> CORE::PARTITIONS_PROCESSED 39
<INFO 72db46ffb6c0> CORE::BYTES::EDGES_STREAMED 44403468
<INFO 72db457f86c0> CORE::BYTES::EDGES_STREAMED 49992240
<INFO 72db467fa6c0> CORE::PARTITIONS_PROCESSED 51
<INFO 72db46ffb6c0> CORE::BYTES::UPDATES_OUT 29602312
<INFO 72db467fa6c0> CORE::BYTES::EDGES_STREAMED 59248236
<INFO 72db47ffd6c0> CORE::PARTITIONS_PROCESSED 43
<INFO 72db46ffb6c0> CORE::BYTES::UPDATES_IN 33318944
<INFO 72db487fe6c0> CORE::BYTES::EDGES_STREAMED 49628700
<INFO 72db498006c0> CORE::BYTES::UPDATES_OUT 28383232
<INFO 72db487fe6c0> CORE::BYTES::UPDATES_OUT 33085800
<INFO 72db43ff56c0> CORE::BYTES::UPDATES_IN 34024712
<INFO 72db47ffd6c0> CORE::BYTES::EDGES_STREAMED 51335316
<INFO 72db47ffd6c0> CORE::BYTES::UPDATES_OUT 34223544
<INFO 72db45ff96c0> CORE::BYTES::UPDATES_OUT 29806968
<INFO 72db45ff96c0> CORE::BYTES::UPDATES_IN 32833112
<INFO 72db447f66c0> CORE::PARTITIONS_PROCESSED 50
<INFO 72db447f66c0> CORE::BYTES::EDGES_STREAMED 62765868
<INFO 72db447f66c0> CORE::BYTES::UPDATES_OUT 41843912
<INFO 72db447f66c0> CORE::BYTES::UPDATES_IN 35535632
<INFO 72db487fe6c0> CORE::BYTES::UPDATES_IN 36694456
<INFO 72db498006c0> CORE::BYTES::UPDATES_IN 35009208
<INFO 72db4a0016c0> CORE::PARTITIONS_PROCESSED 50
<INFO 72db4a0016c0> CORE::BYTES::EDGES_STREAMED 46465800
<INFO 72db4a0016c0> CORE::BYTES::UPDATES_OUT 30977200
<INFO 72db4a0016c0> CORE::BYTES::UPDATES_IN 36211216
<INFO 72db437f46c0> CORE::PARTITIONS_PROCESSED 43
<INFO 72db437f46c0> CORE::BYTES::EDGES_STREAMED 60924912
<INFO 72db437f46c0> CORE::BYTES::UPDATES_OUT 40616608
<INFO 72db437f46c0> CORE::BYTES::UPDATES_IN 30828712
<INFO 72db467fa6c0> CORE::BYTES::UPDATES_OUT 39498824
<INFO 72db467fa6c0> CORE::BYTES::UPDATES_IN 36472864
<INFO 72db457f86c0> CORE::BYTES::UPDATES_OUT 33328160
<INFO 72db48fff6c0> CORE::PARTITIONS_PROCESSED 64
<INFO 72db44ff76c0> CORE::PARTITIONS_PROCESSED 49
<INFO 72db44ff76c0> CORE::BYTES::EDGES_STREAMED 52642632
<INFO 72db457f86c0> CORE::BYTES::UPDATES_IN 27922776
<INFO 72db44ff76c0> CORE::BYTES::UPDATES_OUT 35095088
<INFO 72db44ff76c0> CORE::BYTES::UPDATES_IN 35448152
<INFO 72db48fff6c0> CORE::BYTES::EDGES_STREAMED 58607328
<INFO 72db48fff6c0> CORE::BYTES::UPDATES_OUT 39071552
<INFO 72db48fff6c0> CORE::BYTES::UPDATES_IN 46977344
<INFO 72db47ffd6c0> CORE::BYTES::UPDATES_IN 30533600
<INFO 72db477fc6c0> CORE::BYTES::EDGES_STREAMED 50718492
<INFO 72db477fc6c0> CORE::BYTES::UPDATES_OUT 33812328
<INFO 72db477fc6c0> CORE::BYTES::UPDATES_IN 34994440
<INFO 72db6aedd2c0> CORE::RUSAGE::MAX_RSS_KB 529524
<INFO 72db6aedd2c0> CORE::RUSAGE::MINFLT 131448
<INFO 72db6aedd2c0> CORE::RUSAGE::MAJFLT 0
<INFO 72db6aedd2c0> CORE::RUSAGE::MAJFLT 0
<INFO 72db6aedd2c0> CORE::RUSAGE::INBLK 4312128
<INFO 72db6aedd2c0> CORE::RUSAGE::OUBLK 1153792
<INFO 72db6aedd2c0> CORE::UTILS::BYTES_READ 2207809536
<INFO 72db6aedd2c0> CORE::UTILS::BYTES_WRITTEN 590733312
<INFO 72db6aedd2c0> CORE::TIME::IO_WAIT 7.96217 seconds
<INFO 72db6aedd2c0> CORE::PHASES 2
<INFO 72db6aedd2c0> CORE::TIME::SETUP 0.227291 seconds
<INFO 72db6aedd2c0> CORE::TIME::STATE_ITER 0.022034 seconds
<INFO 72db6aedd2c0> CORE::TIME::GATHER 1.14 seconds
<INFO 72db6aedd2c0> CORE::TIME::SCATTER 8.38101 seconds
<INFO 72db6aedd2c0> TIME_IN_PC_FN 0.110257 seconds
<INFO 72db6aedd2c0> CORE::TIME::WALL 9.94882 seconds
<INFO 72db6aedd2c0> SHUTDOWN
