<INFO 7720956962c0> STARTUP
<INFO 7720956962c0> CORE::GRAPH soc-LiveJournal1-dir
<INFO 7720956962c0> CORE::ALGORITHM spmv
<INFO 7720956962c0> SG-DRIVER-ORIGINAL
<WARNING 7720956962c0> Disk count not specified, assuming it to be 1
<INFO 7720956962c0> CORE::CONFIG::PROCESSORS 16
<INFO 7720956962c0> CORE::CONFIG::PHYSICAL_MEMORY 8589934592
<INFO 7720956962c0> CORE::CONFIG::VERTICES 4847571
<INFO 7720956962c0> CORE::CONFIG::VERTEX_SIZE 8
<INFO 7720956962c0> CORE::CONFIG::VERTEX_BUFFER 38780928
<INFO 7720956962c0> CORE::CONFIG::EDGES 68993773
<INFO 7720956962c0> CORE::CONFIG::PARTITIONS 128
<INFO 7720956962c0> CORE::CONFIG::FANOUT 128
<INFO 7720956962c0> CORE::CONFIG::SUPER_PARTITIONS 1
<INFO 7720956962c0> CORE::CONFIG::STREAM_UNIT 16777216
<INFO 7720956962c0> CORE::CONFIG::BUFFER_SIZE 1706868838
<INFO 7720956962c0> CORE::CONFIG::IO_NUMIOQS 1
<INFO 7720956962c0> CORE::CONFIG::MAX_BUFFERS 4
<INFO 7720956962c0> CORE::CONFIG::MAX_STREAMS 5
<WARNING 7720956962c0> No mount point specified for disk0, falling back to current directory
my size is 827925276
<INFO 7720956962c0> CORE::PARTITIONS_PROCESSED 8
<INFO 7720956962c0> CORE::BYTES::EDGES_STREAMED 103221012
<INFO 7720956962c0> CORE::BYTES::UPDATES_OUT 68814008
<INFO 7720956962c0> CORE::BYTES::UPDATES_IN 34487856
<INFO 771e907f96c0> CORE::PARTITIONS_PROCESSED 6
<INFO 771e91ffc6c0> CORE::PARTITIONS_PROCESSED 5
<INFO 771e948016c0> CORE::PARTITIONS_PROCESSED 9
<INFO 771e91ffc6c0> CORE::BYTES::EDGES_STREAMED 32316060
<INFO 771e91ffc6c0> CORE::BYTES::UPDATES_OUT 21544040
<INFO 771e907f96c0> CORE::BYTES::EDGES_STREAMED 38760696
<INFO 771e8fff86c0> CORE::PARTITIONS_PROCESSED 16
<INFO 771e948016c0> CORE::BYTES::EDGES_STREAMED 45355872
<INFO 771e907f96c0> CORE::BYTES::UPDATES_OUT 25840464
<INFO 771e907f96c0> CORE::BYTES::UPDATES_IN 25940256
<INFO 771e8f7f76c0> CORE::PARTITIONS_PROCESSED 8
<INFO 771e91ffc6c0> CORE::BYTES::UPDATES_IN 21488944
<INFO 771e8f7f76c0> CORE::BYTES::EDGES_STREAMED 45321264
<INFO 771e8f7f76c0> CORE::BYTES::UPDATES_OUT 30214176
<INFO 771e8f7f76c0> CORE::BYTES::UPDATES_IN 34450104
<INFO 771e927fd6c0> CORE::PARTITIONS_PROCESSED 5
<INFO 771e927fd6c0> CORE::BYTES::EDGES_STREAMED 32533512
<INFO 771e927fd6c0> CORE::BYTES::UPDATES_OUT 21689008
<INFO 771e927fd6c0> CORE::BYTES::UPDATES_IN 21599208
<INFO 771e8e7f56c0> CORE::PARTITIONS_PROCESSED 8
<INFO 771e8e7f56c0> CORE::BYTES::EDGES_STREAMED 58276548
<INFO 771e8e7f56c0> CORE::BYTES::UPDATES_OUT 38851032
<INFO 771e8e7f56c0> CORE::BYTES::UPDATES_IN 34497192
<INFO 771e937ff6c0> CORE::PARTITIONS_PROCESSED 8
<INFO 771e937ff6c0> CORE::BYTES::EDGES_STREAMED 77639964
<INFO 771e937ff6c0> CORE::BYTES::UPDATES_OUT 51759976
<INFO 771e937ff6c0> CORE::BYTES::UPDATES_IN 34777352
<INFO 771e948016c0> CORE::BYTES::UPDATES_OUT 30237248
<INFO 771e948016c0> CORE::BYTES::UPDATES_IN 38942952
<INFO 771e8fff86c0> CORE::BYTES::EDGES_STREAMED 51883680
<INFO 771e8fff86c0> CORE::BYTES::UPDATES_OUT 34589120
<INFO 771e8fff86c0> CORE::BYTES::UPDATES_IN 68898048
<INFO 771e92ffe6c0> CORE::PARTITIONS_PROCESSED 7
<INFO 771e92ffe6c0> CORE::BYTES::EDGES_STREAMED 51659532
<INFO 771e92ffe6c0> CORE::BYTES::UPDATES_OUT 34439688
<INFO 771e92ffe6c0> CORE::BYTES::UPDATES_IN 30437472
<INFO 771e90ffa6c0> CORE::PARTITIONS_PROCESSED 8
<INFO 771e90ffa6c0> CORE::BYTES::EDGES_STREAMED 90717504
<INFO 771e90ffa6c0> CORE::BYTES::UPDATES_OUT 60478336
<INFO 771e90ffa6c0> CORE::BYTES::UPDATES_IN 34393048
<INFO 771e8eff66c0> CORE::PARTITIONS_PROCESSED 16
<INFO 771e8eff66c0> CORE::BYTES::EDGES_STREAMED 51465780
<INFO 771e8eff66c0> CORE::BYTES::UPDATES_OUT 34310520
<INFO 771e8eff66c0> CORE::BYTES::UPDATES_IN 68730128
<INFO 771e917fb6c0> CORE::PARTITIONS_PROCESSED 5
<INFO 771e917fb6c0> CORE::BYTES::EDGES_STREAMED 32651652
<INFO 771e917fb6c0> CORE::BYTES::UPDATES_OUT 21767768
<INFO 771e917fb6c0> CORE::BYTES::UPDATES_IN 21575016
<INFO 771e8d7f36c0> CORE::PARTITIONS_PROCESSED 8
<INFO 771e8d7f36c0> CORE::BYTES::EDGES_STREAMED 45266988
<INFO 771e8d7f36c0> CORE::BYTES::UPDATES_OUT 30177992
<INFO 771e8d7f36c0> CORE::BYTES::UPDATES_IN 34442256
<INFO 771e8dff46c0> CORE::PARTITIONS_PROCESSED 5
<INFO 771e8dff46c0> CORE::BYTES::EDGES_STREAMED 32097612
<INFO 771e8dff46c0> CORE::BYTES::UPDATES_OUT 21398408
<INFO 771e8dff46c0> CORE::BYTES::UPDATES_IN 21444208
<INFO 771e940006c0> CORE::PARTITIONS_PROCESSED 6
<INFO 771e940006c0> CORE::BYTES::EDGES_STREAMED 38757600
<INFO 771e940006c0> CORE::BYTES::UPDATES_OUT 25838400
<INFO 771e940006c0> CORE::BYTES::UPDATES_IN 25846144
<INFO 7720956962c0> CORE::RUSAGE::MAX_RSS_KB 8394256
<INFO 7720956962c0> CORE::RUSAGE::MINFLT 2097533
<INFO 7720956962c0> CORE::RUSAGE::MAJFLT 0
<INFO 7720956962c0> CORE::RUSAGE::MAJFLT 0
<INFO 7720956962c0> CORE::RUSAGE::INBLK 1617048
<INFO 7720956962c0> CORE::RUSAGE::OUBLK 75760
<INFO 7720956962c0> CORE::UTILS::BYTES_READ 827928576
<INFO 7720956962c0> CORE::UTILS::BYTES_WRITTEN 38780928
<INFO 7720956962c0> CORE::TIME::IO_WAIT 2.7332 seconds
<INFO 7720956962c0> CORE::PHASES 2
<INFO 7720956962c0> CORE::TIME::SETUP 3.44204 seconds
<INFO 7720956962c0> CORE::TIME::STATE_ITER 0.02009 seconds
<INFO 7720956962c0> CORE::TIME::GATHER 0.187001 seconds
<INFO 7720956962c0> CORE::TIME::SCATTER 3.009 seconds
<INFO 7720956962c0> TIME_IN_PC_FN 0.086639 seconds
<INFO 7720956962c0> CORE::TIME::WALL 6.82771 seconds
<INFO 7720956962c0> SHUTDOWN
