<INFO 7e6777a992c0> STARTUP
<INFO 7e6777a992c0> CORE::GRAPH soc-LiveJournal1-sym
<INFO 7e6777a992c0> CORE::ALGORITHM cc
<INFO 7e6777a992c0> SG-DRIVER-ORIGINAL
<WARNING 7e6777a992c0> Disk count not specified, assuming it to be 1
<INFO 7e6777a992c0> CORE::CONFIG::PROCESSORS 16
<INFO 7e6777a992c0> CORE::CONFIG::PHYSICAL_MEMORY 1073741824
<INFO 7e6777a992c0> CORE::CONFIG::VERTICES 4847571
<INFO 7e6777a992c0> CORE::CONFIG::VERTEX_SIZE 13
<INFO 7e6777a992c0> CORE::CONFIG::VERTEX_BUFFER 63021056
<INFO 7e6777a992c0> CORE::CONFIG::EDGES 137469164
<INFO 7e6777a992c0> CORE::CONFIG::PARTITIONS 128
<INFO 7e6777a992c0> CORE::CONFIG::FANOUT 128
<INFO 7e6777a992c0> CORE::CONFIG::SUPER_PARTITIONS 1
<INFO 7e6777a992c0> CORE::CONFIG::STREAM_UNIT 16777216
<INFO 7e6777a992c0> CORE::CONFIG::BUFFER_SIZE 198782259
<INFO 7e6777a992c0> CORE::CONFIG::IO_NUMIOQS 1
<INFO 7e6777a992c0> CORE::CONFIG::MAX_BUFFERS 4
<INFO 7e6777a992c0> CORE::CONFIG::MAX_STREAMS 5
<WARNING 7e6777a992c0> No mount point specified for disk0, falling back to current directory
my size is 1649629968
<INFO 7e6777a992c0> ALGORITHM::CC::CC_COUNT 1876
<INFO 7e6777a992c0> CORE::PARTITIONS_PROCESSED 286
<INFO 7e6777a992c0> CORE::BYTES::EDGES_STREAMED 1127414940
<INFO 7e6777a992c0> CORE::BYTES::UPDATES_OUT 307651944
<INFO 7e6777a992c0> CORE::BYTES::UPDATES_IN 341084240
<INFO 7e6730bf96c0> CORE::PARTITIONS_PROCESSED 272
<INFO 7e6730bf96c0> CORE::BYTES::EDGES_STREAMED 1118030628
<INFO 7e6730bf96c0> CORE::BYTES::UPDATES_OUT 321797440
<INFO 7e6730bf96c0> CORE::BYTES::UPDATES_IN 304782776
<INFO 7e6736c056c0> CORE::PARTITIONS_PROCESSED 258
<INFO 7e6736c056c0> CORE::BYTES::EDGES_STREAMED 1103117472
<INFO 7e6736c056c0> CORE::BYTES::UPDATES_OUT 318004480
<INFO 7e672fbf76c0> CORE::PARTITIONS_PROCESSED 285
<INFO 7e6731bfb6c0> CORE::PARTITIONS_PROCESSED 271
<INFO 7e6736c056c0> CORE::BYTES::UPDATES_IN 303900480
<INFO 7e672fbf76c0> CORE::BYTES::EDGES_STREAMED 1054541604
<INFO 7e67303f86c0> CORE::PARTITIONS_PROCESSED 315
<INFO 7e6732bfd6c0> CORE::PARTITIONS_PROCESSED 306
<INFO 7e67323fc6c0> CORE::PARTITIONS_PROCESSED 264
<INFO 7e6732bfd6c0> CORE::BYTES::EDGES_STREAMED 1140629256
<INFO 7e6732bfd6c0> CORE::BYTES::UPDATES_OUT 308242200
<INFO 7e67323fc6c0> CORE::BYTES::EDGES_STREAMED 1120690152
<INFO 7e6735c036c0> CORE::PARTITIONS_PROCESSED 246
<INFO 7e6734c016c0> CORE::PARTITIONS_PROCESSED 232
<INFO 7e67354026c0> CORE::PARTITIONS_PROCESSED 260
<INFO 7e67364046c0> CORE::PARTITIONS_PROCESSED 258
<INFO 7e67344006c0> CORE::PARTITIONS_PROCESSED 270
<INFO 7e6731bfb6c0> CORE::BYTES::EDGES_STREAMED 1058215308
<INFO 7e67303f86c0> CORE::BYTES::EDGES_STREAMED 1210082376
<INFO 7e67333fe6c0> CORE::PARTITIONS_PROCESSED 334
<INFO 7e67313fa6c0> CORE::PARTITIONS_PROCESSED 242
<INFO 7e6732bfd6c0> CORE::BYTES::UPDATES_IN 358857528
<INFO 7e6733bff6c0> CORE::PARTITIONS_PROCESSED 228
<INFO 7e67313fa6c0> CORE::BYTES::EDGES_STREAMED 1081218276
<INFO 7e67313fa6c0> CORE::BYTES::UPDATES_OUT 313816408
<INFO 7e6733bff6c0> CORE::BYTES::EDGES_STREAMED 1150037424
<INFO 7e67313fa6c0> CORE::BYTES::UPDATES_IN 300745840
<INFO 7e6735c036c0> CORE::BYTES::EDGES_STREAMED 1102504380
<INFO 7e67344006c0> CORE::BYTES::EDGES_STREAMED 1094072772
<INFO 7e672fbf76c0> CORE::BYTES::UPDATES_OUT 297034680
<INFO 7e672fbf76c0> CORE::BYTES::UPDATES_IN 301924032
<INFO 7e6731bfb6c0> CORE::BYTES::UPDATES_OUT 319404128
<INFO 7e67354026c0> CORE::BYTES::EDGES_STREAMED 1158083712
<INFO 7e67303f86c0> CORE::BYTES::UPDATES_OUT 339104608
<INFO 7e67354026c0> CORE::BYTES::UPDATES_OUT 325707704
<INFO 7e67354026c0> CORE::BYTES::UPDATES_IN 300027048
<INFO 7e6734c016c0> CORE::BYTES::EDGES_STREAMED 1157681904
<INFO 7e67344006c0> CORE::BYTES::UPDATES_OUT 312426872
<INFO 7e67344006c0> CORE::BYTES::UPDATES_IN 298144520
<INFO 7e67333fe6c0> CORE::BYTES::EDGES_STREAMED 1143451464
<INFO 7e67333fe6c0> CORE::BYTES::UPDATES_OUT 324624536
<INFO 7e67303f86c0> CORE::BYTES::UPDATES_IN 353993896
<INFO 7e6734c016c0> CORE::BYTES::UPDATES_OUT 317890152
<INFO 7e6734c016c0> CORE::BYTES::UPDATES_IN 329234600
<INFO 7e6731bfb6c0> CORE::BYTES::UPDATES_IN 343784488
<INFO 7e67323fc6c0> CORE::BYTES::UPDATES_OUT 326257312
<INFO 7e67323fc6c0> CORE::BYTES::UPDATES_IN 291174424
<INFO 7e67364046c0> CORE::BYTES::EDGES_STREAMED 1107565308
<INFO 7e67364046c0> CORE::BYTES::UPDATES_OUT 318096208
<INFO 7e67364046c0> CORE::BYTES::UPDATES_IN 325445064
<INFO 7e67333fe6c0> CORE::BYTES::UPDATES_IN 342114720
<INFO 7e6735c036c0> CORE::BYTES::UPDATES_OUT 315341704
<INFO 7e6735c036c0> CORE::BYTES::UPDATES_IN 308387024
<INFO 7e6733bff6c0> CORE::BYTES::UPDATES_OUT 338542160
<INFO 7e6733bff6c0> CORE::BYTES::UPDATES_IN 300341856
<INFO 7e6777a992c0> CORE::RUSAGE::MAX_RSS_KB 1054252
<INFO 7e6777a992c0> CORE::RUSAGE::MINFLT 262522
<INFO 7e6777a992c0> CORE::RUSAGE::MAJFLT 0
<INFO 7e6777a992c0> CORE::RUSAGE::MAJFLT 0
<INFO 7e6777a992c0> CORE::RUSAGE::INBLK 51853848
<INFO 7e6777a992c0> CORE::RUSAGE::OUBLK 10091792
<INFO 7e6777a992c0> CORE::UTILS::BYTES_READ 26549170176
<INFO 7e6777a992c0> CORE::UTILS::BYTES_WRITTEN 5166985216
<INFO 7e6777a992c0> CORE::TIME::IO_WAIT 103.605 seconds
<INFO 7e6777a992c0> CORE::PHASES 13
<INFO 7e6777a992c0> CORE::TIME::SETUP 0.452717 seconds
<INFO 7e6777a992c0> CORE::TIME::STATE_ITER 0.02049 seconds
<INFO 7e6777a992c0> CORE::TIME::GATHER 13.5582 seconds
<INFO 7e6777a992c0> CORE::TIME::SCATTER 103.748 seconds
<INFO 7e6777a992c0> TIME_IN_PC_FN 1.76286 seconds
<INFO 7e6777a992c0> CORE::TIME::WALL 119.243 seconds
<INFO 7e6777a992c0> SHUTDOWN
