<INFO 7583ef8ce2c0> STARTUP
<INFO 7583ef8ce2c0> CORE::GRAPH soc-LiveJournal1-dir
<INFO 7583ef8ce2c0> CORE::ALGORITHM spmv
<INFO 7583ef8ce2c0> SG-DRIVER-ORIGINAL
<WARNING 7583ef8ce2c0> Disk count not specified, assuming it to be 1
<INFO 7583ef8ce2c0> CORE::CONFIG::PROCESSORS 16
<INFO 7583ef8ce2c0> CORE::CONFIG::PHYSICAL_MEMORY 1073741824
<INFO 7583ef8ce2c0> CORE::CONFIG::VERTICES 4847571
<INFO 7583ef8ce2c0> CORE::CONFIG::VERTEX_SIZE 8
<INFO 7583ef8ce2c0> CORE::CONFIG::VERTEX_BUFFER 38780928
<INFO 7583ef8ce2c0> CORE::CONFIG::EDGES 68993773
<INFO 7583ef8ce2c0> CORE::CONFIG::PARTITIONS 128
<INFO 7583ef8ce2c0> CORE::CONFIG::FANOUT 128
<INFO 7583ef8ce2c0> CORE::CONFIG::SUPER_PARTITIONS 1
<INFO 7583ef8ce2c0> CORE::CONFIG::STREAM_UNIT 16777216
<INFO 7583ef8ce2c0> CORE::CONFIG::BUFFER_SIZE 203630284
<INFO 7583ef8ce2c0> CORE::CONFIG::IO_NUMIOQS 1
<INFO 7583ef8ce2c0> CORE::CONFIG::MAX_BUFFERS 4
<INFO 7583ef8ce2c0> CORE::CONFIG::MAX_STREAMS 5
<WARNING 7583ef8ce2c0> No mount point specified for disk0, falling back to current directory
my size is 827925276
<INFO 7583ef8ce2c0> CORE::PARTITIONS_PROCESSED 28
<INFO 7583ef8ce2c0> CORE::BYTES::EDGES_STREAMED 42825864
<INFO 7583ef8ce2c0> CORE::BYTES::UPDATES_OUT 28550576
<INFO 7583ef8ce2c0> CORE::BYTES::UPDATES_IN 40831136
<INFO 7583aa9fb6c0> CORE::PARTITIONS_PROCESSED 19
<INFO 7583aa9fb6c0> CORE::BYTES::EDGES_STREAMED 50994972
<INFO 7583aa9fb6c0> CORE::BYTES::UPDATES_OUT 33996648
<INFO 7583aa9fb6c0> CORE::BYTES::UPDATES_IN 27142792
<INFO 7583ad2006c0> CORE::PARTITIONS_PROCESSED 23
<INFO 7583ad2006c0> CORE::BYTES::EDGES_STREAMED 46113492
<INFO 7583ad2006c0> CORE::BYTES::UPDATES_OUT 30742328
<INFO 7583ad2006c0> CORE::BYTES::UPDATES_IN 33066120
<INFO 7583a99f96c0> CORE::PARTITIONS_PROCESSED 23
<INFO 7583a99f96c0> CORE::BYTES::EDGES_STREAMED 51108060
<INFO 7583a99f96c0> CORE::BYTES::UPDATES_OUT 34072040
<INFO 7583a99f96c0> CORE::BYTES::UPDATES_IN 32413864
<INFO 7583a89f76c0> CORE::PARTITIONS_PROCESSED 24
<INFO 7583aa1fa6c0> CORE::PARTITIONS_PROCESSED 31
<INFO 7583a89f76c0> CORE::BYTES::EDGES_STREAMED 55932600
<INFO 7583aa1fa6c0> CORE::BYTES::EDGES_STREAMED 63676656
<INFO 7583ac9ff6c0> CORE::PARTITIONS_PROCESSED 25
<INFO 7583ab9fd6c0> CORE::PARTITIONS_PROCESSED 24
<INFO 7583a81f66c0> CORE::PARTITIONS_PROCESSED 25
<INFO 7583ada016c0> CORE::PARTITIONS_PROCESSED 24
<INFO 7583aa1fa6c0> CORE::BYTES::UPDATES_OUT 42451104
<INFO 7583ada016c0> CORE::BYTES::EDGES_STREAMED 54413364
<INFO 7583ada016c0> CORE::BYTES::UPDATES_OUT 36275576
<INFO 7583ada016c0> CORE::BYTES::UPDATES_IN 34226280
<INFO 7583a81f66c0> CORE::BYTES::EDGES_STREAMED 50902560
<INFO 7583a89f76c0> CORE::BYTES::UPDATES_OUT 37288400
<INFO 7583a89f76c0> CORE::BYTES::UPDATES_IN 34128584
<INFO 7583ac1fe6c0> CORE::PARTITIONS_PROCESSED 21
<INFO 7583ab9fd6c0> CORE::BYTES::EDGES_STREAMED 54248748
<INFO 7583ab9fd6c0> CORE::BYTES::UPDATES_OUT 36165832
<INFO 7583ab9fd6c0> CORE::BYTES::UPDATES_IN 35064288
<INFO 7583ac1fe6c0> CORE::BYTES::EDGES_STREAMED 52433520
<INFO 7583ac1fe6c0> CORE::BYTES::UPDATES_OUT 34955680
<INFO 7583ac1fe6c0> CORE::BYTES::UPDATES_IN 29297904
<INFO 7583ac9ff6c0> CORE::BYTES::EDGES_STREAMED 51714012
<INFO 7583ac9ff6c0> CORE::BYTES::UPDATES_OUT 34476008
<INFO 7583ac9ff6c0> CORE::BYTES::UPDATES_IN 35719400
<INFO 7583aea036c0> CORE::PARTITIONS_PROCESSED 24
<INFO 7583aea036c0> CORE::BYTES::EDGES_STREAMED 55387812
<INFO 7583aea036c0> CORE::BYTES::UPDATES_OUT 36925208
<INFO 7583aea036c0> CORE::BYTES::UPDATES_IN 34799376
<INFO 7583a79f56c0> CORE::PARTITIONS_PROCESSED 21
<INFO 7583a79f56c0> CORE::BYTES::EDGES_STREAMED 50610756
<INFO 7583a79f56c0> CORE::BYTES::UPDATES_OUT 33740504
<INFO 7583a79f56c0> CORE::BYTES::UPDATES_IN 30287904
<INFO 7583a81f66c0> CORE::BYTES::UPDATES_OUT 33935040
<INFO 7583aa1fa6c0> CORE::BYTES::UPDATES_IN 45974040
<INFO 7583a81f66c0> CORE::BYTES::UPDATES_IN 35904112
<INFO 7583a91f86c0> CORE::PARTITIONS_PROCESSED 25
<INFO 7583a91f86c0> CORE::BYTES::EDGES_STREAMED 54261936
<INFO 7583a91f86c0> CORE::BYTES::UPDATES_OUT 36174624
<INFO 7583a91f86c0> CORE::BYTES::UPDATES_IN 35727960
<INFO 7583ab1fc6c0> CORE::PARTITIONS_PROCESSED 23
<INFO 7583ab1fc6c0> CORE::BYTES::EDGES_STREAMED 40328208
<INFO 7583ab1fc6c0> CORE::BYTES::UPDATES_OUT 26885472
<INFO 7583ab1fc6c0> CORE::BYTES::UPDATES_IN 32808696
<INFO 7583ae2026c0> CORE::PARTITIONS_PROCESSED 24
<INFO 7583ae2026c0> CORE::BYTES::EDGES_STREAMED 52972716
<INFO 7583ae2026c0> CORE::BYTES::UPDATES_OUT 35315144
<INFO 7583ae2026c0> CORE::BYTES::UPDATES_IN 34557728
<INFO 7583ef8ce2c0> CORE::RUSAGE::MAX_RSS_KB 1053956
<INFO 7583ef8ce2c0> CORE::RUSAGE::MINFLT 262523
<INFO 7583ef8ce2c0> CORE::RUSAGE::MAJFLT 0
<INFO 7583ef8ce2c0> CORE::RUSAGE::MAJFLT 0
<INFO 7583ef8ce2c0> CORE::RUSAGE::INBLK 4312128
<INFO 7583ef8ce2c0> CORE::RUSAGE::OUBLK 1153792
<INFO 7583ef8ce2c0> CORE::UTILS::BYTES_READ 2207809536
<INFO 7583ef8ce2c0> CORE::UTILS::BYTES_WRITTEN 590733312
<INFO 7583ef8ce2c0> CORE::TIME::IO_WAIT 7.88795 seconds
<INFO 7583ef8ce2c0> CORE::PHASES 2
<INFO 7583ef8ce2c0> CORE::TIME::SETUP 0.445972 seconds
<INFO 7583ef8ce2c0> CORE::TIME::STATE_ITER 0.024025 seconds
<INFO 7583ef8ce2c0> CORE::TIME::GATHER 1.078 seconds
<INFO 7583ef8ce2c0> CORE::TIME::SCATTER 7.471 seconds
<INFO 7583ef8ce2c0> TIME_IN_PC_FN 0.093385 seconds
<INFO 7583ef8ce2c0> CORE::TIME::WALL 9.47014 seconds
<INFO 7583ef8ce2c0> SHUTDOWN
