<INFO 7f53626f62c0> STARTUP
<INFO 7f53626f62c0> CORE::GRAPH soc-LiveJournal1-dir
<INFO 7f53626f62c0> CORE::ALGORITHM spmv
<INFO 7f53626f62c0> SG-DRIVER-ORIGINAL
<WARNING 7f53626f62c0> Disk count not specified, assuming it to be 1
<INFO 7f53626f62c0> CORE::CONFIG::PROCESSORS 16
<INFO 7f53626f62c0> CORE::CONFIG::PHYSICAL_MEMORY 536870912
<INFO 7f53626f62c0> CORE::CONFIG::VERTICES 4847571
<INFO 7f53626f62c0> CORE::CONFIG::VERTEX_SIZE 8
<INFO 7f53626f62c0> CORE::CONFIG::VERTEX_BUFFER 38780928
<INFO 7f53626f62c0> CORE::CONFIG::EDGES 68993773
<INFO 7f53626f62c0> CORE::CONFIG::PARTITIONS 128
<INFO 7f53626f62c0> CORE::CONFIG::FANOUT 128
<INFO 7f53626f62c0> CORE::CONFIG::SUPER_PARTITIONS 1
<INFO 7f53626f62c0> CORE::CONFIG::STREAM_UNIT 16777216
<INFO 7f53626f62c0> CORE::CONFIG::BUFFER_SIZE 96256102
<INFO 7f53626f62c0> CORE::CONFIG::IO_NUMIOQS 1
<INFO 7f53626f62c0> CORE::CONFIG::MAX_BUFFERS 4
<INFO 7f53626f62c0> CORE::CONFIG::MAX_STREAMS 5
<WARNING 7f53626f62c0> No mount point specified for disk0, falling back to current directory
my size is 827925276
<INFO 7f53626f62c0> CORE::PARTITIONS_PROCESSED 48
<INFO 7f53626f62c0> CORE::BYTES::EDGES_STREAMED 49875900
<INFO 7f53626f62c0> CORE::BYTES::UPDATES_OUT 33250600
<INFO 7f53626f62c0> CORE::BYTES::UPDATES_IN 34715192
<INFO 7f53418016c0> CORE::PARTITIONS_PROCESSED 46
<INFO 7f533bff66c0> CORE::PARTITIONS_PROCESSED 50
<INFO 7f533effc6c0> CORE::PARTITIONS_PROCESSED 44
<INFO 7f533effc6c0> CORE::BYTES::EDGES_STREAMED 44869728
<INFO 7f533bff66c0> CORE::BYTES::EDGES_STREAMED 63364248
<INFO 7f53418016c0> CORE::BYTES::EDGES_STREAMED 45925680
<INFO 7f533f7fd6c0> CORE::PARTITIONS_PROCESSED 57
<INFO 7f533effc6c0> CORE::BYTES::UPDATES_OUT 29913152
<INFO 7f533f7fd6c0> CORE::BYTES::EDGES_STREAMED 59168988
<INFO 7f53418016c0> CORE::BYTES::UPDATES_OUT 30617120
<INFO 7f53418016c0> CORE::BYTES::UPDATES_IN 32787928
<INFO 7f533e7fb6c0> CORE::PARTITIONS_PROCESSED 46
<INFO 7f533bff66c0> CORE::BYTES::UPDATES_OUT 42242832
<INFO 7f533bff66c0> CORE::BYTES::UPDATES_IN 35892056
<INFO 7f533aff46c0> CORE::PARTITIONS_PROCESSED 50
<INFO 7f533aff46c0> CORE::BYTES::EDGES_STREAMED 45589212
<INFO 7f533aff46c0> CORE::BYTES::UPDATES_OUT 30392808
<INFO 7f533d7f96c0> CORE::PARTITIONS_PROCESSED 48
<INFO 7f533b7f56c0> CORE::PARTITIONS_PROCESSED 49
<INFO 7f533effc6c0> CORE::BYTES::UPDATES_IN 31279464
<INFO 7f533aff46c0> CORE::BYTES::UPDATES_IN 36054912
<INFO 7f533b7f56c0> CORE::BYTES::EDGES_STREAMED 60018168
<INFO 7f533b7f56c0> CORE::BYTES::UPDATES_OUT 40012112
<INFO 7f533fffe6c0> CORE::PARTITIONS_PROCESSED 39
<INFO 7f533fffe6c0> CORE::BYTES::EDGES_STREAMED 56885448
<INFO 7f533fffe6c0> CORE::BYTES::UPDATES_OUT 37923632
<INFO 7f533fffe6c0> CORE::BYTES::UPDATES_IN 27687088
<INFO 7f53410006c0> CORE::PARTITIONS_PROCESSED 53
<INFO 7f53410006c0> CORE::BYTES::EDGES_STREAMED 45775908
<INFO 7f53407ff6c0> CORE::PARTITIONS_PROCESSED 46
<INFO 7f533d7f96c0> CORE::BYTES::EDGES_STREAMED 47582904
<INFO 7f53407ff6c0> CORE::BYTES::EDGES_STREAMED 44242812
<INFO 7f533b7f56c0> CORE::BYTES::UPDATES_IN 35143880
<INFO 7f53407ff6c0> CORE::BYTES::UPDATES_OUT 29495208
<INFO 7f53407ff6c0> CORE::BYTES::UPDATES_IN 33394000
<INFO 7f533f7fd6c0> CORE::BYTES::UPDATES_OUT 39445992
<INFO 7f533f7fd6c0> CORE::BYTES::UPDATES_IN 41177928
<INFO 7f53410006c0> CORE::BYTES::UPDATES_OUT 30517272
<INFO 7f53410006c0> CORE::BYTES::UPDATES_IN 38461136
<INFO 7f533a7f36c0> CORE::PARTITIONS_PROCESSED 50
<INFO 7f533dffa6c0> CORE::PARTITIONS_PROCESSED 50
<INFO 7f533a7f36c0> CORE::BYTES::EDGES_STREAMED 60595236
<INFO 7f533a7f36c0> CORE::BYTES::UPDATES_OUT 40396824
<INFO 7f533dffa6c0> CORE::BYTES::EDGES_STREAMED 44810988
<INFO 7f533a7f36c0> CORE::BYTES::UPDATES_IN 35777672
<INFO 7f533dffa6c0> CORE::BYTES::UPDATES_OUT 29873992
<INFO 7f533dffa6c0> CORE::BYTES::UPDATES_IN 36088488
<INFO 7f533c7f76c0> CORE::PARTITIONS_PROCESSED 42
<INFO 7f533c7f76c0> CORE::BYTES::EDGES_STREAMED 53871240
<INFO 7f533c7f76c0> CORE::BYTES::UPDATES_OUT 35914160
<INFO 7f533cff86c0> CORE::PARTITIONS_PROCESSED 50
<INFO 7f533c7f76c0> CORE::BYTES::UPDATES_IN 29741792
<INFO 7f533cff86c0> CORE::BYTES::EDGES_STREAMED 54963120
<INFO 7f533cff86c0> CORE::BYTES::UPDATES_OUT 36642080
<INFO 7f533cff86c0> CORE::BYTES::UPDATES_IN 36077864
<INFO 7f533d7f96c0> CORE::BYTES::UPDATES_OUT 31721936
<INFO 7f533d7f96c0> CORE::BYTES::UPDATES_IN 34793320
<INFO 7f533e7fb6c0> CORE::BYTES::EDGES_STREAMED 50385696
<INFO 7f533e7fb6c0> CORE::BYTES::UPDATES_OUT 33590464
<INFO 7f533e7fb6c0> CORE::BYTES::UPDATES_IN 32877464
<INFO 7f53626f62c0> CORE::RUSAGE::MAX_RSS_KB 529600
<INFO 7f53626f62c0> CORE::RUSAGE::MINFLT 131452
<INFO 7f53626f62c0> CORE::RUSAGE::MAJFLT 0
<INFO 7f53626f62c0> CORE::RUSAGE::MAJFLT 0
<INFO 7f53626f62c0> CORE::RUSAGE::INBLK 4312128
<INFO 7f53626f62c0> CORE::RUSAGE::OUBLK 1153792
<INFO 7f53626f62c0> CORE::UTILS::BYTES_READ 2207809536
<INFO 7f53626f62c0> CORE::UTILS::BYTES_WRITTEN 590733312
<INFO 7f53626f62c0> CORE::TIME::IO_WAIT 9.53477 seconds
<INFO 7f53626f62c0> CORE::PHASES 2
<INFO 7f53626f62c0> CORE::TIME::SETUP 0.233968 seconds
<INFO 7f53626f62c0> CORE::TIME::STATE_ITER 0.023995 seconds
<INFO 7f53626f62c0> CORE::TIME::GATHER 1.07011 seconds
<INFO 7f53626f62c0> CORE::TIME::SCATTER 9.933 seconds
<INFO 7f53626f62c0> TIME_IN_PC_FN 0.103979 seconds
<INFO 7f53626f62c0> CORE::TIME::WALL 11.5705 seconds
<INFO 7f53626f62c0> SHUTDOWN
