<INFO 7593ed5212c0> STARTUP
<INFO 7593ed5212c0> CORE::GRAPH soc-LiveJournal1-sym
<INFO 7593ed5212c0> CORE::ALGORITHM cc
<INFO 7593ed5212c0> SG-DRIVER-ORIGINAL
<WARNING 7593ed5212c0> Disk count not specified, assuming it to be 1
<INFO 7593ed5212c0> CORE::CONFIG::PROCESSORS 16
<INFO 7593ed5212c0> CORE::CONFIG::PHYSICAL_MEMORY 536870912
<INFO 7593ed5212c0> CORE::CONFIG::VERTICES 4847571
<INFO 7593ed5212c0> CORE::CONFIG::VERTEX_SIZE 13
<INFO 7593ed5212c0> CORE::CONFIG::VERTEX_BUFFER 63021056
<INFO 7593ed5212c0> CORE::CONFIG::EDGES 137469164
<INFO 7593ed5212c0> CORE::CONFIG::PARTITIONS 128
<INFO 7593ed5212c0> CORE::CONFIG::FANOUT 128
<INFO 7593ed5212c0> CORE::CONFIG::SUPER_PARTITIONS 1
<INFO 7593ed5212c0> CORE::CONFIG::STREAM_UNIT 16777216
<INFO 7593ed5212c0> CORE::CONFIG::BUFFER_SIZE 91408076
<INFO 7593ed5212c0> CORE::CONFIG::IO_NUMIOQS 1
<INFO 7593ed5212c0> CORE::CONFIG::MAX_BUFFERS 4
<INFO 7593ed5212c0> CORE::CONFIG::MAX_STREAMS 5
<WARNING 7593ed5212c0> No mount point specified for disk0, falling back to current directory
my size is 1649629968
<INFO 7593ed5212c0> ALGORITHM::CC::CC_COUNT 1876
<INFO 7593ed5212c0> CORE::PARTITIONS_PROCESSED 524
<INFO 7593ed5212c0> CORE::BYTES::EDGES_STREAMED 1141061604
<INFO 7593ed5212c0> CORE::BYTES::UPDATES_OUT 322965880
<INFO 7593ed5212c0> CORE::BYTES::UPDATES_IN 313992360
<INFO 7593c9dfe6c0> CORE::PARTITIONS_PROCESSED 506
<INFO 7593c55f56c0> CORE::PARTITIONS_PROCESSED 518
<INFO 7593c95fd6c0> CORE::PARTITIONS_PROCESSED 588
<INFO 7593c5df66c0> CORE::PARTITIONS_PROCESSED 500
<INFO 7593c55f56c0> CORE::BYTES::EDGES_STREAMED 1141987440
<INFO 7593cb6016c0> CORE::PARTITIONS_PROCESSED 478
<INFO 7593cb6016c0> CORE::BYTES::EDGES_STREAMED 1065150144
<INFO 7593cb6016c0> CORE::BYTES::UPDATES_OUT 302664712
<INFO 7593cb6016c0> CORE::BYTES::UPDATES_IN 300002536
<INFO 7593c85fb6c0> CORE::PARTITIONS_PROCESSED 468
<INFO 7593c85fb6c0> CORE::BYTES::EDGES_STREAMED 1090569000
<INFO 7593c85fb6c0> CORE::BYTES::UPDATES_OUT 303672560
<INFO 7593c85fb6c0> CORE::BYTES::UPDATES_IN 308909272
<INFO 7593c65f76c0> CORE::PARTITIONS_PROCESSED 547
<INFO 7593cae006c0> CORE::PARTITIONS_PROCESSED 559
<INFO 7593c8dfc6c0> CORE::PARTITIONS_PROCESSED 544
<INFO 7593c55f56c0> CORE::BYTES::UPDATES_OUT 326715528
<INFO 7593c8dfc6c0> CORE::BYTES::EDGES_STREAMED 1124435400
<INFO 7593c8dfc6c0> CORE::BYTES::UPDATES_OUT 326936496
<INFO 7593c9dfe6c0> CORE::BYTES::EDGES_STREAMED 1104346452
<INFO 7593c9dfe6c0> CORE::BYTES::UPDATES_OUT 316317528
<INFO 7593c5df66c0> CORE::BYTES::EDGES_STREAMED 1095278676
<INFO 7593c6df86c0> CORE::PARTITIONS_PROCESSED 516
<INFO 7593cae006c0> CORE::BYTES::EDGES_STREAMED 1112679408
<INFO 7593cae006c0> CORE::BYTES::UPDATES_OUT 325031944
<INFO 7593c6df86c0> CORE::BYTES::EDGES_STREAMED 1119104196
<INFO 7593c6df86c0> CORE::BYTES::UPDATES_OUT 318396496
<INFO 7593c6df86c0> CORE::BYTES::UPDATES_IN 306994576
<INFO 7593cbe026c0> CORE::PARTITIONS_PROCESSED 509
<INFO 7593cbe026c0> CORE::BYTES::EDGES_STREAMED 1073295696
<INFO 7593cbe026c0> CORE::BYTES::UPDATES_OUT 310171376
<INFO 7593c65f76c0> CORE::BYTES::EDGES_STREAMED 1155774216
<INFO 7593c55f56c0> CORE::BYTES::UPDATES_IN 330159008
<INFO 7593c5df66c0> CORE::BYTES::UPDATES_OUT 306418256
<INFO 7593c5df66c0> CORE::BYTES::UPDATES_IN 315315392
<INFO 7593c7dfa6c0> CORE::PARTITIONS_PROCESSED 518
<INFO 7593cc6036c0> CORE::PARTITIONS_PROCESSED 510
<INFO 7593c9dfe6c0> CORE::BYTES::UPDATES_IN 307810120
<INFO 7593c65f76c0> CORE::BYTES::UPDATES_OUT 314233688
<INFO 7593ca5ff6c0> CORE::PARTITIONS_PROCESSED 499
<INFO 7593c95fd6c0> CORE::BYTES::EDGES_STREAMED 1184691204
<INFO 7593cae006c0> CORE::BYTES::UPDATES_IN 346390592
<INFO 7593c75f96c0> CORE::PARTITIONS_PROCESSED 511
<INFO 7593c75f96c0> CORE::BYTES::EDGES_STREAMED 1119615168
<INFO 7593c75f96c0> CORE::BYTES::UPDATES_OUT 310285752
<INFO 7593c75f96c0> CORE::BYTES::UPDATES_IN 328291848
<INFO 7593c7dfa6c0> CORE::BYTES::EDGES_STREAMED 1126267140
<INFO 7593c7dfa6c0> CORE::BYTES::UPDATES_OUT 335414352
<INFO 7593c7dfa6c0> CORE::BYTES::UPDATES_IN 306981464
<INFO 7593cbe026c0> CORE::BYTES::UPDATES_IN 314100152
<INFO 7593c8dfc6c0> CORE::BYTES::UPDATES_IN 327560328
<INFO 7593cc6036c0> CORE::BYTES::EDGES_STREAMED 1135888728
<INFO 7593cc6036c0> CORE::BYTES::UPDATES_OUT 320117272
<INFO 7593cc6036c0> CORE::BYTES::UPDATES_IN 309921000
<INFO 7593c65f76c0> CORE::BYTES::UPDATES_IN 332279632
<INFO 7593c95fd6c0> CORE::BYTES::UPDATES_OUT 342133112
<INFO 7593c95fd6c0> CORE::BYTES::UPDATES_IN 339400744
<INFO 7593ca5ff6c0> CORE::BYTES::EDGES_STREAMED 1137192504
<INFO 7593ca5ff6c0> CORE::BYTES::UPDATES_OUT 322467584
<INFO 7593ca5ff6c0> CORE::BYTES::UPDATES_IN 315833512
<INFO 7593ed5212c0> CORE::RUSAGE::MAX_RSS_KB 529816
<INFO 7593ed5212c0> CORE::RUSAGE::MINFLT 131447
<INFO 7593ed5212c0> CORE::RUSAGE::MAJFLT 0
<INFO 7593ed5212c0> CORE::RUSAGE::MAJFLT 0
<INFO 7593ed5212c0> CORE::RUSAGE::INBLK 51853848
<INFO 7593ed5212c0> CORE::RUSAGE::OUBLK 10091792
<INFO 7593ed5212c0> CORE::UTILS::BYTES_READ 26549170176
<INFO 7593ed5212c0> CORE::UTILS::BYTES_WRITTEN 5166985216
<INFO 7593ed5212c0> CORE::TIME::IO_WAIT 101.184 seconds
<INFO 7593ed5212c0> CORE::PHASES 13
<INFO 7593ed5212c0> CORE::TIME::SETUP 0.231335 seconds
<INFO 7593ed5212c0> CORE::TIME::STATE_ITER 0.019439 seconds
<INFO 7593ed5212c0> CORE::TIME::GATHER 13.2895 seconds
<INFO 7593ed5212c0> CORE::TIME::SCATTER 108.142 seconds
<INFO 7593ed5212c0> TIME_IN_PC_FN 2.08003 seconds
<INFO 7593ed5212c0> CORE::TIME::WALL 122.348 seconds
<INFO 7593ed5212c0> SHUTDOWN
