<INFO 7750bf7012c0> STARTUP
<INFO 7750bf7012c0> CORE::GRAPH soc-LiveJournal1-dir
<INFO 7750bf7012c0> CORE::ALGORITHM spmv
<INFO 7750bf7012c0> SG-DRIVER-ORIGINAL
<WARNING 7750bf7012c0> Disk count not specified, assuming it to be 1
<INFO 7750bf7012c0> CORE::CONFIG::PROCESSORS 16
<INFO 7750bf7012c0> CORE::CONFIG::PHYSICAL_MEMORY 268435456
<INFO 7750bf7012c0> CORE::CONFIG::VERTICES 4847571
<INFO 7750bf7012c0> CORE::CONFIG::VERTEX_SIZE 8
<INFO 7750bf7012c0> CORE::CONFIG::VERTEX_BUFFER 38780928
<INFO 7750bf7012c0> CORE::CONFIG::EDGES 68993773
<INFO 7750bf7012c0> CORE::CONFIG::PARTITIONS 128
<INFO 7750bf7012c0> CORE::CONFIG::FANOUT 128
<INFO 7750bf7012c0> CORE::CONFIG::SUPER_PARTITIONS 1
<INFO 7750bf7012c0> CORE::CONFIG::STREAM_UNIT 16777216
<INFO 7750bf7012c0> CORE::CONFIG::BUFFER_SIZE 42569011
<INFO 7750bf7012c0> CORE::CONFIG::IO_NUMIOQS 1
<INFO 7750bf7012c0> CORE::CONFIG::MAX_BUFFERS 4
<INFO 7750bf7012c0> CORE::CONFIG::MAX_STREAMS 5
<WARNING 7750bf7012c0> No mount point specified for disk0, falling back to current directory
my size is 827925276
<INFO 7750bf7012c0> CORE::PARTITIONS_PROCESSED 100
<INFO 7750bf7012c0> CORE::BYTES::EDGES_STREAMED 49229952
<INFO 7750bf7012c0> CORE::BYTES::UPDATES_OUT 32819968
<INFO 7750bf7012c0> CORE::BYTES::UPDATES_IN 33115664
<INFO 7750aa7fd6c0> CORE::PARTITIONS_PROCESSED 108
<INFO 7750a9ffc6c0> CORE::PARTITIONS_PROCESSED 100
<INFO 7750a87f96c0> CORE::PARTITIONS_PROCESSED 112
<INFO 7750ad8036c0> CORE::PARTITIONS_PROCESSED 115
<INFO 7750a9ffc6c0> CORE::BYTES::EDGES_STREAMED 37996800
<INFO 7750ad8036c0> CORE::BYTES::EDGES_STREAMED 52063548
<INFO 7750aa7fd6c0> CORE::BYTES::EDGES_STREAMED 54665040
<INFO 7750a87f96c0> CORE::BYTES::EDGES_STREAMED 54189744
<INFO 7750aa7fd6c0> CORE::BYTES::UPDATES_OUT 36443360
<INFO 7750a9ffc6c0> CORE::BYTES::UPDATES_OUT 25331200
<INFO 7750aa7fd6c0> CORE::BYTES::UPDATES_IN 35910344
<INFO 7750a9ffc6c0> CORE::BYTES::UPDATES_IN 33183808
<INFO 7750ad8036c0> CORE::BYTES::UPDATES_OUT 34709032
<INFO 7750ad8036c0> CORE::BYTES::UPDATES_IN 38370456
<INFO 7750a7ff86c0> CORE::PARTITIONS_PROCESSED 94
<INFO 7750a7ff86c0> CORE::BYTES::EDGES_STREAMED 54692004
<INFO 7750a7ff86c0> CORE::BYTES::UPDATES_OUT 36461336
<INFO 7750a97fb6c0> CORE::PARTITIONS_PROCESSED 85
<INFO 7750a97fb6c0> CORE::BYTES::EDGES_STREAMED 53623464
<INFO 7750a8ffa6c0> CORE::PARTITIONS_PROCESSED 109
<INFO 7750a97fb6c0> CORE::BYTES::UPDATES_OUT 35748976
<INFO 7750a97fb6c0> CORE::BYTES::UPDATES_IN 28121584
<INFO 7750ad0026c0> CORE::PARTITIONS_PROCESSED 117
<INFO 7750a7ff86c0> CORE::BYTES::UPDATES_IN 31048816
<INFO 7750ac0006c0> CORE::PARTITIONS_PROCESSED 90
<INFO 7750ae0046c0> CORE::PARTITIONS_PROCESSED 108
<INFO 7750a8ffa6c0> CORE::BYTES::EDGES_STREAMED 44052324
<INFO 7750a8ffa6c0> CORE::BYTES::UPDATES_OUT 29368216
<INFO 7750ae0046c0> CORE::BYTES::EDGES_STREAMED 49988700
<INFO 7750a8ffa6c0> CORE::BYTES::UPDATES_IN 35855736
<INFO 7750ab7ff6c0> CORE::PARTITIONS_PROCESSED 92
<INFO 7750a87f96c0> CORE::BYTES::UPDATES_OUT 36126496
<INFO 7750a77f76c0> CORE::PARTITIONS_PROCESSED 120
<INFO 7750a77f76c0> CORE::BYTES::EDGES_STREAMED 50431752
<INFO 7750aaffe6c0> CORE::PARTITIONS_PROCESSED 104
<INFO 7750aaffe6c0> CORE::BYTES::EDGES_STREAMED 46283748
<INFO 7750aaffe6c0> CORE::BYTES::UPDATES_OUT 30855832
<INFO 7750a77f76c0> CORE::BYTES::UPDATES_OUT 33621168
<INFO 7750a87f96c0> CORE::BYTES::UPDATES_IN 37257720
<INFO 7750ab7ff6c0> CORE::BYTES::EDGES_STREAMED 63256212
<INFO 7750ab7ff6c0> CORE::BYTES::UPDATES_OUT 42170808
<INFO 7750ab7ff6c0> CORE::BYTES::UPDATES_IN 30581200
<INFO 7750aaffe6c0> CORE::BYTES::UPDATES_IN 34452720
<INFO 7750ad0026c0> CORE::BYTES::EDGES_STREAMED 46868496
<INFO 7750ad0026c0> CORE::BYTES::UPDATES_OUT 31245664
<INFO 7750ad0026c0> CORE::BYTES::UPDATES_IN 38985752
<INFO 7750ac0006c0> CORE::BYTES::EDGES_STREAMED 54810924
<INFO 7750ac0006c0> CORE::BYTES::UPDATES_OUT 36540616
<INFO 7750ac0006c0> CORE::BYTES::UPDATES_IN 29817712
<INFO 7750ac8016c0> CORE::PARTITIONS_PROCESSED 111
<INFO 7750ac8016c0> CORE::BYTES::EDGES_STREAMED 55347648
<INFO 7750ac8016c0> CORE::BYTES::UPDATES_OUT 36898432
<INFO 7750ac8016c0> CORE::BYTES::UPDATES_IN 36893072
<INFO 7750ae0046c0> CORE::BYTES::UPDATES_OUT 33325800
<INFO 7750ae0046c0> CORE::BYTES::UPDATES_IN 35789992
<INFO 7750a77f76c0> CORE::BYTES::UPDATES_IN 39766928
<INFO 7750ae8056c0> CORE::PARTITIONS_PROCESSED 99
<INFO 7750ae8056c0> CORE::BYTES::EDGES_STREAMED 60424920
<INFO 7750ae8056c0> CORE::BYTES::UPDATES_OUT 40283280
<INFO 7750ae8056c0> CORE::BYTES::UPDATES_IN 32798680
<INFO 7750bf7012c0> CORE::RUSAGE::MAX_RSS_KB 267752
<INFO 7750bf7012c0> CORE::RUSAGE::MINFLT 65918
<INFO 7750bf7012c0> CORE::RUSAGE::MAJFLT 0
<INFO 7750bf7012c0> CORE::RUSAGE::MAJFLT 0
<INFO 7750bf7012c0> CORE::RUSAGE::INBLK 4312128
<INFO 7750bf7012c0> CORE::RUSAGE::OUBLK 1153792
<INFO 7750bf7012c0> CORE::UTILS::BYTES_READ 2207809536
<INFO 7750bf7012c0> CORE::UTILS::BYTES_WRITTEN 590733312
<INFO 7750bf7012c0> CORE::TIME::IO_WAIT 5.07205 seconds
<INFO 7750bf7012c0> CORE::PHASES 2
<INFO 7750bf7012c0> CORE::TIME::SETUP 0.122097 seconds
<INFO 7750bf7012c0> CORE::TIME::STATE_ITER 0.02145 seconds
<INFO 7750bf7012c0> CORE::TIME::GATHER 1.15 seconds
<INFO 7750bf7012c0> CORE::TIME::SCATTER 6.51901 seconds
<INFO 7750bf7012c0> TIME_IN_PC_FN 0.099911 seconds
<INFO 7750bf7012c0> CORE::TIME::WALL 7.96593 seconds
<INFO 7750bf7012c0> SHUTDOWN
