<INFO 76f4488c12c0> STARTUP
<INFO 76f4488c12c0> CORE::GRAPH soc-LiveJournal1-dir
<INFO 76f4488c12c0> CORE::ALGORITHM pagerank
<INFO 76f4488c12c0> SG-DRIVER-ORIGINAL
<WARNING 76f4488c12c0> Disk count not specified, assuming it to be 1
<INFO 76f4488c12c0> CORE::CONFIG::PROCESSORS 16
<INFO 76f4488c12c0> CORE::CONFIG::PHYSICAL_MEMORY 8589934592
<INFO 76f4488c12c0> CORE::CONFIG::VERTICES 4847571
<INFO 76f4488c12c0> CORE::CONFIG::VERTEX_SIZE 12
<INFO 76f4488c12c0> CORE::CONFIG::VERTEX_BUFFER 58171392
<INFO 76f4488c12c0> CORE::CONFIG::EDGES 68993773
<INFO 76f4488c12c0> CORE::CONFIG::PARTITIONS 128
<INFO 76f4488c12c0> CORE::CONFIG::FANOUT 128
<INFO 76f4488c12c0> CORE::CONFIG::SUPER_PARTITIONS 1
<INFO 76f4488c12c0> CORE::CONFIG::STREAM_UNIT 16777216
<INFO 76f4488c12c0> CORE::CONFIG::BUFFER_SIZE 1702990745
<INFO 76f4488c12c0> CORE::CONFIG::IO_NUMIOQS 1
<INFO 76f4488c12c0> CORE::CONFIG::MAX_BUFFERS 4
<INFO 76f4488c12c0> CORE::CONFIG::MAX_STREAMS 5
<WARNING 76f4488c12c0> No mount point specified for disk0, falling back to current directory
my size is 827925276
<INFO 76f4488c12c0> CORE::PARTITIONS_PROCESSED 157
<INFO 76f4488c12c0> CORE::BYTES::EDGES_STREAMED 1083132636
<INFO 76f4488c12c0> CORE::BYTES::UPDATES_OUT 691914560
<INFO 76f4488c12c0> CORE::BYTES::UPDATES_IN 676699784
<INFO 76f2411f56c0> CORE::PARTITIONS_PROCESSED 166
<INFO 76f2411f56c0> CORE::BYTES::EDGES_STREAMED 1127778780
<INFO 76f2411f56c0> CORE::BYTES::UPDATES_OUT 717559632
<INFO 76f2411f56c0> CORE::BYTES::UPDATES_IN 712275456
<INFO 76f2459fe6c0> CORE::PARTITIONS_PROCESSED 159
<INFO 76f2459fe6c0> CORE::BYTES::EDGES_STREAMED 1110270216
<INFO 76f2459fe6c0> CORE::BYTES::UPDATES_OUT 714198192
<INFO 76f2459fe6c0> CORE::BYTES::UPDATES_IN 687191464
<INFO 76f2421f76c0> CORE::PARTITIONS_PROCESSED 158
<INFO 76f2421f76c0> CORE::BYTES::EDGES_STREAMED 1087304892
<INFO 76f2421f76c0> CORE::BYTES::UPDATES_OUT 699140912
<INFO 76f2421f76c0> CORE::BYTES::UPDATES_IN 675627544
<INFO 76f246a006c0> CORE::PARTITIONS_PROCESSED 164
<INFO 76f246a006c0> CORE::BYTES::EDGES_STREAMED 1196286420
<INFO 76f246a006c0> CORE::BYTES::UPDATES_OUT 762999792
<INFO 76f246a006c0> CORE::BYTES::UPDATES_IN 710832016
<INFO 76f2419f66c0> CORE::PARTITIONS_PROCESSED 171
<INFO 76f2419f66c0> CORE::BYTES::EDGES_STREAMED 1191340692
<INFO 76f2419f66c0> CORE::BYTES::UPDATES_OUT 729457008
<INFO 76f2419f66c0> CORE::BYTES::UPDATES_IN 739381752
<INFO 76f2429f86c0> CORE::PARTITIONS_PROCESSED 155
<INFO 76f2429f86c0> CORE::BYTES::EDGES_STREAMED 1066227372
<INFO 76f2429f86c0> CORE::BYTES::UPDATES_OUT 684891944
<INFO 76f2429f86c0> CORE::BYTES::UPDATES_IN 667623144
<INFO 76f2451fd6c0> CORE::PARTITIONS_PROCESSED 156
<INFO 76f2451fd6c0> CORE::BYTES::EDGES_STREAMED 1189814856
<INFO 76f2451fd6c0> CORE::BYTES::UPDATES_OUT 724192792
<INFO 76f2451fd6c0> CORE::BYTES::UPDATES_IN 673165952
<INFO 76f247a026c0> CORE::PARTITIONS_PROCESSED 153
<INFO 76f247a026c0> CORE::BYTES::EDGES_STREAMED 1087482984
<INFO 76f247a026c0> CORE::BYTES::UPDATES_OUT 699032912
<INFO 76f247a026c0> CORE::BYTES::UPDATES_IN 658668968
<INFO 76f2461ff6c0> CORE::PARTITIONS_PROCESSED 157
<INFO 76f2461ff6c0> CORE::BYTES::EDGES_STREAMED 1074295320
<INFO 76f2461ff6c0> CORE::BYTES::UPDATES_OUT 690373952
<INFO 76f2461ff6c0> CORE::BYTES::UPDATES_IN 680529744
<INFO 76f2441fb6c0> CORE::PARTITIONS_PROCESSED 156
<INFO 76f2441fb6c0> CORE::BYTES::EDGES_STREAMED 1117073376
<INFO 76f2441fb6c0> CORE::BYTES::UPDATES_OUT 714593864
<INFO 76f2441fb6c0> CORE::BYTES::UPDATES_IN 670607904
<INFO 76f2409f46c0> CORE::PARTITIONS_PROCESSED 160
<INFO 76f2409f46c0> CORE::BYTES::EDGES_STREAMED 1115877036
<INFO 76f2409f46c0> CORE::BYTES::UPDATES_OUT 709602384
<INFO 76f2409f46c0> CORE::BYTES::UPDATES_IN 689514192
<INFO 76f2431f96c0> CORE::PARTITIONS_PROCESSED 175
<INFO 76f2431f96c0> CORE::BYTES::EDGES_STREAMED 1263381120
<INFO 76f2431f96c0> CORE::BYTES::UPDATES_OUT 807812280
<INFO 76f2431f96c0> CORE::BYTES::UPDATES_IN 753291280
<INFO 76f2449fc6c0> CORE::PARTITIONS_PROCESSED 154
<INFO 76f2449fc6c0> CORE::BYTES::EDGES_STREAMED 1105494192
<INFO 76f2449fc6c0> CORE::BYTES::UPDATES_OUT 710972344
<INFO 76f2449fc6c0> CORE::BYTES::UPDATES_IN 665687568
<INFO 76f2472016c0> CORE::PARTITIONS_PROCESSED 160
<INFO 76f2472016c0> CORE::BYTES::EDGES_STREAMED 1232521032
<INFO 76f2472016c0> CORE::BYTES::UPDATES_OUT 787275896
<INFO 76f2472016c0> CORE::BYTES::UPDATES_IN 689327048
<INFO 76f2439fa6c0> CORE::PARTITIONS_PROCESSED 159
<INFO 76f2439fa6c0> CORE::BYTES::EDGES_STREAMED 1166075148
<INFO 76f2439fa6c0> CORE::BYTES::UPDATES_OUT 746935400
<INFO 76f2439fa6c0> CORE::BYTES::UPDATES_IN 688579864
<INFO 76f4488c12c0> CORE::RUSAGE::MAX_RSS_KB 8394200
<INFO 76f4488c12c0> CORE::RUSAGE::MINFLT 2097543
<INFO 76f4488c12c0> CORE::RUSAGE::MAJFLT 0
<INFO 76f4488c12c0> CORE::RUSAGE::MAJFLT 0
<INFO 76f4488c12c0> CORE::RUSAGE::INBLK 1617048
<INFO 76f4488c12c0> CORE::RUSAGE::OUBLK 113632
<INFO 76f4488c12c0> CORE::UTILS::BYTES_READ 827928576
<INFO 76f4488c12c0> CORE::UTILS::BYTES_WRITTEN 58171392
<INFO 76f4488c12c0> CORE::TIME::IO_WAIT 2.15252 seconds
<INFO 76f4488c12c0> CORE::PHASES 22
<INFO 76f4488c12c0> CORE::TIME::SETUP 3.45099 seconds
<INFO 76f4488c12c0> CORE::TIME::STATE_ITER 0.316572 seconds
<INFO 76f4488c12c0> CORE::TIME::GATHER 3.4718 seconds
<INFO 76f4488c12c0> CORE::TIME::SCATTER 4.934 seconds
<INFO 76f4488c12c0> TIME_IN_PC_FN 2.2525 seconds
<INFO 76f4488c12c0> CORE::TIME::WALL 12.7896 seconds
<INFO 76f4488c12c0> SHUTDOWN
