<INFO 764b433162c0> STARTUP
<INFO 764b433162c0> CORE::GRAPH soc-LiveJournal1-sym
<INFO 764b433162c0> CORE::ALGORITHM cc
<INFO 764b433162c0> SG-DRIVER-ORIGINAL
<WARNING 764b433162c0> Disk count not specified, assuming it to be 1
<INFO 764b433162c0> CORE::CONFIG::PROCESSORS 16
<INFO 764b433162c0> CORE::CONFIG::PHYSICAL_MEMORY 4294967296
<INFO 764b433162c0> CORE::CONFIG::VERTICES 4847571
<INFO 764b433162c0> CORE::CONFIG::VERTEX_SIZE 13
<INFO 764b433162c0> CORE::CONFIG::VERTEX_BUFFER 63021056
<INFO 764b433162c0> CORE::CONFIG::EDGES 137469164
<INFO 764b433162c0> CORE::CONFIG::PARTITIONS 128
<INFO 764b433162c0> CORE::CONFIG::FANOUT 128
<INFO 764b433162c0> CORE::CONFIG::SUPER_PARTITIONS 1
<INFO 764b433162c0> CORE::CONFIG::STREAM_UNIT 16777216
<INFO 764b433162c0> CORE::CONFIG::BUFFER_SIZE 843027353
<INFO 764b433162c0> CORE::CONFIG::IO_NUMIOQS 1
<INFO 764b433162c0> CORE::CONFIG::MAX_BUFFERS 4
<INFO 764b433162c0> CORE::CONFIG::MAX_STREAMS 5
<WARNING 764b433162c0> No mount point specified for disk0, falling back to current directory
my size is 1649629968
<INFO 764b433162c0> ALGORITHM::CC::CC_COUNT 1876
<INFO 764b433162c0> CORE::PARTITIONS_PROCESSED 119
<INFO 764b433162c0> CORE::BYTES::EDGES_STREAMED 1113278472
<INFO 764b433162c0> CORE::BYTES::UPDATES_OUT 349471368
<INFO 764b433162c0> CORE::BYTES::UPDATES_IN 326075256
<INFO 764a3dbf96c0> CORE::PARTITIONS_PROCESSED 116
<INFO 764a3bbf56c0> CORE::PARTITIONS_PROCESSED 123
<INFO 764a3d3f86c0> CORE::PARTITIONS_PROCESSED 126
<INFO 764a3dbf96c0> CORE::BYTES::EDGES_STREAMED 1063834848
<INFO 764a3d3f86c0> CORE::BYTES::EDGES_STREAMED 1198883832
<INFO 764a3d3f86c0> CORE::BYTES::UPDATES_OUT 304910208
<INFO 764a3dbf96c0> CORE::BYTES::UPDATES_OUT 299781120
<INFO 764a3c3f66c0> CORE::PARTITIONS_PROCESSED 123
<INFO 764a3bbf56c0> CORE::BYTES::EDGES_STREAMED 1084364568
<INFO 764a3dbf96c0> CORE::BYTES::UPDATES_IN 325774184
<INFO 764a3d3f86c0> CORE::BYTES::UPDATES_IN 318721808
<INFO 764a3bbf56c0> CORE::BYTES::UPDATES_OUT 315940248
<INFO 764a3bbf56c0> CORE::BYTES::UPDATES_IN 302451496
<INFO 764a3c3f66c0> CORE::BYTES::EDGES_STREAMED 1134296556
<INFO 764a3c3f66c0> CORE::BYTES::UPDATES_OUT 321888784
<INFO 764a3c3f66c0> CORE::BYTES::UPDATES_IN 314179056
<INFO 764a3f3fc6c0> CORE::PARTITIONS_PROCESSED 108
<INFO 764a3f3fc6c0> CORE::BYTES::EDGES_STREAMED 1163553108
<INFO 764a3f3fc6c0> CORE::BYTES::UPDATES_OUT 315919496
<INFO 764a3f3fc6c0> CORE::BYTES::UPDATES_IN 333263088
<INFO 764a40bff6c0> CORE::PARTITIONS_PROCESSED 141
<INFO 764a41c016c0> CORE::PARTITIONS_PROCESSED 104
<INFO 764a3fbfd6c0> CORE::PARTITIONS_PROCESSED 131
<INFO 764a41c016c0> CORE::BYTES::EDGES_STREAMED 1079325192
<INFO 764a41c016c0> CORE::BYTES::UPDATES_OUT 314999192
<INFO 764a41c016c0> CORE::BYTES::UPDATES_IN 318547432
<INFO 764a3fbfd6c0> CORE::BYTES::EDGES_STREAMED 1090054416
<INFO 764a414006c0> CORE::PARTITIONS_PROCESSED 128
<INFO 764a3fbfd6c0> CORE::BYTES::UPDATES_OUT 302616432
<INFO 764a414006c0> CORE::BYTES::EDGES_STREAMED 1103854620
<INFO 764a40bff6c0> CORE::BYTES::EDGES_STREAMED 1185780336
<INFO 764a40bff6c0> CORE::BYTES::UPDATES_OUT 354445824
<INFO 764a40bff6c0> CORE::BYTES::UPDATES_IN 343354648
<INFO 764a414006c0> CORE::BYTES::UPDATES_OUT 325046208
<INFO 764a414006c0> CORE::BYTES::UPDATES_IN 328614832
<INFO 764a3fbfd6c0> CORE::BYTES::UPDATES_IN 326895512
<INFO 764a3b3f46c0> CORE::PARTITIONS_PROCESSED 124
<INFO 764a3b3f46c0> CORE::BYTES::EDGES_STREAMED 1063260756
<INFO 764a3b3f46c0> CORE::BYTES::UPDATES_OUT 296286600
<INFO 764a3b3f46c0> CORE::BYTES::UPDATES_IN 306270600
<INFO 764a3ebfb6c0> CORE::PARTITIONS_PROCESSED 120
<INFO 764a3ebfb6c0> CORE::BYTES::EDGES_STREAMED 1169266740
<INFO 764a3ebfb6c0> CORE::BYTES::UPDATES_OUT 307649944
<INFO 764a3ebfb6c0> CORE::BYTES::UPDATES_IN 302782752
<INFO 764a3e3fa6c0> CORE::PARTITIONS_PROCESSED 111
<INFO 764a3e3fa6c0> CORE::BYTES::EDGES_STREAMED 1174363872
<INFO 764a3e3fa6c0> CORE::BYTES::UPDATES_OUT 354975216
<INFO 764a3e3fa6c0> CORE::BYTES::UPDATES_IN 300007952
<INFO 764a3cbf76c0> CORE::PARTITIONS_PROCESSED 86
<INFO 764a3cbf76c0> CORE::BYTES::EDGES_STREAMED 1010620272
<INFO 764a3cbf76c0> CORE::BYTES::UPDATES_OUT 306916328
<INFO 764a3cbf76c0> CORE::BYTES::UPDATES_IN 311111992
<INFO 764a403fe6c0> CORE::PARTITIONS_PROCESSED 116
<INFO 764a403fe6c0> CORE::BYTES::EDGES_STREAMED 1131754824
<INFO 764a403fe6c0> CORE::BYTES::UPDATES_OUT 307608816
<INFO 764a403fe6c0> CORE::BYTES::UPDATES_IN 337758736
<INFO 764a424026c0> CORE::PARTITIONS_PROCESSED 119
<INFO 764a424026c0> CORE::BYTES::EDGES_STREAMED 1160844564
<INFO 764a424026c0> CORE::BYTES::UPDATES_OUT 325486752
<INFO 764a424026c0> CORE::BYTES::UPDATES_IN 308133192
<INFO 764b433162c0> CORE::RUSAGE::MAX_RSS_KB 4200228
<INFO 764b433162c0> CORE::RUSAGE::MINFLT 1048947
<INFO 764b433162c0> CORE::RUSAGE::MAJFLT 0
<INFO 764b433162c0> CORE::RUSAGE::MAJFLT 0
<INFO 764b433162c0> CORE::RUSAGE::INBLK 51853840
<INFO 764b433162c0> CORE::RUSAGE::OUBLK 10091784
<INFO 764b433162c0> CORE::UTILS::BYTES_READ 26549166080
<INFO 764b433162c0> CORE::UTILS::BYTES_WRITTEN 5166981120
<INFO 764b433162c0> CORE::TIME::IO_WAIT 87.0316 seconds
<INFO 764b433162c0> CORE::PHASES 13
<INFO 764b433162c0> CORE::TIME::SETUP 1.73385 seconds
<INFO 764b433162c0> CORE::TIME::STATE_ITER 0.018062 seconds
<INFO 764b433162c0> CORE::TIME::GATHER 10.2867 seconds
<INFO 764b433162c0> CORE::TIME::SCATTER 85.26 seconds
<INFO 764b433162c0> TIME_IN_PC_FN 1.55141 seconds
<INFO 764b433162c0> CORE::TIME::WALL 104.438 seconds
<INFO 764b433162c0> SHUTDOWN
