<INFO 78a9ca3602c0> STARTUP
<INFO 78a9ca3602c0> CORE::GRAPH soc-LiveJournal1-dir
<INFO 78a9ca3602c0> CORE::ALGORITHM pagerank
<INFO 78a9ca3602c0> SG-DRIVER-ORIGINAL
<WARNING 78a9ca3602c0> Disk count not specified, assuming it to be 1
<INFO 78a9ca3602c0> CORE::CONFIG::PROCESSORS 16
<INFO 78a9ca3602c0> CORE::CONFIG::PHYSICAL_MEMORY 1073741824
<INFO 78a9ca3602c0> CORE::CONFIG::VERTICES 4847571
<INFO 78a9ca3602c0> CORE::CONFIG::VERTEX_SIZE 12
<INFO 78a9ca3602c0> CORE::CONFIG::VERTEX_BUFFER 58171392
<INFO 78a9ca3602c0> CORE::CONFIG::EDGES 68993773
<INFO 78a9ca3602c0> CORE::CONFIG::PARTITIONS 128
<INFO 78a9ca3602c0> CORE::CONFIG::FANOUT 128
<INFO 78a9ca3602c0> CORE::CONFIG::SUPER_PARTITIONS 1
<INFO 78a9ca3602c0> CORE::CONFIG::STREAM_UNIT 16777216
<INFO 78a9ca3602c0> CORE::CONFIG::BUFFER_SIZE 199752192
<INFO 78a9ca3602c0> CORE::CONFIG::IO_NUMIOQS 1
<INFO 78a9ca3602c0> CORE::CONFIG::MAX_BUFFERS 4
<INFO 78a9ca3602c0> CORE::CONFIG::MAX_STREAMS 5
<WARNING 78a9ca3602c0> No mount point specified for disk0, falling back to current directory
my size is 827925276
<INFO 78a9ca3602c0> CORE::PARTITIONS_PROCESSED 460
<INFO 78a9ca3602c0> CORE::BYTES::EDGES_STREAMED 1102842360
<INFO 78a9ca3602c0> CORE::BYTES::UPDATES_OUT 692893968
<INFO 78a9ca3602c0> CORE::BYTES::UPDATES_IN 659432064
<INFO 78a987c016c0> CORE::PARTITIONS_PROCESSED 474
<INFO 78a9874006c0> CORE::PARTITIONS_PROCESSED 498
<INFO 78a9874006c0> CORE::BYTES::EDGES_STREAMED 1159468644
<INFO 78a9843fa6c0> CORE::PARTITIONS_PROCESSED 470
<INFO 78a9843fa6c0> CORE::BYTES::EDGES_STREAMED 1069403424
<INFO 78a9843fa6c0> CORE::BYTES::UPDATES_OUT 682470024
<INFO 78a9894046c0> CORE::PARTITIONS_PROCESSED 511
<INFO 78a988c036c0> CORE::PARTITIONS_PROCESSED 496
<INFO 78a9894046c0> CORE::BYTES::EDGES_STREAMED 1137684144
<INFO 78a9843fa6c0> CORE::BYTES::UPDATES_IN 671522704
<INFO 78a986bff6c0> CORE::PARTITIONS_PROCESSED 451
<INFO 78a9884026c0> CORE::PARTITIONS_PROCESSED 481
<INFO 78a987c016c0> CORE::BYTES::EDGES_STREAMED 1188098880
<INFO 78a9874006c0> CORE::BYTES::UPDATES_OUT 734542528
<INFO 78a9894046c0> CORE::BYTES::UPDATES_OUT 725787448
<INFO 78a9874006c0> CORE::BYTES::UPDATES_IN 717534440
<INFO 78a9884026c0> CORE::BYTES::EDGES_STREAMED 1146647316
<INFO 78a986bff6c0> CORE::BYTES::EDGES_STREAMED 1168077600
<INFO 78a985bfd6c0> CORE::PARTITIONS_PROCESSED 474
<INFO 78a987c016c0> CORE::BYTES::UPDATES_OUT 758748248
<INFO 78a988c036c0> CORE::BYTES::EDGES_STREAMED 1148186952
<INFO 78a988c036c0> CORE::BYTES::UPDATES_OUT 739452752
<INFO 78a9863fe6c0> CORE::PARTITIONS_PROCESSED 487
<INFO 78a9884026c0> CORE::BYTES::UPDATES_OUT 731819552
<INFO 78a9853fc6c0> CORE::PARTITIONS_PROCESSED 445
<INFO 78a986bff6c0> CORE::BYTES::UPDATES_OUT 745431448
<INFO 78a985bfd6c0> CORE::BYTES::EDGES_STREAMED 1132759836
<INFO 78a9823f66c0> CORE::PARTITIONS_PROCESSED 498
<INFO 78a983bf96c0> CORE::PARTITIONS_PROCESSED 465
<INFO 78a988c036c0> CORE::BYTES::UPDATES_IN 712726936
<INFO 78a9894046c0> CORE::BYTES::UPDATES_IN 739705032
<INFO 78a984bfb6c0> CORE::PARTITIONS_PROCESSED 489
<INFO 78a9853fc6c0> CORE::BYTES::EDGES_STREAMED 1087388256
<INFO 78a9833f86c0> CORE::PARTITIONS_PROCESSED 506
<INFO 78a9863fe6c0> CORE::BYTES::EDGES_STREAMED 1157884332
<INFO 78a983bf96c0> CORE::BYTES::EDGES_STREAMED 1146147072
<INFO 78a983bf96c0> CORE::BYTES::UPDATES_OUT 729992824
<INFO 78a983bf96c0> CORE::BYTES::UPDATES_IN 659713560
<INFO 78a986bff6c0> CORE::BYTES::UPDATES_IN 646900360
<INFO 78a9853fc6c0> CORE::BYTES::UPDATES_OUT 692233104
<INFO 78a9853fc6c0> CORE::BYTES::UPDATES_IN 640457712
<INFO 78a987c016c0> CORE::BYTES::UPDATES_IN 685461616
<INFO 78a984bfb6c0> CORE::BYTES::EDGES_STREAMED 1195293924
<INFO 78a9884026c0> CORE::BYTES::UPDATES_IN 695498704
<INFO 78a9833f86c0> CORE::BYTES::EDGES_STREAMED 1128467664
<INFO 78a9823f66c0> CORE::BYTES::EDGES_STREAMED 1157394300
<INFO 78a9823f66c0> CORE::BYTES::UPDATES_OUT 734906168
<INFO 78a9823f66c0> CORE::BYTES::UPDATES_IN 710975104
<INFO 78a985bfd6c0> CORE::BYTES::UPDATES_OUT 712177912
<INFO 78a982bf76c0> CORE::PARTITIONS_PROCESSED 475
<INFO 78a984bfb6c0> CORE::BYTES::UPDATES_OUT 765158304
<INFO 78a9863fe6c0> CORE::BYTES::UPDATES_OUT 732964456
<INFO 78a9863fe6c0> CORE::BYTES::UPDATES_IN 702005240
<INFO 78a985bfd6c0> CORE::BYTES::UPDATES_IN 681081616
<INFO 78a9833f86c0> CORE::BYTES::UPDATES_OUT 715735248
<INFO 78a982bf76c0> CORE::BYTES::EDGES_STREAMED 1088611368
<INFO 78a9833f86c0> CORE::BYTES::UPDATES_IN 728478176
<INFO 78a982bf76c0> CORE::BYTES::UPDATES_OUT 696639880
<INFO 78a982bf76c0> CORE::BYTES::UPDATES_IN 680026552
<INFO 78a984bfb6c0> CORE::BYTES::UPDATES_IN 707483864
<INFO 78a9ca3602c0> CORE::RUSAGE::MAX_RSS_KB 1054100
<INFO 78a9ca3602c0> CORE::RUSAGE::MINFLT 262520
<INFO 78a9ca3602c0> CORE::RUSAGE::MAJFLT 0
<INFO 78a9ca3602c0> CORE::RUSAGE::MAJFLT 0
<INFO 78a9ca3602c0> CORE::RUSAGE::INBLK 57135696
<INFO 78a9ca3602c0> CORE::RUSAGE::OUBLK 22752312
<INFO 78a9ca3602c0> CORE::UTILS::BYTES_READ 29253476352
<INFO 78a9ca3602c0> CORE::UTILS::BYTES_WRITTEN 11649171456
<INFO 78a9ca3602c0> CORE::TIME::IO_WAIT 116.704 seconds
<INFO 78a9ca3602c0> CORE::PHASES 22
<INFO 78a9ca3602c0> CORE::TIME::SETUP 0.439011 seconds
<INFO 78a9ca3602c0> CORE::TIME::STATE_ITER 0.38433 seconds
<INFO 78a9ca3602c0> CORE::TIME::GATHER 27.4073 seconds
<INFO 78a9ca3602c0> CORE::TIME::SCATTER 105.442 seconds
<INFO 78a9ca3602c0> TIME_IN_PC_FN 2.3978 seconds
<INFO 78a9ca3602c0> CORE::TIME::WALL 134.643 seconds
<INFO 78a9ca3602c0> SHUTDOWN
