<INFO 7c87c32982c0> STARTUP
<INFO 7c87c32982c0> CORE::GRAPH soc-LiveJournal1-dir
<INFO 7c87c32982c0> CORE::ALGORITHM spmv
<INFO 7c87c32982c0> SG-DRIVER-ORIGINAL
<WARNING 7c87c32982c0> Disk count not specified, assuming it to be 1
<INFO 7c87c32982c0> CORE::CONFIG::PROCESSORS 16
<INFO 7c87c32982c0> CORE::CONFIG::PHYSICAL_MEMORY 8589934592
<INFO 7c87c32982c0> CORE::CONFIG::VERTICES 4847571
<INFO 7c87c32982c0> CORE::CONFIG::VERTEX_SIZE 8
<INFO 7c87c32982c0> CORE::CONFIG::VERTEX_BUFFER 38780928
<INFO 7c87c32982c0> CORE::CONFIG::EDGES 68993773
<INFO 7c87c32982c0> CORE::CONFIG::PARTITIONS 128
<INFO 7c87c32982c0> CORE::CONFIG::FANOUT 128
<INFO 7c87c32982c0> CORE::CONFIG::SUPER_PARTITIONS 1
<INFO 7c87c32982c0> CORE::CONFIG::STREAM_UNIT 16777216
<INFO 7c87c32982c0> CORE::CONFIG::BUFFER_SIZE 1706868838
<INFO 7c87c32982c0> CORE::CONFIG::IO_NUMIOQS 1
<INFO 7c87c32982c0> CORE::CONFIG::MAX_BUFFERS 4
<INFO 7c87c32982c0> CORE::CONFIG::MAX_STREAMS 5
<WARNING 7c87c32982c0> No mount point specified for disk0, falling back to current directory
my size is 827925276
<INFO 7c87c32982c0> CORE::PARTITIONS_PROCESSED 16
<INFO 7c87c32982c0> CORE::BYTES::EDGES_STREAMED 90380400
<INFO 7c87c32982c0> CORE::BYTES::UPDATES_OUT 60253600
<INFO 7c87c32982c0> CORE::BYTES::UPDATES_IN 68716944
<INFO 7c85c0bfe6c0> CORE::PARTITIONS_PROCESSED 5
<INFO 7c85c1c006c0> CORE::PARTITIONS_PROCESSED 5
<INFO 7c85c13ff6c0> CORE::PARTITIONS_PROCESSED 8
<INFO 7c85c1c006c0> CORE::BYTES::EDGES_STREAMED 51548064
<INFO 7c85c1c006c0> CORE::BYTES::UPDATES_OUT 34365376
<INFO 7c85c1c006c0> CORE::BYTES::UPDATES_IN 21572544
<INFO 7c85c0bfe6c0> CORE::BYTES::EDGES_STREAMED 32368632
<INFO 7c85c13ff6c0> CORE::BYTES::EDGES_STREAMED 51720816
<INFO 7c85c13ff6c0> CORE::BYTES::UPDATES_OUT 34480544
<INFO 7c85bdbf86c0> CORE::PARTITIONS_PROCESSED 8
<INFO 7c85bd3f76c0> CORE::PARTITIONS_PROCESSED 8
<INFO 7c85bb3f36c0> CORE::PARTITIONS_PROCESSED 8
<INFO 7c85c13ff6c0> CORE::BYTES::UPDATES_IN 34786072
<INFO 7c85bdbf86c0> CORE::BYTES::EDGES_STREAMED 103504128
<INFO 7c85c0bfe6c0> CORE::BYTES::UPDATES_OUT 21579088
<INFO 7c85bd3f76c0> CORE::BYTES::EDGES_STREAMED 45137484
<INFO 7c85bdbf86c0> CORE::BYTES::UPDATES_OUT 69002752
<INFO 7c85c0bfe6c0> CORE::BYTES::UPDATES_IN 21835472
<INFO 7c85bdbf86c0> CORE::BYTES::UPDATES_IN 34525064
<INFO 7c85bb3f36c0> CORE::BYTES::EDGES_STREAMED 64463148
<INFO 7c85bb3f36c0> CORE::BYTES::UPDATES_OUT 42975432
<INFO 7c85bb3f36c0> CORE::BYTES::UPDATES_IN 34525280
<INFO 7c85c24016c0> CORE::PARTITIONS_PROCESSED 6
<INFO 7c85c24016c0> CORE::BYTES::EDGES_STREAMED 51747348
<INFO 7c85c24016c0> CORE::BYTES::UPDATES_OUT 34498232
<INFO 7c85c24016c0> CORE::BYTES::UPDATES_IN 25928160
<INFO 7c85bd3f76c0> CORE::BYTES::UPDATES_OUT 30091656
<INFO 7c85bcbf66c0> CORE::PARTITIONS_PROCESSED 8
<INFO 7c85bcbf66c0> CORE::BYTES::EDGES_STREAMED 51513792
<INFO 7c85bcbf66c0> CORE::BYTES::UPDATES_OUT 34342528
<INFO 7c85bd3f76c0> CORE::BYTES::UPDATES_IN 34449184
<INFO 7c85bcbf66c0> CORE::BYTES::UPDATES_IN 34213784
<INFO 7c85bfbfc6c0> CORE::PARTITIONS_PROCESSED 8
<INFO 7c85bfbfc6c0> CORE::BYTES::EDGES_STREAMED 38768664
<INFO 7c85bfbfc6c0> CORE::BYTES::UPDATES_OUT 25845776
<INFO 7c85bfbfc6c0> CORE::BYTES::UPDATES_IN 34455288
<INFO 7c85bbbf46c0> CORE::PARTITIONS_PROCESSED 16
<INFO 7c85c03fd6c0> CORE::PARTITIONS_PROCESSED 6
<INFO 7c85bbbf46c0> CORE::BYTES::EDGES_STREAMED 32195220
<INFO 7c85bbbf46c0> CORE::BYTES::UPDATES_OUT 21463480
<INFO 7c85bbbf46c0> CORE::BYTES::UPDATES_IN 68599752
<INFO 7c85c03fd6c0> CORE::BYTES::EDGES_STREAMED 52058436
<INFO 7c85c03fd6c0> CORE::BYTES::UPDATES_OUT 34705624
<INFO 7c85c03fd6c0> CORE::BYTES::UPDATES_IN 25851376
<INFO 7c85bebfa6c0> CORE::PARTITIONS_PROCESSED 5
<INFO 7c85bebfa6c0> CORE::BYTES::EDGES_STREAMED 38785248
<INFO 7c85bebfa6c0> CORE::BYTES::UPDATES_OUT 25856832
<INFO 7c85bebfa6c0> CORE::BYTES::UPDATES_IN 21555344
<INFO 7c85be3f96c0> CORE::PARTITIONS_PROCESSED 8
<INFO 7c85be3f96c0> CORE::BYTES::EDGES_STREAMED 32489496
<INFO 7c85be3f96c0> CORE::BYTES::UPDATES_OUT 21659664
<INFO 7c85be3f96c0> CORE::BYTES::UPDATES_IN 34644480
<INFO 7c85bc3f56c0> CORE::PARTITIONS_PROCESSED 5
<INFO 7c85bf3fb6c0> CORE::PARTITIONS_PROCESSED 8
<INFO 7c85bc3f56c0> CORE::BYTES::EDGES_STREAMED 39229068
<INFO 7c85bf3fb6c0> CORE::BYTES::EDGES_STREAMED 52015332
<INFO 7c85bf3fb6c0> CORE::BYTES::UPDATES_OUT 34676888
<INFO 7c85bf3fb6c0> CORE::BYTES::UPDATES_IN 34657904
<INFO 7c85bc3f56c0> CORE::BYTES::UPDATES_OUT 26152712
<INFO 7c85bc3f56c0> CORE::BYTES::UPDATES_IN 21633536
<INFO 7c87c32982c0> CORE::RUSAGE::MAX_RSS_KB 8394128
<INFO 7c87c32982c0> CORE::RUSAGE::MINFLT 2097533
<INFO 7c87c32982c0> CORE::RUSAGE::MAJFLT 0
<INFO 7c87c32982c0> CORE::RUSAGE::MAJFLT 0
<INFO 7c87c32982c0> CORE::RUSAGE::INBLK 1617048
<INFO 7c87c32982c0> CORE::RUSAGE::OUBLK 75760
<INFO 7c87c32982c0> CORE::UTILS::BYTES_READ 827928576
<INFO 7c87c32982c0> CORE::UTILS::BYTES_WRITTEN 38780928
<INFO 7c87c32982c0> CORE::TIME::IO_WAIT 3.20005 seconds
<INFO 7c87c32982c0> CORE::PHASES 2
<INFO 7c87c32982c0> CORE::TIME::SETUP 3.43806 seconds
<INFO 7c87c32982c0> CORE::TIME::STATE_ITER 0.019257 seconds
<INFO 7c87c32982c0> CORE::TIME::GATHER 0.185149 seconds
<INFO 7c87c32982c0> CORE::TIME::SCATTER 3.478 seconds
<INFO 7c87c32982c0> TIME_IN_PC_FN 0.082296 seconds
<INFO 7c87c32982c0> CORE::TIME::WALL 7.27758 seconds
<INFO 7c87c32982c0> SHUTDOWN
