<INFO 7d3b9b69f2c0> STARTUP
<INFO 7d3b9b69f2c0> CORE::GRAPH soc-LiveJournal1-sym
<INFO 7d3b9b69f2c0> CORE::ALGORITHM cc
<INFO 7d3b9b69f2c0> SG-DRIVER-ORIGINAL
<WARNING 7d3b9b69f2c0> Disk count not specified, assuming it to be 1
<INFO 7d3b9b69f2c0> CORE::CONFIG::PROCESSORS 16
<INFO 7d3b9b69f2c0> CORE::CONFIG::PHYSICAL_MEMORY 1073741824
<INFO 7d3b9b69f2c0> CORE::CONFIG::VERTICES 4847571
<INFO 7d3b9b69f2c0> CORE::CONFIG::VERTEX_SIZE 13
<INFO 7d3b9b69f2c0> CORE::CONFIG::VERTEX_BUFFER 63021056
<INFO 7d3b9b69f2c0> CORE::CONFIG::EDGES 137469164
<INFO 7d3b9b69f2c0> CORE::CONFIG::PARTITIONS 128
<INFO 7d3b9b69f2c0> CORE::CONFIG::FANOUT 128
<INFO 7d3b9b69f2c0> CORE::CONFIG::SUPER_PARTITIONS 1
<INFO 7d3b9b69f2c0> CORE::CONFIG::STREAM_UNIT 16777216
<INFO 7d3b9b69f2c0> CORE::CONFIG::BUFFER_SIZE 198782259
<INFO 7d3b9b69f2c0> CORE::CONFIG::IO_NUMIOQS 1
<INFO 7d3b9b69f2c0> CORE::CONFIG::MAX_BUFFERS 4
<INFO 7d3b9b69f2c0> CORE::CONFIG::MAX_STREAMS 5
<WARNING 7d3b9b69f2c0> No mount point specified for disk0, falling back to current directory
my size is 1649629968
<INFO 7d3b9b69f2c0> ALGORITHM::CC::CC_COUNT 1876
<INFO 7d3b9b69f2c0> CORE::PARTITIONS_PROCESSED 255
<INFO 7d3b9b69f2c0> CORE::BYTES::EDGES_STREAMED 1092216144
<INFO 7d3b9b69f2c0> CORE::BYTES::UPDATES_OUT 312487216
<INFO 7d3b9b69f2c0> CORE::BYTES::UPDATES_IN 300097816
<INFO 7d3b53ff86c0> CORE::PARTITIONS_PROCESSED 282
<INFO 7d3b55ffc6c0> CORE::PARTITIONS_PROCESSED 260
<INFO 7d3b577ff6c0> CORE::PARTITIONS_PROCESSED 258
<INFO 7d3b557fb6c0> CORE::PARTITIONS_PROCESSED 282
<INFO 7d3b577ff6c0> CORE::BYTES::EDGES_STREAMED 1092802632
<INFO 7d3b53ff86c0> CORE::BYTES::EDGES_STREAMED 1117410468
<INFO 7d3b590026c0> CORE::PARTITIONS_PROCESSED 250
<INFO 7d3b55ffc6c0> CORE::BYTES::EDGES_STREAMED 1099636332
<INFO 7d3b55ffc6c0> CORE::BYTES::UPDATES_OUT 318631184
<INFO 7d3b55ffc6c0> CORE::BYTES::UPDATES_IN 318163376
<INFO 7d3b557fb6c0> CORE::BYTES::EDGES_STREAMED 1188094224
<INFO 7d3b590026c0> CORE::BYTES::EDGES_STREAMED 1136041824
<INFO 7d3b590026c0> CORE::BYTES::UPDATES_OUT 317332568
<INFO 7d3b577ff6c0> CORE::BYTES::UPDATES_OUT 305578248
<INFO 7d3b577ff6c0> CORE::BYTES::UPDATES_IN 329400360
<INFO 7d3b53ff86c0> CORE::BYTES::UPDATES_OUT 323444144
<INFO 7d3b53ff86c0> CORE::BYTES::UPDATES_IN 335204256
<INFO 7d3b557fb6c0> CORE::BYTES::UPDATES_OUT 325670160
<INFO 7d3b590026c0> CORE::BYTES::UPDATES_IN 305229784
<INFO 7d3b567fd6c0> CORE::PARTITIONS_PROCESSED 285
<INFO 7d3b54ffa6c0> CORE::PARTITIONS_PROCESSED 298
<INFO 7d3b54ffa6c0> CORE::BYTES::EDGES_STREAMED 1174017612
<INFO 7d3b5a8056c0> CORE::PARTITIONS_PROCESSED 299
<INFO 7d3b5a8056c0> CORE::BYTES::EDGES_STREAMED 1122499440
<INFO 7d3b5a8056c0> CORE::BYTES::UPDATES_OUT 338512504
<INFO 7d3b5a8056c0> CORE::BYTES::UPDATES_IN 319132096
<INFO 7d3b547f96c0> CORE::PARTITIONS_PROCESSED 267
<INFO 7d3b537f76c0> CORE::PARTITIONS_PROCESSED 286
<INFO 7d3b56ffe6c0> CORE::PARTITIONS_PROCESSED 268
<INFO 7d3b557fb6c0> CORE::BYTES::UPDATES_IN 327148104
<INFO 7d3b547f96c0> CORE::BYTES::EDGES_STREAMED 1152527616
<INFO 7d3b547f96c0> CORE::BYTES::UPDATES_OUT 333455528
<INFO 7d3b567fd6c0> CORE::BYTES::EDGES_STREAMED 1104824172
<INFO 7d3b56ffe6c0> CORE::BYTES::EDGES_STREAMED 1155574512
<INFO 7d3b537f76c0> CORE::BYTES::EDGES_STREAMED 1101475452
<INFO 7d3b547f96c0> CORE::BYTES::UPDATES_IN 320768224
<INFO 7d3b537f76c0> CORE::BYTES::UPDATES_OUT 322095120
<INFO 7d3b537f76c0> CORE::BYTES::UPDATES_IN 330313640
<INFO 7d3b588016c0> CORE::PARTITIONS_PROCESSED 258
<INFO 7d3b567fd6c0> CORE::BYTES::UPDATES_OUT 308937896
<INFO 7d3b567fd6c0> CORE::BYTES::UPDATES_IN 324357992
<INFO 7d3b56ffe6c0> CORE::BYTES::UPDATES_OUT 336115032
<INFO 7d3b54ffa6c0> CORE::BYTES::UPDATES_OUT 309922384
<INFO 7d3b588016c0> CORE::BYTES::EDGES_STREAMED 1070939652
<INFO 7d3b588016c0> CORE::BYTES::UPDATES_OUT 309505416
<INFO 7d3b588016c0> CORE::BYTES::UPDATES_IN 314895512
<INFO 7d3b54ffa6c0> CORE::BYTES::UPDATES_IN 329996952
<INFO 7d3b56ffe6c0> CORE::BYTES::UPDATES_IN 340534336
<INFO 7d3b598036c0> CORE::PARTITIONS_PROCESSED 267
<INFO 7d3b598036c0> CORE::BYTES::EDGES_STREAMED 1130482956
<INFO 7d3b598036c0> CORE::BYTES::UPDATES_OUT 321554232
<INFO 7d3b598036c0> CORE::BYTES::UPDATES_IN 317314848
<INFO 7d3b580006c0> CORE::PARTITIONS_PROCESSED 251
<INFO 7d3b5a0046c0> CORE::PARTITIONS_PROCESSED 261
<INFO 7d3b580006c0> CORE::BYTES::EDGES_STREAMED 1104763896
<INFO 7d3b5a0046c0> CORE::BYTES::EDGES_STREAMED 1084030044
<INFO 7d3b5a0046c0> CORE::BYTES::UPDATES_OUT 294480376
<INFO 7d3b5a0046c0> CORE::BYTES::UPDATES_IN 294954288
<INFO 7d3b580006c0> CORE::BYTES::UPDATES_OUT 326220528
<INFO 7d3b580006c0> CORE::BYTES::UPDATES_IN 296430952
<INFO 7d3b9b69f2c0> CORE::RUSAGE::MAX_RSS_KB 1053860
<INFO 7d3b9b69f2c0> CORE::RUSAGE::MINFLT 262519
<INFO 7d3b9b69f2c0> CORE::RUSAGE::MAJFLT 0
<INFO 7d3b9b69f2c0> CORE::RUSAGE::MAJFLT 0
<INFO 7d3b9b69f2c0> CORE::RUSAGE::INBLK 51853848
<INFO 7d3b9b69f2c0> CORE::RUSAGE::OUBLK 10091792
<INFO 7d3b9b69f2c0> CORE::UTILS::BYTES_READ 26549170176
<INFO 7d3b9b69f2c0> CORE::UTILS::BYTES_WRITTEN 5166985216
<INFO 7d3b9b69f2c0> CORE::TIME::IO_WAIT 88.6263 seconds
<INFO 7d3b9b69f2c0> CORE::PHASES 13
<INFO 7d3b9b69f2c0> CORE::TIME::SETUP 0.441613 seconds
<INFO 7d3b9b69f2c0> CORE::TIME::STATE_ITER 0.023997 seconds
<INFO 7d3b9b69f2c0> CORE::TIME::GATHER 10.4787 seconds
<INFO 7d3b9b69f2c0> CORE::TIME::SCATTER 91.4931 seconds
<INFO 7d3b9b69f2c0> TIME_IN_PC_FN 1.77475 seconds
<INFO 7d3b9b69f2c0> CORE::TIME::WALL 103.522 seconds
<INFO 7d3b9b69f2c0> SHUTDOWN
