<INFO 7db8348932c0> STARTUP
<INFO 7db8348932c0> CORE::GRAPH soc-LiveJournal1-dir
<INFO 7db8348932c0> CORE::ALGORITHM pagerank
<INFO 7db8348932c0> SG-DRIVER-ORIGINAL
<WARNING 7db8348932c0> Disk count not specified, assuming it to be 1
<INFO 7db8348932c0> CORE::CONFIG::PROCESSORS 16
<INFO 7db8348932c0> CORE::CONFIG::PHYSICAL_MEMORY 67108864
<INFO 7db8348932c0> CORE::CONFIG::VERTICES 4847571
<INFO 7db8348932c0> CORE::CONFIG::VERTEX_SIZE 12
<INFO 7db8348932c0> CORE::CONFIG::VERTEX_BUFFER 29085696
<INFO 7db8348932c0> CORE::CONFIG::EDGES 68993773
<INFO 7db8348932c0> CORE::CONFIG::PARTITIONS 64
<INFO 7db8348932c0> CORE::CONFIG::FANOUT 64
<INFO 7db8348932c0> CORE::CONFIG::SUPER_PARTITIONS 2
<INFO 7db8348932c0> CORE::CONFIG::STREAM_UNIT 2097152
<INFO 7db8348932c0> CORE::CONFIG::BUFFER_SIZE 7179673
<INFO 7db8348932c0> CORE::CONFIG::IO_NUMIOQS 1
<INFO 7db8348932c0> CORE::CONFIG::MAX_BUFFERS 4
<INFO 7db8348932c0> CORE::CONFIG::MAX_STREAMS 5
<WARNING 7db8348932c0> No mount point specified for disk0, falling back to current directory
my size is 827925276
<INFO 7db8348932c0> CORE::PARTITIONS_PROCESSED 5858
<INFO 7db8348932c0> CORE::BYTES::EDGES_STREAMED 1069907928
<INFO 7db8348932c0> CORE::BYTES::UPDATES_OUT 677052160
<INFO 7db8348932c0> CORE::BYTES::UPDATES_IN 645930808
<INFO 7db82b9fc6c0> CORE::PARTITIONS_PROCESSED 5751
<INFO 7db8299f86c0> CORE::PARTITIONS_PROCESSED 6374
<INFO 7db82c9fe6c0> CORE::PARTITIONS_PROCESSED 6466
<INFO 7db82c9fe6c0> CORE::BYTES::EDGES_STREAMED 1144951236
<INFO 7db82c9fe6c0> CORE::BYTES::UPDATES_OUT 722866152
<INFO 7db82b9fc6c0> CORE::BYTES::EDGES_STREAMED 1146724104
<INFO 7db82f2036c0> CORE::PARTITIONS_PROCESSED 6154
<INFO 7db82fa046c0> CORE::PARTITIONS_PROCESSED 6106
<INFO 7db82f2036c0> CORE::BYTES::EDGES_STREAMED 1132138260
<INFO 7db82f2036c0> CORE::BYTES::UPDATES_OUT 716797704
<INFO 7db8299f86c0> CORE::BYTES::EDGES_STREAMED 1131210888
<INFO 7db8299f86c0> CORE::BYTES::UPDATES_OUT 720984520
<INFO 7db8291f76c0> CORE::PARTITIONS_PROCESSED 5901
<INFO 7db82c1fd6c0> CORE::PARTITIONS_PROCESSED 6471
<INFO 7db82c1fd6c0> CORE::BYTES::EDGES_STREAMED 1149359784
<INFO 7db82c1fd6c0> CORE::BYTES::UPDATES_OUT 734542208
<INFO 7db82c1fd6c0> CORE::BYTES::UPDATES_IN 711912320
<INFO 7db82d1ff6c0> CORE::PARTITIONS_PROCESSED 5956
<INFO 7db82c9fe6c0> CORE::BYTES::UPDATES_IN 716149384
<INFO 7db8299f86c0> CORE::BYTES::UPDATES_IN 702598640
<INFO 7db82ea026c0> CORE::PARTITIONS_PROCESSED 6304
<INFO 7db82ea026c0> CORE::BYTES::EDGES_STREAMED 1156981260
<INFO 7db82ea026c0> CORE::BYTES::UPDATES_OUT 741647760
<INFO 7db82ea026c0> CORE::BYTES::UPDATES_IN 698647736
<INFO 7db82b9fc6c0> CORE::BYTES::UPDATES_OUT 726801600
<INFO 7db82b1fb6c0> CORE::PARTITIONS_PROCESSED 6612
<INFO 7db82b1fb6c0> CORE::BYTES::EDGES_STREAMED 1143942468
<INFO 7db82b1fb6c0> CORE::BYTES::UPDATES_OUT 723467624
<INFO 7db82b1fb6c0> CORE::BYTES::UPDATES_IN 733336384
<INFO 7db82d1ff6c0> CORE::BYTES::EDGES_STREAMED 1140124428
<INFO 7db82d1ff6c0> CORE::BYTES::UPDATES_OUT 728758144
<INFO 7db82d1ff6c0> CORE::BYTES::UPDATES_IN 659081656
<INFO 7db82b9fc6c0> CORE::BYTES::UPDATES_IN 637767240
<INFO 7db82f2036c0> CORE::BYTES::UPDATES_IN 679349448
<INFO 7db82da006c0> CORE::PARTITIONS_PROCESSED 6019
<INFO 7db82e2016c0> CORE::PARTITIONS_PROCESSED 6413
<INFO 7db82da006c0> CORE::BYTES::EDGES_STREAMED 1139975208
<INFO 7db82fa046c0> CORE::BYTES::EDGES_STREAMED 1118176596
<INFO 7db82fa046c0> CORE::BYTES::UPDATES_OUT 711015176
<INFO 7db82fa046c0> CORE::BYTES::UPDATES_IN 672749240
<INFO 7db82e2016c0> CORE::BYTES::EDGES_STREAMED 1107071148
<INFO 7db82e2016c0> CORE::BYTES::UPDATES_OUT 707707872
<INFO 7db8289f66c0> CORE::PARTITIONS_PROCESSED 6368
<INFO 7db82e2016c0> CORE::BYTES::UPDATES_IN 711373816
<INFO 7db8289f66c0> CORE::BYTES::EDGES_STREAMED 1134901536
<INFO 7db8289f66c0> CORE::BYTES::UPDATES_OUT 726147416
<INFO 7db8289f66c0> CORE::BYTES::UPDATES_IN 704265264
<INFO 7db82a1f96c0> CORE::PARTITIONS_PROCESSED 6395
<INFO 7db82a9fa6c0> CORE::PARTITIONS_PROCESSED 6692
<INFO 7db82a1f96c0> CORE::BYTES::EDGES_STREAMED 1154312448
<INFO 7db82a9fa6c0> CORE::BYTES::EDGES_STREAMED 1188211296
<INFO 7db82a1f96c0> CORE::BYTES::UPDATES_OUT 738107944
<INFO 7db82a9fa6c0> CORE::BYTES::UPDATES_OUT 751879936
<INFO 7db82a1f96c0> CORE::BYTES::UPDATES_IN 706564592
<INFO 7db82a9fa6c0> CORE::BYTES::UPDATES_IN 740604672
<INFO 7db82da006c0> CORE::BYTES::UPDATES_OUT 727267208
<INFO 7db82da006c0> CORE::BYTES::UPDATES_IN 667955312
<INFO 7db8291f76c0> CORE::BYTES::EDGES_STREAMED 1156367484
<INFO 7db8291f76c0> CORE::BYTES::UPDATES_OUT 735910440
<INFO 7db8291f76c0> CORE::BYTES::UPDATES_IN 650717168
<INFO 7db8348932c0> CORE::RUSAGE::MAX_RSS_KB 71168
<INFO 7db8348932c0> CORE::RUSAGE::MINFLT 16752
<INFO 7db8348932c0> CORE::RUSAGE::MAJFLT 0
<INFO 7db8348932c0> CORE::RUSAGE::MAJFLT 0
<INFO 7db8348932c0> CORE::RUSAGE::INBLK 61138840
<INFO 7db8348932c0> CORE::RUSAGE::OUBLK 26755640
<INFO 7db8348932c0> CORE::UTILS::BYTES_READ 31303086080
<INFO 7db8348932c0> CORE::UTILS::BYTES_WRITTEN 13698875392
<INFO 7db8348932c0> CORE::TIME::IO_WAIT 104.651 seconds
<INFO 7db8348932c0> CORE::PHASES 22
<INFO 7db8348932c0> CORE::TIME::SETUP 0.040153 seconds
<INFO 7db8348932c0> CORE::TIME::STATE_ITER 0.639891 seconds
<INFO 7db8348932c0> CORE::TIME::GATHER 96.5225 seconds
<INFO 7db8348932c0> CORE::TIME::SCATTER 179.065 seconds
<INFO 7db8348932c0> TIME_IN_PC_FN 2.63567 seconds
<INFO 7db8348932c0> CORE::TIME::WALL 298.081 seconds
<INFO 7db8348932c0> SHUTDOWN
