<INFO 7a840baae2c0> STARTUP
<INFO 7a840baae2c0> CORE::GRAPH soc-LiveJournal1-sym
<INFO 7a840baae2c0> CORE::ALGORITHM cc
<INFO 7a840baae2c0> SG-DRIVER-ORIGINAL
<WARNING 7a840baae2c0> Disk count not specified, assuming it to be 1
<INFO 7a840baae2c0> CORE::CONFIG::PROCESSORS 16
<INFO 7a840baae2c0> CORE::CONFIG::PHYSICAL_MEMORY 134217728
<INFO 7a840baae2c0> CORE::CONFIG::VERTICES 4847571
<INFO 7a840baae2c0> CORE::CONFIG::VERTEX_SIZE 13
<INFO 7a840baae2c0> CORE::CONFIG::VERTEX_BUFFER 63021056
<INFO 7a840baae2c0> CORE::CONFIG::EDGES 137469164
<INFO 7a840baae2c0> CORE::CONFIG::PARTITIONS 128
<INFO 7a840baae2c0> CORE::CONFIG::FANOUT 128
<INFO 7a840baae2c0> CORE::CONFIG::SUPER_PARTITIONS 1
<INFO 7a840baae2c0> CORE::CONFIG::STREAM_UNIT 8388608
<INFO 7a840baae2c0> CORE::CONFIG::BUFFER_SIZE 12555161
<INFO 7a840baae2c0> CORE::CONFIG::IO_NUMIOQS 1
<INFO 7a840baae2c0> CORE::CONFIG::MAX_BUFFERS 4
<INFO 7a840baae2c0> CORE::CONFIG::MAX_STREAMS 5
<WARNING 7a840baae2c0> No mount point specified for disk0, falling back to current directory
my size is 1649629968
<INFO 7a840baae2c0> ALGORITHM::CC::CC_COUNT 1876
<INFO 7a840baae2c0> CORE::PARTITIONS_PROCESSED 3492
<INFO 7a840baae2c0> CORE::BYTES::EDGES_STREAMED 910244988
<INFO 7a840baae2c0> CORE::BYTES::UPDATES_OUT 269292488
<INFO 7a840baae2c0> CORE::BYTES::UPDATES_IN 337745584
<INFO 7a83fe3f96c0> CORE::PARTITIONS_PROCESSED 3445
<INFO 7a83fe3f96c0> CORE::BYTES::EDGES_STREAMED 1115138628
<INFO 7a83fe3f96c0> CORE::BYTES::UPDATES_OUT 310575336
<INFO 7a83fe3f96c0> CORE::BYTES::UPDATES_IN 329416024
<INFO 7a84024016c0> CORE::PARTITIONS_PROCESSED 3482
<INFO 7a84024016c0> CORE::BYTES::EDGES_STREAMED 1130002572
<INFO 7a84024016c0> CORE::BYTES::UPDATES_OUT 303411704
<INFO 7a84024016c0> CORE::BYTES::UPDATES_IN 334997168
<INFO 7a83ff3fb6c0> CORE::PARTITIONS_PROCESSED 3124
<INFO 7a83ff3fb6c0> CORE::BYTES::EDGES_STREAMED 1119323472
<INFO 7a83ff3fb6c0> CORE::BYTES::UPDATES_OUT 311146392
<INFO 7a83ff3fb6c0> CORE::BYTES::UPDATES_IN 302881288
<INFO 7a83fbbf46c0> CORE::PARTITIONS_PROCESSED 3483
<INFO 7a83fbbf46c0> CORE::BYTES::EDGES_STREAMED 1051280172
<INFO 7a83fbbf46c0> CORE::BYTES::UPDATES_OUT 313249288
<INFO 7a83fbbf46c0> CORE::BYTES::UPDATES_IN 335974208
<INFO 7a8400bfe6c0> CORE::PARTITIONS_PROCESSED 3199
<INFO 7a83febfa6c0> CORE::PARTITIONS_PROCESSED 3336
<INFO 7a84003fd6c0> CORE::PARTITIONS_PROCESSED 3294
<INFO 7a83fc3f56c0> CORE::PARTITIONS_PROCESSED 3499
<INFO 7a83febfa6c0> CORE::BYTES::EDGES_STREAMED 1124557776
<INFO 7a8402c026c0> CORE::PARTITIONS_PROCESSED 3146
<INFO 7a83fc3f56c0> CORE::BYTES::EDGES_STREAMED 1210394460
<INFO 7a83febfa6c0> CORE::BYTES::UPDATES_OUT 335789056
<INFO 7a8401c006c0> CORE::PARTITIONS_PROCESSED 3530
<INFO 7a8400bfe6c0> CORE::BYTES::EDGES_STREAMED 1184299200
<INFO 7a83fcbf66c0> CORE::PARTITIONS_PROCESSED 3303
<INFO 7a83ffbfc6c0> CORE::PARTITIONS_PROCESSED 2834
<INFO 7a8400bfe6c0> CORE::BYTES::UPDATES_OUT 334188680
<INFO 7a83fc3f56c0> CORE::BYTES::UPDATES_OUT 334527968
<INFO 7a83fc3f56c0> CORE::BYTES::UPDATES_IN 337964008
<INFO 7a83fd3f76c0> CORE::PARTITIONS_PROCESSED 3028
<INFO 7a84013ff6c0> CORE::PARTITIONS_PROCESSED 3322
<INFO 7a83fdbf86c0> CORE::PARTITIONS_PROCESSED 3322
<INFO 7a84013ff6c0> CORE::BYTES::EDGES_STREAMED 1191584748
<INFO 7a8402c026c0> CORE::BYTES::EDGES_STREAMED 1117834284
<INFO 7a83fcbf66c0> CORE::BYTES::EDGES_STREAMED 1110985968
<INFO 7a8401c006c0> CORE::BYTES::EDGES_STREAMED 1097393076
<INFO 7a83ffbfc6c0> CORE::BYTES::EDGES_STREAMED 1118055372
<INFO 7a83ffbfc6c0> CORE::BYTES::UPDATES_OUT 331581728
<INFO 7a83ffbfc6c0> CORE::BYTES::UPDATES_IN 275429552
<INFO 7a84003fd6c0> CORE::BYTES::EDGES_STREAMED 1063557468
<INFO 7a83fdbf86c0> CORE::BYTES::EDGES_STREAMED 1231916280
<INFO 7a83fdbf86c0> CORE::BYTES::UPDATES_OUT 314518000
<INFO 7a83fdbf86c0> CORE::BYTES::UPDATES_IN 319126888
<INFO 7a83fd3f76c0> CORE::BYTES::EDGES_STREAMED 1150768512
<INFO 7a83fd3f76c0> CORE::BYTES::UPDATES_OUT 323311376
<INFO 7a8401c006c0> CORE::BYTES::UPDATES_OUT 306514120
<INFO 7a83fd3f76c0> CORE::BYTES::UPDATES_IN 292846336
<INFO 7a8401c006c0> CORE::BYTES::UPDATES_IN 342473448
<INFO 7a8402c026c0> CORE::BYTES::UPDATES_OUT 317841720
<INFO 7a8402c026c0> CORE::BYTES::UPDATES_IN 302967448
<INFO 7a8400bfe6c0> CORE::BYTES::UPDATES_IN 307392864
<INFO 7a83fcbf66c0> CORE::BYTES::UPDATES_OUT 316857704
<INFO 7a83fcbf66c0> CORE::BYTES::UPDATES_IN 319651520
<INFO 7a84013ff6c0> CORE::BYTES::UPDATES_OUT 342856256
<INFO 7a84013ff6c0> CORE::BYTES::UPDATES_IN 320466784
<INFO 7a84003fd6c0> CORE::BYTES::UPDATES_OUT 338280720
<INFO 7a84003fd6c0> CORE::BYTES::UPDATES_IN 319793240
<INFO 7a83febfa6c0> CORE::BYTES::UPDATES_IN 324816176
<INFO 7a840baae2c0> CORE::RUSAGE::MAX_RSS_KB 136676
<INFO 7a840baae2c0> CORE::RUSAGE::MINFLT 33154
<INFO 7a840baae2c0> CORE::RUSAGE::MAJFLT 0
<INFO 7a840baae2c0> CORE::RUSAGE::MAJFLT 0
<INFO 7a840baae2c0> CORE::RUSAGE::INBLK 51853848
<INFO 7a840baae2c0> CORE::RUSAGE::OUBLK 10091792
<INFO 7a840baae2c0> CORE::UTILS::BYTES_READ 26549170176
<INFO 7a840baae2c0> CORE::UTILS::BYTES_WRITTEN 5166985216
<INFO 7a840baae2c0> CORE::TIME::IO_WAIT 49.1708 seconds
<INFO 7a840baae2c0> CORE::PHASES 13
<INFO 7a840baae2c0> CORE::TIME::SETUP 0.068876 seconds
<INFO 7a840baae2c0> CORE::TIME::STATE_ITER 0.020361 seconds
<INFO 7a840baae2c0> CORE::TIME::GATHER 22.8881 seconds
<INFO 7a840baae2c0> CORE::TIME::SCATTER 116.962 seconds
<INFO 7a840baae2c0> TIME_IN_PC_FN 2.49277 seconds
<INFO 7a840baae2c0> CORE::TIME::WALL 140.373 seconds
<INFO 7a840baae2c0> SHUTDOWN
