<INFO 7b7c360832c0> STARTUP
<INFO 7b7c360832c0> CORE::GRAPH soc-LiveJournal1-dir
<INFO 7b7c360832c0> CORE::ALGORITHM pagerank
<INFO 7b7c360832c0> SG-DRIVER-ORIGINAL
<WARNING 7b7c360832c0> Disk count not specified, assuming it to be 1
<INFO 7b7c360832c0> CORE::CONFIG::PROCESSORS 16
<INFO 7b7c360832c0> CORE::CONFIG::PHYSICAL_MEMORY 536870912
<INFO 7b7c360832c0> CORE::CONFIG::VERTICES 4847571
<INFO 7b7c360832c0> CORE::CONFIG::VERTEX_SIZE 12
<INFO 7b7c360832c0> CORE::CONFIG::VERTEX_BUFFER 58171392
<INFO 7b7c360832c0> CORE::CONFIG::EDGES 68993773
<INFO 7b7c360832c0> CORE::CONFIG::PARTITIONS 128
<INFO 7b7c360832c0> CORE::CONFIG::FANOUT 128
<INFO 7b7c360832c0> CORE::CONFIG::SUPER_PARTITIONS 1
<INFO 7b7c360832c0> CORE::CONFIG::STREAM_UNIT 16777216
<INFO 7b7c360832c0> CORE::CONFIG::BUFFER_SIZE 92378009
<INFO 7b7c360832c0> CORE::CONFIG::IO_NUMIOQS 1
<INFO 7b7c360832c0> CORE::CONFIG::MAX_BUFFERS 4
<INFO 7b7c360832c0> CORE::CONFIG::MAX_STREAMS 5
<WARNING 7b7c360832c0> No mount point specified for disk0, falling back to current directory
my size is 827925276
<INFO 7b7c360832c0> CORE::PARTITIONS_PROCESSED 993
<INFO 7b7c360832c0> CORE::BYTES::EDGES_STREAMED 1135243752
<INFO 7b7c360832c0> CORE::BYTES::UPDATES_OUT 728579184
<INFO 7b7c360832c0> CORE::BYTES::UPDATES_IN 713786568
<INFO 7b7c121fc6c0> CORE::PARTITIONS_PROCESSED 944
<INFO 7b7c121fc6c0> CORE::BYTES::EDGES_STREAMED 1151442456
<INFO 7b7c121fc6c0> CORE::BYTES::UPDATES_OUT 729028512
<INFO 7b7c0f9f76c0> CORE::PARTITIONS_PROCESSED 993
<INFO 7b7c142006c0> CORE::PARTITIONS_PROCESSED 910
<INFO 7b7c0f9f76c0> CORE::BYTES::EDGES_STREAMED 1127684280
<INFO 7b7c0e9f56c0> CORE::PARTITIONS_PROCESSED 963
<INFO 7b7c131fe6c0> CORE::PARTITIONS_PROCESSED 951
<INFO 7b7c131fe6c0> CORE::BYTES::EDGES_STREAMED 1148185644
<INFO 7b7c142006c0> CORE::BYTES::EDGES_STREAMED 1137201912
<INFO 7b7c131fe6c0> CORE::BYTES::UPDATES_OUT 732804856
<INFO 7b7c131fe6c0> CORE::BYTES::UPDATES_IN 685079728
<INFO 7b7c0e9f56c0> CORE::BYTES::EDGES_STREAMED 1114158876
<INFO 7b7c0e1f46c0> CORE::PARTITIONS_PROCESSED 982
<INFO 7b7c121fc6c0> CORE::BYTES::UPDATES_IN 679473408
<INFO 7b7c119fb6c0> CORE::PARTITIONS_PROCESSED 964
<INFO 7b7c0f9f76c0> CORE::BYTES::UPDATES_OUT 716827536
<INFO 7b7c119fb6c0> CORE::BYTES::EDGES_STREAMED 1139788308
<INFO 7b7c152026c0> CORE::PARTITIONS_PROCESSED 947
<INFO 7b7c111fa6c0> CORE::PARTITIONS_PROCESSED 972
<INFO 7b7c0e9f56c0> CORE::BYTES::UPDATES_OUT 713663824
<INFO 7b7c0e9f56c0> CORE::BYTES::UPDATES_IN 688985192
<INFO 7b7c119fb6c0> CORE::BYTES::UPDATES_OUT 723543144
<INFO 7b7c142006c0> CORE::BYTES::UPDATES_OUT 726509728
<INFO 7b7c0e1f46c0> CORE::BYTES::EDGES_STREAMED 1160138184
<INFO 7b7c152026c0> CORE::BYTES::EDGES_STREAMED 1154372184
<INFO 7b7c152026c0> CORE::BYTES::UPDATES_OUT 728246824
<INFO 7b7c129fd6c0> CORE::PARTITIONS_PROCESSED 955
<INFO 7b7c119fb6c0> CORE::BYTES::UPDATES_IN 691150568
<INFO 7b7c0f9f76c0> CORE::BYTES::UPDATES_IN 707903840
<INFO 7b7c129fd6c0> CORE::BYTES::EDGES_STREAMED 1121357808
<INFO 7b7c111fa6c0> CORE::BYTES::EDGES_STREAMED 1085041500
<INFO 7b7c109f96c0> CORE::PARTITIONS_PROCESSED 927
<INFO 7b7c139ff6c0> CORE::PARTITIONS_PROCESSED 907
<INFO 7b7c142006c0> CORE::BYTES::UPDATES_IN 656897664
<INFO 7b7c139ff6c0> CORE::BYTES::EDGES_STREAMED 1116808956
<INFO 7b7c129fd6c0> CORE::BYTES::UPDATES_OUT 717538920
<INFO 7b7c139ff6c0> CORE::BYTES::UPDATES_OUT 709105632
<INFO 7b7c14a016c0> CORE::PARTITIONS_PROCESSED 1007
<INFO 7b7c109f96c0> CORE::BYTES::EDGES_STREAMED 1158775380
<INFO 7b7c0e1f46c0> CORE::BYTES::UPDATES_OUT 736703192
<INFO 7b7c0e1f46c0> CORE::BYTES::UPDATES_IN 706106632
<INFO 7b7c139ff6c0> CORE::BYTES::UPDATES_IN 654754152
<INFO 7b7c101f86c0> CORE::PARTITIONS_PROCESSED 1011
<INFO 7b7c101f86c0> CORE::BYTES::EDGES_STREAMED 1190710848
<INFO 7b7c109f96c0> CORE::BYTES::UPDATES_OUT 736465448
<INFO 7b7c152026c0> CORE::BYTES::UPDATES_IN 679783416
<INFO 7b7c14a016c0> CORE::BYTES::EDGES_STREAMED 1141058148
<INFO 7b7c101f86c0> CORE::BYTES::UPDATES_OUT 754564672
<INFO 7b7c109f96c0> CORE::BYTES::UPDATES_IN 665822840
<INFO 7b7c129fd6c0> CORE::BYTES::UPDATES_IN 686705568
<INFO 7b7c101f86c0> CORE::BYTES::UPDATES_IN 725662656
<INFO 7b7c14a016c0> CORE::BYTES::UPDATES_OUT 722462760
<INFO 7b7c14a016c0> CORE::BYTES::UPDATES_IN 723593576
<INFO 7b7c0f1f66c0> CORE::PARTITIONS_PROCESSED 934
<INFO 7b7c111fa6c0> CORE::BYTES::UPDATES_OUT 696815264
<INFO 7b7c0f1f66c0> CORE::BYTES::EDGES_STREAMED 1132387836
<INFO 7b7c0f1f66c0> CORE::BYTES::UPDATES_OUT 718094368
<INFO 7b7c0f1f66c0> CORE::BYTES::UPDATES_IN 672904120
<INFO 7b7c111fa6c0> CORE::BYTES::UPDATES_IN 700393752
<INFO 7b7c360832c0> CORE::RUSAGE::MAX_RSS_KB 529520
<INFO 7b7c360832c0> CORE::RUSAGE::MINFLT 131452
<INFO 7b7c360832c0> CORE::RUSAGE::MAJFLT 0
<INFO 7b7c360832c0> CORE::RUSAGE::MAJFLT 0
<INFO 7b7c360832c0> CORE::RUSAGE::INBLK 57135696
<INFO 7b7c360832c0> CORE::RUSAGE::OUBLK 22752312
<INFO 7b7c360832c0> CORE::UTILS::BYTES_READ 29253476352
<INFO 7b7c360832c0> CORE::UTILS::BYTES_WRITTEN 11649171456
<INFO 7b7c360832c0> CORE::TIME::IO_WAIT 117.136 seconds
<INFO 7b7c360832c0> CORE::PHASES 22
<INFO 7b7c360832c0> CORE::TIME::SETUP 0.240762 seconds
<INFO 7b7c360832c0> CORE::TIME::STATE_ITER 0.320533 seconds
<INFO 7b7c360832c0> CORE::TIME::GATHER 23.5516 seconds
<INFO 7b7c360832c0> CORE::TIME::SCATTER 114.037 seconds
<INFO 7b7c360832c0> TIME_IN_PC_FN 2.70203 seconds
<INFO 7b7c360832c0> CORE::TIME::WALL 141.063 seconds
<INFO 7b7c360832c0> SHUTDOWN
