<INFO 7b945ccbc2c0> STARTUP
<INFO 7b945ccbc2c0> CORE::GRAPH soc-LiveJournal1-sym
<INFO 7b945ccbc2c0> CORE::ALGORITHM cc
<INFO 7b945ccbc2c0> SG-DRIVER-ORIGINAL
<WARNING 7b945ccbc2c0> Disk count not specified, assuming it to be 1
<INFO 7b945ccbc2c0> CORE::CONFIG::PROCESSORS 16
<INFO 7b945ccbc2c0> CORE::CONFIG::PHYSICAL_MEMORY 268435456
<INFO 7b945ccbc2c0> CORE::CONFIG::VERTICES 4847571
<INFO 7b945ccbc2c0> CORE::CONFIG::VERTEX_SIZE 13
<INFO 7b945ccbc2c0> CORE::CONFIG::VERTEX_BUFFER 63021056
<INFO 7b945ccbc2c0> CORE::CONFIG::EDGES 137469164
<INFO 7b945ccbc2c0> CORE::CONFIG::PARTITIONS 128
<INFO 7b945ccbc2c0> CORE::CONFIG::FANOUT 128
<INFO 7b945ccbc2c0> CORE::CONFIG::SUPER_PARTITIONS 1
<INFO 7b945ccbc2c0> CORE::CONFIG::STREAM_UNIT 16777216
<INFO 7b945ccbc2c0> CORE::CONFIG::BUFFER_SIZE 37720985
<INFO 7b945ccbc2c0> CORE::CONFIG::IO_NUMIOQS 1
<INFO 7b945ccbc2c0> CORE::CONFIG::MAX_BUFFERS 4
<INFO 7b945ccbc2c0> CORE::CONFIG::MAX_STREAMS 5
<WARNING 7b945ccbc2c0> No mount point specified for disk0, falling back to current directory
my size is 1649629968
<INFO 7b945ccbc2c0> ALGORITHM::CC::CC_COUNT 1876
<INFO 7b945ccbc2c0> CORE::PARTITIONS_PROCESSED 1123
<INFO 7b945ccbc2c0> CORE::BYTES::EDGES_STREAMED 1057668972
<INFO 7b945ccbc2c0> CORE::BYTES::UPDATES_OUT 300615216
<INFO 7b945ccbc2c0> CORE::BYTES::UPDATES_IN 325397848
<INFO 7b944b6016c0> CORE::PARTITIONS_PROCESSED 1242
<INFO 7b944b6016c0> CORE::BYTES::EDGES_STREAMED 1135909584
<INFO 7b944b6016c0> CORE::BYTES::UPDATES_OUT 297517496
<INFO 7b944b6016c0> CORE::BYTES::UPDATES_IN 350205848
<INFO 7b9444df46c0> CORE::PARTITIONS_PROCESSED 1165
<INFO 7b94475f96c0> CORE::PARTITIONS_PROCESSED 1119
<INFO 7b9449dfe6c0> CORE::PARTITIONS_PROCESSED 1168
<INFO 7b9446df86c0> CORE::PARTITIONS_PROCESSED 1217
<INFO 7b944a5ff6c0> CORE::PARTITIONS_PROCESSED 1100
<INFO 7b9445df66c0> CORE::PARTITIONS_PROCESSED 1146
<INFO 7b94495fd6c0> CORE::PARTITIONS_PROCESSED 1081
<INFO 7b94465f76c0> CORE::PARTITIONS_PROCESSED 1131
<INFO 7b9444df46c0> CORE::BYTES::EDGES_STREAMED 1142529972
<INFO 7b9444df46c0> CORE::BYTES::UPDATES_OUT 315056256
<INFO 7b9444df46c0> CORE::BYTES::UPDATES_IN 319710184
<INFO 7b944ae006c0> CORE::PARTITIONS_PROCESSED 1090
<INFO 7b9448dfc6c0> CORE::PARTITIONS_PROCESSED 1272
<INFO 7b9447dfa6c0> CORE::PARTITIONS_PROCESSED 1163
<INFO 7b94475f96c0> CORE::BYTES::EDGES_STREAMED 1090834008
<INFO 7b944be026c0> CORE::PARTITIONS_PROCESSED 1162
<INFO 7b944a5ff6c0> CORE::BYTES::EDGES_STREAMED 1098696684
<INFO 7b94455f56c0> CORE::PARTITIONS_PROCESSED 1093
<INFO 7b9445df66c0> CORE::BYTES::EDGES_STREAMED 1154629128
<INFO 7b9449dfe6c0> CORE::BYTES::EDGES_STREAMED 1133348400
<INFO 7b944ae006c0> CORE::BYTES::EDGES_STREAMED 1093753308
<INFO 7b9449dfe6c0> CORE::BYTES::UPDATES_OUT 302340800
<INFO 7b9449dfe6c0> CORE::BYTES::UPDATES_IN 325707368
<INFO 7b94465f76c0> CORE::BYTES::EDGES_STREAMED 1118380548
<INFO 7b94465f76c0> CORE::BYTES::UPDATES_OUT 321347872
<INFO 7b94465f76c0> CORE::BYTES::UPDATES_IN 313906024
<INFO 7b94495fd6c0> CORE::BYTES::EDGES_STREAMED 1122239700
<INFO 7b944be026c0> CORE::BYTES::EDGES_STREAMED 1141389228
<INFO 7b944be026c0> CORE::BYTES::UPDATES_OUT 313372464
<INFO 7b944be026c0> CORE::BYTES::UPDATES_IN 319849616
<INFO 7b9445df66c0> CORE::BYTES::UPDATES_OUT 307455512
<INFO 7b9445df66c0> CORE::BYTES::UPDATES_IN 309065400
<INFO 7b9448dfc6c0> CORE::BYTES::EDGES_STREAMED 1121367660
<INFO 7b9448dfc6c0> CORE::BYTES::UPDATES_OUT 317609176
<INFO 7b9448dfc6c0> CORE::BYTES::UPDATES_IN 350544384
<INFO 7b9447dfa6c0> CORE::BYTES::EDGES_STREAMED 1157980392
<INFO 7b9447dfa6c0> CORE::BYTES::UPDATES_OUT 348340040
<INFO 7b9447dfa6c0> CORE::BYTES::UPDATES_IN 315297008
<INFO 7b9446df86c0> CORE::BYTES::EDGES_STREAMED 1059981732
<INFO 7b9446df86c0> CORE::BYTES::UPDATES_OUT 332634672
<INFO 7b9446df86c0> CORE::BYTES::UPDATES_IN 331060592
<INFO 7b94475f96c0> CORE::BYTES::UPDATES_OUT 339032840
<INFO 7b94475f96c0> CORE::BYTES::UPDATES_IN 298985184
<INFO 7b94495fd6c0> CORE::BYTES::UPDATES_OUT 304175872
<INFO 7b94495fd6c0> CORE::BYTES::UPDATES_IN 302020840
<INFO 7b94485fb6c0> CORE::PARTITIONS_PROCESSED 1135
<INFO 7b94485fb6c0> CORE::BYTES::EDGES_STREAMED 1165603608
<INFO 7b94485fb6c0> CORE::BYTES::UPDATES_OUT 333257312
<INFO 7b94485fb6c0> CORE::BYTES::UPDATES_IN 316898016
<INFO 7b94455f56c0> CORE::BYTES::EDGES_STREAMED 1133024052
<INFO 7b94455f56c0> CORE::BYTES::UPDATES_OUT 335337880
<INFO 7b94455f56c0> CORE::BYTES::UPDATES_IN 309046936
<INFO 7b944ae006c0> CORE::BYTES::UPDATES_OUT 314195088
<INFO 7b944ae006c0> CORE::BYTES::UPDATES_IN 310486592
<INFO 7b944a5ff6c0> CORE::BYTES::UPDATES_OUT 321654040
<INFO 7b944a5ff6c0> CORE::BYTES::UPDATES_IN 305760696
<INFO 7b945ccbc2c0> CORE::RUSAGE::MAX_RSS_KB 267556
<INFO 7b945ccbc2c0> CORE::RUSAGE::MINFLT 65912
<INFO 7b945ccbc2c0> CORE::RUSAGE::MAJFLT 0
<INFO 7b945ccbc2c0> CORE::RUSAGE::MAJFLT 0
<INFO 7b945ccbc2c0> CORE::RUSAGE::INBLK 51853848
<INFO 7b945ccbc2c0> CORE::RUSAGE::OUBLK 10091792
<INFO 7b945ccbc2c0> CORE::UTILS::BYTES_READ 26549170176
<INFO 7b945ccbc2c0> CORE::UTILS::BYTES_WRITTEN 5166985216
<INFO 7b945ccbc2c0> CORE::TIME::IO_WAIT 76.4387 seconds
<INFO 7b945ccbc2c0> CORE::PHASES 13
<INFO 7b945ccbc2c0> CORE::TIME::SETUP 0.128682 seconds
<INFO 7b945ccbc2c0> CORE::TIME::STATE_ITER 0.022994 seconds
<INFO 7b945ccbc2c0> CORE::TIME::GATHER 11.1102 seconds
<INFO 7b945ccbc2c0> CORE::TIME::SCATTER 107.296 seconds
<INFO 7b945ccbc2c0> TIME_IN_PC_FN 2.10733 seconds
<INFO 7b945ccbc2c0> CORE::TIME::WALL 119.28 seconds
<INFO 7b945ccbc2c0> SHUTDOWN
