<INFO 7c0fd8b0c2c0> STARTUP
<INFO 7c0fd8b0c2c0> CORE::GRAPH soc-LiveJournal1-sym
<INFO 7c0fd8b0c2c0> CORE::ALGORITHM cc
<INFO 7c0fd8b0c2c0> SG-DRIVER-ORIGINAL
<WARNING 7c0fd8b0c2c0> Disk count not specified, assuming it to be 1
<INFO 7c0fd8b0c2c0> CORE::CONFIG::PROCESSORS 16
<INFO 7c0fd8b0c2c0> CORE::CONFIG::PHYSICAL_MEMORY 8589934592
<INFO 7c0fd8b0c2c0> CORE::CONFIG::VERTICES 4847571
<INFO 7c0fd8b0c2c0> CORE::CONFIG::VERTEX_SIZE 13
<INFO 7c0fd8b0c2c0> CORE::CONFIG::VERTEX_BUFFER 63021056
<INFO 7c0fd8b0c2c0> CORE::CONFIG::EDGES 137469164
<INFO 7c0fd8b0c2c0> CORE::CONFIG::PARTITIONS 128
<INFO 7c0fd8b0c2c0> CORE::CONFIG::FANOUT 128
<INFO 7c0fd8b0c2c0> CORE::CONFIG::SUPER_PARTITIONS 1
<INFO 7c0fd8b0c2c0> CORE::CONFIG::STREAM_UNIT 16777216
<INFO 7c0fd8b0c2c0> CORE::CONFIG::BUFFER_SIZE 1702020812
<INFO 7c0fd8b0c2c0> CORE::CONFIG::IO_NUMIOQS 1
<INFO 7c0fd8b0c2c0> CORE::CONFIG::MAX_BUFFERS 4
<INFO 7c0fd8b0c2c0> CORE::CONFIG::MAX_STREAMS 5
<WARNING 7c0fd8b0c2c0> No mount point specified for disk0, falling back to current directory
my size is 1649629968
<INFO 7c0fd8b0c2c0> ALGORITHM::CC::CC_COUNT 1876
<INFO 7c0fd8b0c2c0> CORE::PARTITIONS_PROCESSED 76
<INFO 7c0fd8b0c2c0> CORE::BYTES::EDGES_STREAMED 1105535472
<INFO 7c0fd8b0c2c0> CORE::BYTES::UPDATES_OUT 309647104
<INFO 7c0fd8b0c2c0> CORE::BYTES::UPDATES_IN 316893008
<INFO 7c0dd23f86c0> CORE::PARTITIONS_PROCESSED 109
<INFO 7c0dd7c036c0> CORE::PARTITIONS_PROCESSED 68
<INFO 7c0dd13f66c0> CORE::PARTITIONS_PROCESSED 71
<INFO 7c0dd13f66c0> CORE::BYTES::EDGES_STREAMED 1116789756
<INFO 7c0dd23f86c0> CORE::BYTES::EDGES_STREAMED 1113959052
<INFO 7c0dd23f86c0> CORE::BYTES::UPDATES_OUT 317214392
<INFO 7c0dd7c036c0> CORE::BYTES::EDGES_STREAMED 1108277484
<INFO 7c0dd5bff6c0> CORE::PARTITIONS_PROCESSED 87
<INFO 7c0dd23f86c0> CORE::BYTES::UPDATES_IN 315642992
<INFO 7c0dd5bff6c0> CORE::BYTES::EDGES_STREAMED 1124168880
<INFO 7c0dd7c036c0> CORE::BYTES::UPDATES_OUT 310194032
<INFO 7c0dd7c036c0> CORE::BYTES::UPDATES_IN 301861568
<INFO 7c0dd74026c0> CORE::PARTITIONS_PROCESSED 92
<INFO 7c0dd13f66c0> CORE::BYTES::UPDATES_OUT 318040600
<INFO 7c0dd74026c0> CORE::BYTES::EDGES_STREAMED 1106324256
<INFO 7c0dd5bff6c0> CORE::BYTES::UPDATES_OUT 311339664
<INFO 7c0dd33fa6c0> CORE::PARTITIONS_PROCESSED 100
<INFO 7c0dd74026c0> CORE::BYTES::UPDATES_OUT 309983208
<INFO 7c0dd33fa6c0> CORE::BYTES::EDGES_STREAMED 1121715936
<INFO 7c0dd33fa6c0> CORE::BYTES::UPDATES_OUT 318993888
<INFO 7c0dd33fa6c0> CORE::BYTES::UPDATES_IN 320465792
<INFO 7c0dd3bfb6c0> CORE::PARTITIONS_PROCESSED 74
<INFO 7c0dd74026c0> CORE::BYTES::UPDATES_IN 311064208
<INFO 7c0dd3bfb6c0> CORE::BYTES::EDGES_STREAMED 1204641240
<INFO 7c0dd3bfb6c0> CORE::BYTES::UPDATES_OUT 371810816
<INFO 7c0dd2bf96c0> CORE::PARTITIONS_PROCESSED 86
<INFO 7c0dd13f66c0> CORE::BYTES::UPDATES_IN 299386784
<INFO 7c0dd2bf96c0> CORE::BYTES::EDGES_STREAMED 1094301324
<INFO 7c0dd2bf96c0> CORE::BYTES::UPDATES_OUT 310021408
<INFO 7c0dd2bf96c0> CORE::BYTES::UPDATES_IN 311154872
<INFO 7c0dd53fe6c0> CORE::PARTITIONS_PROCESSED 102
<INFO 7c0dd53fe6c0> CORE::BYTES::EDGES_STREAMED 1108986648
<INFO 7c0dd53fe6c0> CORE::BYTES::UPDATES_OUT 310381496
<INFO 7c0dd53fe6c0> CORE::BYTES::UPDATES_IN 310549240
<INFO 7c0dd3bfb6c0> CORE::BYTES::UPDATES_IN 319507072
<INFO 7c0dd4bfd6c0> CORE::PARTITIONS_PROCESSED 94
<INFO 7c0dd4bfd6c0> CORE::BYTES::EDGES_STREAMED 1099949820
<INFO 7c0dd4bfd6c0> CORE::BYTES::UPDATES_OUT 311436368
<INFO 7c0dd4bfd6c0> CORE::BYTES::UPDATES_IN 321273808
<INFO 7c0dd5bff6c0> CORE::BYTES::UPDATES_IN 310342632
<INFO 7c0dd0bf56c0> CORE::PARTITIONS_PROCESSED 77
<INFO 7c0dd0bf56c0> CORE::BYTES::EDGES_STREAMED 1145095704
<INFO 7c0dd0bf56c0> CORE::BYTES::UPDATES_OUT 335767960
<INFO 7c0dd0bf56c0> CORE::BYTES::UPDATES_IN 351361248
<INFO 7c0dd43fc6c0> CORE::PARTITIONS_PROCESSED 100
<INFO 7c0dd43fc6c0> CORE::BYTES::EDGES_STREAMED 1143896280
<INFO 7c0dd43fc6c0> CORE::BYTES::UPDATES_OUT 335460800
<INFO 7c0dd43fc6c0> CORE::BYTES::UPDATES_IN 319613824
<INFO 7c0dd1bf76c0> CORE::PARTITIONS_PROCESSED 83
<INFO 7c0dd1bf76c0> CORE::BYTES::EDGES_STREAMED 1098166656
<INFO 7c0dd1bf76c0> CORE::BYTES::UPDATES_OUT 311143576
<INFO 7c0dd1bf76c0> CORE::BYTES::UPDATES_IN 352473216
<INFO 7c0dd64006c0> CORE::PARTITIONS_PROCESSED 66
<INFO 7c0dd6c016c0> CORE::PARTITIONS_PROCESSED 98
<INFO 7c0dd64006c0> CORE::BYTES::EDGES_STREAMED 1124803824
<INFO 7c0dd6c016c0> CORE::BYTES::EDGES_STREAMED 1110724644
<INFO 7c0dd6c016c0> CORE::BYTES::UPDATES_OUT 311151456
<INFO 7c0dd6c016c0> CORE::BYTES::UPDATES_IN 321056456
<INFO 7c0dd64006c0> CORE::BYTES::UPDATES_OUT 311355768
<INFO 7c0dd64006c0> CORE::BYTES::UPDATES_IN 321295816
<INFO 7c0fd8b0c2c0> CORE::RUSAGE::MAX_RSS_KB 8394108
<INFO 7c0fd8b0c2c0> CORE::RUSAGE::MINFLT 2097538
<INFO 7c0fd8b0c2c0> CORE::RUSAGE::MAJFLT 0
<INFO 7c0fd8b0c2c0> CORE::RUSAGE::MAJFLT 0
<INFO 7c0fd8b0c2c0> CORE::RUSAGE::INBLK 3221936
<INFO 7c0fd8b0c2c0> CORE::RUSAGE::OUBLK 123104
<INFO 7c0fd8b0c2c0> CORE::UTILS::BYTES_READ 1649631232
<INFO 7c0fd8b0c2c0> CORE::UTILS::BYTES_WRITTEN 63021056
<INFO 7c0fd8b0c2c0> CORE::TIME::IO_WAIT 4.411 seconds
<INFO 7c0fd8b0c2c0> CORE::PHASES 13
<INFO 7c0fd8b0c2c0> CORE::TIME::SETUP 3.44203 seconds
<INFO 7c0fd8b0c2c0> CORE::TIME::STATE_ITER 0.022997 seconds
<INFO 7c0fd8b0c2c0> CORE::TIME::GATHER 1.58836 seconds
<INFO 7c0fd8b0c2c0> CORE::TIME::SCATTER 6.39501 seconds
<INFO 7c0fd8b0c2c0> TIME_IN_PC_FN 1.47853 seconds
<INFO 7c0fd8b0c2c0> CORE::TIME::WALL 11.8378 seconds
<INFO 7c0fd8b0c2c0> SHUTDOWN
