<INFO 7589ef9372c0> STARTUP
<INFO 7589ef9372c0> CORE::GRAPH soc-LiveJournal1-sym
<INFO 7589ef9372c0> CORE::ALGORITHM cc
<INFO 7589ef9372c0> SG-DRIVER-ORIGINAL
<WARNING 7589ef9372c0> Disk count not specified, assuming it to be 1
<INFO 7589ef9372c0> CORE::CONFIG::PROCESSORS 16
<INFO 7589ef9372c0> CORE::CONFIG::PHYSICAL_MEMORY 268435456
<INFO 7589ef9372c0> CORE::CONFIG::VERTICES 4847571
<INFO 7589ef9372c0> CORE::CONFIG::VERTEX_SIZE 13
<INFO 7589ef9372c0> CORE::CONFIG::VERTEX_BUFFER 63021056
<INFO 7589ef9372c0> CORE::CONFIG::EDGES 137469164
<INFO 7589ef9372c0> CORE::CONFIG::PARTITIONS 128
<INFO 7589ef9372c0> CORE::CONFIG::FANOUT 128
<INFO 7589ef9372c0> CORE::CONFIG::SUPER_PARTITIONS 1
<INFO 7589ef9372c0> CORE::CONFIG::STREAM_UNIT 16777216
<INFO 7589ef9372c0> CORE::CONFIG::BUFFER_SIZE 37720985
<INFO 7589ef9372c0> CORE::CONFIG::IO_NUMIOQS 1
<INFO 7589ef9372c0> CORE::CONFIG::MAX_BUFFERS 4
<INFO 7589ef9372c0> CORE::CONFIG::MAX_STREAMS 5
<WARNING 7589ef9372c0> No mount point specified for disk0, falling back to current directory
my size is 1649629968
<INFO 7589ef9372c0> ALGORITHM::CC::CC_COUNT 1876
<INFO 7589ef9372c0> CORE::PARTITIONS_PROCESSED 1169
<INFO 7589ef9372c0> CORE::BYTES::EDGES_STREAMED 1079134212
<INFO 7589ef9372c0> CORE::BYTES::UPDATES_OUT 352059352
<INFO 7589ef9372c0> CORE::BYTES::UPDATES_IN 330588224
<INFO 7589d99f86c0> CORE::PARTITIONS_PROCESSED 1170
<INFO 7589d79f46c0> CORE::PARTITIONS_PROCESSED 1026
<INFO 7589d99f86c0> CORE::BYTES::EDGES_STREAMED 1107319908
<INFO 7589d81f56c0> CORE::PARTITIONS_PROCESSED 1179
<INFO 7589d81f56c0> CORE::BYTES::EDGES_STREAMED 1206132912
<INFO 7589d81f56c0> CORE::BYTES::UPDATES_OUT 339369184
<INFO 7589d79f46c0> CORE::BYTES::EDGES_STREAMED 1074352620
<INFO 7589d79f46c0> CORE::BYTES::UPDATES_OUT 305536520
<INFO 7589d99f86c0> CORE::BYTES::UPDATES_OUT 319590992
<INFO 7589d81f56c0> CORE::BYTES::UPDATES_IN 319398656
<INFO 7589dd1ff6c0> CORE::PARTITIONS_PROCESSED 1172
<INFO 7589d79f46c0> CORE::BYTES::UPDATES_IN 282973880
<INFO 7589dea026c0> CORE::PARTITIONS_PROCESSED 1170
<INFO 7589de2016c0> CORE::PARTITIONS_PROCESSED 1140
<INFO 7589de2016c0> CORE::BYTES::EDGES_STREAMED 1156307052
<INFO 7589de2016c0> CORE::BYTES::UPDATES_OUT 323066840
<INFO 7589de2016c0> CORE::BYTES::UPDATES_IN 319654136
<INFO 7589dea026c0> CORE::BYTES::EDGES_STREAMED 1162005384
<INFO 7589dea026c0> CORE::BYTES::UPDATES_OUT 313950632
<INFO 7589dea026c0> CORE::BYTES::UPDATES_IN 313052320
<INFO 7589dda006c0> CORE::PARTITIONS_PROCESSED 1223
<INFO 7589dda006c0> CORE::BYTES::EDGES_STREAMED 1124376144
<INFO 7589dda006c0> CORE::BYTES::UPDATES_OUT 314794160
<INFO 7589dda006c0> CORE::BYTES::UPDATES_IN 340745496
<INFO 7589d89f66c0> CORE::PARTITIONS_PROCESSED 1098
<INFO 7589d89f66c0> CORE::BYTES::EDGES_STREAMED 1095756072
<INFO 7589d89f66c0> CORE::BYTES::UPDATES_OUT 311589752
<INFO 7589d89f66c0> CORE::BYTES::UPDATES_IN 305769864
<INFO 7589db9fc6c0> CORE::PARTITIONS_PROCESSED 1117
<INFO 7589db9fc6c0> CORE::BYTES::EDGES_STREAMED 1157278572
<INFO 7589db9fc6c0> CORE::BYTES::UPDATES_OUT 309392488
<INFO 7589db9fc6c0> CORE::BYTES::UPDATES_IN 308224064
<INFO 7589d99f86c0> CORE::BYTES::UPDATES_IN 328930200
<INFO 7589dd1ff6c0> CORE::BYTES::EDGES_STREAMED 1150034412
<INFO 7589da9fa6c0> CORE::PARTITIONS_PROCESSED 1229
<INFO 7589dd1ff6c0> CORE::BYTES::UPDATES_OUT 313439384
<INFO 7589da9fa6c0> CORE::BYTES::EDGES_STREAMED 1081752288
<INFO 7589da9fa6c0> CORE::BYTES::UPDATES_OUT 304483392
<INFO 7589da9fa6c0> CORE::BYTES::UPDATES_IN 337599656
<INFO 7589dd1ff6c0> CORE::BYTES::UPDATES_IN 320431024
<INFO 7589db1fb6c0> CORE::PARTITIONS_PROCESSED 1046
<INFO 7589db1fb6c0> CORE::BYTES::EDGES_STREAMED 1081523412
<INFO 7589db1fb6c0> CORE::BYTES::UPDATES_OUT 313045504
<INFO 7589db1fb6c0> CORE::BYTES::UPDATES_IN 297871880
<INFO 7589dc1fd6c0> CORE::PARTITIONS_PROCESSED 1205
<INFO 7589d91f76c0> CORE::PARTITIONS_PROCESSED 1075
<INFO 7589dc1fd6c0> CORE::BYTES::EDGES_STREAMED 1114007712
<INFO 7589d91f76c0> CORE::BYTES::EDGES_STREAMED 1111494660
<INFO 7589dc1fd6c0> CORE::BYTES::UPDATES_OUT 320079776
<INFO 7589d91f76c0> CORE::BYTES::UPDATES_OUT 301378288
<INFO 7589dc1fd6c0> CORE::BYTES::UPDATES_IN 330731832
<INFO 7589d91f76c0> CORE::BYTES::UPDATES_IN 305606744
<INFO 7589dc9fe6c0> CORE::PARTITIONS_PROCESSED 1152
<INFO 7589dc9fe6c0> CORE::BYTES::EDGES_STREAMED 1085898168
<INFO 7589dc9fe6c0> CORE::BYTES::UPDATES_OUT 304574288
<INFO 7589dc9fe6c0> CORE::BYTES::UPDATES_IN 310128232
<INFO 7589da1f96c0> CORE::PARTITIONS_PROCESSED 1236
<INFO 7589da1f96c0> CORE::BYTES::EDGES_STREAMED 1139963448
<INFO 7589da1f96c0> CORE::BYTES::UPDATES_OUT 357591984
<INFO 7589da1f96c0> CORE::BYTES::UPDATES_IN 352236328
<INFO 7589ef9372c0> CORE::RUSAGE::MAX_RSS_KB 267600
<INFO 7589ef9372c0> CORE::RUSAGE::MINFLT 65917
<INFO 7589ef9372c0> CORE::RUSAGE::MAJFLT 0
<INFO 7589ef9372c0> CORE::RUSAGE::MAJFLT 0
<INFO 7589ef9372c0> CORE::RUSAGE::INBLK 51853848
<INFO 7589ef9372c0> CORE::RUSAGE::OUBLK 10091792
<INFO 7589ef9372c0> CORE::UTILS::BYTES_READ 26549170176
<INFO 7589ef9372c0> CORE::UTILS::BYTES_WRITTEN 5166985216
<INFO 7589ef9372c0> CORE::TIME::IO_WAIT 76.6815 seconds
<INFO 7589ef9372c0> CORE::PHASES 13
<INFO 7589ef9372c0> CORE::TIME::SETUP 0.124699 seconds
<INFO 7589ef9372c0> CORE::TIME::STATE_ITER 0.026996 seconds
<INFO 7589ef9372c0> CORE::TIME::GATHER 11.313 seconds
<INFO 7589ef9372c0> CORE::TIME::SCATTER 107.077 seconds
<INFO 7589ef9372c0> TIME_IN_PC_FN 2.17165 seconds
<INFO 7589ef9372c0> CORE::TIME::WALL 119.114 seconds
<INFO 7589ef9372c0> SHUTDOWN
