<INFO 7f4f4ba982c0> STARTUP
<INFO 7f4f4ba982c0> CORE::GRAPH soc-LiveJournal1-dir
<INFO 7f4f4ba982c0> CORE::ALGORITHM pagerank
<INFO 7f4f4ba982c0> SG-DRIVER-ORIGINAL
<WARNING 7f4f4ba982c0> Disk count not specified, assuming it to be 1
<INFO 7f4f4ba982c0> CORE::CONFIG::PROCESSORS 16
<INFO 7f4f4ba982c0> CORE::CONFIG::PHYSICAL_MEMORY 8589934592
<INFO 7f4f4ba982c0> CORE::CONFIG::VERTICES 4847571
<INFO 7f4f4ba982c0> CORE::CONFIG::VERTEX_SIZE 12
<INFO 7f4f4ba982c0> CORE::CONFIG::VERTEX_BUFFER 58171392
<INFO 7f4f4ba982c0> CORE::CONFIG::EDGES 68993773
<INFO 7f4f4ba982c0> CORE::CONFIG::PARTITIONS 128
<INFO 7f4f4ba982c0> CORE::CONFIG::FANOUT 128
<INFO 7f4f4ba982c0> CORE::CONFIG::SUPER_PARTITIONS 1
<INFO 7f4f4ba982c0> CORE::CONFIG::STREAM_UNIT 16777216
<INFO 7f4f4ba982c0> CORE::CONFIG::BUFFER_SIZE 1702990745
<INFO 7f4f4ba982c0> CORE::CONFIG::IO_NUMIOQS 1
<INFO 7f4f4ba982c0> CORE::CONFIG::MAX_BUFFERS 4
<INFO 7f4f4ba982c0> CORE::CONFIG::MAX_STREAMS 5
<WARNING 7f4f4ba982c0> No mount point specified for disk0, falling back to current directory
my size is 827925276
<INFO 7f4f4ba982c0> CORE::PARTITIONS_PROCESSED 158
<INFO 7f4f4ba982c0> CORE::BYTES::EDGES_STREAMED 1192094088
<INFO 7f4f4ba982c0> CORE::BYTES::UPDATES_OUT 760362552
<INFO 7f4f4ba982c0> CORE::BYTES::UPDATES_IN 680987176
<INFO 7f4d44bf66c0> CORE::PARTITIONS_PROCESSED 180
<INFO 7f4d44bf66c0> CORE::BYTES::EDGES_STREAMED 1152482604
<INFO 7f4d44bf66c0> CORE::BYTES::UPDATES_OUT 733787696
<INFO 7f4d44bf66c0> CORE::BYTES::UPDATES_IN 778148096
<INFO 7f4d46bfa6c0> CORE::PARTITIONS_PROCESSED 158
<INFO 7f4d483fd6c0> CORE::PARTITIONS_PROCESSED 167
<INFO 7f4d46bfa6c0> CORE::BYTES::EDGES_STREAMED 1120442616
<INFO 7f4d493ff6c0> CORE::PARTITIONS_PROCESSED 166
<INFO 7f4d48bfe6c0> CORE::PARTITIONS_PROCESSED 154
<INFO 7f4d48bfe6c0> CORE::BYTES::EDGES_STREAMED 1116981792
<INFO 7f4d48bfe6c0> CORE::BYTES::UPDATES_OUT 705709448
<INFO 7f4d48bfe6c0> CORE::BYTES::UPDATES_IN 665470184
<INFO 7f4d45bf86c0> CORE::PARTITIONS_PROCESSED 157
<INFO 7f4d4a4016c0> CORE::PARTITIONS_PROCESSED 157
<INFO 7f4d483fd6c0> CORE::BYTES::EDGES_STREAMED 1196079960
<INFO 7f4d483fd6c0> CORE::BYTES::UPDATES_OUT 762897240
<INFO 7f4d483fd6c0> CORE::BYTES::UPDATES_IN 720658368
<INFO 7f4d453f76c0> CORE::PARTITIONS_PROCESSED 157
<INFO 7f4d453f76c0> CORE::BYTES::EDGES_STREAMED 1112856672
<INFO 7f4d46bfa6c0> CORE::BYTES::UPDATES_OUT 716710112
<INFO 7f4d493ff6c0> CORE::BYTES::EDGES_STREAMED 1120545936
<INFO 7f4d463f96c0> CORE::PARTITIONS_PROCESSED 159
<INFO 7f4d493ff6c0> CORE::BYTES::UPDATES_OUT 716817144
<INFO 7f4d493ff6c0> CORE::BYTES::UPDATES_IN 719335976
<INFO 7f4d473fb6c0> CORE::PARTITIONS_PROCESSED 157
<INFO 7f4d473fb6c0> CORE::BYTES::EDGES_STREAMED 1104418092
<INFO 7f4d4ac026c0> CORE::PARTITIONS_PROCESSED 161
<INFO 7f4d4ac026c0> CORE::BYTES::EDGES_STREAMED 1216481208
<INFO 7f4d45bf86c0> CORE::BYTES::EDGES_STREAMED 1137306444
<INFO 7f4d463f96c0> CORE::BYTES::EDGES_STREAMED 1128155892
<INFO 7f4d463f96c0> CORE::BYTES::UPDATES_OUT 717530240
<INFO 7f4d4ac026c0> CORE::BYTES::UPDATES_OUT 772209560
<INFO 7f4d45bf86c0> CORE::BYTES::UPDATES_OUT 723739904
<INFO 7f4d473fb6c0> CORE::BYTES::UPDATES_OUT 697337480
<INFO 7f4d45bf86c0> CORE::BYTES::UPDATES_IN 675925088
<INFO 7f4d473fb6c0> CORE::BYTES::UPDATES_IN 675024552
<INFO 7f4d443f56c0> CORE::PARTITIONS_PROCESSED 158
<INFO 7f4d443f56c0> CORE::BYTES::EDGES_STREAMED 1115291652
<INFO 7f4d443f56c0> CORE::BYTES::UPDATES_OUT 704811472
<INFO 7f4d443f56c0> CORE::BYTES::UPDATES_IN 677970736
<INFO 7f4d49c006c0> CORE::PARTITIONS_PROCESSED 158
<INFO 7f4d49c006c0> CORE::BYTES::EDGES_STREAMED 1138476024
<INFO 7f4d49c006c0> CORE::BYTES::UPDATES_OUT 728763016
<INFO 7f4d49c006c0> CORE::BYTES::UPDATES_IN 684662432
<INFO 7f4d43bf46c0> CORE::PARTITIONS_PROCESSED 159
<INFO 7f4d463f96c0> CORE::BYTES::UPDATES_IN 684720776
<INFO 7f4d43bf46c0> CORE::BYTES::EDGES_STREAMED 1135389024
<INFO 7f4d43bf46c0> CORE::BYTES::UPDATES_OUT 722520288
<INFO 7f4d43bf46c0> CORE::BYTES::UPDATES_IN 685477088
<INFO 7f4d47bfc6c0> CORE::PARTITIONS_PROCESSED 154
<INFO 7f4d47bfc6c0> CORE::BYTES::EDGES_STREAMED 1105177464
<INFO 7f4d47bfc6c0> CORE::BYTES::UPDATES_OUT 706424208
<INFO 7f4d47bfc6c0> CORE::BYTES::UPDATES_IN 665553784
<INFO 7f4d453f76c0> CORE::BYTES::UPDATES_OUT 707593928
<INFO 7f4d4ac026c0> CORE::BYTES::UPDATES_IN 693180832
<INFO 7f4d453f76c0> CORE::BYTES::UPDATES_IN 671325520
<INFO 7f4d4a4016c0> CORE::BYTES::EDGES_STREAMED 1122176604
<INFO 7f4d4a4016c0> CORE::BYTES::UPDATES_OUT 713739576
<INFO 7f4d4a4016c0> CORE::BYTES::UPDATES_IN 676614632
<INFO 7f4d46bfa6c0> CORE::BYTES::UPDATES_IN 683948440
<INFO 7f4f4ba982c0> CORE::RUSAGE::MAX_RSS_KB 8393980
<INFO 7f4f4ba982c0> CORE::RUSAGE::MINFLT 2097538
<INFO 7f4f4ba982c0> CORE::RUSAGE::MAJFLT 0
<INFO 7f4f4ba982c0> CORE::RUSAGE::MAJFLT 0
<INFO 7f4f4ba982c0> CORE::RUSAGE::INBLK 1617048
<INFO 7f4f4ba982c0> CORE::RUSAGE::OUBLK 113632
<INFO 7f4f4ba982c0> CORE::UTILS::BYTES_READ 827928576
<INFO 7f4f4ba982c0> CORE::UTILS::BYTES_WRITTEN 58171392
<INFO 7f4f4ba982c0> CORE::TIME::IO_WAIT 3.86813 seconds
<INFO 7f4f4ba982c0> CORE::PHASES 22
<INFO 7f4f4ba982c0> CORE::TIME::SETUP 3.43901 seconds
<INFO 7f4f4ba982c0> CORE::TIME::STATE_ITER 0.315046 seconds
<INFO 7f4f4ba982c0> CORE::TIME::GATHER 3.48175 seconds
<INFO 7f4f4ba982c0> CORE::TIME::SCATTER 6.613 seconds
<INFO 7f4f4ba982c0> TIME_IN_PC_FN 2.23406 seconds
<INFO 7f4f4ba982c0> CORE::TIME::WALL 14.4846 seconds
<INFO 7f4f4ba982c0> SHUTDOWN
