<INFO 76c5d16e72c0> STARTUP
<INFO 76c5d16e72c0> CORE::GRAPH soc-LiveJournal1-dir
<INFO 76c5d16e72c0> CORE::ALGORITHM pagerank
<INFO 76c5d16e72c0> SG-DRIVER-ORIGINAL
<WARNING 76c5d16e72c0> Disk count not specified, assuming it to be 1
<INFO 76c5d16e72c0> CORE::CONFIG::PROCESSORS 16
<INFO 76c5d16e72c0> CORE::CONFIG::PHYSICAL_MEMORY 4294967296
<INFO 76c5d16e72c0> CORE::CONFIG::VERTICES 4847571
<INFO 76c5d16e72c0> CORE::CONFIG::VERTEX_SIZE 12
<INFO 76c5d16e72c0> CORE::CONFIG::VERTEX_BUFFER 58171392
<INFO 76c5d16e72c0> CORE::CONFIG::EDGES 68993773
<INFO 76c5d16e72c0> CORE::CONFIG::PARTITIONS 128
<INFO 76c5d16e72c0> CORE::CONFIG::FANOUT 128
<INFO 76c5d16e72c0> CORE::CONFIG::SUPER_PARTITIONS 1
<INFO 76c5d16e72c0> CORE::CONFIG::STREAM_UNIT 16777216
<INFO 76c5d16e72c0> CORE::CONFIG::BUFFER_SIZE 843997286
<INFO 76c5d16e72c0> CORE::CONFIG::IO_NUMIOQS 1
<INFO 76c5d16e72c0> CORE::CONFIG::MAX_BUFFERS 4
<INFO 76c5d16e72c0> CORE::CONFIG::MAX_STREAMS 5
<WARNING 76c5d16e72c0> No mount point specified for disk0, falling back to current directory
my size is 827925276
<INFO 76c5d16e72c0> CORE::PARTITIONS_PROCESSED 160
<INFO 76c5d16e72c0> CORE::BYTES::EDGES_STREAMED 1140494544
<INFO 76c5d16e72c0> CORE::BYTES::UPDATES_OUT 721703640
<INFO 76c5d16e72c0> CORE::BYTES::UPDATES_IN 689282768
<INFO 76c4ccffa6c0> CORE::PARTITIONS_PROCESSED 161
<INFO 76c4caff66c0> CORE::PARTITIONS_PROCESSED 172
<INFO 76c4d00006c0> CORE::PARTITIONS_PROCESSED 160
<INFO 76c4c97f36c0> CORE::PARTITIONS_PROCESSED 160
<INFO 76c4d00006c0> CORE::BYTES::EDGES_STREAMED 1135059552
<INFO 76c4caff66c0> CORE::BYTES::EDGES_STREAMED 1132247160
<INFO 76c4ca7f56c0> CORE::PARTITIONS_PROCESSED 156
<INFO 76c4d08016c0> CORE::PARTITIONS_PROCESSED 160
<INFO 76c4ca7f56c0> CORE::BYTES::EDGES_STREAMED 1139623320
<INFO 76c4d00006c0> CORE::BYTES::UPDATES_OUT 722310624
<INFO 76c4ca7f56c0> CORE::BYTES::UPDATES_OUT 725214840
<INFO 76c4caff66c0> CORE::BYTES::UPDATES_OUT 720520920
<INFO 76c4ccffa6c0> CORE::BYTES::EDGES_STREAMED 1136508384
<INFO 76c4caff66c0> CORE::BYTES::UPDATES_IN 736186632
<INFO 76c4d00006c0> CORE::BYTES::UPDATES_IN 689440952
<INFO 76c4ca7f56c0> CORE::BYTES::UPDATES_IN 674778864
<INFO 76c4c97f36c0> CORE::BYTES::EDGES_STREAMED 1135389024
<INFO 76c4ceffe6c0> CORE::PARTITIONS_PROCESSED 159
<INFO 76c4d08016c0> CORE::BYTES::EDGES_STREAMED 1132736856
<INFO 76c4ceffe6c0> CORE::BYTES::EDGES_STREAMED 1146090228
<INFO 76c4c97f36c0> CORE::BYTES::UPDATES_OUT 722520288
<INFO 76c4ccffa6c0> CORE::BYTES::UPDATES_OUT 723232608
<INFO 76c4ccffa6c0> CORE::BYTES::UPDATES_IN 692130280
<INFO 76c4c97f36c0> CORE::BYTES::UPDATES_IN 689838088
<INFO 76c4ceffe6c0> CORE::BYTES::UPDATES_OUT 725201232
<INFO 76c4ceffe6c0> CORE::BYTES::UPDATES_IN 689290752
<INFO 76c4ce7fd6c0> CORE::PARTITIONS_PROCESSED 160
<INFO 76c4ce7fd6c0> CORE::BYTES::EDGES_STREAMED 1142755680
<INFO 76c4ce7fd6c0> CORE::BYTES::UPDATES_OUT 727208160
<INFO 76c4ce7fd6c0> CORE::BYTES::UPDATES_IN 691297008
<INFO 76c4cb7f76c0> CORE::PARTITIONS_PROCESSED 159
<INFO 76c4cb7f76c0> CORE::BYTES::EDGES_STREAMED 1137324936
<INFO 76c4cb7f76c0> CORE::BYTES::UPDATES_OUT 723752232
<INFO 76c4cb7f76c0> CORE::BYTES::UPDATES_IN 684505824
<INFO 76c4d08016c0> CORE::BYTES::UPDATES_OUT 724898160
<INFO 76c4d08016c0> CORE::BYTES::UPDATES_IN 688964168
<INFO 76c4cc7f96c0> CORE::PARTITIONS_PROCESSED 157
<INFO 76c4cc7f96c0> CORE::BYTES::EDGES_STREAMED 1140333432
<INFO 76c4cc7f96c0> CORE::BYTES::UPDATES_OUT 729817872
<INFO 76c4cc7f96c0> CORE::BYTES::UPDATES_IN 679875640
<INFO 76c4cf7ff6c0> CORE::PARTITIONS_PROCESSED 160
<INFO 76c4cf7ff6c0> CORE::BYTES::EDGES_STREAMED 1137838416
<INFO 76c4cf7ff6c0> CORE::BYTES::UPDATES_OUT 724078992
<INFO 76c4cf7ff6c0> CORE::BYTES::UPDATES_IN 693130424
<INFO 76c4c9ff46c0> CORE::PARTITIONS_PROCESSED 160
<INFO 76c4c9ff46c0> CORE::BYTES::EDGES_STREAMED 1134500400
<INFO 76c4c9ff46c0> CORE::BYTES::UPDATES_OUT 721954800
<INFO 76c4c9ff46c0> CORE::BYTES::UPDATES_IN 686515000
<INFO 76c4cd7fb6c0> CORE::PARTITIONS_PROCESSED 158
<INFO 76c4cd7fb6c0> CORE::BYTES::EDGES_STREAMED 1144337304
<INFO 76c4cd7fb6c0> CORE::BYTES::UPDATES_OUT 728214648
<INFO 76c4cd7fb6c0> CORE::BYTES::UPDATES_IN 682985568
<INFO 76c4cbff86c0> CORE::PARTITIONS_PROCESSED 159
<INFO 76c4cbff86c0> CORE::BYTES::EDGES_STREAMED 1140931704
<INFO 76c4cbff86c0> CORE::BYTES::UPDATES_OUT 726047448
<INFO 76c4cbff86c0> CORE::BYTES::UPDATES_IN 684547992
<INFO 76c4cdffc6c0> CORE::PARTITIONS_PROCESSED 159
<INFO 76c4cdffc6c0> CORE::BYTES::EDGES_STREAMED 1138185132
<INFO 76c4cdffc6c0> CORE::BYTES::UPDATES_OUT 724277400
<INFO 76c4cdffc6c0> CORE::BYTES::UPDATES_IN 686233720
<INFO 76c5d16e72c0> CORE::RUSAGE::MAX_RSS_KB 4199952
<INFO 76c5d16e72c0> CORE::RUSAGE::MINFLT 1048966
<INFO 76c5d16e72c0> CORE::RUSAGE::MAJFLT 0
<INFO 76c5d16e72c0> CORE::RUSAGE::MAJFLT 0
<INFO 76c5d16e72c0> CORE::RUSAGE::INBLK 1617048
<INFO 76c5d16e72c0> CORE::RUSAGE::OUBLK 113632
<INFO 76c5d16e72c0> CORE::UTILS::BYTES_READ 827928576
<INFO 76c5d16e72c0> CORE::UTILS::BYTES_WRITTEN 58171392
<INFO 76c5d16e72c0> CORE::TIME::IO_WAIT 2.48206 seconds
<INFO 76c5d16e72c0> CORE::PHASES 22
<INFO 76c5d16e72c0> CORE::TIME::SETUP 1.72076 seconds
<INFO 76c5d16e72c0> CORE::TIME::STATE_ITER 0.287249 seconds
<INFO 76c5d16e72c0> CORE::TIME::GATHER 3.36687 seconds
<INFO 76c5d16e72c0> CORE::TIME::SCATTER 5.012 seconds
<INFO 76c5d16e72c0> TIME_IN_PC_FN 2.27693 seconds
<INFO 76c5d16e72c0> CORE::TIME::WALL 10.9183 seconds
<INFO 76c5d16e72c0> SHUTDOWN
