<INFO 7511b168c2c0> STARTUP
<INFO 7511b168c2c0> CORE::GRAPH soc-LiveJournal1-dir
<INFO 7511b168c2c0> CORE::ALGORITHM spmv
<INFO 7511b168c2c0> SG-DRIVER-ORIGINAL
<WARNING 7511b168c2c0> Disk count not specified, assuming it to be 1
<INFO 7511b168c2c0> CORE::CONFIG::PROCESSORS 16
<INFO 7511b168c2c0> CORE::CONFIG::PHYSICAL_MEMORY 536870912
<INFO 7511b168c2c0> CORE::CONFIG::VERTICES 4847571
<INFO 7511b168c2c0> CORE::CONFIG::VERTEX_SIZE 8
<INFO 7511b168c2c0> CORE::CONFIG::VERTEX_BUFFER 38780928
<INFO 7511b168c2c0> CORE::CONFIG::EDGES 68993773
<INFO 7511b168c2c0> CORE::CONFIG::PARTITIONS 128
<INFO 7511b168c2c0> CORE::CONFIG::FANOUT 128
<INFO 7511b168c2c0> CORE::CONFIG::SUPER_PARTITIONS 1
<INFO 7511b168c2c0> CORE::CONFIG::STREAM_UNIT 16777216
<INFO 7511b168c2c0> CORE::CONFIG::BUFFER_SIZE 96256102
<INFO 7511b168c2c0> CORE::CONFIG::IO_NUMIOQS 1
<INFO 7511b168c2c0> CORE::CONFIG::MAX_BUFFERS 4
<INFO 7511b168c2c0> CORE::CONFIG::MAX_STREAMS 5
<WARNING 7511b168c2c0> No mount point specified for disk0, falling back to current directory
my size is 827925276
<INFO 7511b168c2c0> CORE::PARTITIONS_PROCESSED 35
<INFO 7511b168c2c0> CORE::BYTES::EDGES_STREAMED 48128208
<INFO 7511b168c2c0> CORE::BYTES::UPDATES_OUT 32085472
<INFO 7511b168c2c0> CORE::BYTES::UPDATES_IN 25687760
<INFO 75118effe6c0> CORE::PARTITIONS_PROCESSED 44
<INFO 75118d7fb6c0> CORE::PARTITIONS_PROCESSED 40
<INFO 75118a7f56c0> CORE::PARTITIONS_PROCESSED 72
<INFO 75118b7f76c0> CORE::PARTITIONS_PROCESSED 32
<INFO 75118a7f56c0> CORE::BYTES::EDGES_STREAMED 59445096
<INFO 75118a7f56c0> CORE::BYTES::UPDATES_OUT 39630064
<INFO 75118b7f76c0> CORE::BYTES::EDGES_STREAMED 51981036
<INFO 75118cffa6c0> CORE::PARTITIONS_PROCESSED 46
<INFO 75118aff66c0> CORE::PARTITIONS_PROCESSED 71
<INFO 75118a7f56c0> CORE::BYTES::UPDATES_IN 52326056
<INFO 75118cffa6c0> CORE::BYTES::EDGES_STREAMED 42985944
<INFO 75118effe6c0> CORE::BYTES::EDGES_STREAMED 46132824
<INFO 75118d7fb6c0> CORE::BYTES::EDGES_STREAMED 47983608
<INFO 75118aff66c0> CORE::BYTES::EDGES_STREAMED 52726320
<INFO 75118aff66c0> CORE::BYTES::UPDATES_OUT 35150880
<INFO 75118cffa6c0> CORE::BYTES::UPDATES_OUT 28657296
<INFO 751189ff46c0> CORE::PARTITIONS_PROCESSED 45
<INFO 75118e7fd6c0> CORE::PARTITIONS_PROCESSED 49
<INFO 7511897f36c0> CORE::PARTITIONS_PROCESSED 55
<INFO 751189ff46c0> CORE::BYTES::EDGES_STREAMED 52164456
<INFO 75118aff66c0> CORE::BYTES::UPDATES_IN 51453992
<INFO 75118b7f76c0> CORE::BYTES::UPDATES_OUT 34654024
<INFO 75118dffc6c0> CORE::PARTITIONS_PROCESSED 48
<INFO 75118b7f76c0> CORE::BYTES::UPDATES_IN 22581232
<INFO 75118d7fb6c0> CORE::BYTES::UPDATES_OUT 31989072
<INFO 75118dffc6c0> CORE::BYTES::EDGES_STREAMED 51217296
<INFO 75118cffa6c0> CORE::BYTES::UPDATES_IN 32701448
<INFO 7511897f36c0> CORE::BYTES::EDGES_STREAMED 62795976
<INFO 75118d7fb6c0> CORE::BYTES::UPDATES_IN 28783080
<INFO 75118dffc6c0> CORE::BYTES::UPDATES_OUT 34144864
<INFO 75118dffc6c0> CORE::BYTES::UPDATES_IN 34721288
<INFO 7511897f36c0> CORE::BYTES::UPDATES_OUT 41863984
<INFO 7511897f36c0> CORE::BYTES::UPDATES_IN 39795192
<INFO 75118effe6c0> CORE::BYTES::UPDATES_OUT 30755216
<INFO 75118effe6c0> CORE::BYTES::UPDATES_IN 31844408
<INFO 75118c7f96c0> CORE::PARTITIONS_PROCESSED 52
<INFO 751189ff46c0> CORE::BYTES::UPDATES_OUT 34776304
<INFO 75118c7f96c0> CORE::BYTES::EDGES_STREAMED 41217312
<INFO 75118c7f96c0> CORE::BYTES::UPDATES_OUT 27478208
<INFO 75118c7f96c0> CORE::BYTES::UPDATES_IN 37496736
<INFO 751189ff46c0> CORE::BYTES::UPDATES_IN 32326896
<INFO 75118bff86c0> CORE::PARTITIONS_PROCESSED 48
<INFO 75118bff86c0> CORE::BYTES::EDGES_STREAMED 51547644
<INFO 75118bff86c0> CORE::BYTES::UPDATES_OUT 34365096
<INFO 75118bff86c0> CORE::BYTES::UPDATES_IN 34645608
<INFO 75118e7fd6c0> CORE::BYTES::EDGES_STREAMED 57123492
<INFO 7511908016c0> CORE::PARTITIONS_PROCESSED 44
<INFO 75118e7fd6c0> CORE::BYTES::UPDATES_OUT 38082328
<INFO 75118f7ff6c0> CORE::PARTITIONS_PROCESSED 47
<INFO 75118e7fd6c0> CORE::BYTES::UPDATES_IN 35591120
<INFO 7511900006c0> CORE::PARTITIONS_PROCESSED 40
<INFO 75118f7ff6c0> CORE::BYTES::EDGES_STREAMED 54221100
<INFO 75118f7ff6c0> CORE::BYTES::UPDATES_OUT 36147400
<INFO 75118f7ff6c0> CORE::BYTES::UPDATES_IN 32510400
<INFO 7511900006c0> CORE::BYTES::EDGES_STREAMED 52303140
<INFO 7511900006c0> CORE::BYTES::UPDATES_OUT 34868760
<INFO 7511900006c0> CORE::BYTES::UPDATES_IN 28282288
<INFO 7511908016c0> CORE::BYTES::EDGES_STREAMED 55951824
<INFO 7511908016c0> CORE::BYTES::UPDATES_OUT 37301216
<INFO 7511908016c0> CORE::BYTES::UPDATES_IN 31202680
<INFO 7511b168c2c0> CORE::RUSAGE::MAX_RSS_KB 529596
<INFO 7511b168c2c0> CORE::RUSAGE::MINFLT 131452
<INFO 7511b168c2c0> CORE::RUSAGE::MAJFLT 0
<INFO 7511b168c2c0> CORE::RUSAGE::MAJFLT 0
<INFO 7511b168c2c0> CORE::RUSAGE::INBLK 4312128
<INFO 7511b168c2c0> CORE::RUSAGE::OUBLK 1153792
<INFO 7511b168c2c0> CORE::UTILS::BYTES_READ 2207809536
<INFO 7511b168c2c0> CORE::UTILS::BYTES_WRITTEN 590733312
<INFO 7511b168c2c0> CORE::TIME::IO_WAIT 7.49274 seconds
<INFO 7511b168c2c0> CORE::PHASES 2
<INFO 7511b168c2c0> CORE::TIME::SETUP 0.230033 seconds
<INFO 7511b168c2c0> CORE::TIME::STATE_ITER 0.021002 seconds
<INFO 7511b168c2c0> CORE::TIME::GATHER 1.114 seconds
<INFO 7511b168c2c0> CORE::TIME::SCATTER 7.766 seconds
<INFO 7511b168c2c0> TIME_IN_PC_FN 0.090497 seconds
<INFO 7511b168c2c0> CORE::TIME::WALL 9.43111 seconds
<INFO 7511b168c2c0> SHUTDOWN
