<INFO 7fa4d94992c0> STARTUP
<INFO 7fa4d94992c0> CORE::GRAPH soc-LiveJournal1-dir
<INFO 7fa4d94992c0> CORE::ALGORITHM pagerank
<INFO 7fa4d94992c0> SG-DRIVER-ORIGINAL
<WARNING 7fa4d94992c0> Disk count not specified, assuming it to be 1
<INFO 7fa4d94992c0> CORE::CONFIG::PROCESSORS 16
<INFO 7fa4d94992c0> CORE::CONFIG::PHYSICAL_MEMORY 4294967296
<INFO 7fa4d94992c0> CORE::CONFIG::VERTICES 4847571
<INFO 7fa4d94992c0> CORE::CONFIG::VERTEX_SIZE 12
<INFO 7fa4d94992c0> CORE::CONFIG::VERTEX_BUFFER 58171392
<INFO 7fa4d94992c0> CORE::CONFIG::EDGES 68993773
<INFO 7fa4d94992c0> CORE::CONFIG::PARTITIONS 128
<INFO 7fa4d94992c0> CORE::CONFIG::FANOUT 128
<INFO 7fa4d94992c0> CORE::CONFIG::SUPER_PARTITIONS 1
<INFO 7fa4d94992c0> CORE::CONFIG::STREAM_UNIT 16777216
<INFO 7fa4d94992c0> CORE::CONFIG::BUFFER_SIZE 843997286
<INFO 7fa4d94992c0> CORE::CONFIG::IO_NUMIOQS 1
<INFO 7fa4d94992c0> CORE::CONFIG::MAX_BUFFERS 4
<INFO 7fa4d94992c0> CORE::CONFIG::MAX_STREAMS 5
<WARNING 7fa4d94992c0> No mount point specified for disk0, falling back to current directory
my size is 827925276
<INFO 7fa4d94992c0> CORE::PARTITIONS_PROCESSED 160
<INFO 7fa4d94992c0> CORE::BYTES::EDGES_STREAMED 1134105720
<INFO 7fa4d94992c0> CORE::BYTES::UPDATES_OUT 721703640
<INFO 7fa4d94992c0> CORE::BYTES::UPDATES_IN 689171520
<INFO 7fa3d65fd6c0> CORE::PARTITIONS_PROCESSED 159
<INFO 7fa3d65fd6c0> CORE::BYTES::EDGES_STREAMED 1142755680
<INFO 7fa3d2df66c0> CORE::PARTITIONS_PROCESSED 160
<INFO 7fa3d5dfc6c0> CORE::PARTITIONS_PROCESSED 160
<INFO 7fa3d55fb6c0> CORE::PARTITIONS_PROCESSED 160
<INFO 7fa3d65fd6c0> CORE::BYTES::UPDATES_OUT 727208160
<INFO 7fa3d5dfc6c0> CORE::BYTES::EDGES_STREAMED 1144631400
<INFO 7fa3d55fb6c0> CORE::BYTES::EDGES_STREAMED 1144337304
<INFO 7fa3d55fb6c0> CORE::BYTES::UPDATES_OUT 728214648
<INFO 7fa3d2df66c0> CORE::BYTES::EDGES_STREAMED 1132247160
<INFO 7fa3d65fd6c0> CORE::BYTES::UPDATES_IN 687038584
<INFO 7fa3d2df66c0> CORE::BYTES::UPDATES_OUT 720520920
<INFO 7fa3d2df66c0> CORE::BYTES::UPDATES_IN 684275680
<INFO 7fa3d55fb6c0> CORE::BYTES::UPDATES_IN 691658880
<INFO 7fa3d7e006c0> CORE::PARTITIONS_PROCESSED 160
<INFO 7fa3d7e006c0> CORE::BYTES::EDGES_STREAMED 1135107492
<INFO 7fa3d7e006c0> CORE::BYTES::UPDATES_OUT 722310624
<INFO 7fa3d7e006c0> CORE::BYTES::UPDATES_IN 689496800
<INFO 7fa3d5dfc6c0> CORE::BYTES::UPDATES_OUT 724277400
<INFO 7fa3d5dfc6c0> CORE::BYTES::UPDATES_IN 690567520
<INFO 7fa3d25f56c0> CORE::PARTITIONS_PROCESSED 161
<INFO 7fa3d25f56c0> CORE::BYTES::EDGES_STREAMED 1139623320
<INFO 7fa3d25f56c0> CORE::BYTES::UPDATES_OUT 725214840
<INFO 7fa3d25f56c0> CORE::BYTES::UPDATES_IN 696536240
<INFO 7fa3d45f96c0> CORE::PARTITIONS_PROCESSED 160
<INFO 7fa3d45f96c0> CORE::BYTES::EDGES_STREAMED 1146856656
<INFO 7fa3d45f96c0> CORE::BYTES::UPDATES_OUT 729817872
<INFO 7fa3d45f96c0> CORE::BYTES::UPDATES_IN 692889600
<INFO 7fa3d86016c0> CORE::PARTITIONS_PROCESSED 161
<INFO 7fa3d86016c0> CORE::BYTES::EDGES_STREAMED 1139125680
<INFO 7fa3d86016c0> CORE::BYTES::UPDATES_OUT 724898160
<INFO 7fa3d86016c0> CORE::BYTES::UPDATES_IN 693192280
<INFO 7fa3d15f36c0> CORE::PARTITIONS_PROCESSED 160
<INFO 7fa3d15f36c0> CORE::BYTES::EDGES_STREAMED 1135389024
<INFO 7fa3d15f36c0> CORE::BYTES::UPDATES_OUT 722520288
<INFO 7fa3d15f36c0> CORE::BYTES::UPDATES_IN 689850240
<INFO 7fa3d75ff6c0> CORE::PARTITIONS_PROCESSED 158
<INFO 7fa3d75ff6c0> CORE::BYTES::EDGES_STREAMED 1137838416
<INFO 7fa3d75ff6c0> CORE::BYTES::UPDATES_OUT 724078992
<INFO 7fa3d75ff6c0> CORE::BYTES::UPDATES_IN 684592576
<INFO 7fa3d6dfe6c0> CORE::PARTITIONS_PROCESSED 160
<INFO 7fa3d6dfe6c0> CORE::BYTES::EDGES_STREAMED 1133086572
<INFO 7fa3d6dfe6c0> CORE::BYTES::UPDATES_OUT 725201232
<INFO 7fa3d6dfe6c0> CORE::BYTES::UPDATES_IN 693529912
<INFO 7fa3d4dfa6c0> CORE::PARTITIONS_PROCESSED 160
<INFO 7fa3d4dfa6c0> CORE::BYTES::EDGES_STREAMED 1136508384
<INFO 7fa3d4dfa6c0> CORE::BYTES::UPDATES_OUT 723232608
<INFO 7fa3d4dfa6c0> CORE::BYTES::UPDATES_IN 687860960
<INFO 7fa3d35f76c0> CORE::PARTITIONS_PROCESSED 160
<INFO 7fa3d35f76c0> CORE::BYTES::EDGES_STREAMED 1137324936
<INFO 7fa3d35f76c0> CORE::BYTES::UPDATES_OUT 723752232
<INFO 7fa3d35f76c0> CORE::BYTES::UPDATES_IN 688860024
<INFO 7fa3d3df86c0> CORE::PARTITIONS_PROCESSED 160
<INFO 7fa3d1df46c0> CORE::PARTITIONS_PROCESSED 161
<INFO 7fa3d3df86c0> CORE::BYTES::EDGES_STREAMED 1140931704
<INFO 7fa3d3df86c0> CORE::BYTES::UPDATES_OUT 726047448
<INFO 7fa3d3df86c0> CORE::BYTES::UPDATES_IN 688800160
<INFO 7fa3d1df46c0> CORE::BYTES::EDGES_STREAMED 1134486624
<INFO 7fa3d1df46c0> CORE::BYTES::UPDATES_OUT 721954800
<INFO 7fa3d1df46c0> CORE::BYTES::UPDATES_IN 690682704
<INFO 7fa4d94992c0> CORE::RUSAGE::MAX_RSS_KB 4199728
<INFO 7fa4d94992c0> CORE::RUSAGE::MINFLT 1048959
<INFO 7fa4d94992c0> CORE::RUSAGE::MAJFLT 0
<INFO 7fa4d94992c0> CORE::RUSAGE::MAJFLT 0
<INFO 7fa4d94992c0> CORE::RUSAGE::INBLK 1617048
<INFO 7fa4d94992c0> CORE::RUSAGE::OUBLK 113632
<INFO 7fa4d94992c0> CORE::UTILS::BYTES_READ 827928576
<INFO 7fa4d94992c0> CORE::UTILS::BYTES_WRITTEN 58171392
<INFO 7fa4d94992c0> CORE::TIME::IO_WAIT 1.97801 seconds
<INFO 7fa4d94992c0> CORE::PHASES 22
<INFO 7fa4d94992c0> CORE::TIME::SETUP 1.72502 seconds
<INFO 7fa4d94992c0> CORE::TIME::STATE_ITER 0.281283 seconds
<INFO 7fa4d94992c0> CORE::TIME::GATHER 3.35715 seconds
<INFO 7fa4d94992c0> CORE::TIME::SCATTER 4.51541 seconds
<INFO 7fa4d94992c0> TIME_IN_PC_FN 2.30373 seconds
<INFO 7fa4d94992c0> CORE::TIME::WALL 10.4109 seconds
<INFO 7fa4d94992c0> SHUTDOWN
