<INFO 7d6d3148f2c0> STARTUP
<INFO 7d6d3148f2c0> CORE::GRAPH soc-LiveJournal1-dir
<INFO 7d6d3148f2c0> CORE::ALGORITHM pagerank
<INFO 7d6d3148f2c0> SG-DRIVER-ORIGINAL
<WARNING 7d6d3148f2c0> Disk count not specified, assuming it to be 1
<INFO 7d6d3148f2c0> CORE::CONFIG::PROCESSORS 16
<INFO 7d6d3148f2c0> CORE::CONFIG::PHYSICAL_MEMORY 268435456
<INFO 7d6d3148f2c0> CORE::CONFIG::VERTICES 4847571
<INFO 7d6d3148f2c0> CORE::CONFIG::VERTEX_SIZE 12
<INFO 7d6d3148f2c0> CORE::CONFIG::VERTEX_BUFFER 58171392
<INFO 7d6d3148f2c0> CORE::CONFIG::EDGES 68993773
<INFO 7d6d3148f2c0> CORE::CONFIG::PARTITIONS 128
<INFO 7d6d3148f2c0> CORE::CONFIG::FANOUT 128
<INFO 7d6d3148f2c0> CORE::CONFIG::SUPER_PARTITIONS 1
<INFO 7d6d3148f2c0> CORE::CONFIG::STREAM_UNIT 16777216
<INFO 7d6d3148f2c0> CORE::CONFIG::BUFFER_SIZE 38690918
<INFO 7d6d3148f2c0> CORE::CONFIG::IO_NUMIOQS 1
<INFO 7d6d3148f2c0> CORE::CONFIG::MAX_BUFFERS 4
<INFO 7d6d3148f2c0> CORE::CONFIG::MAX_STREAMS 5
<WARNING 7d6d3148f2c0> No mount point specified for disk0, falling back to current directory
my size is 827925276
<INFO 7d6d3148f2c0> CORE::PARTITIONS_PROCESSED 2399
<INFO 7d6d3148f2c0> CORE::BYTES::EDGES_STREAMED 1034647752
<INFO 7d6d3148f2c0> CORE::BYTES::UPDATES_OUT 665663400
<INFO 7d6d3148f2c0> CORE::BYTES::UPDATES_IN 691418848
<INFO 7d6d19df46c0> CORE::PARTITIONS_PROCESSED 2414
<INFO 7d6d1e5fd6c0> CORE::PARTITIONS_PROCESSED 2459
<INFO 7d6d1d5fb6c0> CORE::PARTITIONS_PROCESSED 2454
<INFO 7d6d1b5f76c0> CORE::PARTITIONS_PROCESSED 2407
<INFO 7d6d195f36c0> CORE::PARTITIONS_PROCESSED 2358
<INFO 7d6d1ddfc6c0> CORE::PARTITIONS_PROCESSED 2362
<INFO 7d6d1adf66c0> CORE::PARTITIONS_PROCESSED 2387
<INFO 7d6d1a5f56c0> CORE::PARTITIONS_PROCESSED 2311
<INFO 7d6d1adf66c0> CORE::BYTES::EDGES_STREAMED 1137814632
<INFO 7d6d1bdf86c0> CORE::PARTITIONS_PROCESSED 2435
<INFO 7d6d1edfe6c0> CORE::PARTITIONS_PROCESSED 2379
<INFO 7d6d206016c0> CORE::PARTITIONS_PROCESSED 2388
<INFO 7d6d19df46c0> CORE::BYTES::EDGES_STREAMED 1163935608
<INFO 7d6d19df46c0> CORE::BYTES::UPDATES_OUT 741861752
<INFO 7d6d19df46c0> CORE::BYTES::UPDATES_IN 694558344
<INFO 7d6d1d5fb6c0> CORE::BYTES::EDGES_STREAMED 1078852824
<INFO 7d6d1d5fb6c0> CORE::BYTES::UPDATES_OUT 700139496
<INFO 7d6d1d5fb6c0> CORE::BYTES::UPDATES_IN 706907720
<INFO 7d6d1c5f96c0> CORE::PARTITIONS_PROCESSED 2330
<INFO 7d6d1ddfc6c0> CORE::BYTES::EDGES_STREAMED 1163376876
<INFO 7d6d1ddfc6c0> CORE::BYTES::UPDATES_OUT 728731752
<INFO 7d6d1c5f96c0> CORE::BYTES::EDGES_STREAMED 1143459048
<INFO 7d6d1f5ff6c0> CORE::PARTITIONS_PROCESSED 2490
<INFO 7d6d1a5f56c0> CORE::BYTES::EDGES_STREAMED 1197089748
<INFO 7d6d1a5f56c0> CORE::BYTES::UPDATES_OUT 757465424
<INFO 7d6d1adf66c0> CORE::BYTES::UPDATES_OUT 739464880
<INFO 7d6d1fe006c0> CORE::PARTITIONS_PROCESSED 2444
<INFO 7d6d206016c0> CORE::BYTES::EDGES_STREAMED 1092274776
<INFO 7d6d206016c0> CORE::BYTES::UPDATES_OUT 687504032
<INFO 7d6d206016c0> CORE::BYTES::UPDATES_IN 690674344
<INFO 7d6d1ddfc6c0> CORE::BYTES::UPDATES_IN 681735536
<INFO 7d6d1c5f96c0> CORE::BYTES::UPDATES_OUT 717819520
<INFO 7d6d1c5f96c0> CORE::BYTES::UPDATES_IN 669387432
<INFO 7d6d1bdf86c0> CORE::BYTES::EDGES_STREAMED 1144998948
<INFO 7d6d1bdf86c0> CORE::BYTES::UPDATES_OUT 731281280
<INFO 7d6d1bdf86c0> CORE::BYTES::UPDATES_IN 693858224
<INFO 7d6d1e5fd6c0> CORE::BYTES::EDGES_STREAMED 1149416256
<INFO 7d6d1e5fd6c0> CORE::BYTES::UPDATES_OUT 726326560
<INFO 7d6d1a5f56c0> CORE::BYTES::UPDATES_IN 681442632
<INFO 7d6d1fe006c0> CORE::BYTES::EDGES_STREAMED 1157758476
<INFO 7d6d1fe006c0> CORE::BYTES::UPDATES_OUT 746526512
<INFO 7d6d1fe006c0> CORE::BYTES::UPDATES_IN 692597232
<INFO 7d6d1cdfa6c0> CORE::PARTITIONS_PROCESSED 2383
<INFO 7d6d1cdfa6c0> CORE::BYTES::EDGES_STREAMED 1180562772
<INFO 7d6d1cdfa6c0> CORE::BYTES::UPDATES_OUT 750220720
<INFO 7d6d1cdfa6c0> CORE::BYTES::UPDATES_IN 674175344
<INFO 7d6d1b5f76c0> CORE::BYTES::EDGES_STREAMED 1113939768
<INFO 7d6d1b5f76c0> CORE::BYTES::UPDATES_OUT 696305600
<INFO 7d6d1b5f76c0> CORE::BYTES::UPDATES_IN 683647624
<INFO 7d6d195f36c0> CORE::BYTES::EDGES_STREAMED 1153470444
<INFO 7d6d195f36c0> CORE::BYTES::UPDATES_OUT 732027056
<INFO 7d6d195f36c0> CORE::BYTES::UPDATES_IN 678155824
<INFO 7d6d1edfe6c0> CORE::BYTES::EDGES_STREAMED 1134946416
<INFO 7d6d1f5ff6c0> CORE::BYTES::EDGES_STREAMED 1167811728
<INFO 7d6d1f5ff6c0> CORE::BYTES::UPDATES_OUT 743647840
<INFO 7d6d1f5ff6c0> CORE::BYTES::UPDATES_IN 720580576
<INFO 7d6d1edfe6c0> CORE::BYTES::UPDATES_OUT 725968040
<INFO 7d6d1adf66c0> CORE::BYTES::UPDATES_IN 684328904
<INFO 7d6d1edfe6c0> CORE::BYTES::UPDATES_IN 689160904
<INFO 7d6d1e5fd6c0> CORE::BYTES::UPDATES_IN 706374192
<INFO 7d6d3148f2c0> CORE::RUSAGE::MAX_RSS_KB 267672
<INFO 7d6d3148f2c0> CORE::RUSAGE::MINFLT 65917
<INFO 7d6d3148f2c0> CORE::RUSAGE::MAJFLT 0
<INFO 7d6d3148f2c0> CORE::RUSAGE::MAJFLT 0
<INFO 7d6d3148f2c0> CORE::RUSAGE::INBLK 57135696
<INFO 7d6d3148f2c0> CORE::RUSAGE::OUBLK 22752312
<INFO 7d6d3148f2c0> CORE::UTILS::BYTES_READ 29253476352
<INFO 7d6d3148f2c0> CORE::UTILS::BYTES_WRITTEN 11649171456
<INFO 7d6d3148f2c0> CORE::TIME::IO_WAIT 108.385 seconds
<INFO 7d6d3148f2c0> CORE::PHASES 22
<INFO 7d6d3148f2c0> CORE::TIME::SETUP 0.126502 seconds
<INFO 7d6d3148f2c0> CORE::TIME::STATE_ITER 0.312733 seconds
<INFO 7d6d3148f2c0> CORE::TIME::GATHER 29.0472 seconds
<INFO 7d6d3148f2c0> CORE::TIME::SCATTER 120.458 seconds
<INFO 7d6d3148f2c0> TIME_IN_PC_FN 2.67185 seconds
<INFO 7d6d3148f2c0> CORE::TIME::WALL 150.769 seconds
<INFO 7d6d3148f2c0> SHUTDOWN
