<INFO 7d050cc812c0> STARTUP
<INFO 7d050cc812c0> CORE::GRAPH soc-LiveJournal1-dir
<INFO 7d050cc812c0> CORE::ALGORITHM spmv
<INFO 7d050cc812c0> SG-DRIVER-ORIGINAL
<WARNING 7d050cc812c0> Disk count not specified, assuming it to be 1
<INFO 7d050cc812c0> CORE::CONFIG::PROCESSORS 16
<INFO 7d050cc812c0> CORE::CONFIG::PHYSICAL_MEMORY 2147483648
<INFO 7d050cc812c0> CORE::CONFIG::VERTICES 4847571
<INFO 7d050cc812c0> CORE::CONFIG::VERTEX_SIZE 8
<INFO 7d050cc812c0> CORE::CONFIG::VERTEX_BUFFER 38780928
<INFO 7d050cc812c0> CORE::CONFIG::EDGES 68993773
<INFO 7d050cc812c0> CORE::CONFIG::PARTITIONS 128
<INFO 7d050cc812c0> CORE::CONFIG::FANOUT 128
<INFO 7d050cc812c0> CORE::CONFIG::SUPER_PARTITIONS 1
<INFO 7d050cc812c0> CORE::CONFIG::STREAM_UNIT 16777216
<INFO 7d050cc812c0> CORE::CONFIG::BUFFER_SIZE 418378649
<INFO 7d050cc812c0> CORE::CONFIG::IO_NUMIOQS 1
<INFO 7d050cc812c0> CORE::CONFIG::MAX_BUFFERS 4
<INFO 7d050cc812c0> CORE::CONFIG::MAX_STREAMS 5
<WARNING 7d050cc812c0> No mount point specified for disk0, falling back to current directory
my size is 827925276
<INFO 7d050cc812c0> CORE::PARTITIONS_PROCESSED 17
<INFO 7d050cc812c0> CORE::BYTES::EDGES_STREAMED 51614280
<INFO 7d050cc812c0> CORE::BYTES::UPDATES_OUT 34409520
<INFO 7d050cc812c0> CORE::BYTES::UPDATES_IN 35518960
<INFO 7d0487dfa6c0> CORE::PARTITIONS_PROCESSED 18
<INFO 7d048be026c0> CORE::PARTITIONS_PROCESSED 18
<INFO 7d0485df66c0> CORE::PARTITIONS_PROCESSED 17
<INFO 7d0487dfa6c0> CORE::BYTES::EDGES_STREAMED 48844464
<INFO 7d04855f56c0> CORE::PARTITIONS_PROCESSED 14
<INFO 7d0485df66c0> CORE::BYTES::EDGES_STREAMED 45382704
<INFO 7d04855f56c0> CORE::BYTES::EDGES_STREAMED 41850024
<INFO 7d0489dfe6c0> CORE::PARTITIONS_PROCESSED 16
<INFO 7d04855f56c0> CORE::BYTES::UPDATES_OUT 27900016
<INFO 7d04855f56c0> CORE::BYTES::UPDATES_IN 32204448
<INFO 7d04865f76c0> CORE::PARTITIONS_PROCESSED 15
<INFO 7d048be026c0> CORE::BYTES::EDGES_STREAMED 51817632
<INFO 7d048be026c0> CORE::BYTES::UPDATES_OUT 34545088
<INFO 7d04865f76c0> CORE::BYTES::EDGES_STREAMED 51470940
<INFO 7d048a5ff6c0> CORE::PARTITIONS_PROCESSED 16
<INFO 7d0489dfe6c0> CORE::BYTES::EDGES_STREAMED 45299820
<INFO 7d0487dfa6c0> CORE::BYTES::UPDATES_OUT 32562976
<INFO 7d0489dfe6c0> CORE::BYTES::UPDATES_OUT 30199880
<INFO 7d0489dfe6c0> CORE::BYTES::UPDATES_IN 34577024
<INFO 7d0487dfa6c0> CORE::BYTES::UPDATES_IN 36769664
<INFO 7d04895fd6c0> CORE::PARTITIONS_PROCESSED 14
<INFO 7d0488dfc6c0> CORE::PARTITIONS_PROCESSED 17
<INFO 7d04875f96c0> CORE::PARTITIONS_PROCESSED 15
<INFO 7d04865f76c0> CORE::BYTES::UPDATES_OUT 34313960
<INFO 7d0488dfc6c0> CORE::BYTES::EDGES_STREAMED 51980376
<INFO 7d048be026c0> CORE::BYTES::UPDATES_IN 38677264
<INFO 7d0484df46c0> CORE::PARTITIONS_PROCESSED 14
<INFO 7d0488dfc6c0> CORE::BYTES::UPDATES_OUT 34653584
<INFO 7d048b6016c0> CORE::PARTITIONS_PROCESSED 16
<INFO 7d0484df46c0> CORE::BYTES::EDGES_STREAMED 51610884
<INFO 7d0484df46c0> CORE::BYTES::UPDATES_OUT 34407256
<INFO 7d04865f76c0> CORE::BYTES::UPDATES_IN 33157296
<INFO 7d04895fd6c0> CORE::BYTES::EDGES_STREAMED 51734100
<INFO 7d048ae006c0> CORE::PARTITIONS_PROCESSED 18
<INFO 7d04875f96c0> CORE::BYTES::EDGES_STREAMED 77220132
<INFO 7d0486df86c0> CORE::PARTITIONS_PROCESSED 15
<INFO 7d0484df46c0> CORE::BYTES::UPDATES_IN 30207144
<INFO 7d048a5ff6c0> CORE::BYTES::EDGES_STREAMED 42278652
<INFO 7d048a5ff6c0> CORE::BYTES::UPDATES_OUT 28185768
<INFO 7d048a5ff6c0> CORE::BYTES::UPDATES_IN 34676632
<INFO 7d04895fd6c0> CORE::BYTES::UPDATES_OUT 34489400
<INFO 7d04895fd6c0> CORE::BYTES::UPDATES_IN 32444304
<INFO 7d0485df66c0> CORE::BYTES::UPDATES_OUT 30255136
<INFO 7d0485df66c0> CORE::BYTES::UPDATES_IN 35676200
<INFO 7d04875f96c0> CORE::BYTES::UPDATES_OUT 51480088
<INFO 7d0486df86c0> CORE::BYTES::EDGES_STREAMED 77908320
<INFO 7d0488dfc6c0> CORE::BYTES::UPDATES_IN 35639432
<INFO 7d048ae006c0> CORE::BYTES::EDGES_STREAMED 51798564
<INFO 7d048b6016c0> CORE::BYTES::EDGES_STREAMED 51593616
<INFO 7d048ae006c0> CORE::BYTES::UPDATES_OUT 34532376
<INFO 7d048b6016c0> CORE::BYTES::UPDATES_OUT 34395744
<INFO 7d048b6016c0> CORE::BYTES::UPDATES_IN 34469648
<INFO 7d048ae006c0> CORE::BYTES::UPDATES_IN 36829880
<INFO 7d04885fb6c0> CORE::PARTITIONS_PROCESSED 16
<INFO 7d04885fb6c0> CORE::BYTES::EDGES_STREAMED 35520768
<INFO 7d04885fb6c0> CORE::BYTES::UPDATES_OUT 23680512
<INFO 7d04885fb6c0> CORE::BYTES::UPDATES_IN 34393048
<INFO 7d0486df86c0> CORE::BYTES::UPDATES_OUT 51938880
<INFO 7d0486df86c0> CORE::BYTES::UPDATES_IN 33322048
<INFO 7d04875f96c0> CORE::BYTES::UPDATES_IN 33387192
<INFO 7d050cc812c0> CORE::RUSAGE::MAX_RSS_KB 2102824
<INFO 7d050cc812c0> CORE::RUSAGE::MINFLT 524666
<INFO 7d050cc812c0> CORE::RUSAGE::MAJFLT 0
<INFO 7d050cc812c0> CORE::RUSAGE::MAJFLT 0
<INFO 7d050cc812c0> CORE::RUSAGE::INBLK 4312128
<INFO 7d050cc812c0> CORE::RUSAGE::OUBLK 1153792
<INFO 7d050cc812c0> CORE::UTILS::BYTES_READ 2207809536
<INFO 7d050cc812c0> CORE::UTILS::BYTES_WRITTEN 590733312
<INFO 7d050cc812c0> CORE::TIME::IO_WAIT 8.61633 seconds
<INFO 7d050cc812c0> CORE::PHASES 2
<INFO 7d050cc812c0> CORE::TIME::SETUP 0.875537 seconds
<INFO 7d050cc812c0> CORE::TIME::STATE_ITER 0.017997 seconds
<INFO 7d050cc812c0> CORE::TIME::GATHER 1.058 seconds
<INFO 7d050cc812c0> CORE::TIME::SCATTER 7.74601 seconds
<INFO 7d050cc812c0> TIME_IN_PC_FN 0.094611 seconds
<INFO 7d050cc812c0> CORE::TIME::WALL 10.8723 seconds
<INFO 7d050cc812c0> SHUTDOWN
