<INFO 7eb34dcb62c0> STARTUP
<INFO 7eb34dcb62c0> CORE::GRAPH soc-LiveJournal1-dir
<INFO 7eb34dcb62c0> CORE::ALGORITHM spmv
<INFO 7eb34dcb62c0> SG-DRIVER-ORIGINAL
<WARNING 7eb34dcb62c0> Disk count not specified, assuming it to be 1
<INFO 7eb34dcb62c0> CORE::CONFIG::PROCESSORS 16
<INFO 7eb34dcb62c0> CORE::CONFIG::PHYSICAL_MEMORY 1073741824
<INFO 7eb34dcb62c0> CORE::CONFIG::VERTICES 4847571
<INFO 7eb34dcb62c0> CORE::CONFIG::VERTEX_SIZE 8
<INFO 7eb34dcb62c0> CORE::CONFIG::VERTEX_BUFFER 38780928
<INFO 7eb34dcb62c0> CORE::CONFIG::EDGES 68993773
<INFO 7eb34dcb62c0> CORE::CONFIG::PARTITIONS 128
<INFO 7eb34dcb62c0> CORE::CONFIG::FANOUT 128
<INFO 7eb34dcb62c0> CORE::CONFIG::SUPER_PARTITIONS 1
<INFO 7eb34dcb62c0> CORE::CONFIG::STREAM_UNIT 16777216
<INFO 7eb34dcb62c0> CORE::CONFIG::BUFFER_SIZE 203630284
<INFO 7eb34dcb62c0> CORE::CONFIG::IO_NUMIOQS 1
<INFO 7eb34dcb62c0> CORE::CONFIG::MAX_BUFFERS 4
<INFO 7eb34dcb62c0> CORE::CONFIG::MAX_STREAMS 5
<WARNING 7eb34dcb62c0> No mount point specified for disk0, falling back to current directory
my size is 827925276
<INFO 7eb34dcb62c0> CORE::PARTITIONS_PROCESSED 31
<INFO 7eb34dcb62c0> CORE::BYTES::EDGES_STREAMED 60208812
<INFO 7eb34dcb62c0> CORE::BYTES::UPDATES_OUT 40139208
<INFO 7eb34dcb62c0> CORE::BYTES::UPDATES_IN 41949000
<INFO 7eb3065f66c0> CORE::PARTITIONS_PROCESSED 22
<INFO 7eb307df96c0> CORE::PARTITIONS_PROCESSED 24
<INFO 7eb306df76c0> CORE::PARTITIONS_PROCESSED 25
<INFO 7eb3085fa6c0> CORE::PARTITIONS_PROCESSED 26
<INFO 7eb3065f66c0> CORE::BYTES::EDGES_STREAMED 51152664
<INFO 7eb306df76c0> CORE::BYTES::EDGES_STREAMED 43010472
<INFO 7eb306df76c0> CORE::BYTES::UPDATES_OUT 28673648
<INFO 7eb306df76c0> CORE::BYTES::UPDATES_IN 36169456
<INFO 7eb308dfb6c0> CORE::PARTITIONS_PROCESSED 23
<INFO 7eb308dfb6c0> CORE::BYTES::EDGES_STREAMED 51415176
<INFO 7eb308dfb6c0> CORE::BYTES::UPDATES_OUT 34276784
<INFO 7eb308dfb6c0> CORE::BYTES::UPDATES_IN 33063872
<INFO 7eb3095fc6c0> CORE::PARTITIONS_PROCESSED 22
<INFO 7eb307df96c0> CORE::BYTES::EDGES_STREAMED 51255096
<INFO 7eb30be016c0> CORE::PARTITIONS_PROCESSED 25
<INFO 7eb307df96c0> CORE::BYTES::UPDATES_OUT 34170064
<INFO 7eb3065f66c0> CORE::BYTES::UPDATES_OUT 34101776
<INFO 7eb30b6006c0> CORE::PARTITIONS_PROCESSED 21
<INFO 7eb3095fc6c0> CORE::BYTES::EDGES_STREAMED 52074228
<INFO 7eb3085fa6c0> CORE::BYTES::EDGES_STREAMED 50695668
<INFO 7eb30ce036c0> CORE::PARTITIONS_PROCESSED 25
<INFO 7eb3085fa6c0> CORE::BYTES::UPDATES_OUT 33797112
<INFO 7eb30ce036c0> CORE::BYTES::EDGES_STREAMED 52547892
<INFO 7eb3085fa6c0> CORE::BYTES::UPDATES_IN 37171288
<INFO 7eb309dfd6c0> CORE::PARTITIONS_PROCESSED 21
<INFO 7eb30be016c0> CORE::BYTES::EDGES_STREAMED 53691276
<INFO 7eb3095fc6c0> CORE::BYTES::UPDATES_OUT 34716152
<INFO 7eb3065f66c0> CORE::BYTES::UPDATES_IN 31651592
<INFO 7eb30b6006c0> CORE::BYTES::EDGES_STREAMED 46293744
<INFO 7eb30ce036c0> CORE::BYTES::UPDATES_OUT 35031928
<INFO 7eb3095fc6c0> CORE::BYTES::UPDATES_IN 31660848
<INFO 7eb30be016c0> CORE::BYTES::UPDATES_OUT 35794184
<INFO 7eb30be016c0> CORE::BYTES::UPDATES_IN 36264080
<INFO 7eb30ce036c0> CORE::BYTES::UPDATES_IN 36036808
<INFO 7eb30b6006c0> CORE::BYTES::UPDATES_OUT 30862496
<INFO 7eb30b6006c0> CORE::BYTES::UPDATES_IN 31209568
<INFO 7eb30a5fe6c0> CORE::PARTITIONS_PROCESSED 23
<INFO 7eb30a5fe6c0> CORE::BYTES::EDGES_STREAMED 52586028
<INFO 7eb30a5fe6c0> CORE::BYTES::UPDATES_OUT 35057352
<INFO 7eb30a5fe6c0> CORE::BYTES::UPDATES_IN 32925384
<INFO 7eb307df96c0> CORE::BYTES::UPDATES_IN 34395912
<INFO 7eb30c6026c0> CORE::PARTITIONS_PROCESSED 26
<INFO 7eb30c6026c0> CORE::BYTES::EDGES_STREAMED 53994396
<INFO 7eb30c6026c0> CORE::BYTES::UPDATES_OUT 35996264
<INFO 7eb30c6026c0> CORE::BYTES::UPDATES_IN 37267848
<INFO 7eb309dfd6c0> CORE::BYTES::EDGES_STREAMED 51172632
<INFO 7eb309dfd6c0> CORE::BYTES::UPDATES_OUT 34115088
<INFO 7eb309dfd6c0> CORE::BYTES::UPDATES_IN 30719104
<INFO 7eb3075f86c0> CORE::PARTITIONS_PROCESSED 24
<INFO 7eb3075f86c0> CORE::BYTES::EDGES_STREAMED 50647032
<INFO 7eb3075f86c0> CORE::BYTES::UPDATES_OUT 33764688
<INFO 7eb3075f86c0> CORE::BYTES::UPDATES_IN 34648488
<INFO 7eb305df56c0> CORE::PARTITIONS_PROCESSED 20
<INFO 7eb305df56c0> CORE::BYTES::EDGES_STREAMED 49299612
<INFO 7eb305df56c0> CORE::BYTES::UPDATES_OUT 32866408
<INFO 7eb305df56c0> CORE::BYTES::UPDATES_IN 29526480
<INFO 7eb30adff6c0> CORE::PARTITIONS_PROCESSED 26
<INFO 7eb30adff6c0> CORE::BYTES::EDGES_STREAMED 57880548
<INFO 7eb30adff6c0> CORE::BYTES::UPDATES_OUT 38587032
<INFO 7eb30adff6c0> CORE::BYTES::UPDATES_IN 37290456
<INFO 7eb34dcb62c0> CORE::RUSAGE::MAX_RSS_KB 1054080
<INFO 7eb34dcb62c0> CORE::RUSAGE::MINFLT 262535
<INFO 7eb34dcb62c0> CORE::RUSAGE::MAJFLT 0
<INFO 7eb34dcb62c0> CORE::RUSAGE::MAJFLT 0
<INFO 7eb34dcb62c0> CORE::RUSAGE::INBLK 4312128
<INFO 7eb34dcb62c0> CORE::RUSAGE::OUBLK 1153792
<INFO 7eb34dcb62c0> CORE::UTILS::BYTES_READ 2207809536
<INFO 7eb34dcb62c0> CORE::UTILS::BYTES_WRITTEN 590733312
<INFO 7eb34dcb62c0> CORE::TIME::IO_WAIT 6.98969 seconds
<INFO 7eb34dcb62c0> CORE::PHASES 2
<INFO 7eb34dcb62c0> CORE::TIME::SETUP 0.446601 seconds
<INFO 7eb34dcb62c0> CORE::TIME::STATE_ITER 0.018093 seconds
<INFO 7eb34dcb62c0> CORE::TIME::GATHER 1.16525 seconds
<INFO 7eb34dcb62c0> CORE::TIME::SCATTER 6.67635 seconds
<INFO 7eb34dcb62c0> TIME_IN_PC_FN 0.092523 seconds
<INFO 7eb34dcb62c0> CORE::TIME::WALL 8.61813 seconds
<INFO 7eb34dcb62c0> SHUTDOWN
