<INFO 724ba309e2c0> STARTUP
<INFO 724ba309e2c0> CORE::GRAPH soc-LiveJournal1-dir
<INFO 724ba309e2c0> CORE::ALGORITHM pagerank
<INFO 724ba309e2c0> SG-DRIVER-ORIGINAL
<WARNING 724ba309e2c0> Disk count not specified, assuming it to be 1
<INFO 724ba309e2c0> CORE::CONFIG::PROCESSORS 16
<INFO 724ba309e2c0> CORE::CONFIG::PHYSICAL_MEMORY 67108864
<INFO 724ba309e2c0> CORE::CONFIG::VERTICES 4847571
<INFO 724ba309e2c0> CORE::CONFIG::VERTEX_SIZE 12
<INFO 724ba309e2c0> CORE::CONFIG::VERTEX_BUFFER 29085696
<INFO 724ba309e2c0> CORE::CONFIG::EDGES 68993773
<INFO 724ba309e2c0> CORE::CONFIG::PARTITIONS 64
<INFO 724ba309e2c0> CORE::CONFIG::FANOUT 64
<INFO 724ba309e2c0> CORE::CONFIG::SUPER_PARTITIONS 2
<INFO 724ba309e2c0> CORE::CONFIG::STREAM_UNIT 2097152
<INFO 724ba309e2c0> CORE::CONFIG::BUFFER_SIZE 7179673
<INFO 724ba309e2c0> CORE::CONFIG::IO_NUMIOQS 1
<INFO 724ba309e2c0> CORE::CONFIG::MAX_BUFFERS 4
<INFO 724ba309e2c0> CORE::CONFIG::MAX_STREAMS 5
<WARNING 724ba309e2c0> No mount point specified for disk0, falling back to current directory
my size is 827925276
<INFO 724ba309e2c0> CORE::PARTITIONS_PROCESSED 5884
<INFO 724ba309e2c0> CORE::BYTES::EDGES_STREAMED 1099765944
<INFO 724ba309e2c0> CORE::BYTES::UPDATES_OUT 693188416
<INFO 724ba309e2c0> CORE::BYTES::UPDATES_IN 650561856
<INFO 724b989f96c0> CORE::PARTITIONS_PROCESSED 6092
<INFO 724b971f66c0> CORE::PARTITIONS_PROCESSED 6625
<INFO 724b9d2026c0> CORE::PARTITIONS_PROCESSED 6550
<INFO 724b989f96c0> CORE::BYTES::EDGES_STREAMED 1175375748
<INFO 724b9b9ff6c0> CORE::PARTITIONS_PROCESSED 6355
<INFO 724b9b1fe6c0> CORE::PARTITIONS_PROCESSED 6113
<INFO 724b9da036c0> CORE::PARTITIONS_PROCESSED 6354
<INFO 724b9c2006c0> CORE::PARTITIONS_PROCESSED 6027
<INFO 724b989f96c0> CORE::BYTES::UPDATES_OUT 744399944
<INFO 724b9d2026c0> CORE::BYTES::EDGES_STREAMED 1132231440
<INFO 724b9d2026c0> CORE::BYTES::UPDATES_OUT 722560040
<INFO 724b9a1fc6c0> CORE::PARTITIONS_PROCESSED 5925
<INFO 724b971f66c0> CORE::BYTES::EDGES_STREAMED 1157855640
<INFO 724b989f96c0> CORE::BYTES::UPDATES_IN 671362040
<INFO 724b971f66c0> CORE::BYTES::UPDATES_OUT 734159224
<INFO 724b9e2046c0> CORE::PARTITIONS_PROCESSED 6552
<INFO 724b9e2046c0> CORE::BYTES::EDGES_STREAMED 1135857984
<INFO 724b9e2046c0> CORE::BYTES::UPDATES_OUT 719001240
<INFO 724b9e2046c0> CORE::BYTES::UPDATES_IN 723174856
<INFO 724b9a1fc6c0> CORE::BYTES::EDGES_STREAMED 1192822284
<INFO 724b9a1fc6c0> CORE::BYTES::UPDATES_OUT 762787528
<INFO 724b9a1fc6c0> CORE::BYTES::UPDATES_IN 655117576
<INFO 724b9da036c0> CORE::BYTES::EDGES_STREAMED 1127571432
<INFO 724b9da036c0> CORE::BYTES::UPDATES_OUT 721473592
<INFO 724b971f66c0> CORE::BYTES::UPDATES_IN 729883128
<INFO 724b9b9ff6c0> CORE::BYTES::EDGES_STREAMED 1144982340
<INFO 724b979f76c0> CORE::PARTITIONS_PROCESSED 6176
<INFO 724b9da036c0> CORE::BYTES::UPDATES_IN 704171176
<INFO 724b9b9ff6c0> CORE::BYTES::UPDATES_OUT 729488664
<INFO 724b9b9ff6c0> CORE::BYTES::UPDATES_IN 702926144
<INFO 724b9d2026c0> CORE::BYTES::UPDATES_IN 728025912
<INFO 724b9c2006c0> CORE::BYTES::EDGES_STREAMED 1119052308
<INFO 724b979f76c0> CORE::BYTES::EDGES_STREAMED 1141605348
<INFO 724b979f76c0> CORE::BYTES::UPDATES_OUT 725747880
<INFO 724b979f76c0> CORE::BYTES::UPDATES_IN 681268424
<INFO 724b9ca016c0> CORE::PARTITIONS_PROCESSED 6283
<INFO 724b9ca016c0> CORE::BYTES::EDGES_STREAMED 1154186640
<INFO 724b9ca016c0> CORE::BYTES::UPDATES_OUT 734812280
<INFO 724b9ca016c0> CORE::BYTES::UPDATES_IN 695424584
<INFO 724b9a9fd6c0> CORE::PARTITIONS_PROCESSED 6217
<INFO 724b9a9fd6c0> CORE::BYTES::EDGES_STREAMED 1106841828
<INFO 724b9a9fd6c0> CORE::BYTES::UPDATES_OUT 711377040
<INFO 724b9a9fd6c0> CORE::BYTES::UPDATES_IN 687333592
<INFO 724b981f86c0> CORE::PARTITIONS_PROCESSED 6340
<INFO 724b981f86c0> CORE::BYTES::EDGES_STREAMED 1127991132
<INFO 724b981f86c0> CORE::BYTES::UPDATES_OUT 720956904
<INFO 724b981f86c0> CORE::BYTES::UPDATES_IN 694278352
<INFO 724b9b1fe6c0> CORE::BYTES::EDGES_STREAMED 1149401904
<INFO 724b9b1fe6c0> CORE::BYTES::UPDATES_OUT 730350800
<INFO 724b9b1fe6c0> CORE::BYTES::UPDATES_IN 676561296
<INFO 724b9c2006c0> CORE::BYTES::UPDATES_OUT 711180800
<INFO 724b9c2006c0> CORE::BYTES::UPDATES_IN 671417080
<INFO 724b991fa6c0> CORE::PARTITIONS_PROCESSED 6088
<INFO 724b991fa6c0> CORE::BYTES::EDGES_STREAMED 1115676144
<INFO 724b991fa6c0> CORE::BYTES::UPDATES_OUT 708620984
<INFO 724b991fa6c0> CORE::BYTES::UPDATES_IN 672736672
<INFO 724b999fb6c0> CORE::PARTITIONS_PROCESSED 6259
<INFO 724b999fb6c0> CORE::BYTES::EDGES_STREAMED 1133137956
<INFO 724b999fb6c0> CORE::BYTES::UPDATES_OUT 720848528
<INFO 724b999fb6c0> CORE::BYTES::UPDATES_IN 694760992
<INFO 724ba309e2c0> CORE::RUSAGE::MAX_RSS_KB 71056
<INFO 724ba309e2c0> CORE::RUSAGE::MINFLT 16755
<INFO 724ba309e2c0> CORE::RUSAGE::MAJFLT 0
<INFO 724ba309e2c0> CORE::RUSAGE::MAJFLT 0
<INFO 724ba309e2c0> CORE::RUSAGE::INBLK 61138840
<INFO 724ba309e2c0> CORE::RUSAGE::OUBLK 26755640
<INFO 724ba309e2c0> CORE::UTILS::BYTES_READ 31303086080
<INFO 724ba309e2c0> CORE::UTILS::BYTES_WRITTEN 13698875392
<INFO 724ba309e2c0> CORE::TIME::IO_WAIT 72.6917 seconds
<INFO 724ba309e2c0> CORE::PHASES 22
<INFO 724ba309e2c0> CORE::TIME::SETUP 0.040095 seconds
<INFO 724ba309e2c0> CORE::TIME::STATE_ITER 0.694356 seconds
<INFO 724ba309e2c0> CORE::TIME::GATHER 83.2338 seconds
<INFO 724ba309e2c0> CORE::TIME::SCATTER 158.524 seconds
<INFO 724ba309e2c0> TIME_IN_PC_FN 2.68526 seconds
<INFO 724ba309e2c0> CORE::TIME::WALL 262.088 seconds
<INFO 724ba309e2c0> SHUTDOWN
