<INFO 7d31745052c0> STARTUP
<INFO 7d31745052c0> CORE::GRAPH soc-LiveJournal1-sym
<INFO 7d31745052c0> CORE::ALGORITHM cc
<INFO 7d31745052c0> SG-DRIVER-ORIGINAL
<WARNING 7d31745052c0> Disk count not specified, assuming it to be 1
<INFO 7d31745052c0> CORE::CONFIG::PROCESSORS 16
<INFO 7d31745052c0> CORE::CONFIG::PHYSICAL_MEMORY 8589934592
<INFO 7d31745052c0> CORE::CONFIG::VERTICES 4847571
<INFO 7d31745052c0> CORE::CONFIG::VERTEX_SIZE 13
<INFO 7d31745052c0> CORE::CONFIG::VERTEX_BUFFER 63021056
<INFO 7d31745052c0> CORE::CONFIG::EDGES 137469164
<INFO 7d31745052c0> CORE::CONFIG::PARTITIONS 128
<INFO 7d31745052c0> CORE::CONFIG::FANOUT 128
<INFO 7d31745052c0> CORE::CONFIG::SUPER_PARTITIONS 1
<INFO 7d31745052c0> CORE::CONFIG::STREAM_UNIT 16777216
<INFO 7d31745052c0> CORE::CONFIG::BUFFER_SIZE 1702020812
<INFO 7d31745052c0> CORE::CONFIG::IO_NUMIOQS 1
<INFO 7d31745052c0> CORE::CONFIG::MAX_BUFFERS 4
<INFO 7d31745052c0> CORE::CONFIG::MAX_STREAMS 5
<WARNING 7d31745052c0> No mount point specified for disk0, falling back to current directory
my size is 1649629968
<INFO 7d31745052c0> ALGORITHM::CC::CC_COUNT 1876
<INFO 7d31745052c0> CORE::PARTITIONS_PROCESSED 76
<INFO 7d31745052c0> CORE::BYTES::EDGES_STREAMED 1105412136
<INFO 7d31745052c0> CORE::BYTES::UPDATES_OUT 313505592
<INFO 7d31745052c0> CORE::BYTES::UPDATES_IN 293389720
<INFO 7d2f6ddf86c0> CORE::PARTITIONS_PROCESSED 72
<INFO 7d2f71e006c0> CORE::PARTITIONS_PROCESSED 91
<INFO 7d2f6edfa6c0> CORE::PARTITIONS_PROCESSED 87
<INFO 7d2f71e006c0> CORE::BYTES::EDGES_STREAMED 1046742816
<INFO 7d2f6edfa6c0> CORE::BYTES::EDGES_STREAMED 1147583064
<INFO 7d2f71e006c0> CORE::BYTES::UPDATES_OUT 276325376
<INFO 7d2f6edfa6c0> CORE::BYTES::UPDATES_OUT 320517184
<INFO 7d2f72e026c0> CORE::PARTITIONS_PROCESSED 90
<INFO 7d2f72e026c0> CORE::BYTES::EDGES_STREAMED 1067538048
<INFO 7d2f72e026c0> CORE::BYTES::UPDATES_OUT 301035656
<INFO 7d2f72e026c0> CORE::BYTES::UPDATES_IN 310933120
<INFO 7d2f6d5f76c0> CORE::PARTITIONS_PROCESSED 79
<INFO 7d2f71e006c0> CORE::BYTES::UPDATES_IN 284679088
<INFO 7d2f6d5f76c0> CORE::BYTES::EDGES_STREAMED 1317833436
<INFO 7d2f6d5f76c0> CORE::BYTES::UPDATES_OUT 407497576
<INFO 7d2f6edfa6c0> CORE::BYTES::UPDATES_IN 295151080
<INFO 7d2f6fdfc6c0> CORE::PARTITIONS_PROCESSED 100
<INFO 7d2f6f5fb6c0> CORE::PARTITIONS_PROCESSED 74
<INFO 7d2f6fdfc6c0> CORE::BYTES::EDGES_STREAMED 1053783816
<INFO 7d2f6d5f76c0> CORE::BYTES::UPDATES_IN 316444192
<INFO 7d2f6f5fb6c0> CORE::BYTES::EDGES_STREAMED 1062989592
<INFO 7d2f6ddf86c0> CORE::BYTES::EDGES_STREAMED 1062150144
<INFO 7d2f6ddf86c0> CORE::BYTES::UPDATES_OUT 287036656
<INFO 7d2f6ddf86c0> CORE::BYTES::UPDATES_IN 299588352
<INFO 7d2f6fdfc6c0> CORE::BYTES::UPDATES_OUT 284179392
<INFO 7d2f6f5fb6c0> CORE::BYTES::UPDATES_OUT 281185768
<INFO 7d2f70dfe6c0> CORE::PARTITIONS_PROCESSED 78
<INFO 7d2f6f5fb6c0> CORE::BYTES::UPDATES_IN 286565016
<INFO 7d2f6fdfc6c0> CORE::BYTES::UPDATES_IN 275755632
<INFO 7d2f6cdf66c0> CORE::PARTITIONS_PROCESSED 85
<INFO 7d2f6cdf66c0> CORE::BYTES::EDGES_STREAMED 1090489344
<INFO 7d2f6cdf66c0> CORE::BYTES::UPDATES_OUT 300529216
<INFO 7d2f6cdf66c0> CORE::BYTES::UPDATES_IN 283839320
<INFO 7d2f705fd6c0> CORE::PARTITIONS_PROCESSED 98
<INFO 7d2f705fd6c0> CORE::BYTES::EDGES_STREAMED 1086402000
<INFO 7d2f705fd6c0> CORE::BYTES::UPDATES_OUT 301974392
<INFO 7d2f705fd6c0> CORE::BYTES::UPDATES_IN 285749120
<INFO 7d2f70dfe6c0> CORE::BYTES::EDGES_STREAMED 1096328124
<INFO 7d2f70dfe6c0> CORE::BYTES::UPDATES_OUT 309842672
<INFO 7d2f70dfe6c0> CORE::BYTES::UPDATES_IN 301294936
<INFO 7d2f736036c0> CORE::PARTITIONS_PROCESSED 86
<INFO 7d2f736036c0> CORE::BYTES::EDGES_STREAMED 1082215536
<INFO 7d2f736036c0> CORE::BYTES::UPDATES_OUT 293071632
<INFO 7d2f736036c0> CORE::BYTES::UPDATES_IN 284986704
<INFO 7d2f726016c0> CORE::PARTITIONS_PROCESSED 84
<INFO 7d2f726016c0> CORE::BYTES::EDGES_STREAMED 1097950860
<INFO 7d2f726016c0> CORE::BYTES::UPDATES_OUT 314980784
<INFO 7d2f726016c0> CORE::BYTES::UPDATES_IN 318064480
<INFO 7d2f6c5f56c0> CORE::PARTITIONS_PROCESSED 82
<INFO 7d2f6c5f56c0> CORE::BYTES::EDGES_STREAMED 1106974692
<INFO 7d2f6c5f56c0> CORE::BYTES::UPDATES_OUT 310249944
<INFO 7d2f715ff6c0> CORE::PARTITIONS_PROCESSED 116
<INFO 7d2f6e5f96c0> CORE::PARTITIONS_PROCESSED 85
<INFO 7d2f6e5f96c0> CORE::BYTES::EDGES_STREAMED 1314233928
<INFO 7d2f6c5f56c0> CORE::BYTES::UPDATES_IN 286292744
<INFO 7d2f715ff6c0> CORE::BYTES::EDGES_STREAMED 1188709440
<INFO 7d2f715ff6c0> CORE::BYTES::UPDATES_OUT 362560288
<INFO 7d2f715ff6c0> CORE::BYTES::UPDATES_IN 494550272
<INFO 7d2f6e5f96c0> CORE::BYTES::UPDATES_OUT 439450408
<INFO 7d2f6e5f96c0> CORE::BYTES::UPDATES_IN 486658760
<INFO 7d31745052c0> CORE::RUSAGE::MAX_RSS_KB 8394248
<INFO 7d31745052c0> CORE::RUSAGE::MINFLT 2097536
<INFO 7d31745052c0> CORE::RUSAGE::MAJFLT 0
<INFO 7d31745052c0> CORE::RUSAGE::MAJFLT 0
<INFO 7d31745052c0> CORE::RUSAGE::INBLK 3221936
<INFO 7d31745052c0> CORE::RUSAGE::OUBLK 123104
<INFO 7d31745052c0> CORE::UTILS::BYTES_READ 1649631232
<INFO 7d31745052c0> CORE::UTILS::BYTES_WRITTEN 63021056
<INFO 7d31745052c0> CORE::TIME::IO_WAIT 4.4831 seconds
<INFO 7d31745052c0> CORE::PHASES 13
<INFO 7d31745052c0> CORE::TIME::SETUP 3.45067 seconds
<INFO 7d31745052c0> CORE::TIME::STATE_ITER 0.021067 seconds
<INFO 7d31745052c0> CORE::TIME::GATHER 1.69778 seconds
<INFO 7d31745052c0> CORE::TIME::SCATTER 6.586 seconds
<INFO 7d31745052c0> TIME_IN_PC_FN 1.51108 seconds
<INFO 7d31745052c0> CORE::TIME::WALL 12.2323 seconds
<INFO 7d31745052c0> SHUTDOWN
