<INFO 7aa4afc882c0> STARTUP
<INFO 7aa4afc882c0> CORE::GRAPH soc-LiveJournal1-dir
<INFO 7aa4afc882c0> CORE::ALGORITHM spmv
<INFO 7aa4afc882c0> SG-DRIVER-ORIGINAL
<WARNING 7aa4afc882c0> Disk count not specified, assuming it to be 1
<INFO 7aa4afc882c0> CORE::CONFIG::PROCESSORS 16
<INFO 7aa4afc882c0> CORE::CONFIG::PHYSICAL_MEMORY 134217728
<INFO 7aa4afc882c0> CORE::CONFIG::VERTICES 4847571
<INFO 7aa4afc882c0> CORE::CONFIG::VERTEX_SIZE 8
<INFO 7aa4afc882c0> CORE::CONFIG::VERTEX_BUFFER 38780928
<INFO 7aa4afc882c0> CORE::CONFIG::EDGES 68993773
<INFO 7aa4afc882c0> CORE::CONFIG::PARTITIONS 128
<INFO 7aa4afc882c0> CORE::CONFIG::FANOUT 128
<INFO 7aa4afc882c0> CORE::CONFIG::SUPER_PARTITIONS 1
<INFO 7aa4afc882c0> CORE::CONFIG::STREAM_UNIT 8388608
<INFO 7aa4afc882c0> CORE::CONFIG::BUFFER_SIZE 17403187
<INFO 7aa4afc882c0> CORE::CONFIG::IO_NUMIOQS 1
<INFO 7aa4afc882c0> CORE::CONFIG::MAX_BUFFERS 4
<INFO 7aa4afc882c0> CORE::CONFIG::MAX_STREAMS 5
<WARNING 7aa4afc882c0> No mount point specified for disk0, falling back to current directory
my size is 827925276
<INFO 7aa4afc882c0> CORE::PARTITIONS_PROCESSED 205
<INFO 7aa4afc882c0> CORE::BYTES::EDGES_STREAMED 53309340
<INFO 7aa4afc882c0> CORE::BYTES::UPDATES_OUT 35539560
<INFO 7aa4afc882c0> CORE::BYTES::UPDATES_IN 27878200
<INFO 7aa4a3dff6c0> CORE::PARTITIONS_PROCESSED 194
<INFO 7aa4a2dfd6c0> CORE::PARTITIONS_PROCESSED 337
<INFO 7aa4a35fe6c0> CORE::PARTITIONS_PROCESSED 217
<INFO 7aa4a2dfd6c0> CORE::BYTES::EDGES_STREAMED 56454048
<INFO 7aa4a2dfd6c0> CORE::BYTES::UPDATES_OUT 37636032
<INFO 7aa4a56026c0> CORE::PARTITIONS_PROCESSED 241
<INFO 7aa4a35fe6c0> CORE::BYTES::EDGES_STREAMED 43937832
<INFO 7aa4a15fa6c0> CORE::PARTITIONS_PROCESSED 300
<INFO 7aa4a35fe6c0> CORE::BYTES::UPDATES_OUT 29291888
<INFO 7aa4a2dfd6c0> CORE::BYTES::UPDATES_IN 45324656
<INFO 7aa4a35fe6c0> CORE::BYTES::UPDATES_IN 29203096
<INFO 7aa4a3dff6c0> CORE::BYTES::EDGES_STREAMED 51007032
<INFO 7aa4a3dff6c0> CORE::BYTES::UPDATES_OUT 34004688
<INFO 7aa4a05f86c0> CORE::PARTITIONS_PROCESSED 241
<INFO 7aa4a15fa6c0> CORE::BYTES::EDGES_STREAMED 57916272
<INFO 7aa4a3dff6c0> CORE::BYTES::UPDATES_IN 26309776
<INFO 7aa4a05f86c0> CORE::BYTES::EDGES_STREAMED 41680164
<INFO 7aa4a15fa6c0> CORE::BYTES::UPDATES_OUT 38610848
<INFO 7aa4a15fa6c0> CORE::BYTES::UPDATES_IN 39916272
<INFO 7aa4a56026c0> CORE::BYTES::EDGES_STREAMED 66666648
<INFO 7aa4a56026c0> CORE::BYTES::UPDATES_OUT 44444432
<INFO 7aa4a56026c0> CORE::BYTES::UPDATES_IN 32925216
<INFO 7aa4a05f86c0> CORE::BYTES::UPDATES_OUT 27786776
<INFO 7aa4a05f86c0> CORE::BYTES::UPDATES_IN 32049504
<INFO 7aa4a46006c0> CORE::PARTITIONS_PROCESSED 342
<INFO 7aa4a46006c0> CORE::BYTES::EDGES_STREAMED 49084308
<INFO 7aa4a46006c0> CORE::BYTES::UPDATES_OUT 32722872
<INFO 7aa4a46006c0> CORE::BYTES::UPDATES_IN 46526536
<INFO 7aa4a66046c0> CORE::PARTITIONS_PROCESSED 232
<INFO 7aa4a6e056c0> CORE::PARTITIONS_PROCESSED 236
<INFO 7aa4a1dfb6c0> CORE::PARTITIONS_PROCESSED 264
<INFO 7aa4a6e056c0> CORE::BYTES::EDGES_STREAMED 46628016
<INFO 7aa4a1dfb6c0> CORE::BYTES::EDGES_STREAMED 45966660
<INFO 7aa49fdf76c0> CORE::PARTITIONS_PROCESSED 234
<INFO 7aa4a6e056c0> CORE::BYTES::UPDATES_OUT 31085344
<INFO 7aa4a6e056c0> CORE::BYTES::UPDATES_IN 31583048
<INFO 7aa49fdf76c0> CORE::BYTES::EDGES_STREAMED 43179264
<INFO 7aa49fdf76c0> CORE::BYTES::UPDATES_OUT 28786176
<INFO 7aa49fdf76c0> CORE::BYTES::UPDATES_IN 31812992
<INFO 7aa4a1dfb6c0> CORE::BYTES::UPDATES_OUT 30644440
<INFO 7aa4a4e016c0> CORE::PARTITIONS_PROCESSED 413
<INFO 7aa4a4e016c0> CORE::BYTES::EDGES_STREAMED 64419912
<INFO 7aa4a4e016c0> CORE::BYTES::UPDATES_OUT 42946608
<INFO 7aa4a4e016c0> CORE::BYTES::UPDATES_IN 55615776
<INFO 7aa4a1dfb6c0> CORE::BYTES::UPDATES_IN 35378864
<INFO 7aa4a5e036c0> CORE::PARTITIONS_PROCESSED 198
<INFO 7aa4a5e036c0> CORE::BYTES::EDGES_STREAMED 56206332
<INFO 7aa4a5e036c0> CORE::BYTES::UPDATES_OUT 37470888
<INFO 7aa4a5e036c0> CORE::BYTES::UPDATES_IN 26957048
<INFO 7aa4a0df96c0> CORE::PARTITIONS_PROCESSED 179
<INFO 7aa4a0df96c0> CORE::BYTES::EDGES_STREAMED 43858848
<INFO 7aa4a0df96c0> CORE::BYTES::UPDATES_OUT 29239232
<INFO 7aa4a0df96c0> CORE::BYTES::UPDATES_IN 24209608
<INFO 7aa4a66046c0> CORE::BYTES::EDGES_STREAMED 56867172
<INFO 7aa4a66046c0> CORE::BYTES::UPDATES_OUT 37911448
<INFO 7aa4a66046c0> CORE::BYTES::UPDATES_IN 31191896
<INFO 7aa4a25fc6c0> CORE::PARTITIONS_PROCESSED 263
<INFO 7aa4a25fc6c0> CORE::BYTES::EDGES_STREAMED 50743428
<INFO 7aa4a25fc6c0> CORE::BYTES::UPDATES_OUT 33828952
<INFO 7aa4a25fc6c0> CORE::BYTES::UPDATES_IN 35067696
<INFO 7aa4afc882c0> CORE::RUSAGE::MAX_RSS_KB 136800
<INFO 7aa4afc882c0> CORE::RUSAGE::MINFLT 33142
<INFO 7aa4afc882c0> CORE::RUSAGE::MAJFLT 0
<INFO 7aa4afc882c0> CORE::RUSAGE::MAJFLT 0
<INFO 7aa4afc882c0> CORE::RUSAGE::INBLK 4312128
<INFO 7aa4afc882c0> CORE::RUSAGE::OUBLK 1153792
<INFO 7aa4afc882c0> CORE::UTILS::BYTES_READ 2207809536
<INFO 7aa4afc882c0> CORE::UTILS::BYTES_WRITTEN 590733312
<INFO 7aa4afc882c0> CORE::TIME::IO_WAIT 3.14896 seconds
<INFO 7aa4afc882c0> CORE::PHASES 2
<INFO 7aa4afc882c0> CORE::TIME::SETUP 0.069976 seconds
<INFO 7aa4afc882c0> CORE::TIME::STATE_ITER 0.023997 seconds
<INFO 7aa4afc882c0> CORE::TIME::GATHER 2.239 seconds
<INFO 7aa4afc882c0> CORE::TIME::SCATTER 7.12 seconds
<INFO 7aa4afc882c0> TIME_IN_PC_FN 0.114565 seconds
<INFO 7aa4afc882c0> CORE::TIME::WALL 9.59651 seconds
<INFO 7aa4afc882c0> SHUTDOWN
