<INFO 7fdf01b0c2c0> STARTUP
<INFO 7fdf01b0c2c0> CORE::GRAPH soc-LiveJournal1-dir
<INFO 7fdf01b0c2c0> CORE::ALGORITHM spmv
<INFO 7fdf01b0c2c0> SG-DRIVER-ORIGINAL
<WARNING 7fdf01b0c2c0> Disk count not specified, assuming it to be 1
<INFO 7fdf01b0c2c0> CORE::CONFIG::PROCESSORS 16
<INFO 7fdf01b0c2c0> CORE::CONFIG::PHYSICAL_MEMORY 67108864
<INFO 7fdf01b0c2c0> CORE::CONFIG::VERTICES 4847571
<INFO 7fdf01b0c2c0> CORE::CONFIG::VERTEX_SIZE 8
<INFO 7fdf01b0c2c0> CORE::CONFIG::VERTEX_BUFFER 38780928
<INFO 7fdf01b0c2c0> CORE::CONFIG::EDGES 68993773
<INFO 7fdf01b0c2c0> CORE::CONFIG::PARTITIONS 128
<INFO 7fdf01b0c2c0> CORE::CONFIG::FANOUT 128
<INFO 7fdf01b0c2c0> CORE::CONFIG::SUPER_PARTITIONS 1
<INFO 7fdf01b0c2c0> CORE::CONFIG::STREAM_UNIT 4194304
<INFO 7fdf01b0c2c0> CORE::CONFIG::BUFFER_SIZE 4820275
<INFO 7fdf01b0c2c0> CORE::CONFIG::IO_NUMIOQS 1
<INFO 7fdf01b0c2c0> CORE::CONFIG::MAX_BUFFERS 4
<INFO 7fdf01b0c2c0> CORE::CONFIG::MAX_STREAMS 5
<WARNING 7fdf01b0c2c0> No mount point specified for disk0, falling back to current directory
my size is 827925276
<INFO 7fdf01b0c2c0> CORE::PARTITIONS_PROCESSED 865
<INFO 7fdf01b0c2c0> CORE::BYTES::EDGES_STREAMED 47047476
<INFO 7fdf01b0c2c0> CORE::BYTES::UPDATES_OUT 31364984
<INFO 7fdf01b0c2c0> CORE::BYTES::UPDATES_IN 32544400
<INFO 7fdef73fa6c0> CORE::PARTITIONS_PROCESSED 1077
<INFO 7fdef73fa6c0> CORE::BYTES::EDGES_STREAMED 51334908
<INFO 7fdef73fa6c0> CORE::BYTES::UPDATES_OUT 34223272
<INFO 7fdef9bff6c0> CORE::PARTITIONS_PROCESSED 718
<INFO 7fdefbc036c0> CORE::PARTITIONS_PROCESSED 930
<INFO 7fdef8bfd6c0> CORE::PARTITIONS_PROCESSED 903
<INFO 7fdef9bff6c0> CORE::BYTES::EDGES_STREAMED 39906756
<INFO 7fdef9bff6c0> CORE::BYTES::UPDATES_OUT 26604504
<INFO 7fdef9bff6c0> CORE::BYTES::UPDATES_IN 27043168
<INFO 7fdef8bfd6c0> CORE::BYTES::EDGES_STREAMED 48916896
<INFO 7fdefbc036c0> CORE::BYTES::EDGES_STREAMED 51926808
<INFO 7fdef8bfd6c0> CORE::BYTES::UPDATES_OUT 32611264
<INFO 7fdefbc036c0> CORE::BYTES::UPDATES_OUT 34617872
<INFO 7fdef8bfd6c0> CORE::BYTES::UPDATES_IN 33722784
<INFO 7fdefa4006c0> CORE::PARTITIONS_PROCESSED 826
<INFO 7fdef83fc6c0> CORE::PARTITIONS_PROCESSED 783
<INFO 7fdefcc056c0> CORE::PARTITIONS_PROCESSED 879
<INFO 7fdefbc036c0> CORE::BYTES::UPDATES_IN 34854968
<INFO 7fdefa4006c0> CORE::BYTES::EDGES_STREAMED 53223936
<INFO 7fdef73fa6c0> CORE::BYTES::UPDATES_IN 40064824
<INFO 7fdef7bfb6c0> CORE::PARTITIONS_PROCESSED 1112
<INFO 7fdef7bfb6c0> CORE::BYTES::EDGES_STREAMED 52510536
<INFO 7fdef7bfb6c0> CORE::BYTES::UPDATES_OUT 35007024
<INFO 7fdef7bfb6c0> CORE::BYTES::UPDATES_IN 41500912
<INFO 7fdefb4026c0> CORE::PARTITIONS_PROCESSED 1121
<INFO 7fdefb4026c0> CORE::BYTES::EDGES_STREAMED 49494936
<INFO 7fdefb4026c0> CORE::BYTES::UPDATES_OUT 32996624
<INFO 7fdefb4026c0> CORE::BYTES::UPDATES_IN 42028864
<INFO 7fdef63f86c0> CORE::PARTITIONS_PROCESSED 1072
<INFO 7fdef63f86c0> CORE::BYTES::EDGES_STREAMED 51652104
<INFO 7fdef63f86c0> CORE::BYTES::UPDATES_OUT 34434736
<INFO 7fdef63f86c0> CORE::BYTES::UPDATES_IN 39984912
<INFO 7fdef6bf96c0> CORE::PARTITIONS_PROCESSED 993
<INFO 7fdef6bf96c0> CORE::BYTES::EDGES_STREAMED 49549728
<INFO 7fdef6bf96c0> CORE::BYTES::UPDATES_OUT 33033152
<INFO 7fdef6bf96c0> CORE::BYTES::UPDATES_IN 37453448
<INFO 7fdef5bf76c0> CORE::PARTITIONS_PROCESSED 808
<INFO 7fdef5bf76c0> CORE::BYTES::EDGES_STREAMED 59982252
<INFO 7fdef5bf76c0> CORE::BYTES::UPDATES_OUT 39988168
<INFO 7fdef5bf76c0> CORE::BYTES::UPDATES_IN 30178920
<INFO 7fdefcc056c0> CORE::BYTES::EDGES_STREAMED 50955948
<INFO 7fdefcc056c0> CORE::BYTES::UPDATES_OUT 33970632
<INFO 7fdefcc056c0> CORE::BYTES::UPDATES_IN 33185808
<INFO 7fdefac016c0> CORE::PARTITIONS_PROCESSED 917
<INFO 7fdefc4046c0> CORE::PARTITIONS_PROCESSED 935
<INFO 7fdefc4046c0> CORE::BYTES::EDGES_STREAMED 57367776
<INFO 7fdefc4046c0> CORE::BYTES::UPDATES_OUT 38245184
<INFO 7fdefc4046c0> CORE::BYTES::UPDATES_IN 34949128
<INFO 7fdef83fc6c0> CORE::BYTES::EDGES_STREAMED 53587272
<INFO 7fdef83fc6c0> CORE::BYTES::UPDATES_OUT 35724848
<INFO 7fdef83fc6c0> CORE::BYTES::UPDATES_IN 29447568
<INFO 7fdefac016c0> CORE::BYTES::EDGES_STREAMED 56667960
<INFO 7fdefa4006c0> CORE::BYTES::UPDATES_OUT 35482624
<INFO 7fdefa4006c0> CORE::BYTES::UPDATES_IN 31097856
<INFO 7fdefac016c0> CORE::BYTES::UPDATES_OUT 37778640
<INFO 7fdefac016c0> CORE::BYTES::UPDATES_IN 34525200
<INFO 7fdef93fe6c0> CORE::PARTITIONS_PROCESSED 781
<INFO 7fdef93fe6c0> CORE::BYTES::EDGES_STREAMED 53799984
<INFO 7fdef93fe6c0> CORE::BYTES::UPDATES_OUT 35866656
<INFO 7fdef93fe6c0> CORE::BYTES::UPDATES_IN 29367424
<INFO 7fdf01b0c2c0> CORE::RUSAGE::MAX_RSS_KB 71148
<INFO 7fdf01b0c2c0> CORE::RUSAGE::MINFLT 16757
<INFO 7fdf01b0c2c0> CORE::RUSAGE::MAJFLT 0
<INFO 7fdf01b0c2c0> CORE::RUSAGE::MAJFLT 0
<INFO 7fdf01b0c2c0> CORE::RUSAGE::INBLK 4312128
<INFO 7fdf01b0c2c0> CORE::RUSAGE::OUBLK 1153792
<INFO 7fdf01b0c2c0> CORE::UTILS::BYTES_READ 2207809536
<INFO 7fdf01b0c2c0> CORE::UTILS::BYTES_WRITTEN 590733312
<INFO 7fdf01b0c2c0> CORE::TIME::IO_WAIT 3.04817 seconds
<INFO 7fdf01b0c2c0> CORE::PHASES 2
<INFO 7fdf01b0c2c0> CORE::TIME::SETUP 0.035763 seconds
<INFO 7fdf01b0c2c0> CORE::TIME::STATE_ITER 0.026996 seconds
<INFO 7fdf01b0c2c0> CORE::TIME::GATHER 3.907 seconds
<INFO 7fdf01b0c2c0> CORE::TIME::SCATTER 18.922 seconds
<INFO 7fdf01b0c2c0> TIME_IN_PC_FN 0.155518 seconds
<INFO 7fdf01b0c2c0> CORE::TIME::WALL 23.0297 seconds
<INFO 7fdf01b0c2c0> SHUTDOWN
