<INFO 79d9427412c0> STARTUP
<INFO 79d9427412c0> CORE::GRAPH soc-LiveJournal1-sym
<INFO 79d9427412c0> CORE::ALGORITHM cc
<INFO 79d9427412c0> SG-DRIVER-ORIGINAL
<WARNING 79d9427412c0> Disk count not specified, assuming it to be 1
<INFO 79d9427412c0> CORE::CONFIG::PROCESSORS 16
<INFO 79d9427412c0> CORE::CONFIG::PHYSICAL_MEMORY 67108864
<INFO 79d9427412c0> CORE::CONFIG::VERTICES 4847571
<INFO 79d9427412c0> CORE::CONFIG::VERTEX_SIZE 13
<INFO 79d9427412c0> CORE::CONFIG::VERTEX_BUFFER 31510528
<INFO 79d9427412c0> CORE::CONFIG::EDGES 137469164
<INFO 79d9427412c0> CORE::CONFIG::PARTITIONS 64
<INFO 79d9427412c0> CORE::CONFIG::FANOUT 64
<INFO 79d9427412c0> CORE::CONFIG::SUPER_PARTITIONS 2
<INFO 79d9427412c0> CORE::CONFIG::STREAM_UNIT 2097152
<INFO 79d9427412c0> CORE::CONFIG::BUFFER_SIZE 6694707
<INFO 79d9427412c0> CORE::CONFIG::IO_NUMIOQS 1
<INFO 79d9427412c0> CORE::CONFIG::MAX_BUFFERS 4
<INFO 79d9427412c0> CORE::CONFIG::MAX_STREAMS 5
<WARNING 79d9427412c0> No mount point specified for disk0, falling back to current directory
my size is 1649629968
<INFO 79d9427412c0> ALGORITHM::CC::CC_COUNT 1876
<INFO 79d9427412c0> CORE::PARTITIONS_PROCESSED 3222
<INFO 79d9427412c0> CORE::BYTES::EDGES_STREAMED 1123066404
<INFO 79d9427412c0> CORE::BYTES::UPDATES_OUT 299967176
<INFO 79d9427412c0> CORE::BYTES::UPDATES_IN 330488800
<INFO 79d9387f86c0> CORE::PARTITIONS_PROCESSED 2974
<INFO 79d9367f46c0> CORE::PARTITIONS_PROCESSED 3061
<INFO 79d9387f86c0> CORE::BYTES::EDGES_STREAMED 1148448204
<INFO 79d93b7fe6c0> CORE::PARTITIONS_PROCESSED 3174
<INFO 79d93b7fe6c0> CORE::BYTES::EDGES_STREAMED 1153012968
<INFO 79d9367f46c0> CORE::BYTES::EDGES_STREAMED 1102688220
<INFO 79d9367f46c0> CORE::BYTES::UPDATES_OUT 327439000
<INFO 79d9367f46c0> CORE::BYTES::UPDATES_IN 316299928
<INFO 79d93d8026c0> CORE::PARTITIONS_PROCESSED 3191
<INFO 79d93d8026c0> CORE::BYTES::EDGES_STREAMED 1117584276
<INFO 79d93d8026c0> CORE::BYTES::UPDATES_OUT 311866312
<INFO 79d93d8026c0> CORE::BYTES::UPDATES_IN 327535744
<INFO 79d93affd6c0> CORE::PARTITIONS_PROCESSED 3091
<INFO 79d93affd6c0> CORE::BYTES::EDGES_STREAMED 1071290352
<INFO 79d93affd6c0> CORE::BYTES::UPDATES_OUT 312523368
<INFO 79d93affd6c0> CORE::BYTES::UPDATES_IN 319164080
<INFO 79d938ff96c0> CORE::PARTITIONS_PROCESSED 3139
<INFO 79d936ff56c0> CORE::PARTITIONS_PROCESSED 2912
<INFO 79d93bfff6c0> CORE::PARTITIONS_PROCESSED 3233
<INFO 79d9387f86c0> CORE::BYTES::UPDATES_OUT 329817048
<INFO 79d9397fa6c0> CORE::PARTITIONS_PROCESSED 3207
<INFO 79d9377f66c0> CORE::PARTITIONS_PROCESSED 2872
<INFO 79d93a7fc6c0> CORE::PARTITIONS_PROCESSED 3221
<INFO 79d939ffb6c0> CORE::PARTITIONS_PROCESSED 2916
<INFO 79d937ff76c0> CORE::PARTITIONS_PROCESSED 3216
<INFO 79d939ffb6c0> CORE::BYTES::EDGES_STREAMED 1115170260
<INFO 79d93b7fe6c0> CORE::BYTES::UPDATES_OUT 325219384
<INFO 79d939ffb6c0> CORE::BYTES::UPDATES_OUT 311340304
<INFO 79d93b7fe6c0> CORE::BYTES::UPDATES_IN 328975784
<INFO 79d9397fa6c0> CORE::BYTES::EDGES_STREAMED 1122218712
<INFO 79d936ff56c0> CORE::BYTES::EDGES_STREAMED 1134615648
<INFO 79d93a7fc6c0> CORE::BYTES::EDGES_STREAMED 1155926508
<INFO 79d9387f86c0> CORE::BYTES::UPDATES_IN 306467352
<INFO 79d93a7fc6c0> CORE::BYTES::UPDATES_OUT 331438512
<INFO 79d93d0016c0> CORE::PARTITIONS_PROCESSED 3057
<INFO 79d93bfff6c0> CORE::BYTES::EDGES_STREAMED 1081939176
<INFO 79d93bfff6c0> CORE::BYTES::UPDATES_OUT 297082400
<INFO 79d9377f66c0> CORE::BYTES::EDGES_STREAMED 1114048716
<INFO 79d9377f66c0> CORE::BYTES::UPDATES_OUT 311659888
<INFO 79d9377f66c0> CORE::BYTES::UPDATES_IN 294960064
<INFO 79d938ff96c0> CORE::BYTES::EDGES_STREAMED 1081558740
<INFO 79d938ff96c0> CORE::BYTES::UPDATES_OUT 316211808
<INFO 79d938ff96c0> CORE::BYTES::UPDATES_IN 325887512
<INFO 79d937ff76c0> CORE::BYTES::EDGES_STREAMED 1178109756
<INFO 79d937ff76c0> CORE::BYTES::UPDATES_OUT 320864072
<INFO 79d937ff76c0> CORE::BYTES::UPDATES_IN 332840048
<INFO 79d93c8006c0> CORE::PARTITIONS_PROCESSED 3025
<INFO 79d93c8006c0> CORE::BYTES::EDGES_STREAMED 1125087084
<INFO 79d93c8006c0> CORE::BYTES::UPDATES_OUT 326706280
<INFO 79d93c8006c0> CORE::BYTES::UPDATES_IN 312588440
<INFO 79d93a7fc6c0> CORE::BYTES::UPDATES_IN 330757616
<INFO 79d939ffb6c0> CORE::BYTES::UPDATES_IN 301625248
<INFO 79d93d0016c0> CORE::BYTES::EDGES_STREAMED 1102571952
<INFO 79d93d0016c0> CORE::BYTES::UPDATES_OUT 328438784
<INFO 79d93d0016c0> CORE::BYTES::UPDATES_IN 314228408
<INFO 79d93bfff6c0> CORE::BYTES::UPDATES_IN 333217688
<INFO 79d9397fa6c0> CORE::BYTES::UPDATES_OUT 326424472
<INFO 79d9397fa6c0> CORE::BYTES::UPDATES_IN 332605952
<INFO 79d936ff56c0> CORE::BYTES::UPDATES_OUT 326943728
<INFO 79d936ff56c0> CORE::BYTES::UPDATES_IN 296299872
<INFO 79d9427412c0> CORE::RUSAGE::MAX_RSS_KB 70908
<INFO 79d9427412c0> CORE::RUSAGE::MINFLT 16755
<INFO 79d9427412c0> CORE::RUSAGE::MAJFLT 0
<INFO 79d9427412c0> CORE::RUSAGE::MAJFLT 0
<INFO 79d9427412c0> CORE::RUSAGE::INBLK 56553000
<INFO 79d9427412c0> CORE::RUSAGE::OUBLK 14790952
<INFO 79d9427412c0> CORE::UTILS::BYTES_READ 28955136000
<INFO 79d9427412c0> CORE::UTILS::BYTES_WRITTEN 7572955136
<INFO 79d9427412c0> CORE::TIME::IO_WAIT 54.8962 seconds
<INFO 79d9427412c0> CORE::PHASES 13
<INFO 79d9427412c0> CORE::TIME::SETUP 0.038879 seconds
<INFO 79d9427412c0> CORE::TIME::STATE_ITER 0.035018 seconds
<INFO 79d9427412c0> CORE::TIME::GATHER 34.1236 seconds
<INFO 79d9427412c0> CORE::TIME::SCATTER 181.943 seconds
<INFO 79d9427412c0> TIME_IN_PC_FN 2.67056 seconds
<INFO 79d9427412c0> CORE::TIME::WALL 243.765 seconds
<INFO 79d9427412c0> SHUTDOWN
