<INFO 791c0e0dd2c0> STARTUP
<INFO 791c0e0dd2c0> CORE::GRAPH soc-LiveJournal1-dir
<INFO 791c0e0dd2c0> CORE::ALGORITHM spmv
<INFO 791c0e0dd2c0> SG-DRIVER-ORIGINAL
<WARNING 791c0e0dd2c0> Disk count not specified, assuming it to be 1
<INFO 791c0e0dd2c0> CORE::CONFIG::PROCESSORS 16
<INFO 791c0e0dd2c0> CORE::CONFIG::PHYSICAL_MEMORY 268435456
<INFO 791c0e0dd2c0> CORE::CONFIG::VERTICES 4847571
<INFO 791c0e0dd2c0> CORE::CONFIG::VERTEX_SIZE 8
<INFO 791c0e0dd2c0> CORE::CONFIG::VERTEX_BUFFER 38780928
<INFO 791c0e0dd2c0> CORE::CONFIG::EDGES 68993773
<INFO 791c0e0dd2c0> CORE::CONFIG::PARTITIONS 128
<INFO 791c0e0dd2c0> CORE::CONFIG::FANOUT 128
<INFO 791c0e0dd2c0> CORE::CONFIG::SUPER_PARTITIONS 1
<INFO 791c0e0dd2c0> CORE::CONFIG::STREAM_UNIT 16777216
<INFO 791c0e0dd2c0> CORE::CONFIG::BUFFER_SIZE 42569011
<INFO 791c0e0dd2c0> CORE::CONFIG::IO_NUMIOQS 1
<INFO 791c0e0dd2c0> CORE::CONFIG::MAX_BUFFERS 4
<INFO 791c0e0dd2c0> CORE::CONFIG::MAX_STREAMS 5
<WARNING 791c0e0dd2c0> No mount point specified for disk0, falling back to current directory
my size is 827925276
<INFO 791c0e0dd2c0> CORE::PARTITIONS_PROCESSED 80
<INFO 791c0e0dd2c0> CORE::BYTES::EDGES_STREAMED 56319900
<INFO 791c0e0dd2c0> CORE::BYTES::UPDATES_OUT 37546600
<INFO 791c0e0dd2c0> CORE::BYTES::UPDATES_IN 26643912
<INFO 791bfc2036c0> CORE::PARTITIONS_PROCESSED 83
<INFO 791bf81fb6c0> CORE::PARTITIONS_PROCESSED 108
<INFO 791bfc2036c0> CORE::BYTES::EDGES_STREAMED 66587892
<INFO 791bf61f76c0> CORE::PARTITIONS_PROCESSED 118
<INFO 791bf81fb6c0> CORE::BYTES::EDGES_STREAMED 49953768
<INFO 791bf81fb6c0> CORE::BYTES::UPDATES_OUT 33302512
<INFO 791bf99fe6c0> CORE::PARTITIONS_PROCESSED 109
<INFO 791bf61f76c0> CORE::BYTES::EDGES_STREAMED 41648940
<INFO 791bf81fb6c0> CORE::BYTES::UPDATES_IN 35822880
<INFO 791bfc2036c0> CORE::BYTES::UPDATES_OUT 44391928
<INFO 791bfd2056c0> CORE::PARTITIONS_PROCESSED 102
<INFO 791bfc2036c0> CORE::BYTES::UPDATES_IN 27605176
<INFO 791bfd2056c0> CORE::BYTES::EDGES_STREAMED 67240560
<INFO 791bfd2056c0> CORE::BYTES::UPDATES_OUT 44827040
<INFO 791bfb2016c0> CORE::PARTITIONS_PROCESSED 100
<INFO 791bfba026c0> CORE::PARTITIONS_PROCESSED 119
<INFO 791bf61f76c0> CORE::BYTES::UPDATES_OUT 27765960
<INFO 791bfba026c0> CORE::BYTES::EDGES_STREAMED 42115152
<INFO 791bfba026c0> CORE::BYTES::UPDATES_OUT 28076768
<INFO 791bf99fe6c0> CORE::BYTES::EDGES_STREAMED 40593000
<INFO 791bf99fe6c0> CORE::BYTES::UPDATES_OUT 27062000
<INFO 791bfb2016c0> CORE::BYTES::EDGES_STREAMED 53341668
<INFO 791bfb2016c0> CORE::BYTES::UPDATES_OUT 35561112
<INFO 791bf69f86c0> CORE::PARTITIONS_PROCESSED 91
<INFO 791bf69f86c0> CORE::BYTES::EDGES_STREAMED 47114556
<INFO 791bfa1ff6c0> CORE::PARTITIONS_PROCESSED 106
<INFO 791bf61f76c0> CORE::BYTES::UPDATES_IN 39164728
<INFO 791bfa1ff6c0> CORE::BYTES::EDGES_STREAMED 49996896
<INFO 791bfb2016c0> CORE::BYTES::UPDATES_IN 33232296
<INFO 791bf99fe6c0> CORE::BYTES::UPDATES_IN 36021592
<INFO 791bfba026c0> CORE::BYTES::UPDATES_IN 39639448
<INFO 791bfaa006c0> CORE::PARTITIONS_PROCESSED 100
<INFO 791bfa1ff6c0> CORE::BYTES::UPDATES_OUT 33331264
<INFO 791bfaa006c0> CORE::BYTES::EDGES_STREAMED 44800788
<INFO 791bfa1ff6c0> CORE::BYTES::UPDATES_IN 35225776
<INFO 791bfd2056c0> CORE::BYTES::UPDATES_IN 33789336
<INFO 791bf71f96c0> CORE::PARTITIONS_PROCESSED 91
<INFO 791bf89fc6c0> CORE::PARTITIONS_PROCESSED 108
<INFO 791bf71f96c0> CORE::BYTES::EDGES_STREAMED 65901432
<INFO 791bf71f96c0> CORE::BYTES::UPDATES_OUT 43934288
<INFO 791bf71f96c0> CORE::BYTES::UPDATES_IN 30241288
<INFO 791bfaa006c0> CORE::BYTES::UPDATES_OUT 29867192
<INFO 791bf79fa6c0> CORE::PARTITIONS_PROCESSED 121
<INFO 791bfca046c0> CORE::PARTITIONS_PROCESSED 100
<INFO 791bf79fa6c0> CORE::BYTES::EDGES_STREAMED 58216416
<INFO 791bf91fd6c0> CORE::PARTITIONS_PROCESSED 128
<INFO 791bfca046c0> CORE::BYTES::EDGES_STREAMED 54580716
<INFO 791bfaa006c0> CORE::BYTES::UPDATES_IN 33196000
<INFO 791bf89fc6c0> CORE::BYTES::EDGES_STREAMED 36600948
<INFO 791bf89fc6c0> CORE::BYTES::UPDATES_OUT 24400632
<INFO 791bf91fd6c0> CORE::BYTES::EDGES_STREAMED 52912644
<INFO 791bf91fd6c0> CORE::BYTES::UPDATES_OUT 35275096
<INFO 791bfca046c0> CORE::BYTES::UPDATES_OUT 36387144
<INFO 791bf79fa6c0> CORE::BYTES::UPDATES_OUT 38810944
<INFO 791bf79fa6c0> CORE::BYTES::UPDATES_IN 39857312
<INFO 791bf89fc6c0> CORE::BYTES::UPDATES_IN 35747568
<INFO 791bfca046c0> CORE::BYTES::UPDATES_IN 33153000
<INFO 791bf69f86c0> CORE::BYTES::UPDATES_OUT 31409704
<INFO 791bf69f86c0> CORE::BYTES::UPDATES_IN 30075640
<INFO 791bf91fd6c0> CORE::BYTES::UPDATES_IN 42534232
<INFO 791c0e0dd2c0> CORE::RUSAGE::MAX_RSS_KB 267748
<INFO 791c0e0dd2c0> CORE::RUSAGE::MINFLT 65921
<INFO 791c0e0dd2c0> CORE::RUSAGE::MAJFLT 0
<INFO 791c0e0dd2c0> CORE::RUSAGE::MAJFLT 0
<INFO 791c0e0dd2c0> CORE::RUSAGE::INBLK 4312128
<INFO 791c0e0dd2c0> CORE::RUSAGE::OUBLK 1153792
<INFO 791c0e0dd2c0> CORE::UTILS::BYTES_READ 2207809536
<INFO 791c0e0dd2c0> CORE::UTILS::BYTES_WRITTEN 590733312
<INFO 791c0e0dd2c0> CORE::TIME::IO_WAIT 6.13222 seconds
<INFO 791c0e0dd2c0> CORE::PHASES 2
<INFO 791c0e0dd2c0> CORE::TIME::SETUP 0.119603 seconds
<INFO 791c0e0dd2c0> CORE::TIME::STATE_ITER 0.026997 seconds
<INFO 791c0e0dd2c0> CORE::TIME::GATHER 1.161 seconds
<INFO 791c0e0dd2c0> CORE::TIME::SCATTER 7.57711 seconds
<INFO 791c0e0dd2c0> TIME_IN_PC_FN 0.099665 seconds
<INFO 791c0e0dd2c0> CORE::TIME::WALL 9.02729 seconds
<INFO 791c0e0dd2c0> SHUTDOWN
